[0.086s] Invoking command in '/home/vboxuser/ros2_ws/build/kr_msgs': CMAKE_PREFIX_PATH=${CMAKE_PREFIX_PATH}:/home/vboxuser/ros2_ws/install/vision:/home/vboxuser/ros2_ws/install/robot_control:/home/vboxuser/ros2_ws/install/kr_example_python:/home/vboxuser/ros2_ws/install/bt_pkg:/opt/ros/foxy /usr/bin/cmake --build /home/vboxuser/ros2_ws/build/kr_msgs -- -j8 -l8
[0.764s] -- Found ament_cmake: 0.9.12 (/opt/ros/foxy/share/ament_cmake/cmake)
[0.767s] -- Found PythonInterp: /usr/bin/python3 (found suitable version "3.8.10", minimum required is "3") 
[0.768s] -- Using PYTHON_EXECUTABLE: /usr/bin/python3
[0.769s] -- Override CMake install command with custom implementation using symlinks instead of copying resources
[0.770s] -- Found builtin_interfaces: 1.0.0 (/opt/ros/foxy/share/builtin_interfaces/cmake)
[0.773s] -- Using all available rosidl_typesupport_c: rosidl_typesupport_fastrtps_c;rosidl_typesupport_introspection_c
[0.774s] -- Found rosidl_adapter: 1.3.1 (/opt/ros/foxy/share/rosidl_adapter/cmake)
[0.774s] -- Using all available rosidl_typesupport_cpp: rosidl_typesupport_fastrtps_cpp;rosidl_typesupport_introspection_cpp
[0.775s] -- Found rosidl_default_generators: 1.0.1 (/opt/ros/foxy/share/rosidl_default_generators/cmake)
[0.775s] -- Found unique_identifier_msgs: 2.1.3 (/opt/ros/foxy/share/unique_identifier_msgs/cmake)
[0.775s] -- Found std_msgs: 2.0.5 (/opt/ros/foxy/share/std_msgs/cmake)
[0.775s] -- Found ament_lint_auto: 0.9.8 (/opt/ros/foxy/share/ament_lint_auto/cmake)
[0.900s] -- Found PythonInterp: /usr/bin/python3 (found version "3.8.10") 
[1.357s] -- Found ament_cmake_ros: 0.9.2 (/opt/ros/foxy/share/ament_cmake_ros/cmake)
[1.644s] -- Using all available rosidl_typesupport_c: rosidl_typesupport_fastrtps_c;rosidl_typesupport_introspection_c
[1.750s] -- Using all available rosidl_typesupport_cpp: rosidl_typesupport_fastrtps_cpp;rosidl_typesupport_introspection_cpp
[1.789s] -- Found PythonInterp: /usr/bin/python3 (found suitable version "3.8.10", minimum required is "3.5") 
[1.790s] -- Found python_cmake_module: 0.8.1 (/opt/ros/foxy/share/python_cmake_module/cmake)
[1.829s] -- Using PYTHON_EXECUTABLE: /usr/bin/python3
[1.830s] -- Using PYTHON_INCLUDE_DIRS: /usr/include/python3.8
[1.830s] -- Using PYTHON_LIBRARIES: /usr/lib/x86_64-linux-gnu/libpython3.8.so
[1.971s] -- Added test 'copyright' to check source files copyright and LICENSE
[1.982s] -- Added test 'lint_cmake' to check CMake code style
[1.988s] -- Added test 'xmllint' to check XML markup files
[2.017s] -- Configuring done
[2.279s] -- Generating done
[2.287s] -- Build files have been written to: /home/vboxuser/ros2_ws/build/kr_msgs
[2.331s] [35m[1mScanning dependencies of target kr_msgs__cpp[0m
[2.333s] [  0%] [34m[1mGenerating C code for ROS interfaces[0m
[2.354s] [  0%] [34m[1mGenerating C++ code for ROS interfaces[0m
[8.179s] [  0%] Built target kr_msgs__cpp
[8.198s] [  0%] [34m[1mGenerating C++ type support dispatch for ROS interfaces[0m
[8.201s] [  0%] [34m[1mGenerating C++ introspection for ROS interfaces[0m
[8.216s] [  0%] [34m[1mGenerating C++ type support for eProsima Fast-RTPS[0m
[8.711s] [35m[1mScanning dependencies of target kr_msgs__rosidl_generator_c[0m
[8.760s] [  0%] [32mBuilding C object CMakeFiles/kr_msgs__rosidl_generator_c.dir/rosidl_generator_c/kr_msgs/msg/detail/follow_joint__functions.c.o[0m
[8.762s] [  1%] [32mBuilding C object CMakeFiles/kr_msgs__rosidl_generator_c.dir/rosidl_generator_c/kr_msgs/msg/detail/follow_linear__functions.c.o[0m
[8.768s] [  1%] [32mBuilding C object CMakeFiles/kr_msgs__rosidl_generator_c.dir/rosidl_generator_c/kr_msgs/msg/detail/geometry_plane__functions.c.o[0m
[8.772s] [  1%] [32mBuilding C object CMakeFiles/kr_msgs__rosidl_generator_c.dir/rosidl_generator_c/kr_msgs/msg/detail/jog_joint__functions.c.o[0m
[8.775s] [  1%] [32mBuilding C object CMakeFiles/kr_msgs__rosidl_generator_c.dir/rosidl_generator_c/kr_msgs/msg/detail/jog_linear__functions.c.o[0m
[9.065s] [  2%] [32mBuilding C object CMakeFiles/kr_msgs__rosidl_generator_c.dir/rosidl_generator_c/kr_msgs/msg/detail/motion_heartbeat__functions.c.o[0m
[9.066s] [  2%] [32mBuilding C object CMakeFiles/kr_msgs__rosidl_generator_c.dir/rosidl_generator_c/kr_msgs/msg/detail/program_interact__functions.c.o[0m
[9.068s] [  2%] [32mBuilding C object CMakeFiles/kr_msgs__rosidl_generator_c.dir/rosidl_generator_c/kr_msgs/msg/detail/number__functions.c.o[0m
[9.071s] [  2%] [32mBuilding C object CMakeFiles/kr_msgs__rosidl_generator_c.dir/rosidl_generator_c/kr_msgs/msg/detail/robot_mode__functions.c.o[0m
[9.078s] [  2%] [32mBuilding C object CMakeFiles/kr_msgs__rosidl_generator_c.dir/rosidl_generator_c/kr_msgs/msg/detail/quadrature__functions.c.o[0m
[9.146s] [  3%] [32mBuilding C object CMakeFiles/kr_msgs__rosidl_generator_c.dir/rosidl_generator_c/kr_msgs/msg/detail/robot_pose__functions.c.o[0m
[9.148s] [  3%] [32mBuilding C object CMakeFiles/kr_msgs__rosidl_generator_c.dir/rosidl_generator_c/kr_msgs/msg/detail/robot_state__functions.c.o[0m
[9.148s] [  3%] [32mBuilding C object CMakeFiles/kr_msgs__rosidl_generator_c.dir/rosidl_generator_c/kr_msgs/msg/detail/safety_mode__functions.c.o[0m
[9.150s] [  3%] [32mBuilding C object CMakeFiles/kr_msgs__rosidl_generator_c.dir/rosidl_generator_c/kr_msgs/msg/detail/safety_event__functions.c.o[0m
[9.156s] [  3%] [32mBuilding C object CMakeFiles/kr_msgs__rosidl_generator_c.dir/rosidl_generator_c/kr_msgs/msg/detail/safety_zone__functions.c.o[0m
[9.207s] [  4%] [32mBuilding C object CMakeFiles/kr_msgs__rosidl_generator_c.dir/rosidl_generator_c/kr_msgs/msg/detail/self_motion__functions.c.o[0m
[9.207s] [  4%] [32mBuilding C object CMakeFiles/kr_msgs__rosidl_generator_c.dir/rosidl_generator_c/kr_msgs/msg/detail/system_state__functions.c.o[0m
[9.219s] [  4%] [32mBuilding C object CMakeFiles/kr_msgs__rosidl_generator_c.dir/rosidl_generator_c/kr_msgs/srv/detail/config_discrete_output__functions.c.o[0m
[9.220s] [  4%] [32mBuilding C object CMakeFiles/kr_msgs__rosidl_generator_c.dir/rosidl_generator_c/kr_msgs/srv/detail/config_analog_output__functions.c.o[0m
[9.256s] [  5%] [32mBuilding C object CMakeFiles/kr_msgs__rosidl_generator_c.dir/rosidl_generator_c/kr_msgs/srv/detail/config_quadrature_input__functions.c.o[0m
[9.278s] [  5%] [32mBuilding C object CMakeFiles/kr_msgs__rosidl_generator_c.dir/rosidl_generator_c/kr_msgs/srv/detail/get_analog_input__functions.c.o[0m
[9.289s] [  5%] [32mBuilding C object CMakeFiles/kr_msgs__rosidl_generator_c.dir/rosidl_generator_c/kr_msgs/srv/detail/get_discrete_input__functions.c.o[0m
[9.320s] [  5%] [32mBuilding C object CMakeFiles/kr_msgs__rosidl_generator_c.dir/rosidl_generator_c/kr_msgs/srv/detail/get_quadrature_input__functions.c.o[0m
[9.331s] [  5%] [32mBuilding C object CMakeFiles/kr_msgs__rosidl_generator_c.dir/rosidl_generator_c/kr_msgs/srv/detail/set_analog_output__functions.c.o[0m
[9.345s] [  6%] [32mBuilding C object CMakeFiles/kr_msgs__rosidl_generator_c.dir/rosidl_generator_c/kr_msgs/srv/detail/set_discrete_output__functions.c.o[0m
[9.363s] [  6%] [32mBuilding C object CMakeFiles/kr_msgs__rosidl_generator_c.dir/rosidl_generator_c/kr_msgs/srv/detail/move_joint__functions.c.o[0m
[9.366s] [  6%] [32mBuilding C object CMakeFiles/kr_msgs__rosidl_generator_c.dir/rosidl_generator_c/kr_msgs/srv/detail/move_linear__functions.c.o[0m
[9.409s] [  6%] [32mBuilding C object CMakeFiles/kr_msgs__rosidl_generator_c.dir/rosidl_generator_c/kr_msgs/srv/detail/move_spline__functions.c.o[0m
[9.437s] [  7%] [32mBuilding C object CMakeFiles/kr_msgs__rosidl_generator_c.dir/rosidl_generator_c/kr_msgs/srv/detail/pause_motion__functions.c.o[0m
[9.447s] [  7%] [32mBuilding C object CMakeFiles/kr_msgs__rosidl_generator_c.dir/rosidl_generator_c/kr_msgs/srv/detail/select_jogging_frame__functions.c.o[0m
[9.448s] [  7%] [32mBuilding C object CMakeFiles/kr_msgs__rosidl_generator_c.dir/rosidl_generator_c/kr_msgs/srv/detail/resume_motion__functions.c.o[0m
[9.471s] [  7%] [32mBuilding C object CMakeFiles/kr_msgs__rosidl_generator_c.dir/rosidl_generator_c/kr_msgs/srv/detail/set_custom_frame__functions.c.o[0m
[9.483s] [  7%] [32mBuilding C object CMakeFiles/kr_msgs__rosidl_generator_c.dir/rosidl_generator_c/kr_msgs/srv/detail/set_interactivity__functions.c.o[0m
[9.514s] [  8%] [32mBuilding C object CMakeFiles/kr_msgs__rosidl_generator_c.dir/rosidl_generator_c/kr_msgs/srv/detail/terminate_motion__functions.c.o[0m
[9.514s] [  8%] [32mBuilding C object CMakeFiles/kr_msgs__rosidl_generator_c.dir/rosidl_generator_c/kr_msgs/srv/detail/move_tcp_along_axis__functions.c.o[0m
[9.535s] [  8%] [32mBuilding C object CMakeFiles/kr_msgs__rosidl_generator_c.dir/rosidl_generator_c/kr_msgs/srv/detail/get_program_state__functions.c.o[0m
[9.543s] [  8%] [32mBuilding C object CMakeFiles/kr_msgs__rosidl_generator_c.dir/rosidl_generator_c/kr_msgs/srv/detail/pause_program__functions.c.o[0m
[9.564s] [  8%] [32mBuilding C object CMakeFiles/kr_msgs__rosidl_generator_c.dir/rosidl_generator_c/kr_msgs/srv/detail/program_recovery__functions.c.o[0m
[9.582s] [  9%] [32mBuilding C object CMakeFiles/kr_msgs__rosidl_generator_c.dir/rosidl_generator_c/kr_msgs/srv/detail/resume_program__functions.c.o[0m
[9.599s] [  9%] [32mBuilding C object CMakeFiles/kr_msgs__rosidl_generator_c.dir/rosidl_generator_c/kr_msgs/srv/detail/step_program__functions.c.o[0m
[9.621s] [  9%] [32mBuilding C object CMakeFiles/kr_msgs__rosidl_generator_c.dir/rosidl_generator_c/kr_msgs/srv/detail/stop_program__functions.c.o[0m
[9.627s] [  9%] [32mBuilding C object CMakeFiles/kr_msgs__rosidl_generator_c.dir/rosidl_generator_c/kr_msgs/srv/detail/get_robot_pose__functions.c.o[0m
[9.635s] [ 10%] [32mBuilding C object CMakeFiles/kr_msgs__rosidl_generator_c.dir/rosidl_generator_c/kr_msgs/srv/detail/get_system_frame__functions.c.o[0m
[9.667s] [ 10%] [32mBuilding C object CMakeFiles/kr_msgs__rosidl_generator_c.dir/rosidl_generator_c/kr_msgs/srv/detail/set_system_frame__functions.c.o[0m
[9.669s] [ 10%] [32mBuilding C object CMakeFiles/kr_msgs__rosidl_generator_c.dir/rosidl_generator_c/kr_msgs/srv/detail/get_system_load__functions.c.o[0m
[9.685s] [ 10%] [32mBuilding C object CMakeFiles/kr_msgs__rosidl_generator_c.dir/rosidl_generator_c/kr_msgs/srv/detail/set_system_load__functions.c.o[0m
[9.701s] [ 10%] [32mBuilding C object CMakeFiles/kr_msgs__rosidl_generator_c.dir/rosidl_generator_c/kr_msgs/srv/detail/get_master_speed__functions.c.o[0m
[9.703s] [ 11%] [32mBuilding C object CMakeFiles/kr_msgs__rosidl_generator_c.dir/rosidl_generator_c/kr_msgs/srv/detail/get_robot_mode__functions.c.o[0m
[9.738s] [ 11%] [32mBuilding C object CMakeFiles/kr_msgs__rosidl_generator_c.dir/rosidl_generator_c/kr_msgs/srv/detail/get_robot_state__functions.c.o[0m
[9.744s] [ 11%] [32mBuilding C object CMakeFiles/kr_msgs__rosidl_generator_c.dir/rosidl_generator_c/kr_msgs/srv/detail/get_safety_mode__functions.c.o[0m
[9.757s] [ 11%] [32mBuilding C object CMakeFiles/kr_msgs__rosidl_generator_c.dir/rosidl_generator_c/kr_msgs/srv/detail/get_safety_zones__functions.c.o[0m
[9.766s] [ 11%] [32mBuilding C object CMakeFiles/kr_msgs__rosidl_generator_c.dir/rosidl_generator_c/kr_msgs/srv/detail/log_alarm__functions.c.o[0m
[9.791s] [ 12%] [32mBuilding C object CMakeFiles/kr_msgs__rosidl_generator_c.dir/rosidl_generator_c/kr_msgs/srv/detail/suspend_robot__functions.c.o[0m
[9.808s] [ 12%] [32mBuilding C object CMakeFiles/kr_msgs__rosidl_generator_c.dir/rosidl_generator_c/kr_msgs/srv/detail/unlock_robot__functions.c.o[0m
[9.822s] [ 12%] [32mBuilding C object CMakeFiles/kr_msgs__rosidl_generator_c.dir/rosidl_generator_c/kr_msgs/srv/detail/unsuspend_robot__functions.c.o[0m
[9.890s] [ 12%] [32m[1mLinking C shared library libkr_msgs__rosidl_generator_c.so[0m
[10.037s] [ 12%] Built target kr_msgs__rosidl_generator_c
[10.060s] [ 13%] [34m[1mGenerating C type support dispatch for ROS interfaces[0m
[10.061s] [ 14%] [34m[1mGenerating C introspection for ROS interfaces[0m
[12.267s] [35m[1mScanning dependencies of target kr_msgs__rosidl_typesupport_cpp[0m
[12.328s] [ 15%] [32mBuilding CXX object CMakeFiles/kr_msgs__rosidl_typesupport_cpp.dir/rosidl_typesupport_cpp/kr_msgs/msg/follow_joint__type_support.cpp.o[0m
[12.329s] [ 15%] [32mBuilding CXX object CMakeFiles/kr_msgs__rosidl_typesupport_cpp.dir/rosidl_typesupport_cpp/kr_msgs/msg/follow_linear__type_support.cpp.o[0m
[12.412s] [ 15%] [32mBuilding CXX object CMakeFiles/kr_msgs__rosidl_typesupport_cpp.dir/rosidl_typesupport_cpp/kr_msgs/msg/geometry_plane__type_support.cpp.o[0m
[12.443s] [ 15%] [32mBuilding CXX object CMakeFiles/kr_msgs__rosidl_typesupport_cpp.dir/rosidl_typesupport_cpp/kr_msgs/msg/jog_joint__type_support.cpp.o[0m
[12.999s] [ 15%] [32mBuilding CXX object CMakeFiles/kr_msgs__rosidl_typesupport_cpp.dir/rosidl_typesupport_cpp/kr_msgs/msg/jog_linear__type_support.cpp.o[0m
[13.000s] [ 15%] [32mBuilding CXX object CMakeFiles/kr_msgs__rosidl_typesupport_cpp.dir/rosidl_typesupport_cpp/kr_msgs/msg/number__type_support.cpp.o[0m
[13.000s] [ 16%] [32mBuilding CXX object CMakeFiles/kr_msgs__rosidl_typesupport_cpp.dir/rosidl_typesupport_cpp/kr_msgs/msg/motion_heartbeat__type_support.cpp.o[0m
[13.116s] [ 16%] [32mBuilding CXX object CMakeFiles/kr_msgs__rosidl_typesupport_cpp.dir/rosidl_typesupport_cpp/kr_msgs/msg/program_interact__type_support.cpp.o[0m
[13.326s] [ 16%] [32mBuilding CXX object CMakeFiles/kr_msgs__rosidl_typesupport_cpp.dir/rosidl_typesupport_cpp/kr_msgs/msg/quadrature__type_support.cpp.o[0m
[13.335s] [ 16%] [32mBuilding CXX object CMakeFiles/kr_msgs__rosidl_typesupport_cpp.dir/rosidl_typesupport_cpp/kr_msgs/msg/robot_mode__type_support.cpp.o[0m
[13.426s] [ 17%] [32mBuilding CXX object CMakeFiles/kr_msgs__rosidl_typesupport_cpp.dir/rosidl_typesupport_cpp/kr_msgs/msg/robot_pose__type_support.cpp.o[0m
[13.439s] [ 17%] [32mBuilding CXX object CMakeFiles/kr_msgs__rosidl_typesupport_cpp.dir/rosidl_typesupport_cpp/kr_msgs/msg/robot_state__type_support.cpp.o[0m
[13.646s] [ 17%] [32mBuilding CXX object CMakeFiles/kr_msgs__rosidl_typesupport_cpp.dir/rosidl_typesupport_cpp/kr_msgs/msg/safety_event__type_support.cpp.o[0m
[13.648s] [ 17%] [32mBuilding CXX object CMakeFiles/kr_msgs__rosidl_typesupport_cpp.dir/rosidl_typesupport_cpp/kr_msgs/msg/safety_mode__type_support.cpp.o[0m
[13.740s] [ 18%] [32mBuilding CXX object CMakeFiles/kr_msgs__rosidl_typesupport_cpp.dir/rosidl_typesupport_cpp/kr_msgs/msg/safety_zone__type_support.cpp.o[0m
[13.747s] [ 18%] [32mBuilding CXX object CMakeFiles/kr_msgs__rosidl_typesupport_cpp.dir/rosidl_typesupport_cpp/kr_msgs/msg/self_motion__type_support.cpp.o[0m
[13.789s] [35m[1mScanning dependencies of target kr_msgs__rosidl_typesupport_introspection_cpp[0m
[13.957s] [ 19%] [32mBuilding CXX object CMakeFiles/kr_msgs__rosidl_typesupport_introspection_cpp.dir/rosidl_typesupport_introspection_cpp/kr_msgs/msg/detail/follow_joint__type_support.cpp.o[0m
[13.966s] [ 19%] [32mBuilding CXX object CMakeFiles/kr_msgs__rosidl_typesupport_cpp.dir/rosidl_typesupport_cpp/kr_msgs/msg/system_state__type_support.cpp.o[0m
[14.066s] [ 19%] [32mBuilding CXX object CMakeFiles/kr_msgs__rosidl_typesupport_cpp.dir/rosidl_typesupport_cpp/kr_msgs/srv/config_analog_output__type_support.cpp.o[0m
[14.084s] [ 19%] [32mBuilding CXX object CMakeFiles/kr_msgs__rosidl_typesupport_cpp.dir/rosidl_typesupport_cpp/kr_msgs/srv/config_discrete_output__type_support.cpp.o[0m
[14.278s] [ 20%] [32mBuilding CXX object CMakeFiles/kr_msgs__rosidl_typesupport_cpp.dir/rosidl_typesupport_cpp/kr_msgs/srv/config_quadrature_input__type_support.cpp.o[0m
[14.286s] [ 20%] [32mBuilding CXX object CMakeFiles/kr_msgs__rosidl_typesupport_introspection_cpp.dir/rosidl_typesupport_introspection_cpp/kr_msgs/msg/detail/follow_linear__type_support.cpp.o[0m
[14.289s] [ 20%] [32mBuilding CXX object CMakeFiles/kr_msgs__rosidl_typesupport_introspection_cpp.dir/rosidl_typesupport_introspection_cpp/kr_msgs/msg/detail/geometry_plane__type_support.cpp.o[0m
[14.305s] [35m[1mScanning dependencies of target kr_msgs__rosidl_typesupport_fastrtps_cpp[0m
[14.407s] [ 20%] [32mBuilding CXX object CMakeFiles/kr_msgs__rosidl_typesupport_cpp.dir/rosidl_typesupport_cpp/kr_msgs/srv/get_analog_input__type_support.cpp.o[0m
[14.448s] [35m[1mScanning dependencies of target kr_msgs__rosidl_typesupport_c[0m
[14.451s] [ 20%] [32mBuilding CXX object CMakeFiles/kr_msgs__rosidl_typesupport_introspection_cpp.dir/rosidl_typesupport_introspection_cpp/kr_msgs/msg/detail/jog_joint__type_support.cpp.o[0m
[14.493s] [ 20%] [32mBuilding CXX object CMakeFiles/kr_msgs__rosidl_typesupport_c.dir/rosidl_typesupport_c/kr_msgs/msg/follow_joint__type_support.cpp.o[0m
[14.508s] [ 21%] [32mBuilding CXX object CMakeFiles/kr_msgs__rosidl_typesupport_fastrtps_cpp.dir/rosidl_typesupport_fastrtps_cpp/kr_msgs/msg/detail/dds_fastrtps/follow_joint__type_support.cpp.o[0m
[14.576s] [ 21%] [32mBuilding CXX object CMakeFiles/kr_msgs__rosidl_typesupport_c.dir/rosidl_typesupport_c/kr_msgs/msg/follow_linear__type_support.cpp.o[0m
[14.608s] [ 21%] [32mBuilding CXX object CMakeFiles/kr_msgs__rosidl_typesupport_cpp.dir/rosidl_typesupport_cpp/kr_msgs/srv/get_discrete_input__type_support.cpp.o[0m
[14.645s] [ 21%] [32mBuilding CXX object CMakeFiles/kr_msgs__rosidl_typesupport_cpp.dir/rosidl_typesupport_cpp/kr_msgs/srv/get_quadrature_input__type_support.cpp.o[0m
[14.652s] [ 21%] [32mBuilding CXX object CMakeFiles/kr_msgs__rosidl_typesupport_introspection_cpp.dir/rosidl_typesupport_introspection_cpp/kr_msgs/msg/detail/jog_linear__type_support.cpp.o[0m
[14.706s] [ 21%] [32mBuilding CXX object CMakeFiles/kr_msgs__rosidl_typesupport_c.dir/rosidl_typesupport_c/kr_msgs/msg/geometry_plane__type_support.cpp.o[0m
[14.854s] [ 21%] [32mBuilding CXX object CMakeFiles/kr_msgs__rosidl_typesupport_c.dir/rosidl_typesupport_c/kr_msgs/msg/jog_joint__type_support.cpp.o[0m
[14.915s] [ 21%] [32mBuilding CXX object CMakeFiles/kr_msgs__rosidl_typesupport_cpp.dir/rosidl_typesupport_cpp/kr_msgs/srv/set_analog_output__type_support.cpp.o[0m
[15.032s] [ 22%] [32mBuilding CXX object CMakeFiles/kr_msgs__rosidl_typesupport_c.dir/rosidl_typesupport_c/kr_msgs/msg/jog_linear__type_support.cpp.o[0m
[15.058s] [ 23%] [32mBuilding CXX object CMakeFiles/kr_msgs__rosidl_typesupport_introspection_cpp.dir/rosidl_typesupport_introspection_cpp/kr_msgs/msg/detail/motion_heartbeat__type_support.cpp.o[0m
[15.139s] [ 24%] [32mBuilding CXX object CMakeFiles/kr_msgs__rosidl_typesupport_cpp.dir/rosidl_typesupport_cpp/kr_msgs/srv/set_discrete_output__type_support.cpp.o[0m
[15.166s] [ 24%] [32mBuilding CXX object CMakeFiles/kr_msgs__rosidl_typesupport_cpp.dir/rosidl_typesupport_cpp/kr_msgs/srv/move_joint__type_support.cpp.o[0m
[15.198s] [ 24%] [32mBuilding CXX object CMakeFiles/kr_msgs__rosidl_typesupport_introspection_cpp.dir/rosidl_typesupport_introspection_cpp/kr_msgs/msg/detail/number__type_support.cpp.o[0m
[15.268s] [ 24%] [32mBuilding CXX object CMakeFiles/kr_msgs__rosidl_typesupport_c.dir/rosidl_typesupport_c/kr_msgs/msg/motion_heartbeat__type_support.cpp.o[0m
[15.293s] [ 24%] [32mBuilding CXX object CMakeFiles/kr_msgs__rosidl_typesupport_fastrtps_cpp.dir/rosidl_typesupport_fastrtps_cpp/kr_msgs/msg/detail/dds_fastrtps/follow_linear__type_support.cpp.o[0m
[15.318s] [ 24%] [32mBuilding CXX object CMakeFiles/kr_msgs__rosidl_typesupport_cpp.dir/rosidl_typesupport_cpp/kr_msgs/srv/move_linear__type_support.cpp.o[0m
[15.329s] [ 24%] [32mBuilding CXX object CMakeFiles/kr_msgs__rosidl_typesupport_c.dir/rosidl_typesupport_c/kr_msgs/msg/number__type_support.cpp.o[0m
[15.374s] [ 24%] [32mBuilding CXX object CMakeFiles/kr_msgs__rosidl_typesupport_c.dir/rosidl_typesupport_c/kr_msgs/msg/program_interact__type_support.cpp.o[0m
[15.385s] [ 24%] [32mBuilding CXX object CMakeFiles/kr_msgs__rosidl_typesupport_introspection_cpp.dir/rosidl_typesupport_introspection_cpp/kr_msgs/msg/detail/program_interact__type_support.cpp.o[0m
[15.411s] [ 24%] [32mBuilding CXX object CMakeFiles/kr_msgs__rosidl_typesupport_c.dir/rosidl_typesupport_c/kr_msgs/msg/quadrature__type_support.cpp.o[0m
[15.451s] [ 24%] [32mBuilding CXX object CMakeFiles/kr_msgs__rosidl_typesupport_cpp.dir/rosidl_typesupport_cpp/kr_msgs/srv/move_spline__type_support.cpp.o[0m
[15.456s] [ 25%] [32mBuilding CXX object CMakeFiles/kr_msgs__rosidl_typesupport_c.dir/rosidl_typesupport_c/kr_msgs/msg/robot_mode__type_support.cpp.o[0m
[15.511s] [ 25%] [32mBuilding CXX object CMakeFiles/kr_msgs__rosidl_typesupport_c.dir/rosidl_typesupport_c/kr_msgs/msg/robot_pose__type_support.cpp.o[0m
[15.515s] [ 26%] [32mBuilding CXX object CMakeFiles/kr_msgs__rosidl_typesupport_cpp.dir/rosidl_typesupport_cpp/kr_msgs/srv/pause_motion__type_support.cpp.o[0m
[15.560s] [ 26%] [32mBuilding CXX object CMakeFiles/kr_msgs__rosidl_typesupport_introspection_cpp.dir/rosidl_typesupport_introspection_cpp/kr_msgs/msg/detail/quadrature__type_support.cpp.o[0m
[15.592s] [ 26%] [32mBuilding CXX object CMakeFiles/kr_msgs__rosidl_typesupport_c.dir/rosidl_typesupport_c/kr_msgs/msg/robot_state__type_support.cpp.o[0m
[15.626s] [ 26%] [32mBuilding CXX object CMakeFiles/kr_msgs__rosidl_typesupport_cpp.dir/rosidl_typesupport_cpp/kr_msgs/srv/resume_motion__type_support.cpp.o[0m
[15.634s] [ 26%] [32mBuilding CXX object CMakeFiles/kr_msgs__rosidl_typesupport_c.dir/rosidl_typesupport_c/kr_msgs/msg/safety_event__type_support.cpp.o[0m
[15.701s] [ 27%] [32mBuilding CXX object CMakeFiles/kr_msgs__rosidl_typesupport_c.dir/rosidl_typesupport_c/kr_msgs/msg/safety_mode__type_support.cpp.o[0m
[15.745s] [ 28%] [32mBuilding CXX object CMakeFiles/kr_msgs__rosidl_typesupport_introspection_cpp.dir/rosidl_typesupport_introspection_cpp/kr_msgs/msg/detail/robot_mode__type_support.cpp.o[0m
[15.787s] [ 28%] [32mBuilding CXX object CMakeFiles/kr_msgs__rosidl_typesupport_fastrtps_cpp.dir/rosidl_typesupport_fastrtps_cpp/kr_msgs/msg/detail/dds_fastrtps/geometry_plane__type_support.cpp.o[0m
[15.790s] [ 28%] [32mBuilding CXX object CMakeFiles/kr_msgs__rosidl_typesupport_c.dir/rosidl_typesupport_c/kr_msgs/msg/safety_zone__type_support.cpp.o[0m
[15.790s] [ 28%] [32mBuilding CXX object CMakeFiles/kr_msgs__rosidl_typesupport_cpp.dir/rosidl_typesupport_cpp/kr_msgs/srv/select_jogging_frame__type_support.cpp.o[0m
[15.844s] [ 28%] [32mBuilding CXX object CMakeFiles/kr_msgs__rosidl_typesupport_c.dir/rosidl_typesupport_c/kr_msgs/msg/self_motion__type_support.cpp.o[0m
[15.894s] [ 28%] [32mBuilding CXX object CMakeFiles/kr_msgs__rosidl_typesupport_cpp.dir/rosidl_typesupport_cpp/kr_msgs/srv/set_custom_frame__type_support.cpp.o[0m
[15.922s] [ 28%] [32mBuilding CXX object CMakeFiles/kr_msgs__rosidl_typesupport_c.dir/rosidl_typesupport_c/kr_msgs/msg/system_state__type_support.cpp.o[0m
[15.923s] [ 28%] [32mBuilding CXX object CMakeFiles/kr_msgs__rosidl_typesupport_introspection_cpp.dir/rosidl_typesupport_introspection_cpp/kr_msgs/msg/detail/robot_pose__type_support.cpp.o[0m
[15.935s] [ 28%] [32mBuilding CXX object CMakeFiles/kr_msgs__rosidl_typesupport_cpp.dir/rosidl_typesupport_cpp/kr_msgs/srv/set_interactivity__type_support.cpp.o[0m
[15.961s] [ 28%] [32mBuilding CXX object CMakeFiles/kr_msgs__rosidl_typesupport_c.dir/rosidl_typesupport_c/kr_msgs/srv/config_analog_output__type_support.cpp.o[0m
[16.001s] [ 29%] [32mBuilding CXX object CMakeFiles/kr_msgs__rosidl_typesupport_c.dir/rosidl_typesupport_c/kr_msgs/srv/config_discrete_output__type_support.cpp.o[0m
[16.057s] [ 29%] [32mBuilding CXX object CMakeFiles/kr_msgs__rosidl_typesupport_c.dir/rosidl_typesupport_c/kr_msgs/srv/config_quadrature_input__type_support.cpp.o[0m
[16.059s] [ 29%] [32mBuilding CXX object CMakeFiles/kr_msgs__rosidl_typesupport_introspection_cpp.dir/rosidl_typesupport_introspection_cpp/kr_msgs/msg/detail/robot_state__type_support.cpp.o[0m
[16.141s] [ 29%] [32mBuilding CXX object CMakeFiles/kr_msgs__rosidl_typesupport_c.dir/rosidl_typesupport_c/kr_msgs/srv/get_analog_input__type_support.cpp.o[0m
[16.162s] [ 30%] [32mBuilding CXX object CMakeFiles/kr_msgs__rosidl_typesupport_cpp.dir/rosidl_typesupport_cpp/kr_msgs/srv/terminate_motion__type_support.cpp.o[0m
[16.190s] [ 30%] [32mBuilding CXX object CMakeFiles/kr_msgs__rosidl_typesupport_c.dir/rosidl_typesupport_c/kr_msgs/srv/get_discrete_input__type_support.cpp.o[0m
[16.234s] [ 31%] [32mBuilding CXX object CMakeFiles/kr_msgs__rosidl_typesupport_c.dir/rosidl_typesupport_c/kr_msgs/srv/get_quadrature_input__type_support.cpp.o[0m
[16.265s] [ 31%] [32mBuilding CXX object CMakeFiles/kr_msgs__rosidl_typesupport_cpp.dir/rosidl_typesupport_cpp/kr_msgs/srv/move_tcp_along_axis__type_support.cpp.o[0m
[16.266s] [ 31%] [32mBuilding CXX object CMakeFiles/kr_msgs__rosidl_typesupport_introspection_cpp.dir/rosidl_typesupport_introspection_cpp/kr_msgs/msg/detail/safety_event__type_support.cpp.o[0m
[16.284s] [ 31%] [32mBuilding CXX object CMakeFiles/kr_msgs__rosidl_typesupport_c.dir/rosidl_typesupport_c/kr_msgs/srv/set_analog_output__type_support.cpp.o[0m
[16.333s] [ 31%] [32mBuilding CXX object CMakeFiles/kr_msgs__rosidl_typesupport_fastrtps_cpp.dir/rosidl_typesupport_fastrtps_cpp/kr_msgs/msg/detail/dds_fastrtps/jog_joint__type_support.cpp.o[0m
[16.335s] [ 31%] [32mBuilding CXX object CMakeFiles/kr_msgs__rosidl_typesupport_c.dir/rosidl_typesupport_c/kr_msgs/srv/set_discrete_output__type_support.cpp.o[0m
[16.379s] [ 31%] [32mBuilding CXX object CMakeFiles/kr_msgs__rosidl_typesupport_c.dir/rosidl_typesupport_c/kr_msgs/srv/move_joint__type_support.cpp.o[0m
[16.380s] [ 31%] [32mBuilding CXX object CMakeFiles/kr_msgs__rosidl_typesupport_cpp.dir/rosidl_typesupport_cpp/kr_msgs/srv/get_program_state__type_support.cpp.o[0m
[16.424s] [ 31%] [32mBuilding CXX object CMakeFiles/kr_msgs__rosidl_typesupport_c.dir/rosidl_typesupport_c/kr_msgs/srv/move_linear__type_support.cpp.o[0m
[16.449s] [ 31%] [32mBuilding CXX object CMakeFiles/kr_msgs__rosidl_typesupport_introspection_cpp.dir/rosidl_typesupport_introspection_cpp/kr_msgs/msg/detail/safety_mode__type_support.cpp.o[0m
[16.481s] [ 31%] [32mBuilding CXX object CMakeFiles/kr_msgs__rosidl_typesupport_cpp.dir/rosidl_typesupport_cpp/kr_msgs/srv/pause_program__type_support.cpp.o[0m
[16.486s] [ 32%] [32mBuilding CXX object CMakeFiles/kr_msgs__rosidl_typesupport_c.dir/rosidl_typesupport_c/kr_msgs/srv/move_spline__type_support.cpp.o[0m
[16.562s] [35m[1mScanning dependencies of target kr_msgs__rosidl_typesupport_introspection_c[0m
[16.599s] [ 33%] [32mBuilding CXX object CMakeFiles/kr_msgs__rosidl_typesupport_cpp.dir/rosidl_typesupport_cpp/kr_msgs/srv/program_recovery__type_support.cpp.o[0m
[16.600s] [ 33%] [32mBuilding CXX object CMakeFiles/kr_msgs__rosidl_typesupport_c.dir/rosidl_typesupport_c/kr_msgs/srv/pause_motion__type_support.cpp.o[0m
[16.632s] [ 34%] [32mBuilding CXX object CMakeFiles/kr_msgs__rosidl_typesupport_introspection_cpp.dir/rosidl_typesupport_introspection_cpp/kr_msgs/msg/detail/safety_zone__type_support.cpp.o[0m
[16.719s] [ 34%] [32mBuilding CXX object CMakeFiles/kr_msgs__rosidl_typesupport_c.dir/rosidl_typesupport_c/kr_msgs/srv/resume_motion__type_support.cpp.o[0m
[16.739s] [ 34%] [32mBuilding C object CMakeFiles/kr_msgs__rosidl_typesupport_introspection_c.dir/rosidl_typesupport_introspection_c/kr_msgs/msg/detail/follow_joint__type_support.c.o[0m
[16.761s] [ 34%] [32mBuilding CXX object CMakeFiles/kr_msgs__rosidl_typesupport_cpp.dir/rosidl_typesupport_cpp/kr_msgs/srv/resume_program__type_support.cpp.o[0m
[16.764s] [ 34%] [32mBuilding CXX object CMakeFiles/kr_msgs__rosidl_typesupport_introspection_cpp.dir/rosidl_typesupport_introspection_cpp/kr_msgs/msg/detail/self_motion__type_support.cpp.o[0m
[16.820s] [ 34%] [32mBuilding C object CMakeFiles/kr_msgs__rosidl_typesupport_introspection_c.dir/rosidl_typesupport_introspection_c/kr_msgs/msg/detail/follow_linear__type_support.c.o[0m
[16.847s] [ 34%] [32mBuilding CXX object CMakeFiles/kr_msgs__rosidl_typesupport_cpp.dir/rosidl_typesupport_cpp/kr_msgs/srv/step_program__type_support.cpp.o[0m
[16.873s] [ 34%] [32mBuilding CXX object CMakeFiles/kr_msgs__rosidl_typesupport_fastrtps_cpp.dir/rosidl_typesupport_fastrtps_cpp/kr_msgs/msg/detail/dds_fastrtps/jog_linear__type_support.cpp.o[0m
[16.881s] [ 34%] [32mBuilding CXX object CMakeFiles/kr_msgs__rosidl_typesupport_c.dir/rosidl_typesupport_c/kr_msgs/srv/select_jogging_frame__type_support.cpp.o[0m
[16.938s] [ 34%] [32mBuilding C object CMakeFiles/kr_msgs__rosidl_typesupport_introspection_c.dir/rosidl_typesupport_introspection_c/kr_msgs/msg/detail/geometry_plane__type_support.c.o[0m
[16.952s] [ 34%] [32mBuilding CXX object CMakeFiles/kr_msgs__rosidl_typesupport_c.dir/rosidl_typesupport_c/kr_msgs/srv/set_custom_frame__type_support.cpp.o[0m
[17.014s] [ 34%] [32mBuilding CXX object CMakeFiles/kr_msgs__rosidl_typesupport_cpp.dir/rosidl_typesupport_cpp/kr_msgs/srv/stop_program__type_support.cpp.o[0m
[17.016s] [ 35%] [32mBuilding C object CMakeFiles/kr_msgs__rosidl_typesupport_introspection_c.dir/rosidl_typesupport_introspection_c/kr_msgs/msg/detail/jog_joint__type_support.c.o[0m
[17.024s] [ 36%] [32mBuilding CXX object CMakeFiles/kr_msgs__rosidl_typesupport_c.dir/rosidl_typesupport_c/kr_msgs/srv/set_interactivity__type_support.cpp.o[0m
[17.063s] [ 36%] [32mBuilding CXX object CMakeFiles/kr_msgs__rosidl_typesupport_introspection_cpp.dir/rosidl_typesupport_introspection_cpp/kr_msgs/msg/detail/system_state__type_support.cpp.o[0m
[17.077s] [ 36%] [32mBuilding C object CMakeFiles/kr_msgs__rosidl_typesupport_introspection_c.dir/rosidl_typesupport_introspection_c/kr_msgs/msg/detail/jog_linear__type_support.c.o[0m
[17.087s] [ 36%] [32mBuilding CXX object CMakeFiles/kr_msgs__rosidl_typesupport_c.dir/rosidl_typesupport_c/kr_msgs/srv/terminate_motion__type_support.cpp.o[0m
[17.119s] [ 36%] [32mBuilding CXX object CMakeFiles/kr_msgs__rosidl_typesupport_introspection_cpp.dir/rosidl_typesupport_introspection_cpp/kr_msgs/srv/detail/config_analog_output__type_support.cpp.o[0m
[17.147s] [ 36%] [32mBuilding C object CMakeFiles/kr_msgs__rosidl_typesupport_introspection_c.dir/rosidl_typesupport_introspection_c/kr_msgs/msg/detail/motion_heartbeat__type_support.c.o[0m
[17.148s] [ 36%] [32mBuilding CXX object CMakeFiles/kr_msgs__rosidl_typesupport_c.dir/rosidl_typesupport_c/kr_msgs/srv/move_tcp_along_axis__type_support.cpp.o[0m
[17.159s] [ 36%] [32mBuilding CXX object CMakeFiles/kr_msgs__rosidl_typesupport_c.dir/rosidl_typesupport_c/kr_msgs/srv/get_program_state__type_support.cpp.o[0m
[17.173s] [ 37%] [32mBuilding CXX object CMakeFiles/kr_msgs__rosidl_typesupport_c.dir/rosidl_typesupport_c/kr_msgs/srv/pause_program__type_support.cpp.o[0m
[17.190s] [ 37%] [32mBuilding C object CMakeFiles/kr_msgs__rosidl_typesupport_introspection_c.dir/rosidl_typesupport_introspection_c/kr_msgs/msg/detail/number__type_support.c.o[0m
[17.198s] [ 37%] [32mBuilding CXX object CMakeFiles/kr_msgs__rosidl_typesupport_c.dir/rosidl_typesupport_c/kr_msgs/srv/program_recovery__type_support.cpp.o[0m
[17.200s] [ 37%] [32mBuilding C object CMakeFiles/kr_msgs__rosidl_typesupport_introspection_c.dir/rosidl_typesupport_introspection_c/kr_msgs/msg/detail/program_interact__type_support.c.o[0m
[17.214s] [ 37%] [32mBuilding CXX object CMakeFiles/kr_msgs__rosidl_typesupport_c.dir/rosidl_typesupport_c/kr_msgs/srv/resume_program__type_support.cpp.o[0m
[17.233s] [ 38%] [32mBuilding C object CMakeFiles/kr_msgs__rosidl_typesupport_introspection_c.dir/rosidl_typesupport_introspection_c/kr_msgs/msg/detail/quadrature__type_support.c.o[0m
[17.242s] [ 38%] [32mBuilding CXX object CMakeFiles/kr_msgs__rosidl_typesupport_c.dir/rosidl_typesupport_c/kr_msgs/srv/step_program__type_support.cpp.o[0m
[17.251s] [ 38%] [32mBuilding C object CMakeFiles/kr_msgs__rosidl_typesupport_introspection_c.dir/rosidl_typesupport_introspection_c/kr_msgs/msg/detail/robot_mode__type_support.c.o[0m
[17.255s] [ 38%] [32mBuilding CXX object CMakeFiles/kr_msgs__rosidl_typesupport_c.dir/rosidl_typesupport_c/kr_msgs/srv/stop_program__type_support.cpp.o[0m
[17.278s] [ 38%] [32mBuilding C object CMakeFiles/kr_msgs__rosidl_typesupport_introspection_c.dir/rosidl_typesupport_introspection_c/kr_msgs/msg/detail/robot_pose__type_support.c.o[0m
[17.295s] [ 39%] [32mBuilding CXX object CMakeFiles/kr_msgs__rosidl_typesupport_c.dir/rosidl_typesupport_c/kr_msgs/srv/get_robot_pose__type_support.cpp.o[0m
[17.297s] [ 39%] [32mBuilding CXX object CMakeFiles/kr_msgs__rosidl_typesupport_cpp.dir/rosidl_typesupport_cpp/kr_msgs/srv/get_robot_pose__type_support.cpp.o[0m
[17.302s] [ 39%] [32mBuilding C object CMakeFiles/kr_msgs__rosidl_typesupport_introspection_c.dir/rosidl_typesupport_introspection_c/kr_msgs/msg/detail/robot_state__type_support.c.o[0m
[17.320s] [ 40%] [32mBuilding CXX object CMakeFiles/kr_msgs__rosidl_typesupport_cpp.dir/rosidl_typesupport_cpp/kr_msgs/srv/get_system_frame__type_support.cpp.o[0m
[17.325s] [ 40%] [32mBuilding C object CMakeFiles/kr_msgs__rosidl_typesupport_introspection_c.dir/rosidl_typesupport_introspection_c/kr_msgs/msg/detail/safety_event__type_support.c.o[0m
[17.335s] [ 40%] [32mBuilding CXX object CMakeFiles/kr_msgs__rosidl_typesupport_c.dir/rosidl_typesupport_c/kr_msgs/srv/get_system_frame__type_support.cpp.o[0m
[17.345s] [ 41%] [32mBuilding C object CMakeFiles/kr_msgs__rosidl_typesupport_introspection_c.dir/rosidl_typesupport_introspection_c/kr_msgs/msg/detail/safety_mode__type_support.c.o[0m
[17.352s] [ 42%] [32mBuilding CXX object CMakeFiles/kr_msgs__rosidl_typesupport_fastrtps_cpp.dir/rosidl_typesupport_fastrtps_cpp/kr_msgs/msg/detail/dds_fastrtps/motion_heartbeat__type_support.cpp.o[0m
[17.365s] [ 42%] [32mBuilding C object CMakeFiles/kr_msgs__rosidl_typesupport_introspection_c.dir/rosidl_typesupport_introspection_c/kr_msgs/msg/detail/safety_zone__type_support.c.o[0m
[17.374s] [ 42%] [32mBuilding CXX object CMakeFiles/kr_msgs__rosidl_typesupport_c.dir/rosidl_typesupport_c/kr_msgs/srv/get_system_load__type_support.cpp.o[0m
[17.398s] [ 42%] [32mBuilding C object CMakeFiles/kr_msgs__rosidl_typesupport_introspection_c.dir/rosidl_typesupport_introspection_c/kr_msgs/msg/detail/self_motion__type_support.c.o[0m
[17.450s] [ 42%] [32mBuilding C object CMakeFiles/kr_msgs__rosidl_typesupport_introspection_c.dir/rosidl_typesupport_introspection_c/kr_msgs/msg/detail/system_state__type_support.c.o[0m
[17.450s] [ 43%] [32mBuilding CXX object CMakeFiles/kr_msgs__rosidl_typesupport_introspection_cpp.dir/rosidl_typesupport_introspection_cpp/kr_msgs/srv/detail/config_discrete_output__type_support.cpp.o[0m
[17.456s] [ 43%] [32mBuilding CXX object CMakeFiles/kr_msgs__rosidl_typesupport_c.dir/rosidl_typesupport_c/kr_msgs/srv/set_system_frame__type_support.cpp.o[0m
[17.473s] [ 44%] [32mBuilding C object CMakeFiles/kr_msgs__rosidl_typesupport_introspection_c.dir/rosidl_typesupport_introspection_c/kr_msgs/srv/detail/config_analog_output__type_support.c.o[0m
[17.501s] [ 44%] [32mBuilding CXX object CMakeFiles/kr_msgs__rosidl_typesupport_c.dir/rosidl_typesupport_c/kr_msgs/srv/set_system_load__type_support.cpp.o[0m
[17.510s] [ 45%] [32mBuilding CXX object CMakeFiles/kr_msgs__rosidl_typesupport_c.dir/rosidl_typesupport_c/kr_msgs/srv/get_master_speed__type_support.cpp.o[0m
[17.539s] [ 45%] [32mBuilding CXX object CMakeFiles/kr_msgs__rosidl_typesupport_introspection_cpp.dir/rosidl_typesupport_introspection_cpp/kr_msgs/srv/detail/config_quadrature_input__type_support.cpp.o[0m
[17.564s] [ 45%] [32mBuilding CXX object CMakeFiles/kr_msgs__rosidl_typesupport_c.dir/rosidl_typesupport_c/kr_msgs/srv/get_robot_mode__type_support.cpp.o[0m
[17.564s] [ 45%] [32mBuilding C object CMakeFiles/kr_msgs__rosidl_typesupport_introspection_c.dir/rosidl_typesupport_introspection_c/kr_msgs/srv/detail/config_discrete_output__type_support.c.o[0m
[17.581s] [ 45%] [32mBuilding C object CMakeFiles/kr_msgs__rosidl_typesupport_introspection_c.dir/rosidl_typesupport_introspection_c/kr_msgs/srv/detail/config_quadrature_input__type_support.c.o[0m
[17.616s] [ 45%] [32mBuilding CXX object CMakeFiles/kr_msgs__rosidl_typesupport_c.dir/rosidl_typesupport_c/kr_msgs/srv/get_robot_state__type_support.cpp.o[0m
[17.637s] [ 45%] [32mBuilding C object CMakeFiles/kr_msgs__rosidl_typesupport_introspection_c.dir/rosidl_typesupport_introspection_c/kr_msgs/srv/detail/get_analog_input__type_support.c.o[0m
[17.679s] [ 45%] [32mBuilding C object CMakeFiles/kr_msgs__rosidl_typesupport_introspection_c.dir/rosidl_typesupport_introspection_c/kr_msgs/srv/detail/get_discrete_input__type_support.c.o[0m
[17.683s] [ 45%] [32mBuilding CXX object CMakeFiles/kr_msgs__rosidl_typesupport_cpp.dir/rosidl_typesupport_cpp/kr_msgs/srv/get_system_load__type_support.cpp.o[0m
[17.685s] [ 45%] [32mBuilding CXX object CMakeFiles/kr_msgs__rosidl_typesupport_c.dir/rosidl_typesupport_c/kr_msgs/srv/get_safety_mode__type_support.cpp.o[0m
[17.735s] [ 45%] [32mBuilding CXX object CMakeFiles/kr_msgs__rosidl_typesupport_cpp.dir/rosidl_typesupport_cpp/kr_msgs/srv/set_system_frame__type_support.cpp.o[0m
[17.748s] [ 46%] [32mBuilding C object CMakeFiles/kr_msgs__rosidl_typesupport_introspection_c.dir/rosidl_typesupport_introspection_c/kr_msgs/srv/detail/get_quadrature_input__type_support.c.o[0m
[17.757s] [ 46%] [32mBuilding C object CMakeFiles/kr_msgs__rosidl_typesupport_introspection_c.dir/rosidl_typesupport_introspection_c/kr_msgs/srv/detail/set_analog_output__type_support.c.o[0m
[17.770s] [ 47%] [32mBuilding CXX object CMakeFiles/kr_msgs__rosidl_typesupport_c.dir/rosidl_typesupport_c/kr_msgs/srv/get_safety_zones__type_support.cpp.o[0m
[17.815s] [ 47%] [32mBuilding C object CMakeFiles/kr_msgs__rosidl_typesupport_introspection_c.dir/rosidl_typesupport_introspection_c/kr_msgs/srv/detail/move_joint__type_support.c.o[0m
[17.830s] [ 47%] [32mBuilding C object CMakeFiles/kr_msgs__rosidl_typesupport_introspection_c.dir/rosidl_typesupport_introspection_c/kr_msgs/srv/detail/set_discrete_output__type_support.c.o[0m
[17.843s] [ 47%] [32mBuilding CXX object CMakeFiles/kr_msgs__rosidl_typesupport_introspection_cpp.dir/rosidl_typesupport_introspection_cpp/kr_msgs/srv/detail/get_analog_input__type_support.cpp.o[0m
[17.853s] [ 47%] [32mBuilding CXX object CMakeFiles/kr_msgs__rosidl_typesupport_c.dir/rosidl_typesupport_c/kr_msgs/srv/log_alarm__type_support.cpp.o[0m
[17.883s] [ 47%] [32mBuilding CXX object CMakeFiles/kr_msgs__rosidl_typesupport_fastrtps_cpp.dir/rosidl_typesupport_fastrtps_cpp/kr_msgs/msg/detail/dds_fastrtps/number__type_support.cpp.o[0m
[17.893s] [ 47%] [32mBuilding CXX object CMakeFiles/kr_msgs__rosidl_typesupport_c.dir/rosidl_typesupport_c/kr_msgs/srv/suspend_robot__type_support.cpp.o[0m
[17.894s] [ 47%] [32mBuilding C object CMakeFiles/kr_msgs__rosidl_typesupport_introspection_c.dir/rosidl_typesupport_introspection_c/kr_msgs/srv/detail/move_linear__type_support.c.o[0m
[17.906s] [ 48%] [32mBuilding C object CMakeFiles/kr_msgs__rosidl_typesupport_introspection_c.dir/rosidl_typesupport_introspection_c/kr_msgs/srv/detail/move_spline__type_support.c.o[0m
[17.942s] [ 48%] [32mBuilding CXX object CMakeFiles/kr_msgs__rosidl_typesupport_c.dir/rosidl_typesupport_c/kr_msgs/srv/unlock_robot__type_support.cpp.o[0m
[17.955s] [ 48%] [32mBuilding CXX object CMakeFiles/kr_msgs__rosidl_typesupport_c.dir/rosidl_typesupport_c/kr_msgs/srv/unsuspend_robot__type_support.cpp.o[0m
[17.967s] [ 48%] [32mBuilding C object CMakeFiles/kr_msgs__rosidl_typesupport_introspection_c.dir/rosidl_typesupport_introspection_c/kr_msgs/srv/detail/pause_motion__type_support.c.o[0m
[18.003s] [ 48%] [32mBuilding C object CMakeFiles/kr_msgs__rosidl_typesupport_introspection_c.dir/rosidl_typesupport_introspection_c/kr_msgs/srv/detail/resume_motion__type_support.c.o[0m
[18.005s] [ 48%] [32mBuilding CXX object CMakeFiles/kr_msgs__rosidl_typesupport_fastrtps_cpp.dir/rosidl_typesupport_fastrtps_cpp/kr_msgs/msg/detail/dds_fastrtps/program_interact__type_support.cpp.o[0m
[18.037s] [ 49%] [32m[1mLinking CXX shared library libkr_msgs__rosidl_typesupport_c.so[0m
[18.050s] [ 49%] [32mBuilding CXX object CMakeFiles/kr_msgs__rosidl_typesupport_cpp.dir/rosidl_typesupport_cpp/kr_msgs/srv/set_system_load__type_support.cpp.o[0m
[18.055s] [ 49%] [32mBuilding C object CMakeFiles/kr_msgs__rosidl_typesupport_introspection_c.dir/rosidl_typesupport_introspection_c/kr_msgs/srv/detail/select_jogging_frame__type_support.c.o[0m
[18.109s] [ 50%] [32mBuilding C object CMakeFiles/kr_msgs__rosidl_typesupport_introspection_c.dir/rosidl_typesupport_introspection_c/kr_msgs/srv/detail/set_custom_frame__type_support.c.o[0m
[18.115s] [ 50%] [32mBuilding CXX object CMakeFiles/kr_msgs__rosidl_typesupport_cpp.dir/rosidl_typesupport_cpp/kr_msgs/srv/get_master_speed__type_support.cpp.o[0m
[18.128s] [ 50%] [32mBuilding C object CMakeFiles/kr_msgs__rosidl_typesupport_introspection_c.dir/rosidl_typesupport_introspection_c/kr_msgs/srv/detail/set_interactivity__type_support.c.o[0m
[18.207s] [ 50%] [32mBuilding C object CMakeFiles/kr_msgs__rosidl_typesupport_introspection_c.dir/rosidl_typesupport_introspection_c/kr_msgs/srv/detail/terminate_motion__type_support.c.o[0m
[18.227s] [ 50%] Built target kr_msgs__rosidl_typesupport_c
[18.250s] [ 50%] [32mBuilding C object CMakeFiles/kr_msgs__rosidl_typesupport_introspection_c.dir/rosidl_typesupport_introspection_c/kr_msgs/srv/detail/move_tcp_along_axis__type_support.c.o[0m
[18.260s] [ 50%] [32mBuilding C object CMakeFiles/kr_msgs__rosidl_typesupport_introspection_c.dir/rosidl_typesupport_introspection_c/kr_msgs/srv/detail/get_program_state__type_support.c.o[0m
[18.272s] [ 51%] [32mBuilding C object CMakeFiles/kr_msgs__rosidl_typesupport_introspection_c.dir/rosidl_typesupport_introspection_c/kr_msgs/srv/detail/pause_program__type_support.c.o[0m
[18.299s] [ 51%] [32mBuilding CXX object CMakeFiles/kr_msgs__rosidl_typesupport_introspection_cpp.dir/rosidl_typesupport_introspection_cpp/kr_msgs/srv/detail/get_discrete_input__type_support.cpp.o[0m
[18.321s] [ 51%] [32mBuilding C object CMakeFiles/kr_msgs__rosidl_typesupport_introspection_c.dir/rosidl_typesupport_introspection_c/kr_msgs/srv/detail/program_recovery__type_support.c.o[0m
[18.323s] [ 51%] [32mBuilding C object CMakeFiles/kr_msgs__rosidl_typesupport_introspection_c.dir/rosidl_typesupport_introspection_c/kr_msgs/srv/detail/resume_program__type_support.c.o[0m
[18.338s] [ 51%] [32mBuilding C object CMakeFiles/kr_msgs__rosidl_typesupport_introspection_c.dir/rosidl_typesupport_introspection_c/kr_msgs/srv/detail/step_program__type_support.c.o[0m
[18.397s] [ 52%] [32mBuilding C object CMakeFiles/kr_msgs__rosidl_typesupport_introspection_c.dir/rosidl_typesupport_introspection_c/kr_msgs/srv/detail/stop_program__type_support.c.o[0m
[18.406s] [ 52%] [32mBuilding C object CMakeFiles/kr_msgs__rosidl_typesupport_introspection_c.dir/rosidl_typesupport_introspection_c/kr_msgs/srv/detail/get_robot_pose__type_support.c.o[0m
[18.419s] [ 52%] [32mBuilding C object CMakeFiles/kr_msgs__rosidl_typesupport_introspection_c.dir/rosidl_typesupport_introspection_c/kr_msgs/srv/detail/get_system_frame__type_support.c.o[0m
[18.458s] [ 52%] [32mBuilding C object CMakeFiles/kr_msgs__rosidl_typesupport_introspection_c.dir/rosidl_typesupport_introspection_c/kr_msgs/srv/detail/get_system_load__type_support.c.o[0m
[18.459s] [ 53%] [32mBuilding CXX object CMakeFiles/kr_msgs__rosidl_typesupport_cpp.dir/rosidl_typesupport_cpp/kr_msgs/srv/get_robot_mode__type_support.cpp.o[0m
[18.466s] [ 53%] [32mBuilding CXX object CMakeFiles/kr_msgs__rosidl_typesupport_cpp.dir/rosidl_typesupport_cpp/kr_msgs/srv/get_robot_state__type_support.cpp.o[0m
[18.480s] [ 54%] [32mBuilding C object CMakeFiles/kr_msgs__rosidl_typesupport_introspection_c.dir/rosidl_typesupport_introspection_c/kr_msgs/srv/detail/set_system_load__type_support.c.o[0m
[18.481s] [ 54%] [32mBuilding CXX object CMakeFiles/kr_msgs__rosidl_typesupport_fastrtps_cpp.dir/rosidl_typesupport_fastrtps_cpp/kr_msgs/msg/detail/dds_fastrtps/quadrature__type_support.cpp.o[0m
[18.495s] [ 54%] [32mBuilding C object CMakeFiles/kr_msgs__rosidl_typesupport_introspection_c.dir/rosidl_typesupport_introspection_c/kr_msgs/srv/detail/set_system_frame__type_support.c.o[0m
[18.518s] [ 54%] [32mBuilding C object CMakeFiles/kr_msgs__rosidl_typesupport_introspection_c.dir/rosidl_typesupport_introspection_c/kr_msgs/srv/detail/get_master_speed__type_support.c.o[0m
[18.566s] [ 55%] [32mBuilding CXX object CMakeFiles/kr_msgs__rosidl_typesupport_fastrtps_cpp.dir/rosidl_typesupport_fastrtps_cpp/kr_msgs/msg/detail/dds_fastrtps/robot_mode__type_support.cpp.o[0m
[18.593s] [ 55%] [32mBuilding C object CMakeFiles/kr_msgs__rosidl_typesupport_introspection_c.dir/rosidl_typesupport_introspection_c/kr_msgs/srv/detail/get_robot_mode__type_support.c.o[0m
[18.627s] [ 55%] [32mBuilding C object CMakeFiles/kr_msgs__rosidl_typesupport_introspection_c.dir/rosidl_typesupport_introspection_c/kr_msgs/srv/detail/get_robot_state__type_support.c.o[0m
[18.640s] [ 55%] [32mBuilding CXX object CMakeFiles/kr_msgs__rosidl_typesupport_fastrtps_cpp.dir/rosidl_typesupport_fastrtps_cpp/kr_msgs/msg/detail/dds_fastrtps/robot_pose__type_support.cpp.o[0m
[18.662s] [ 55%] [32mBuilding C object CMakeFiles/kr_msgs__rosidl_typesupport_introspection_c.dir/rosidl_typesupport_introspection_c/kr_msgs/srv/detail/get_safety_mode__type_support.c.o[0m
[18.695s] [ 56%] [32mBuilding C object CMakeFiles/kr_msgs__rosidl_typesupport_introspection_c.dir/rosidl_typesupport_introspection_c/kr_msgs/srv/detail/get_safety_zones__type_support.c.o[0m
[18.708s] [ 56%] [32mBuilding CXX object CMakeFiles/kr_msgs__rosidl_typesupport_introspection_cpp.dir/rosidl_typesupport_introspection_cpp/kr_msgs/srv/detail/get_quadrature_input__type_support.cpp.o[0m
[18.725s] [ 56%] [32mBuilding CXX object CMakeFiles/kr_msgs__rosidl_typesupport_fastrtps_cpp.dir/rosidl_typesupport_fastrtps_cpp/kr_msgs/msg/detail/dds_fastrtps/robot_state__type_support.cpp.o[0m
[18.780s] [ 56%] [32mBuilding C object CMakeFiles/kr_msgs__rosidl_typesupport_introspection_c.dir/rosidl_typesupport_introspection_c/kr_msgs/srv/detail/log_alarm__type_support.c.o[0m
[18.795s] [ 56%] [32mBuilding CXX object CMakeFiles/kr_msgs__rosidl_typesupport_cpp.dir/rosidl_typesupport_cpp/kr_msgs/srv/get_safety_mode__type_support.cpp.o[0m
[18.805s] [ 56%] [32mBuilding CXX object CMakeFiles/kr_msgs__rosidl_typesupport_cpp.dir/rosidl_typesupport_cpp/kr_msgs/srv/get_safety_zones__type_support.cpp.o[0m
[18.842s] [ 56%] [32mBuilding C object CMakeFiles/kr_msgs__rosidl_typesupport_introspection_c.dir/rosidl_typesupport_introspection_c/kr_msgs/srv/detail/suspend_robot__type_support.c.o[0m
[18.900s] [ 56%] [32mBuilding C object CMakeFiles/kr_msgs__rosidl_typesupport_introspection_c.dir/rosidl_typesupport_introspection_c/kr_msgs/srv/detail/unlock_robot__type_support.c.o[0m
[19.005s] [ 56%] [32mBuilding CXX object CMakeFiles/kr_msgs__rosidl_typesupport_fastrtps_cpp.dir/rosidl_typesupport_fastrtps_cpp/kr_msgs/msg/detail/dds_fastrtps/safety_event__type_support.cpp.o[0m
[19.017s] [ 57%] [32mBuilding C object CMakeFiles/kr_msgs__rosidl_typesupport_introspection_c.dir/rosidl_typesupport_introspection_c/kr_msgs/srv/detail/unsuspend_robot__type_support.c.o[0m
[19.089s] [ 57%] [32mBuilding CXX object CMakeFiles/kr_msgs__rosidl_typesupport_fastrtps_cpp.dir/rosidl_typesupport_fastrtps_cpp/kr_msgs/msg/detail/dds_fastrtps/safety_mode__type_support.cpp.o[0m
[19.107s] [ 57%] [32m[1mLinking C shared library libkr_msgs__rosidl_typesupport_introspection_c.so[0m
[19.112s] [ 58%] [32mBuilding CXX object CMakeFiles/kr_msgs__rosidl_typesupport_cpp.dir/rosidl_typesupport_cpp/kr_msgs/srv/log_alarm__type_support.cpp.o[0m
[19.121s] [ 59%] [32mBuilding CXX object CMakeFiles/kr_msgs__rosidl_typesupport_introspection_cpp.dir/rosidl_typesupport_introspection_cpp/kr_msgs/srv/detail/set_analog_output__type_support.cpp.o[0m
[19.161s] [ 60%] [32mBuilding CXX object CMakeFiles/kr_msgs__rosidl_typesupport_fastrtps_cpp.dir/rosidl_typesupport_fastrtps_cpp/kr_msgs/msg/detail/dds_fastrtps/safety_zone__type_support.cpp.o[0m
[19.188s] [ 60%] [32mBuilding CXX object CMakeFiles/kr_msgs__rosidl_typesupport_cpp.dir/rosidl_typesupport_cpp/kr_msgs/srv/suspend_robot__type_support.cpp.o[0m
[19.222s] [ 60%] Built target kr_msgs__rosidl_typesupport_introspection_c
[19.230s] [ 60%] [32mBuilding CXX object CMakeFiles/kr_msgs__rosidl_typesupport_fastrtps_cpp.dir/rosidl_typesupport_fastrtps_cpp/kr_msgs/msg/detail/dds_fastrtps/self_motion__type_support.cpp.o[0m
[19.239s] [ 60%] [32mBuilding CXX object CMakeFiles/kr_msgs__rosidl_typesupport_fastrtps_cpp.dir/rosidl_typesupport_fastrtps_cpp/kr_msgs/msg/detail/dds_fastrtps/system_state__type_support.cpp.o[0m
[19.421s] [ 60%] [32mBuilding CXX object CMakeFiles/kr_msgs__rosidl_typesupport_introspection_cpp.dir/rosidl_typesupport_introspection_cpp/kr_msgs/srv/detail/set_discrete_output__type_support.cpp.o[0m
[19.502s] [ 60%] [32mBuilding CXX object CMakeFiles/kr_msgs__rosidl_typesupport_cpp.dir/rosidl_typesupport_cpp/kr_msgs/srv/unlock_robot__type_support.cpp.o[0m
[19.508s] [ 60%] [32mBuilding CXX object CMakeFiles/kr_msgs__rosidl_typesupport_fastrtps_cpp.dir/rosidl_typesupport_fastrtps_cpp/kr_msgs/srv/detail/dds_fastrtps/config_analog_output__type_support.cpp.o[0m
[19.547s] [ 60%] [32mBuilding CXX object CMakeFiles/kr_msgs__rosidl_typesupport_cpp.dir/rosidl_typesupport_cpp/kr_msgs/srv/unsuspend_robot__type_support.cpp.o[0m
[19.601s] [ 60%] [32mBuilding CXX object CMakeFiles/kr_msgs__rosidl_typesupport_fastrtps_cpp.dir/rosidl_typesupport_fastrtps_cpp/kr_msgs/srv/detail/dds_fastrtps/config_discrete_output__type_support.cpp.o[0m
[19.720s] [ 61%] [32mBuilding CXX object CMakeFiles/kr_msgs__rosidl_typesupport_fastrtps_cpp.dir/rosidl_typesupport_fastrtps_cpp/kr_msgs/srv/detail/dds_fastrtps/config_quadrature_input__type_support.cpp.o[0m
[19.755s] [ 61%] [32mBuilding CXX object CMakeFiles/kr_msgs__rosidl_typesupport_introspection_cpp.dir/rosidl_typesupport_introspection_cpp/kr_msgs/srv/detail/move_joint__type_support.cpp.o[0m
[19.817s] [ 61%] [32mBuilding CXX object CMakeFiles/kr_msgs__rosidl_typesupport_fastrtps_cpp.dir/rosidl_typesupport_fastrtps_cpp/kr_msgs/srv/detail/dds_fastrtps/get_analog_input__type_support.cpp.o[0m
[19.877s] [ 61%] [32mBuilding CXX object CMakeFiles/kr_msgs__rosidl_typesupport_fastrtps_cpp.dir/rosidl_typesupport_fastrtps_cpp/kr_msgs/srv/detail/dds_fastrtps/get_discrete_input__type_support.cpp.o[0m
[19.898s] [ 61%] [32mBuilding CXX object CMakeFiles/kr_msgs__rosidl_typesupport_introspection_cpp.dir/rosidl_typesupport_introspection_cpp/kr_msgs/srv/detail/move_linear__type_support.cpp.o[0m
[19.937s] [ 61%] [32m[1mLinking CXX shared library libkr_msgs__rosidl_typesupport_cpp.so[0m
[20.007s] [ 61%] Built target kr_msgs__rosidl_typesupport_cpp
[20.020s] [ 61%] [32mBuilding CXX object CMakeFiles/kr_msgs__rosidl_typesupport_introspection_cpp.dir/rosidl_typesupport_introspection_cpp/kr_msgs/srv/detail/move_spline__type_support.cpp.o[0m
[20.108s] [ 61%] [32mBuilding CXX object CMakeFiles/kr_msgs__rosidl_typesupport_fastrtps_cpp.dir/rosidl_typesupport_fastrtps_cpp/kr_msgs/srv/detail/dds_fastrtps/get_quadrature_input__type_support.cpp.o[0m
[20.129s] [ 62%] [32mBuilding CXX object CMakeFiles/kr_msgs__rosidl_typesupport_introspection_cpp.dir/rosidl_typesupport_introspection_cpp/kr_msgs/srv/detail/pause_motion__type_support.cpp.o[0m
[20.232s] [ 63%] [32mBuilding CXX object CMakeFiles/kr_msgs__rosidl_typesupport_fastrtps_cpp.dir/rosidl_typesupport_fastrtps_cpp/kr_msgs/srv/detail/dds_fastrtps/set_analog_output__type_support.cpp.o[0m
[20.242s] [ 63%] [32mBuilding CXX object CMakeFiles/kr_msgs__rosidl_typesupport_introspection_cpp.dir/rosidl_typesupport_introspection_cpp/kr_msgs/srv/detail/resume_motion__type_support.cpp.o[0m
[20.248s] [ 63%] [32mBuilding CXX object CMakeFiles/kr_msgs__rosidl_typesupport_fastrtps_cpp.dir/rosidl_typesupport_fastrtps_cpp/kr_msgs/srv/detail/dds_fastrtps/set_discrete_output__type_support.cpp.o[0m
[20.353s] [ 63%] [32mBuilding CXX object CMakeFiles/kr_msgs__rosidl_typesupport_fastrtps_cpp.dir/rosidl_typesupport_fastrtps_cpp/kr_msgs/srv/detail/dds_fastrtps/move_joint__type_support.cpp.o[0m
[20.368s] [ 63%] [32mBuilding CXX object CMakeFiles/kr_msgs__rosidl_typesupport_fastrtps_cpp.dir/rosidl_typesupport_fastrtps_cpp/kr_msgs/srv/detail/dds_fastrtps/move_linear__type_support.cpp.o[0m
[20.371s] [ 63%] [32mBuilding CXX object CMakeFiles/kr_msgs__rosidl_typesupport_introspection_cpp.dir/rosidl_typesupport_introspection_cpp/kr_msgs/srv/detail/select_jogging_frame__type_support.cpp.o[0m
[20.449s] [ 63%] [32mBuilding CXX object CMakeFiles/kr_msgs__rosidl_typesupport_introspection_cpp.dir/rosidl_typesupport_introspection_cpp/kr_msgs/srv/detail/set_custom_frame__type_support.cpp.o[0m
[20.617s] [ 64%] [32mBuilding CXX object CMakeFiles/kr_msgs__rosidl_typesupport_introspection_cpp.dir/rosidl_typesupport_introspection_cpp/kr_msgs/srv/detail/set_interactivity__type_support.cpp.o[0m
[20.628s] [ 64%] [32mBuilding CXX object CMakeFiles/kr_msgs__rosidl_typesupport_fastrtps_cpp.dir/rosidl_typesupport_fastrtps_cpp/kr_msgs/srv/detail/dds_fastrtps/move_spline__type_support.cpp.o[0m
[20.731s] [ 64%] [32mBuilding CXX object CMakeFiles/kr_msgs__rosidl_typesupport_introspection_cpp.dir/rosidl_typesupport_introspection_cpp/kr_msgs/srv/detail/terminate_motion__type_support.cpp.o[0m
[20.748s] [ 65%] [32mBuilding CXX object CMakeFiles/kr_msgs__rosidl_typesupport_fastrtps_cpp.dir/rosidl_typesupport_fastrtps_cpp/kr_msgs/srv/detail/dds_fastrtps/pause_motion__type_support.cpp.o[0m
[20.793s] [ 65%] [32mBuilding CXX object CMakeFiles/kr_msgs__rosidl_typesupport_introspection_cpp.dir/rosidl_typesupport_introspection_cpp/kr_msgs/srv/detail/move_tcp_along_axis__type_support.cpp.o[0m
[20.829s] [ 65%] [32mBuilding CXX object CMakeFiles/kr_msgs__rosidl_typesupport_fastrtps_cpp.dir/rosidl_typesupport_fastrtps_cpp/kr_msgs/srv/detail/dds_fastrtps/resume_motion__type_support.cpp.o[0m
[20.841s] [ 65%] [32mBuilding CXX object CMakeFiles/kr_msgs__rosidl_typesupport_fastrtps_cpp.dir/rosidl_typesupport_fastrtps_cpp/kr_msgs/srv/detail/dds_fastrtps/select_jogging_frame__type_support.cpp.o[0m
[20.845s] [ 65%] [32mBuilding CXX object CMakeFiles/kr_msgs__rosidl_typesupport_fastrtps_cpp.dir/rosidl_typesupport_fastrtps_cpp/kr_msgs/srv/detail/dds_fastrtps/set_custom_frame__type_support.cpp.o[0m
[20.981s] [ 65%] [32mBuilding CXX object CMakeFiles/kr_msgs__rosidl_typesupport_introspection_cpp.dir/rosidl_typesupport_introspection_cpp/kr_msgs/srv/detail/get_program_state__type_support.cpp.o[0m
[21.030s] [ 65%] [32mBuilding CXX object CMakeFiles/kr_msgs__rosidl_typesupport_introspection_cpp.dir/rosidl_typesupport_introspection_cpp/kr_msgs/srv/detail/pause_program__type_support.cpp.o[0m
[21.105s] [ 65%] [32mBuilding CXX object CMakeFiles/kr_msgs__rosidl_typesupport_fastrtps_cpp.dir/rosidl_typesupport_fastrtps_cpp/kr_msgs/srv/detail/dds_fastrtps/set_interactivity__type_support.cpp.o[0m
[21.108s] [ 66%] [32mBuilding CXX object CMakeFiles/kr_msgs__rosidl_typesupport_introspection_cpp.dir/rosidl_typesupport_introspection_cpp/kr_msgs/srv/detail/program_recovery__type_support.cpp.o[0m
[21.185s] [ 67%] [32mBuilding CXX object CMakeFiles/kr_msgs__rosidl_typesupport_fastrtps_cpp.dir/rosidl_typesupport_fastrtps_cpp/kr_msgs/srv/detail/dds_fastrtps/terminate_motion__type_support.cpp.o[0m
[21.297s] [ 67%] [32mBuilding CXX object CMakeFiles/kr_msgs__rosidl_typesupport_fastrtps_cpp.dir/rosidl_typesupport_fastrtps_cpp/kr_msgs/srv/detail/dds_fastrtps/get_program_state__type_support.cpp.o[0m
[21.297s] [ 67%] [32mBuilding CXX object CMakeFiles/kr_msgs__rosidl_typesupport_fastrtps_cpp.dir/rosidl_typesupport_fastrtps_cpp/kr_msgs/srv/detail/dds_fastrtps/move_tcp_along_axis__type_support.cpp.o[0m
[21.309s] [ 67%] [32mBuilding CXX object CMakeFiles/kr_msgs__rosidl_typesupport_introspection_cpp.dir/rosidl_typesupport_introspection_cpp/kr_msgs/srv/detail/resume_program__type_support.cpp.o[0m
[21.325s] [ 67%] [32mBuilding CXX object CMakeFiles/kr_msgs__rosidl_typesupport_fastrtps_cpp.dir/rosidl_typesupport_fastrtps_cpp/kr_msgs/srv/detail/dds_fastrtps/pause_program__type_support.cpp.o[0m
[21.391s] [ 67%] [32mBuilding CXX object CMakeFiles/kr_msgs__rosidl_typesupport_introspection_cpp.dir/rosidl_typesupport_introspection_cpp/kr_msgs/srv/detail/step_program__type_support.cpp.o[0m
[21.430s] [ 67%] [32mBuilding CXX object CMakeFiles/kr_msgs__rosidl_typesupport_introspection_cpp.dir/rosidl_typesupport_introspection_cpp/kr_msgs/srv/detail/stop_program__type_support.cpp.o[0m
[21.651s] [ 67%] [32mBuilding CXX object CMakeFiles/kr_msgs__rosidl_typesupport_introspection_cpp.dir/rosidl_typesupport_introspection_cpp/kr_msgs/srv/detail/get_robot_pose__type_support.cpp.o[0m
[21.664s] [ 68%] [32mBuilding CXX object CMakeFiles/kr_msgs__rosidl_typesupport_fastrtps_cpp.dir/rosidl_typesupport_fastrtps_cpp/kr_msgs/srv/detail/dds_fastrtps/program_recovery__type_support.cpp.o[0m
[21.708s] [ 69%] [32mBuilding CXX object CMakeFiles/kr_msgs__rosidl_typesupport_introspection_cpp.dir/rosidl_typesupport_introspection_cpp/kr_msgs/srv/detail/get_system_frame__type_support.cpp.o[0m
[21.722s] [ 69%] [32mBuilding CXX object CMakeFiles/kr_msgs__rosidl_typesupport_fastrtps_cpp.dir/rosidl_typesupport_fastrtps_cpp/kr_msgs/srv/detail/dds_fastrtps/resume_program__type_support.cpp.o[0m
[21.788s] [ 69%] [32mBuilding CXX object CMakeFiles/kr_msgs__rosidl_typesupport_introspection_cpp.dir/rosidl_typesupport_introspection_cpp/kr_msgs/srv/detail/get_system_load__type_support.cpp.o[0m
[21.790s] [ 69%] [32mBuilding CXX object CMakeFiles/kr_msgs__rosidl_typesupport_fastrtps_cpp.dir/rosidl_typesupport_fastrtps_cpp/kr_msgs/srv/detail/dds_fastrtps/step_program__type_support.cpp.o[0m
[21.803s] [ 69%] [32mBuilding CXX object CMakeFiles/kr_msgs__rosidl_typesupport_fastrtps_cpp.dir/rosidl_typesupport_fastrtps_cpp/kr_msgs/srv/detail/dds_fastrtps/stop_program__type_support.cpp.o[0m
[21.815s] [ 69%] [32mBuilding CXX object CMakeFiles/kr_msgs__rosidl_typesupport_fastrtps_cpp.dir/rosidl_typesupport_fastrtps_cpp/kr_msgs/srv/detail/dds_fastrtps/get_robot_pose__type_support.cpp.o[0m
[22.036s] [ 69%] [32mBuilding CXX object CMakeFiles/kr_msgs__rosidl_typesupport_introspection_cpp.dir/rosidl_typesupport_introspection_cpp/kr_msgs/srv/detail/set_system_frame__type_support.cpp.o[0m
[22.137s] [ 69%] [32mBuilding CXX object CMakeFiles/kr_msgs__rosidl_typesupport_introspection_cpp.dir/rosidl_typesupport_introspection_cpp/kr_msgs/srv/detail/set_system_load__type_support.cpp.o[0m
[22.144s] [ 70%] [32mBuilding CXX object CMakeFiles/kr_msgs__rosidl_typesupport_fastrtps_cpp.dir/rosidl_typesupport_fastrtps_cpp/kr_msgs/srv/detail/dds_fastrtps/get_system_frame__type_support.cpp.o[0m
[22.154s] [ 71%] [32mBuilding CXX object CMakeFiles/kr_msgs__rosidl_typesupport_introspection_cpp.dir/rosidl_typesupport_introspection_cpp/kr_msgs/srv/detail/get_master_speed__type_support.cpp.o[0m
[22.272s] [ 71%] [32mBuilding CXX object CMakeFiles/kr_msgs__rosidl_typesupport_fastrtps_cpp.dir/rosidl_typesupport_fastrtps_cpp/kr_msgs/srv/detail/dds_fastrtps/get_system_load__type_support.cpp.o[0m
[22.283s] [ 71%] [32mBuilding CXX object CMakeFiles/kr_msgs__rosidl_typesupport_fastrtps_cpp.dir/rosidl_typesupport_fastrtps_cpp/kr_msgs/srv/detail/dds_fastrtps/set_system_frame__type_support.cpp.o[0m
[22.321s] [ 71%] [32mBuilding CXX object CMakeFiles/kr_msgs__rosidl_typesupport_fastrtps_cpp.dir/rosidl_typesupport_fastrtps_cpp/kr_msgs/srv/detail/dds_fastrtps/set_system_load__type_support.cpp.o[0m
[22.370s] [ 72%] [32mBuilding CXX object CMakeFiles/kr_msgs__rosidl_typesupport_fastrtps_cpp.dir/rosidl_typesupport_fastrtps_cpp/kr_msgs/srv/detail/dds_fastrtps/get_master_speed__type_support.cpp.o[0m
[22.414s] [ 72%] [32mBuilding CXX object CMakeFiles/kr_msgs__rosidl_typesupport_introspection_cpp.dir/rosidl_typesupport_introspection_cpp/kr_msgs/srv/detail/get_robot_mode__type_support.cpp.o[0m
[22.501s] [ 72%] [32mBuilding CXX object CMakeFiles/kr_msgs__rosidl_typesupport_introspection_cpp.dir/rosidl_typesupport_introspection_cpp/kr_msgs/srv/detail/get_robot_state__type_support.cpp.o[0m
[22.634s] [ 72%] [32mBuilding CXX object CMakeFiles/kr_msgs__rosidl_typesupport_introspection_cpp.dir/rosidl_typesupport_introspection_cpp/kr_msgs/srv/detail/get_safety_mode__type_support.cpp.o[0m
[22.729s] [ 72%] [32mBuilding CXX object CMakeFiles/kr_msgs__rosidl_typesupport_fastrtps_cpp.dir/rosidl_typesupport_fastrtps_cpp/kr_msgs/srv/detail/dds_fastrtps/get_robot_mode__type_support.cpp.o[0m
[22.792s] [ 72%] [32mBuilding CXX object CMakeFiles/kr_msgs__rosidl_typesupport_introspection_cpp.dir/rosidl_typesupport_introspection_cpp/kr_msgs/srv/detail/get_safety_zones__type_support.cpp.o[0m
[22.839s] [ 72%] [32mBuilding CXX object CMakeFiles/kr_msgs__rosidl_typesupport_fastrtps_cpp.dir/rosidl_typesupport_fastrtps_cpp/kr_msgs/srv/detail/dds_fastrtps/get_robot_state__type_support.cpp.o[0m
[22.862s] [ 72%] [32mBuilding CXX object CMakeFiles/kr_msgs__rosidl_typesupport_fastrtps_cpp.dir/rosidl_typesupport_fastrtps_cpp/kr_msgs/srv/detail/dds_fastrtps/get_safety_mode__type_support.cpp.o[0m
[22.863s] [ 73%] [32mBuilding CXX object CMakeFiles/kr_msgs__rosidl_typesupport_introspection_cpp.dir/rosidl_typesupport_introspection_cpp/kr_msgs/srv/detail/log_alarm__type_support.cpp.o[0m
[22.870s] [ 74%] [32mBuilding CXX object CMakeFiles/kr_msgs__rosidl_typesupport_fastrtps_cpp.dir/rosidl_typesupport_fastrtps_cpp/kr_msgs/srv/detail/dds_fastrtps/log_alarm__type_support.cpp.o[0m
[22.958s] [ 74%] [32mBuilding CXX object CMakeFiles/kr_msgs__rosidl_typesupport_introspection_cpp.dir/rosidl_typesupport_introspection_cpp/kr_msgs/srv/detail/suspend_robot__type_support.cpp.o[0m
[23.154s] [ 74%] [32mBuilding CXX object CMakeFiles/kr_msgs__rosidl_typesupport_fastrtps_cpp.dir/rosidl_typesupport_fastrtps_cpp/kr_msgs/srv/detail/dds_fastrtps/get_safety_zones__type_support.cpp.o[0m
[23.201s] [ 74%] [32mBuilding CXX object CMakeFiles/kr_msgs__rosidl_typesupport_fastrtps_cpp.dir/rosidl_typesupport_fastrtps_cpp/kr_msgs/srv/detail/dds_fastrtps/suspend_robot__type_support.cpp.o[0m
[23.234s] [ 74%] [32mBuilding CXX object CMakeFiles/kr_msgs__rosidl_typesupport_introspection_cpp.dir/rosidl_typesupport_introspection_cpp/kr_msgs/srv/detail/unlock_robot__type_support.cpp.o[0m
[23.252s] [ 74%] [32mBuilding CXX object CMakeFiles/kr_msgs__rosidl_typesupport_introspection_cpp.dir/rosidl_typesupport_introspection_cpp/kr_msgs/srv/detail/unsuspend_robot__type_support.cpp.o[0m
[23.304s] [ 74%] [32mBuilding CXX object CMakeFiles/kr_msgs__rosidl_typesupport_fastrtps_cpp.dir/rosidl_typesupport_fastrtps_cpp/kr_msgs/srv/detail/dds_fastrtps/unsuspend_robot__type_support.cpp.o[0m
[23.517s] [ 74%] [32mBuilding CXX object CMakeFiles/kr_msgs__rosidl_typesupport_fastrtps_cpp.dir/rosidl_typesupport_fastrtps_cpp/kr_msgs/srv/detail/dds_fastrtps/unlock_robot__type_support.cpp.o[0m
[23.552s] [ 75%] [32m[1mLinking CXX shared library libkr_msgs__rosidl_typesupport_introspection_cpp.so[0m
[23.696s] [ 75%] Built target kr_msgs__rosidl_typesupport_introspection_cpp
[23.940s] [ 75%] [32m[1mLinking CXX shared library libkr_msgs__rosidl_typesupport_fastrtps_cpp.so[0m
[24.098s] [ 75%] Built target kr_msgs__rosidl_typesupport_fastrtps_cpp
[24.127s] [ 76%] [34m[1mGenerating C type support for eProsima Fast-RTPS[0m
[28.586s] [35m[1mScanning dependencies of target kr_msgs__rosidl_typesupport_fastrtps_c[0m
[28.723s] [ 76%] [32mBuilding CXX object CMakeFiles/kr_msgs__rosidl_typesupport_fastrtps_c.dir/rosidl_typesupport_fastrtps_c/kr_msgs/msg/detail/jog_joint__type_support_c.cpp.o[0m
[28.723s] [ 76%] [32mBuilding CXX object CMakeFiles/kr_msgs__rosidl_typesupport_fastrtps_c.dir/rosidl_typesupport_fastrtps_c/kr_msgs/msg/detail/follow_linear__type_support_c.cpp.o[0m
[28.724s] [ 76%] [32mBuilding CXX object CMakeFiles/kr_msgs__rosidl_typesupport_fastrtps_c.dir/rosidl_typesupport_fastrtps_c/kr_msgs/msg/detail/geometry_plane__type_support_c.cpp.o[0m
[28.724s] [ 76%] [32mBuilding CXX object CMakeFiles/kr_msgs__rosidl_typesupport_fastrtps_c.dir/rosidl_typesupport_fastrtps_c/kr_msgs/msg/detail/motion_heartbeat__type_support_c.cpp.o[0m
[28.724s] [ 77%] [32mBuilding CXX object CMakeFiles/kr_msgs__rosidl_typesupport_fastrtps_c.dir/rosidl_typesupport_fastrtps_c/kr_msgs/msg/detail/jog_linear__type_support_c.cpp.o[0m
[28.724s] [ 76%] [32mBuilding CXX object CMakeFiles/kr_msgs__rosidl_typesupport_fastrtps_c.dir/rosidl_typesupport_fastrtps_c/kr_msgs/msg/detail/follow_joint__type_support_c.cpp.o[0m
[28.726s] [ 77%] [32mBuilding CXX object CMakeFiles/kr_msgs__rosidl_typesupport_fastrtps_c.dir/rosidl_typesupport_fastrtps_c/kr_msgs/msg/detail/number__type_support_c.cpp.o[0m
[28.736s] [ 77%] [32mBuilding CXX object CMakeFiles/kr_msgs__rosidl_typesupport_fastrtps_c.dir/rosidl_typesupport_fastrtps_c/kr_msgs/msg/detail/program_interact__type_support_c.cpp.o[0m
[29.134s] [ 78%] [32mBuilding CXX object CMakeFiles/kr_msgs__rosidl_typesupport_fastrtps_c.dir/rosidl_typesupport_fastrtps_c/kr_msgs/msg/detail/quadrature__type_support_c.cpp.o[0m
[29.141s] [ 78%] [32mBuilding CXX object CMakeFiles/kr_msgs__rosidl_typesupport_fastrtps_c.dir/rosidl_typesupport_fastrtps_c/kr_msgs/msg/detail/robot_mode__type_support_c.cpp.o[0m
[29.155s] [ 78%] [32mBuilding CXX object CMakeFiles/kr_msgs__rosidl_typesupport_fastrtps_c.dir/rosidl_typesupport_fastrtps_c/kr_msgs/msg/detail/robot_pose__type_support_c.cpp.o[0m
[29.178s] [ 78%] [32mBuilding CXX object CMakeFiles/kr_msgs__rosidl_typesupport_fastrtps_c.dir/rosidl_typesupport_fastrtps_c/kr_msgs/msg/detail/robot_state__type_support_c.cpp.o[0m
[29.193s] [ 79%] [32mBuilding CXX object CMakeFiles/kr_msgs__rosidl_typesupport_fastrtps_c.dir/rosidl_typesupport_fastrtps_c/kr_msgs/msg/detail/safety_mode__type_support_c.cpp.o[0m
[29.194s] [ 79%] [32mBuilding CXX object CMakeFiles/kr_msgs__rosidl_typesupport_fastrtps_c.dir/rosidl_typesupport_fastrtps_c/kr_msgs/msg/detail/safety_event__type_support_c.cpp.o[0m
[29.246s] [ 79%] [32mBuilding CXX object CMakeFiles/kr_msgs__rosidl_typesupport_fastrtps_c.dir/rosidl_typesupport_fastrtps_c/kr_msgs/msg/detail/safety_zone__type_support_c.cpp.o[0m
[29.349s] [ 79%] [32mBuilding CXX object CMakeFiles/kr_msgs__rosidl_typesupport_fastrtps_c.dir/rosidl_typesupport_fastrtps_c/kr_msgs/msg/detail/self_motion__type_support_c.cpp.o[0m
[29.498s] [ 79%] [32mBuilding CXX object CMakeFiles/kr_msgs__rosidl_typesupport_fastrtps_c.dir/rosidl_typesupport_fastrtps_c/kr_msgs/msg/detail/system_state__type_support_c.cpp.o[0m
[29.522s] [ 79%] [32mBuilding CXX object CMakeFiles/kr_msgs__rosidl_typesupport_fastrtps_c.dir/rosidl_typesupport_fastrtps_c/kr_msgs/srv/detail/config_analog_output__type_support_c.cpp.o[0m
[29.535s] [ 80%] [32mBuilding CXX object CMakeFiles/kr_msgs__rosidl_typesupport_fastrtps_c.dir/rosidl_typesupport_fastrtps_c/kr_msgs/srv/detail/config_discrete_output__type_support_c.cpp.o[0m
[29.581s] [ 80%] [32mBuilding CXX object CMakeFiles/kr_msgs__rosidl_typesupport_fastrtps_c.dir/rosidl_typesupport_fastrtps_c/kr_msgs/srv/detail/config_quadrature_input__type_support_c.cpp.o[0m
[29.591s] [ 80%] [32mBuilding CXX object CMakeFiles/kr_msgs__rosidl_typesupport_fastrtps_c.dir/rosidl_typesupport_fastrtps_c/kr_msgs/srv/detail/get_analog_input__type_support_c.cpp.o[0m
[29.605s] [ 80%] [32mBuilding CXX object CMakeFiles/kr_msgs__rosidl_typesupport_fastrtps_c.dir/rosidl_typesupport_fastrtps_c/kr_msgs/srv/detail/get_discrete_input__type_support_c.cpp.o[0m
[29.632s] [ 81%] [32mBuilding CXX object CMakeFiles/kr_msgs__rosidl_typesupport_fastrtps_c.dir/rosidl_typesupport_fastrtps_c/kr_msgs/srv/detail/get_quadrature_input__type_support_c.cpp.o[0m
[29.709s] [ 81%] [32mBuilding CXX object CMakeFiles/kr_msgs__rosidl_typesupport_fastrtps_c.dir/rosidl_typesupport_fastrtps_c/kr_msgs/srv/detail/set_analog_output__type_support_c.cpp.o[0m
[29.872s] [ 81%] [32mBuilding CXX object CMakeFiles/kr_msgs__rosidl_typesupport_fastrtps_c.dir/rosidl_typesupport_fastrtps_c/kr_msgs/srv/detail/set_discrete_output__type_support_c.cpp.o[0m
[29.901s] [ 81%] [32mBuilding CXX object CMakeFiles/kr_msgs__rosidl_typesupport_fastrtps_c.dir/rosidl_typesupport_fastrtps_c/kr_msgs/srv/detail/move_joint__type_support_c.cpp.o[0m
[29.905s] [ 81%] [32mBuilding CXX object CMakeFiles/kr_msgs__rosidl_typesupport_fastrtps_c.dir/rosidl_typesupport_fastrtps_c/kr_msgs/srv/detail/move_linear__type_support_c.cpp.o[0m
[29.959s] [ 82%] [32mBuilding CXX object CMakeFiles/kr_msgs__rosidl_typesupport_fastrtps_c.dir/rosidl_typesupport_fastrtps_c/kr_msgs/srv/detail/move_spline__type_support_c.cpp.o[0m
[29.972s] [ 82%] [32mBuilding CXX object CMakeFiles/kr_msgs__rosidl_typesupport_fastrtps_c.dir/rosidl_typesupport_fastrtps_c/kr_msgs/srv/detail/pause_motion__type_support_c.cpp.o[0m
[29.973s] [ 82%] [32mBuilding CXX object CMakeFiles/kr_msgs__rosidl_typesupport_fastrtps_c.dir/rosidl_typesupport_fastrtps_c/kr_msgs/srv/detail/resume_motion__type_support_c.cpp.o[0m
[30.017s] [ 82%] [32mBuilding CXX object CMakeFiles/kr_msgs__rosidl_typesupport_fastrtps_c.dir/rosidl_typesupport_fastrtps_c/kr_msgs/srv/detail/select_jogging_frame__type_support_c.cpp.o[0m
[30.102s] [ 83%] [32mBuilding CXX object CMakeFiles/kr_msgs__rosidl_typesupport_fastrtps_c.dir/rosidl_typesupport_fastrtps_c/kr_msgs/srv/detail/set_custom_frame__type_support_c.cpp.o[0m
[30.277s] [ 83%] [32mBuilding CXX object CMakeFiles/kr_msgs__rosidl_typesupport_fastrtps_c.dir/rosidl_typesupport_fastrtps_c/kr_msgs/srv/detail/set_interactivity__type_support_c.cpp.o[0m
[30.308s] [ 83%] [32mBuilding CXX object CMakeFiles/kr_msgs__rosidl_typesupport_fastrtps_c.dir/rosidl_typesupport_fastrtps_c/kr_msgs/srv/detail/terminate_motion__type_support_c.cpp.o[0m
[30.318s] [ 83%] [32mBuilding CXX object CMakeFiles/kr_msgs__rosidl_typesupport_fastrtps_c.dir/rosidl_typesupport_fastrtps_c/kr_msgs/srv/detail/move_tcp_along_axis__type_support_c.cpp.o[0m
[30.383s] [ 83%] [32mBuilding CXX object CMakeFiles/kr_msgs__rosidl_typesupport_fastrtps_c.dir/rosidl_typesupport_fastrtps_c/kr_msgs/srv/detail/get_program_state__type_support_c.cpp.o[0m
[30.384s] [ 84%] [32mBuilding CXX object CMakeFiles/kr_msgs__rosidl_typesupport_fastrtps_c.dir/rosidl_typesupport_fastrtps_c/kr_msgs/srv/detail/pause_program__type_support_c.cpp.o[0m
[30.416s] [ 84%] [32mBuilding CXX object CMakeFiles/kr_msgs__rosidl_typesupport_fastrtps_c.dir/rosidl_typesupport_fastrtps_c/kr_msgs/srv/detail/program_recovery__type_support_c.cpp.o[0m
[30.458s] [ 84%] [32mBuilding CXX object CMakeFiles/kr_msgs__rosidl_typesupport_fastrtps_c.dir/rosidl_typesupport_fastrtps_c/kr_msgs/srv/detail/resume_program__type_support_c.cpp.o[0m
[30.504s] [ 84%] [32mBuilding CXX object CMakeFiles/kr_msgs__rosidl_typesupport_fastrtps_c.dir/rosidl_typesupport_fastrtps_c/kr_msgs/srv/detail/step_program__type_support_c.cpp.o[0m
[30.742s] [ 84%] [32mBuilding CXX object CMakeFiles/kr_msgs__rosidl_typesupport_fastrtps_c.dir/rosidl_typesupport_fastrtps_c/kr_msgs/srv/detail/stop_program__type_support_c.cpp.o[0m
[30.761s] [ 85%] [32mBuilding CXX object CMakeFiles/kr_msgs__rosidl_typesupport_fastrtps_c.dir/rosidl_typesupport_fastrtps_c/kr_msgs/srv/detail/get_robot_pose__type_support_c.cpp.o[0m
[30.828s] [ 85%] [32mBuilding CXX object CMakeFiles/kr_msgs__rosidl_typesupport_fastrtps_c.dir/rosidl_typesupport_fastrtps_c/kr_msgs/srv/detail/get_system_frame__type_support_c.cpp.o[0m
[30.830s] [ 85%] [32mBuilding CXX object CMakeFiles/kr_msgs__rosidl_typesupport_fastrtps_c.dir/rosidl_typesupport_fastrtps_c/kr_msgs/srv/detail/get_system_load__type_support_c.cpp.o[0m
[30.863s] [ 85%] [32mBuilding CXX object CMakeFiles/kr_msgs__rosidl_typesupport_fastrtps_c.dir/rosidl_typesupport_fastrtps_c/kr_msgs/srv/detail/set_system_frame__type_support_c.cpp.o[0m
[30.872s] [ 86%] [32mBuilding CXX object CMakeFiles/kr_msgs__rosidl_typesupport_fastrtps_c.dir/rosidl_typesupport_fastrtps_c/kr_msgs/srv/detail/set_system_load__type_support_c.cpp.o[0m
[30.872s] [ 86%] [32mBuilding CXX object CMakeFiles/kr_msgs__rosidl_typesupport_fastrtps_c.dir/rosidl_typesupport_fastrtps_c/kr_msgs/srv/detail/get_master_speed__type_support_c.cpp.o[0m
[30.909s] [ 86%] [32mBuilding CXX object CMakeFiles/kr_msgs__rosidl_typesupport_fastrtps_c.dir/rosidl_typesupport_fastrtps_c/kr_msgs/srv/detail/get_robot_mode__type_support_c.cpp.o[0m
[31.115s] [ 86%] [32mBuilding CXX object CMakeFiles/kr_msgs__rosidl_typesupport_fastrtps_c.dir/rosidl_typesupport_fastrtps_c/kr_msgs/srv/detail/get_robot_state__type_support_c.cpp.o[0m
[31.116s] [ 86%] [32mBuilding CXX object CMakeFiles/kr_msgs__rosidl_typesupport_fastrtps_c.dir/rosidl_typesupport_fastrtps_c/kr_msgs/srv/detail/get_safety_mode__type_support_c.cpp.o[0m
[31.214s] [ 87%] [32mBuilding CXX object CMakeFiles/kr_msgs__rosidl_typesupport_fastrtps_c.dir/rosidl_typesupport_fastrtps_c/kr_msgs/srv/detail/get_safety_zones__type_support_c.cpp.o[0m
[31.224s] [ 87%] [32mBuilding CXX object CMakeFiles/kr_msgs__rosidl_typesupport_fastrtps_c.dir/rosidl_typesupport_fastrtps_c/kr_msgs/srv/detail/log_alarm__type_support_c.cpp.o[0m
[31.244s] [ 87%] [32mBuilding CXX object CMakeFiles/kr_msgs__rosidl_typesupport_fastrtps_c.dir/rosidl_typesupport_fastrtps_c/kr_msgs/srv/detail/suspend_robot__type_support_c.cpp.o[0m
[31.258s] [ 87%] [32mBuilding CXX object CMakeFiles/kr_msgs__rosidl_typesupport_fastrtps_c.dir/rosidl_typesupport_fastrtps_c/kr_msgs/srv/detail/unlock_robot__type_support_c.cpp.o[0m
[31.276s] [ 87%] [32mBuilding CXX object CMakeFiles/kr_msgs__rosidl_typesupport_fastrtps_c.dir/rosidl_typesupport_fastrtps_c/kr_msgs/srv/detail/unsuspend_robot__type_support_c.cpp.o[0m
[31.651s] [ 88%] [32m[1mLinking CXX shared library libkr_msgs__rosidl_typesupport_fastrtps_c.so[0m
[31.786s] [ 88%] Built target kr_msgs__rosidl_typesupport_fastrtps_c
[31.815s] [ 88%] Built target kr_msgs
[31.832s] [35m[1mScanning dependencies of target kr_msgs__py[0m
[31.849s] [ 88%] [34m[1mGenerating Python code for ROS interfaces[0m
[41.408s] [ 88%] Built target kr_msgs__py
[41.437s] [35m[1mScanning dependencies of target kr_msgs__python[0m
[41.619s] [ 88%] [32mBuilding C object CMakeFiles/kr_msgs__python.dir/rosidl_generator_py/kr_msgs/msg/_follow_linear_s.c.o[0m
[41.620s] [ 88%] [32mBuilding C object CMakeFiles/kr_msgs__python.dir/rosidl_generator_py/kr_msgs/msg/_jog_linear_s.c.o[0m
[41.620s] [ 88%] [32mBuilding C object CMakeFiles/kr_msgs__python.dir/rosidl_generator_py/kr_msgs/msg/_motion_heartbeat_s.c.o[0m
[41.620s] [ 88%] [32mBuilding C object CMakeFiles/kr_msgs__python.dir/rosidl_generator_py/kr_msgs/msg/_jog_joint_s.c.o[0m
[41.622s] [ 89%] [32mBuilding C object CMakeFiles/kr_msgs__python.dir/rosidl_generator_py/kr_msgs/msg/_geometry_plane_s.c.o[0m
[41.623s] [ 90%] [32mBuilding C object CMakeFiles/kr_msgs__python.dir/rosidl_generator_py/kr_msgs/msg/_program_interact_s.c.o[0m
[41.628s] [ 90%] [32mBuilding C object CMakeFiles/kr_msgs__python.dir/rosidl_generator_py/kr_msgs/msg/_follow_joint_s.c.o[0m
[41.630s] [ 90%] [32mBuilding C object CMakeFiles/kr_msgs__python.dir/rosidl_generator_py/kr_msgs/msg/_number_s.c.o[0m
[41.851s] [ 90%] [32mBuilding C object CMakeFiles/kr_msgs__python.dir/rosidl_generator_py/kr_msgs/msg/_quadrature_s.c.o[0m
[41.853s] [ 90%] [32mBuilding C object CMakeFiles/kr_msgs__python.dir/rosidl_generator_py/kr_msgs/msg/_robot_mode_s.c.o[0m
[41.854s] [ 90%] [32mBuilding C object CMakeFiles/kr_msgs__python.dir/rosidl_generator_py/kr_msgs/msg/_robot_pose_s.c.o[0m
[41.855s] [ 91%] [32mBuilding C object CMakeFiles/kr_msgs__python.dir/rosidl_generator_py/kr_msgs/msg/_robot_state_s.c.o[0m
[41.862s] [ 91%] [32mBuilding C object CMakeFiles/kr_msgs__python.dir/rosidl_generator_py/kr_msgs/msg/_safety_event_s.c.o[0m
[41.863s] [ 91%] [32mBuilding C object CMakeFiles/kr_msgs__python.dir/rosidl_generator_py/kr_msgs/msg/_safety_mode_s.c.o[0m
[41.865s] [ 91%] [32mBuilding C object CMakeFiles/kr_msgs__python.dir/rosidl_generator_py/kr_msgs/msg/_safety_zone_s.c.o[0m
[41.895s] [ 91%] [32mBuilding C object CMakeFiles/kr_msgs__python.dir/rosidl_generator_py/kr_msgs/msg/_self_motion_s.c.o[0m
[41.952s] [ 92%] [32mBuilding C object CMakeFiles/kr_msgs__python.dir/rosidl_generator_py/kr_msgs/msg/_system_state_s.c.o[0m
[41.988s] [ 92%] [32mBuilding C object CMakeFiles/kr_msgs__python.dir/rosidl_generator_py/kr_msgs/srv/_config_discrete_output_s.c.o[0m
[42.003s] [ 92%] [32mBuilding C object CMakeFiles/kr_msgs__python.dir/rosidl_generator_py/kr_msgs/srv/_config_quadrature_input_s.c.o[0m
[42.009s] [ 92%] [32mBuilding C object CMakeFiles/kr_msgs__python.dir/rosidl_generator_py/kr_msgs/srv/_config_analog_output_s.c.o[0m
[42.022s] [ 93%] [32mBuilding C object CMakeFiles/kr_msgs__python.dir/rosidl_generator_py/kr_msgs/srv/_get_discrete_input_s.c.o[0m
[42.022s] [ 93%] [32mBuilding C object CMakeFiles/kr_msgs__python.dir/rosidl_generator_py/kr_msgs/srv/_get_analog_input_s.c.o[0m
[42.047s] [ 93%] [32mBuilding C object CMakeFiles/kr_msgs__python.dir/rosidl_generator_py/kr_msgs/srv/_get_quadrature_input_s.c.o[0m
[42.049s] [ 93%] [32mBuilding C object CMakeFiles/kr_msgs__python.dir/rosidl_generator_py/kr_msgs/srv/_set_analog_output_s.c.o[0m
[42.113s] [ 93%] [32mBuilding C object CMakeFiles/kr_msgs__python.dir/rosidl_generator_py/kr_msgs/srv/_set_discrete_output_s.c.o[0m
[42.123s] [ 93%] [32mBuilding C object CMakeFiles/kr_msgs__python.dir/rosidl_generator_py/kr_msgs/srv/_move_linear_s.c.o[0m
[42.126s] [ 94%] [32mBuilding C object CMakeFiles/kr_msgs__python.dir/rosidl_generator_py/kr_msgs/srv/_move_joint_s.c.o[0m
[42.128s] [ 94%] [32mBuilding C object CMakeFiles/kr_msgs__python.dir/rosidl_generator_py/kr_msgs/srv/_resume_motion_s.c.o[0m
[42.128s] [ 94%] [32mBuilding C object CMakeFiles/kr_msgs__python.dir/rosidl_generator_py/kr_msgs/srv/_pause_motion_s.c.o[0m
[42.136s] [ 94%] [32mBuilding C object CMakeFiles/kr_msgs__python.dir/rosidl_generator_py/kr_msgs/srv/_move_spline_s.c.o[0m
[42.162s] [ 95%] [32mBuilding C object CMakeFiles/kr_msgs__python.dir/rosidl_generator_py/kr_msgs/srv/_select_jogging_frame_s.c.o[0m
[42.197s] [ 95%] [32mBuilding C object CMakeFiles/kr_msgs__python.dir/rosidl_generator_py/kr_msgs/srv/_set_custom_frame_s.c.o[0m
[42.220s] [ 95%] [32mBuilding C object CMakeFiles/kr_msgs__python.dir/rosidl_generator_py/kr_msgs/srv/_set_interactivity_s.c.o[0m
[42.237s] [ 95%] [32mBuilding C object CMakeFiles/kr_msgs__python.dir/rosidl_generator_py/kr_msgs/srv/_terminate_motion_s.c.o[0m
[42.237s] [ 95%] [32mBuilding C object CMakeFiles/kr_msgs__python.dir/rosidl_generator_py/kr_msgs/srv/_move_tcp_along_axis_s.c.o[0m
[42.242s] [ 96%] [32mBuilding C object CMakeFiles/kr_msgs__python.dir/rosidl_generator_py/kr_msgs/srv/_get_program_state_s.c.o[0m
[42.261s] [ 96%] [32mBuilding C object CMakeFiles/kr_msgs__python.dir/rosidl_generator_py/kr_msgs/srv/_pause_program_s.c.o[0m
[42.269s] [ 96%] [32mBuilding C object CMakeFiles/kr_msgs__python.dir/rosidl_generator_py/kr_msgs/srv/_program_recovery_s.c.o[0m
[42.291s] [ 96%] [32mBuilding C object CMakeFiles/kr_msgs__python.dir/rosidl_generator_py/kr_msgs/srv/_resume_program_s.c.o[0m
[42.317s] [ 97%] [32mBuilding C object CMakeFiles/kr_msgs__python.dir/rosidl_generator_py/kr_msgs/srv/_step_program_s.c.o[0m
[42.340s] [ 97%] [32mBuilding C object CMakeFiles/kr_msgs__python.dir/rosidl_generator_py/kr_msgs/srv/_stop_program_s.c.o[0m
[42.341s] [ 97%] [32mBuilding C object CMakeFiles/kr_msgs__python.dir/rosidl_generator_py/kr_msgs/srv/_get_robot_pose_s.c.o[0m
[42.347s] [ 97%] [32mBuilding C object CMakeFiles/kr_msgs__python.dir/rosidl_generator_py/kr_msgs/srv/_get_system_frame_s.c.o[0m
[42.360s] [ 97%] [32mBuilding C object CMakeFiles/kr_msgs__python.dir/rosidl_generator_py/kr_msgs/srv/_get_system_load_s.c.o[0m
[42.362s] [ 98%] [32mBuilding C object CMakeFiles/kr_msgs__python.dir/rosidl_generator_py/kr_msgs/srv/_set_system_frame_s.c.o[0m
[42.385s] [ 98%] [32mBuilding C object CMakeFiles/kr_msgs__python.dir/rosidl_generator_py/kr_msgs/srv/_set_system_load_s.c.o[0m
[42.398s] [ 98%] [32mBuilding C object CMakeFiles/kr_msgs__python.dir/rosidl_generator_py/kr_msgs/srv/_get_master_speed_s.c.o[0m
[42.414s] [ 98%] [32mBuilding C object CMakeFiles/kr_msgs__python.dir/rosidl_generator_py/kr_msgs/srv/_get_robot_mode_s.c.o[0m
[42.447s] [ 99%] [32mBuilding C object CMakeFiles/kr_msgs__python.dir/rosidl_generator_py/kr_msgs/srv/_get_robot_state_s.c.o[0m
[42.474s] [ 99%] [32mBuilding C object CMakeFiles/kr_msgs__python.dir/rosidl_generator_py/kr_msgs/srv/_get_safety_mode_s.c.o[0m
[42.475s] [ 99%] [32mBuilding C object CMakeFiles/kr_msgs__python.dir/rosidl_generator_py/kr_msgs/srv/_get_safety_zones_s.c.o[0m
[42.480s] [ 99%] [32mBuilding C object CMakeFiles/kr_msgs__python.dir/rosidl_generator_py/kr_msgs/srv/_suspend_robot_s.c.o[0m
[42.485s] [ 99%] [32mBuilding C object CMakeFiles/kr_msgs__python.dir/rosidl_generator_py/kr_msgs/srv/_log_alarm_s.c.o[0m
[42.510s] [100%] [32mBuilding C object CMakeFiles/kr_msgs__python.dir/rosidl_generator_py/kr_msgs/srv/_unlock_robot_s.c.o[0m
[42.511s] [100%] [32mBuilding C object CMakeFiles/kr_msgs__python.dir/rosidl_generator_py/kr_msgs/srv/_unsuspend_robot_s.c.o[0m
[42.607s] [100%] [32m[1mLinking C shared library rosidl_generator_py/kr_msgs/libkr_msgs__python.so[0m
[42.683s] [100%] Built target kr_msgs__python
[42.698s] [35m[1mScanning dependencies of target kr_msgs__rosidl_typesupport_c__pyext[0m
[42.698s] [35m[1mScanning dependencies of target kr_msgs__rosidl_typesupport_fastrtps_c__pyext[0m
[42.698s] [35m[1mScanning dependencies of target kr_msgs__rosidl_typesupport_introspection_c__pyext[0m
[42.748s] [100%] [32mBuilding C object CMakeFiles/kr_msgs__rosidl_typesupport_c__pyext.dir/rosidl_generator_py/kr_msgs/_kr_msgs_s.ep.rosidl_typesupport_c.c.o[0m
[42.749s] [100%] [32mBuilding C object CMakeFiles/kr_msgs__rosidl_typesupport_introspection_c__pyext.dir/rosidl_generator_py/kr_msgs/_kr_msgs_s.ep.rosidl_typesupport_introspection_c.c.o[0m
[42.750s] [100%] [32mBuilding C object CMakeFiles/kr_msgs__rosidl_typesupport_fastrtps_c__pyext.dir/rosidl_generator_py/kr_msgs/_kr_msgs_s.ep.rosidl_typesupport_fastrtps_c.c.o[0m
[43.110s] [100%] [32m[1mLinking CXX shared library rosidl_generator_py/kr_msgs/kr_msgs_s__rosidl_typesupport_fastrtps_c.cpython-38-x86_64-linux-gnu.so[0m
[43.120s] [100%] [32m[1mLinking C shared library rosidl_generator_py/kr_msgs/kr_msgs_s__rosidl_typesupport_c.cpython-38-x86_64-linux-gnu.so[0m
[43.130s] [100%] [32m[1mLinking C shared library rosidl_generator_py/kr_msgs/kr_msgs_s__rosidl_typesupport_introspection_c.cpython-38-x86_64-linux-gnu.so[0m
[43.173s] [100%] Built target kr_msgs__rosidl_typesupport_c__pyext
[43.183s] [100%] Built target kr_msgs__rosidl_typesupport_introspection_c__pyext
[43.190s] [100%] Built target kr_msgs__rosidl_typesupport_fastrtps_c__pyext
