[1.641s] Invoking command in '/home/mo/Thesis/src/vcnanoz': PYTHONPATH=/home/mo/Thesis/build/vcnanoz/prefix_override:/usr/lib/python3/dist-packages/colcon_core/task/python/colcon_distutils_commands:/home/mo/Thesis/install/vcnanoz/lib/python3.8/site-packages:${PYTHONPATH} /usr/bin/python3 -W ignore:setup.py install is deprecated -W ignore:easy_install command is deprecated setup.py egg_info --egg-base ../../build/vcnanoz build --build-base /home/mo/Thesis/build/vcnanoz/build install --record /home/mo/Thesis/build/vcnanoz/install.log --install-scripts $base/lib/vcnanoz --single-version-externally-managed install_data
[1.881s] running egg_info
[1.882s] writing ../../build/vcnanoz/vcnanoz.egg-info/PKG-INFO
[1.882s] writing dependency_links to ../../build/vcnanoz/vcnanoz.egg-info/dependency_links.txt
[1.882s] writing entry points to ../../build/vcnanoz/vcnanoz.egg-info/entry_points.txt
[1.882s] writing requirements to ../../build/vcnanoz/vcnanoz.egg-info/requires.txt
[1.883s] writing top-level names to ../../build/vcnanoz/vcnanoz.egg-info/top_level.txt
[1.913s] reading manifest file '../../build/vcnanoz/vcnanoz.egg-info/SOURCES.txt'
[1.914s] writing manifest file '../../build/vcnanoz/vcnanoz.egg-info/SOURCES.txt'
[1.914s] running build
[1.914s] running build_py
[1.914s] copying vcnanoz/vc_startup.py -> /home/mo/Thesis/build/vcnanoz/build/lib/vcnanoz
[1.915s] running install
[1.916s] running install_lib
[1.917s] copying /home/mo/Thesis/build/vcnanoz/build/lib/vcnanoz/vc_startup.py -> /home/mo/Thesis/install/vcnanoz/lib/python3.8/site-packages/vcnanoz
[1.918s] byte-compiling /home/mo/Thesis/install/vcnanoz/lib/python3.8/site-packages/vcnanoz/vc_startup.py to vc_startup.cpython-38.pyc
[1.920s] running install_data
[1.921s] running install_egg_info
[1.922s] removing '/home/mo/Thesis/install/vcnanoz/lib/python3.8/site-packages/vcnanoz-0.0.0-py3.8.egg-info' (and everything under it)
[1.923s] Copying ../../build/vcnanoz/vcnanoz.egg-info to /home/mo/Thesis/install/vcnanoz/lib/python3.8/site-packages/vcnanoz-0.0.0-py3.8.egg-info
[1.924s] running install_scripts
[1.944s] Installing srvClient_vc_startup script to /home/mo/Thesis/install/vcnanoz/lib/vcnanoz
[1.946s] Installing srvServer_vc_startup script to /home/mo/Thesis/install/vcnanoz/lib/vcnanoz
[1.946s] Installing vc_img_receiver script to /home/mo/Thesis/install/vcnanoz/lib/vcnanoz
[1.949s] Installing vc_shutdown script to /home/mo/Thesis/install/vcnanoz/lib/vcnanoz
[1.949s] Installing vc_startup script to /home/mo/Thesis/install/vcnanoz/lib/vcnanoz
[1.949s] writing list of installed files to '/home/mo/Thesis/build/vcnanoz/install.log'
[1.984s] Invoked command in '/home/mo/Thesis/src/vcnanoz' returned '0': PYTHONPATH=/home/mo/Thesis/build/vcnanoz/prefix_override:/usr/lib/python3/dist-packages/colcon_core/task/python/colcon_distutils_commands:/home/mo/Thesis/install/vcnanoz/lib/python3.8/site-packages:${PYTHONPATH} /usr/bin/python3 -W ignore:setup.py install is deprecated -W ignore:easy_install command is deprecated setup.py egg_info --egg-base ../../build/vcnanoz build --build-base /home/mo/Thesis/build/vcnanoz/build install --record /home/mo/Thesis/build/vcnanoz/install.log --install-scripts $base/lib/vcnanoz --single-version-externally-managed install_data
