[1.752s] Invoking command in '/home/mo/Thesis/src/robot_control': CMAKE_PREFIX_PATH=/home/mo/Thesis/install/action_interfaces:/home/mo/Thesis/install/kr_example_cpp:/home/mo/Thesis/install/kr_msgs:/home/mo/Thesis/install/kdl_parser LD_LIBRARY_PATH=/home/mo/Thesis/install/action_interfaces/lib:/home/mo/Thesis/install/kr_msgs/lib:/home/mo/Thesis/install/kdl_parser/lib:/opt/ros/foxy/opt/yaml_cpp_vendor/lib:/opt/ros/foxy/opt/rviz_ogre_vendor/lib:/opt/ros/foxy/lib/x86_64-linux-gnu:/opt/ros/foxy/lib PYTHONPATH=/home/mo/Thesis/build/robot_control/prefix_override:/usr/lib/python3/dist-packages/colcon_core/task/python/colcon_distutils_commands:/home/mo/Thesis/install/robot_control/lib/python3.8/site-packages:/home/mo/Thesis/install/action_interfaces/lib/python3.8/site-packages:/home/mo/Thesis/install/vision/lib/python3.8/site-packages:/home/mo/Thesis/install/vcnanoz/lib/python3.8/site-packages:/home/mo/Thesis/install/sensopart_visor/lib/python3.8/site-packages:/home/mo/Thesis/install/robot_control/lib/python3.8/site-packages:/home/mo/Thesis/install/kr_example_python/lib/python3.8/site-packages:/home/mo/Thesis/install/kr_msgs/lib/python3.8/site-packages:/home/mo/Thesis/install/action_servers/lib/python3.8/site-packages:/opt/ros/foxy/lib/python3.8/site-packages /usr/bin/python3 -W ignore:setup.py install is deprecated -W ignore:easy_install command is deprecated setup.py egg_info --egg-base ../../build/robot_control build --build-base /home/mo/Thesis/build/robot_control/build install --record /home/mo/Thesis/build/robot_control/install.log --single-version-externally-managed install_data
[2.037s] running egg_info
[2.059s] writing ../../build/robot_control/robot_control.egg-info/PKG-INFO
[2.059s] writing dependency_links to ../../build/robot_control/robot_control.egg-info/dependency_links.txt
[2.060s] writing entry points to ../../build/robot_control/robot_control.egg-info/entry_points.txt
[2.060s] writing requirements to ../../build/robot_control/robot_control.egg-info/requires.txt
[2.060s] writing top-level names to ../../build/robot_control/robot_control.egg-info/top_level.txt
[2.209s] reading manifest file '../../build/robot_control/robot_control.egg-info/SOURCES.txt'
[2.212s] writing manifest file '../../build/robot_control/robot_control.egg-info/SOURCES.txt'
[2.212s] running build
[2.212s] running build_py
[2.212s] copying robot_control/set_working_frame_qr.py -> /home/mo/Thesis/build/robot_control/build/lib/robot_control
[2.213s] copying robot_control/define_working_frame_needle.py -> /home/mo/Thesis/build/robot_control/build/lib/robot_control
[2.213s] copying robot_control/scan_bar_vertical_triangulation.py -> /home/mo/Thesis/build/robot_control/build/lib/robot_control
[2.213s] copying robot_control/MoveTcpAlongAxis_action_client.py -> /home/mo/Thesis/build/robot_control/build/lib/robot_control
[2.213s] copying robot_control/trajectory_frame_converter.py -> /home/mo/Thesis/build/robot_control/build/lib/robot_control
[2.213s] copying robot_control/ibvs_2d.py -> /home/mo/Thesis/build/robot_control/build/lib/robot_control
[2.213s] copying robot_control/tf_frames_publisher.py -> /home/mo/Thesis/build/robot_control/build/lib/robot_control
[2.214s] copying robot_control/attachment_control_trajectory.py -> /home/mo/Thesis/build/robot_control/build/lib/robot_control
[2.214s] copying robot_control/seven_dof_ik_node.py -> /home/mo/Thesis/build/robot_control/build/lib/robot_control
[2.214s] copying robot_control/scan_bar_horizontal_triangulation_pxmm.py -> /home/mo/Thesis/build/robot_control/build/lib/robot_control
[2.214s] copying robot_control/attachment_control_servoing.py -> /home/mo/Thesis/build/robot_control/build/lib/robot_control
[2.214s] copying robot_control/ik_example_node.py -> /home/mo/Thesis/build/robot_control/build/lib/robot_control
[2.215s] copying robot_control/ik_solver_node.py -> /home/mo/Thesis/build/robot_control/build/lib/robot_control
[2.215s] copying robot_control/scan_bar_combined_triangulation.py -> /home/mo/Thesis/build/robot_control/build/lib/robot_control
[2.215s] copying robot_control/scan_bar_horizontal_triangulation.py -> /home/mo/Thesis/build/robot_control/build/lib/robot_control
[2.215s] copying robot_control/scan_bar_combined_triangulation_old.py -> /home/mo/Thesis/build/robot_control/build/lib/robot_control
[2.215s] copying robot_control/trajectory_recorder.py -> /home/mo/Thesis/build/robot_control/build/lib/robot_control
[2.216s] copying robot_control/hook_data_listener.py -> /home/mo/Thesis/build/robot_control/build/lib/robot_control
[2.216s] copying robot_control/scan_bar.py -> /home/mo/Thesis/build/robot_control/build/lib/robot_control
[2.216s] copying robot_control/__init__.py -> /home/mo/Thesis/build/robot_control/build/lib/robot_control
[2.216s] copying robot_control/tcp_calibration.py -> /home/mo/Thesis/build/robot_control/build/lib/robot_control
[2.217s] copying FC/FC_trajectory_controller.py -> /home/mo/Thesis/build/robot_control/build/lib/FC
[2.217s] copying FC/FC_triangulation_processor.py -> /home/mo/Thesis/build/robot_control/build/lib/FC
[2.217s] copying FC/FC_ik_interface.py -> /home/mo/Thesis/build/robot_control/build/lib/FC
[2.217s] copying FC/FC_eval_save_trajectory_to_csv.py -> /home/mo/Thesis/build/robot_control/build/lib/FC
[2.217s] copying FC/FC_gripper_handler.py -> /home/mo/Thesis/build/robot_control/build/lib/FC
[2.218s] copying FC/FC_controller_data_logger.py -> /home/mo/Thesis/build/robot_control/build/lib/FC
[2.218s] copying FC/FC_hook_geometrics_handler_for_trajectory_old.py -> /home/mo/Thesis/build/robot_control/build/lib/FC
[2.218s] copying FC/FC_doc_visualization.py -> /home/mo/Thesis/build/robot_control/build/lib/FC
[2.218s] copying FC/FC_save_load_global_hook_dict.py -> /home/mo/Thesis/build/robot_control/build/lib/FC
[2.218s] copying FC/FC_doc_plot_attachment.py -> /home/mo/Thesis/build/robot_control/build/lib/FC
[2.219s] copying FC/FC_call_move_spline_service.py -> /home/mo/Thesis/build/robot_control/build/lib/FC
[2.219s] copying FC/FC_hook_geometrics_handler_for_trajectory.py -> /home/mo/Thesis/build/robot_control/build/lib/FC
[2.219s] copying FC/FC_call_move_linear_service.py -> /home/mo/Thesis/build/robot_control/build/lib/FC
[2.219s] copying FC/FC_stereo_triangulation_processor.py -> /home/mo/Thesis/build/robot_control/build/lib/FC
[2.219s] copying FC/FC_frame_handler.py -> /home/mo/Thesis/build/robot_control/build/lib/FC
[2.219s] copying FC/FC_call_move_ptp_service.py -> /home/mo/Thesis/build/robot_control/build/lib/FC
[2.220s] copying FC/FC_cam_geometrics_handler.py -> /home/mo/Thesis/build/robot_control/build/lib/FC
[2.220s] copying FC/FC_dict_receive_processing.py -> /home/mo/Thesis/build/robot_control/build/lib/FC
[2.220s] copying FC/FC_parameterized_cubic_spline.py -> /home/mo/Thesis/build/robot_control/build/lib/FC
[2.220s] copying FC/__init__.py -> /home/mo/Thesis/build/robot_control/build/lib/FC
[2.221s] copying FC/FC_trajectoroy_3d_plotter.py -> /home/mo/Thesis/build/robot_control/build/lib/FC
[2.221s] copying FC/FC_edge_detector.py -> /home/mo/Thesis/build/robot_control/build/lib/FC
[2.222s] running install
[2.226s] running install_lib
[2.245s] copying /home/mo/Thesis/build/robot_control/build/lib/robot_control/attachment_control_trajectory.py -> /home/mo/Thesis/install/robot_control/lib/python3.8/site-packages/robot_control
[2.247s] byte-compiling /home/mo/Thesis/install/robot_control/lib/python3.8/site-packages/robot_control/attachment_control_trajectory.py to attachment_control_trajectory.cpython-38.pyc
[2.249s] running install_data
[2.249s] copying resource/robot_control -> /home/mo/Thesis/install/robot_control/share/ament_index/resource_index/packages
[2.250s] copying package.xml -> /home/mo/Thesis/install/robot_control/share/robot_control
[2.250s] copying launch/vc_vision_launch.py -> /home/mo/Thesis/install/robot_control/share/robot_control/launch
[2.250s] copying launch/vc_vision_dualcam_launch.py -> /home/mo/Thesis/install/robot_control/share/robot_control/launch
[2.250s] copying launch/scan_bar_launch.py -> /home/mo/Thesis/install/robot_control/share/robot_control/launch
[2.250s] copying launch/robot_launch.py -> /home/mo/Thesis/install/robot_control/share/robot_control/launch
[2.251s] copying launch/test_7dof.launch.py -> /home/mo/Thesis/install/robot_control/share/robot_control/launch
[2.251s] copying config/vc_params.yaml -> /home/mo/Thesis/install/robot_control/share/robot_control/config
[2.251s] running install_egg_info
[2.270s] removing '/home/mo/Thesis/install/robot_control/lib/python3.8/site-packages/robot_control-0.0.0-py3.8.egg-info' (and everything under it)
[2.271s] Copying ../../build/robot_control/robot_control.egg-info to /home/mo/Thesis/install/robot_control/lib/python3.8/site-packages/robot_control-0.0.0-py3.8.egg-info
[2.271s] running install_scripts
[2.318s] Installing MoveTcpAlongAxis_action_client script to /home/mo/Thesis/install/robot_control/lib/robot_control
[2.318s] Installing attachment_control_servoing script to /home/mo/Thesis/install/robot_control/lib/robot_control
[2.319s] Installing attachment_control_trajectory script to /home/mo/Thesis/install/robot_control/lib/robot_control
[2.319s] Installing define_working_frame_needle script to /home/mo/Thesis/install/robot_control/lib/robot_control
[2.319s] Installing hook_data_listener script to /home/mo/Thesis/install/robot_control/lib/robot_control
[2.319s] Installing ibvs_2d script to /home/mo/Thesis/install/robot_control/lib/robot_control
[2.319s] Installing ik_example_node script to /home/mo/Thesis/install/robot_control/lib/robot_control
[2.320s] Installing ik_solver_node script to /home/mo/Thesis/install/robot_control/lib/robot_control
[2.320s] Installing ptp_movement_node script to /home/mo/Thesis/install/robot_control/lib/robot_control
[2.320s] Installing scan_bar script to /home/mo/Thesis/install/robot_control/lib/robot_control
[2.320s] Installing scan_bar_combined_triangulation script to /home/mo/Thesis/install/robot_control/lib/robot_control
[2.320s] Installing scan_bar_horizontal_triangulation script to /home/mo/Thesis/install/robot_control/lib/robot_control
[2.320s] Installing scan_bar_horizontal_triangulation_pxmm script to /home/mo/Thesis/install/robot_control/lib/robot_control
[2.320s] Installing scan_bar_vertical_triangulation script to /home/mo/Thesis/install/robot_control/lib/robot_control
[2.320s] Installing set_working_frame_qr script to /home/mo/Thesis/install/robot_control/lib/robot_control
[2.320s] Installing seven_dof_ik_node script to /home/mo/Thesis/install/robot_control/lib/robot_control
[2.320s] Installing tcp_calibration script to /home/mo/Thesis/install/robot_control/lib/robot_control
[2.321s] Installing tf_frames_publisher script to /home/mo/Thesis/install/robot_control/lib/robot_control
[2.321s] Installing trajectory_frame_converter script to /home/mo/Thesis/install/robot_control/lib/robot_control
[2.321s] Installing trajectory_recorder script to /home/mo/Thesis/install/robot_control/lib/robot_control
[2.322s] writing list of installed files to '/home/mo/Thesis/build/robot_control/install.log'
[2.347s] Invoked command in '/home/mo/Thesis/src/robot_control' returned '0': CMAKE_PREFIX_PATH=/home/mo/Thesis/install/action_interfaces:/home/mo/Thesis/install/kr_example_cpp:/home/mo/Thesis/install/kr_msgs:/home/mo/Thesis/install/kdl_parser LD_LIBRARY_PATH=/home/mo/Thesis/install/action_interfaces/lib:/home/mo/Thesis/install/kr_msgs/lib:/home/mo/Thesis/install/kdl_parser/lib:/opt/ros/foxy/opt/yaml_cpp_vendor/lib:/opt/ros/foxy/opt/rviz_ogre_vendor/lib:/opt/ros/foxy/lib/x86_64-linux-gnu:/opt/ros/foxy/lib PYTHONPATH=/home/mo/Thesis/build/robot_control/prefix_override:/usr/lib/python3/dist-packages/colcon_core/task/python/colcon_distutils_commands:/home/mo/Thesis/install/robot_control/lib/python3.8/site-packages:/home/mo/Thesis/install/action_interfaces/lib/python3.8/site-packages:/home/mo/Thesis/install/vision/lib/python3.8/site-packages:/home/mo/Thesis/install/vcnanoz/lib/python3.8/site-packages:/home/mo/Thesis/install/sensopart_visor/lib/python3.8/site-packages:/home/mo/Thesis/install/robot_control/lib/python3.8/site-packages:/home/mo/Thesis/install/kr_example_python/lib/python3.8/site-packages:/home/mo/Thesis/install/kr_msgs/lib/python3.8/site-packages:/home/mo/Thesis/install/action_servers/lib/python3.8/site-packages:/opt/ros/foxy/lib/python3.8/site-packages /usr/bin/python3 -W ignore:setup.py install is deprecated -W ignore:easy_install command is deprecated setup.py egg_info --egg-base ../../build/robot_control build --build-base /home/mo/Thesis/build/robot_control/build install --record /home/mo/Thesis/build/robot_control/install.log --single-version-externally-managed install_data
