[1.431s] Invoking command in '/home/vboxuser/ros2_ws/src/vision': PYTHONPATH=/home/vboxuser/ros2_ws/build/vision/prefix_override:/usr/lib/python3/dist-packages/colcon_core/task/python/colcon_distutils_commands:/home/vboxuser/ros2_ws/install/vision/lib/python3.8/site-packages:${PYTHONPATH} /usr/bin/python3 -W ignore:setup.py install is deprecated setup.py egg_info --egg-base ../../build/vision build --build-base /home/vboxuser/ros2_ws/build/vision/build install --record /home/vboxuser/ros2_ws/build/vision/install.log --install-scripts $base/lib/vision --single-version-externally-managed install_data
[1.740s] running egg_info
[1.751s] writing ../../build/vision/vision.egg-info/PKG-INFO
[1.752s] writing dependency_links to ../../build/vision/vision.egg-info/dependency_links.txt
[1.752s] writing entry points to ../../build/vision/vision.egg-info/entry_points.txt
[1.753s] writing requirements to ../../build/vision/vision.egg-info/requires.txt
[1.753s] writing top-level names to ../../build/vision/vision.egg-info/top_level.txt
[1.781s] reading manifest file '../../build/vision/vision.egg-info/SOURCES.txt'
[1.781s] writing manifest file '../../build/vision/vision.egg-info/SOURCES.txt'
[1.781s] running build
[1.781s] running build_py
[1.781s] copying vision/stereo_triangulation_with_robot.py -> /home/vboxuser/ros2_ws/build/vision/build/lib/vision
[1.782s] running install
[1.785s] running install_lib
[1.785s] copying /home/vboxuser/ros2_ws/build/vision/build/lib/vision/stereo_triangulation_with_robot.py -> /home/vboxuser/ros2_ws/install/vision/lib/python3.8/site-packages/vision
[1.787s] byte-compiling /home/vboxuser/ros2_ws/install/vision/lib/python3.8/site-packages/vision/stereo_triangulation_with_robot.py to stereo_triangulation_with_robot.cpython-38.pyc
[1.792s] running install_data
[1.793s] running install_egg_info
[1.793s] removing '/home/vboxuser/ros2_ws/install/vision/lib/python3.8/site-packages/vision-0.0.0-py3.8.egg-info' (and everything under it)
[1.793s] Copying ../../build/vision/vision.egg-info to /home/vboxuser/ros2_ws/install/vision/lib/python3.8/site-packages/vision-0.0.0-py3.8.egg-info
[1.794s] running install_scripts
[1.818s] Installing calibration script to /home/vboxuser/ros2_ws/install/vision/lib/vision
[1.818s] Installing image_filters script to /home/vboxuser/ros2_ws/install/vision/lib/vision
[1.818s] Installing image_receiver script to /home/vboxuser/ros2_ws/install/vision/lib/vision
[1.818s] Installing point_finder_2d script to /home/vboxuser/ros2_ws/install/vision/lib/vision
[1.818s] Installing point_finder_3d script to /home/vboxuser/ros2_ws/install/vision/lib/vision
[1.818s] Installing stereo_triangulation script to /home/vboxuser/ros2_ws/install/vision/lib/vision
[1.818s] Installing stereo_triangulation_with_robot script to /home/vboxuser/ros2_ws/install/vision/lib/vision
[1.818s] Installing test_node script to /home/vboxuser/ros2_ws/install/vision/lib/vision
[1.818s] writing list of installed files to '/home/vboxuser/ros2_ws/build/vision/install.log'
[1.852s] Invoked command in '/home/vboxuser/ros2_ws/src/vision' returned '0': PYTHONPATH=/home/vboxuser/ros2_ws/build/vision/prefix_override:/usr/lib/python3/dist-packages/colcon_core/task/python/colcon_distutils_commands:/home/vboxuser/ros2_ws/install/vision/lib/python3.8/site-packages:${PYTHONPATH} /usr/bin/python3 -W ignore:setup.py install is deprecated setup.py egg_info --egg-base ../../build/vision build --build-base /home/vboxuser/ros2_ws/build/vision/build install --record /home/vboxuser/ros2_ws/build/vision/install.log --install-scripts $base/lib/vision --single-version-externally-managed install_data
