[0.768s] Invoking command in '/home/vboxuser/ros2_ws/src/vision': PYTHONPATH=/home/vboxuser/ros2_ws/build/vision/prefix_override:/usr/lib/python3/dist-packages/colcon_core/task/python/colcon_distutils_commands:/home/vboxuser/ros2_ws/install/vision/lib/python3.8/site-packages:${PYTHONPATH} /usr/bin/python3 -W ignore:setup.py install is deprecated setup.py egg_info --egg-base ../../build/vision build --build-base /home/vboxuser/ros2_ws/build/vision/build install --record /home/vboxuser/ros2_ws/build/vision/install.log --install-scripts $base/lib/vision --single-version-externally-managed install_data
[0.977s] running egg_info
[0.977s] writing ../../build/vision/vision.egg-info/PKG-INFO
[0.978s] writing dependency_links to ../../build/vision/vision.egg-info/dependency_links.txt
[0.978s] writing entry points to ../../build/vision/vision.egg-info/entry_points.txt
[0.982s] writing requirements to ../../build/vision/vision.egg-info/requires.txt
[0.982s] writing top-level names to ../../build/vision/vision.egg-info/top_level.txt
[1.010s] reading manifest file '../../build/vision/vision.egg-info/SOURCES.txt'
[1.011s] writing manifest file '../../build/vision/vision.egg-info/SOURCES.txt'
[1.011s] running build
[1.012s] running build_py
[1.013s] running install
[1.013s] running install_lib
[1.014s] running install_data
[1.015s] running install_egg_info
[1.016s] removing '/home/vboxuser/ros2_ws/install/vision/lib/python3.8/site-packages/vision-0.0.0-py3.8.egg-info' (and everything under it)
[1.017s] Copying ../../build/vision/vision.egg-info to /home/vboxuser/ros2_ws/install/vision/lib/python3.8/site-packages/vision-0.0.0-py3.8.egg-info
[1.019s] running install_scripts
[1.035s] Installing image_receiver script to /home/vboxuser/ros2_ws/install/vision/lib/vision
[1.035s] writing list of installed files to '/home/vboxuser/ros2_ws/build/vision/install.log'
[1.071s] Invoked command in '/home/vboxuser/ros2_ws/src/vision' returned '0': PYTHONPATH=/home/vboxuser/ros2_ws/build/vision/prefix_override:/usr/lib/python3/dist-packages/colcon_core/task/python/colcon_distutils_commands:/home/vboxuser/ros2_ws/install/vision/lib/python3.8/site-packages:${PYTHONPATH} /usr/bin/python3 -W ignore:setup.py install is deprecated setup.py egg_info --egg-base ../../build/vision build --build-base /home/vboxuser/ros2_ws/build/vision/build install --record /home/vboxuser/ros2_ws/build/vision/install.log --install-scripts $base/lib/vision --single-version-externally-managed install_data
