[1.593s] Invoking command in '/home/mo/Thesis/src/robot_control': CMAKE_PREFIX_PATH=/home/mo/Thesis/install/action_interfaces:/home/mo/Thesis/install/kr_example_cpp:/home/mo/Thesis/install/kr_msgs LD_LIBRARY_PATH=/home/mo/Thesis/install/action_interfaces/lib:/home/mo/Thesis/install/kr_msgs/lib:/opt/ros/foxy/opt/yaml_cpp_vendor/lib:/opt/ros/foxy/opt/rviz_ogre_vendor/lib:/opt/ros/foxy/lib/x86_64-linux-gnu:/opt/ros/foxy/lib PYTHONPATH=/home/mo/Thesis/build/robot_control/prefix_override:/usr/lib/python3/dist-packages/colcon_core/task/python/colcon_distutils_commands:/home/mo/Thesis/install/robot_control/lib/python3.8/site-packages:/home/mo/Thesis/install/action_interfaces/lib/python3.8/site-packages:/home/mo/Thesis/build/vision:/home/mo/Thesis/build/vcnanoz:/home/mo/Thesis/build/sensopart_visor:/home/mo/Thesis/build/robot_control:/home/mo/Thesis/build/kr_example_python:/home/mo/Thesis/build/action_servers:/home/mo/Thesis/install/vision/lib/python3.8/site-packages:/home/mo/Thesis/install/vcnanoz/lib/python3.8/site-packages:/home/mo/Thesis/install/sensopart_visor/lib/python3.8/site-packages:/home/mo/Thesis/install/robot_control/lib/python3.8/site-packages:/home/mo/Thesis/install/kr_example_python/lib/python3.8/site-packages:/home/mo/Thesis/install/kr_msgs/lib/python3.8/site-packages:/home/mo/Thesis/install/action_servers/lib/python3.8/site-packages:/opt/ros/foxy/lib/python3.8/site-packages /usr/bin/python3 -W ignore:setup.py install is deprecated -W ignore:easy_install command is deprecated setup.py egg_info --egg-base ../../build/robot_control build --build-base /home/mo/Thesis/build/robot_control/build install --record /home/mo/Thesis/build/robot_control/install.log --single-version-externally-managed install_data
[1.921s] running egg_info
[1.939s] writing ../../build/robot_control/robot_control.egg-info/PKG-INFO
[1.939s] writing dependency_links to ../../build/robot_control/robot_control.egg-info/dependency_links.txt
[1.940s] writing entry points to ../../build/robot_control/robot_control.egg-info/entry_points.txt
[1.940s] writing requirements to ../../build/robot_control/robot_control.egg-info/requires.txt
[1.940s] writing top-level names to ../../build/robot_control/robot_control.egg-info/top_level.txt
[2.096s] reading manifest file '../../build/robot_control/robot_control.egg-info/SOURCES.txt'
[2.097s] writing manifest file '../../build/robot_control/robot_control.egg-info/SOURCES.txt'
[2.097s] running build
[2.097s] running build_py
[2.098s] copying robot_control/set_working_frame_qr.py -> /home/mo/Thesis/build/robot_control/build/lib/robot_control
[2.098s] copying robot_control/define_working_frame_needle.py -> /home/mo/Thesis/build/robot_control/build/lib/robot_control
[2.098s] copying robot_control/scan_bar_vertical_triangulation.py -> /home/mo/Thesis/build/robot_control/build/lib/robot_control
[2.098s] copying robot_control/MoveTcpAlongAxis_action_client.py -> /home/mo/Thesis/build/robot_control/build/lib/robot_control
[2.098s] copying robot_control/ibvs_2d.py -> /home/mo/Thesis/build/robot_control/build/lib/robot_control
[2.099s] copying robot_control/tf_frames_publisher.py -> /home/mo/Thesis/build/robot_control/build/lib/robot_control
[2.099s] copying robot_control/attachment_control_trajectory.py -> /home/mo/Thesis/build/robot_control/build/lib/robot_control
[2.099s] copying robot_control/scan_bar_horizontal_triangulation_pxmm.py -> /home/mo/Thesis/build/robot_control/build/lib/robot_control
[2.099s] copying robot_control/attachment_control_servoing.py -> /home/mo/Thesis/build/robot_control/build/lib/robot_control
[2.099s] copying robot_control/scan_bar_combined_triangulation.py -> /home/mo/Thesis/build/robot_control/build/lib/robot_control
[2.100s] copying robot_control/scan_bar_horizontal_triangulation.py -> /home/mo/Thesis/build/robot_control/build/lib/robot_control
[2.100s] copying robot_control/scan_bar_combined_triangulation_old.py -> /home/mo/Thesis/build/robot_control/build/lib/robot_control
[2.100s] copying robot_control/hook_data_listener.py -> /home/mo/Thesis/build/robot_control/build/lib/robot_control
[2.100s] copying robot_control/scan_bar.py -> /home/mo/Thesis/build/robot_control/build/lib/robot_control
[2.100s] copying robot_control/__init__.py -> /home/mo/Thesis/build/robot_control/build/lib/robot_control
[2.101s] copying FC/FC_trajectory_controller.py -> /home/mo/Thesis/build/robot_control/build/lib/FC
[2.101s] copying FC/FC_triangulation_processor.py -> /home/mo/Thesis/build/robot_control/build/lib/FC
[2.101s] copying FC/FC_gripper_handler.py -> /home/mo/Thesis/build/robot_control/build/lib/FC
[2.101s] copying FC/FC_controller_data_logger.py -> /home/mo/Thesis/build/robot_control/build/lib/FC
[2.101s] copying FC/FC_doc_visualization.py -> /home/mo/Thesis/build/robot_control/build/lib/FC
[2.102s] copying FC/FC_save_load_global_hook_dict.py -> /home/mo/Thesis/build/robot_control/build/lib/FC
[2.102s] copying FC/FC_call_move_spline_service.py -> /home/mo/Thesis/build/robot_control/build/lib/FC
[2.102s] copying FC/FC_hook_geometrics_handler_for_trajectory.py -> /home/mo/Thesis/build/robot_control/build/lib/FC
[2.102s] copying FC/FC_call_move_linear_service.py -> /home/mo/Thesis/build/robot_control/build/lib/FC
[2.102s] copying FC/FC_stereo_triangulation_processor.py -> /home/mo/Thesis/build/robot_control/build/lib/FC
[2.102s] copying FC/FC_frame_handler.py -> /home/mo/Thesis/build/robot_control/build/lib/FC
[2.103s] copying FC/FC_cam_geometrics_handler.py -> /home/mo/Thesis/build/robot_control/build/lib/FC
[2.103s] copying FC/FC_dict_receive_processing.py -> /home/mo/Thesis/build/robot_control/build/lib/FC
[2.103s] copying FC/FC_parameterized_cubic_spline.py -> /home/mo/Thesis/build/robot_control/build/lib/FC
[2.103s] copying FC/__init__.py -> /home/mo/Thesis/build/robot_control/build/lib/FC
[2.103s] copying FC/FC_edge_detector.py -> /home/mo/Thesis/build/robot_control/build/lib/FC
[2.104s] running install
[2.108s] running install_lib
[2.129s] copying /home/mo/Thesis/build/robot_control/build/lib/robot_control/scan_bar_horizontal_triangulation.py -> /home/mo/Thesis/install/robot_control/lib/python3.8/site-packages/robot_control
[2.130s] copying /home/mo/Thesis/build/robot_control/build/lib/FC/FC_edge_detector.py -> /home/mo/Thesis/install/robot_control/lib/python3.8/site-packages/FC
[2.131s] byte-compiling /home/mo/Thesis/install/robot_control/lib/python3.8/site-packages/robot_control/scan_bar_horizontal_triangulation.py to scan_bar_horizontal_triangulation.cpython-38.pyc
[2.135s] byte-compiling /home/mo/Thesis/install/robot_control/lib/python3.8/site-packages/FC/FC_edge_detector.py to FC_edge_detector.cpython-38.pyc
[2.135s] running install_data
[2.135s] copying resource/robot_control -> /home/mo/Thesis/install/robot_control/share/ament_index/resource_index/packages
[2.136s] copying package.xml -> /home/mo/Thesis/install/robot_control/share/robot_control
[2.136s] copying launch/vc_vision_launch.py -> /home/mo/Thesis/install/robot_control/share/robot_control/launch
[2.136s] copying launch/vc_vision_dualcam_launch.py -> /home/mo/Thesis/install/robot_control/share/robot_control/launch
[2.136s] copying launch/scan_bar_launch.py -> /home/mo/Thesis/install/robot_control/share/robot_control/launch
[2.137s] copying config/vc_params.yaml -> /home/mo/Thesis/install/robot_control/share/robot_control/config
[2.137s] running install_egg_info
[2.158s] removing '/home/mo/Thesis/install/robot_control/lib/python3.8/site-packages/robot_control-0.0.0-py3.8.egg-info' (and everything under it)
[2.158s] Copying ../../build/robot_control/robot_control.egg-info to /home/mo/Thesis/install/robot_control/lib/python3.8/site-packages/robot_control-0.0.0-py3.8.egg-info
[2.159s] running install_scripts
[2.205s] Installing MoveTcpAlongAxis_action_client script to /home/mo/Thesis/install/robot_control/lib/robot_control
[2.205s] Installing attachment_control_servoing script to /home/mo/Thesis/install/robot_control/lib/robot_control
[2.206s] Installing attachment_control_trajectory script to /home/mo/Thesis/install/robot_control/lib/robot_control
[2.206s] Installing define_working_frame_needle script to /home/mo/Thesis/install/robot_control/lib/robot_control
[2.206s] Installing hook_data_listener script to /home/mo/Thesis/install/robot_control/lib/robot_control
[2.206s] Installing ibvs_2d script to /home/mo/Thesis/install/robot_control/lib/robot_control
[2.206s] Installing scan_bar script to /home/mo/Thesis/install/robot_control/lib/robot_control
[2.206s] Installing scan_bar_combined_triangulation script to /home/mo/Thesis/install/robot_control/lib/robot_control
[2.206s] Installing scan_bar_horizontal_triangulation script to /home/mo/Thesis/install/robot_control/lib/robot_control
[2.206s] Installing scan_bar_horizontal_triangulation_pxmm script to /home/mo/Thesis/install/robot_control/lib/robot_control
[2.207s] Installing scan_bar_vertical_triangulation script to /home/mo/Thesis/install/robot_control/lib/robot_control
[2.207s] Installing set_working_frame_qr script to /home/mo/Thesis/install/robot_control/lib/robot_control
[2.207s] Installing tf_frames_publisher script to /home/mo/Thesis/install/robot_control/lib/robot_control
[2.208s] writing list of installed files to '/home/mo/Thesis/build/robot_control/install.log'
[2.241s] Invoked command in '/home/mo/Thesis/src/robot_control' returned '0': CMAKE_PREFIX_PATH=/home/mo/Thesis/install/action_interfaces:/home/mo/Thesis/install/kr_example_cpp:/home/mo/Thesis/install/kr_msgs LD_LIBRARY_PATH=/home/mo/Thesis/install/action_interfaces/lib:/home/mo/Thesis/install/kr_msgs/lib:/opt/ros/foxy/opt/yaml_cpp_vendor/lib:/opt/ros/foxy/opt/rviz_ogre_vendor/lib:/opt/ros/foxy/lib/x86_64-linux-gnu:/opt/ros/foxy/lib PYTHONPATH=/home/mo/Thesis/build/robot_control/prefix_override:/usr/lib/python3/dist-packages/colcon_core/task/python/colcon_distutils_commands:/home/mo/Thesis/install/robot_control/lib/python3.8/site-packages:/home/mo/Thesis/install/action_interfaces/lib/python3.8/site-packages:/home/mo/Thesis/build/vision:/home/mo/Thesis/build/vcnanoz:/home/mo/Thesis/build/sensopart_visor:/home/mo/Thesis/build/robot_control:/home/mo/Thesis/build/kr_example_python:/home/mo/Thesis/build/action_servers:/home/mo/Thesis/install/vision/lib/python3.8/site-packages:/home/mo/Thesis/install/vcnanoz/lib/python3.8/site-packages:/home/mo/Thesis/install/sensopart_visor/lib/python3.8/site-packages:/home/mo/Thesis/install/robot_control/lib/python3.8/site-packages:/home/mo/Thesis/install/kr_example_python/lib/python3.8/site-packages:/home/mo/Thesis/install/kr_msgs/lib/python3.8/site-packages:/home/mo/Thesis/install/action_servers/lib/python3.8/site-packages:/opt/ros/foxy/lib/python3.8/site-packages /usr/bin/python3 -W ignore:setup.py install is deprecated -W ignore:easy_install command is deprecated setup.py egg_info --egg-base ../../build/robot_control build --build-base /home/mo/Thesis/build/robot_control/build install --record /home/mo/Thesis/build/robot_control/install.log --single-version-externally-managed install_data
