[0.088s] Invoking command in '/home/vboxuser/ros2_ws/build/realsense2_camera_msgs': CMAKE_PREFIX_PATH=${CMAKE_PREFIX_PATH}:/home/vboxuser/ros2_ws/install/vision:/home/vboxuser/ros2_ws/install/vcnanoz:/home/vboxuser/ros2_ws/install/robot_control:/home/vboxuser/ros2_ws/install/kr_example_python:/home/vboxuser/ros2_ws/install/bt_pkg:/home/vboxuser/ros2_ws/install/action_servers:/opt/ros/foxy /usr/bin/cmake --build /home/vboxuser/ros2_ws/build/realsense2_camera_msgs -- -j8 -l8
[0.804s] [  1%] Built target realsense2_camera_msgs__cpp
[0.804s] [ 12%] Built target realsense2_camera_msgs__rosidl_generator_c
[0.804s] [ 23%] Built target realsense2_camera_msgs__rosidl_typesupport_cpp
[0.804s] [ 39%] Built target realsense2_camera_msgs__rosidl_typesupport_introspection_c
[0.805s] [ 46%] Built target realsense2_camera_msgs__rosidl_typesupport_introspection_cpp
[0.805s] [ 57%] Built target realsense2_camera_msgs__rosidl_typesupport_fastrtps_cpp
[0.805s] [ 68%] Built target realsense2_camera_msgs__rosidl_typesupport_c
[0.805s] [ 79%] Built target realsense2_camera_msgs__rosidl_typesupport_fastrtps_c
[0.805s] [ 79%] Built target realsense2_camera_msgs
[0.805s] [ 80%] Built target realsense2_camera_msgs__py
[0.805s] [ 90%] Built target realsense2_camera_msgs__python
[0.805s] [ 93%] Built target realsense2_camera_msgs__rosidl_typesupport_introspection_c__pyext
[0.805s] [ 96%] Built target realsense2_camera_msgs__rosidl_typesupport_fastrtps_c__pyext
[0.805s] [100%] Built target realsense2_camera_msgs__rosidl_typesupport_c__pyext
[1.439s] Invoked command in '/home/vboxuser/ros2_ws/build/realsense2_camera_msgs' returned '0': CMAKE_PREFIX_PATH=${CMAKE_PREFIX_PATH}:/home/vboxuser/ros2_ws/install/vision:/home/vboxuser/ros2_ws/install/vcnanoz:/home/vboxuser/ros2_ws/install/robot_control:/home/vboxuser/ros2_ws/install/kr_example_python:/home/vboxuser/ros2_ws/install/bt_pkg:/home/vboxuser/ros2_ws/install/action_servers:/opt/ros/foxy /usr/bin/cmake --build /home/vboxuser/ros2_ws/build/realsense2_camera_msgs -- -j8 -l8
[1.440s] Invoking command in '/home/vboxuser/ros2_ws/build/realsense2_camera_msgs': CMAKE_PREFIX_PATH=${CMAKE_PREFIX_PATH}:/home/vboxuser/ros2_ws/install/vision:/home/vboxuser/ros2_ws/install/vcnanoz:/home/vboxuser/ros2_ws/install/robot_control:/home/vboxuser/ros2_ws/install/kr_example_python:/home/vboxuser/ros2_ws/install/bt_pkg:/home/vboxuser/ros2_ws/install/action_servers:/opt/ros/foxy /usr/bin/cmake --install /home/vboxuser/ros2_ws/build/realsense2_camera_msgs
[1.536s] -- Install configuration: ""
[1.536s] -- Up-to-date: /home/vboxuser/ros2_ws/install/realsense2_camera_msgs/share/ament_index/resource_index/rosidl_interfaces/realsense2_camera_msgs
[1.537s] -- Up-to-date: /home/vboxuser/ros2_ws/install/realsense2_camera_msgs/include/realsense2_camera_msgs
[1.538s] -- Up-to-date: /home/vboxuser/ros2_ws/install/realsense2_camera_msgs/include/realsense2_camera_msgs/srv
[1.538s] -- Up-to-date: /home/vboxuser/ros2_ws/install/realsense2_camera_msgs/include/realsense2_camera_msgs/srv/device_info.h
[1.538s] -- Up-to-date: /home/vboxuser/ros2_ws/install/realsense2_camera_msgs/include/realsense2_camera_msgs/srv/detail
[1.539s] -- Up-to-date: /home/vboxuser/ros2_ws/install/realsense2_camera_msgs/include/realsense2_camera_msgs/srv/detail/device_info__struct.h
[1.539s] -- Up-to-date: /home/vboxuser/ros2_ws/install/realsense2_camera_msgs/include/realsense2_camera_msgs/srv/detail/device_info__type_support.h
[1.540s] -- Up-to-date: /home/vboxuser/ros2_ws/install/realsense2_camera_msgs/include/realsense2_camera_msgs/srv/detail/device_info__functions.h
[1.540s] -- Up-to-date: /home/vboxuser/ros2_ws/install/realsense2_camera_msgs/include/realsense2_camera_msgs/srv/detail/device_info__functions.c
[1.540s] -- Up-to-date: /home/vboxuser/ros2_ws/install/realsense2_camera_msgs/include/realsense2_camera_msgs/msg
[1.540s] -- Up-to-date: /home/vboxuser/ros2_ws/install/realsense2_camera_msgs/include/realsense2_camera_msgs/msg/rgbd.h
[1.541s] -- Up-to-date: /home/vboxuser/ros2_ws/install/realsense2_camera_msgs/include/realsense2_camera_msgs/msg/metadata.h
[1.542s] -- Up-to-date: /home/vboxuser/ros2_ws/install/realsense2_camera_msgs/include/realsense2_camera_msgs/msg/extrinsics.h
[1.542s] -- Up-to-date: /home/vboxuser/ros2_ws/install/realsense2_camera_msgs/include/realsense2_camera_msgs/msg/imu_info.h
[1.543s] -- Up-to-date: /home/vboxuser/ros2_ws/install/realsense2_camera_msgs/include/realsense2_camera_msgs/msg/rosidl_generator_c__visibility_control.h
[1.543s] -- Up-to-date: /home/vboxuser/ros2_ws/install/realsense2_camera_msgs/include/realsense2_camera_msgs/msg/detail
[1.543s] -- Up-to-date: /home/vboxuser/ros2_ws/install/realsense2_camera_msgs/include/realsense2_camera_msgs/msg/detail/extrinsics__type_support.h
[1.544s] -- Up-to-date: /home/vboxuser/ros2_ws/install/realsense2_camera_msgs/include/realsense2_camera_msgs/msg/detail/rgbd__functions.c
[1.544s] -- Up-to-date: /home/vboxuser/ros2_ws/install/realsense2_camera_msgs/include/realsense2_camera_msgs/msg/detail/extrinsics__functions.c
[1.544s] -- Up-to-date: /home/vboxuser/ros2_ws/install/realsense2_camera_msgs/include/realsense2_camera_msgs/msg/detail/imu_info__functions.c
[1.544s] -- Up-to-date: /home/vboxuser/ros2_ws/install/realsense2_camera_msgs/include/realsense2_camera_msgs/msg/detail/rgbd__type_support.h
[1.544s] -- Up-to-date: /home/vboxuser/ros2_ws/install/realsense2_camera_msgs/include/realsense2_camera_msgs/msg/detail/metadata__functions.h
[1.545s] -- Up-to-date: /home/vboxuser/ros2_ws/install/realsense2_camera_msgs/include/realsense2_camera_msgs/msg/detail/imu_info__type_support.h
[1.545s] -- Up-to-date: /home/vboxuser/ros2_ws/install/realsense2_camera_msgs/include/realsense2_camera_msgs/msg/detail/imu_info__struct.h
[1.546s] -- Up-to-date: /home/vboxuser/ros2_ws/install/realsense2_camera_msgs/include/realsense2_camera_msgs/msg/detail/rgbd__functions.h
[1.546s] -- Up-to-date: /home/vboxuser/ros2_ws/install/realsense2_camera_msgs/include/realsense2_camera_msgs/msg/detail/imu_info__functions.h
[1.546s] -- Up-to-date: /home/vboxuser/ros2_ws/install/realsense2_camera_msgs/include/realsense2_camera_msgs/msg/detail/metadata__type_support.h
[1.547s] -- Up-to-date: /home/vboxuser/ros2_ws/install/realsense2_camera_msgs/include/realsense2_camera_msgs/msg/detail/extrinsics__struct.h
[1.547s] -- Up-to-date: /home/vboxuser/ros2_ws/install/realsense2_camera_msgs/include/realsense2_camera_msgs/msg/detail/rgbd__struct.h
[1.548s] -- Up-to-date: /home/vboxuser/ros2_ws/install/realsense2_camera_msgs/include/realsense2_camera_msgs/msg/detail/metadata__struct.h
[1.548s] -- Up-to-date: /home/vboxuser/ros2_ws/install/realsense2_camera_msgs/include/realsense2_camera_msgs/msg/detail/metadata__functions.c
[1.548s] -- Up-to-date: /home/vboxuser/ros2_ws/install/realsense2_camera_msgs/include/realsense2_camera_msgs/msg/detail/extrinsics__functions.h
[1.548s] -- Up-to-date: /home/vboxuser/ros2_ws/install/realsense2_camera_msgs/share/realsense2_camera_msgs/environment/library_path.sh
[1.548s] -- Up-to-date: /home/vboxuser/ros2_ws/install/realsense2_camera_msgs/share/realsense2_camera_msgs/environment/library_path.dsv
[1.549s] -- Up-to-date: /home/vboxuser/ros2_ws/install/realsense2_camera_msgs/lib/librealsense2_camera_msgs__rosidl_generator_c.so
[1.551s] -- Up-to-date: /home/vboxuser/ros2_ws/install/realsense2_camera_msgs/include/realsense2_camera_msgs
[1.551s] -- Up-to-date: /home/vboxuser/ros2_ws/install/realsense2_camera_msgs/include/realsense2_camera_msgs/srv
[1.551s] -- Up-to-date: /home/vboxuser/ros2_ws/install/realsense2_camera_msgs/include/realsense2_camera_msgs/srv/detail
[1.551s] -- Up-to-date: /home/vboxuser/ros2_ws/install/realsense2_camera_msgs/include/realsense2_camera_msgs/srv/detail/device_info__rosidl_typesupport_fastrtps_c.h
[1.551s] -- Up-to-date: /home/vboxuser/ros2_ws/install/realsense2_camera_msgs/include/realsense2_camera_msgs/msg
[1.552s] -- Up-to-date: /home/vboxuser/ros2_ws/install/realsense2_camera_msgs/include/realsense2_camera_msgs/msg/rosidl_typesupport_fastrtps_c__visibility_control.h
[1.552s] -- Up-to-date: /home/vboxuser/ros2_ws/install/realsense2_camera_msgs/include/realsense2_camera_msgs/msg/detail
[1.552s] -- Up-to-date: /home/vboxuser/ros2_ws/install/realsense2_camera_msgs/include/realsense2_camera_msgs/msg/detail/rgbd__rosidl_typesupport_fastrtps_c.h
[1.552s] -- Up-to-date: /home/vboxuser/ros2_ws/install/realsense2_camera_msgs/include/realsense2_camera_msgs/msg/detail/extrinsics__rosidl_typesupport_fastrtps_c.h
[1.552s] -- Up-to-date: /home/vboxuser/ros2_ws/install/realsense2_camera_msgs/include/realsense2_camera_msgs/msg/detail/metadata__rosidl_typesupport_fastrtps_c.h
[1.553s] -- Up-to-date: /home/vboxuser/ros2_ws/install/realsense2_camera_msgs/include/realsense2_camera_msgs/msg/detail/imu_info__rosidl_typesupport_fastrtps_c.h
[1.553s] -- Up-to-date: /home/vboxuser/ros2_ws/install/realsense2_camera_msgs/lib/librealsense2_camera_msgs__rosidl_typesupport_fastrtps_c.so
[1.553s] -- Up-to-date: /home/vboxuser/ros2_ws/install/realsense2_camera_msgs/include/realsense2_camera_msgs
[1.555s] -- Up-to-date: /home/vboxuser/ros2_ws/install/realsense2_camera_msgs/include/realsense2_camera_msgs/srv
[1.555s] -- Up-to-date: /home/vboxuser/ros2_ws/install/realsense2_camera_msgs/include/realsense2_camera_msgs/srv/detail
[1.556s] -- Up-to-date: /home/vboxuser/ros2_ws/install/realsense2_camera_msgs/include/realsense2_camera_msgs/srv/detail/device_info__rosidl_typesupport_fastrtps_cpp.hpp
[1.556s] -- Up-to-date: /home/vboxuser/ros2_ws/install/realsense2_camera_msgs/include/realsense2_camera_msgs/srv/detail/dds_fastrtps
[1.556s] -- Up-to-date: /home/vboxuser/ros2_ws/install/realsense2_camera_msgs/include/realsense2_camera_msgs/msg
[1.556s] -- Up-to-date: /home/vboxuser/ros2_ws/install/realsense2_camera_msgs/include/realsense2_camera_msgs/msg/rosidl_typesupport_fastrtps_cpp__visibility_control.h
[1.557s] -- Up-to-date: /home/vboxuser/ros2_ws/install/realsense2_camera_msgs/include/realsense2_camera_msgs/msg/detail
[1.558s] -- Up-to-date: /home/vboxuser/ros2_ws/install/realsense2_camera_msgs/include/realsense2_camera_msgs/msg/detail/metadata__rosidl_typesupport_fastrtps_cpp.hpp
[1.558s] -- Up-to-date: /home/vboxuser/ros2_ws/install/realsense2_camera_msgs/include/realsense2_camera_msgs/msg/detail/extrinsics__rosidl_typesupport_fastrtps_cpp.hpp
[1.559s] -- Up-to-date: /home/vboxuser/ros2_ws/install/realsense2_camera_msgs/include/realsense2_camera_msgs/msg/detail/rgbd__rosidl_typesupport_fastrtps_cpp.hpp
[1.559s] -- Up-to-date: /home/vboxuser/ros2_ws/install/realsense2_camera_msgs/include/realsense2_camera_msgs/msg/detail/imu_info__rosidl_typesupport_fastrtps_cpp.hpp
[1.559s] -- Up-to-date: /home/vboxuser/ros2_ws/install/realsense2_camera_msgs/include/realsense2_camera_msgs/msg/detail/dds_fastrtps
[1.560s] -- Up-to-date: /home/vboxuser/ros2_ws/install/realsense2_camera_msgs/lib/librealsense2_camera_msgs__rosidl_typesupport_fastrtps_cpp.so
[1.560s] -- Up-to-date: /home/vboxuser/ros2_ws/install/realsense2_camera_msgs/include/realsense2_camera_msgs
[1.563s] -- Up-to-date: /home/vboxuser/ros2_ws/install/realsense2_camera_msgs/include/realsense2_camera_msgs/srv
[1.564s] -- Up-to-date: /home/vboxuser/ros2_ws/install/realsense2_camera_msgs/include/realsense2_camera_msgs/srv/detail
[1.565s] -- Up-to-date: /home/vboxuser/ros2_ws/install/realsense2_camera_msgs/include/realsense2_camera_msgs/srv/detail/device_info__rosidl_typesupport_introspection_c.h
[1.566s] -- Up-to-date: /home/vboxuser/ros2_ws/install/realsense2_camera_msgs/include/realsense2_camera_msgs/srv/detail/device_info__type_support.c
[1.566s] -- Up-to-date: /home/vboxuser/ros2_ws/install/realsense2_camera_msgs/include/realsense2_camera_msgs/msg
[1.566s] -- Up-to-date: /home/vboxuser/ros2_ws/install/realsense2_camera_msgs/include/realsense2_camera_msgs/msg/rosidl_typesupport_introspection_c__visibility_control.h
[1.566s] -- Up-to-date: /home/vboxuser/ros2_ws/install/realsense2_camera_msgs/include/realsense2_camera_msgs/msg/detail
[1.567s] -- Up-to-date: /home/vboxuser/ros2_ws/install/realsense2_camera_msgs/include/realsense2_camera_msgs/msg/detail/imu_info__rosidl_typesupport_introspection_c.h
[1.567s] -- Up-to-date: /home/vboxuser/ros2_ws/install/realsense2_camera_msgs/include/realsense2_camera_msgs/msg/detail/rgbd__rosidl_typesupport_introspection_c.h
[1.567s] -- Up-to-date: /home/vboxuser/ros2_ws/install/realsense2_camera_msgs/include/realsense2_camera_msgs/msg/detail/metadata__rosidl_typesupport_introspection_c.h
[1.567s] -- Up-to-date: /home/vboxuser/ros2_ws/install/realsense2_camera_msgs/include/realsense2_camera_msgs/msg/detail/metadata__type_support.c
[1.568s] -- Up-to-date: /home/vboxuser/ros2_ws/install/realsense2_camera_msgs/include/realsense2_camera_msgs/msg/detail/extrinsics__rosidl_typesupport_introspection_c.h
[1.568s] -- Up-to-date: /home/vboxuser/ros2_ws/install/realsense2_camera_msgs/include/realsense2_camera_msgs/msg/detail/extrinsics__type_support.c
[1.568s] -- Up-to-date: /home/vboxuser/ros2_ws/install/realsense2_camera_msgs/include/realsense2_camera_msgs/msg/detail/rgbd__type_support.c
[1.568s] -- Up-to-date: /home/vboxuser/ros2_ws/install/realsense2_camera_msgs/include/realsense2_camera_msgs/msg/detail/imu_info__type_support.c
[1.569s] -- Up-to-date: /home/vboxuser/ros2_ws/install/realsense2_camera_msgs/lib/librealsense2_camera_msgs__rosidl_typesupport_introspection_c.so
[1.569s] -- Up-to-date: /home/vboxuser/ros2_ws/install/realsense2_camera_msgs/lib/librealsense2_camera_msgs__rosidl_typesupport_c.so
[1.569s] -- Up-to-date: /home/vboxuser/ros2_ws/install/realsense2_camera_msgs/include/realsense2_camera_msgs
[1.569s] -- Up-to-date: /home/vboxuser/ros2_ws/install/realsense2_camera_msgs/include/realsense2_camera_msgs/srv
[1.569s] -- Up-to-date: /home/vboxuser/ros2_ws/install/realsense2_camera_msgs/include/realsense2_camera_msgs/srv/device_info.hpp
[1.569s] -- Up-to-date: /home/vboxuser/ros2_ws/install/realsense2_camera_msgs/include/realsense2_camera_msgs/srv/detail
[1.570s] -- Up-to-date: /home/vboxuser/ros2_ws/install/realsense2_camera_msgs/include/realsense2_camera_msgs/srv/detail/device_info__builder.hpp
[1.570s] -- Up-to-date: /home/vboxuser/ros2_ws/install/realsense2_camera_msgs/include/realsense2_camera_msgs/srv/detail/device_info__struct.hpp
[1.570s] -- Up-to-date: /home/vboxuser/ros2_ws/install/realsense2_camera_msgs/include/realsense2_camera_msgs/srv/detail/device_info__traits.hpp
[1.571s] -- Up-to-date: /home/vboxuser/ros2_ws/install/realsense2_camera_msgs/include/realsense2_camera_msgs/srv/detail/device_info__type_support.hpp
[1.571s] -- Up-to-date: /home/vboxuser/ros2_ws/install/realsense2_camera_msgs/include/realsense2_camera_msgs/msg
[1.572s] -- Up-to-date: /home/vboxuser/ros2_ws/install/realsense2_camera_msgs/include/realsense2_camera_msgs/msg/rosidl_generator_cpp__visibility_control.hpp
[1.572s] -- Up-to-date: /home/vboxuser/ros2_ws/install/realsense2_camera_msgs/include/realsense2_camera_msgs/msg/extrinsics.hpp
[1.572s] -- Up-to-date: /home/vboxuser/ros2_ws/install/realsense2_camera_msgs/include/realsense2_camera_msgs/msg/metadata.hpp
[1.572s] -- Up-to-date: /home/vboxuser/ros2_ws/install/realsense2_camera_msgs/include/realsense2_camera_msgs/msg/imu_info.hpp
[1.573s] -- Up-to-date: /home/vboxuser/ros2_ws/install/realsense2_camera_msgs/include/realsense2_camera_msgs/msg/detail
[1.574s] -- Up-to-date: /home/vboxuser/ros2_ws/install/realsense2_camera_msgs/include/realsense2_camera_msgs/msg/detail/imu_info__traits.hpp
[1.574s] -- Up-to-date: /home/vboxuser/ros2_ws/install/realsense2_camera_msgs/include/realsense2_camera_msgs/msg/detail/metadata__struct.hpp
[1.575s] -- Up-to-date: /home/vboxuser/ros2_ws/install/realsense2_camera_msgs/include/realsense2_camera_msgs/msg/detail/rgbd__traits.hpp
[1.575s] -- Up-to-date: /home/vboxuser/ros2_ws/install/realsense2_camera_msgs/include/realsense2_camera_msgs/msg/detail/extrinsics__builder.hpp
[1.575s] -- Up-to-date: /home/vboxuser/ros2_ws/install/realsense2_camera_msgs/include/realsense2_camera_msgs/msg/detail/rgbd__builder.hpp
[1.576s] -- Up-to-date: /home/vboxuser/ros2_ws/install/realsense2_camera_msgs/include/realsense2_camera_msgs/msg/detail/extrinsics__type_support.hpp
[1.576s] -- Up-to-date: /home/vboxuser/ros2_ws/install/realsense2_camera_msgs/include/realsense2_camera_msgs/msg/detail/rgbd__struct.hpp
[1.576s] -- Up-to-date: /home/vboxuser/ros2_ws/install/realsense2_camera_msgs/include/realsense2_camera_msgs/msg/detail/metadata__type_support.hpp
[1.577s] -- Up-to-date: /home/vboxuser/ros2_ws/install/realsense2_camera_msgs/include/realsense2_camera_msgs/msg/detail/metadata__builder.hpp
[1.577s] -- Up-to-date: /home/vboxuser/ros2_ws/install/realsense2_camera_msgs/include/realsense2_camera_msgs/msg/detail/imu_info__builder.hpp
[1.578s] -- Up-to-date: /home/vboxuser/ros2_ws/install/realsense2_camera_msgs/include/realsense2_camera_msgs/msg/detail/extrinsics__traits.hpp
[1.578s] -- Up-to-date: /home/vboxuser/ros2_ws/install/realsense2_camera_msgs/include/realsense2_camera_msgs/msg/detail/imu_info__type_support.hpp
[1.579s] -- Up-to-date: /home/vboxuser/ros2_ws/install/realsense2_camera_msgs/include/realsense2_camera_msgs/msg/detail/imu_info__struct.hpp
[1.580s] -- Up-to-date: /home/vboxuser/ros2_ws/install/realsense2_camera_msgs/include/realsense2_camera_msgs/msg/detail/extrinsics__struct.hpp
[1.581s] -- Up-to-date: /home/vboxuser/ros2_ws/install/realsense2_camera_msgs/include/realsense2_camera_msgs/msg/detail/metadata__traits.hpp
[1.581s] -- Up-to-date: /home/vboxuser/ros2_ws/install/realsense2_camera_msgs/include/realsense2_camera_msgs/msg/detail/rgbd__type_support.hpp
[1.582s] -- Up-to-date: /home/vboxuser/ros2_ws/install/realsense2_camera_msgs/include/realsense2_camera_msgs/msg/rgbd.hpp
[1.582s] -- Up-to-date: /home/vboxuser/ros2_ws/install/realsense2_camera_msgs/include/realsense2_camera_msgs
[1.582s] -- Up-to-date: /home/vboxuser/ros2_ws/install/realsense2_camera_msgs/include/realsense2_camera_msgs/srv
[1.582s] -- Up-to-date: /home/vboxuser/ros2_ws/install/realsense2_camera_msgs/include/realsense2_camera_msgs/srv/detail
[1.583s] -- Up-to-date: /home/vboxuser/ros2_ws/install/realsense2_camera_msgs/include/realsense2_camera_msgs/srv/detail/device_info__type_support.cpp
[1.583s] -- Up-to-date: /home/vboxuser/ros2_ws/install/realsense2_camera_msgs/include/realsense2_camera_msgs/srv/detail/device_info__rosidl_typesupport_introspection_cpp.hpp
[1.583s] -- Up-to-date: /home/vboxuser/ros2_ws/install/realsense2_camera_msgs/include/realsense2_camera_msgs/msg
[1.584s] -- Up-to-date: /home/vboxuser/ros2_ws/install/realsense2_camera_msgs/include/realsense2_camera_msgs/msg/detail
[1.584s] -- Up-to-date: /home/vboxuser/ros2_ws/install/realsense2_camera_msgs/include/realsense2_camera_msgs/msg/detail/imu_info__type_support.cpp
[1.584s] -- Up-to-date: /home/vboxuser/ros2_ws/install/realsense2_camera_msgs/include/realsense2_camera_msgs/msg/detail/metadata__rosidl_typesupport_introspection_cpp.hpp
[1.585s] -- Up-to-date: /home/vboxuser/ros2_ws/install/realsense2_camera_msgs/include/realsense2_camera_msgs/msg/detail/metadata__type_support.cpp
[1.586s] -- Up-to-date: /home/vboxuser/ros2_ws/install/realsense2_camera_msgs/include/realsense2_camera_msgs/msg/detail/extrinsics__type_support.cpp
[1.587s] -- Up-to-date: /home/vboxuser/ros2_ws/install/realsense2_camera_msgs/include/realsense2_camera_msgs/msg/detail/rgbd__rosidl_typesupport_introspection_cpp.hpp
[1.587s] -- Up-to-date: /home/vboxuser/ros2_ws/install/realsense2_camera_msgs/include/realsense2_camera_msgs/msg/detail/extrinsics__rosidl_typesupport_introspection_cpp.hpp
[1.588s] -- Up-to-date: /home/vboxuser/ros2_ws/install/realsense2_camera_msgs/include/realsense2_camera_msgs/msg/detail/rgbd__type_support.cpp
[1.588s] -- Up-to-date: /home/vboxuser/ros2_ws/install/realsense2_camera_msgs/include/realsense2_camera_msgs/msg/detail/imu_info__rosidl_typesupport_introspection_cpp.hpp
[1.588s] -- Up-to-date: /home/vboxuser/ros2_ws/install/realsense2_camera_msgs/lib/librealsense2_camera_msgs__rosidl_typesupport_introspection_cpp.so
[1.589s] -- Up-to-date: /home/vboxuser/ros2_ws/install/realsense2_camera_msgs/lib/librealsense2_camera_msgs__rosidl_typesupport_cpp.so
[1.589s] -- Up-to-date: /home/vboxuser/ros2_ws/install/realsense2_camera_msgs/share/realsense2_camera_msgs/environment/pythonpath.sh
[1.589s] -- Up-to-date: /home/vboxuser/ros2_ws/install/realsense2_camera_msgs/share/realsense2_camera_msgs/environment/pythonpath.dsv
[1.590s] -- Up-to-date: /home/vboxuser/ros2_ws/install/realsense2_camera_msgs/lib/python3.8/site-packages/realsense2_camera_msgs/__init__.py
[1.602s] -- Up-to-date: /home/vboxuser/ros2_ws/install/realsense2_camera_msgs/lib/python3.8/site-packages/realsense2_camera_msgs/msg
[1.640s] -- Up-to-date: /home/vboxuser/ros2_ws/install/realsense2_camera_msgs/lib/python3.8/site-packages/realsense2_camera_msgs/msg/_metadata_s.c
[1.641s] -- Up-to-date: /home/vboxuser/ros2_ws/install/realsense2_camera_msgs/lib/python3.8/site-packages/realsense2_camera_msgs/msg/_extrinsics.py
[1.641s] -- Up-to-date: /home/vboxuser/ros2_ws/install/realsense2_camera_msgs/lib/python3.8/site-packages/realsense2_camera_msgs/msg/_rgbd_s.c
[1.642s] -- Up-to-date: /home/vboxuser/ros2_ws/install/realsense2_camera_msgs/lib/python3.8/site-packages/realsense2_camera_msgs/msg/_imu_info_s.c
[1.642s] -- Up-to-date: /home/vboxuser/ros2_ws/install/realsense2_camera_msgs/lib/python3.8/site-packages/realsense2_camera_msgs/msg/_extrinsics_s.c
[1.642s] -- Up-to-date: /home/vboxuser/ros2_ws/install/realsense2_camera_msgs/lib/python3.8/site-packages/realsense2_camera_msgs/msg/_rgbd.py
[1.643s] -- Up-to-date: /home/vboxuser/ros2_ws/install/realsense2_camera_msgs/lib/python3.8/site-packages/realsense2_camera_msgs/msg/_imu_info.py
[1.645s] -- Up-to-date: /home/vboxuser/ros2_ws/install/realsense2_camera_msgs/lib/python3.8/site-packages/realsense2_camera_msgs/msg/_metadata.py
[1.645s] -- Up-to-date: /home/vboxuser/ros2_ws/install/realsense2_camera_msgs/lib/python3.8/site-packages/realsense2_camera_msgs/msg/__init__.py
[1.645s] -- Up-to-date: /home/vboxuser/ros2_ws/install/realsense2_camera_msgs/lib/python3.8/site-packages/realsense2_camera_msgs/srv
[1.646s] -- Up-to-date: /home/vboxuser/ros2_ws/install/realsense2_camera_msgs/lib/python3.8/site-packages/realsense2_camera_msgs/srv/_device_info_s.c
[1.646s] -- Up-to-date: /home/vboxuser/ros2_ws/install/realsense2_camera_msgs/lib/python3.8/site-packages/realsense2_camera_msgs/srv/_device_info.py
[1.646s] -- Up-to-date: /home/vboxuser/ros2_ws/install/realsense2_camera_msgs/lib/python3.8/site-packages/realsense2_camera_msgs/srv/__init__.py
[1.646s] -- Up-to-date: /home/vboxuser/ros2_ws/install/realsense2_camera_msgs/lib/python3.8/site-packages/realsense2_camera_msgs/realsense2_camera_msgs_s__rosidl_typesupport_fastrtps_c.cpython-38-x86_64-linux-gnu.so
[1.648s] -- Up-to-date: /home/vboxuser/ros2_ws/install/realsense2_camera_msgs/lib/python3.8/site-packages/realsense2_camera_msgs/realsense2_camera_msgs_s__rosidl_typesupport_introspection_c.cpython-38-x86_64-linux-gnu.so
[1.648s] -- Up-to-date: /home/vboxuser/ros2_ws/install/realsense2_camera_msgs/lib/python3.8/site-packages/realsense2_camera_msgs/realsense2_camera_msgs_s__rosidl_typesupport_c.cpython-38-x86_64-linux-gnu.so
[1.648s] -- Up-to-date: /home/vboxuser/ros2_ws/install/realsense2_camera_msgs/lib/librealsense2_camera_msgs__python.so
[1.648s] -- Up-to-date: /home/vboxuser/ros2_ws/install/realsense2_camera_msgs/share/realsense2_camera_msgs/msg/IMUInfo.idl
[1.649s] -- Up-to-date: /home/vboxuser/ros2_ws/install/realsense2_camera_msgs/share/realsense2_camera_msgs/msg/Extrinsics.idl
[1.650s] -- Up-to-date: /home/vboxuser/ros2_ws/install/realsense2_camera_msgs/share/realsense2_camera_msgs/msg/Metadata.idl
[1.650s] -- Up-to-date: /home/vboxuser/ros2_ws/install/realsense2_camera_msgs/share/realsense2_camera_msgs/msg/RGBD.idl
[1.650s] -- Up-to-date: /home/vboxuser/ros2_ws/install/realsense2_camera_msgs/share/realsense2_camera_msgs/srv/DeviceInfo.idl
[1.650s] -- Up-to-date: /home/vboxuser/ros2_ws/install/realsense2_camera_msgs/share/realsense2_camera_msgs/msg/IMUInfo.msg
[1.650s] -- Up-to-date: /home/vboxuser/ros2_ws/install/realsense2_camera_msgs/share/realsense2_camera_msgs/msg/Extrinsics.msg
[1.650s] -- Up-to-date: /home/vboxuser/ros2_ws/install/realsense2_camera_msgs/share/realsense2_camera_msgs/msg/Metadata.msg
[1.651s] -- Up-to-date: /home/vboxuser/ros2_ws/install/realsense2_camera_msgs/share/realsense2_camera_msgs/msg/RGBD.msg
[1.651s] -- Up-to-date: /home/vboxuser/ros2_ws/install/realsense2_camera_msgs/share/realsense2_camera_msgs/srv/DeviceInfo.srv
[1.651s] -- Up-to-date: /home/vboxuser/ros2_ws/install/realsense2_camera_msgs/share/realsense2_camera_msgs/srv/DeviceInfo_Request.msg
[1.652s] -- Up-to-date: /home/vboxuser/ros2_ws/install/realsense2_camera_msgs/share/realsense2_camera_msgs/srv/DeviceInfo_Response.msg
[1.652s] -- Up-to-date: /home/vboxuser/ros2_ws/install/realsense2_camera_msgs/share/ament_index/resource_index/package_run_dependencies/realsense2_camera_msgs
[1.654s] -- Up-to-date: /home/vboxuser/ros2_ws/install/realsense2_camera_msgs/share/ament_index/resource_index/parent_prefix_path/realsense2_camera_msgs
[1.654s] -- Up-to-date: /home/vboxuser/ros2_ws/install/realsense2_camera_msgs/share/realsense2_camera_msgs/environment/ament_prefix_path.sh
[1.654s] -- Up-to-date: /home/vboxuser/ros2_ws/install/realsense2_camera_msgs/share/realsense2_camera_msgs/environment/ament_prefix_path.dsv
[1.655s] -- Up-to-date: /home/vboxuser/ros2_ws/install/realsense2_camera_msgs/share/realsense2_camera_msgs/environment/path.sh
[1.655s] -- Up-to-date: /home/vboxuser/ros2_ws/install/realsense2_camera_msgs/share/realsense2_camera_msgs/environment/path.dsv
[1.655s] -- Up-to-date: /home/vboxuser/ros2_ws/install/realsense2_camera_msgs/share/realsense2_camera_msgs/local_setup.bash
[1.656s] -- Up-to-date: /home/vboxuser/ros2_ws/install/realsense2_camera_msgs/share/realsense2_camera_msgs/local_setup.sh
[1.656s] -- Up-to-date: /home/vboxuser/ros2_ws/install/realsense2_camera_msgs/share/realsense2_camera_msgs/local_setup.zsh
[1.656s] -- Up-to-date: /home/vboxuser/ros2_ws/install/realsense2_camera_msgs/share/realsense2_camera_msgs/local_setup.dsv
[1.657s] -- Installing: /home/vboxuser/ros2_ws/install/realsense2_camera_msgs/share/realsense2_camera_msgs/package.dsv
[1.657s] -- Up-to-date: /home/vboxuser/ros2_ws/install/realsense2_camera_msgs/share/ament_index/resource_index/packages/realsense2_camera_msgs
[1.657s] -- Up-to-date: /home/vboxuser/ros2_ws/install/realsense2_camera_msgs/share/realsense2_camera_msgs/cmake/realsense2_camera_msgs__rosidl_generator_cExport.cmake
[1.658s] -- Up-to-date: /home/vboxuser/ros2_ws/install/realsense2_camera_msgs/share/realsense2_camera_msgs/cmake/realsense2_camera_msgs__rosidl_generator_cExport-noconfig.cmake
[1.658s] -- Up-to-date: /home/vboxuser/ros2_ws/install/realsense2_camera_msgs/share/realsense2_camera_msgs/cmake/realsense2_camera_msgs__rosidl_typesupport_introspection_cExport.cmake
[1.659s] -- Up-to-date: /home/vboxuser/ros2_ws/install/realsense2_camera_msgs/share/realsense2_camera_msgs/cmake/realsense2_camera_msgs__rosidl_typesupport_introspection_cExport-noconfig.cmake
[1.659s] -- Up-to-date: /home/vboxuser/ros2_ws/install/realsense2_camera_msgs/share/realsense2_camera_msgs/cmake/realsense2_camera_msgs__rosidl_typesupport_cExport.cmake
[1.659s] -- Up-to-date: /home/vboxuser/ros2_ws/install/realsense2_camera_msgs/share/realsense2_camera_msgs/cmake/realsense2_camera_msgs__rosidl_typesupport_cExport-noconfig.cmake
[1.660s] -- Up-to-date: /home/vboxuser/ros2_ws/install/realsense2_camera_msgs/share/realsense2_camera_msgs/cmake/realsense2_camera_msgs__rosidl_generator_cppExport.cmake
[1.661s] -- Up-to-date: /home/vboxuser/ros2_ws/install/realsense2_camera_msgs/share/realsense2_camera_msgs/cmake/realsense2_camera_msgs__rosidl_typesupport_introspection_cppExport.cmake
[1.661s] -- Up-to-date: /home/vboxuser/ros2_ws/install/realsense2_camera_msgs/share/realsense2_camera_msgs/cmake/realsense2_camera_msgs__rosidl_typesupport_introspection_cppExport-noconfig.cmake
[1.662s] -- Up-to-date: /home/vboxuser/ros2_ws/install/realsense2_camera_msgs/share/realsense2_camera_msgs/cmake/realsense2_camera_msgs__rosidl_typesupport_cppExport.cmake
[1.662s] -- Up-to-date: /home/vboxuser/ros2_ws/install/realsense2_camera_msgs/share/realsense2_camera_msgs/cmake/realsense2_camera_msgs__rosidl_typesupport_cppExport-noconfig.cmake
[1.663s] -- Up-to-date: /home/vboxuser/ros2_ws/install/realsense2_camera_msgs/share/realsense2_camera_msgs/cmake/rosidl_cmake-extras.cmake
[1.663s] -- Up-to-date: /home/vboxuser/ros2_ws/install/realsense2_camera_msgs/share/realsense2_camera_msgs/cmake/ament_cmake_export_dependencies-extras.cmake
[1.663s] -- Up-to-date: /home/vboxuser/ros2_ws/install/realsense2_camera_msgs/share/realsense2_camera_msgs/cmake/ament_cmake_export_libraries-extras.cmake
[1.664s] -- Up-to-date: /home/vboxuser/ros2_ws/install/realsense2_camera_msgs/share/realsense2_camera_msgs/cmake/ament_cmake_export_targets-extras.cmake
[1.670s] -- Up-to-date: /home/vboxuser/ros2_ws/install/realsense2_camera_msgs/share/realsense2_camera_msgs/cmake/ament_cmake_export_include_directories-extras.cmake
[1.670s] -- Up-to-date: /home/vboxuser/ros2_ws/install/realsense2_camera_msgs/share/realsense2_camera_msgs/cmake/rosidl_cmake_export_typesupport_libraries-extras.cmake
[1.670s] -- Up-to-date: /home/vboxuser/ros2_ws/install/realsense2_camera_msgs/share/realsense2_camera_msgs/cmake/rosidl_cmake_export_typesupport_targets-extras.cmake
[1.670s] -- Up-to-date: /home/vboxuser/ros2_ws/install/realsense2_camera_msgs/share/realsense2_camera_msgs/cmake/realsense2_camera_msgsConfig.cmake
[1.670s] -- Up-to-date: /home/vboxuser/ros2_ws/install/realsense2_camera_msgs/share/realsense2_camera_msgs/cmake/realsense2_camera_msgsConfig-version.cmake
[1.671s] -- Up-to-date: /home/vboxuser/ros2_ws/install/realsense2_camera_msgs/share/realsense2_camera_msgs/package.xml
[1.766s] Invoked command in '/home/vboxuser/ros2_ws/build/realsense2_camera_msgs' returned '0': CMAKE_PREFIX_PATH=${CMAKE_PREFIX_PATH}:/home/vboxuser/ros2_ws/install/vision:/home/vboxuser/ros2_ws/install/vcnanoz:/home/vboxuser/ros2_ws/install/robot_control:/home/vboxuser/ros2_ws/install/kr_example_python:/home/vboxuser/ros2_ws/install/bt_pkg:/home/vboxuser/ros2_ws/install/action_servers:/opt/ros/foxy /usr/bin/cmake --install /home/vboxuser/ros2_ws/build/realsense2_camera_msgs
