-- Found ament_cmake: 0.9.12 (/opt/ros/foxy/share/ament_cmake/cmake)
-- Using PYTHON_EXECUTABLE: /usr/bin/python3
-- Override CMake install command with custom implementation using symlinks instead of copying resources
-- Found rclcpp: 2.4.3 (/opt/ros/foxy/share/rclcpp/cmake)
-- Using all available rosidl_typesupport_c: rosidl_typesupport_fastrtps_c;rosidl_typesupport_introspection_c
-- Found rosidl_adapter: 1.3.1 (/opt/ros/foxy/share/rosidl_adapter/cmake)
-- Using all available rosidl_typesupport_cpp: rosidl_typesupport_fastrtps_cpp;rosidl_typesupport_introspection_cpp
-- Found rmw_implementation_cmake: 1.0.4 (/opt/ros/foxy/share/rmw_implementation_cmake/cmake)
-- Using RMW implementation 'rmw_fastrtps_cpp' as default
-- Found kr_msgs: 0.0.0 (/home/vboxuser/ros2_ws/install/kr_msgs/share/kr_msgs/cmake)
-- Configuring done
-- Generating done
-- Build files have been written to: /home/vboxuser/ros2_ws/build/kr_example_cpp
[35m[1mScanning dependencies of target follow_joint[0m
[35m[1mScanning dependencies of target self_motion[0m
[35m[1mScanning dependencies of target robot_state[0m
[35m[1mScanning dependencies of target move_joint[0m
[35m[1mScanning dependencies of target jog_linear[0m
[ 10%] [32mBuilding CXX object CMakeFiles/robot_state.dir/src/robot_state.cpp.o[0m
[ 50%] [32mBuilding CXX object CMakeFiles/follow_joint.dir/src/follow_joint.cpp.o[0m
[ 50%] [32mBuilding CXX object CMakeFiles/jog_linear.dir/src/jog_linear.cpp.o[0m
[ 50%] [32mBuilding CXX object CMakeFiles/self_motion.dir/src/self_motion.cpp.o[0m
[ 50%] [32mBuilding CXX object CMakeFiles/move_joint.dir/src/move_joint.cpp.o[0m
[ 60%] [32m[1mLinking CXX executable move_joint[0m
/usr/bin/ld: /home/vboxuser/ros2_ws/install/kr_msgs/lib/libkr_msgs__rosidl_typesupport_cpp.so: undefined reference to `rosidl_service_type_support_t const* rosidl_typesupport_cpp::get_service_type_support_handle<action_msgs::srv::CancelGoal>()'
/usr/bin/ld: /home/vboxuser/ros2_ws/install/kr_msgs/lib/libkr_msgs__rosidl_typesupport_cpp.so: undefined reference to `rosidl_message_type_support_t const* rosidl_typesupport_cpp::get_message_type_support_handle<action_msgs::msg::GoalStatusArray_<std::allocator<void> > >()'
collect2: error: ld returned 1 exit status
make[2]: *** [CMakeFiles/move_joint.dir/build.make:141: move_joint] Fehler 1
make[1]: *** [CMakeFiles/Makefile2:194: CMakeFiles/move_joint.dir/all] Fehler 2
make[1]: *** Auf noch nicht beendete Prozesse wird gewartet …
[ 70%] [32m[1mLinking CXX executable follow_joint[0m
[ 80%] [32m[1mLinking CXX executable self_motion[0m
/usr/bin/ld: /home/vboxuser/ros2_ws/install/kr_msgs/lib/libkr_msgs__rosidl_typesupport_cpp.so: undefined reference to `rosidl_service_type_support_t const* rosidl_typesupport_cpp::get_service_type_support_handle<action_msgs::srv::CancelGoal>()'
/usr/bin/ld: /home/vboxuser/ros2_ws/install/kr_msgs/lib/libkr_msgs__rosidl_typesupport_cpp.so: undefined reference to `rosidl_message_type_support_t const* rosidl_typesupport_cpp::get_message_type_support_handle<action_msgs::msg::GoalStatusArray_<std::allocator<void> > >()'
collect2: error: ld returned 1 exit status
make[2]: *** [CMakeFiles/follow_joint.dir/build.make:141: follow_joint] Fehler 1
make[1]: *** [CMakeFiles/Makefile2:113: CMakeFiles/follow_joint.dir/all] Fehler 2
/usr/bin/ld: /home/vboxuser/ros2_ws/install/kr_msgs/lib/libkr_msgs__rosidl_typesupport_cpp.so: undefined reference to `rosidl_service_type_support_t const* rosidl_typesupport_cpp::get_service_type_support_handle<action_msgs::srv::CancelGoal>()'
/usr/bin/ld: /home/vboxuser/ros2_ws/install/kr_msgs/lib/libkr_msgs__rosidl_typesupport_cpp.so: undefined reference to `rosidl_message_type_support_t const* rosidl_typesupport_cpp::get_message_type_support_handle<action_msgs::msg::GoalStatusArray_<std::allocator<void> > >()'
collect2: error: ld returned 1 exit status
make[2]: *** [CMakeFiles/self_motion.dir/build.make:141: self_motion] Fehler 1
make[1]: *** [CMakeFiles/Makefile2:86: CMakeFiles/self_motion.dir/all] Fehler 2
[ 90%] [32m[1mLinking CXX executable jog_linear[0m
/usr/bin/ld: /home/vboxuser/ros2_ws/install/kr_msgs/lib/libkr_msgs__rosidl_typesupport_cpp.so: undefined reference to `rosidl_service_type_support_t const* rosidl_typesupport_cpp::get_service_type_support_handle<action_msgs::srv::CancelGoal>()'
/usr/bin/ld: /home/vboxuser/ros2_ws/install/kr_msgs/lib/libkr_msgs__rosidl_typesupport_cpp.so: undefined reference to `rosidl_message_type_support_t const* rosidl_typesupport_cpp::get_message_type_support_handle<action_msgs::msg::GoalStatusArray_<std::allocator<void> > >()'
collect2: error: ld returned 1 exit status
make[2]: *** [CMakeFiles/jog_linear.dir/build.make:141: jog_linear] Fehler 1
make[1]: *** [CMakeFiles/Makefile2:167: CMakeFiles/jog_linear.dir/all] Fehler 2
[100%] [32m[1mLinking CXX executable robot_state[0m
/usr/bin/ld: /home/vboxuser/ros2_ws/install/kr_msgs/lib/libkr_msgs__rosidl_typesupport_cpp.so: undefined reference to `rosidl_service_type_support_t const* rosidl_typesupport_cpp::get_service_type_support_handle<action_msgs::srv::CancelGoal>()'
/usr/bin/ld: /home/vboxuser/ros2_ws/install/kr_msgs/lib/libkr_msgs__rosidl_typesupport_cpp.so: undefined reference to `rosidl_message_type_support_t const* rosidl_typesupport_cpp::get_message_type_support_handle<action_msgs::msg::GoalStatusArray_<std::allocator<void> > >()'
collect2: error: ld returned 1 exit status
make[2]: *** [CMakeFiles/robot_state.dir/build.make:141: robot_state] Fehler 1
make[1]: *** [CMakeFiles/Makefile2:248: CMakeFiles/robot_state.dir/all] Fehler 2
make: *** [Makefile:141: all] Fehler 2
