[2.188s] Invoking command in '/home/vboxuser/ros2_ws/src/vcnanoz': PYTHONPATH=/home/vboxuser/ros2_ws/build/vcnanoz/prefix_override:/usr/lib/python3/dist-packages/colcon_core/task/python/colcon_distutils_commands:/home/vboxuser/ros2_ws/install/vcnanoz/lib/python3.8/site-packages:${PYTHONPATH} /usr/bin/python3 -W ignore:setup.py install is deprecated -W ignore:easy_install command is deprecated setup.py egg_info --egg-base ../../build/vcnanoz build --build-base /home/vboxuser/ros2_ws/build/vcnanoz/build install --record /home/vboxuser/ros2_ws/build/vcnanoz/install.log --install-scripts $base/lib/vcnanoz --single-version-externally-managed install_data
[2.740s] running egg_info
[2.741s] writing ../../build/vcnanoz/vcnanoz.egg-info/PKG-INFO
[2.741s] writing dependency_links to ../../build/vcnanoz/vcnanoz.egg-info/dependency_links.txt
[2.742s] writing entry points to ../../build/vcnanoz/vcnanoz.egg-info/entry_points.txt
[2.742s] writing requirements to ../../build/vcnanoz/vcnanoz.egg-info/requires.txt
[2.742s] writing top-level names to ../../build/vcnanoz/vcnanoz.egg-info/top_level.txt
[2.838s] reading manifest file '../../build/vcnanoz/vcnanoz.egg-info/SOURCES.txt'
[2.840s] writing manifest file '../../build/vcnanoz/vcnanoz.egg-info/SOURCES.txt'
[2.841s] running build
[2.842s] running build_py
[2.843s] running install
[2.845s] running install_lib
[2.847s] running install_data
[2.848s] running install_egg_info
[2.851s] removing '/home/vboxuser/ros2_ws/install/vcnanoz/lib/python3.8/site-packages/vcnanoz-0.0.0-py3.8.egg-info' (and everything under it)
[2.852s] Copying ../../build/vcnanoz/vcnanoz.egg-info to /home/vboxuser/ros2_ws/install/vcnanoz/lib/python3.8/site-packages/vcnanoz-0.0.0-py3.8.egg-info
[2.868s] running install_scripts
[2.896s] Installing vc_img_receiver script to /home/vboxuser/ros2_ws/install/vcnanoz/lib/vcnanoz
[2.900s] writing list of installed files to '/home/vboxuser/ros2_ws/build/vcnanoz/install.log'
[3.021s] Invoked command in '/home/vboxuser/ros2_ws/src/vcnanoz' returned '0': PYTHONPATH=/home/vboxuser/ros2_ws/build/vcnanoz/prefix_override:/usr/lib/python3/dist-packages/colcon_core/task/python/colcon_distutils_commands:/home/vboxuser/ros2_ws/install/vcnanoz/lib/python3.8/site-packages:${PYTHONPATH} /usr/bin/python3 -W ignore:setup.py install is deprecated -W ignore:easy_install command is deprecated setup.py egg_info --egg-base ../../build/vcnanoz build --build-base /home/vboxuser/ros2_ws/build/vcnanoz/build install --record /home/vboxuser/ros2_ws/build/vcnanoz/install.log --install-scripts $base/lib/vcnanoz --single-version-externally-managed install_data
