[0.082s] Invoking command in '/home/vboxuser/ros2_ws/build/action_interfaces': CMAKE_PREFIX_PATH=${CMAKE_PREFIX_PATH}:/home/vboxuser/ros2_ws/install/vision:/home/vboxuser/ros2_ws/install/vcnanoz:/home/vboxuser/ros2_ws/install/robot_control:/home/vboxuser/ros2_ws/install/kr_example_python:/home/vboxuser/ros2_ws/install/bt_pkg:/home/vboxuser/ros2_ws/install/action_servers:/opt/ros/foxy /usr/bin/cmake --build /home/vboxuser/ros2_ws/build/action_interfaces -- -j8 -l8
[0.689s] [  2%] Built target action_interfaces__cpp
[0.691s] [ 12%] Built target action_interfaces__rosidl_generator_c
[0.691s] [ 23%] Built target action_interfaces__rosidl_typesupport_cpp
[0.694s] [ 33%] Built target action_interfaces__rosidl_typesupport_introspection_cpp
[0.694s] [ 43%] Built target action_interfaces__rosidl_typesupport_fastrtps_cpp
[0.695s] [ 61%] Built target action_interfaces__rosidl_typesupport_introspection_c
[0.695s] [ 64%] Built target action_interfaces__rosidl_typesupport_c
[0.695s] [ 74%] Built target action_interfaces__rosidl_typesupport_fastrtps_c
[0.695s] [ 74%] Built target action_interfaces
[0.695s] [ 76%] Built target action_interfaces__py
[0.695s] [ 84%] Built target action_interfaces__python
[0.695s] [ 94%] Built target action_interfaces__rosidl_typesupport_c__pyext
[0.695s] [ 94%] Built target action_interfaces__rosidl_typesupport_introspection_c__pyext
[0.695s] [100%] Built target action_interfaces__rosidl_typesupport_fastrtps_c__pyext
[0.966s] Invoked command in '/home/vboxuser/ros2_ws/build/action_interfaces' returned '0': CMAKE_PREFIX_PATH=${CMAKE_PREFIX_PATH}:/home/vboxuser/ros2_ws/install/vision:/home/vboxuser/ros2_ws/install/vcnanoz:/home/vboxuser/ros2_ws/install/robot_control:/home/vboxuser/ros2_ws/install/kr_example_python:/home/vboxuser/ros2_ws/install/bt_pkg:/home/vboxuser/ros2_ws/install/action_servers:/opt/ros/foxy /usr/bin/cmake --build /home/vboxuser/ros2_ws/build/action_interfaces -- -j8 -l8
[0.966s] Invoking command in '/home/vboxuser/ros2_ws/build/action_interfaces': CMAKE_PREFIX_PATH=${CMAKE_PREFIX_PATH}:/home/vboxuser/ros2_ws/install/vision:/home/vboxuser/ros2_ws/install/vcnanoz:/home/vboxuser/ros2_ws/install/robot_control:/home/vboxuser/ros2_ws/install/kr_example_python:/home/vboxuser/ros2_ws/install/bt_pkg:/home/vboxuser/ros2_ws/install/action_servers:/opt/ros/foxy /usr/bin/cmake --install /home/vboxuser/ros2_ws/build/action_interfaces
[1.128s] -- Install configuration: ""
[1.134s] -- Up-to-date: /home/vboxuser/ros2_ws/install/action_interfaces/share/ament_index/resource_index/rosidl_interfaces/action_interfaces
[1.135s] -- Up-to-date: /home/vboxuser/ros2_ws/install/action_interfaces/include/action_interfaces
[1.136s] -- Up-to-date: /home/vboxuser/ros2_ws/install/action_interfaces/include/action_interfaces/action
[1.136s] -- Up-to-date: /home/vboxuser/ros2_ws/install/action_interfaces/include/action_interfaces/action/move_tcp_along_axis.h
[1.136s] -- Up-to-date: /home/vboxuser/ros2_ws/install/action_interfaces/include/action_interfaces/action/detail
[1.136s] -- Up-to-date: /home/vboxuser/ros2_ws/install/action_interfaces/include/action_interfaces/action/detail/fibonacci__functions.h
[1.137s] -- Up-to-date: /home/vboxuser/ros2_ws/install/action_interfaces/include/action_interfaces/action/detail/fibonacci__functions.c
[1.137s] -- Up-to-date: /home/vboxuser/ros2_ws/install/action_interfaces/include/action_interfaces/action/detail/fibonacci__struct.h
[1.138s] -- Up-to-date: /home/vboxuser/ros2_ws/install/action_interfaces/include/action_interfaces/action/detail/fibonacci__type_support.h
[1.138s] -- Up-to-date: /home/vboxuser/ros2_ws/install/action_interfaces/include/action_interfaces/action/detail/move_tcp_along_axis__functions.h
[1.138s] -- Up-to-date: /home/vboxuser/ros2_ws/install/action_interfaces/include/action_interfaces/action/detail/move_tcp_along_axis__functions.c
[1.138s] -- Up-to-date: /home/vboxuser/ros2_ws/install/action_interfaces/include/action_interfaces/action/detail/move_tcp_along_axis__type_support.h
[1.138s] -- Up-to-date: /home/vboxuser/ros2_ws/install/action_interfaces/include/action_interfaces/action/detail/move_tcp_along_axis__struct.h
[1.139s] -- Up-to-date: /home/vboxuser/ros2_ws/install/action_interfaces/include/action_interfaces/action/fibonacci.h
[1.139s] -- Up-to-date: /home/vboxuser/ros2_ws/install/action_interfaces/include/action_interfaces/msg
[1.140s] -- Up-to-date: /home/vboxuser/ros2_ws/install/action_interfaces/include/action_interfaces/msg/rosidl_generator_c__visibility_control.h
[1.141s] -- Up-to-date: /home/vboxuser/ros2_ws/install/action_interfaces/share/action_interfaces/environment/library_path.sh
[1.142s] -- Up-to-date: /home/vboxuser/ros2_ws/install/action_interfaces/share/action_interfaces/environment/library_path.dsv
[1.142s] -- Up-to-date: /home/vboxuser/ros2_ws/install/action_interfaces/lib/libaction_interfaces__rosidl_generator_c.so
[1.147s] -- Up-to-date: /home/vboxuser/ros2_ws/install/action_interfaces/include/action_interfaces
[1.147s] -- Up-to-date: /home/vboxuser/ros2_ws/install/action_interfaces/include/action_interfaces/action
[1.147s] -- Up-to-date: /home/vboxuser/ros2_ws/install/action_interfaces/include/action_interfaces/action/detail
[1.147s] -- Up-to-date: /home/vboxuser/ros2_ws/install/action_interfaces/include/action_interfaces/action/detail/move_tcp_along_axis__rosidl_typesupport_fastrtps_c.h
[1.147s] -- Up-to-date: /home/vboxuser/ros2_ws/install/action_interfaces/include/action_interfaces/action/detail/fibonacci__rosidl_typesupport_fastrtps_c.h
[1.147s] -- Up-to-date: /home/vboxuser/ros2_ws/install/action_interfaces/include/action_interfaces/msg
[1.148s] -- Up-to-date: /home/vboxuser/ros2_ws/install/action_interfaces/include/action_interfaces/msg/rosidl_typesupport_fastrtps_c__visibility_control.h
[1.148s] -- Up-to-date: /home/vboxuser/ros2_ws/install/action_interfaces/lib/libaction_interfaces__rosidl_typesupport_fastrtps_c.so
[1.149s] -- Up-to-date: /home/vboxuser/ros2_ws/install/action_interfaces/include/action_interfaces
[1.149s] -- Up-to-date: /home/vboxuser/ros2_ws/install/action_interfaces/include/action_interfaces/action
[1.149s] -- Up-to-date: /home/vboxuser/ros2_ws/install/action_interfaces/include/action_interfaces/action/detail
[1.149s] -- Up-to-date: /home/vboxuser/ros2_ws/install/action_interfaces/include/action_interfaces/action/detail/fibonacci__rosidl_typesupport_fastrtps_cpp.hpp
[1.149s] -- Up-to-date: /home/vboxuser/ros2_ws/install/action_interfaces/include/action_interfaces/action/detail/dds_fastrtps
[1.149s] -- Up-to-date: /home/vboxuser/ros2_ws/install/action_interfaces/include/action_interfaces/action/detail/move_tcp_along_axis__rosidl_typesupport_fastrtps_cpp.hpp
[1.149s] -- Up-to-date: /home/vboxuser/ros2_ws/install/action_interfaces/include/action_interfaces/msg
[1.149s] -- Up-to-date: /home/vboxuser/ros2_ws/install/action_interfaces/include/action_interfaces/msg/rosidl_typesupport_fastrtps_cpp__visibility_control.h
[1.150s] -- Up-to-date: /home/vboxuser/ros2_ws/install/action_interfaces/lib/libaction_interfaces__rosidl_typesupport_fastrtps_cpp.so
[1.150s] -- Up-to-date: /home/vboxuser/ros2_ws/install/action_interfaces/include/action_interfaces
[1.151s] -- Up-to-date: /home/vboxuser/ros2_ws/install/action_interfaces/include/action_interfaces/action
[1.151s] -- Up-to-date: /home/vboxuser/ros2_ws/install/action_interfaces/include/action_interfaces/action/detail
[1.151s] -- Up-to-date: /home/vboxuser/ros2_ws/install/action_interfaces/include/action_interfaces/action/detail/fibonacci__type_support.c
[1.151s] -- Up-to-date: /home/vboxuser/ros2_ws/install/action_interfaces/include/action_interfaces/action/detail/move_tcp_along_axis__rosidl_typesupport_introspection_c.h
[1.152s] -- Up-to-date: /home/vboxuser/ros2_ws/install/action_interfaces/include/action_interfaces/action/detail/move_tcp_along_axis__type_support.c
[1.152s] -- Up-to-date: /home/vboxuser/ros2_ws/install/action_interfaces/include/action_interfaces/action/detail/fibonacci__rosidl_typesupport_introspection_c.h
[1.152s] -- Up-to-date: /home/vboxuser/ros2_ws/install/action_interfaces/include/action_interfaces/msg
[1.153s] -- Up-to-date: /home/vboxuser/ros2_ws/install/action_interfaces/include/action_interfaces/msg/rosidl_typesupport_introspection_c__visibility_control.h
[1.153s] -- Up-to-date: /home/vboxuser/ros2_ws/install/action_interfaces/lib/libaction_interfaces__rosidl_typesupport_introspection_c.so
[1.153s] -- Up-to-date: /home/vboxuser/ros2_ws/install/action_interfaces/lib/libaction_interfaces__rosidl_typesupport_c.so
[1.153s] -- Up-to-date: /home/vboxuser/ros2_ws/install/action_interfaces/include/action_interfaces
[1.153s] -- Up-to-date: /home/vboxuser/ros2_ws/install/action_interfaces/include/action_interfaces/action
[1.153s] -- Up-to-date: /home/vboxuser/ros2_ws/install/action_interfaces/include/action_interfaces/action/fibonacci.hpp
[1.153s] -- Up-to-date: /home/vboxuser/ros2_ws/install/action_interfaces/include/action_interfaces/action/move_tcp_along_axis.hpp
[1.175s] -- Up-to-date: /home/vboxuser/ros2_ws/install/action_interfaces/include/action_interfaces/action/detail
[1.175s] -- Up-to-date: /home/vboxuser/ros2_ws/install/action_interfaces/include/action_interfaces/action/detail/fibonacci__traits.hpp
[1.175s] -- Up-to-date: /home/vboxuser/ros2_ws/install/action_interfaces/include/action_interfaces/action/detail/fibonacci__builder.hpp
[1.175s] -- Up-to-date: /home/vboxuser/ros2_ws/install/action_interfaces/include/action_interfaces/action/detail/fibonacci__type_support.hpp
[1.175s] -- Up-to-date: /home/vboxuser/ros2_ws/install/action_interfaces/include/action_interfaces/action/detail/fibonacci__struct.hpp
[1.176s] -- Up-to-date: /home/vboxuser/ros2_ws/install/action_interfaces/include/action_interfaces/action/detail/move_tcp_along_axis__traits.hpp
[1.176s] -- Up-to-date: /home/vboxuser/ros2_ws/install/action_interfaces/include/action_interfaces/action/detail/move_tcp_along_axis__builder.hpp
[1.176s] -- Up-to-date: /home/vboxuser/ros2_ws/install/action_interfaces/include/action_interfaces/action/detail/move_tcp_along_axis__type_support.hpp
[1.176s] -- Up-to-date: /home/vboxuser/ros2_ws/install/action_interfaces/include/action_interfaces/action/detail/move_tcp_along_axis__struct.hpp
[1.177s] -- Up-to-date: /home/vboxuser/ros2_ws/install/action_interfaces/include/action_interfaces/msg
[1.177s] -- Up-to-date: /home/vboxuser/ros2_ws/install/action_interfaces/include/action_interfaces/msg/rosidl_generator_cpp__visibility_control.hpp
[1.177s] -- Up-to-date: /home/vboxuser/ros2_ws/install/action_interfaces/include/action_interfaces
[1.177s] -- Up-to-date: /home/vboxuser/ros2_ws/install/action_interfaces/include/action_interfaces/action
[1.177s] -- Up-to-date: /home/vboxuser/ros2_ws/install/action_interfaces/include/action_interfaces/action/detail
[1.178s] -- Up-to-date: /home/vboxuser/ros2_ws/install/action_interfaces/include/action_interfaces/action/detail/fibonacci__rosidl_typesupport_introspection_cpp.hpp
[1.178s] -- Up-to-date: /home/vboxuser/ros2_ws/install/action_interfaces/include/action_interfaces/action/detail/fibonacci__type_support.cpp
[1.178s] -- Up-to-date: /home/vboxuser/ros2_ws/install/action_interfaces/include/action_interfaces/action/detail/move_tcp_along_axis__type_support.cpp
[1.178s] -- Up-to-date: /home/vboxuser/ros2_ws/install/action_interfaces/include/action_interfaces/action/detail/move_tcp_along_axis__rosidl_typesupport_introspection_cpp.hpp
[1.182s] -- Up-to-date: /home/vboxuser/ros2_ws/install/action_interfaces/lib/libaction_interfaces__rosidl_typesupport_introspection_cpp.so
[1.182s] -- Up-to-date: /home/vboxuser/ros2_ws/install/action_interfaces/lib/libaction_interfaces__rosidl_typesupport_cpp.so
[1.182s] -- Up-to-date: /home/vboxuser/ros2_ws/install/action_interfaces/share/action_interfaces/environment/pythonpath.sh
[1.183s] -- Up-to-date: /home/vboxuser/ros2_ws/install/action_interfaces/share/action_interfaces/environment/pythonpath.dsv
[1.183s] -- Up-to-date: /home/vboxuser/ros2_ws/install/action_interfaces/lib/python3.8/site-packages/action_interfaces/__init__.py
[1.322s] -- Up-to-date: /home/vboxuser/ros2_ws/install/action_interfaces/lib/python3.8/site-packages/action_interfaces/action
[1.322s] -- Up-to-date: /home/vboxuser/ros2_ws/install/action_interfaces/lib/python3.8/site-packages/action_interfaces/action/_move_tcp_along_axis_s.c
[1.326s] -- Up-to-date: /home/vboxuser/ros2_ws/install/action_interfaces/lib/python3.8/site-packages/action_interfaces/action/_fibonacci.py
[1.326s] -- Up-to-date: /home/vboxuser/ros2_ws/install/action_interfaces/lib/python3.8/site-packages/action_interfaces/action/_fibonacci_s.c
[1.327s] -- Up-to-date: /home/vboxuser/ros2_ws/install/action_interfaces/lib/python3.8/site-packages/action_interfaces/action/_move_tcp_along_axis.py
[1.327s] -- Up-to-date: /home/vboxuser/ros2_ws/install/action_interfaces/lib/python3.8/site-packages/action_interfaces/action/__init__.py
[1.327s] -- Up-to-date: /home/vboxuser/ros2_ws/install/action_interfaces/lib/python3.8/site-packages/action_interfaces/action_interfaces_s__rosidl_typesupport_fastrtps_c.cpython-38-x86_64-linux-gnu.so
[1.327s] -- Up-to-date: /home/vboxuser/ros2_ws/install/action_interfaces/lib/python3.8/site-packages/action_interfaces/action_interfaces_s__rosidl_typesupport_introspection_c.cpython-38-x86_64-linux-gnu.so
[1.328s] -- Up-to-date: /home/vboxuser/ros2_ws/install/action_interfaces/lib/python3.8/site-packages/action_interfaces/action_interfaces_s__rosidl_typesupport_c.cpython-38-x86_64-linux-gnu.so
[1.329s] -- Up-to-date: /home/vboxuser/ros2_ws/install/action_interfaces/lib/libaction_interfaces__python.so
[1.330s] -- Up-to-date: /home/vboxuser/ros2_ws/install/action_interfaces/share/action_interfaces/action/Fibonacci.idl
[1.331s] -- Up-to-date: /home/vboxuser/ros2_ws/install/action_interfaces/share/action_interfaces/action/MoveTcpAlongAxis.idl
[1.331s] -- Up-to-date: /home/vboxuser/ros2_ws/install/action_interfaces/share/action_interfaces/action/Fibonacci.action
[1.331s] -- Up-to-date: /home/vboxuser/ros2_ws/install/action_interfaces/share/action_interfaces/action/MoveTcpAlongAxis.action
[1.331s] -- Up-to-date: /home/vboxuser/ros2_ws/install/action_interfaces/share/ament_index/resource_index/package_run_dependencies/action_interfaces
[1.332s] -- Up-to-date: /home/vboxuser/ros2_ws/install/action_interfaces/share/ament_index/resource_index/parent_prefix_path/action_interfaces
[1.334s] -- Up-to-date: /home/vboxuser/ros2_ws/install/action_interfaces/share/action_interfaces/environment/ament_prefix_path.sh
[1.335s] -- Up-to-date: /home/vboxuser/ros2_ws/install/action_interfaces/share/action_interfaces/environment/ament_prefix_path.dsv
[1.335s] -- Up-to-date: /home/vboxuser/ros2_ws/install/action_interfaces/share/action_interfaces/environment/path.sh
[1.336s] -- Up-to-date: /home/vboxuser/ros2_ws/install/action_interfaces/share/action_interfaces/environment/path.dsv
[1.337s] -- Up-to-date: /home/vboxuser/ros2_ws/install/action_interfaces/share/action_interfaces/local_setup.bash
[1.337s] -- Up-to-date: /home/vboxuser/ros2_ws/install/action_interfaces/share/action_interfaces/local_setup.sh
[1.338s] -- Up-to-date: /home/vboxuser/ros2_ws/install/action_interfaces/share/action_interfaces/local_setup.zsh
[1.338s] -- Up-to-date: /home/vboxuser/ros2_ws/install/action_interfaces/share/action_interfaces/local_setup.dsv
[1.339s] -- Installing: /home/vboxuser/ros2_ws/install/action_interfaces/share/action_interfaces/package.dsv
[1.340s] -- Up-to-date: /home/vboxuser/ros2_ws/install/action_interfaces/share/ament_index/resource_index/packages/action_interfaces
[1.340s] -- Up-to-date: /home/vboxuser/ros2_ws/install/action_interfaces/share/action_interfaces/cmake/action_interfaces__rosidl_generator_cExport.cmake
[1.341s] -- Up-to-date: /home/vboxuser/ros2_ws/install/action_interfaces/share/action_interfaces/cmake/action_interfaces__rosidl_generator_cExport-noconfig.cmake
[1.341s] -- Up-to-date: /home/vboxuser/ros2_ws/install/action_interfaces/share/action_interfaces/cmake/action_interfaces__rosidl_typesupport_introspection_cExport.cmake
[1.342s] -- Up-to-date: /home/vboxuser/ros2_ws/install/action_interfaces/share/action_interfaces/cmake/action_interfaces__rosidl_typesupport_introspection_cExport-noconfig.cmake
[1.342s] -- Up-to-date: /home/vboxuser/ros2_ws/install/action_interfaces/share/action_interfaces/cmake/action_interfaces__rosidl_typesupport_cExport.cmake
[1.342s] -- Up-to-date: /home/vboxuser/ros2_ws/install/action_interfaces/share/action_interfaces/cmake/action_interfaces__rosidl_typesupport_cExport-noconfig.cmake
[1.344s] -- Up-to-date: /home/vboxuser/ros2_ws/install/action_interfaces/share/action_interfaces/cmake/action_interfaces__rosidl_generator_cppExport.cmake
[1.347s] -- Up-to-date: /home/vboxuser/ros2_ws/install/action_interfaces/share/action_interfaces/cmake/action_interfaces__rosidl_typesupport_introspection_cppExport.cmake
[1.347s] -- Up-to-date: /home/vboxuser/ros2_ws/install/action_interfaces/share/action_interfaces/cmake/action_interfaces__rosidl_typesupport_introspection_cppExport-noconfig.cmake
[1.348s] -- Up-to-date: /home/vboxuser/ros2_ws/install/action_interfaces/share/action_interfaces/cmake/action_interfaces__rosidl_typesupport_cppExport.cmake
[1.349s] -- Up-to-date: /home/vboxuser/ros2_ws/install/action_interfaces/share/action_interfaces/cmake/action_interfaces__rosidl_typesupport_cppExport-noconfig.cmake
[1.350s] -- Up-to-date: /home/vboxuser/ros2_ws/install/action_interfaces/share/action_interfaces/cmake/rosidl_cmake-extras.cmake
[1.350s] -- Up-to-date: /home/vboxuser/ros2_ws/install/action_interfaces/share/action_interfaces/cmake/ament_cmake_export_dependencies-extras.cmake
[1.350s] -- Up-to-date: /home/vboxuser/ros2_ws/install/action_interfaces/share/action_interfaces/cmake/ament_cmake_export_libraries-extras.cmake
[1.350s] -- Up-to-date: /home/vboxuser/ros2_ws/install/action_interfaces/share/action_interfaces/cmake/ament_cmake_export_targets-extras.cmake
[1.351s] -- Up-to-date: /home/vboxuser/ros2_ws/install/action_interfaces/share/action_interfaces/cmake/ament_cmake_export_include_directories-extras.cmake
[1.351s] -- Up-to-date: /home/vboxuser/ros2_ws/install/action_interfaces/share/action_interfaces/cmake/rosidl_cmake_export_typesupport_libraries-extras.cmake
[1.351s] -- Up-to-date: /home/vboxuser/ros2_ws/install/action_interfaces/share/action_interfaces/cmake/rosidl_cmake_export_typesupport_targets-extras.cmake
[1.351s] -- Up-to-date: /home/vboxuser/ros2_ws/install/action_interfaces/share/action_interfaces/cmake/action_interfacesConfig.cmake
[1.352s] -- Up-to-date: /home/vboxuser/ros2_ws/install/action_interfaces/share/action_interfaces/cmake/action_interfacesConfig-version.cmake
[1.352s] -- Up-to-date: /home/vboxuser/ros2_ws/install/action_interfaces/share/action_interfaces/package.xml
[1.520s] Invoked command in '/home/vboxuser/ros2_ws/build/action_interfaces' returned '0': CMAKE_PREFIX_PATH=${CMAKE_PREFIX_PATH}:/home/vboxuser/ros2_ws/install/vision:/home/vboxuser/ros2_ws/install/vcnanoz:/home/vboxuser/ros2_ws/install/robot_control:/home/vboxuser/ros2_ws/install/kr_example_python:/home/vboxuser/ros2_ws/install/bt_pkg:/home/vboxuser/ros2_ws/install/action_servers:/opt/ros/foxy /usr/bin/cmake --install /home/vboxuser/ros2_ws/build/action_interfaces
