[0.044s] Invoking command in '/home/mo/Thesis/build/action_interfaces': CMAKE_PREFIX_PATH=${CMAKE_PREFIX_PATH}:/home/mo/Thesis/install/vision:/home/mo/Thesis/install/vcnanoz:/home/mo/Thesis/install/sensopart_visor:/home/mo/Thesis/install/robot_control:/home/mo/Thesis/install/kr_example_python:/home/mo/Thesis/install/bt_pkg:/home/mo/Thesis/install/action_servers:/opt/ros/foxy /usr/bin/cmake --build /home/mo/Thesis/build/action_interfaces -- -j16 -l16
[0.760s] [  2%] Built target action_interfaces__cpp
[0.761s] [ 12%] Built target action_interfaces__rosidl_generator_c
[0.761s] [ 35%] Built target action_interfaces__rosidl_typesupport_c
[0.762s] [ 35%] Built target action_interfaces__rosidl_typesupport_cpp
[0.762s] [ 43%] Built target action_interfaces__rosidl_typesupport_introspection_cpp
[0.762s] [ 53%] Built target action_interfaces__rosidl_typesupport_introspection_c
[0.764s] [ 64%] Built target action_interfaces__rosidl_typesupport_fastrtps_cpp
[0.764s] [ 74%] Built target action_interfaces__rosidl_typesupport_fastrtps_c
[0.764s] [ 74%] Built target action_interfaces
[0.764s] [ 76%] Built target action_interfaces__py
[0.764s] [ 84%] Built target action_interfaces__python
[0.764s] [ 89%] Built target action_interfaces__rosidl_typesupport_introspection_c__pyext
[0.764s] [ 94%] Built target action_interfaces__rosidl_typesupport_c__pyext
[0.765s] [100%] Built target action_interfaces__rosidl_typesupport_fastrtps_c__pyext
[0.989s] Invoked command in '/home/mo/Thesis/build/action_interfaces' returned '0': CMAKE_PREFIX_PATH=${CMAKE_PREFIX_PATH}:/home/mo/Thesis/install/vision:/home/mo/Thesis/install/vcnanoz:/home/mo/Thesis/install/sensopart_visor:/home/mo/Thesis/install/robot_control:/home/mo/Thesis/install/kr_example_python:/home/mo/Thesis/install/bt_pkg:/home/mo/Thesis/install/action_servers:/opt/ros/foxy /usr/bin/cmake --build /home/mo/Thesis/build/action_interfaces -- -j16 -l16
[1.012s] Invoking command in '/home/mo/Thesis/build/action_interfaces': CMAKE_PREFIX_PATH=${CMAKE_PREFIX_PATH}:/home/mo/Thesis/install/vision:/home/mo/Thesis/install/vcnanoz:/home/mo/Thesis/install/sensopart_visor:/home/mo/Thesis/install/robot_control:/home/mo/Thesis/install/kr_example_python:/home/mo/Thesis/install/bt_pkg:/home/mo/Thesis/install/action_servers:/opt/ros/foxy /usr/bin/cmake --install /home/mo/Thesis/build/action_interfaces
[1.021s] -- Install configuration: ""
[1.022s] -- Up-to-date: /home/mo/Thesis/install/action_interfaces/share/ament_index/resource_index/rosidl_interfaces/action_interfaces
[1.022s] -- Up-to-date: /home/mo/Thesis/install/action_interfaces/include/action_interfaces
[1.023s] -- Up-to-date: /home/mo/Thesis/install/action_interfaces/include/action_interfaces/action
[1.023s] -- Up-to-date: /home/mo/Thesis/install/action_interfaces/include/action_interfaces/action/fibonacci.h
[1.025s] -- Up-to-date: /home/mo/Thesis/install/action_interfaces/include/action_interfaces/action/detail
[1.025s] -- Up-to-date: /home/mo/Thesis/install/action_interfaces/include/action_interfaces/action/detail/move_tcp_along_axis__type_support.h
[1.025s] -- Up-to-date: /home/mo/Thesis/install/action_interfaces/include/action_interfaces/action/detail/move_tcp_along_axis__struct.h
[1.026s] -- Up-to-date: /home/mo/Thesis/install/action_interfaces/include/action_interfaces/action/detail/fibonacci__type_support.h
[1.026s] -- Up-to-date: /home/mo/Thesis/install/action_interfaces/include/action_interfaces/action/detail/fibonacci__functions.h
[1.027s] -- Up-to-date: /home/mo/Thesis/install/action_interfaces/include/action_interfaces/action/detail/move_tcp_along_axis__functions.c
[1.027s] -- Up-to-date: /home/mo/Thesis/install/action_interfaces/include/action_interfaces/action/detail/fibonacci__struct.h
[1.029s] -- Up-to-date: /home/mo/Thesis/install/action_interfaces/include/action_interfaces/action/detail/move_tcp_along_axis__functions.h
[1.031s] -- Up-to-date: /home/mo/Thesis/install/action_interfaces/include/action_interfaces/action/detail/fibonacci__functions.c
[1.033s] -- Up-to-date: /home/mo/Thesis/install/action_interfaces/include/action_interfaces/action/move_tcp_along_axis.h
[1.033s] -- Up-to-date: /home/mo/Thesis/install/action_interfaces/include/action_interfaces/msg
[1.033s] -- Up-to-date: /home/mo/Thesis/install/action_interfaces/include/action_interfaces/msg/rosidl_generator_c__visibility_control.h
[1.034s] -- Up-to-date: /home/mo/Thesis/install/action_interfaces/share/action_interfaces/environment/library_path.sh
[1.034s] -- Up-to-date: /home/mo/Thesis/install/action_interfaces/share/action_interfaces/environment/library_path.dsv
[1.037s] -- Up-to-date: /home/mo/Thesis/install/action_interfaces/lib/libaction_interfaces__rosidl_generator_c.so
[1.038s] -- Up-to-date: /home/mo/Thesis/install/action_interfaces/include/action_interfaces
[1.038s] -- Up-to-date: /home/mo/Thesis/install/action_interfaces/include/action_interfaces/action
[1.039s] -- Up-to-date: /home/mo/Thesis/install/action_interfaces/include/action_interfaces/action/detail
[1.039s] -- Up-to-date: /home/mo/Thesis/install/action_interfaces/include/action_interfaces/action/detail/move_tcp_along_axis__rosidl_typesupport_fastrtps_c.h
[1.039s] -- Up-to-date: /home/mo/Thesis/install/action_interfaces/include/action_interfaces/action/detail/fibonacci__rosidl_typesupport_fastrtps_c.h
[1.039s] -- Up-to-date: /home/mo/Thesis/install/action_interfaces/include/action_interfaces/msg
[1.039s] -- Up-to-date: /home/mo/Thesis/install/action_interfaces/include/action_interfaces/msg/rosidl_typesupport_fastrtps_c__visibility_control.h
[1.039s] -- Up-to-date: /home/mo/Thesis/install/action_interfaces/lib/libaction_interfaces__rosidl_typesupport_fastrtps_c.so
[1.040s] -- Up-to-date: /home/mo/Thesis/install/action_interfaces/include/action_interfaces
[1.040s] -- Up-to-date: /home/mo/Thesis/install/action_interfaces/include/action_interfaces/action
[1.040s] -- Up-to-date: /home/mo/Thesis/install/action_interfaces/include/action_interfaces/action/detail
[1.040s] -- Up-to-date: /home/mo/Thesis/install/action_interfaces/include/action_interfaces/action/detail/move_tcp_along_axis__rosidl_typesupport_fastrtps_cpp.hpp
[1.040s] -- Up-to-date: /home/mo/Thesis/install/action_interfaces/include/action_interfaces/action/detail/fibonacci__rosidl_typesupport_fastrtps_cpp.hpp
[1.040s] -- Up-to-date: /home/mo/Thesis/install/action_interfaces/include/action_interfaces/action/detail/dds_fastrtps
[1.040s] -- Up-to-date: /home/mo/Thesis/install/action_interfaces/include/action_interfaces/msg
[1.040s] -- Up-to-date: /home/mo/Thesis/install/action_interfaces/include/action_interfaces/msg/rosidl_typesupport_fastrtps_cpp__visibility_control.h
[1.040s] -- Up-to-date: /home/mo/Thesis/install/action_interfaces/lib/libaction_interfaces__rosidl_typesupport_fastrtps_cpp.so
[1.040s] -- Up-to-date: /home/mo/Thesis/install/action_interfaces/include/action_interfaces
[1.040s] -- Up-to-date: /home/mo/Thesis/install/action_interfaces/include/action_interfaces/action
[1.041s] -- Up-to-date: /home/mo/Thesis/install/action_interfaces/include/action_interfaces/action/detail
[1.041s] -- Up-to-date: /home/mo/Thesis/install/action_interfaces/include/action_interfaces/action/detail/move_tcp_along_axis__rosidl_typesupport_introspection_c.h
[1.041s] -- Up-to-date: /home/mo/Thesis/install/action_interfaces/include/action_interfaces/action/detail/fibonacci__rosidl_typesupport_introspection_c.h
[1.041s] -- Up-to-date: /home/mo/Thesis/install/action_interfaces/include/action_interfaces/action/detail/fibonacci__type_support.c
[1.041s] -- Up-to-date: /home/mo/Thesis/install/action_interfaces/include/action_interfaces/action/detail/move_tcp_along_axis__type_support.c
[1.041s] -- Up-to-date: /home/mo/Thesis/install/action_interfaces/include/action_interfaces/msg
[1.041s] -- Up-to-date: /home/mo/Thesis/install/action_interfaces/include/action_interfaces/msg/rosidl_typesupport_introspection_c__visibility_control.h
[1.041s] -- Up-to-date: /home/mo/Thesis/install/action_interfaces/lib/libaction_interfaces__rosidl_typesupport_introspection_c.so
[1.042s] -- Up-to-date: /home/mo/Thesis/install/action_interfaces/lib/libaction_interfaces__rosidl_typesupport_c.so
[1.042s] -- Up-to-date: /home/mo/Thesis/install/action_interfaces/include/action_interfaces
[1.042s] -- Up-to-date: /home/mo/Thesis/install/action_interfaces/include/action_interfaces/action
[1.042s] -- Up-to-date: /home/mo/Thesis/install/action_interfaces/include/action_interfaces/action/fibonacci.hpp
[1.042s] -- Up-to-date: /home/mo/Thesis/install/action_interfaces/include/action_interfaces/action/move_tcp_along_axis.hpp
[1.042s] -- Up-to-date: /home/mo/Thesis/install/action_interfaces/include/action_interfaces/action/detail
[1.043s] -- Up-to-date: /home/mo/Thesis/install/action_interfaces/include/action_interfaces/action/detail/move_tcp_along_axis__builder.hpp
[1.043s] -- Up-to-date: /home/mo/Thesis/install/action_interfaces/include/action_interfaces/action/detail/fibonacci__traits.hpp
[1.043s] -- Up-to-date: /home/mo/Thesis/install/action_interfaces/include/action_interfaces/action/detail/fibonacci__type_support.hpp
[1.043s] -- Up-to-date: /home/mo/Thesis/install/action_interfaces/include/action_interfaces/action/detail/move_tcp_along_axis__traits.hpp
[1.043s] -- Up-to-date: /home/mo/Thesis/install/action_interfaces/include/action_interfaces/action/detail/move_tcp_along_axis__type_support.hpp
[1.043s] -- Up-to-date: /home/mo/Thesis/install/action_interfaces/include/action_interfaces/action/detail/fibonacci__struct.hpp
[1.044s] -- Up-to-date: /home/mo/Thesis/install/action_interfaces/include/action_interfaces/action/detail/move_tcp_along_axis__struct.hpp
[1.044s] -- Up-to-date: /home/mo/Thesis/install/action_interfaces/include/action_interfaces/action/detail/fibonacci__builder.hpp
[1.044s] -- Up-to-date: /home/mo/Thesis/install/action_interfaces/include/action_interfaces/msg
[1.044s] -- Up-to-date: /home/mo/Thesis/install/action_interfaces/include/action_interfaces/msg/rosidl_generator_cpp__visibility_control.hpp
[1.044s] -- Up-to-date: /home/mo/Thesis/install/action_interfaces/include/action_interfaces
[1.044s] -- Up-to-date: /home/mo/Thesis/install/action_interfaces/include/action_interfaces/action
[1.045s] -- Up-to-date: /home/mo/Thesis/install/action_interfaces/include/action_interfaces/action/detail
[1.045s] -- Up-to-date: /home/mo/Thesis/install/action_interfaces/include/action_interfaces/action/detail/move_tcp_along_axis__type_support.cpp
[1.045s] -- Up-to-date: /home/mo/Thesis/install/action_interfaces/include/action_interfaces/action/detail/move_tcp_along_axis__rosidl_typesupport_introspection_cpp.hpp
[1.045s] -- Up-to-date: /home/mo/Thesis/install/action_interfaces/include/action_interfaces/action/detail/fibonacci__type_support.cpp
[1.045s] -- Up-to-date: /home/mo/Thesis/install/action_interfaces/include/action_interfaces/action/detail/fibonacci__rosidl_typesupport_introspection_cpp.hpp
[1.045s] -- Up-to-date: /home/mo/Thesis/install/action_interfaces/lib/libaction_interfaces__rosidl_typesupport_introspection_cpp.so
[1.046s] -- Up-to-date: /home/mo/Thesis/install/action_interfaces/lib/libaction_interfaces__rosidl_typesupport_cpp.so
[1.046s] -- Up-to-date: /home/mo/Thesis/install/action_interfaces/share/action_interfaces/environment/pythonpath.sh
[1.046s] -- Up-to-date: /home/mo/Thesis/install/action_interfaces/share/action_interfaces/environment/pythonpath.dsv
[1.046s] -- Up-to-date: /home/mo/Thesis/install/action_interfaces/lib/python3.8/site-packages/action_interfaces/__init__.py
[1.187s] -- Up-to-date: /home/mo/Thesis/install/action_interfaces/lib/python3.8/site-packages/action_interfaces/action
[1.187s] -- Up-to-date: /home/mo/Thesis/install/action_interfaces/lib/python3.8/site-packages/action_interfaces/action/_move_tcp_along_axis.py
[1.187s] -- Up-to-date: /home/mo/Thesis/install/action_interfaces/lib/python3.8/site-packages/action_interfaces/action/_move_tcp_along_axis_s.c
[1.187s] -- Up-to-date: /home/mo/Thesis/install/action_interfaces/lib/python3.8/site-packages/action_interfaces/action/_fibonacci_s.c
[1.187s] -- Up-to-date: /home/mo/Thesis/install/action_interfaces/lib/python3.8/site-packages/action_interfaces/action/_fibonacci.py
[1.187s] -- Up-to-date: /home/mo/Thesis/install/action_interfaces/lib/python3.8/site-packages/action_interfaces/action/__init__.py
[1.187s] -- Up-to-date: /home/mo/Thesis/install/action_interfaces/lib/python3.8/site-packages/action_interfaces/action_interfaces_s__rosidl_typesupport_fastrtps_c.cpython-38-x86_64-linux-gnu.so
[1.187s] -- Up-to-date: /home/mo/Thesis/install/action_interfaces/lib/python3.8/site-packages/action_interfaces/action_interfaces_s__rosidl_typesupport_introspection_c.cpython-38-x86_64-linux-gnu.so
[1.187s] -- Up-to-date: /home/mo/Thesis/install/action_interfaces/lib/python3.8/site-packages/action_interfaces/action_interfaces_s__rosidl_typesupport_c.cpython-38-x86_64-linux-gnu.so
[1.187s] -- Up-to-date: /home/mo/Thesis/install/action_interfaces/lib/libaction_interfaces__python.so
[1.187s] -- Up-to-date: /home/mo/Thesis/install/action_interfaces/share/action_interfaces/action/Fibonacci.idl
[1.187s] -- Up-to-date: /home/mo/Thesis/install/action_interfaces/share/action_interfaces/action/MoveTcpAlongAxis.idl
[1.188s] -- Up-to-date: /home/mo/Thesis/install/action_interfaces/share/action_interfaces/action/Fibonacci.action
[1.188s] -- Up-to-date: /home/mo/Thesis/install/action_interfaces/share/action_interfaces/action/MoveTcpAlongAxis.action
[1.188s] -- Up-to-date: /home/mo/Thesis/install/action_interfaces/share/ament_index/resource_index/package_run_dependencies/action_interfaces
[1.188s] -- Up-to-date: /home/mo/Thesis/install/action_interfaces/share/ament_index/resource_index/parent_prefix_path/action_interfaces
[1.188s] -- Up-to-date: /home/mo/Thesis/install/action_interfaces/share/action_interfaces/environment/ament_prefix_path.sh
[1.188s] -- Up-to-date: /home/mo/Thesis/install/action_interfaces/share/action_interfaces/environment/ament_prefix_path.dsv
[1.188s] -- Up-to-date: /home/mo/Thesis/install/action_interfaces/share/action_interfaces/environment/path.sh
[1.188s] -- Up-to-date: /home/mo/Thesis/install/action_interfaces/share/action_interfaces/environment/path.dsv
[1.188s] -- Up-to-date: /home/mo/Thesis/install/action_interfaces/share/action_interfaces/local_setup.bash
[1.188s] -- Up-to-date: /home/mo/Thesis/install/action_interfaces/share/action_interfaces/local_setup.sh
[1.188s] -- Up-to-date: /home/mo/Thesis/install/action_interfaces/share/action_interfaces/local_setup.zsh
[1.188s] -- Up-to-date: /home/mo/Thesis/install/action_interfaces/share/action_interfaces/local_setup.dsv
[1.188s] -- Installing: /home/mo/Thesis/install/action_interfaces/share/action_interfaces/package.dsv
[1.189s] -- Up-to-date: /home/mo/Thesis/install/action_interfaces/share/ament_index/resource_index/packages/action_interfaces
[1.189s] -- Up-to-date: /home/mo/Thesis/install/action_interfaces/share/action_interfaces/cmake/action_interfaces__rosidl_generator_cExport.cmake
[1.189s] -- Up-to-date: /home/mo/Thesis/install/action_interfaces/share/action_interfaces/cmake/action_interfaces__rosidl_generator_cExport-noconfig.cmake
[1.189s] -- Up-to-date: /home/mo/Thesis/install/action_interfaces/share/action_interfaces/cmake/action_interfaces__rosidl_typesupport_introspection_cExport.cmake
[1.189s] -- Up-to-date: /home/mo/Thesis/install/action_interfaces/share/action_interfaces/cmake/action_interfaces__rosidl_typesupport_introspection_cExport-noconfig.cmake
[1.189s] -- Up-to-date: /home/mo/Thesis/install/action_interfaces/share/action_interfaces/cmake/action_interfaces__rosidl_typesupport_cExport.cmake
[1.189s] -- Up-to-date: /home/mo/Thesis/install/action_interfaces/share/action_interfaces/cmake/action_interfaces__rosidl_typesupport_cExport-noconfig.cmake
[1.189s] -- Up-to-date: /home/mo/Thesis/install/action_interfaces/share/action_interfaces/cmake/action_interfaces__rosidl_generator_cppExport.cmake
[1.189s] -- Up-to-date: /home/mo/Thesis/install/action_interfaces/share/action_interfaces/cmake/action_interfaces__rosidl_typesupport_introspection_cppExport.cmake
[1.189s] -- Up-to-date: /home/mo/Thesis/install/action_interfaces/share/action_interfaces/cmake/action_interfaces__rosidl_typesupport_introspection_cppExport-noconfig.cmake
[1.189s] -- Up-to-date: /home/mo/Thesis/install/action_interfaces/share/action_interfaces/cmake/action_interfaces__rosidl_typesupport_cppExport.cmake
[1.189s] -- Up-to-date: /home/mo/Thesis/install/action_interfaces/share/action_interfaces/cmake/action_interfaces__rosidl_typesupport_cppExport-noconfig.cmake
[1.189s] -- Up-to-date: /home/mo/Thesis/install/action_interfaces/share/action_interfaces/cmake/rosidl_cmake-extras.cmake
[1.189s] -- Up-to-date: /home/mo/Thesis/install/action_interfaces/share/action_interfaces/cmake/ament_cmake_export_dependencies-extras.cmake
[1.189s] -- Up-to-date: /home/mo/Thesis/install/action_interfaces/share/action_interfaces/cmake/ament_cmake_export_libraries-extras.cmake
[1.190s] -- Up-to-date: /home/mo/Thesis/install/action_interfaces/share/action_interfaces/cmake/ament_cmake_export_targets-extras.cmake
[1.190s] -- Up-to-date: /home/mo/Thesis/install/action_interfaces/share/action_interfaces/cmake/ament_cmake_export_include_directories-extras.cmake
[1.190s] -- Up-to-date: /home/mo/Thesis/install/action_interfaces/share/action_interfaces/cmake/rosidl_cmake_export_typesupport_libraries-extras.cmake
[1.190s] -- Up-to-date: /home/mo/Thesis/install/action_interfaces/share/action_interfaces/cmake/rosidl_cmake_export_typesupport_targets-extras.cmake
[1.190s] -- Up-to-date: /home/mo/Thesis/install/action_interfaces/share/action_interfaces/cmake/action_interfacesConfig.cmake
[1.190s] -- Up-to-date: /home/mo/Thesis/install/action_interfaces/share/action_interfaces/cmake/action_interfacesConfig-version.cmake
[1.190s] -- Up-to-date: /home/mo/Thesis/install/action_interfaces/share/action_interfaces/package.xml
[1.190s] Invoked command in '/home/mo/Thesis/build/action_interfaces' returned '0': CMAKE_PREFIX_PATH=${CMAKE_PREFIX_PATH}:/home/mo/Thesis/install/vision:/home/mo/Thesis/install/vcnanoz:/home/mo/Thesis/install/sensopart_visor:/home/mo/Thesis/install/robot_control:/home/mo/Thesis/install/kr_example_python:/home/mo/Thesis/install/bt_pkg:/home/mo/Thesis/install/action_servers:/opt/ros/foxy /usr/bin/cmake --install /home/mo/Thesis/build/action_interfaces
