[0.842s] Invoking command in '/home/vboxuser/ros2_ws/src/orange-ros2/kr_example/python': CMAKE_PREFIX_PATH=/home/vboxuser/ros2_ws/install/kr_msgs:/home/vboxuser/ros2_ws/install/realsense2_description:/home/vboxuser/ros2_ws/install/realsense2_camera:/home/vboxuser/ros2_ws/install/realsense2_camera_msgs:/home/vboxuser/ros2_ws/install/kr_example_cpp LD_LIBRARY_PATH=/home/vboxuser/ros2_ws/install/kr_msgs/lib:/home/vboxuser/ros2_ws/install/realsense2_camera/lib:/home/vboxuser/ros2_ws/install/realsense2_camera_msgs/lib:/opt/ros/foxy/opt/yaml_cpp_vendor/lib:/opt/ros/foxy/opt/rviz_ogre_vendor/lib:/opt/ros/foxy/lib/x86_64-linux-gnu:/opt/ros/foxy/lib PYTHONPATH=/home/vboxuser/ros2_ws/build/kr_example_python/prefix_override:/usr/lib/python3/dist-packages/colcon_core/task/python/colcon_distutils_commands:/home/vboxuser/ros2_ws/install/kr_example_python/lib/python3.8/site-packages:/home/vboxuser/ros2_ws/install/kr_msgs/lib/python3.8/site-packages:/home/vboxuser/ros2_ws/install/vision/lib/python3.8/site-packages:/home/vboxuser/ros2_ws/install/realsense2_camera_msgs/lib/python3.8/site-packages:/home/vboxuser/ros2_ws/install/kr_example_python/lib/python3.8/site-packages:/opt/ros/foxy/lib/python3.8/site-packages /usr/bin/python3 -W ignore:setup.py install is deprecated setup.py egg_info --egg-base ../../../../build/kr_example_python build --build-base /home/vboxuser/ros2_ws/build/kr_example_python/build install --record /home/vboxuser/ros2_ws/build/kr_example_python/install.log --install-scripts $base/lib/kr_example_python --single-version-externally-managed install_data
[1.074s] running egg_info
[1.079s] writing ../../../../build/kr_example_python/kr_example_python.egg-info/PKG-INFO
[1.082s] writing dependency_links to ../../../../build/kr_example_python/kr_example_python.egg-info/dependency_links.txt
[1.082s] writing entry points to ../../../../build/kr_example_python/kr_example_python.egg-info/entry_points.txt
[1.082s] writing requirements to ../../../../build/kr_example_python/kr_example_python.egg-info/requires.txt
[1.082s] writing top-level names to ../../../../build/kr_example_python/kr_example_python.egg-info/top_level.txt
[1.112s] reading manifest file '../../../../build/kr_example_python/kr_example_python.egg-info/SOURCES.txt'
[1.113s] writing manifest file '../../../../build/kr_example_python/kr_example_python.egg-info/SOURCES.txt'
[1.113s] running build
[1.113s] running build_py
[1.114s] running install
[1.115s] running install_lib
[1.116s] running install_data
[1.116s] running install_egg_info
[1.118s] removing '/home/vboxuser/ros2_ws/install/kr_example_python/lib/python3.8/site-packages/kr_example_python-0.0.0-py3.8.egg-info' (and everything under it)
[1.119s] Copying ../../../../build/kr_example_python/kr_example_python.egg-info to /home/vboxuser/ros2_ws/install/kr_example_python/lib/python3.8/site-packages/kr_example_python-0.0.0-py3.8.egg-info
[1.119s] running install_scripts
[1.135s] Installing follow_joint script to /home/vboxuser/ros2_ws/install/kr_example_python/lib/kr_example_python
[1.135s] Installing jog_linear script to /home/vboxuser/ros2_ws/install/kr_example_python/lib/kr_example_python
[1.136s] Installing move_joint script to /home/vboxuser/ros2_ws/install/kr_example_python/lib/kr_example_python
[1.136s] Installing robot_state script to /home/vboxuser/ros2_ws/install/kr_example_python/lib/kr_example_python
[1.136s] Installing self_motion script to /home/vboxuser/ros2_ws/install/kr_example_python/lib/kr_example_python
[1.138s] writing list of installed files to '/home/vboxuser/ros2_ws/build/kr_example_python/install.log'
[1.161s] Invoked command in '/home/vboxuser/ros2_ws/src/orange-ros2/kr_example/python' returned '0': CMAKE_PREFIX_PATH=/home/vboxuser/ros2_ws/install/kr_msgs:/home/vboxuser/ros2_ws/install/realsense2_description:/home/vboxuser/ros2_ws/install/realsense2_camera:/home/vboxuser/ros2_ws/install/realsense2_camera_msgs:/home/vboxuser/ros2_ws/install/kr_example_cpp LD_LIBRARY_PATH=/home/vboxuser/ros2_ws/install/kr_msgs/lib:/home/vboxuser/ros2_ws/install/realsense2_camera/lib:/home/vboxuser/ros2_ws/install/realsense2_camera_msgs/lib:/opt/ros/foxy/opt/yaml_cpp_vendor/lib:/opt/ros/foxy/opt/rviz_ogre_vendor/lib:/opt/ros/foxy/lib/x86_64-linux-gnu:/opt/ros/foxy/lib PYTHONPATH=/home/vboxuser/ros2_ws/build/kr_example_python/prefix_override:/usr/lib/python3/dist-packages/colcon_core/task/python/colcon_distutils_commands:/home/vboxuser/ros2_ws/install/kr_example_python/lib/python3.8/site-packages:/home/vboxuser/ros2_ws/install/kr_msgs/lib/python3.8/site-packages:/home/vboxuser/ros2_ws/install/vision/lib/python3.8/site-packages:/home/vboxuser/ros2_ws/install/realsense2_camera_msgs/lib/python3.8/site-packages:/home/vboxuser/ros2_ws/install/kr_example_python/lib/python3.8/site-packages:/opt/ros/foxy/lib/python3.8/site-packages /usr/bin/python3 -W ignore:setup.py install is deprecated setup.py egg_info --egg-base ../../../../build/kr_example_python build --build-base /home/vboxuser/ros2_ws/build/kr_example_python/build install --record /home/vboxuser/ros2_ws/build/kr_example_python/install.log --install-scripts $base/lib/kr_example_python --single-version-externally-managed install_data
