-- The C compiler identification is GNU 9.4.0
-- The CXX compiler identification is GNU 9.4.0
-- Check for working C compiler: /usr/bin/cc
-- Check for working C compiler: /usr/bin/cc -- works
-- Detecting C compiler ABI info
-- Detecting C compiler ABI info - done
-- Detecting C compile features
-- Detecting C compile features - done
-- Check for working CXX compiler: /usr/bin/c++
-- Check for working CXX compiler: /usr/bin/c++ -- works
-- Detecting CXX compiler ABI info
-- Detecting CXX compiler ABI info - done
-- Detecting CXX compile features
-- Detecting CXX compile features - done
-- Found ament_cmake: 0.9.12 (/opt/ros/foxy/share/ament_cmake/cmake)
-- Found PythonInterp: /usr/bin/python3 (found suitable version "3.8.10", minimum required is "3") 
-- Using PYTHON_EXECUTABLE: /usr/bin/python3
-- Found rclcpp: 2.4.3 (/opt/ros/foxy/share/rclcpp/cmake)
-- Using all available rosidl_typesupport_c: rosidl_typesupport_fastrtps_c;rosidl_typesupport_introspection_c
-- Found rosidl_adapter: 1.3.1 (/opt/ros/foxy/share/rosidl_adapter/cmake)
-- Found OpenSSL: /usr/lib/x86_64-linux-gnu/libcrypto.so (found version "1.1.1f")  
-- Found FastRTPS: /opt/ros/foxy/include  
-- Using all available rosidl_typesupport_cpp: rosidl_typesupport_fastrtps_cpp;rosidl_typesupport_introspection_cpp
-- Found rmw_implementation_cmake: 1.0.4 (/opt/ros/foxy/share/rmw_implementation_cmake/cmake)
-- Using RMW implementation 'rmw_fastrtps_cpp' as default
-- Looking for pthread.h
-- Looking for pthread.h - found
-- Performing Test CMAKE_HAVE_LIBC_PTHREAD
-- Performing Test CMAKE_HAVE_LIBC_PTHREAD - Failed
-- Looking for pthread_create in pthreads
-- Looking for pthread_create in pthreads - not found
-- Looking for pthread_create in pthread
-- Looking for pthread_create in pthread - found
-- Found Threads: TRUE  
-- Found kr_msgs: 0.0.0 (/home/vboxuser/ros2_ws/install/kr_msgs/share/kr_msgs/cmake)
-- Configuring done
-- Generating done
-- Build files have been written to: /home/vboxuser/ros2_ws/build/kr_example_cpp
[35m[1mScanning dependencies of target self_motion[0m
[ 10%] [32mBuilding CXX object CMakeFiles/self_motion.dir/src/self_motion.cpp.o[0m
[ 20%] [32m[1mLinking CXX executable self_motion[0m
[ 20%] Built target self_motion
[35m[1mScanning dependencies of target robot_state[0m
[ 30%] [32mBuilding CXX object CMakeFiles/robot_state.dir/src/robot_state.cpp.o[0m
[ 40%] [32m[1mLinking CXX executable robot_state[0m
[ 40%] Built target robot_state
[35m[1mScanning dependencies of target jog_linear[0m
[35m[1mScanning dependencies of target move_joint[0m
[35m[1mScanning dependencies of target follow_joint[0m
[ 60%] [32mBuilding CXX object CMakeFiles/move_joint.dir/src/move_joint.cpp.o[0m
[ 60%] [32mBuilding CXX object CMakeFiles/follow_joint.dir/src/follow_joint.cpp.o[0m
[ 70%] [32mBuilding CXX object CMakeFiles/jog_linear.dir/src/jog_linear.cpp.o[0m
[ 80%] [32m[1mLinking CXX executable move_joint[0m
[ 80%] Built target move_joint
[ 90%] [32m[1mLinking CXX executable follow_joint[0m
[ 90%] Built target follow_joint
[100%] [32m[1mLinking CXX executable jog_linear[0m
[100%] Built target jog_linear
-- Install configuration: ""
-- Installing: /home/vboxuser/ros2_ws/install/kr_example_cpp/lib/kr_example_cpp/robot_state
-- Set runtime path of "/home/vboxuser/ros2_ws/install/kr_example_cpp/lib/kr_example_cpp/robot_state" to ""
-- Installing: /home/vboxuser/ros2_ws/install/kr_example_cpp/lib/kr_example_cpp/follow_joint
-- Set runtime path of "/home/vboxuser/ros2_ws/install/kr_example_cpp/lib/kr_example_cpp/follow_joint" to ""
-- Installing: /home/vboxuser/ros2_ws/install/kr_example_cpp/lib/kr_example_cpp/move_joint
-- Set runtime path of "/home/vboxuser/ros2_ws/install/kr_example_cpp/lib/kr_example_cpp/move_joint" to ""
-- Installing: /home/vboxuser/ros2_ws/install/kr_example_cpp/lib/kr_example_cpp/jog_linear
-- Set runtime path of "/home/vboxuser/ros2_ws/install/kr_example_cpp/lib/kr_example_cpp/jog_linear" to ""
-- Installing: /home/vboxuser/ros2_ws/install/kr_example_cpp/lib/kr_example_cpp/self_motion
-- Set runtime path of "/home/vboxuser/ros2_ws/install/kr_example_cpp/lib/kr_example_cpp/self_motion" to ""
-- Installing: /home/vboxuser/ros2_ws/install/kr_example_cpp/share/ament_index/resource_index/package_run_dependencies/kr_example_cpp
-- Installing: /home/vboxuser/ros2_ws/install/kr_example_cpp/share/ament_index/resource_index/parent_prefix_path/kr_example_cpp
-- Installing: /home/vboxuser/ros2_ws/install/kr_example_cpp/share/kr_example_cpp/environment/ament_prefix_path.sh
-- Installing: /home/vboxuser/ros2_ws/install/kr_example_cpp/share/kr_example_cpp/environment/ament_prefix_path.dsv
-- Installing: /home/vboxuser/ros2_ws/install/kr_example_cpp/share/kr_example_cpp/environment/path.sh
-- Installing: /home/vboxuser/ros2_ws/install/kr_example_cpp/share/kr_example_cpp/environment/path.dsv
-- Installing: /home/vboxuser/ros2_ws/install/kr_example_cpp/share/kr_example_cpp/local_setup.bash
-- Installing: /home/vboxuser/ros2_ws/install/kr_example_cpp/share/kr_example_cpp/local_setup.sh
-- Installing: /home/vboxuser/ros2_ws/install/kr_example_cpp/share/kr_example_cpp/local_setup.zsh
-- Installing: /home/vboxuser/ros2_ws/install/kr_example_cpp/share/kr_example_cpp/local_setup.dsv
-- Installing: /home/vboxuser/ros2_ws/install/kr_example_cpp/share/kr_example_cpp/package.dsv
-- Installing: /home/vboxuser/ros2_ws/install/kr_example_cpp/share/ament_index/resource_index/packages/kr_example_cpp
-- Installing: /home/vboxuser/ros2_ws/install/kr_example_cpp/share/kr_example_cpp/cmake/kr_example_cppConfig.cmake
-- Installing: /home/vboxuser/ros2_ws/install/kr_example_cpp/share/kr_example_cpp/cmake/kr_example_cppConfig-version.cmake
-- Installing: /home/vboxuser/ros2_ws/install/kr_example_cpp/share/kr_example_cpp/package.xml
