[0.066s] Invoking command in '/home/vboxuser/ros2_ws/src/build/realsense2_camera_msgs': CMAKE_PREFIX_PATH=${CMAKE_PREFIX_PATH}:/home/vboxuser/ros2_ws/install/vision:/home/vboxuser/ros2_ws/install/robot_control:/home/vboxuser/ros2_ws/install/kr_example_python:/opt/ros/foxy /usr/bin/cmake /home/vboxuser/ros2_ws/src/realsense-ros/realsense2_camera_msgs -DCMAKE_INSTALL_PREFIX=/home/vboxuser/ros2_ws/src/install/realsense2_camera_msgs
[0.675s] -- The C compiler identification is GNU 9.4.0
[0.675s] -- The CXX compiler identification is GNU 9.4.0
[0.675s] -- Check for working C compiler: /usr/bin/cc
[0.678s] -- Check for working C compiler: /usr/bin/cc -- works
[0.679s] -- Detecting C compiler ABI info
[0.679s] -- Detecting C compiler ABI info - done
[0.679s] -- Detecting C compile features
[0.679s] -- Detecting C compile features - done
[0.679s] -- Check for working CXX compiler: /usr/bin/c++
[0.679s] -- Check for working CXX compiler: /usr/bin/c++ -- works
[0.679s] -- Detecting CXX compiler ABI info
[0.696s] -- Detecting CXX compiler ABI info - done
[0.707s] -- Detecting CXX compile features
[0.707s] -- Detecting CXX compile features - done
[0.738s] -- Found ament_cmake: 0.9.12 (/opt/ros/foxy/share/ament_cmake/cmake)
[0.776s] -- Found PythonInterp: /usr/bin/python3 (found suitable version "3.8.10", minimum required is "3") 
[0.776s] -- Using PYTHON_EXECUTABLE: /usr/bin/python3
[1.047s] -- Found rosidl_default_generators: 1.0.1 (/opt/ros/foxy/share/rosidl_default_generators/cmake)
[1.068s] -- Using all available rosidl_typesupport_c: rosidl_typesupport_fastrtps_c;rosidl_typesupport_introspection_c
[1.087s] -- Found rosidl_adapter: 1.3.1 (/opt/ros/foxy/share/rosidl_adapter/cmake)
[1.315s] -- Found OpenSSL: /usr/lib/x86_64-linux-gnu/libcrypto.so (found version "1.1.1f")  
[1.404s] -- Found FastRTPS: /opt/ros/foxy/include  
[1.573s] -- Using all available rosidl_typesupport_cpp: rosidl_typesupport_fastrtps_cpp;rosidl_typesupport_introspection_cpp
[1.636s] -- Found builtin_interfaces: 1.0.0 (/opt/ros/foxy/share/builtin_interfaces/cmake)
[1.658s] -- Found std_msgs: 2.0.5 (/opt/ros/foxy/share/std_msgs/cmake)
[1.702s] -- Found sensor_msgs: 2.0.5 (/opt/ros/foxy/share/sensor_msgs/cmake)
[1.941s] -- Found PythonInterp: /usr/bin/python3 (found version "3.8.10") 
[2.277s] -- Found ament_cmake_cppcheck: 0.9.8 (/opt/ros/foxy/share/ament_cmake_cppcheck/cmake)
[2.280s] -- Found ament_cmake_cpplint: 0.9.8 (/opt/ros/foxy/share/ament_cmake_cpplint/cmake)
[2.283s] -- Found ament_cmake_uncrustify: 0.9.8 (/opt/ros/foxy/share/ament_cmake_uncrustify/cmake)
[2.290s] -- Found ament_cmake_ros: 0.9.2 (/opt/ros/foxy/share/ament_cmake_ros/cmake)
[3.665s] -- Using all available rosidl_typesupport_c: rosidl_typesupport_fastrtps_c;rosidl_typesupport_introspection_c
[4.130s] -- Using all available rosidl_typesupport_cpp: rosidl_typesupport_fastrtps_cpp;rosidl_typesupport_introspection_cpp
[4.698s] -- Found PythonInterp: /usr/bin/python3 (found suitable version "3.8.10", minimum required is "3.5") 
[4.702s] -- Found python_cmake_module: 0.8.1 (/opt/ros/foxy/share/python_cmake_module/cmake)
[4.753s] -- Found PythonLibs: /usr/lib/x86_64-linux-gnu/libpython3.8.so (found suitable version "3.8.10", minimum required is "3.5") 
[4.753s] -- Using PYTHON_EXECUTABLE: /usr/bin/python3
[4.753s] -- Using PYTHON_INCLUDE_DIRS: /usr/include/python3.8
[4.754s] -- Using PYTHON_LIBRARIES: /usr/lib/x86_64-linux-gnu/libpython3.8.so
[5.033s] -- Found PythonExtra: .so  
[5.581s] -- Found ament_cmake_flake8: 0.9.8 (/opt/ros/foxy/share/ament_cmake_flake8/cmake)
[5.608s] -- Found ament_cmake_pep257: 0.9.8 (/opt/ros/foxy/share/ament_cmake_pep257/cmake)
[5.653s] -- Configuring done
[5.877s] -- Generating done
[5.879s] -- Build files have been written to: /home/vboxuser/ros2_ws/src/build/realsense2_camera_msgs
[5.904s] Invoked command in '/home/vboxuser/ros2_ws/src/build/realsense2_camera_msgs' returned '0': CMAKE_PREFIX_PATH=${CMAKE_PREFIX_PATH}:/home/vboxuser/ros2_ws/install/vision:/home/vboxuser/ros2_ws/install/robot_control:/home/vboxuser/ros2_ws/install/kr_example_python:/opt/ros/foxy /usr/bin/cmake /home/vboxuser/ros2_ws/src/realsense-ros/realsense2_camera_msgs -DCMAKE_INSTALL_PREFIX=/home/vboxuser/ros2_ws/src/install/realsense2_camera_msgs
[5.909s] Invoking command in '/home/vboxuser/ros2_ws/src/build/realsense2_camera_msgs': CMAKE_PREFIX_PATH=${CMAKE_PREFIX_PATH}:/home/vboxuser/ros2_ws/install/vision:/home/vboxuser/ros2_ws/install/robot_control:/home/vboxuser/ros2_ws/install/kr_example_python:/opt/ros/foxy /usr/bin/cmake --build /home/vboxuser/ros2_ws/src/build/realsense2_camera_msgs -- -j8 -l8
[6.891s] [35m[1mScanning dependencies of target realsense2_camera_msgs__cpp[0m
[6.916s] [  1%] [34m[1mGenerating C code for ROS interfaces[0m
[6.933s] [  3%] [34m[1mGenerating C++ code for ROS interfaces[0m
[8.905s] [35m[1mScanning dependencies of target realsense2_camera_msgs__rosidl_generator_c[0m
[9.407s] [  3%] Built target realsense2_camera_msgs__cpp
[9.428s] [  4%] [34m[1mGenerating C++ type support for eProsima Fast-RTPS[0m
[9.475s] [  6%] [32mBuilding C object CMakeFiles/realsense2_camera_msgs__rosidl_generator_c.dir/rosidl_generator_c/realsense2_camera_msgs/msg/detail/imu_info__functions.c.o[0m
[9.480s] [  7%] [32mBuilding C object CMakeFiles/realsense2_camera_msgs__rosidl_generator_c.dir/rosidl_generator_c/realsense2_camera_msgs/msg/detail/extrinsics__functions.c.o[0m
[9.487s] [  9%] [32mBuilding C object CMakeFiles/realsense2_camera_msgs__rosidl_generator_c.dir/rosidl_generator_c/realsense2_camera_msgs/srv/detail/device_info__functions.c.o[0m
[9.498s] [ 11%] [34m[1mGenerating C++ type support dispatch for ROS interfaces[0m
[9.502s] [ 12%] [32mBuilding C object CMakeFiles/realsense2_camera_msgs__rosidl_generator_c.dir/rosidl_generator_c/realsense2_camera_msgs/msg/detail/rgbd__functions.c.o[0m
[9.594s] [ 14%] [32mBuilding C object CMakeFiles/realsense2_camera_msgs__rosidl_generator_c.dir/rosidl_generator_c/realsense2_camera_msgs/msg/detail/metadata__functions.c.o[0m
[9.609s] [ 15%] [34m[1mGenerating C++ introspection for ROS interfaces[0m
[10.117s] [ 17%] [32m[1mLinking C shared library librealsense2_camera_msgs__rosidl_generator_c.so[0m
[10.534s] [35m[1mScanning dependencies of target realsense2_camera_msgs__rosidl_typesupport_cpp[0m
[10.571s] [ 17%] Built target realsense2_camera_msgs__rosidl_generator_c
[10.726s] [ 19%] [32mBuilding CXX object CMakeFiles/realsense2_camera_msgs__rosidl_typesupport_cpp.dir/rosidl_typesupport_cpp/realsense2_camera_msgs/msg/imu_info__type_support.cpp.o[0m
[10.780s] [ 22%] [32mBuilding CXX object CMakeFiles/realsense2_camera_msgs__rosidl_typesupport_cpp.dir/rosidl_typesupport_cpp/realsense2_camera_msgs/msg/metadata__type_support.cpp.o[0m
[10.790s] [ 23%] [32mBuilding CXX object CMakeFiles/realsense2_camera_msgs__rosidl_typesupport_cpp.dir/rosidl_typesupport_cpp/realsense2_camera_msgs/msg/extrinsics__type_support.cpp.o[0m
[10.790s] [ 25%] [32mBuilding CXX object CMakeFiles/realsense2_camera_msgs__rosidl_typesupport_cpp.dir/rosidl_typesupport_cpp/realsense2_camera_msgs/msg/rgbd__type_support.cpp.o[0m
[10.790s] [ 25%] [34m[1mGenerating C introspection for ROS interfaces[0m
[10.828s] [ 26%] [34m[1mGenerating C type support dispatch for ROS interfaces[0m
[11.335s] [ 28%] [32mBuilding CXX object CMakeFiles/realsense2_camera_msgs__rosidl_typesupport_cpp.dir/rosidl_typesupport_cpp/realsense2_camera_msgs/srv/device_info__type_support.cpp.o[0m
[11.599s] [35m[1mScanning dependencies of target realsense2_camera_msgs__rosidl_typesupport_fastrtps_cpp[0m
[11.762s] [35m[1mScanning dependencies of target realsense2_camera_msgs__rosidl_typesupport_introspection_cpp[0m
[11.847s] [ 30%] [32mBuilding CXX object CMakeFiles/realsense2_camera_msgs__rosidl_typesupport_fastrtps_cpp.dir/rosidl_typesupport_fastrtps_cpp/realsense2_camera_msgs/msg/detail/dds_fastrtps/imu_info__type_support.cpp.o[0m
[11.851s] [ 31%] [32mBuilding CXX object CMakeFiles/realsense2_camera_msgs__rosidl_typesupport_fastrtps_cpp.dir/rosidl_typesupport_fastrtps_cpp/realsense2_camera_msgs/msg/detail/dds_fastrtps/metadata__type_support.cpp.o[0m
[11.874s] [ 33%] [32mBuilding CXX object CMakeFiles/realsense2_camera_msgs__rosidl_typesupport_introspection_cpp.dir/rosidl_typesupport_introspection_cpp/realsense2_camera_msgs/msg/detail/imu_info__type_support.cpp.o[0m
[11.876s] [ 34%] [32mBuilding CXX object CMakeFiles/realsense2_camera_msgs__rosidl_typesupport_fastrtps_cpp.dir/rosidl_typesupport_fastrtps_cpp/realsense2_camera_msgs/msg/detail/dds_fastrtps/extrinsics__type_support.cpp.o[0m
[11.881s] [ 36%] [32mBuilding CXX object CMakeFiles/realsense2_camera_msgs__rosidl_typesupport_fastrtps_cpp.dir/rosidl_typesupport_fastrtps_cpp/realsense2_camera_msgs/msg/detail/dds_fastrtps/rgbd__type_support.cpp.o[0m
[12.141s] [ 38%] [32m[1mLinking CXX shared library librealsense2_camera_msgs__rosidl_typesupport_cpp.so[0m
[12.321s] [35m[1mScanning dependencies of target realsense2_camera_msgs__rosidl_typesupport_c[0m
[12.478s] [ 39%] [32mBuilding CXX object CMakeFiles/realsense2_camera_msgs__rosidl_typesupport_c.dir/rosidl_typesupport_c/realsense2_camera_msgs/msg/imu_info__type_support.cpp.o[0m
[12.489s] [ 39%] Built target realsense2_camera_msgs__rosidl_typesupport_cpp
[12.714s] [ 41%] [32mBuilding CXX object CMakeFiles/realsense2_camera_msgs__rosidl_typesupport_fastrtps_cpp.dir/rosidl_typesupport_fastrtps_cpp/realsense2_camera_msgs/srv/detail/dds_fastrtps/device_info__type_support.cpp.o[0m
[12.872s] [ 42%] [32mBuilding CXX object CMakeFiles/realsense2_camera_msgs__rosidl_typesupport_c.dir/rosidl_typesupport_c/realsense2_camera_msgs/msg/extrinsics__type_support.cpp.o[0m
[13.103s] [35m[1mScanning dependencies of target realsense2_camera_msgs__rosidl_typesupport_introspection_c[0m
[13.176s] [ 44%] [32mBuilding CXX object CMakeFiles/realsense2_camera_msgs__rosidl_typesupport_c.dir/rosidl_typesupport_c/realsense2_camera_msgs/msg/metadata__type_support.cpp.o[0m
[13.265s] [ 47%] [32mBuilding C object CMakeFiles/realsense2_camera_msgs__rosidl_typesupport_introspection_c.dir/rosidl_typesupport_introspection_c/realsense2_camera_msgs/msg/detail/imu_info__type_support.c.o[0m
[13.271s] [ 47%] [32mBuilding CXX object CMakeFiles/realsense2_camera_msgs__rosidl_typesupport_c.dir/rosidl_typesupport_c/realsense2_camera_msgs/msg/rgbd__type_support.cpp.o[0m
[13.417s] [ 49%] [32mBuilding CXX object CMakeFiles/realsense2_camera_msgs__rosidl_typesupport_c.dir/rosidl_typesupport_c/realsense2_camera_msgs/srv/device_info__type_support.cpp.o[0m
[13.420s] [ 50%] [32mBuilding C object CMakeFiles/realsense2_camera_msgs__rosidl_typesupport_introspection_c.dir/rosidl_typesupport_introspection_c/realsense2_camera_msgs/msg/detail/metadata__type_support.c.o[0m
[13.422s] [ 52%] [32mBuilding C object CMakeFiles/realsense2_camera_msgs__rosidl_typesupport_introspection_c.dir/rosidl_typesupport_introspection_c/realsense2_camera_msgs/msg/detail/extrinsics__type_support.c.o[0m
[13.422s] [ 53%] [32mBuilding CXX object CMakeFiles/realsense2_camera_msgs__rosidl_typesupport_introspection_cpp.dir/rosidl_typesupport_introspection_cpp/realsense2_camera_msgs/msg/detail/extrinsics__type_support.cpp.o[0m
[13.424s] [ 55%] [32mBuilding C object CMakeFiles/realsense2_camera_msgs__rosidl_typesupport_introspection_c.dir/rosidl_typesupport_introspection_c/realsense2_camera_msgs/msg/detail/rgbd__type_support.c.o[0m
[13.441s] [ 57%] [32mBuilding CXX object CMakeFiles/realsense2_camera_msgs__rosidl_typesupport_introspection_cpp.dir/rosidl_typesupport_introspection_cpp/realsense2_camera_msgs/msg/detail/metadata__type_support.cpp.o[0m
[13.490s] [ 58%] [32mBuilding C object CMakeFiles/realsense2_camera_msgs__rosidl_typesupport_introspection_c.dir/rosidl_typesupport_introspection_c/realsense2_camera_msgs/srv/detail/device_info__type_support.c.o[0m
[13.547s] [ 60%] [32mBuilding CXX object CMakeFiles/realsense2_camera_msgs__rosidl_typesupport_introspection_cpp.dir/rosidl_typesupport_introspection_cpp/realsense2_camera_msgs/msg/detail/rgbd__type_support.cpp.o[0m
[13.635s] [ 61%] [32mBuilding CXX object CMakeFiles/realsense2_camera_msgs__rosidl_typesupport_introspection_cpp.dir/rosidl_typesupport_introspection_cpp/realsense2_camera_msgs/srv/detail/device_info__type_support.cpp.o[0m
[13.636s] [ 63%] [32m[1mLinking CXX shared library librealsense2_camera_msgs__rosidl_typesupport_c.so[0m
[13.649s] [ 65%] [32m[1mLinking C shared library librealsense2_camera_msgs__rosidl_typesupport_introspection_c.so[0m
[13.799s] [ 66%] [32m[1mLinking CXX shared library librealsense2_camera_msgs__rosidl_typesupport_fastrtps_cpp.so[0m
[13.979s] [ 66%] Built target realsense2_camera_msgs__rosidl_typesupport_introspection_c
[13.994s] [ 66%] Built target realsense2_camera_msgs__rosidl_typesupport_c
[14.187s] [ 66%] Built target realsense2_camera_msgs__rosidl_typesupport_fastrtps_cpp
[14.207s] [ 68%] [34m[1mGenerating C type support for eProsima Fast-RTPS[0m
[14.259s] [ 69%] [32m[1mLinking CXX shared library librealsense2_camera_msgs__rosidl_typesupport_introspection_cpp.so[0m
[14.391s] [ 69%] Built target realsense2_camera_msgs__rosidl_typesupport_introspection_cpp
[14.903s] [35m[1mScanning dependencies of target realsense2_camera_msgs__rosidl_typesupport_fastrtps_c[0m
[14.977s] [ 71%] [32mBuilding CXX object CMakeFiles/realsense2_camera_msgs__rosidl_typesupport_fastrtps_c.dir/rosidl_typesupport_fastrtps_c/realsense2_camera_msgs/msg/detail/imu_info__type_support_c.cpp.o[0m
[14.984s] [ 73%] [32mBuilding CXX object CMakeFiles/realsense2_camera_msgs__rosidl_typesupport_fastrtps_c.dir/rosidl_typesupport_fastrtps_c/realsense2_camera_msgs/msg/detail/rgbd__type_support_c.cpp.o[0m
[14.985s] [ 74%] [32mBuilding CXX object CMakeFiles/realsense2_camera_msgs__rosidl_typesupport_fastrtps_c.dir/rosidl_typesupport_fastrtps_c/realsense2_camera_msgs/msg/detail/extrinsics__type_support_c.cpp.o[0m
[14.988s] [ 76%] [32mBuilding CXX object CMakeFiles/realsense2_camera_msgs__rosidl_typesupport_fastrtps_c.dir/rosidl_typesupport_fastrtps_c/realsense2_camera_msgs/msg/detail/metadata__type_support_c.cpp.o[0m
[15.017s] [ 77%] [32mBuilding CXX object CMakeFiles/realsense2_camera_msgs__rosidl_typesupport_fastrtps_c.dir/rosidl_typesupport_fastrtps_c/realsense2_camera_msgs/srv/detail/device_info__type_support_c.cpp.o[0m
[15.537s] [ 79%] [32m[1mLinking CXX shared library librealsense2_camera_msgs__rosidl_typesupport_fastrtps_c.so[0m
[15.651s] [ 79%] Built target realsense2_camera_msgs__rosidl_typesupport_fastrtps_c
[15.667s] [35m[1mScanning dependencies of target realsense2_camera_msgs[0m
[15.684s] [ 79%] Built target realsense2_camera_msgs
[15.705s] [35m[1mScanning dependencies of target realsense2_camera_msgs__py[0m
[15.726s] [ 80%] [34m[1mGenerating Python code for ROS interfaces[0m
[19.262s] [ 80%] Built target realsense2_camera_msgs__py
[19.290s] [35m[1mScanning dependencies of target realsense2_camera_msgs__python[0m
[20.694s] [ 82%] [32mBuilding C object CMakeFiles/realsense2_camera_msgs__python.dir/rosidl_generator_py/realsense2_camera_msgs/msg/_extrinsics_s.c.o[0m
[20.710s] [ 84%] [32mBuilding C object CMakeFiles/realsense2_camera_msgs__python.dir/rosidl_generator_py/realsense2_camera_msgs/msg/_imu_info_s.c.o[0m
[20.735s] [ 85%] [32mBuilding C object CMakeFiles/realsense2_camera_msgs__python.dir/rosidl_generator_py/realsense2_camera_msgs/msg/_metadata_s.c.o[0m
[20.789s] [ 87%] [32mBuilding C object CMakeFiles/realsense2_camera_msgs__python.dir/rosidl_generator_py/realsense2_camera_msgs/msg/_rgbd_s.c.o[0m
[21.058s] [ 88%] [32mBuilding C object CMakeFiles/realsense2_camera_msgs__python.dir/rosidl_generator_py/realsense2_camera_msgs/srv/_device_info_s.c.o[0m
[21.583s] [ 90%] [32m[1mLinking C shared library rosidl_generator_py/realsense2_camera_msgs/librealsense2_camera_msgs__python.so[0m
[21.777s] [ 90%] Built target realsense2_camera_msgs__python
[21.814s] [35m[1mScanning dependencies of target realsense2_camera_msgs__rosidl_typesupport_c__pyext[0m
[21.834s] [35m[1mScanning dependencies of target realsense2_camera_msgs__rosidl_typesupport_introspection_c__pyext[0m
[21.844s] [35m[1mScanning dependencies of target realsense2_camera_msgs__rosidl_typesupport_fastrtps_c__pyext[0m
[21.892s] [ 92%] [32mBuilding C object CMakeFiles/realsense2_camera_msgs__rosidl_typesupport_c__pyext.dir/rosidl_generator_py/realsense2_camera_msgs/_realsense2_camera_msgs_s.ep.rosidl_typesupport_c.c.o[0m
[21.917s] [ 93%] [32mBuilding C object CMakeFiles/realsense2_camera_msgs__rosidl_typesupport_introspection_c__pyext.dir/rosidl_generator_py/realsense2_camera_msgs/_realsense2_camera_msgs_s.ep.rosidl_typesupport_introspection_c.c.o[0m
[21.941s] [ 95%] [32mBuilding C object CMakeFiles/realsense2_camera_msgs__rosidl_typesupport_fastrtps_c__pyext.dir/rosidl_generator_py/realsense2_camera_msgs/_realsense2_camera_msgs_s.ep.rosidl_typesupport_fastrtps_c.c.o[0m
[22.067s] [ 96%] [32m[1mLinking C shared library rosidl_generator_py/realsense2_camera_msgs/realsense2_camera_msgs_s__rosidl_typesupport_c.cpython-38-x86_64-linux-gnu.so[0m
[22.085s] [ 98%] [32m[1mLinking C shared library rosidl_generator_py/realsense2_camera_msgs/realsense2_camera_msgs_s__rosidl_typesupport_introspection_c.cpython-38-x86_64-linux-gnu.so[0m
[22.131s] [100%] [32m[1mLinking CXX shared library rosidl_generator_py/realsense2_camera_msgs/realsense2_camera_msgs_s__rosidl_typesupport_fastrtps_c.cpython-38-x86_64-linux-gnu.so[0m
[22.204s] [100%] Built target realsense2_camera_msgs__rosidl_typesupport_c__pyext
[22.259s] [100%] Built target realsense2_camera_msgs__rosidl_typesupport_introspection_c__pyext
[22.313s] [100%] Built target realsense2_camera_msgs__rosidl_typesupport_fastrtps_c__pyext
[22.355s] Invoked command in '/home/vboxuser/ros2_ws/src/build/realsense2_camera_msgs' returned '0': CMAKE_PREFIX_PATH=${CMAKE_PREFIX_PATH}:/home/vboxuser/ros2_ws/install/vision:/home/vboxuser/ros2_ws/install/robot_control:/home/vboxuser/ros2_ws/install/kr_example_python:/opt/ros/foxy /usr/bin/cmake --build /home/vboxuser/ros2_ws/src/build/realsense2_camera_msgs -- -j8 -l8
[22.677s] Invoking command in '/home/vboxuser/ros2_ws/src/build/realsense2_camera_msgs': CMAKE_PREFIX_PATH=${CMAKE_PREFIX_PATH}:/home/vboxuser/ros2_ws/install/vision:/home/vboxuser/ros2_ws/install/robot_control:/home/vboxuser/ros2_ws/install/kr_example_python:/opt/ros/foxy /usr/bin/cmake --install /home/vboxuser/ros2_ws/src/build/realsense2_camera_msgs
[22.721s] -- Install configuration: ""
[22.722s] -- Installing: /home/vboxuser/ros2_ws/src/install/realsense2_camera_msgs/share/ament_index/resource_index/rosidl_interfaces/realsense2_camera_msgs
[22.723s] -- Installing: /home/vboxuser/ros2_ws/src/install/realsense2_camera_msgs/include/realsense2_camera_msgs
[22.724s] -- Installing: /home/vboxuser/ros2_ws/src/install/realsense2_camera_msgs/include/realsense2_camera_msgs/srv
[22.724s] -- Installing: /home/vboxuser/ros2_ws/src/install/realsense2_camera_msgs/include/realsense2_camera_msgs/srv/device_info.h
[22.726s] -- Installing: /home/vboxuser/ros2_ws/src/install/realsense2_camera_msgs/include/realsense2_camera_msgs/srv/detail
[22.726s] -- Installing: /home/vboxuser/ros2_ws/src/install/realsense2_camera_msgs/include/realsense2_camera_msgs/srv/detail/device_info__struct.h
[22.727s] -- Installing: /home/vboxuser/ros2_ws/src/install/realsense2_camera_msgs/include/realsense2_camera_msgs/srv/detail/device_info__type_support.h
[22.729s] -- Installing: /home/vboxuser/ros2_ws/src/install/realsense2_camera_msgs/include/realsense2_camera_msgs/srv/detail/device_info__functions.h
[22.731s] -- Installing: /home/vboxuser/ros2_ws/src/install/realsense2_camera_msgs/include/realsense2_camera_msgs/srv/detail/device_info__functions.c
[22.733s] -- Installing: /home/vboxuser/ros2_ws/src/install/realsense2_camera_msgs/include/realsense2_camera_msgs/msg
[22.733s] -- Installing: /home/vboxuser/ros2_ws/src/install/realsense2_camera_msgs/include/realsense2_camera_msgs/msg/rgbd.h
[22.734s] -- Installing: /home/vboxuser/ros2_ws/src/install/realsense2_camera_msgs/include/realsense2_camera_msgs/msg/metadata.h
[22.735s] -- Installing: /home/vboxuser/ros2_ws/src/install/realsense2_camera_msgs/include/realsense2_camera_msgs/msg/extrinsics.h
[22.736s] -- Installing: /home/vboxuser/ros2_ws/src/install/realsense2_camera_msgs/include/realsense2_camera_msgs/msg/imu_info.h
[22.737s] -- Installing: /home/vboxuser/ros2_ws/src/install/realsense2_camera_msgs/include/realsense2_camera_msgs/msg/rosidl_generator_c__visibility_control.h
[22.739s] -- Installing: /home/vboxuser/ros2_ws/src/install/realsense2_camera_msgs/include/realsense2_camera_msgs/msg/detail
[22.740s] -- Installing: /home/vboxuser/ros2_ws/src/install/realsense2_camera_msgs/include/realsense2_camera_msgs/msg/detail/extrinsics__type_support.h
[22.743s] -- Installing: /home/vboxuser/ros2_ws/src/install/realsense2_camera_msgs/include/realsense2_camera_msgs/msg/detail/rgbd__functions.c
[22.744s] -- Installing: /home/vboxuser/ros2_ws/src/install/realsense2_camera_msgs/include/realsense2_camera_msgs/msg/detail/extrinsics__functions.c
[22.745s] -- Installing: /home/vboxuser/ros2_ws/src/install/realsense2_camera_msgs/include/realsense2_camera_msgs/msg/detail/imu_info__functions.c
[22.746s] -- Installing: /home/vboxuser/ros2_ws/src/install/realsense2_camera_msgs/include/realsense2_camera_msgs/msg/detail/rgbd__type_support.h
[22.748s] -- Installing: /home/vboxuser/ros2_ws/src/install/realsense2_camera_msgs/include/realsense2_camera_msgs/msg/detail/metadata__functions.h
[22.749s] -- Installing: /home/vboxuser/ros2_ws/src/install/realsense2_camera_msgs/include/realsense2_camera_msgs/msg/detail/imu_info__type_support.h
[22.750s] -- Installing: /home/vboxuser/ros2_ws/src/install/realsense2_camera_msgs/include/realsense2_camera_msgs/msg/detail/imu_info__struct.h
[22.751s] -- Installing: /home/vboxuser/ros2_ws/src/install/realsense2_camera_msgs/include/realsense2_camera_msgs/msg/detail/rgbd__functions.h
[22.753s] -- Installing: /home/vboxuser/ros2_ws/src/install/realsense2_camera_msgs/include/realsense2_camera_msgs/msg/detail/imu_info__functions.h
[22.754s] -- Installing: /home/vboxuser/ros2_ws/src/install/realsense2_camera_msgs/include/realsense2_camera_msgs/msg/detail/metadata__type_support.h
[22.755s] -- Installing: /home/vboxuser/ros2_ws/src/install/realsense2_camera_msgs/include/realsense2_camera_msgs/msg/detail/extrinsics__struct.h
[22.756s] -- Installing: /home/vboxuser/ros2_ws/src/install/realsense2_camera_msgs/include/realsense2_camera_msgs/msg/detail/rgbd__struct.h
[22.757s] -- Installing: /home/vboxuser/ros2_ws/src/install/realsense2_camera_msgs/include/realsense2_camera_msgs/msg/detail/metadata__struct.h
[22.758s] -- Installing: /home/vboxuser/ros2_ws/src/install/realsense2_camera_msgs/include/realsense2_camera_msgs/msg/detail/metadata__functions.c
[22.759s] -- Installing: /home/vboxuser/ros2_ws/src/install/realsense2_camera_msgs/include/realsense2_camera_msgs/msg/detail/extrinsics__functions.h
[22.760s] -- Installing: /home/vboxuser/ros2_ws/src/install/realsense2_camera_msgs/share/realsense2_camera_msgs/environment/library_path.sh
[22.762s] -- Installing: /home/vboxuser/ros2_ws/src/install/realsense2_camera_msgs/share/realsense2_camera_msgs/environment/library_path.dsv
[22.763s] -- Installing: /home/vboxuser/ros2_ws/src/install/realsense2_camera_msgs/lib/librealsense2_camera_msgs__rosidl_generator_c.so
[22.764s] -- Set runtime path of "/home/vboxuser/ros2_ws/src/install/realsense2_camera_msgs/lib/librealsense2_camera_msgs__rosidl_generator_c.so" to ""
[22.764s] -- Up-to-date: /home/vboxuser/ros2_ws/src/install/realsense2_camera_msgs/include/realsense2_camera_msgs
[22.765s] -- Up-to-date: /home/vboxuser/ros2_ws/src/install/realsense2_camera_msgs/include/realsense2_camera_msgs/srv
[22.765s] -- Up-to-date: /home/vboxuser/ros2_ws/src/install/realsense2_camera_msgs/include/realsense2_camera_msgs/srv/detail
[22.765s] -- Installing: /home/vboxuser/ros2_ws/src/install/realsense2_camera_msgs/include/realsense2_camera_msgs/srv/detail/device_info__rosidl_typesupport_fastrtps_c.h
[22.765s] -- Up-to-date: /home/vboxuser/ros2_ws/src/install/realsense2_camera_msgs/include/realsense2_camera_msgs/msg
[22.765s] -- Installing: /home/vboxuser/ros2_ws/src/install/realsense2_camera_msgs/include/realsense2_camera_msgs/msg/rosidl_typesupport_fastrtps_c__visibility_control.h
[22.766s] -- Up-to-date: /home/vboxuser/ros2_ws/src/install/realsense2_camera_msgs/include/realsense2_camera_msgs/msg/detail
[22.766s] -- Installing: /home/vboxuser/ros2_ws/src/install/realsense2_camera_msgs/include/realsense2_camera_msgs/msg/detail/rgbd__rosidl_typesupport_fastrtps_c.h
[22.766s] -- Installing: /home/vboxuser/ros2_ws/src/install/realsense2_camera_msgs/include/realsense2_camera_msgs/msg/detail/extrinsics__rosidl_typesupport_fastrtps_c.h
[22.766s] -- Installing: /home/vboxuser/ros2_ws/src/install/realsense2_camera_msgs/include/realsense2_camera_msgs/msg/detail/metadata__rosidl_typesupport_fastrtps_c.h
[22.767s] -- Installing: /home/vboxuser/ros2_ws/src/install/realsense2_camera_msgs/include/realsense2_camera_msgs/msg/detail/imu_info__rosidl_typesupport_fastrtps_c.h
[22.767s] -- Installing: /home/vboxuser/ros2_ws/src/install/realsense2_camera_msgs/lib/librealsense2_camera_msgs__rosidl_typesupport_fastrtps_c.so
[22.769s] -- Set runtime path of "/home/vboxuser/ros2_ws/src/install/realsense2_camera_msgs/lib/librealsense2_camera_msgs__rosidl_typesupport_fastrtps_c.so" to ""
[22.769s] -- Up-to-date: /home/vboxuser/ros2_ws/src/install/realsense2_camera_msgs/include/realsense2_camera_msgs
[22.769s] -- Up-to-date: /home/vboxuser/ros2_ws/src/install/realsense2_camera_msgs/include/realsense2_camera_msgs/srv
[22.770s] -- Up-to-date: /home/vboxuser/ros2_ws/src/install/realsense2_camera_msgs/include/realsense2_camera_msgs/srv/detail
[22.770s] -- Installing: /home/vboxuser/ros2_ws/src/install/realsense2_camera_msgs/include/realsense2_camera_msgs/srv/detail/device_info__rosidl_typesupport_fastrtps_cpp.hpp
[22.770s] -- Installing: /home/vboxuser/ros2_ws/src/install/realsense2_camera_msgs/include/realsense2_camera_msgs/srv/detail/dds_fastrtps
[22.770s] -- Up-to-date: /home/vboxuser/ros2_ws/src/install/realsense2_camera_msgs/include/realsense2_camera_msgs/msg
[22.770s] -- Installing: /home/vboxuser/ros2_ws/src/install/realsense2_camera_msgs/include/realsense2_camera_msgs/msg/rosidl_typesupport_fastrtps_cpp__visibility_control.h
[22.771s] -- Up-to-date: /home/vboxuser/ros2_ws/src/install/realsense2_camera_msgs/include/realsense2_camera_msgs/msg/detail
[22.771s] -- Installing: /home/vboxuser/ros2_ws/src/install/realsense2_camera_msgs/include/realsense2_camera_msgs/msg/detail/metadata__rosidl_typesupport_fastrtps_cpp.hpp
[22.771s] -- Installing: /home/vboxuser/ros2_ws/src/install/realsense2_camera_msgs/include/realsense2_camera_msgs/msg/detail/extrinsics__rosidl_typesupport_fastrtps_cpp.hpp
[22.771s] -- Installing: /home/vboxuser/ros2_ws/src/install/realsense2_camera_msgs/include/realsense2_camera_msgs/msg/detail/rgbd__rosidl_typesupport_fastrtps_cpp.hpp
[22.771s] -- Installing: /home/vboxuser/ros2_ws/src/install/realsense2_camera_msgs/include/realsense2_camera_msgs/msg/detail/imu_info__rosidl_typesupport_fastrtps_cpp.hpp
[22.771s] -- Installing: /home/vboxuser/ros2_ws/src/install/realsense2_camera_msgs/include/realsense2_camera_msgs/msg/detail/dds_fastrtps
[22.771s] -- Installing: /home/vboxuser/ros2_ws/src/install/realsense2_camera_msgs/lib/librealsense2_camera_msgs__rosidl_typesupport_fastrtps_cpp.so
[22.772s] -- Set runtime path of "/home/vboxuser/ros2_ws/src/install/realsense2_camera_msgs/lib/librealsense2_camera_msgs__rosidl_typesupport_fastrtps_cpp.so" to ""
[22.773s] -- Up-to-date: /home/vboxuser/ros2_ws/src/install/realsense2_camera_msgs/include/realsense2_camera_msgs
[22.773s] -- Up-to-date: /home/vboxuser/ros2_ws/src/install/realsense2_camera_msgs/include/realsense2_camera_msgs/srv
[22.773s] -- Up-to-date: /home/vboxuser/ros2_ws/src/install/realsense2_camera_msgs/include/realsense2_camera_msgs/srv/detail
[22.773s] -- Installing: /home/vboxuser/ros2_ws/src/install/realsense2_camera_msgs/include/realsense2_camera_msgs/srv/detail/device_info__rosidl_typesupport_introspection_c.h
[22.773s] -- Installing: /home/vboxuser/ros2_ws/src/install/realsense2_camera_msgs/include/realsense2_camera_msgs/srv/detail/device_info__type_support.c
[22.773s] -- Up-to-date: /home/vboxuser/ros2_ws/src/install/realsense2_camera_msgs/include/realsense2_camera_msgs/msg
[22.774s] -- Installing: /home/vboxuser/ros2_ws/src/install/realsense2_camera_msgs/include/realsense2_camera_msgs/msg/rosidl_typesupport_introspection_c__visibility_control.h
[22.774s] -- Up-to-date: /home/vboxuser/ros2_ws/src/install/realsense2_camera_msgs/include/realsense2_camera_msgs/msg/detail
[22.775s] -- Installing: /home/vboxuser/ros2_ws/src/install/realsense2_camera_msgs/include/realsense2_camera_msgs/msg/detail/imu_info__rosidl_typesupport_introspection_c.h
[22.775s] -- Installing: /home/vboxuser/ros2_ws/src/install/realsense2_camera_msgs/include/realsense2_camera_msgs/msg/detail/rgbd__rosidl_typesupport_introspection_c.h
[22.775s] -- Installing: /home/vboxuser/ros2_ws/src/install/realsense2_camera_msgs/include/realsense2_camera_msgs/msg/detail/metadata__rosidl_typesupport_introspection_c.h
[22.775s] -- Installing: /home/vboxuser/ros2_ws/src/install/realsense2_camera_msgs/include/realsense2_camera_msgs/msg/detail/metadata__type_support.c
[22.775s] -- Installing: /home/vboxuser/ros2_ws/src/install/realsense2_camera_msgs/include/realsense2_camera_msgs/msg/detail/extrinsics__rosidl_typesupport_introspection_c.h
[22.775s] -- Installing: /home/vboxuser/ros2_ws/src/install/realsense2_camera_msgs/include/realsense2_camera_msgs/msg/detail/extrinsics__type_support.c
[22.775s] -- Installing: /home/vboxuser/ros2_ws/src/install/realsense2_camera_msgs/include/realsense2_camera_msgs/msg/detail/rgbd__type_support.c
[22.775s] -- Installing: /home/vboxuser/ros2_ws/src/install/realsense2_camera_msgs/include/realsense2_camera_msgs/msg/detail/imu_info__type_support.c
[22.775s] -- Installing: /home/vboxuser/ros2_ws/src/install/realsense2_camera_msgs/lib/librealsense2_camera_msgs__rosidl_typesupport_introspection_c.so
[22.776s] -- Set runtime path of "/home/vboxuser/ros2_ws/src/install/realsense2_camera_msgs/lib/librealsense2_camera_msgs__rosidl_typesupport_introspection_c.so" to ""
[22.776s] -- Installing: /home/vboxuser/ros2_ws/src/install/realsense2_camera_msgs/lib/librealsense2_camera_msgs__rosidl_typesupport_c.so
[22.778s] -- Set runtime path of "/home/vboxuser/ros2_ws/src/install/realsense2_camera_msgs/lib/librealsense2_camera_msgs__rosidl_typesupport_c.so" to ""
[22.778s] -- Up-to-date: /home/vboxuser/ros2_ws/src/install/realsense2_camera_msgs/include/realsense2_camera_msgs
[22.779s] -- Up-to-date: /home/vboxuser/ros2_ws/src/install/realsense2_camera_msgs/include/realsense2_camera_msgs/srv
[22.779s] -- Installing: /home/vboxuser/ros2_ws/src/install/realsense2_camera_msgs/include/realsense2_camera_msgs/srv/device_info.hpp
[22.779s] -- Up-to-date: /home/vboxuser/ros2_ws/src/install/realsense2_camera_msgs/include/realsense2_camera_msgs/srv/detail
[22.779s] -- Installing: /home/vboxuser/ros2_ws/src/install/realsense2_camera_msgs/include/realsense2_camera_msgs/srv/detail/device_info__builder.hpp
[22.779s] -- Installing: /home/vboxuser/ros2_ws/src/install/realsense2_camera_msgs/include/realsense2_camera_msgs/srv/detail/device_info__struct.hpp
[22.780s] -- Installing: /home/vboxuser/ros2_ws/src/install/realsense2_camera_msgs/include/realsense2_camera_msgs/srv/detail/device_info__traits.hpp
[22.780s] -- Installing: /home/vboxuser/ros2_ws/src/install/realsense2_camera_msgs/include/realsense2_camera_msgs/srv/detail/device_info__type_support.hpp
[22.780s] -- Up-to-date: /home/vboxuser/ros2_ws/src/install/realsense2_camera_msgs/include/realsense2_camera_msgs/msg
[22.781s] -- Installing: /home/vboxuser/ros2_ws/src/install/realsense2_camera_msgs/include/realsense2_camera_msgs/msg/rosidl_generator_cpp__visibility_control.hpp
[22.781s] -- Installing: /home/vboxuser/ros2_ws/src/install/realsense2_camera_msgs/include/realsense2_camera_msgs/msg/extrinsics.hpp
[22.781s] -- Installing: /home/vboxuser/ros2_ws/src/install/realsense2_camera_msgs/include/realsense2_camera_msgs/msg/metadata.hpp
[22.781s] -- Installing: /home/vboxuser/ros2_ws/src/install/realsense2_camera_msgs/include/realsense2_camera_msgs/msg/imu_info.hpp
[22.782s] -- Up-to-date: /home/vboxuser/ros2_ws/src/install/realsense2_camera_msgs/include/realsense2_camera_msgs/msg/detail
[22.782s] -- Installing: /home/vboxuser/ros2_ws/src/install/realsense2_camera_msgs/include/realsense2_camera_msgs/msg/detail/imu_info__traits.hpp
[22.782s] -- Installing: /home/vboxuser/ros2_ws/src/install/realsense2_camera_msgs/include/realsense2_camera_msgs/msg/detail/metadata__struct.hpp
[22.782s] -- Installing: /home/vboxuser/ros2_ws/src/install/realsense2_camera_msgs/include/realsense2_camera_msgs/msg/detail/rgbd__traits.hpp
[22.782s] -- Installing: /home/vboxuser/ros2_ws/src/install/realsense2_camera_msgs/include/realsense2_camera_msgs/msg/detail/extrinsics__builder.hpp
[22.783s] -- Installing: /home/vboxuser/ros2_ws/src/install/realsense2_camera_msgs/include/realsense2_camera_msgs/msg/detail/rgbd__builder.hpp
[22.783s] -- Installing: /home/vboxuser/ros2_ws/src/install/realsense2_camera_msgs/include/realsense2_camera_msgs/msg/detail/extrinsics__type_support.hpp
[22.783s] -- Installing: /home/vboxuser/ros2_ws/src/install/realsense2_camera_msgs/include/realsense2_camera_msgs/msg/detail/rgbd__struct.hpp
[22.783s] -- Installing: /home/vboxuser/ros2_ws/src/install/realsense2_camera_msgs/include/realsense2_camera_msgs/msg/detail/metadata__type_support.hpp
[22.783s] -- Installing: /home/vboxuser/ros2_ws/src/install/realsense2_camera_msgs/include/realsense2_camera_msgs/msg/detail/metadata__builder.hpp
[22.784s] -- Installing: /home/vboxuser/ros2_ws/src/install/realsense2_camera_msgs/include/realsense2_camera_msgs/msg/detail/imu_info__builder.hpp
[22.784s] -- Installing: /home/vboxuser/ros2_ws/src/install/realsense2_camera_msgs/include/realsense2_camera_msgs/msg/detail/extrinsics__traits.hpp
[22.784s] -- Installing: /home/vboxuser/ros2_ws/src/install/realsense2_camera_msgs/include/realsense2_camera_msgs/msg/detail/imu_info__type_support.hpp
[22.784s] -- Installing: /home/vboxuser/ros2_ws/src/install/realsense2_camera_msgs/include/realsense2_camera_msgs/msg/detail/imu_info__struct.hpp
[22.785s] -- Installing: /home/vboxuser/ros2_ws/src/install/realsense2_camera_msgs/include/realsense2_camera_msgs/msg/detail/extrinsics__struct.hpp
[22.785s] -- Installing: /home/vboxuser/ros2_ws/src/install/realsense2_camera_msgs/include/realsense2_camera_msgs/msg/detail/metadata__traits.hpp
[22.785s] -- Installing: /home/vboxuser/ros2_ws/src/install/realsense2_camera_msgs/include/realsense2_camera_msgs/msg/detail/rgbd__type_support.hpp
[22.785s] -- Installing: /home/vboxuser/ros2_ws/src/install/realsense2_camera_msgs/include/realsense2_camera_msgs/msg/rgbd.hpp
[22.785s] -- Up-to-date: /home/vboxuser/ros2_ws/src/install/realsense2_camera_msgs/include/realsense2_camera_msgs
[22.785s] -- Up-to-date: /home/vboxuser/ros2_ws/src/install/realsense2_camera_msgs/include/realsense2_camera_msgs/srv
[22.785s] -- Up-to-date: /home/vboxuser/ros2_ws/src/install/realsense2_camera_msgs/include/realsense2_camera_msgs/srv/detail
[22.785s] -- Installing: /home/vboxuser/ros2_ws/src/install/realsense2_camera_msgs/include/realsense2_camera_msgs/srv/detail/device_info__type_support.cpp
[22.786s] -- Installing: /home/vboxuser/ros2_ws/src/install/realsense2_camera_msgs/include/realsense2_camera_msgs/srv/detail/device_info__rosidl_typesupport_introspection_cpp.hpp
[22.786s] -- Up-to-date: /home/vboxuser/ros2_ws/src/install/realsense2_camera_msgs/include/realsense2_camera_msgs/msg
[22.786s] -- Up-to-date: /home/vboxuser/ros2_ws/src/install/realsense2_camera_msgs/include/realsense2_camera_msgs/msg/detail
[22.786s] -- Installing: /home/vboxuser/ros2_ws/src/install/realsense2_camera_msgs/include/realsense2_camera_msgs/msg/detail/imu_info__type_support.cpp
[22.786s] -- Installing: /home/vboxuser/ros2_ws/src/install/realsense2_camera_msgs/include/realsense2_camera_msgs/msg/detail/metadata__rosidl_typesupport_introspection_cpp.hpp
[22.786s] -- Installing: /home/vboxuser/ros2_ws/src/install/realsense2_camera_msgs/include/realsense2_camera_msgs/msg/detail/metadata__type_support.cpp
[22.786s] -- Installing: /home/vboxuser/ros2_ws/src/install/realsense2_camera_msgs/include/realsense2_camera_msgs/msg/detail/extrinsics__type_support.cpp
[22.786s] -- Installing: /home/vboxuser/ros2_ws/src/install/realsense2_camera_msgs/include/realsense2_camera_msgs/msg/detail/rgbd__rosidl_typesupport_introspection_cpp.hpp
[22.786s] -- Installing: /home/vboxuser/ros2_ws/src/install/realsense2_camera_msgs/include/realsense2_camera_msgs/msg/detail/extrinsics__rosidl_typesupport_introspection_cpp.hpp
[22.786s] -- Installing: /home/vboxuser/ros2_ws/src/install/realsense2_camera_msgs/include/realsense2_camera_msgs/msg/detail/rgbd__type_support.cpp
[22.786s] -- Installing: /home/vboxuser/ros2_ws/src/install/realsense2_camera_msgs/include/realsense2_camera_msgs/msg/detail/imu_info__rosidl_typesupport_introspection_cpp.hpp
[22.786s] -- Installing: /home/vboxuser/ros2_ws/src/install/realsense2_camera_msgs/lib/librealsense2_camera_msgs__rosidl_typesupport_introspection_cpp.so
[22.787s] -- Set runtime path of "/home/vboxuser/ros2_ws/src/install/realsense2_camera_msgs/lib/librealsense2_camera_msgs__rosidl_typesupport_introspection_cpp.so" to ""
[22.787s] -- Installing: /home/vboxuser/ros2_ws/src/install/realsense2_camera_msgs/lib/librealsense2_camera_msgs__rosidl_typesupport_cpp.so
[22.787s] -- Set runtime path of "/home/vboxuser/ros2_ws/src/install/realsense2_camera_msgs/lib/librealsense2_camera_msgs__rosidl_typesupport_cpp.so" to ""
[22.787s] -- Installing: /home/vboxuser/ros2_ws/src/install/realsense2_camera_msgs/share/realsense2_camera_msgs/environment/pythonpath.sh
[22.787s] -- Installing: /home/vboxuser/ros2_ws/src/install/realsense2_camera_msgs/share/realsense2_camera_msgs/environment/pythonpath.dsv
[22.787s] -- Installing: /home/vboxuser/ros2_ws/src/install/realsense2_camera_msgs/lib/python3.8/site-packages/realsense2_camera_msgs/__init__.py
[22.852s] Compiling '/home/vboxuser/ros2_ws/src/install/realsense2_camera_msgs/lib/python3.8/site-packages/realsense2_camera_msgs/__init__.py'...
[22.860s] -- Installing: /home/vboxuser/ros2_ws/src/install/realsense2_camera_msgs/lib/python3.8/site-packages/realsense2_camera_msgs/msg
[22.861s] -- Installing: /home/vboxuser/ros2_ws/src/install/realsense2_camera_msgs/lib/python3.8/site-packages/realsense2_camera_msgs/msg/_metadata_s.c
[22.862s] -- Installing: /home/vboxuser/ros2_ws/src/install/realsense2_camera_msgs/lib/python3.8/site-packages/realsense2_camera_msgs/msg/_extrinsics.py
[22.862s] -- Installing: /home/vboxuser/ros2_ws/src/install/realsense2_camera_msgs/lib/python3.8/site-packages/realsense2_camera_msgs/msg/_rgbd_s.c
[22.862s] -- Installing: /home/vboxuser/ros2_ws/src/install/realsense2_camera_msgs/lib/python3.8/site-packages/realsense2_camera_msgs/msg/_imu_info_s.c
[22.862s] -- Installing: /home/vboxuser/ros2_ws/src/install/realsense2_camera_msgs/lib/python3.8/site-packages/realsense2_camera_msgs/msg/_extrinsics_s.c
[22.863s] -- Installing: /home/vboxuser/ros2_ws/src/install/realsense2_camera_msgs/lib/python3.8/site-packages/realsense2_camera_msgs/msg/_rgbd.py
[22.863s] -- Installing: /home/vboxuser/ros2_ws/src/install/realsense2_camera_msgs/lib/python3.8/site-packages/realsense2_camera_msgs/msg/_imu_info.py
[22.863s] -- Installing: /home/vboxuser/ros2_ws/src/install/realsense2_camera_msgs/lib/python3.8/site-packages/realsense2_camera_msgs/msg/_metadata.py
[22.863s] -- Installing: /home/vboxuser/ros2_ws/src/install/realsense2_camera_msgs/lib/python3.8/site-packages/realsense2_camera_msgs/msg/__init__.py
[22.863s] -- Installing: /home/vboxuser/ros2_ws/src/install/realsense2_camera_msgs/lib/python3.8/site-packages/realsense2_camera_msgs/srv
[22.863s] -- Installing: /home/vboxuser/ros2_ws/src/install/realsense2_camera_msgs/lib/python3.8/site-packages/realsense2_camera_msgs/srv/_device_info_s.c
[22.863s] -- Installing: /home/vboxuser/ros2_ws/src/install/realsense2_camera_msgs/lib/python3.8/site-packages/realsense2_camera_msgs/srv/_device_info.py
[22.863s] -- Installing: /home/vboxuser/ros2_ws/src/install/realsense2_camera_msgs/lib/python3.8/site-packages/realsense2_camera_msgs/srv/__init__.py
[22.863s] -- Installing: /home/vboxuser/ros2_ws/src/install/realsense2_camera_msgs/lib/python3.8/site-packages/realsense2_camera_msgs/realsense2_camera_msgs_s__rosidl_typesupport_fastrtps_c.cpython-38-x86_64-linux-gnu.so
[22.864s] -- Set runtime path of "/home/vboxuser/ros2_ws/src/install/realsense2_camera_msgs/lib/python3.8/site-packages/realsense2_camera_msgs/realsense2_camera_msgs_s__rosidl_typesupport_fastrtps_c.cpython-38-x86_64-linux-gnu.so" to ""
[22.864s] -- Installing: /home/vboxuser/ros2_ws/src/install/realsense2_camera_msgs/lib/python3.8/site-packages/realsense2_camera_msgs/realsense2_camera_msgs_s__rosidl_typesupport_introspection_c.cpython-38-x86_64-linux-gnu.so
[22.865s] -- Set runtime path of "/home/vboxuser/ros2_ws/src/install/realsense2_camera_msgs/lib/python3.8/site-packages/realsense2_camera_msgs/realsense2_camera_msgs_s__rosidl_typesupport_introspection_c.cpython-38-x86_64-linux-gnu.so" to ""
[22.865s] -- Installing: /home/vboxuser/ros2_ws/src/install/realsense2_camera_msgs/lib/python3.8/site-packages/realsense2_camera_msgs/realsense2_camera_msgs_s__rosidl_typesupport_c.cpython-38-x86_64-linux-gnu.so
[22.866s] -- Set runtime path of "/home/vboxuser/ros2_ws/src/install/realsense2_camera_msgs/lib/python3.8/site-packages/realsense2_camera_msgs/realsense2_camera_msgs_s__rosidl_typesupport_c.cpython-38-x86_64-linux-gnu.so" to ""
[22.866s] -- Installing: /home/vboxuser/ros2_ws/src/install/realsense2_camera_msgs/lib/librealsense2_camera_msgs__python.so
[22.867s] -- Set runtime path of "/home/vboxuser/ros2_ws/src/install/realsense2_camera_msgs/lib/librealsense2_camera_msgs__python.so" to ""
[22.867s] -- Installing: /home/vboxuser/ros2_ws/src/install/realsense2_camera_msgs/share/realsense2_camera_msgs/msg/IMUInfo.idl
[22.868s] -- Installing: /home/vboxuser/ros2_ws/src/install/realsense2_camera_msgs/share/realsense2_camera_msgs/msg/Extrinsics.idl
[22.868s] -- Installing: /home/vboxuser/ros2_ws/src/install/realsense2_camera_msgs/share/realsense2_camera_msgs/msg/Metadata.idl
[22.868s] -- Installing: /home/vboxuser/ros2_ws/src/install/realsense2_camera_msgs/share/realsense2_camera_msgs/msg/RGBD.idl
[22.869s] -- Installing: /home/vboxuser/ros2_ws/src/install/realsense2_camera_msgs/share/realsense2_camera_msgs/srv/DeviceInfo.idl
[22.869s] -- Installing: /home/vboxuser/ros2_ws/src/install/realsense2_camera_msgs/share/realsense2_camera_msgs/msg/IMUInfo.msg
[22.870s] -- Installing: /home/vboxuser/ros2_ws/src/install/realsense2_camera_msgs/share/realsense2_camera_msgs/msg/Extrinsics.msg
[22.870s] -- Installing: /home/vboxuser/ros2_ws/src/install/realsense2_camera_msgs/share/realsense2_camera_msgs/msg/Metadata.msg
[22.870s] -- Installing: /home/vboxuser/ros2_ws/src/install/realsense2_camera_msgs/share/realsense2_camera_msgs/msg/RGBD.msg
[22.871s] -- Installing: /home/vboxuser/ros2_ws/src/install/realsense2_camera_msgs/share/realsense2_camera_msgs/srv/DeviceInfo.srv
[22.871s] -- Installing: /home/vboxuser/ros2_ws/src/install/realsense2_camera_msgs/share/realsense2_camera_msgs/srv/DeviceInfo_Request.msg
[22.872s] -- Installing: /home/vboxuser/ros2_ws/src/install/realsense2_camera_msgs/share/realsense2_camera_msgs/srv/DeviceInfo_Response.msg
[22.874s] -- Installing: /home/vboxuser/ros2_ws/src/install/realsense2_camera_msgs/share/ament_index/resource_index/package_run_dependencies/realsense2_camera_msgs
[22.874s] -- Installing: /home/vboxuser/ros2_ws/src/install/realsense2_camera_msgs/share/ament_index/resource_index/parent_prefix_path/realsense2_camera_msgs
[22.874s] -- Installing: /home/vboxuser/ros2_ws/src/install/realsense2_camera_msgs/share/realsense2_camera_msgs/environment/ament_prefix_path.sh
[22.874s] -- Installing: /home/vboxuser/ros2_ws/src/install/realsense2_camera_msgs/share/realsense2_camera_msgs/environment/ament_prefix_path.dsv
[22.874s] -- Installing: /home/vboxuser/ros2_ws/src/install/realsense2_camera_msgs/share/realsense2_camera_msgs/environment/path.sh
[22.874s] -- Installing: /home/vboxuser/ros2_ws/src/install/realsense2_camera_msgs/share/realsense2_camera_msgs/environment/path.dsv
[22.874s] -- Installing: /home/vboxuser/ros2_ws/src/install/realsense2_camera_msgs/share/realsense2_camera_msgs/local_setup.bash
[22.874s] -- Installing: /home/vboxuser/ros2_ws/src/install/realsense2_camera_msgs/share/realsense2_camera_msgs/local_setup.sh
[22.875s] -- Installing: /home/vboxuser/ros2_ws/src/install/realsense2_camera_msgs/share/realsense2_camera_msgs/local_setup.zsh
[22.876s] -- Installing: /home/vboxuser/ros2_ws/src/install/realsense2_camera_msgs/share/realsense2_camera_msgs/local_setup.dsv
[22.877s] -- Installing: /home/vboxuser/ros2_ws/src/install/realsense2_camera_msgs/share/realsense2_camera_msgs/package.dsv
[22.879s] -- Installing: /home/vboxuser/ros2_ws/src/install/realsense2_camera_msgs/share/ament_index/resource_index/packages/realsense2_camera_msgs
[22.880s] -- Installing: /home/vboxuser/ros2_ws/src/install/realsense2_camera_msgs/share/realsense2_camera_msgs/cmake/realsense2_camera_msgs__rosidl_generator_cExport.cmake
[22.882s] -- Installing: /home/vboxuser/ros2_ws/src/install/realsense2_camera_msgs/share/realsense2_camera_msgs/cmake/realsense2_camera_msgs__rosidl_generator_cExport-noconfig.cmake
[22.884s] -- Installing: /home/vboxuser/ros2_ws/src/install/realsense2_camera_msgs/share/realsense2_camera_msgs/cmake/realsense2_camera_msgs__rosidl_typesupport_introspection_cExport.cmake
[22.886s] -- Installing: /home/vboxuser/ros2_ws/src/install/realsense2_camera_msgs/share/realsense2_camera_msgs/cmake/realsense2_camera_msgs__rosidl_typesupport_introspection_cExport-noconfig.cmake
[22.889s] -- Installing: /home/vboxuser/ros2_ws/src/install/realsense2_camera_msgs/share/realsense2_camera_msgs/cmake/realsense2_camera_msgs__rosidl_typesupport_cExport.cmake
[22.890s] -- Installing: /home/vboxuser/ros2_ws/src/install/realsense2_camera_msgs/share/realsense2_camera_msgs/cmake/realsense2_camera_msgs__rosidl_typesupport_cExport-noconfig.cmake
[22.894s] -- Installing: /home/vboxuser/ros2_ws/src/install/realsense2_camera_msgs/share/realsense2_camera_msgs/cmake/realsense2_camera_msgs__rosidl_generator_cppExport.cmake
[22.895s] -- Installing: /home/vboxuser/ros2_ws/src/install/realsense2_camera_msgs/share/realsense2_camera_msgs/cmake/realsense2_camera_msgs__rosidl_typesupport_introspection_cppExport.cmake
[22.895s] -- Installing: /home/vboxuser/ros2_ws/src/install/realsense2_camera_msgs/share/realsense2_camera_msgs/cmake/realsense2_camera_msgs__rosidl_typesupport_introspection_cppExport-noconfig.cmake
[22.896s] -- Installing: /home/vboxuser/ros2_ws/src/install/realsense2_camera_msgs/share/realsense2_camera_msgs/cmake/realsense2_camera_msgs__rosidl_typesupport_cppExport.cmake
[22.896s] -- Installing: /home/vboxuser/ros2_ws/src/install/realsense2_camera_msgs/share/realsense2_camera_msgs/cmake/realsense2_camera_msgs__rosidl_typesupport_cppExport-noconfig.cmake
[22.896s] -- Installing: /home/vboxuser/ros2_ws/src/install/realsense2_camera_msgs/share/realsense2_camera_msgs/cmake/rosidl_cmake-extras.cmake
[22.896s] -- Installing: /home/vboxuser/ros2_ws/src/install/realsense2_camera_msgs/share/realsense2_camera_msgs/cmake/ament_cmake_export_dependencies-extras.cmake
[22.896s] -- Installing: /home/vboxuser/ros2_ws/src/install/realsense2_camera_msgs/share/realsense2_camera_msgs/cmake/ament_cmake_export_libraries-extras.cmake
[22.896s] -- Installing: /home/vboxuser/ros2_ws/src/install/realsense2_camera_msgs/share/realsense2_camera_msgs/cmake/ament_cmake_export_targets-extras.cmake
[22.896s] -- Installing: /home/vboxuser/ros2_ws/src/install/realsense2_camera_msgs/share/realsense2_camera_msgs/cmake/ament_cmake_export_include_directories-extras.cmake
[22.896s] -- Installing: /home/vboxuser/ros2_ws/src/install/realsense2_camera_msgs/share/realsense2_camera_msgs/cmake/rosidl_cmake_export_typesupport_libraries-extras.cmake
[22.896s] -- Installing: /home/vboxuser/ros2_ws/src/install/realsense2_camera_msgs/share/realsense2_camera_msgs/cmake/rosidl_cmake_export_typesupport_targets-extras.cmake
[22.896s] -- Installing: /home/vboxuser/ros2_ws/src/install/realsense2_camera_msgs/share/realsense2_camera_msgs/cmake/realsense2_camera_msgsConfig.cmake
[22.896s] -- Installing: /home/vboxuser/ros2_ws/src/install/realsense2_camera_msgs/share/realsense2_camera_msgs/cmake/realsense2_camera_msgsConfig-version.cmake
[22.909s] -- Installing: /home/vboxuser/ros2_ws/src/install/realsense2_camera_msgs/share/realsense2_camera_msgs/package.xml
[22.915s] Invoked command in '/home/vboxuser/ros2_ws/src/build/realsense2_camera_msgs' returned '0': CMAKE_PREFIX_PATH=${CMAKE_PREFIX_PATH}:/home/vboxuser/ros2_ws/install/vision:/home/vboxuser/ros2_ws/install/robot_control:/home/vboxuser/ros2_ws/install/kr_example_python:/opt/ros/foxy /usr/bin/cmake --install /home/vboxuser/ros2_ws/src/build/realsense2_camera_msgs
