[1.393s] Invoking command in '/home/mo/Thesis/build/vision': PYTHONPATH=/home/mo/Thesis/build/vision/prefix_override:/usr/lib/python3/dist-packages/colcon_core/task/python/colcon_distutils_commands:/home/mo/Thesis/install/vision/lib/python3.8/site-packages:${PYTHONPATH} /usr/bin/python3 -W ignore:setup.py install is deprecated -W ignore:easy_install command is deprecated setup.py develop --uninstall --editable --build-directory /home/mo/Thesis/build/vision/build
[1.701s] running develop
[1.941s] Removing /home/mo/Thesis/install/vision/lib/python3.8/site-packages/vision.egg-link (link to .)
[1.972s] Invoked command in '/home/mo/Thesis/build/vision' returned '0': PYTHONPATH=/home/mo/Thesis/build/vision/prefix_override:/usr/lib/python3/dist-packages/colcon_core/task/python/colcon_distutils_commands:/home/mo/Thesis/install/vision/lib/python3.8/site-packages:${PYTHONPATH} /usr/bin/python3 -W ignore:setup.py install is deprecated -W ignore:easy_install command is deprecated setup.py develop --uninstall --editable --build-directory /home/mo/Thesis/build/vision/build
[1.977s] Invoking command in '/home/mo/Thesis/src/vision': PYTHONPATH=/home/mo/Thesis/build/vision/prefix_override:/usr/lib/python3/dist-packages/colcon_core/task/python/colcon_distutils_commands:/home/mo/Thesis/install/vision/lib/python3.8/site-packages:${PYTHONPATH} /usr/bin/python3 -W ignore:setup.py install is deprecated -W ignore:easy_install command is deprecated setup.py egg_info --egg-base ../../build/vision build --build-base /home/mo/Thesis/build/vision/build install --record /home/mo/Thesis/build/vision/install.log --single-version-externally-managed install_data --force
[2.244s] running egg_info
[2.261s] writing ../../build/vision/vision.egg-info/PKG-INFO
[2.261s] writing dependency_links to ../../build/vision/vision.egg-info/dependency_links.txt
[2.261s] writing entry points to ../../build/vision/vision.egg-info/entry_points.txt
[2.261s] writing requirements to ../../build/vision/vision.egg-info/requires.txt
[2.262s] writing top-level names to ../../build/vision/vision.egg-info/top_level.txt
[2.401s] reading manifest file '../../build/vision/vision.egg-info/SOURCES.txt'
[2.403s] writing manifest file '../../build/vision/vision.egg-info/SOURCES.txt'
[2.403s] running build
[2.403s] running build_py
[2.403s] copying vision/point_finder_3d.py -> /home/mo/Thesis/build/vision/build/lib/vision
[2.403s] copying vision/light_controller.py -> /home/mo/Thesis/build/vision/build/lib/vision
[2.404s] copying vision/image_receiver.py -> /home/mo/Thesis/build/vision/build/lib/vision
[2.404s] copying vision/OLD_process_nn_output.py -> /home/mo/Thesis/build/vision/build/lib/vision
[2.404s] copying vision/vc_startup.py -> /home/mo/Thesis/build/vision/build/lib/vision
[2.404s] copying vision/img_filters.py -> /home/mo/Thesis/build/vision/build/lib/vision
[2.404s] copying vision/point_finder_2d.py -> /home/mo/Thesis/build/vision/build/lib/vision
[2.405s] copying vision/maskrcnn_inference.py -> /home/mo/Thesis/build/vision/build/lib/vision
[2.405s] copying vision/calibration.py -> /home/mo/Thesis/build/vision/build/lib/vision
[2.405s] copying vision/yolov8_inference.py -> /home/mo/Thesis/build/vision/build/lib/vision
[2.405s] copying vision/OLD_nn_output_processor.py -> /home/mo/Thesis/build/vision/build/lib/vision
[2.405s] copying vision/hook_detector.py -> /home/mo/Thesis/build/vision/build/lib/vision
[2.406s] copying vision/__init__.py -> /home/mo/Thesis/build/vision/build/lib/vision
[2.406s] copying vision/test_node.py -> /home/mo/Thesis/build/vision/build/lib/vision
[2.406s] copying FC_vision/FC_process_hooks_dict_for_publishing.py -> /home/mo/Thesis/build/vision/build/lib/FC_vision
[2.406s] copying FC_vision/FC_lowpass_filter.py -> /home/mo/Thesis/build/vision/build/lib/FC_vision
[2.407s] copying FC_vision/FC_plot_yolo_imgs.py -> /home/mo/Thesis/build/vision/build/lib/FC_vision
[2.407s] copying FC_vision/FC_ema_filter.py -> /home/mo/Thesis/build/vision/build/lib/FC_vision
[2.407s] copying FC_vision/FC_yolo_output_processor.py -> /home/mo/Thesis/build/vision/build/lib/FC_vision
[2.407s] copying FC_vision/FC_moving_avg_filter.py -> /home/mo/Thesis/build/vision/build/lib/FC_vision
[2.407s] copying FC_vision/__init__.py -> /home/mo/Thesis/build/vision/build/lib/FC_vision
[2.408s] copying FC_vision/FC_iir_buttoworth_filter.py -> /home/mo/Thesis/build/vision/build/lib/FC_vision
[2.408s] running install
[2.412s] running install_lib
[2.431s] creating /home/mo/Thesis/install/vision/lib/python3.8/site-packages/vision
[2.431s] copying /home/mo/Thesis/build/vision/build/lib/vision/point_finder_3d.py -> /home/mo/Thesis/install/vision/lib/python3.8/site-packages/vision
[2.431s] copying /home/mo/Thesis/build/vision/build/lib/vision/light_controller.py -> /home/mo/Thesis/install/vision/lib/python3.8/site-packages/vision
[2.431s] copying /home/mo/Thesis/build/vision/build/lib/vision/image_receiver.py -> /home/mo/Thesis/install/vision/lib/python3.8/site-packages/vision
[2.431s] copying /home/mo/Thesis/build/vision/build/lib/vision/OLD_process_nn_output.py -> /home/mo/Thesis/install/vision/lib/python3.8/site-packages/vision
[2.431s] copying /home/mo/Thesis/build/vision/build/lib/vision/vc_startup.py -> /home/mo/Thesis/install/vision/lib/python3.8/site-packages/vision
[2.431s] copying /home/mo/Thesis/build/vision/build/lib/vision/img_filters.py -> /home/mo/Thesis/install/vision/lib/python3.8/site-packages/vision
[2.432s] copying /home/mo/Thesis/build/vision/build/lib/vision/point_finder_2d.py -> /home/mo/Thesis/install/vision/lib/python3.8/site-packages/vision
[2.432s] copying /home/mo/Thesis/build/vision/build/lib/vision/maskrcnn_inference.py -> /home/mo/Thesis/install/vision/lib/python3.8/site-packages/vision
[2.432s] copying /home/mo/Thesis/build/vision/build/lib/vision/calibration.py -> /home/mo/Thesis/install/vision/lib/python3.8/site-packages/vision
[2.432s] copying /home/mo/Thesis/build/vision/build/lib/vision/yolov8_inference.py -> /home/mo/Thesis/install/vision/lib/python3.8/site-packages/vision
[2.432s] copying /home/mo/Thesis/build/vision/build/lib/vision/OLD_nn_output_processor.py -> /home/mo/Thesis/install/vision/lib/python3.8/site-packages/vision
[2.432s] copying /home/mo/Thesis/build/vision/build/lib/vision/hook_detector.py -> /home/mo/Thesis/install/vision/lib/python3.8/site-packages/vision
[2.432s] copying /home/mo/Thesis/build/vision/build/lib/vision/__init__.py -> /home/mo/Thesis/install/vision/lib/python3.8/site-packages/vision
[2.432s] copying /home/mo/Thesis/build/vision/build/lib/vision/test_node.py -> /home/mo/Thesis/install/vision/lib/python3.8/site-packages/vision
[2.433s] copying /home/mo/Thesis/build/vision/build/lib/FC_vision/FC_process_hooks_dict_for_publishing.py -> /home/mo/Thesis/install/vision/lib/python3.8/site-packages/FC_vision
[2.433s] copying /home/mo/Thesis/build/vision/build/lib/FC_vision/FC_lowpass_filter.py -> /home/mo/Thesis/install/vision/lib/python3.8/site-packages/FC_vision
[2.433s] copying /home/mo/Thesis/build/vision/build/lib/FC_vision/FC_plot_yolo_imgs.py -> /home/mo/Thesis/install/vision/lib/python3.8/site-packages/FC_vision
[2.433s] copying /home/mo/Thesis/build/vision/build/lib/FC_vision/FC_ema_filter.py -> /home/mo/Thesis/install/vision/lib/python3.8/site-packages/FC_vision
[2.433s] copying /home/mo/Thesis/build/vision/build/lib/FC_vision/FC_yolo_output_processor.py -> /home/mo/Thesis/install/vision/lib/python3.8/site-packages/FC_vision
[2.433s] copying /home/mo/Thesis/build/vision/build/lib/FC_vision/FC_moving_avg_filter.py -> /home/mo/Thesis/install/vision/lib/python3.8/site-packages/FC_vision
[2.433s] copying /home/mo/Thesis/build/vision/build/lib/FC_vision/__init__.py -> /home/mo/Thesis/install/vision/lib/python3.8/site-packages/FC_vision
[2.433s] copying /home/mo/Thesis/build/vision/build/lib/FC_vision/FC_iir_buttoworth_filter.py -> /home/mo/Thesis/install/vision/lib/python3.8/site-packages/FC_vision
[2.434s] byte-compiling /home/mo/Thesis/install/vision/lib/python3.8/site-packages/vision/point_finder_3d.py to point_finder_3d.cpython-38.pyc
[2.436s] byte-compiling /home/mo/Thesis/install/vision/lib/python3.8/site-packages/vision/light_controller.py to light_controller.cpython-38.pyc
[2.436s] byte-compiling /home/mo/Thesis/install/vision/lib/python3.8/site-packages/vision/image_receiver.py to image_receiver.cpython-38.pyc
[2.437s] byte-compiling /home/mo/Thesis/install/vision/lib/python3.8/site-packages/vision/OLD_process_nn_output.py to OLD_process_nn_output.cpython-38.pyc
[2.438s] byte-compiling /home/mo/Thesis/install/vision/lib/python3.8/site-packages/vision/vc_startup.py to vc_startup.cpython-38.pyc
[2.438s] byte-compiling /home/mo/Thesis/install/vision/lib/python3.8/site-packages/vision/img_filters.py to img_filters.cpython-38.pyc
[2.439s] byte-compiling /home/mo/Thesis/install/vision/lib/python3.8/site-packages/vision/point_finder_2d.py to point_finder_2d.cpython-38.pyc
[2.439s] byte-compiling /home/mo/Thesis/install/vision/lib/python3.8/site-packages/vision/maskrcnn_inference.py to maskrcnn_inference.cpython-38.pyc
[2.441s] byte-compiling /home/mo/Thesis/install/vision/lib/python3.8/site-packages/vision/calibration.py to calibration.cpython-38.pyc
[2.443s] byte-compiling /home/mo/Thesis/install/vision/lib/python3.8/site-packages/vision/yolov8_inference.py to yolov8_inference.cpython-38.pyc
[2.444s] byte-compiling /home/mo/Thesis/install/vision/lib/python3.8/site-packages/vision/OLD_nn_output_processor.py to OLD_nn_output_processor.cpython-38.pyc
[2.444s] byte-compiling /home/mo/Thesis/install/vision/lib/python3.8/site-packages/vision/hook_detector.py to hook_detector.cpython-38.pyc
[2.445s] byte-compiling /home/mo/Thesis/install/vision/lib/python3.8/site-packages/vision/__init__.py to __init__.cpython-38.pyc
[2.445s] byte-compiling /home/mo/Thesis/install/vision/lib/python3.8/site-packages/vision/test_node.py to test_node.cpython-38.pyc
[2.445s] byte-compiling /home/mo/Thesis/install/vision/lib/python3.8/site-packages/FC_vision/FC_process_hooks_dict_for_publishing.py to FC_process_hooks_dict_for_publishing.cpython-38.pyc
[2.446s] byte-compiling /home/mo/Thesis/install/vision/lib/python3.8/site-packages/FC_vision/FC_lowpass_filter.py to FC_lowpass_filter.cpython-38.pyc
[2.446s] byte-compiling /home/mo/Thesis/install/vision/lib/python3.8/site-packages/FC_vision/FC_plot_yolo_imgs.py to FC_plot_yolo_imgs.cpython-38.pyc
[2.447s] byte-compiling /home/mo/Thesis/install/vision/lib/python3.8/site-packages/FC_vision/FC_ema_filter.py to FC_ema_filter.cpython-38.pyc
[2.448s] byte-compiling /home/mo/Thesis/install/vision/lib/python3.8/site-packages/FC_vision/FC_yolo_output_processor.py to FC_yolo_output_processor.cpython-38.pyc
[2.449s] byte-compiling /home/mo/Thesis/install/vision/lib/python3.8/site-packages/FC_vision/FC_moving_avg_filter.py to FC_moving_avg_filter.cpython-38.pyc
[2.450s] byte-compiling /home/mo/Thesis/install/vision/lib/python3.8/site-packages/FC_vision/__init__.py to __init__.cpython-38.pyc
[2.450s] byte-compiling /home/mo/Thesis/install/vision/lib/python3.8/site-packages/FC_vision/FC_iir_buttoworth_filter.py to FC_iir_buttoworth_filter.cpython-38.pyc
[2.451s] running install_data
[2.451s] copying resource/vision -> /home/mo/Thesis/install/vision/share/ament_index/resource_index/packages
[2.451s] copying package.xml -> /home/mo/Thesis/install/vision/share/vision
[2.452s] running install_egg_info
[2.471s] Copying ../../build/vision/vision.egg-info to /home/mo/Thesis/install/vision/lib/python3.8/site-packages/vision-0.0.0-py3.8.egg-info
[2.472s] running install_scripts
[2.514s] Installing calibration script to /home/mo/Thesis/install/vision/lib/vision
[2.514s] Installing hook_detector script to /home/mo/Thesis/install/vision/lib/vision
[2.514s] Installing image_filters script to /home/mo/Thesis/install/vision/lib/vision
[2.514s] Installing image_receiver script to /home/mo/Thesis/install/vision/lib/vision
[2.514s] Installing light_controller script to /home/mo/Thesis/install/vision/lib/vision
[2.515s] Installing maskrcnn_inference script to /home/mo/Thesis/install/vision/lib/vision
[2.515s] Installing nn_output_processor script to /home/mo/Thesis/install/vision/lib/vision
[2.515s] Installing point_finder_2d script to /home/mo/Thesis/install/vision/lib/vision
[2.515s] Installing point_finder_3d script to /home/mo/Thesis/install/vision/lib/vision
[2.515s] Installing stereo_triangulation script to /home/mo/Thesis/install/vision/lib/vision
[2.515s] Installing stereo_triangulation_with_robot script to /home/mo/Thesis/install/vision/lib/vision
[2.515s] Installing test_node script to /home/mo/Thesis/install/vision/lib/vision
[2.515s] Installing yolov8_inference script to /home/mo/Thesis/install/vision/lib/vision
[2.516s] writing list of installed files to '/home/mo/Thesis/build/vision/install.log'
[2.566s] Invoked command in '/home/mo/Thesis/src/vision' returned '0': PYTHONPATH=/home/mo/Thesis/build/vision/prefix_override:/usr/lib/python3/dist-packages/colcon_core/task/python/colcon_distutils_commands:/home/mo/Thesis/install/vision/lib/python3.8/site-packages:${PYTHONPATH} /usr/bin/python3 -W ignore:setup.py install is deprecated -W ignore:easy_install command is deprecated setup.py egg_info --egg-base ../../build/vision build --build-base /home/mo/Thesis/build/vision/build install --record /home/mo/Thesis/build/vision/install.log --single-version-externally-managed install_data --force
