[0.025s] Invoking command in '/home/vboxuser/Thesis/build/kr_example_cpp': AMENT_PREFIX_PATH=/home/vboxuser/Thesis/install/kr_msgs:${AMENT_PREFIX_PATH} CMAKE_PREFIX_PATH=/home/vboxuser/Thesis/install/kr_msgs:/opt/ros/foxy LD_LIBRARY_PATH=/home/vboxuser/Thesis/install/kr_msgs/lib:${LD_LIBRARY_PATH} PYTHONPATH=/home/vboxuser/Thesis/install/kr_msgs/lib/python3.8/site-packages:${PYTHONPATH} /usr/bin/cmake --build /home/vboxuser/Thesis/build/kr_example_cpp -- -j8 -l8
[0.103s] [ 20%] Built target follow_joint
[0.104s] [ 40%] Built target self_motion
[0.106s] [ 60%] Built target move_joint
[0.106s] [ 80%] Built target jog_linear
[0.108s] [100%] Built target robot_state
[0.268s] Invoked command in '/home/vboxuser/Thesis/build/kr_example_cpp' returned '0': AMENT_PREFIX_PATH=/home/vboxuser/Thesis/install/kr_msgs:${AMENT_PREFIX_PATH} CMAKE_PREFIX_PATH=/home/vboxuser/Thesis/install/kr_msgs:/opt/ros/foxy LD_LIBRARY_PATH=/home/vboxuser/Thesis/install/kr_msgs/lib:${LD_LIBRARY_PATH} PYTHONPATH=/home/vboxuser/Thesis/install/kr_msgs/lib/python3.8/site-packages:${PYTHONPATH} /usr/bin/cmake --build /home/vboxuser/Thesis/build/kr_example_cpp -- -j8 -l8
[0.334s] Invoking command in '/home/vboxuser/Thesis/build/kr_example_cpp': AMENT_PREFIX_PATH=/home/vboxuser/Thesis/install/kr_msgs:${AMENT_PREFIX_PATH} CMAKE_PREFIX_PATH=/home/vboxuser/Thesis/install/kr_msgs:/opt/ros/foxy LD_LIBRARY_PATH=/home/vboxuser/Thesis/install/kr_msgs/lib:${LD_LIBRARY_PATH} PYTHONPATH=/home/vboxuser/Thesis/install/kr_msgs/lib/python3.8/site-packages:${PYTHONPATH} /usr/bin/cmake --install /home/vboxuser/Thesis/build/kr_example_cpp
[0.343s] -- Install configuration: ""
[0.344s] -- Up-to-date: /home/vboxuser/Thesis/install/kr_example_cpp/lib/kr_example_cpp/robot_state
[0.344s] -- Up-to-date: /home/vboxuser/Thesis/install/kr_example_cpp/lib/kr_example_cpp/follow_joint
[0.345s] -- Up-to-date: /home/vboxuser/Thesis/install/kr_example_cpp/lib/kr_example_cpp/move_joint
[0.345s] -- Up-to-date: /home/vboxuser/Thesis/install/kr_example_cpp/lib/kr_example_cpp/jog_linear
[0.346s] -- Up-to-date: /home/vboxuser/Thesis/install/kr_example_cpp/lib/kr_example_cpp/self_motion
[0.346s] -- Up-to-date: /home/vboxuser/Thesis/install/kr_example_cpp/share/ament_index/resource_index/package_run_dependencies/kr_example_cpp
[0.346s] -- Up-to-date: /home/vboxuser/Thesis/install/kr_example_cpp/share/ament_index/resource_index/parent_prefix_path/kr_example_cpp
[0.346s] -- Up-to-date: /home/vboxuser/Thesis/install/kr_example_cpp/share/kr_example_cpp/environment/ament_prefix_path.sh
[0.347s] -- Up-to-date: /home/vboxuser/Thesis/install/kr_example_cpp/share/kr_example_cpp/environment/ament_prefix_path.dsv
[0.347s] -- Up-to-date: /home/vboxuser/Thesis/install/kr_example_cpp/share/kr_example_cpp/environment/path.sh
[0.347s] -- Up-to-date: /home/vboxuser/Thesis/install/kr_example_cpp/share/kr_example_cpp/environment/path.dsv
[0.347s] -- Up-to-date: /home/vboxuser/Thesis/install/kr_example_cpp/share/kr_example_cpp/local_setup.bash
[0.347s] -- Up-to-date: /home/vboxuser/Thesis/install/kr_example_cpp/share/kr_example_cpp/local_setup.sh
[0.348s] -- Up-to-date: /home/vboxuser/Thesis/install/kr_example_cpp/share/kr_example_cpp/local_setup.zsh
[0.348s] -- Up-to-date: /home/vboxuser/Thesis/install/kr_example_cpp/share/kr_example_cpp/local_setup.dsv
[0.348s] -- Installing: /home/vboxuser/Thesis/install/kr_example_cpp/share/kr_example_cpp/package.dsv
[0.349s] -- Up-to-date: /home/vboxuser/Thesis/install/kr_example_cpp/share/ament_index/resource_index/packages/kr_example_cpp
[0.349s] -- Up-to-date: /home/vboxuser/Thesis/install/kr_example_cpp/share/kr_example_cpp/cmake/kr_example_cppConfig.cmake
[0.349s] -- Up-to-date: /home/vboxuser/Thesis/install/kr_example_cpp/share/kr_example_cpp/cmake/kr_example_cppConfig-version.cmake
[0.349s] -- Up-to-date: /home/vboxuser/Thesis/install/kr_example_cpp/share/kr_example_cpp/package.xml
[0.352s] Invoked command in '/home/vboxuser/Thesis/build/kr_example_cpp' returned '0': AMENT_PREFIX_PATH=/home/vboxuser/Thesis/install/kr_msgs:${AMENT_PREFIX_PATH} CMAKE_PREFIX_PATH=/home/vboxuser/Thesis/install/kr_msgs:/opt/ros/foxy LD_LIBRARY_PATH=/home/vboxuser/Thesis/install/kr_msgs/lib:${LD_LIBRARY_PATH} PYTHONPATH=/home/vboxuser/Thesis/install/kr_msgs/lib/python3.8/site-packages:${PYTHONPATH} /usr/bin/cmake --install /home/vboxuser/Thesis/build/kr_example_cpp
