[0.042s] Invoking command in '/home/mo/Thesis/build/action_interfaces': CMAKE_PREFIX_PATH=${CMAKE_PREFIX_PATH}:/home/mo/Thesis/install/vision:/home/mo/Thesis/install/vcnanoz:/home/mo/Thesis/install/sensopart_visor:/home/mo/Thesis/install/robot_control:/home/mo/Thesis/install/kr_example_python:/home/mo/Thesis/install/action_servers:/opt/ros/foxy /usr/bin/cmake /home/mo/Thesis/src/action_interfaces -DAMENT_CMAKE_SYMLINK_INSTALL=1 -DCMAKE_INSTALL_PREFIX=/home/mo/Thesis/install/action_interfaces
[0.630s] -- The C compiler identification is GNU 9.4.0
[0.631s] -- The CXX compiler identification is GNU 9.4.0
[0.632s] -- Check for working C compiler: /usr/bin/cc
[0.632s] -- Check for working C compiler: /usr/bin/cc -- works
[0.632s] -- Detecting C compiler ABI info
[0.632s] -- Detecting C compiler ABI info - done
[0.632s] -- Detecting C compile features
[0.632s] -- Detecting C compile features - done
[0.632s] -- Check for working CXX compiler: /usr/bin/c++
[0.632s] -- Check for working CXX compiler: /usr/bin/c++ -- works
[0.632s] -- Detecting CXX compiler ABI info
[0.632s] -- Detecting CXX compiler ABI info - done
[0.632s] -- Detecting CXX compile features
[0.632s] -- Detecting CXX compile features - done
[0.632s] -- Found ament_cmake: 0.9.12 (/opt/ros/foxy/share/ament_cmake/cmake)
[0.632s] -- Found PythonInterp: /usr/bin/python3 (found suitable version "3.8.10", minimum required is "3") 
[0.632s] -- Using PYTHON_EXECUTABLE: /usr/bin/python3
[0.760s] -- Override CMake install command with custom implementation using symlinks instead of copying resources
[0.784s] -- Found rosidl_default_generators: 1.0.1 (/opt/ros/foxy/share/rosidl_default_generators/cmake)
[0.787s] -- Using all available rosidl_typesupport_c: rosidl_typesupport_fastrtps_c;rosidl_typesupport_introspection_c
[0.793s] -- Found rosidl_adapter: 1.3.1 (/opt/ros/foxy/share/rosidl_adapter/cmake)
[0.906s] -- Found OpenSSL: /usr/lib/x86_64-linux-gnu/libcrypto.so (found version "1.1.1f")  
[0.939s] -- Found FastRTPS: /opt/ros/foxy/include  
[1.014s] -- Using all available rosidl_typesupport_cpp: rosidl_typesupport_fastrtps_cpp;rosidl_typesupport_introspection_cpp
[1.040s] -- Found sensor_msgs: 2.0.5 (/opt/ros/foxy/share/sensor_msgs/cmake)
[1.194s] -- Found PythonInterp: /usr/bin/python3 (found version "3.8.10") 
[1.590s] -- Found ament_cmake_ros: 0.9.2 (/opt/ros/foxy/share/ament_cmake_ros/cmake)
[1.935s] -- Using all available rosidl_typesupport_c: rosidl_typesupport_fastrtps_c;rosidl_typesupport_introspection_c
[2.072s] -- Using all available rosidl_typesupport_cpp: rosidl_typesupport_fastrtps_cpp;rosidl_typesupport_introspection_cpp
[2.107s] -- Found PythonInterp: /usr/bin/python3 (found suitable version "3.8.10", minimum required is "3.5") 
[2.109s] -- Found python_cmake_module: 0.8.1 (/opt/ros/foxy/share/python_cmake_module/cmake)
[2.145s] -- Found PythonLibs: /usr/lib/x86_64-linux-gnu/libpython3.8.so (found suitable version "3.8.10", minimum required is "3.5") 
[2.145s] -- Using PYTHON_EXECUTABLE: /usr/bin/python3
[2.146s] -- Using PYTHON_INCLUDE_DIRS: /usr/include/python3.8
[2.146s] -- Using PYTHON_LIBRARIES: /usr/lib/x86_64-linux-gnu/libpython3.8.so
[2.175s] -- Found PythonExtra: .so  
[2.277s] -- Found ament_lint_auto: 0.9.8 (/opt/ros/foxy/share/ament_lint_auto/cmake)
[2.298s] -- Added test 'copyright' to check source files copyright and LICENSE
[2.300s] -- Added test 'lint_cmake' to check CMake code style
[2.301s] -- Added test 'xmllint' to check XML markup files
[2.308s] -- Configuring done
[2.398s] -- Generating done
[2.423s] -- Build files have been written to: /home/mo/Thesis/build/action_interfaces
[2.439s] Invoked command in '/home/mo/Thesis/build/action_interfaces' returned '0': CMAKE_PREFIX_PATH=${CMAKE_PREFIX_PATH}:/home/mo/Thesis/install/vision:/home/mo/Thesis/install/vcnanoz:/home/mo/Thesis/install/sensopart_visor:/home/mo/Thesis/install/robot_control:/home/mo/Thesis/install/kr_example_python:/home/mo/Thesis/install/action_servers:/opt/ros/foxy /usr/bin/cmake /home/mo/Thesis/src/action_interfaces -DAMENT_CMAKE_SYMLINK_INSTALL=1 -DCMAKE_INSTALL_PREFIX=/home/mo/Thesis/install/action_interfaces
[2.442s] Invoking command in '/home/mo/Thesis/build/action_interfaces': CMAKE_PREFIX_PATH=${CMAKE_PREFIX_PATH}:/home/mo/Thesis/install/vision:/home/mo/Thesis/install/vcnanoz:/home/mo/Thesis/install/sensopart_visor:/home/mo/Thesis/install/robot_control:/home/mo/Thesis/install/kr_example_python:/home/mo/Thesis/install/action_servers:/opt/ros/foxy /usr/bin/cmake --build /home/mo/Thesis/build/action_interfaces -- -j16 -l16
[2.487s] [35m[1mScanning dependencies of target action_interfaces__cpp[0m
[2.487s] [  1%] [34m[1mGenerating C code for ROS interfaces[0m
[2.498s] [  2%] [34m[1mGenerating C++ code for ROS interfaces[0m
[3.307s] [  2%] Built target action_interfaces__cpp
[3.318s] [  3%] [34m[1mGenerating C++ type support for eProsima Fast-RTPS[0m
[3.318s] [  5%] [34m[1mGenerating C++ introspection for ROS interfaces[0m
[3.318s] [  6%] [34m[1mGenerating C++ type support dispatch for ROS interfaces[0m
[3.381s] [35m[1mScanning dependencies of target action_interfaces__rosidl_generator_c[0m
[3.400s] [  8%] [32mBuilding C object CMakeFiles/action_interfaces__rosidl_generator_c.dir/rosidl_generator_c/action_interfaces/msg/detail/bounding_box__functions.c.o[0m
[3.400s] [  8%] [32mBuilding C object CMakeFiles/action_interfaces__rosidl_generator_c.dir/rosidl_generator_c/action_interfaces/action/detail/fibonacci__functions.c.o[0m
[3.402s] [ 10%] [32mBuilding C object CMakeFiles/action_interfaces__rosidl_generator_c.dir/rosidl_generator_c/action_interfaces/action/detail/move_tcp_along_axis__functions.c.o[0m
[3.402s] [ 11%] [32mBuilding C object CMakeFiles/action_interfaces__rosidl_generator_c.dir/rosidl_generator_c/action_interfaces/action/detail/transform_action__functions.c.o[0m
[3.403s] [ 13%] [32mBuilding C object CMakeFiles/action_interfaces__rosidl_generator_c.dir/rosidl_generator_c/action_interfaces/msg/detail/hook_data__functions.c.o[0m
[3.404s] [ 13%] [32mBuilding C object CMakeFiles/action_interfaces__rosidl_generator_c.dir/rosidl_generator_c/action_interfaces/msg/detail/uv__functions.c.o[0m
[3.404s] [ 15%] [32mBuilding C object CMakeFiles/action_interfaces__rosidl_generator_c.dir/rosidl_generator_c/action_interfaces/msg/detail/hook__functions.c.o[0m
[3.533s] [ 16%] [32m[1mLinking C shared library libaction_interfaces__rosidl_generator_c.so[0m
[3.579s] [ 16%] Built target action_interfaces__rosidl_generator_c
[3.591s] [ 17%] [34m[1mGenerating C introspection for ROS interfaces[0m
[3.591s] [ 18%] [34m[1mGenerating C type support dispatch for ROS interfaces[0m
[3.879s] [35m[1mScanning dependencies of target action_interfaces__rosidl_typesupport_cpp[0m
[3.901s] [ 20%] [32mBuilding CXX object CMakeFiles/action_interfaces__rosidl_typesupport_cpp.dir/rosidl_typesupport_cpp/action_interfaces/msg/hook_data__type_support.cpp.o[0m
[3.902s] [ 21%] [32mBuilding CXX object CMakeFiles/action_interfaces__rosidl_typesupport_cpp.dir/rosidl_typesupport_cpp/action_interfaces/action/move_tcp_along_axis__type_support.cpp.o[0m
[3.902s] [ 22%] [32mBuilding CXX object CMakeFiles/action_interfaces__rosidl_typesupport_cpp.dir/rosidl_typesupport_cpp/action_interfaces/action/fibonacci__type_support.cpp.o[0m
[3.903s] [ 24%] [32mBuilding CXX object CMakeFiles/action_interfaces__rosidl_typesupport_cpp.dir/rosidl_typesupport_cpp/action_interfaces/msg/bounding_box__type_support.cpp.o[0m
[3.903s] [ 26%] [32mBuilding CXX object CMakeFiles/action_interfaces__rosidl_typesupport_cpp.dir/rosidl_typesupport_cpp/action_interfaces/msg/hook__type_support.cpp.o[0m
[3.903s] [ 26%] [32mBuilding CXX object CMakeFiles/action_interfaces__rosidl_typesupport_cpp.dir/rosidl_typesupport_cpp/action_interfaces/action/transform_action__type_support.cpp.o[0m
[3.904s] [ 27%] [32mBuilding CXX object CMakeFiles/action_interfaces__rosidl_typesupport_cpp.dir/rosidl_typesupport_cpp/action_interfaces/msg/uv__type_support.cpp.o[0m
[4.089s] [35m[1mScanning dependencies of target action_interfaces__rosidl_typesupport_introspection_cpp[0m
[4.129s] [ 29%] [32mBuilding CXX object CMakeFiles/action_interfaces__rosidl_typesupport_introspection_cpp.dir/rosidl_typesupport_introspection_cpp/action_interfaces/action/detail/fibonacci__type_support.cpp.o[0m
[4.130s] [ 30%] [32mBuilding CXX object CMakeFiles/action_interfaces__rosidl_typesupport_introspection_cpp.dir/rosidl_typesupport_introspection_cpp/action_interfaces/action/detail/move_tcp_along_axis__type_support.cpp.o[0m
[4.136s] [ 31%] [32mBuilding CXX object CMakeFiles/action_interfaces__rosidl_typesupport_introspection_cpp.dir/rosidl_typesupport_introspection_cpp/action_interfaces/action/detail/transform_action__type_support.cpp.o[0m
[4.143s] [ 32%] [32mBuilding CXX object CMakeFiles/action_interfaces__rosidl_typesupport_introspection_cpp.dir/rosidl_typesupport_introspection_cpp/action_interfaces/msg/detail/bounding_box__type_support.cpp.o[0m
[4.145s] [ 34%] [32mBuilding CXX object CMakeFiles/action_interfaces__rosidl_typesupport_introspection_cpp.dir/rosidl_typesupport_introspection_cpp/action_interfaces/msg/detail/hook__type_support.cpp.o[0m
[4.238s] [35m[1mScanning dependencies of target action_interfaces__rosidl_typesupport_c[0m
[4.248s] [ 35%] [32mBuilding CXX object CMakeFiles/action_interfaces__rosidl_typesupport_introspection_cpp.dir/rosidl_typesupport_introspection_cpp/action_interfaces/msg/detail/hook_data__type_support.cpp.o[0m
[4.262s] [ 36%] [32mBuilding CXX object CMakeFiles/action_interfaces__rosidl_typesupport_introspection_cpp.dir/rosidl_typesupport_introspection_cpp/action_interfaces/msg/detail/uv__type_support.cpp.o[0m
[4.286s] [ 37%] [32mBuilding CXX object CMakeFiles/action_interfaces__rosidl_typesupport_c.dir/rosidl_typesupport_c/action_interfaces/action/fibonacci__type_support.cpp.o[0m
[4.305s] [ 39%] [32mBuilding CXX object CMakeFiles/action_interfaces__rosidl_typesupport_c.dir/rosidl_typesupport_c/action_interfaces/action/move_tcp_along_axis__type_support.cpp.o[0m
[4.313s] [ 40%] [32mBuilding CXX object CMakeFiles/action_interfaces__rosidl_typesupport_c.dir/rosidl_typesupport_c/action_interfaces/action/transform_action__type_support.cpp.o[0m
[4.365s] [ 41%] [32mBuilding CXX object CMakeFiles/action_interfaces__rosidl_typesupport_c.dir/rosidl_typesupport_c/action_interfaces/msg/bounding_box__type_support.cpp.o[0m
[4.393s] [ 44%] [32mBuilding CXX object CMakeFiles/action_interfaces__rosidl_typesupport_c.dir/rosidl_typesupport_c/action_interfaces/msg/hook__type_support.cpp.o[0m
[4.394s] [ 44%] [32m[1mLinking CXX shared library libaction_interfaces__rosidl_typesupport_cpp.so[0m
[4.400s] [ 45%] [32mBuilding CXX object CMakeFiles/action_interfaces__rosidl_typesupport_c.dir/rosidl_typesupport_c/action_interfaces/msg/hook_data__type_support.cpp.o[0m
[4.414s] [ 46%] [32mBuilding CXX object CMakeFiles/action_interfaces__rosidl_typesupport_c.dir/rosidl_typesupport_c/action_interfaces/msg/uv__type_support.cpp.o[0m
[4.452s] [35m[1mScanning dependencies of target action_interfaces__rosidl_typesupport_fastrtps_cpp[0m
[4.456s] [ 46%] Built target action_interfaces__rosidl_typesupport_cpp
[4.459s] [ 48%] [32m[1mLinking CXX shared library libaction_interfaces__rosidl_typesupport_c.so[0m
[4.486s] [ 50%] [32mBuilding CXX object CMakeFiles/action_interfaces__rosidl_typesupport_fastrtps_cpp.dir/rosidl_typesupport_fastrtps_cpp/action_interfaces/action/detail/dds_fastrtps/fibonacci__type_support.cpp.o[0m
[4.486s] [ 50%] [32mBuilding CXX object CMakeFiles/action_interfaces__rosidl_typesupport_fastrtps_cpp.dir/rosidl_typesupport_fastrtps_cpp/action_interfaces/action/detail/dds_fastrtps/move_tcp_along_axis__type_support.cpp.o[0m
[4.486s] [ 51%] [32mBuilding CXX object CMakeFiles/action_interfaces__rosidl_typesupport_fastrtps_cpp.dir/rosidl_typesupport_fastrtps_cpp/action_interfaces/action/detail/dds_fastrtps/transform_action__type_support.cpp.o[0m
[4.487s] [ 53%] [32mBuilding CXX object CMakeFiles/action_interfaces__rosidl_typesupport_fastrtps_cpp.dir/rosidl_typesupport_fastrtps_cpp/action_interfaces/msg/detail/dds_fastrtps/bounding_box__type_support.cpp.o[0m
[4.499s] [ 54%] [32mBuilding CXX object CMakeFiles/action_interfaces__rosidl_typesupport_fastrtps_cpp.dir/rosidl_typesupport_fastrtps_cpp/action_interfaces/msg/detail/dds_fastrtps/hook_data__type_support.cpp.o[0m
[4.503s] [ 55%] [32mBuilding CXX object CMakeFiles/action_interfaces__rosidl_typesupport_fastrtps_cpp.dir/rosidl_typesupport_fastrtps_cpp/action_interfaces/msg/detail/dds_fastrtps/hook__type_support.cpp.o[0m
[4.522s] [ 55%] Built target action_interfaces__rosidl_typesupport_c
[4.562s] [ 56%] [32mBuilding CXX object CMakeFiles/action_interfaces__rosidl_typesupport_fastrtps_cpp.dir/rosidl_typesupport_fastrtps_cpp/action_interfaces/msg/detail/dds_fastrtps/uv__type_support.cpp.o[0m
[4.677s] [35m[1mScanning dependencies of target action_interfaces__rosidl_typesupport_introspection_c[0m
[4.711s] [ 59%] [32mBuilding C object CMakeFiles/action_interfaces__rosidl_typesupport_introspection_c.dir/rosidl_typesupport_introspection_c/action_interfaces/action/detail/fibonacci__type_support.c.o[0m
[4.711s] [ 59%] [32mBuilding C object CMakeFiles/action_interfaces__rosidl_typesupport_introspection_c.dir/rosidl_typesupport_introspection_c/action_interfaces/action/detail/move_tcp_along_axis__type_support.c.o[0m
[4.712s] [ 60%] [32mBuilding C object CMakeFiles/action_interfaces__rosidl_typesupport_introspection_c.dir/rosidl_typesupport_introspection_c/action_interfaces/msg/detail/bounding_box__type_support.c.o[0m
[4.723s] [ 62%] [32mBuilding C object CMakeFiles/action_interfaces__rosidl_typesupport_introspection_c.dir/rosidl_typesupport_introspection_c/action_interfaces/action/detail/transform_action__type_support.c.o[0m
[4.724s] [ 64%] [32mBuilding C object CMakeFiles/action_interfaces__rosidl_typesupport_introspection_c.dir/rosidl_typesupport_introspection_c/action_interfaces/msg/detail/hook_data__type_support.c.o[0m
[4.725s] [ 63%] [32mBuilding C object CMakeFiles/action_interfaces__rosidl_typesupport_introspection_c.dir/rosidl_typesupport_introspection_c/action_interfaces/msg/detail/hook__type_support.c.o[0m
[4.735s] [ 65%] [32mBuilding C object CMakeFiles/action_interfaces__rosidl_typesupport_introspection_c.dir/rosidl_typesupport_introspection_c/action_interfaces/msg/detail/uv__type_support.c.o[0m
[4.798s] [ 67%] [32m[1mLinking CXX shared library libaction_interfaces__rosidl_typesupport_introspection_cpp.so[0m
[4.812s] [ 68%] [32m[1mLinking C shared library libaction_interfaces__rosidl_typesupport_introspection_c.so[0m
[4.875s] [ 68%] Built target action_interfaces__rosidl_typesupport_introspection_c
[4.890s] [ 68%] Built target action_interfaces__rosidl_typesupport_introspection_cpp
[5.174s] [ 69%] [32m[1mLinking CXX shared library libaction_interfaces__rosidl_typesupport_fastrtps_cpp.so[0m
[5.263s] [ 69%] Built target action_interfaces__rosidl_typesupport_fastrtps_cpp
[5.273s] [ 70%] [34m[1mGenerating C type support for eProsima Fast-RTPS[0m
[5.968s] [35m[1mScanning dependencies of target action_interfaces__rosidl_typesupport_fastrtps_c[0m
[6.013s] [ 72%] [32mBuilding CXX object CMakeFiles/action_interfaces__rosidl_typesupport_fastrtps_c.dir/rosidl_typesupport_fastrtps_c/action_interfaces/action/detail/fibonacci__type_support_c.cpp.o[0m
[6.013s] [ 73%] [32mBuilding CXX object CMakeFiles/action_interfaces__rosidl_typesupport_fastrtps_c.dir/rosidl_typesupport_fastrtps_c/action_interfaces/msg/detail/uv__type_support_c.cpp.o[0m
[6.014s] [ 77%] [32mBuilding CXX object CMakeFiles/action_interfaces__rosidl_typesupport_fastrtps_c.dir/rosidl_typesupport_fastrtps_c/action_interfaces/msg/detail/bounding_box__type_support_c.cpp.o[0m
[6.014s] [ 77%] [32mBuilding CXX object CMakeFiles/action_interfaces__rosidl_typesupport_fastrtps_c.dir/rosidl_typesupport_fastrtps_c/action_interfaces/action/detail/transform_action__type_support_c.cpp.o[0m
[6.014s] [ 77%] [32mBuilding CXX object CMakeFiles/action_interfaces__rosidl_typesupport_fastrtps_c.dir/rosidl_typesupport_fastrtps_c/action_interfaces/action/detail/move_tcp_along_axis__type_support_c.cpp.o[0m
[6.014s] [ 78%] [32mBuilding CXX object CMakeFiles/action_interfaces__rosidl_typesupport_fastrtps_c.dir/rosidl_typesupport_fastrtps_c/action_interfaces/msg/detail/hook_data__type_support_c.cpp.o[0m
[6.015s] [ 79%] [32mBuilding CXX object CMakeFiles/action_interfaces__rosidl_typesupport_fastrtps_c.dir/rosidl_typesupport_fastrtps_c/action_interfaces/msg/detail/hook__type_support_c.cpp.o[0m
[6.482s] [ 81%] [32m[1mLinking CXX shared library libaction_interfaces__rosidl_typesupport_fastrtps_c.so[0m
[6.568s] [ 81%] Built target action_interfaces__rosidl_typesupport_fastrtps_c
[6.577s] [35m[1mScanning dependencies of target action_interfaces[0m
[6.589s] [ 81%] Built target action_interfaces
[6.600s] [35m[1mScanning dependencies of target action_interfaces__py[0m
[6.613s] [ 82%] [34m[1mGenerating Python code for ROS interfaces[0m
[8.723s] [ 82%] Built target action_interfaces__py
[8.734s] [35m[1mScanning dependencies of target action_interfaces__python[0m
[8.770s] [ 83%] [32mBuilding C object CMakeFiles/action_interfaces__python.dir/rosidl_generator_py/action_interfaces/action/_fibonacci_s.c.o[0m
[8.771s] [ 84%] [32mBuilding C object CMakeFiles/action_interfaces__python.dir/rosidl_generator_py/action_interfaces/msg/_hook_data_s.c.o[0m
[8.771s] [ 86%] [32mBuilding C object CMakeFiles/action_interfaces__python.dir/rosidl_generator_py/action_interfaces/action/_transform_action_s.c.o[0m
[8.771s] [ 87%] [32mBuilding C object CMakeFiles/action_interfaces__python.dir/rosidl_generator_py/action_interfaces/action/_move_tcp_along_axis_s.c.o[0m
[8.772s] [ 88%] [32mBuilding C object CMakeFiles/action_interfaces__python.dir/rosidl_generator_py/action_interfaces/msg/_bounding_box_s.c.o[0m
[8.773s] [ 89%] [32mBuilding C object CMakeFiles/action_interfaces__python.dir/rosidl_generator_py/action_interfaces/msg/_uv_s.c.o[0m
[8.773s] [ 91%] [32mBuilding C object CMakeFiles/action_interfaces__python.dir/rosidl_generator_py/action_interfaces/msg/_hook_s.c.o[0m
[8.970s] [ 92%] [32m[1mLinking C shared library rosidl_generator_py/action_interfaces/libaction_interfaces__python.so[0m
[9.023s] [ 92%] Built target action_interfaces__python
[9.033s] [35m[1mScanning dependencies of target action_interfaces__rosidl_typesupport_introspection_c__pyext[0m
[9.034s] [35m[1mScanning dependencies of target action_interfaces__rosidl_typesupport_fastrtps_c__pyext[0m
[9.035s] [35m[1mScanning dependencies of target action_interfaces__rosidl_typesupport_c__pyext[0m
[9.061s] [ 93%] [32mBuilding C object CMakeFiles/action_interfaces__rosidl_typesupport_introspection_c__pyext.dir/rosidl_generator_py/action_interfaces/_action_interfaces_s.ep.rosidl_typesupport_introspection_c.c.o[0m
[9.063s] [ 94%] [32mBuilding C object CMakeFiles/action_interfaces__rosidl_typesupport_fastrtps_c__pyext.dir/rosidl_generator_py/action_interfaces/_action_interfaces_s.ep.rosidl_typesupport_fastrtps_c.c.o[0m
[9.065s] [ 96%] [32mBuilding C object CMakeFiles/action_interfaces__rosidl_typesupport_c__pyext.dir/rosidl_generator_py/action_interfaces/_action_interfaces_s.ep.rosidl_typesupport_c.c.o[0m
[9.216s] [ 97%] [32m[1mLinking C shared library rosidl_generator_py/action_interfaces/action_interfaces_s__rosidl_typesupport_introspection_c.cpython-38-x86_64-linux-gnu.so[0m
[9.264s] [ 97%] Built target action_interfaces__rosidl_typesupport_introspection_c__pyext
[9.279s] [ 98%] [32m[1mLinking CXX shared library rosidl_generator_py/action_interfaces/action_interfaces_s__rosidl_typesupport_fastrtps_c.cpython-38-x86_64-linux-gnu.so[0m
[9.279s] [100%] [32m[1mLinking C shared library rosidl_generator_py/action_interfaces/action_interfaces_s__rosidl_typesupport_c.cpython-38-x86_64-linux-gnu.so[0m
[9.328s] [100%] Built target action_interfaces__rosidl_typesupport_c__pyext
[9.352s] [100%] Built target action_interfaces__rosidl_typesupport_fastrtps_c__pyext
[9.366s] Invoked command in '/home/mo/Thesis/build/action_interfaces' returned '0': CMAKE_PREFIX_PATH=${CMAKE_PREFIX_PATH}:/home/mo/Thesis/install/vision:/home/mo/Thesis/install/vcnanoz:/home/mo/Thesis/install/sensopart_visor:/home/mo/Thesis/install/robot_control:/home/mo/Thesis/install/kr_example_python:/home/mo/Thesis/install/action_servers:/opt/ros/foxy /usr/bin/cmake --build /home/mo/Thesis/build/action_interfaces -- -j16 -l16
[9.380s] Invoking command in '/home/mo/Thesis/build/action_interfaces': CMAKE_PREFIX_PATH=${CMAKE_PREFIX_PATH}:/home/mo/Thesis/install/vision:/home/mo/Thesis/install/vcnanoz:/home/mo/Thesis/install/sensopart_visor:/home/mo/Thesis/install/robot_control:/home/mo/Thesis/install/kr_example_python:/home/mo/Thesis/install/action_servers:/opt/ros/foxy /usr/bin/cmake --install /home/mo/Thesis/build/action_interfaces
[9.388s] -- Install configuration: ""
[9.388s] -- Execute custom install script
[9.388s] -- Symlinking: /home/mo/Thesis/install/action_interfaces/share/ament_index/resource_index/rosidl_interfaces/action_interfaces
[9.399s] -- Symlinking: /home/mo/Thesis/install/action_interfaces/include/action_interfaces/action/detail/fibonacci__functions.h
[9.407s] -- Symlinking: /home/mo/Thesis/install/action_interfaces/include/action_interfaces/action/detail/fibonacci__struct.h
[9.415s] -- Symlinking: /home/mo/Thesis/install/action_interfaces/include/action_interfaces/action/detail/fibonacci__type_support.h
[9.426s] -- Symlinking: /home/mo/Thesis/install/action_interfaces/include/action_interfaces/action/detail/move_tcp_along_axis__functions.h
[9.436s] -- Symlinking: /home/mo/Thesis/install/action_interfaces/include/action_interfaces/action/detail/move_tcp_along_axis__struct.h
[9.446s] -- Symlinking: /home/mo/Thesis/install/action_interfaces/include/action_interfaces/action/detail/move_tcp_along_axis__type_support.h
[9.455s] -- Symlinking: /home/mo/Thesis/install/action_interfaces/include/action_interfaces/action/detail/transform_action__functions.h
[9.464s] -- Symlinking: /home/mo/Thesis/install/action_interfaces/include/action_interfaces/action/detail/transform_action__struct.h
[9.472s] -- Symlinking: /home/mo/Thesis/install/action_interfaces/include/action_interfaces/action/detail/transform_action__type_support.h
[9.482s] -- Symlinking: /home/mo/Thesis/install/action_interfaces/include/action_interfaces/action/fibonacci.h
[9.490s] -- Symlinking: /home/mo/Thesis/install/action_interfaces/include/action_interfaces/action/move_tcp_along_axis.h
[9.498s] -- Symlinking: /home/mo/Thesis/install/action_interfaces/include/action_interfaces/action/transform_action.h
[9.507s] -- Symlinking: /home/mo/Thesis/install/action_interfaces/include/action_interfaces/msg/bounding_box.h
[9.515s] -- Symlinking: /home/mo/Thesis/install/action_interfaces/include/action_interfaces/msg/detail/bounding_box__functions.h
[9.525s] -- Symlinking: /home/mo/Thesis/install/action_interfaces/include/action_interfaces/msg/detail/bounding_box__struct.h
[9.534s] -- Symlinking: /home/mo/Thesis/install/action_interfaces/include/action_interfaces/msg/detail/bounding_box__type_support.h
[9.544s] -- Symlinking: /home/mo/Thesis/install/action_interfaces/include/action_interfaces/msg/detail/hook__functions.h
[9.554s] -- Symlinking: /home/mo/Thesis/install/action_interfaces/include/action_interfaces/msg/detail/hook__struct.h
[9.564s] -- Symlinking: /home/mo/Thesis/install/action_interfaces/include/action_interfaces/msg/detail/hook__type_support.h
[9.572s] -- Symlinking: /home/mo/Thesis/install/action_interfaces/include/action_interfaces/msg/detail/hook_data__functions.h
[9.581s] -- Symlinking: /home/mo/Thesis/install/action_interfaces/include/action_interfaces/msg/detail/hook_data__struct.h
[9.590s] -- Symlinking: /home/mo/Thesis/install/action_interfaces/include/action_interfaces/msg/detail/hook_data__type_support.h
[9.598s] -- Symlinking: /home/mo/Thesis/install/action_interfaces/include/action_interfaces/msg/detail/uv__functions.h
[9.608s] -- Symlinking: /home/mo/Thesis/install/action_interfaces/include/action_interfaces/msg/detail/uv__struct.h
[9.618s] -- Symlinking: /home/mo/Thesis/install/action_interfaces/include/action_interfaces/msg/detail/uv__type_support.h
[9.628s] -- Symlinking: /home/mo/Thesis/install/action_interfaces/include/action_interfaces/msg/hook.h
[9.638s] -- Symlinking: /home/mo/Thesis/install/action_interfaces/include/action_interfaces/msg/hook_data.h
[9.647s] -- Symlinking: /home/mo/Thesis/install/action_interfaces/include/action_interfaces/msg/rosidl_generator_c__visibility_control.h
[9.657s] -- Symlinking: /home/mo/Thesis/install/action_interfaces/include/action_interfaces/msg/uv.h
[9.667s] -- Symlinking: /home/mo/Thesis/install/action_interfaces/share/action_interfaces/environment/library_path.sh
[9.678s] -- Symlinking: /home/mo/Thesis/install/action_interfaces/share/action_interfaces/environment/library_path.dsv
[9.689s] -- Symlinking: /home/mo/Thesis/install/action_interfaces/include/action_interfaces/action/detail/fibonacci__rosidl_typesupport_fastrtps_c.h
[9.698s] -- Symlinking: /home/mo/Thesis/install/action_interfaces/include/action_interfaces/action/detail/move_tcp_along_axis__rosidl_typesupport_fastrtps_c.h
[9.709s] -- Symlinking: /home/mo/Thesis/install/action_interfaces/include/action_interfaces/action/detail/transform_action__rosidl_typesupport_fastrtps_c.h
[9.718s] -- Symlinking: /home/mo/Thesis/install/action_interfaces/include/action_interfaces/msg/detail/bounding_box__rosidl_typesupport_fastrtps_c.h
[9.728s] -- Symlinking: /home/mo/Thesis/install/action_interfaces/include/action_interfaces/msg/detail/hook__rosidl_typesupport_fastrtps_c.h
[9.738s] -- Symlinking: /home/mo/Thesis/install/action_interfaces/include/action_interfaces/msg/detail/hook_data__rosidl_typesupport_fastrtps_c.h
[9.748s] -- Symlinking: /home/mo/Thesis/install/action_interfaces/include/action_interfaces/msg/detail/uv__rosidl_typesupport_fastrtps_c.h
[9.758s] -- Symlinking: /home/mo/Thesis/install/action_interfaces/include/action_interfaces/msg/rosidl_typesupport_fastrtps_c__visibility_control.h
[9.769s] -- Symlinking: /home/mo/Thesis/install/action_interfaces/lib/libaction_interfaces__rosidl_typesupport_fastrtps_c.so
[9.779s] -- Symlinking: /home/mo/Thesis/install/action_interfaces/include/action_interfaces/action/detail/fibonacci__rosidl_typesupport_fastrtps_cpp.hpp
[9.789s] -- Symlinking: /home/mo/Thesis/install/action_interfaces/include/action_interfaces/action/detail/move_tcp_along_axis__rosidl_typesupport_fastrtps_cpp.hpp
[9.798s] -- Symlinking: /home/mo/Thesis/install/action_interfaces/include/action_interfaces/action/detail/transform_action__rosidl_typesupport_fastrtps_cpp.hpp
[9.808s] -- Symlinking: /home/mo/Thesis/install/action_interfaces/include/action_interfaces/msg/detail/bounding_box__rosidl_typesupport_fastrtps_cpp.hpp
[9.817s] -- Symlinking: /home/mo/Thesis/install/action_interfaces/include/action_interfaces/msg/detail/hook__rosidl_typesupport_fastrtps_cpp.hpp
[9.827s] -- Symlinking: /home/mo/Thesis/install/action_interfaces/include/action_interfaces/msg/detail/hook_data__rosidl_typesupport_fastrtps_cpp.hpp
[9.838s] -- Symlinking: /home/mo/Thesis/install/action_interfaces/include/action_interfaces/msg/detail/uv__rosidl_typesupport_fastrtps_cpp.hpp
[9.848s] -- Symlinking: /home/mo/Thesis/install/action_interfaces/include/action_interfaces/msg/rosidl_typesupport_fastrtps_cpp__visibility_control.h
[9.860s] -- Symlinking: /home/mo/Thesis/install/action_interfaces/lib/libaction_interfaces__rosidl_typesupport_fastrtps_cpp.so
[9.870s] -- Symlinking: /home/mo/Thesis/install/action_interfaces/include/action_interfaces/action/detail/fibonacci__rosidl_typesupport_introspection_c.h
[9.880s] -- Symlinking: /home/mo/Thesis/install/action_interfaces/include/action_interfaces/action/detail/move_tcp_along_axis__rosidl_typesupport_introspection_c.h
[9.892s] -- Symlinking: /home/mo/Thesis/install/action_interfaces/include/action_interfaces/action/detail/transform_action__rosidl_typesupport_introspection_c.h
[9.902s] -- Symlinking: /home/mo/Thesis/install/action_interfaces/include/action_interfaces/msg/detail/bounding_box__rosidl_typesupport_introspection_c.h
[9.914s] -- Symlinking: /home/mo/Thesis/install/action_interfaces/include/action_interfaces/msg/detail/hook__rosidl_typesupport_introspection_c.h
[9.926s] -- Symlinking: /home/mo/Thesis/install/action_interfaces/include/action_interfaces/msg/detail/hook_data__rosidl_typesupport_introspection_c.h
[9.937s] -- Symlinking: /home/mo/Thesis/install/action_interfaces/include/action_interfaces/msg/detail/uv__rosidl_typesupport_introspection_c.h
[9.948s] -- Symlinking: /home/mo/Thesis/install/action_interfaces/include/action_interfaces/msg/rosidl_typesupport_introspection_c__visibility_control.h
[9.962s] -- Symlinking: /home/mo/Thesis/install/action_interfaces/include/action_interfaces/action/detail/fibonacci__builder.hpp
[9.973s] -- Symlinking: /home/mo/Thesis/install/action_interfaces/include/action_interfaces/action/detail/fibonacci__struct.hpp
[9.983s] -- Symlinking: /home/mo/Thesis/install/action_interfaces/include/action_interfaces/action/detail/fibonacci__traits.hpp
[9.994s] -- Symlinking: /home/mo/Thesis/install/action_interfaces/include/action_interfaces/action/detail/fibonacci__type_support.hpp
[10.003s] -- Symlinking: /home/mo/Thesis/install/action_interfaces/include/action_interfaces/action/detail/move_tcp_along_axis__builder.hpp
[10.014s] -- Symlinking: /home/mo/Thesis/install/action_interfaces/include/action_interfaces/action/detail/move_tcp_along_axis__struct.hpp
[10.025s] -- Symlinking: /home/mo/Thesis/install/action_interfaces/include/action_interfaces/action/detail/move_tcp_along_axis__traits.hpp
[10.036s] -- Symlinking: /home/mo/Thesis/install/action_interfaces/include/action_interfaces/action/detail/move_tcp_along_axis__type_support.hpp
[10.050s] -- Symlinking: /home/mo/Thesis/install/action_interfaces/include/action_interfaces/action/detail/transform_action__builder.hpp
[10.062s] -- Symlinking: /home/mo/Thesis/install/action_interfaces/include/action_interfaces/action/detail/transform_action__struct.hpp
[10.074s] -- Symlinking: /home/mo/Thesis/install/action_interfaces/include/action_interfaces/action/detail/transform_action__traits.hpp
[10.086s] -- Symlinking: /home/mo/Thesis/install/action_interfaces/include/action_interfaces/action/detail/transform_action__type_support.hpp
[10.097s] -- Symlinking: /home/mo/Thesis/install/action_interfaces/include/action_interfaces/action/fibonacci.hpp
[10.111s] -- Symlinking: /home/mo/Thesis/install/action_interfaces/include/action_interfaces/action/move_tcp_along_axis.hpp
[10.122s] -- Symlinking: /home/mo/Thesis/install/action_interfaces/include/action_interfaces/action/transform_action.hpp
[10.133s] -- Symlinking: /home/mo/Thesis/install/action_interfaces/include/action_interfaces/msg/bounding_box.hpp
[10.144s] -- Symlinking: /home/mo/Thesis/install/action_interfaces/include/action_interfaces/msg/detail/bounding_box__builder.hpp
[10.155s] -- Symlinking: /home/mo/Thesis/install/action_interfaces/include/action_interfaces/msg/detail/bounding_box__struct.hpp
[10.165s] -- Symlinking: /home/mo/Thesis/install/action_interfaces/include/action_interfaces/msg/detail/bounding_box__traits.hpp
[10.179s] -- Symlinking: /home/mo/Thesis/install/action_interfaces/include/action_interfaces/msg/detail/bounding_box__type_support.hpp
[10.191s] -- Symlinking: /home/mo/Thesis/install/action_interfaces/include/action_interfaces/msg/detail/hook__builder.hpp
[10.202s] -- Symlinking: /home/mo/Thesis/install/action_interfaces/include/action_interfaces/msg/detail/hook__struct.hpp
[10.215s] -- Symlinking: /home/mo/Thesis/install/action_interfaces/include/action_interfaces/msg/detail/hook__traits.hpp
[10.232s] -- Symlinking: /home/mo/Thesis/install/action_interfaces/include/action_interfaces/msg/detail/hook__type_support.hpp
[10.246s] -- Symlinking: /home/mo/Thesis/install/action_interfaces/include/action_interfaces/msg/detail/hook_data__builder.hpp
[10.259s] -- Symlinking: /home/mo/Thesis/install/action_interfaces/include/action_interfaces/msg/detail/hook_data__struct.hpp
[10.271s] -- Symlinking: /home/mo/Thesis/install/action_interfaces/include/action_interfaces/msg/detail/hook_data__traits.hpp
[10.282s] -- Symlinking: /home/mo/Thesis/install/action_interfaces/include/action_interfaces/msg/detail/hook_data__type_support.hpp
[10.293s] -- Symlinking: /home/mo/Thesis/install/action_interfaces/include/action_interfaces/msg/detail/uv__builder.hpp
[10.305s] -- Symlinking: /home/mo/Thesis/install/action_interfaces/include/action_interfaces/msg/detail/uv__struct.hpp
[10.315s] -- Symlinking: /home/mo/Thesis/install/action_interfaces/include/action_interfaces/msg/detail/uv__traits.hpp
[10.325s] -- Symlinking: /home/mo/Thesis/install/action_interfaces/include/action_interfaces/msg/detail/uv__type_support.hpp
[10.335s] -- Symlinking: /home/mo/Thesis/install/action_interfaces/include/action_interfaces/msg/hook.hpp
[10.344s] -- Symlinking: /home/mo/Thesis/install/action_interfaces/include/action_interfaces/msg/hook_data.hpp
[10.356s] -- Symlinking: /home/mo/Thesis/install/action_interfaces/include/action_interfaces/msg/rosidl_generator_cpp__visibility_control.hpp
[10.366s] -- Symlinking: /home/mo/Thesis/install/action_interfaces/include/action_interfaces/msg/uv.hpp
[10.378s] -- Symlinking: /home/mo/Thesis/install/action_interfaces/include/action_interfaces/action/detail/fibonacci__rosidl_typesupport_introspection_cpp.hpp
[10.391s] -- Symlinking: /home/mo/Thesis/install/action_interfaces/include/action_interfaces/action/detail/move_tcp_along_axis__rosidl_typesupport_introspection_cpp.hpp
[10.403s] -- Symlinking: /home/mo/Thesis/install/action_interfaces/include/action_interfaces/action/detail/transform_action__rosidl_typesupport_introspection_cpp.hpp
[10.417s] -- Symlinking: /home/mo/Thesis/install/action_interfaces/include/action_interfaces/msg/detail/bounding_box__rosidl_typesupport_introspection_cpp.hpp
[10.429s] -- Symlinking: /home/mo/Thesis/install/action_interfaces/include/action_interfaces/msg/detail/hook__rosidl_typesupport_introspection_cpp.hpp
[10.442s] -- Symlinking: /home/mo/Thesis/install/action_interfaces/include/action_interfaces/msg/detail/hook_data__rosidl_typesupport_introspection_cpp.hpp
[10.458s] -- Symlinking: /home/mo/Thesis/install/action_interfaces/include/action_interfaces/msg/detail/uv__rosidl_typesupport_introspection_cpp.hpp
[10.473s] -- Symlinking: /home/mo/Thesis/install/action_interfaces/share/action_interfaces/environment/pythonpath.sh
[10.488s] -- Symlinking: /home/mo/Thesis/install/action_interfaces/share/action_interfaces/environment/pythonpath.dsv
[10.502s] -- Symlinking: /home/mo/Thesis/install/action_interfaces/lib/python3.8/site-packages/action_interfaces/__init__.py
[10.518s] -- Symlinking: /home/mo/Thesis/install/action_interfaces/lib/python3.8/site-packages/action_interfaces/action/__init__.py
[10.534s] -- Symlinking: /home/mo/Thesis/install/action_interfaces/lib/python3.8/site-packages/action_interfaces/action/_fibonacci.py
[10.548s] -- Symlinking: /home/mo/Thesis/install/action_interfaces/lib/python3.8/site-packages/action_interfaces/action/_move_tcp_along_axis.py
[10.565s] -- Symlinking: /home/mo/Thesis/install/action_interfaces/lib/python3.8/site-packages/action_interfaces/action/_transform_action.py
[10.582s] -- Symlinking: /home/mo/Thesis/install/action_interfaces/lib/python3.8/site-packages/action_interfaces/msg/__init__.py
[10.593s] -- Symlinking: /home/mo/Thesis/install/action_interfaces/lib/python3.8/site-packages/action_interfaces/msg/_bounding_box.py
[10.603s] -- Symlinking: /home/mo/Thesis/install/action_interfaces/lib/python3.8/site-packages/action_interfaces/msg/_hook.py
[10.613s] -- Symlinking: /home/mo/Thesis/install/action_interfaces/lib/python3.8/site-packages/action_interfaces/msg/_hook_data.py
[10.624s] -- Symlinking: /home/mo/Thesis/install/action_interfaces/lib/python3.8/site-packages/action_interfaces/msg/_uv.py
[10.635s] -- Symlinking: /home/mo/Thesis/install/action_interfaces/lib/python3.8/site-packages/action_interfaces/action_interfaces_s__rosidl_typesupport_fastrtps_c.cpython-38-x86_64-linux-gnu.so
[10.647s] -- Symlinking: /home/mo/Thesis/install/action_interfaces/lib/python3.8/site-packages/action_interfaces/action_interfaces_s__rosidl_typesupport_introspection_c.cpython-38-x86_64-linux-gnu.so
[10.659s] -- Symlinking: /home/mo/Thesis/install/action_interfaces/lib/python3.8/site-packages/action_interfaces/action_interfaces_s__rosidl_typesupport_c.cpython-38-x86_64-linux-gnu.so
[10.669s] -- Symlinking: /home/mo/Thesis/install/action_interfaces/lib/libaction_interfaces__python.so
[10.682s] -- Symlinking: /home/mo/Thesis/install/action_interfaces/share/action_interfaces/action/Fibonacci.idl
[10.695s] -- Symlinking: /home/mo/Thesis/install/action_interfaces/share/action_interfaces/action/MoveTcpAlongAxis.idl
[10.708s] -- Symlinking: /home/mo/Thesis/install/action_interfaces/share/action_interfaces/action/TransformAction.idl
[10.719s] -- Symlinking: /home/mo/Thesis/install/action_interfaces/share/action_interfaces/msg/BoundingBox.idl
[10.731s] -- Symlinking: /home/mo/Thesis/install/action_interfaces/share/action_interfaces/msg/Hook.idl
[10.745s] -- Symlinking: /home/mo/Thesis/install/action_interfaces/share/action_interfaces/msg/HookData.idl
[10.756s] -- Symlinking: /home/mo/Thesis/install/action_interfaces/share/action_interfaces/msg/UV.idl
[10.769s] -- Symlinking: /home/mo/Thesis/install/action_interfaces/share/action_interfaces/action/Fibonacci.action
[10.782s] -- Symlinking: /home/mo/Thesis/install/action_interfaces/share/action_interfaces/action/MoveTcpAlongAxis.action
[10.795s] -- Symlinking: /home/mo/Thesis/install/action_interfaces/share/action_interfaces/action/TransformAction.action
[10.806s] -- Symlinking: /home/mo/Thesis/install/action_interfaces/share/action_interfaces/msg/BoundingBox.msg
[10.819s] -- Symlinking: /home/mo/Thesis/install/action_interfaces/share/action_interfaces/msg/Hook.msg
[10.831s] -- Symlinking: /home/mo/Thesis/install/action_interfaces/share/action_interfaces/msg/HookData.msg
[10.846s] -- Symlinking: /home/mo/Thesis/install/action_interfaces/share/action_interfaces/msg/UV.msg
[10.862s] -- Symlinking: /home/mo/Thesis/install/action_interfaces/share/ament_index/resource_index/package_run_dependencies/action_interfaces
[10.874s] -- Symlinking: /home/mo/Thesis/install/action_interfaces/share/ament_index/resource_index/parent_prefix_path/action_interfaces
[10.887s] -- Symlinking: /home/mo/Thesis/install/action_interfaces/share/action_interfaces/environment/ament_prefix_path.sh
[10.898s] -- Symlinking: /home/mo/Thesis/install/action_interfaces/share/action_interfaces/environment/ament_prefix_path.dsv
[10.910s] -- Symlinking: /home/mo/Thesis/install/action_interfaces/share/action_interfaces/environment/path.sh
[10.920s] -- Symlinking: /home/mo/Thesis/install/action_interfaces/share/action_interfaces/environment/path.dsv
[10.931s] -- Symlinking: /home/mo/Thesis/install/action_interfaces/share/action_interfaces/local_setup.bash
[10.944s] -- Symlinking: /home/mo/Thesis/install/action_interfaces/share/action_interfaces/local_setup.sh
[10.954s] -- Symlinking: /home/mo/Thesis/install/action_interfaces/share/action_interfaces/local_setup.zsh
[10.964s] -- Symlinking: /home/mo/Thesis/install/action_interfaces/share/action_interfaces/local_setup.dsv
[10.975s] -- Symlinking: /home/mo/Thesis/install/action_interfaces/share/action_interfaces/package.dsv
[10.987s] -- Symlinking: /home/mo/Thesis/install/action_interfaces/share/ament_index/resource_index/packages/action_interfaces
[10.999s] -- Symlinking: /home/mo/Thesis/install/action_interfaces/share/action_interfaces/cmake/rosidl_cmake-extras.cmake
[11.009s] -- Symlinking: /home/mo/Thesis/install/action_interfaces/share/action_interfaces/cmake/ament_cmake_export_dependencies-extras.cmake
[11.022s] -- Symlinking: /home/mo/Thesis/install/action_interfaces/share/action_interfaces/cmake/ament_cmake_export_libraries-extras.cmake
[11.034s] -- Symlinking: /home/mo/Thesis/install/action_interfaces/share/action_interfaces/cmake/ament_cmake_export_targets-extras.cmake
[11.044s] -- Symlinking: /home/mo/Thesis/install/action_interfaces/share/action_interfaces/cmake/ament_cmake_export_include_directories-extras.cmake
[11.056s] -- Symlinking: /home/mo/Thesis/install/action_interfaces/share/action_interfaces/cmake/rosidl_cmake_export_typesupport_libraries-extras.cmake
[11.067s] -- Symlinking: /home/mo/Thesis/install/action_interfaces/share/action_interfaces/cmake/rosidl_cmake_export_typesupport_targets-extras.cmake
[11.077s] -- Symlinking: /home/mo/Thesis/install/action_interfaces/share/action_interfaces/cmake/action_interfacesConfig.cmake
[11.088s] -- Symlinking: /home/mo/Thesis/install/action_interfaces/share/action_interfaces/cmake/action_interfacesConfig-version.cmake
[11.098s] -- Symlinking: /home/mo/Thesis/install/action_interfaces/share/action_interfaces/package.xml
[11.110s] -- Installing: /home/mo/Thesis/install/action_interfaces/lib/libaction_interfaces__rosidl_generator_c.so
[11.111s] -- Set runtime path of "/home/mo/Thesis/install/action_interfaces/lib/libaction_interfaces__rosidl_generator_c.so" to ""
[11.111s] -- Installing: /home/mo/Thesis/install/action_interfaces/lib/libaction_interfaces__rosidl_typesupport_introspection_c.so
[11.111s] -- Set runtime path of "/home/mo/Thesis/install/action_interfaces/lib/libaction_interfaces__rosidl_typesupport_introspection_c.so" to ""
[11.112s] -- Installing: /home/mo/Thesis/install/action_interfaces/lib/libaction_interfaces__rosidl_typesupport_c.so
[11.112s] -- Set runtime path of "/home/mo/Thesis/install/action_interfaces/lib/libaction_interfaces__rosidl_typesupport_c.so" to ""
[11.112s] -- Installing: /home/mo/Thesis/install/action_interfaces/lib/libaction_interfaces__rosidl_typesupport_introspection_cpp.so
[11.114s] -- Set runtime path of "/home/mo/Thesis/install/action_interfaces/lib/libaction_interfaces__rosidl_typesupport_introspection_cpp.so" to ""
[11.114s] -- Installing: /home/mo/Thesis/install/action_interfaces/lib/libaction_interfaces__rosidl_typesupport_cpp.so
[11.115s] -- Set runtime path of "/home/mo/Thesis/install/action_interfaces/lib/libaction_interfaces__rosidl_typesupport_cpp.so" to ""
[11.148s] Compiling '/home/mo/Thesis/install/action_interfaces/lib/python3.8/site-packages/action_interfaces/__init__.py'...
[11.153s] -- Installing: /home/mo/Thesis/install/action_interfaces/share/action_interfaces/cmake/action_interfaces__rosidl_generator_cExport.cmake
[11.154s] -- Installing: /home/mo/Thesis/install/action_interfaces/share/action_interfaces/cmake/action_interfaces__rosidl_generator_cExport-noconfig.cmake
[11.154s] -- Installing: /home/mo/Thesis/install/action_interfaces/share/action_interfaces/cmake/action_interfaces__rosidl_typesupport_introspection_cExport.cmake
[11.154s] -- Installing: /home/mo/Thesis/install/action_interfaces/share/action_interfaces/cmake/action_interfaces__rosidl_typesupport_introspection_cExport-noconfig.cmake
[11.154s] -- Installing: /home/mo/Thesis/install/action_interfaces/share/action_interfaces/cmake/action_interfaces__rosidl_typesupport_cExport.cmake
[11.154s] -- Installing: /home/mo/Thesis/install/action_interfaces/share/action_interfaces/cmake/action_interfaces__rosidl_typesupport_cExport-noconfig.cmake
[11.154s] -- Installing: /home/mo/Thesis/install/action_interfaces/share/action_interfaces/cmake/action_interfaces__rosidl_generator_cppExport.cmake
[11.155s] -- Installing: /home/mo/Thesis/install/action_interfaces/share/action_interfaces/cmake/action_interfaces__rosidl_typesupport_introspection_cppExport.cmake
[11.155s] -- Installing: /home/mo/Thesis/install/action_interfaces/share/action_interfaces/cmake/action_interfaces__rosidl_typesupport_introspection_cppExport-noconfig.cmake
[11.155s] -- Installing: /home/mo/Thesis/install/action_interfaces/share/action_interfaces/cmake/action_interfaces__rosidl_typesupport_cppExport.cmake
[11.155s] -- Installing: /home/mo/Thesis/install/action_interfaces/share/action_interfaces/cmake/action_interfaces__rosidl_typesupport_cppExport-noconfig.cmake
[11.159s] Invoked command in '/home/mo/Thesis/build/action_interfaces' returned '0': CMAKE_PREFIX_PATH=${CMAKE_PREFIX_PATH}:/home/mo/Thesis/install/vision:/home/mo/Thesis/install/vcnanoz:/home/mo/Thesis/install/sensopart_visor:/home/mo/Thesis/install/robot_control:/home/mo/Thesis/install/kr_example_python:/home/mo/Thesis/install/action_servers:/opt/ros/foxy /usr/bin/cmake --install /home/mo/Thesis/build/action_interfaces
