[0.301s] Invoking command in '/home/vboxuser/ros2_ws/build/groot': CMAKE_PREFIX_PATH=${CMAKE_PREFIX_PATH}:/home/vboxuser/ros2_ws/install/vision:/home/vboxuser/ros2_ws/install/robot_control:/home/vboxuser/ros2_ws/install/kr_example_python:/home/vboxuser/ros2_ws/install/bt_pkg:/home/vboxuser/ros2_ws/install/action_pkg:/opt/ros/foxy /usr/bin/cmake --build /home/vboxuser/ros2_ws/build/groot -- -j8 -l8
[1.361s] [  1%] [34m[1mAutomatic MOC and UIC for target QtNodeEditor[0m
[1.361s] [  1%] Built target QtNodeEditor_autogen
[1.361s] [  4%] [32mBuilding CXX object QtNodeEditor/CMakeFiles/QtNodeEditor.dir/src/FlowView.cpp.o[0m
[1.362s] [  4%] [32mBuilding CXX object QtNodeEditor/CMakeFiles/QtNodeEditor.dir/src/NodeGraphicsObject.cpp.o[0m
[1.362s] [  4%] [32mBuilding CXX object QtNodeEditor/CMakeFiles/QtNodeEditor.dir/src/NodePainter.cpp.o[0m
[1.363s] [  5%] [32mBuilding CXX object QtNodeEditor/CMakeFiles/QtNodeEditor.dir/src/NodeStyle.cpp.o[0m
[1.363s] [  5%] [32mBuilding CXX object QtNodeEditor/CMakeFiles/QtNodeEditor.dir/src/NodeState.cpp.o[0m
[1.363s] [  6%] [32mBuilding CXX object QtNodeEditor/CMakeFiles/QtNodeEditor.dir/src/Properties.cpp.o[0m
[1.364s] [  6%] [32mBuilding CXX object QtNodeEditor/CMakeFiles/QtNodeEditor.dir/src/StyleCollection.cpp.o[0m
[1.364s] [  7%] [32mBuilding CXX object QtNodeEditor/CMakeFiles/QtNodeEditor.dir/qrc_resources.cpp.o[0m
[1.398s] [  8%] [32mBuilding CXX object QtNodeEditor/CMakeFiles/QtNodeEditor.dir/include/nodes/internal/moc_Compiler.cpp.o[0m
[1.416s] [  9%] [32mBuilding CXX object QtNodeEditor/CMakeFiles/QtNodeEditor.dir/include/nodes/internal/moc_Connection.cpp.o[0m
[1.584s] [  9%] [32mBuilding CXX object QtNodeEditor/CMakeFiles/QtNodeEditor.dir/include/nodes/internal/moc_ConnectionGeometry.cpp.o[0m
[1.646s] [ 10%] [32mBuilding CXX object QtNodeEditor/CMakeFiles/QtNodeEditor.dir/include/nodes/internal/moc_ConnectionGraphicsObject.cpp.o[0m
[1.960s] [ 10%] [32mBuilding CXX object QtNodeEditor/CMakeFiles/QtNodeEditor.dir/include/nodes/internal/moc_ConnectionStyle.cpp.o[0m
[2.118s] [ 11%] [32mBuilding CXX object QtNodeEditor/CMakeFiles/QtNodeEditor.dir/include/nodes/internal/moc_ConnectionState.cpp.o[0m
[2.354s] [ 12%] [32mBuilding CXX object QtNodeEditor/CMakeFiles/QtNodeEditor.dir/include/nodes/internal/moc_DataModelRegistry.cpp.o[0m
[2.395s] [ 13%] [32mBuilding CXX object QtNodeEditor/CMakeFiles/QtNodeEditor.dir/include/nodes/internal/moc_Export.cpp.o[0m
[2.424s] [ 14%] [32mBuilding CXX object QtNodeEditor/CMakeFiles/QtNodeEditor.dir/include/nodes/internal/moc_FlowScene.cpp.o[0m
[2.464s] [ 15%] [32mBuilding CXX object QtNodeEditor/CMakeFiles/QtNodeEditor.dir/include/nodes/internal/moc_FlowViewStyle.cpp.o[0m
[2.478s] [ 15%] [32mBuilding CXX object QtNodeEditor/CMakeFiles/QtNodeEditor.dir/include/nodes/internal/moc_FlowView.cpp.o[0m
[2.494s] [ 16%] [32mBuilding CXX object QtNodeEditor/CMakeFiles/QtNodeEditor.dir/include/nodes/internal/moc_Node.cpp.o[0m
[2.698s] [ 16%] [32mBuilding CXX object QtNodeEditor/CMakeFiles/QtNodeEditor.dir/include/nodes/internal/moc_NodeData.cpp.o[0m
[2.743s] [ 17%] [32mBuilding CXX object QtNodeEditor/CMakeFiles/QtNodeEditor.dir/include/nodes/internal/moc_NodeDataModel.cpp.o[0m
[3.496s] [ 18%] [32mBuilding CXX object QtNodeEditor/CMakeFiles/QtNodeEditor.dir/include/nodes/internal/moc_NodeGeometry.cpp.o[0m
[3.812s] [ 19%] [32mBuilding CXX object QtNodeEditor/CMakeFiles/QtNodeEditor.dir/include/nodes/internal/moc_NodeGraphicsObject.cpp.o[0m
[3.898s] [ 19%] [32mBuilding CXX object QtNodeEditor/CMakeFiles/QtNodeEditor.dir/include/nodes/internal/moc_NodePainterDelegate.cpp.o[0m
[3.981s] [ 20%] [32mBuilding CXX object QtNodeEditor/CMakeFiles/QtNodeEditor.dir/include/nodes/internal/moc_NodeState.cpp.o[0m
[4.121s] [ 20%] [32mBuilding CXX object QtNodeEditor/CMakeFiles/QtNodeEditor.dir/include/nodes/internal/moc_OperatingSystem.cpp.o[0m
[4.125s] [ 21%] [32mBuilding CXX object QtNodeEditor/CMakeFiles/QtNodeEditor.dir/include/nodes/internal/moc_NodeStyle.cpp.o[0m
[4.134s] [ 22%] [32mBuilding CXX object QtNodeEditor/CMakeFiles/QtNodeEditor.dir/include/nodes/internal/moc_PortType.cpp.o[0m
[4.134s] [ 23%] [32mBuilding CXX object QtNodeEditor/CMakeFiles/QtNodeEditor.dir/include/nodes/internal/moc_QStringStdHash.cpp.o[0m
[4.206s] [ 24%] [32mBuilding CXX object QtNodeEditor/CMakeFiles/QtNodeEditor.dir/include/nodes/internal/moc_QUuidStdHash.cpp.o[0m
[4.231s] [ 24%] [32mBuilding CXX object QtNodeEditor/CMakeFiles/QtNodeEditor.dir/include/nodes/internal/moc_Serializable.cpp.o[0m
[4.304s] [ 25%] [32mBuilding CXX object QtNodeEditor/CMakeFiles/QtNodeEditor.dir/include/nodes/internal/moc_TypeConverter.cpp.o[0m
[4.306s] [ 25%] [32mBuilding CXX object QtNodeEditor/CMakeFiles/QtNodeEditor.dir/include/nodes/internal/moc_memory.cpp.o[0m
[4.351s] [ 26%] [32mBuilding CXX object QtNodeEditor/CMakeFiles/QtNodeEditor.dir/include/nodes/internal/moc_Style.cpp.o[0m
[5.118s] [ 27%] [32m[1mLinking CXX static library ../lib/libQtNodeEditor.a[0m
[5.222s] [ 57%] Built target QtNodeEditor
[5.234s] [35m[1mScanning dependencies of target behavior_tree_editor_autogen[0m
[5.249s] [ 58%] [34m[1mAutomatic MOC and UIC for target behavior_tree_editor[0m
[5.631s] [ 58%] Built target behavior_tree_editor_autogen
[5.645s] [ 59%] [34m[1mGenerating ui_sidepanel_monitor.h[0m
[5.645s] [ 59%] [34m[1mGenerating ui_mainwindow.h[0m
[5.646s] [ 60%] [34m[1mGenerating ui_about_dialog.h[0m
[5.646s] [ 61%] [34m[1mGenerating ui_sidepanel_editor.h[0m
[5.651s] [ 62%] [34m[1mGenerating ui_action_form.h[0m
[5.657s] [ 64%] [34m[1mGenerating ui_custom_node_dialog.h[0m
[5.657s] [ 64%] [34m[1mGenerating ui_startup_dialog.h[0m
[5.657s] [ 64%] [34m[1mGenerating ui_sidepanel_replay.h[0m
[5.680s] [35m[1mScanning dependencies of target behavior_tree_editor[0m
[5.864s] [ 64%] [32mBuilding CXX object CMakeFiles/behavior_tree_editor.dir/behavior_tree_editor_autogen/mocs_compilation.cpp.o[0m
[5.865s] [ 65%] [32mBuilding CXX object CMakeFiles/behavior_tree_editor.dir/bt_editor/models/SubtreeNodeModel.cpp.o[0m
[5.867s] [ 66%] [32mBuilding CXX object CMakeFiles/behavior_tree_editor.dir/bt_editor/models/BehaviorTreeNodeModel.cpp.o[0m
[5.879s] [ 67%] [32mBuilding CXX object CMakeFiles/behavior_tree_editor.dir/bt_editor/utils.cpp.o[0m
[5.883s] [ 68%] [32mBuilding CXX object CMakeFiles/behavior_tree_editor.dir/bt_editor/editor_flowscene.cpp.o[0m
[5.886s] [ 68%] [32mBuilding CXX object CMakeFiles/behavior_tree_editor.dir/bt_editor/mainwindow.cpp.o[0m
[5.994s] [ 68%] [32mBuilding CXX object CMakeFiles/behavior_tree_editor.dir/bt_editor/graphic_container.cpp.o[0m
[5.997s] [ 69%] [32mBuilding CXX object CMakeFiles/behavior_tree_editor.dir/bt_editor/bt_editor_base.cpp.o[0m
[9.556s] [ 70%] [32mBuilding CXX object CMakeFiles/behavior_tree_editor.dir/bt_editor/startup_dialog.cpp.o[0m
[9.630s] [ 71%] [32mBuilding CXX object CMakeFiles/behavior_tree_editor.dir/bt_editor/sidepanel_editor.cpp.o[0m
[10.211s] [ 71%] [32mBuilding CXX object CMakeFiles/behavior_tree_editor.dir/bt_editor/sidepanel_replay.cpp.o[0m
[10.812s] [ 72%] [32mBuilding CXX object CMakeFiles/behavior_tree_editor.dir/bt_editor/custom_node_dialog.cpp.o[0m
[11.530s] [ 73%] [32mBuilding CXX object CMakeFiles/behavior_tree_editor.dir/bt_editor/XML_utilities.cpp.o[0m
[12.562s] [ 74%] [32mBuilding CXX object CMakeFiles/behavior_tree_editor.dir/bt_editor/sidepanel_monitor.cpp.o[0m
[16.864s] [ 74%] [32m[1mLinking CXX shared library libbehavior_tree_editor.so[0m
[17.757s] [ 74%] Built target behavior_tree_editor
[17.775s] [35m[1mScanning dependencies of target replay_test_autogen[0m
[17.787s] [35m[1mScanning dependencies of target Groot_autogen[0m
[17.797s] [35m[1mScanning dependencies of target editor_test_autogen[0m
[17.849s] [ 75%] [34m[1mAutomatic MOC and UIC for target replay_test[0m
[17.854s] [ 76%] [34m[1mAutomatic MOC and UIC for target Groot[0m
[17.876s] [ 76%] [34m[1mAutomatic MOC and UIC for target editor_test[0m
[17.975s] [ 76%] Built target Groot_autogen
[18.077s] [ 77%] [34m[1mAutomatic RCC for test_data/test_files.qrc[0m
[18.077s] [ 77%] [34m[1mAutomatic RCC for bt_editor/resources/icons.qrc[0m
[18.155s] [ 78%] [34m[1mAutomatic RCC for bt_editor/resources/style.qrc[0m
[18.394s] [35m[1mScanning dependencies of target Groot[0m
[18.665s] [ 79%] [32mBuilding CXX object CMakeFiles/Groot.dir/bt_editor/main.cpp.o[0m
[18.681s] [ 79%] [32mBuilding CXX object CMakeFiles/Groot.dir/Groot_autogen/mocs_compilation.cpp.o[0m
[18.683s] [ 79%] Built target replay_test_autogen
[18.710s] [ 80%] [32mBuilding CXX object CMakeFiles/Groot.dir/Groot_autogen/OQ4J2MLGYJ/qrc_icons.cpp.o[0m
[18.749s] [ 81%] [34m[1mAutomatic RCC for ../QtNodeEditor/resources/resources.qrc[0m
[18.751s] [ 82%] [32mBuilding CXX object CMakeFiles/Groot.dir/Groot_autogen/OQ4J2MLGYJ/qrc_style.cpp.o[0m
[18.753s] [ 83%] [34m[1mAutomatic RCC for ../bt_editor/resources/icons.qrc[0m
[18.757s] [ 84%] [34m[1mAutomatic RCC for ../test_data/test_files.qrc[0m
[18.835s] [ 84%] [32mBuilding CXX object CMakeFiles/Groot.dir/Groot_autogen/NYYW7IJ2JN/qrc_test_files.cpp.o[0m
[18.840s] [ 84%] [34m[1mAutomatic RCC for ../bt_editor/resources/style.qrc[0m
[19.016s] [ 84%] Built target editor_test_autogen
[19.018s] [35m[1mScanning dependencies of target replay_test[0m
[19.068s] [ 85%] [34m[1mAutomatic RCC for ../test_data/test_files.qrc[0m
[19.092s] [ 86%] [34m[1mAutomatic RCC for ../QtNodeEditor/resources/resources.qrc[0m
[19.121s] [ 86%] [34m[1mAutomatic RCC for ../bt_editor/resources/icons.qrc[0m
[19.138s] [ 87%] [34m[1mAutomatic RCC for ../bt_editor/resources/style.qrc[0m
[19.252s] [35m[1mScanning dependencies of target editor_test[0m
[19.445s] [ 88%] [32mBuilding CXX object test/CMakeFiles/editor_test.dir/editor_test_autogen/mocs_compilation.cpp.o[0m
[19.471s] [ 88%] [32mBuilding CXX object test/CMakeFiles/editor_test.dir/editor_test.cpp.o[0m
[19.487s] [ 89%] [32mBuilding CXX object test/CMakeFiles/editor_test.dir/editor_test_autogen/EB4OVBCXLB/qrc_resources.cpp.o[0m
[19.510s] [ 89%] [32mBuilding CXX object test/CMakeFiles/editor_test.dir/editor_test_autogen/K3L5NHU5SO/qrc_icons.cpp.o[0m
[19.521s] [ 90%] [32mBuilding CXX object test/CMakeFiles/editor_test.dir/groot_test_base.cpp.o[0m
[19.542s] [ 91%] [32mBuilding CXX object test/CMakeFiles/replay_test.dir/replay_test_autogen/mocs_compilation.cpp.o[0m
[19.705s] [ 92%] [32mBuilding CXX object test/CMakeFiles/editor_test.dir/editor_test_autogen/K3L5NHU5SO/qrc_style.cpp.o[0m
[20.125s] [ 93%] [32mBuilding CXX object test/CMakeFiles/editor_test.dir/editor_test_autogen/4L4FNCFPKD/qrc_test_files.cpp.o[0m
[20.192s] [ 94%] [32mBuilding CXX object test/CMakeFiles/replay_test.dir/replay_test.cpp.o[0m
[20.285s] [ 94%] [32mBuilding CXX object test/CMakeFiles/replay_test.dir/groot_test_base.cpp.o[0m
[20.970s] [ 95%] [32mBuilding CXX object test/CMakeFiles/replay_test.dir/replay_test_autogen/EB4OVBCXLB/qrc_resources.cpp.o[0m
[21.354s] [ 96%] [32mBuilding CXX object test/CMakeFiles/replay_test.dir/replay_test_autogen/K3L5NHU5SO/qrc_icons.cpp.o[0m
[23.539s] [ 96%] [32mBuilding CXX object test/CMakeFiles/replay_test.dir/replay_test_autogen/K3L5NHU5SO/qrc_style.cpp.o[0m
[24.231s] [ 97%] [32m[1mLinking CXX executable Groot[0m
[24.525s] [ 98%] [32mBuilding CXX object test/CMakeFiles/replay_test.dir/replay_test_autogen/4L4FNCFPKD/qrc_test_files.cpp.o[0m
[25.451s] [ 98%] Built target Groot
[27.143s] [ 99%] [32m[1mLinking CXX executable editor_test[0m
[27.448s] [100%] [32m[1mLinking CXX executable replay_test[0m
[28.243s] [100%] Built target editor_test
[28.423s] [100%] Built target replay_test
[28.484s] Invoked command in '/home/vboxuser/ros2_ws/build/groot' returned '0': CMAKE_PREFIX_PATH=${CMAKE_PREFIX_PATH}:/home/vboxuser/ros2_ws/install/vision:/home/vboxuser/ros2_ws/install/robot_control:/home/vboxuser/ros2_ws/install/kr_example_python:/home/vboxuser/ros2_ws/install/bt_pkg:/home/vboxuser/ros2_ws/install/action_pkg:/opt/ros/foxy /usr/bin/cmake --build /home/vboxuser/ros2_ws/build/groot -- -j8 -l8
[29.716s] Invoking command in '/home/vboxuser/ros2_ws/build/groot': CMAKE_PREFIX_PATH=${CMAKE_PREFIX_PATH}:/home/vboxuser/ros2_ws/install/vision:/home/vboxuser/ros2_ws/install/robot_control:/home/vboxuser/ros2_ws/install/kr_example_python:/home/vboxuser/ros2_ws/install/bt_pkg:/home/vboxuser/ros2_ws/install/action_pkg:/opt/ros/foxy /usr/bin/cmake --install /home/vboxuser/ros2_ws/build/groot
[29.730s] -- Install configuration: ""
[29.730s] -- Installing: /home/vboxuser/ros2_ws/install/groot/lib/libbehavior_tree_editor.so
[29.793s] -- Set runtime path of "/home/vboxuser/ros2_ws/install/groot/lib/libbehavior_tree_editor.so" to ""
[29.794s] -- Installing: /home/vboxuser/ros2_ws/install/groot/lib/groot/Groot
[29.804s] -- Set runtime path of "/home/vboxuser/ros2_ws/install/groot/lib/groot/Groot" to ""
[29.804s] -- Installing: /home/vboxuser/ros2_ws/install/groot/share/groot/environment/library_path.sh
[29.805s] -- Installing: /home/vboxuser/ros2_ws/install/groot/share/groot/environment/library_path.dsv
[29.806s] -- Installing: /home/vboxuser/ros2_ws/install/groot/share/ament_index/resource_index/package_run_dependencies/groot
[29.806s] -- Installing: /home/vboxuser/ros2_ws/install/groot/share/ament_index/resource_index/parent_prefix_path/groot
[29.807s] -- Installing: /home/vboxuser/ros2_ws/install/groot/share/groot/environment/ament_prefix_path.sh
[29.808s] -- Installing: /home/vboxuser/ros2_ws/install/groot/share/groot/environment/ament_prefix_path.dsv
[29.808s] -- Installing: /home/vboxuser/ros2_ws/install/groot/share/groot/environment/path.sh
[29.809s] -- Installing: /home/vboxuser/ros2_ws/install/groot/share/groot/environment/path.dsv
[29.809s] -- Installing: /home/vboxuser/ros2_ws/install/groot/share/groot/local_setup.bash
[29.810s] -- Installing: /home/vboxuser/ros2_ws/install/groot/share/groot/local_setup.sh
[29.811s] -- Installing: /home/vboxuser/ros2_ws/install/groot/share/groot/local_setup.zsh
[29.811s] -- Installing: /home/vboxuser/ros2_ws/install/groot/share/groot/local_setup.dsv
[29.812s] -- Installing: /home/vboxuser/ros2_ws/install/groot/share/groot/package.dsv
[29.812s] -- Installing: /home/vboxuser/ros2_ws/install/groot/share/ament_index/resource_index/packages/groot
[29.813s] -- Installing: /home/vboxuser/ros2_ws/install/groot/share/groot/cmake/ament_cmake_export_include_directories-extras.cmake
[29.814s] -- Installing: /home/vboxuser/ros2_ws/install/groot/share/groot/cmake/ament_cmake_export_dependencies-extras.cmake
[29.814s] -- Installing: /home/vboxuser/ros2_ws/install/groot/share/groot/cmake/ament_cmake_export_libraries-extras.cmake
[29.815s] -- Installing: /home/vboxuser/ros2_ws/install/groot/share/groot/cmake/grootConfig.cmake
[29.816s] -- Installing: /home/vboxuser/ros2_ws/install/groot/share/groot/cmake/grootConfig-version.cmake
[29.816s] -- Installing: /home/vboxuser/ros2_ws/install/groot/share/groot/package.xml
[29.820s] Invoked command in '/home/vboxuser/ros2_ws/build/groot' returned '0': CMAKE_PREFIX_PATH=${CMAKE_PREFIX_PATH}:/home/vboxuser/ros2_ws/install/vision:/home/vboxuser/ros2_ws/install/robot_control:/home/vboxuser/ros2_ws/install/kr_example_python:/home/vboxuser/ros2_ws/install/bt_pkg:/home/vboxuser/ros2_ws/install/action_pkg:/opt/ros/foxy /usr/bin/cmake --install /home/vboxuser/ros2_ws/build/groot
