[1.113s] Invoking command in '/home/vboxuser/ros2_ws/src/robot_control': PYTHONPATH=/home/vboxuser/ros2_ws/build/robot_control/prefix_override:/usr/lib/python3/dist-packages/colcon_core/task/python/colcon_distutils_commands:/home/vboxuser/ros2_ws/install/robot_control/lib/python3.8/site-packages:${PYTHONPATH} /usr/bin/python3 -W ignore:setup.py install is deprecated setup.py egg_info --egg-base ../../build/robot_control build --build-base /home/vboxuser/ros2_ws/build/robot_control/build install --record /home/vboxuser/ros2_ws/build/robot_control/install.log --install-scripts $base/lib/robot_control --single-version-externally-managed install_data
[1.360s] running egg_info
[1.360s] writing ../../build/robot_control/robot_control.egg-info/PKG-INFO
[1.363s] writing dependency_links to ../../build/robot_control/robot_control.egg-info/dependency_links.txt
[1.363s] writing entry points to ../../build/robot_control/robot_control.egg-info/entry_points.txt
[1.363s] writing requirements to ../../build/robot_control/robot_control.egg-info/requires.txt
[1.364s] writing top-level names to ../../build/robot_control/robot_control.egg-info/top_level.txt
[1.401s] reading manifest file '../../build/robot_control/robot_control.egg-info/SOURCES.txt'
[1.408s] writing manifest file '../../build/robot_control/robot_control.egg-info/SOURCES.txt'
[1.432s] running build
[1.432s] running build_py
[1.433s] copying robot_control/hello_node.py -> /home/vboxuser/ros2_ws/build/robot_control/build/lib/robot_control
[1.433s] running install
[1.433s] running install_lib
[1.435s] copying /home/vboxuser/ros2_ws/build/robot_control/build/lib/robot_control/hello_node.py -> /home/vboxuser/ros2_ws/install/robot_control/lib/python3.8/site-packages/robot_control
[1.435s] byte-compiling /home/vboxuser/ros2_ws/install/robot_control/lib/python3.8/site-packages/robot_control/hello_node.py to hello_node.cpython-38.pyc
[1.436s] running install_data
[1.436s] running install_egg_info
[1.436s] removing '/home/vboxuser/ros2_ws/install/robot_control/lib/python3.8/site-packages/robot_control-0.0.0-py3.8.egg-info' (and everything under it)
[1.436s] Copying ../../build/robot_control/robot_control.egg-info to /home/vboxuser/ros2_ws/install/robot_control/lib/python3.8/site-packages/robot_control-0.0.0-py3.8.egg-info
[1.436s] running install_scripts
[1.447s] Installing hello_node script to /home/vboxuser/ros2_ws/install/robot_control/lib/robot_control
[1.449s] writing list of installed files to '/home/vboxuser/ros2_ws/build/robot_control/install.log'
[1.502s] Invoked command in '/home/vboxuser/ros2_ws/src/robot_control' returned '0': PYTHONPATH=/home/vboxuser/ros2_ws/build/robot_control/prefix_override:/usr/lib/python3/dist-packages/colcon_core/task/python/colcon_distutils_commands:/home/vboxuser/ros2_ws/install/robot_control/lib/python3.8/site-packages:${PYTHONPATH} /usr/bin/python3 -W ignore:setup.py install is deprecated setup.py egg_info --egg-base ../../build/robot_control build --build-base /home/vboxuser/ros2_ws/build/robot_control/build install --record /home/vboxuser/ros2_ws/build/robot_control/install.log --install-scripts $base/lib/robot_control --single-version-externally-managed install_data
