[0.995s] Invoking command in '/home/vboxuser/ros2_ws/src/vision': PYTHONPATH=/home/vboxuser/ros2_ws/build/vision/prefix_override:/usr/lib/python3/dist-packages/colcon_core/task/python/colcon_distutils_commands:/home/vboxuser/ros2_ws/install/vision/lib/python3.8/site-packages:${PYTHONPATH} /usr/bin/python3 -W ignore:setup.py install is deprecated setup.py egg_info --egg-base ../../build/vision build --build-base /home/vboxuser/ros2_ws/build/vision/build install --record /home/vboxuser/ros2_ws/build/vision/install.log --install-scripts $base/lib/vision --single-version-externally-managed install_data
[1.262s] running egg_info
[1.262s] writing ../../build/vision/vision.egg-info/PKG-INFO
[1.266s] writing dependency_links to ../../build/vision/vision.egg-info/dependency_links.txt
[1.266s] writing entry points to ../../build/vision/vision.egg-info/entry_points.txt
[1.270s] writing requirements to ../../build/vision/vision.egg-info/requires.txt
[1.270s] writing top-level names to ../../build/vision/vision.egg-info/top_level.txt
[1.369s] reading manifest file '../../build/vision/vision.egg-info/SOURCES.txt'
[1.370s] writing manifest file '../../build/vision/vision.egg-info/SOURCES.txt'
[1.377s] running build
[1.377s] running build_py
[1.377s] copying vision/point_finder_3d.py -> /home/vboxuser/ros2_ws/build/vision/build/lib/vision
[1.378s] copying vision/stereo_triangulation.py -> /home/vboxuser/ros2_ws/build/vision/build/lib/vision
[1.378s] running install
[1.398s] running install_lib
[1.399s] copying /home/vboxuser/ros2_ws/build/vision/build/lib/vision/point_finder_3d.py -> /home/vboxuser/ros2_ws/install/vision/lib/python3.8/site-packages/vision
[1.399s] copying /home/vboxuser/ros2_ws/build/vision/build/lib/vision/stereo_triangulation.py -> /home/vboxuser/ros2_ws/install/vision/lib/python3.8/site-packages/vision
[1.404s] byte-compiling /home/vboxuser/ros2_ws/install/vision/lib/python3.8/site-packages/vision/point_finder_3d.py to point_finder_3d.cpython-38.pyc
[1.406s] byte-compiling /home/vboxuser/ros2_ws/install/vision/lib/python3.8/site-packages/vision/stereo_triangulation.py to stereo_triangulation.cpython-38.pyc
[1.407s] running install_data
[1.409s] running install_egg_info
[1.410s] removing '/home/vboxuser/ros2_ws/install/vision/lib/python3.8/site-packages/vision-0.0.0-py3.8.egg-info' (and everything under it)
[1.410s] Copying ../../build/vision/vision.egg-info to /home/vboxuser/ros2_ws/install/vision/lib/python3.8/site-packages/vision-0.0.0-py3.8.egg-info
[1.415s] running install_scripts
[1.453s] Installing calibration script to /home/vboxuser/ros2_ws/install/vision/lib/vision
[1.453s] Installing image_receiver script to /home/vboxuser/ros2_ws/install/vision/lib/vision
[1.472s] Installing point_finder_2d script to /home/vboxuser/ros2_ws/install/vision/lib/vision
[1.481s] Installing point_finder_3d script to /home/vboxuser/ros2_ws/install/vision/lib/vision
[1.481s] Installing test_node script to /home/vboxuser/ros2_ws/install/vision/lib/vision
[1.481s] writing list of installed files to '/home/vboxuser/ros2_ws/build/vision/install.log'
[1.591s] Invoked command in '/home/vboxuser/ros2_ws/src/vision' returned '0': PYTHONPATH=/home/vboxuser/ros2_ws/build/vision/prefix_override:/usr/lib/python3/dist-packages/colcon_core/task/python/colcon_distutils_commands:/home/vboxuser/ros2_ws/install/vision/lib/python3.8/site-packages:${PYTHONPATH} /usr/bin/python3 -W ignore:setup.py install is deprecated setup.py egg_info --egg-base ../../build/vision build --build-base /home/vboxuser/ros2_ws/build/vision/build install --record /home/vboxuser/ros2_ws/build/vision/install.log --install-scripts $base/lib/vision --single-version-externally-managed install_data
