[0.095s] Invoking command in '/home/vboxuser/ros2_ws/build/action_interfaces': CMAKE_PREFIX_PATH=${CMAKE_PREFIX_PATH}:/home/vboxuser/ros2_ws/install/vision:/home/vboxuser/ros2_ws/install/vcnanoz:/home/vboxuser/ros2_ws/install/robot_control:/home/vboxuser/ros2_ws/install/kr_example_python:/home/vboxuser/ros2_ws/install/bt_pkg:/home/vboxuser/ros2_ws/install/action_servers:/opt/ros/foxy /usr/bin/cmake --build /home/vboxuser/ros2_ws/build/action_interfaces -- -j8 -l8
[0.727s] [  2%] Built target action_interfaces__cpp
[0.734s] [ 12%] Built target action_interfaces__rosidl_generator_c
[0.735s] [ 23%] Built target action_interfaces__rosidl_typesupport_c
[0.739s] [ 34%] Built target action_interfaces__rosidl_typesupport_cpp
[0.739s] [ 44%] Built target action_interfaces__rosidl_typesupport_introspection_cpp
[0.739s] [ 55%] Built target action_interfaces__rosidl_typesupport_fastrtps_cpp
[0.739s] [ 65%] Built target action_interfaces__rosidl_typesupport_introspection_c
[0.739s] [ 76%] Built target action_interfaces__rosidl_typesupport_fastrtps_c
[0.739s] [ 76%] Built target action_interfaces
[0.739s] [ 78%] Built target action_interfaces__py
[0.739s] [ 87%] Built target action_interfaces__python
[0.739s] [ 93%] Built target action_interfaces__rosidl_typesupport_c__pyext
[0.739s] [ 97%] Built target action_interfaces__rosidl_typesupport_introspection_c__pyext
[0.740s] [100%] Built target action_interfaces__rosidl_typesupport_fastrtps_c__pyext
[0.988s] Invoked command in '/home/vboxuser/ros2_ws/build/action_interfaces' returned '0': CMAKE_PREFIX_PATH=${CMAKE_PREFIX_PATH}:/home/vboxuser/ros2_ws/install/vision:/home/vboxuser/ros2_ws/install/vcnanoz:/home/vboxuser/ros2_ws/install/robot_control:/home/vboxuser/ros2_ws/install/kr_example_python:/home/vboxuser/ros2_ws/install/bt_pkg:/home/vboxuser/ros2_ws/install/action_servers:/opt/ros/foxy /usr/bin/cmake --build /home/vboxuser/ros2_ws/build/action_interfaces -- -j8 -l8
[1.003s] Invoking command in '/home/vboxuser/ros2_ws/build/action_interfaces': CMAKE_PREFIX_PATH=${CMAKE_PREFIX_PATH}:/home/vboxuser/ros2_ws/install/vision:/home/vboxuser/ros2_ws/install/vcnanoz:/home/vboxuser/ros2_ws/install/robot_control:/home/vboxuser/ros2_ws/install/kr_example_python:/home/vboxuser/ros2_ws/install/bt_pkg:/home/vboxuser/ros2_ws/install/action_servers:/opt/ros/foxy /usr/bin/cmake --install /home/vboxuser/ros2_ws/build/action_interfaces
[1.024s] -- Install configuration: ""
[1.025s] -- Up-to-date: /home/vboxuser/ros2_ws/install/action_interfaces/share/ament_index/resource_index/rosidl_interfaces/action_interfaces
[1.025s] -- Up-to-date: /home/vboxuser/ros2_ws/install/action_interfaces/include/action_interfaces
[1.026s] -- Up-to-date: /home/vboxuser/ros2_ws/install/action_interfaces/include/action_interfaces/action
[1.027s] -- Up-to-date: /home/vboxuser/ros2_ws/install/action_interfaces/include/action_interfaces/action/move_along_baseline.h
[1.028s] -- Up-to-date: /home/vboxuser/ros2_ws/install/action_interfaces/include/action_interfaces/action/move_tcp_along_axis.h
[1.029s] -- Up-to-date: /home/vboxuser/ros2_ws/install/action_interfaces/include/action_interfaces/action/detail
[1.032s] -- Up-to-date: /home/vboxuser/ros2_ws/install/action_interfaces/include/action_interfaces/action/detail/move_along_baseline__functions.c
[1.032s] -- Up-to-date: /home/vboxuser/ros2_ws/install/action_interfaces/include/action_interfaces/action/detail/fibonacci__functions.h
[1.032s] -- Up-to-date: /home/vboxuser/ros2_ws/install/action_interfaces/include/action_interfaces/action/detail/fibonacci__functions.c
[1.033s] -- Up-to-date: /home/vboxuser/ros2_ws/install/action_interfaces/include/action_interfaces/action/detail/move_along_baseline__struct.h
[1.033s] -- Up-to-date: /home/vboxuser/ros2_ws/install/action_interfaces/include/action_interfaces/action/detail/move_along_baseline__functions.h
[1.033s] -- Up-to-date: /home/vboxuser/ros2_ws/install/action_interfaces/include/action_interfaces/action/detail/fibonacci__struct.h
[1.033s] -- Up-to-date: /home/vboxuser/ros2_ws/install/action_interfaces/include/action_interfaces/action/detail/fibonacci__type_support.h
[1.034s] -- Up-to-date: /home/vboxuser/ros2_ws/install/action_interfaces/include/action_interfaces/action/detail/move_along_baseline__type_support.h
[1.035s] -- Up-to-date: /home/vboxuser/ros2_ws/install/action_interfaces/include/action_interfaces/action/detail/move_tcp_along_axis__functions.h
[1.035s] -- Up-to-date: /home/vboxuser/ros2_ws/install/action_interfaces/include/action_interfaces/action/detail/move_tcp_along_axis__functions.c
[1.058s] -- Up-to-date: /home/vboxuser/ros2_ws/install/action_interfaces/include/action_interfaces/action/detail/move_tcp_along_axis__type_support.h
[1.058s] -- Up-to-date: /home/vboxuser/ros2_ws/install/action_interfaces/include/action_interfaces/action/detail/move_tcp_along_axis__struct.h
[1.058s] -- Up-to-date: /home/vboxuser/ros2_ws/install/action_interfaces/include/action_interfaces/action/fibonacci.h
[1.058s] -- Up-to-date: /home/vboxuser/ros2_ws/install/action_interfaces/include/action_interfaces/msg
[1.058s] -- Up-to-date: /home/vboxuser/ros2_ws/install/action_interfaces/include/action_interfaces/msg/rosidl_generator_c__visibility_control.h
[1.058s] -- Up-to-date: /home/vboxuser/ros2_ws/install/action_interfaces/share/action_interfaces/environment/library_path.sh
[1.058s] -- Up-to-date: /home/vboxuser/ros2_ws/install/action_interfaces/share/action_interfaces/environment/library_path.dsv
[1.064s] -- Up-to-date: /home/vboxuser/ros2_ws/install/action_interfaces/lib/libaction_interfaces__rosidl_generator_c.so
[1.071s] -- Up-to-date: /home/vboxuser/ros2_ws/install/action_interfaces/include/action_interfaces
[1.071s] -- Up-to-date: /home/vboxuser/ros2_ws/install/action_interfaces/include/action_interfaces/action
[1.071s] -- Up-to-date: /home/vboxuser/ros2_ws/install/action_interfaces/include/action_interfaces/action/detail
[1.078s] -- Up-to-date: /home/vboxuser/ros2_ws/install/action_interfaces/include/action_interfaces/action/detail/move_tcp_along_axis__rosidl_typesupport_fastrtps_c.h
[1.079s] -- Up-to-date: /home/vboxuser/ros2_ws/install/action_interfaces/include/action_interfaces/action/detail/move_along_baseline__rosidl_typesupport_fastrtps_c.h
[1.080s] -- Up-to-date: /home/vboxuser/ros2_ws/install/action_interfaces/include/action_interfaces/action/detail/fibonacci__rosidl_typesupport_fastrtps_c.h
[1.080s] -- Up-to-date: /home/vboxuser/ros2_ws/install/action_interfaces/include/action_interfaces/msg
[1.080s] -- Up-to-date: /home/vboxuser/ros2_ws/install/action_interfaces/include/action_interfaces/msg/rosidl_typesupport_fastrtps_c__visibility_control.h
[1.080s] -- Up-to-date: /home/vboxuser/ros2_ws/install/action_interfaces/lib/libaction_interfaces__rosidl_typesupport_fastrtps_c.so
[1.081s] -- Up-to-date: /home/vboxuser/ros2_ws/install/action_interfaces/include/action_interfaces
[1.081s] -- Up-to-date: /home/vboxuser/ros2_ws/install/action_interfaces/include/action_interfaces/action
[1.082s] -- Up-to-date: /home/vboxuser/ros2_ws/install/action_interfaces/include/action_interfaces/action/detail
[1.082s] -- Up-to-date: /home/vboxuser/ros2_ws/install/action_interfaces/include/action_interfaces/action/detail/fibonacci__rosidl_typesupport_fastrtps_cpp.hpp
[1.083s] -- Up-to-date: /home/vboxuser/ros2_ws/install/action_interfaces/include/action_interfaces/action/detail/move_along_baseline__rosidl_typesupport_fastrtps_cpp.hpp
[1.083s] -- Up-to-date: /home/vboxuser/ros2_ws/install/action_interfaces/include/action_interfaces/action/detail/dds_fastrtps
[1.083s] -- Up-to-date: /home/vboxuser/ros2_ws/install/action_interfaces/include/action_interfaces/action/detail/move_tcp_along_axis__rosidl_typesupport_fastrtps_cpp.hpp
[1.089s] -- Up-to-date: /home/vboxuser/ros2_ws/install/action_interfaces/include/action_interfaces/msg
[1.095s] -- Up-to-date: /home/vboxuser/ros2_ws/install/action_interfaces/include/action_interfaces/msg/rosidl_typesupport_fastrtps_cpp__visibility_control.h
[1.096s] -- Up-to-date: /home/vboxuser/ros2_ws/install/action_interfaces/lib/libaction_interfaces__rosidl_typesupport_fastrtps_cpp.so
[1.097s] -- Up-to-date: /home/vboxuser/ros2_ws/install/action_interfaces/include/action_interfaces
[1.097s] -- Up-to-date: /home/vboxuser/ros2_ws/install/action_interfaces/include/action_interfaces/action
[1.100s] -- Up-to-date: /home/vboxuser/ros2_ws/install/action_interfaces/include/action_interfaces/action/detail
[1.101s] -- Up-to-date: /home/vboxuser/ros2_ws/install/action_interfaces/include/action_interfaces/action/detail/move_along_baseline__type_support.c
[1.101s] -- Up-to-date: /home/vboxuser/ros2_ws/install/action_interfaces/include/action_interfaces/action/detail/fibonacci__type_support.c
[1.101s] -- Up-to-date: /home/vboxuser/ros2_ws/install/action_interfaces/include/action_interfaces/action/detail/move_along_baseline__rosidl_typesupport_introspection_c.h
[1.101s] -- Up-to-date: /home/vboxuser/ros2_ws/install/action_interfaces/include/action_interfaces/action/detail/move_tcp_along_axis__rosidl_typesupport_introspection_c.h
[1.101s] -- Up-to-date: /home/vboxuser/ros2_ws/install/action_interfaces/include/action_interfaces/action/detail/move_tcp_along_axis__type_support.c
[1.101s] -- Up-to-date: /home/vboxuser/ros2_ws/install/action_interfaces/include/action_interfaces/action/detail/fibonacci__rosidl_typesupport_introspection_c.h
[1.101s] -- Up-to-date: /home/vboxuser/ros2_ws/install/action_interfaces/include/action_interfaces/msg
[1.101s] -- Up-to-date: /home/vboxuser/ros2_ws/install/action_interfaces/include/action_interfaces/msg/rosidl_typesupport_introspection_c__visibility_control.h
[1.101s] -- Up-to-date: /home/vboxuser/ros2_ws/install/action_interfaces/lib/libaction_interfaces__rosidl_typesupport_introspection_c.so
[1.101s] -- Up-to-date: /home/vboxuser/ros2_ws/install/action_interfaces/lib/libaction_interfaces__rosidl_typesupport_c.so
[1.101s] -- Up-to-date: /home/vboxuser/ros2_ws/install/action_interfaces/include/action_interfaces
[1.101s] -- Up-to-date: /home/vboxuser/ros2_ws/install/action_interfaces/include/action_interfaces/action
[1.101s] -- Up-to-date: /home/vboxuser/ros2_ws/install/action_interfaces/include/action_interfaces/action/fibonacci.hpp
[1.101s] -- Up-to-date: /home/vboxuser/ros2_ws/install/action_interfaces/include/action_interfaces/action/move_along_baseline.hpp
[1.102s] -- Up-to-date: /home/vboxuser/ros2_ws/install/action_interfaces/include/action_interfaces/action/move_tcp_along_axis.hpp
[1.102s] -- Up-to-date: /home/vboxuser/ros2_ws/install/action_interfaces/include/action_interfaces/action/detail
[1.102s] -- Up-to-date: /home/vboxuser/ros2_ws/install/action_interfaces/include/action_interfaces/action/detail/move_along_baseline__struct.hpp
[1.102s] -- Up-to-date: /home/vboxuser/ros2_ws/install/action_interfaces/include/action_interfaces/action/detail/fibonacci__traits.hpp
[1.102s] -- Up-to-date: /home/vboxuser/ros2_ws/install/action_interfaces/include/action_interfaces/action/detail/fibonacci__builder.hpp
[1.102s] -- Up-to-date: /home/vboxuser/ros2_ws/install/action_interfaces/include/action_interfaces/action/detail/fibonacci__type_support.hpp
[1.102s] -- Up-to-date: /home/vboxuser/ros2_ws/install/action_interfaces/include/action_interfaces/action/detail/move_along_baseline__type_support.hpp
[1.102s] -- Up-to-date: /home/vboxuser/ros2_ws/install/action_interfaces/include/action_interfaces/action/detail/fibonacci__struct.hpp
[1.102s] -- Up-to-date: /home/vboxuser/ros2_ws/install/action_interfaces/include/action_interfaces/action/detail/move_tcp_along_axis__traits.hpp
[1.102s] -- Up-to-date: /home/vboxuser/ros2_ws/install/action_interfaces/include/action_interfaces/action/detail/move_along_baseline__builder.hpp
[1.102s] -- Up-to-date: /home/vboxuser/ros2_ws/install/action_interfaces/include/action_interfaces/action/detail/move_tcp_along_axis__builder.hpp
[1.102s] -- Up-to-date: /home/vboxuser/ros2_ws/install/action_interfaces/include/action_interfaces/action/detail/move_along_baseline__traits.hpp
[1.102s] -- Up-to-date: /home/vboxuser/ros2_ws/install/action_interfaces/include/action_interfaces/action/detail/move_tcp_along_axis__type_support.hpp
[1.102s] -- Up-to-date: /home/vboxuser/ros2_ws/install/action_interfaces/include/action_interfaces/action/detail/move_tcp_along_axis__struct.hpp
[1.102s] -- Up-to-date: /home/vboxuser/ros2_ws/install/action_interfaces/include/action_interfaces/msg
[1.102s] -- Up-to-date: /home/vboxuser/ros2_ws/install/action_interfaces/include/action_interfaces/msg/rosidl_generator_cpp__visibility_control.hpp
[1.103s] -- Up-to-date: /home/vboxuser/ros2_ws/install/action_interfaces/include/action_interfaces
[1.103s] -- Up-to-date: /home/vboxuser/ros2_ws/install/action_interfaces/include/action_interfaces/action
[1.103s] -- Up-to-date: /home/vboxuser/ros2_ws/install/action_interfaces/include/action_interfaces/action/detail
[1.103s] -- Up-to-date: /home/vboxuser/ros2_ws/install/action_interfaces/include/action_interfaces/action/detail/fibonacci__rosidl_typesupport_introspection_cpp.hpp
[1.103s] -- Up-to-date: /home/vboxuser/ros2_ws/install/action_interfaces/include/action_interfaces/action/detail/fibonacci__type_support.cpp
[1.103s] -- Up-to-date: /home/vboxuser/ros2_ws/install/action_interfaces/include/action_interfaces/action/detail/move_along_baseline__type_support.cpp
[1.103s] -- Up-to-date: /home/vboxuser/ros2_ws/install/action_interfaces/include/action_interfaces/action/detail/move_tcp_along_axis__type_support.cpp
[1.103s] -- Up-to-date: /home/vboxuser/ros2_ws/install/action_interfaces/include/action_interfaces/action/detail/move_tcp_along_axis__rosidl_typesupport_introspection_cpp.hpp
[1.103s] -- Up-to-date: /home/vboxuser/ros2_ws/install/action_interfaces/include/action_interfaces/action/detail/move_along_baseline__rosidl_typesupport_introspection_cpp.hpp
[1.103s] -- Up-to-date: /home/vboxuser/ros2_ws/install/action_interfaces/lib/libaction_interfaces__rosidl_typesupport_introspection_cpp.so
[1.103s] -- Up-to-date: /home/vboxuser/ros2_ws/install/action_interfaces/lib/libaction_interfaces__rosidl_typesupport_cpp.so
[1.103s] -- Up-to-date: /home/vboxuser/ros2_ws/install/action_interfaces/share/action_interfaces/environment/pythonpath.sh
[1.103s] -- Up-to-date: /home/vboxuser/ros2_ws/install/action_interfaces/share/action_interfaces/environment/pythonpath.dsv
[1.104s] -- Up-to-date: /home/vboxuser/ros2_ws/install/action_interfaces/lib/python3.8/site-packages/action_interfaces/__init__.py
[1.487s] -- Up-to-date: /home/vboxuser/ros2_ws/install/action_interfaces/lib/python3.8/site-packages/action_interfaces/action
[1.488s] -- Up-to-date: /home/vboxuser/ros2_ws/install/action_interfaces/lib/python3.8/site-packages/action_interfaces/action/_move_tcp_along_axis_s.c
[1.489s] -- Up-to-date: /home/vboxuser/ros2_ws/install/action_interfaces/lib/python3.8/site-packages/action_interfaces/action/_fibonacci.py
[1.490s] -- Up-to-date: /home/vboxuser/ros2_ws/install/action_interfaces/lib/python3.8/site-packages/action_interfaces/action/_fibonacci_s.c
[1.490s] -- Up-to-date: /home/vboxuser/ros2_ws/install/action_interfaces/lib/python3.8/site-packages/action_interfaces/action/_move_tcp_along_axis.py
[1.490s] -- Up-to-date: /home/vboxuser/ros2_ws/install/action_interfaces/lib/python3.8/site-packages/action_interfaces/action/_move_along_baseline_s.c
[1.491s] -- Up-to-date: /home/vboxuser/ros2_ws/install/action_interfaces/lib/python3.8/site-packages/action_interfaces/action/_move_along_baseline.py
[1.491s] -- Up-to-date: /home/vboxuser/ros2_ws/install/action_interfaces/lib/python3.8/site-packages/action_interfaces/action/__init__.py
[1.522s] -- Up-to-date: /home/vboxuser/ros2_ws/install/action_interfaces/lib/python3.8/site-packages/action_interfaces/action_interfaces_s__rosidl_typesupport_fastrtps_c.cpython-38-x86_64-linux-gnu.so
[1.529s] -- Up-to-date: /home/vboxuser/ros2_ws/install/action_interfaces/lib/python3.8/site-packages/action_interfaces/action_interfaces_s__rosidl_typesupport_introspection_c.cpython-38-x86_64-linux-gnu.so
[1.531s] -- Up-to-date: /home/vboxuser/ros2_ws/install/action_interfaces/lib/python3.8/site-packages/action_interfaces/action_interfaces_s__rosidl_typesupport_c.cpython-38-x86_64-linux-gnu.so
[1.531s] -- Up-to-date: /home/vboxuser/ros2_ws/install/action_interfaces/lib/libaction_interfaces__python.so
[1.531s] -- Up-to-date: /home/vboxuser/ros2_ws/install/action_interfaces/share/action_interfaces/action/Fibonacci.idl
[1.532s] -- Up-to-date: /home/vboxuser/ros2_ws/install/action_interfaces/share/action_interfaces/action/MoveTcpAlongAxis.idl
[1.533s] -- Up-to-date: /home/vboxuser/ros2_ws/install/action_interfaces/share/action_interfaces/action/MoveAlongBaseline.idl
[1.534s] -- Up-to-date: /home/vboxuser/ros2_ws/install/action_interfaces/share/action_interfaces/action/Fibonacci.action
[1.534s] -- Up-to-date: /home/vboxuser/ros2_ws/install/action_interfaces/share/action_interfaces/action/MoveTcpAlongAxis.action
[1.534s] -- Up-to-date: /home/vboxuser/ros2_ws/install/action_interfaces/share/action_interfaces/action/MoveAlongBaseline.action
[1.534s] -- Up-to-date: /home/vboxuser/ros2_ws/install/action_interfaces/share/ament_index/resource_index/package_run_dependencies/action_interfaces
[1.534s] -- Up-to-date: /home/vboxuser/ros2_ws/install/action_interfaces/share/ament_index/resource_index/parent_prefix_path/action_interfaces
[1.535s] -- Up-to-date: /home/vboxuser/ros2_ws/install/action_interfaces/share/action_interfaces/environment/ament_prefix_path.sh
[1.535s] -- Up-to-date: /home/vboxuser/ros2_ws/install/action_interfaces/share/action_interfaces/environment/ament_prefix_path.dsv
[1.536s] -- Up-to-date: /home/vboxuser/ros2_ws/install/action_interfaces/share/action_interfaces/environment/path.sh
[1.536s] -- Up-to-date: /home/vboxuser/ros2_ws/install/action_interfaces/share/action_interfaces/environment/path.dsv
[1.536s] -- Up-to-date: /home/vboxuser/ros2_ws/install/action_interfaces/share/action_interfaces/local_setup.bash
[1.537s] -- Up-to-date: /home/vboxuser/ros2_ws/install/action_interfaces/share/action_interfaces/local_setup.sh
[1.537s] -- Up-to-date: /home/vboxuser/ros2_ws/install/action_interfaces/share/action_interfaces/local_setup.zsh
[1.538s] -- Up-to-date: /home/vboxuser/ros2_ws/install/action_interfaces/share/action_interfaces/local_setup.dsv
[1.539s] -- Installing: /home/vboxuser/ros2_ws/install/action_interfaces/share/action_interfaces/package.dsv
[1.539s] -- Up-to-date: /home/vboxuser/ros2_ws/install/action_interfaces/share/ament_index/resource_index/packages/action_interfaces
[1.584s] -- Up-to-date: /home/vboxuser/ros2_ws/install/action_interfaces/share/action_interfaces/cmake/action_interfaces__rosidl_generator_cExport.cmake
[1.585s] -- Up-to-date: /home/vboxuser/ros2_ws/install/action_interfaces/share/action_interfaces/cmake/action_interfaces__rosidl_generator_cExport-noconfig.cmake
[1.585s] -- Up-to-date: /home/vboxuser/ros2_ws/install/action_interfaces/share/action_interfaces/cmake/action_interfaces__rosidl_typesupport_introspection_cExport.cmake
[1.585s] -- Up-to-date: /home/vboxuser/ros2_ws/install/action_interfaces/share/action_interfaces/cmake/action_interfaces__rosidl_typesupport_introspection_cExport-noconfig.cmake
[1.586s] -- Up-to-date: /home/vboxuser/ros2_ws/install/action_interfaces/share/action_interfaces/cmake/action_interfaces__rosidl_typesupport_cExport.cmake
[1.586s] -- Up-to-date: /home/vboxuser/ros2_ws/install/action_interfaces/share/action_interfaces/cmake/action_interfaces__rosidl_typesupport_cExport-noconfig.cmake
[1.586s] -- Up-to-date: /home/vboxuser/ros2_ws/install/action_interfaces/share/action_interfaces/cmake/action_interfaces__rosidl_generator_cppExport.cmake
[1.586s] -- Up-to-date: /home/vboxuser/ros2_ws/install/action_interfaces/share/action_interfaces/cmake/action_interfaces__rosidl_typesupport_introspection_cppExport.cmake
[1.588s] -- Up-to-date: /home/vboxuser/ros2_ws/install/action_interfaces/share/action_interfaces/cmake/action_interfaces__rosidl_typesupport_introspection_cppExport-noconfig.cmake
[1.588s] -- Up-to-date: /home/vboxuser/ros2_ws/install/action_interfaces/share/action_interfaces/cmake/action_interfaces__rosidl_typesupport_cppExport.cmake
[1.588s] -- Up-to-date: /home/vboxuser/ros2_ws/install/action_interfaces/share/action_interfaces/cmake/action_interfaces__rosidl_typesupport_cppExport-noconfig.cmake
[1.588s] -- Up-to-date: /home/vboxuser/ros2_ws/install/action_interfaces/share/action_interfaces/cmake/rosidl_cmake-extras.cmake
[1.589s] -- Up-to-date: /home/vboxuser/ros2_ws/install/action_interfaces/share/action_interfaces/cmake/ament_cmake_export_dependencies-extras.cmake
[1.589s] -- Up-to-date: /home/vboxuser/ros2_ws/install/action_interfaces/share/action_interfaces/cmake/ament_cmake_export_libraries-extras.cmake
[1.589s] -- Up-to-date: /home/vboxuser/ros2_ws/install/action_interfaces/share/action_interfaces/cmake/ament_cmake_export_targets-extras.cmake
[1.592s] -- Up-to-date: /home/vboxuser/ros2_ws/install/action_interfaces/share/action_interfaces/cmake/ament_cmake_export_include_directories-extras.cmake
[1.593s] -- Up-to-date: /home/vboxuser/ros2_ws/install/action_interfaces/share/action_interfaces/cmake/rosidl_cmake_export_typesupport_libraries-extras.cmake
[1.593s] -- Up-to-date: /home/vboxuser/ros2_ws/install/action_interfaces/share/action_interfaces/cmake/rosidl_cmake_export_typesupport_targets-extras.cmake
[1.593s] -- Up-to-date: /home/vboxuser/ros2_ws/install/action_interfaces/share/action_interfaces/cmake/action_interfacesConfig.cmake
[1.595s] -- Up-to-date: /home/vboxuser/ros2_ws/install/action_interfaces/share/action_interfaces/cmake/action_interfacesConfig-version.cmake
[1.595s] -- Up-to-date: /home/vboxuser/ros2_ws/install/action_interfaces/share/action_interfaces/package.xml
[1.648s] Invoked command in '/home/vboxuser/ros2_ws/build/action_interfaces' returned '0': CMAKE_PREFIX_PATH=${CMAKE_PREFIX_PATH}:/home/vboxuser/ros2_ws/install/vision:/home/vboxuser/ros2_ws/install/vcnanoz:/home/vboxuser/ros2_ws/install/robot_control:/home/vboxuser/ros2_ws/install/kr_example_python:/home/vboxuser/ros2_ws/install/bt_pkg:/home/vboxuser/ros2_ws/install/action_servers:/opt/ros/foxy /usr/bin/cmake --install /home/vboxuser/ros2_ws/build/action_interfaces
