[1.267s] Invoking command in '/home/mo/Thesis/src/robot_control': CMAKE_PREFIX_PATH=/home/mo/Thesis/install/action_interfaces:/home/mo/Thesis/install/kr_example_cpp:/home/mo/Thesis/install/kr_msgs LD_LIBRARY_PATH=/home/mo/Thesis/install/action_interfaces/lib:/home/mo/Thesis/install/kr_msgs/lib:/opt/ros/foxy/opt/yaml_cpp_vendor/lib:/opt/ros/foxy/opt/rviz_ogre_vendor/lib:/opt/ros/foxy/lib/x86_64-linux-gnu:/opt/ros/foxy/lib PYTHONPATH=/home/mo/Thesis/build/robot_control/prefix_override:/usr/lib/python3/dist-packages/colcon_core/task/python/colcon_distutils_commands:/home/mo/Thesis/install/robot_control/lib/python3.8/site-packages:/home/mo/Thesis/install/action_interfaces/lib/python3.8/site-packages:/home/mo/Thesis/install/vision/lib/python3.8/site-packages:/home/mo/Thesis/install/vcnanoz/lib/python3.8/site-packages:/home/mo/Thesis/install/sensopart_visor/lib/python3.8/site-packages:/home/mo/Thesis/install/robot_control/lib/python3.8/site-packages:/home/mo/Thesis/install/kr_example_python/lib/python3.8/site-packages:/home/mo/Thesis/install/kr_msgs/lib/python3.8/site-packages:/home/mo/Thesis/install/action_servers/lib/python3.8/site-packages:/opt/ros/foxy/lib/python3.8/site-packages /usr/bin/python3 -W ignore:setup.py install is deprecated -W ignore:easy_install command is deprecated setup.py egg_info --egg-base ../../build/robot_control build --build-base /home/mo/Thesis/build/robot_control/build install --record /home/mo/Thesis/build/robot_control/install.log --single-version-externally-managed install_data
[1.547s] running egg_info
[1.564s] writing ../../build/robot_control/robot_control.egg-info/PKG-INFO
[1.564s] writing dependency_links to ../../build/robot_control/robot_control.egg-info/dependency_links.txt
[1.564s] writing entry points to ../../build/robot_control/robot_control.egg-info/entry_points.txt
[1.565s] writing requirements to ../../build/robot_control/robot_control.egg-info/requires.txt
[1.565s] writing top-level names to ../../build/robot_control/robot_control.egg-info/top_level.txt
[1.700s] reading manifest file '../../build/robot_control/robot_control.egg-info/SOURCES.txt'
[1.702s] writing manifest file '../../build/robot_control/robot_control.egg-info/SOURCES.txt'
[1.703s] running build
[1.703s] running build_py
[1.703s] copying robot_control/set_working_frame_qr.py -> /home/mo/Thesis/build/robot_control/build/lib/robot_control
[1.703s] copying robot_control/define_working_frame_needle.py -> /home/mo/Thesis/build/robot_control/build/lib/robot_control
[1.703s] copying robot_control/scan_bar_vertical_triangulation.py -> /home/mo/Thesis/build/robot_control/build/lib/robot_control
[1.703s] copying robot_control/MoveTcpAlongAxis_action_client.py -> /home/mo/Thesis/build/robot_control/build/lib/robot_control
[1.704s] copying robot_control/ibvs_2d.py -> /home/mo/Thesis/build/robot_control/build/lib/robot_control
[1.704s] copying robot_control/tf_frames_publisher.py -> /home/mo/Thesis/build/robot_control/build/lib/robot_control
[1.704s] copying robot_control/move_lin_by_key.py -> /home/mo/Thesis/build/robot_control/build/lib/robot_control
[1.704s] copying robot_control/tcp_frame_listener.py -> /home/mo/Thesis/build/robot_control/build/lib/robot_control
[1.704s] copying robot_control/transform_action_client.py -> /home/mo/Thesis/build/robot_control/build/lib/robot_control
[1.704s] copying robot_control/scan_bar_combined_triangulation.py -> /home/mo/Thesis/build/robot_control/build/lib/robot_control
[1.705s] copying robot_control/scan_bar_horizontal_triangulation.py -> /home/mo/Thesis/build/robot_control/build/lib/robot_control
[1.705s] copying robot_control/control.py -> /home/mo/Thesis/build/robot_control/build/lib/robot_control
[1.705s] copying robot_control/__init__.py -> /home/mo/Thesis/build/robot_control/build/lib/robot_control
[1.705s] copying FC/FC_geometrics_handler.py -> /home/mo/Thesis/build/robot_control/build/lib/FC
[1.706s] copying FC/FC_gripper_handler.py -> /home/mo/Thesis/build/robot_control/build/lib/FC
[1.706s] copying FC/FC_tf_helper.py -> /home/mo/Thesis/build/robot_control/build/lib/FC
[1.706s] copying FC/FC_save_load_global_hook_dict.py -> /home/mo/Thesis/build/robot_control/build/lib/FC
[1.706s] copying FC/FC_quaternion_to_euler.py -> /home/mo/Thesis/build/robot_control/build/lib/FC
[1.706s] copying FC/FC_call_move_spline_service.py -> /home/mo/Thesis/build/robot_control/build/lib/FC
[1.706s] copying FC/FC_call_move_linear_service.py -> /home/mo/Thesis/build/robot_control/build/lib/FC
[1.707s] copying FC/FC_stereo_triangulation_processor.py -> /home/mo/Thesis/build/robot_control/build/lib/FC
[1.707s] copying FC/FC_frame_handler.py -> /home/mo/Thesis/build/robot_control/build/lib/FC
[1.707s] copying FC/FC_dict_receive_processing.py -> /home/mo/Thesis/build/robot_control/build/lib/FC
[1.707s] copying FC/__init__.py -> /home/mo/Thesis/build/robot_control/build/lib/FC
[1.707s] copying FC/FC_edge_detector.py -> /home/mo/Thesis/build/robot_control/build/lib/FC
[1.708s] running install
[1.712s] running install_lib
[1.731s] running install_data
[1.731s] copying resource/robot_control -> /home/mo/Thesis/install/robot_control/share/ament_index/resource_index/packages
[1.732s] copying package.xml -> /home/mo/Thesis/install/robot_control/share/robot_control
[1.732s] copying launch/vc_vision_launch.py -> /home/mo/Thesis/install/robot_control/share/robot_control/launch
[1.732s] copying launch/scan_bar_launch.py -> /home/mo/Thesis/install/robot_control/share/robot_control/launch
[1.732s] copying config/vc_params.yaml -> /home/mo/Thesis/install/robot_control/share/robot_control/config
[1.732s] running install_egg_info
[1.750s] removing '/home/mo/Thesis/install/robot_control/lib/python3.8/site-packages/robot_control-0.0.0-py3.8.egg-info' (and everything under it)
[1.750s] Copying ../../build/robot_control/robot_control.egg-info to /home/mo/Thesis/install/robot_control/lib/python3.8/site-packages/robot_control-0.0.0-py3.8.egg-info
[1.751s] running install_scripts
[1.792s] Installing MoveTcpAlongAxis_action_client script to /home/mo/Thesis/install/robot_control/lib/robot_control
[1.792s] Installing control script to /home/mo/Thesis/install/robot_control/lib/robot_control
[1.792s] Installing define_working_frame_needle script to /home/mo/Thesis/install/robot_control/lib/robot_control
[1.792s] Installing ibvs_2d script to /home/mo/Thesis/install/robot_control/lib/robot_control
[1.792s] Installing move_lin_by_key script to /home/mo/Thesis/install/robot_control/lib/robot_control
[1.793s] Installing scan_bar_combined_triangulation script to /home/mo/Thesis/install/robot_control/lib/robot_control
[1.793s] Installing scan_bar_horizontal_triangulation script to /home/mo/Thesis/install/robot_control/lib/robot_control
[1.793s] Installing scan_bar_vertical_triangulation script to /home/mo/Thesis/install/robot_control/lib/robot_control
[1.793s] Installing set_working_frame_qr script to /home/mo/Thesis/install/robot_control/lib/robot_control
[1.793s] Installing tcp_frame_listener script to /home/mo/Thesis/install/robot_control/lib/robot_control
[1.793s] Installing tf_frames_publisher script to /home/mo/Thesis/install/robot_control/lib/robot_control
[1.793s] Installing transform_action_client script to /home/mo/Thesis/install/robot_control/lib/robot_control
[1.794s] writing list of installed files to '/home/mo/Thesis/build/robot_control/install.log'
[1.826s] Invoked command in '/home/mo/Thesis/src/robot_control' returned '0': CMAKE_PREFIX_PATH=/home/mo/Thesis/install/action_interfaces:/home/mo/Thesis/install/kr_example_cpp:/home/mo/Thesis/install/kr_msgs LD_LIBRARY_PATH=/home/mo/Thesis/install/action_interfaces/lib:/home/mo/Thesis/install/kr_msgs/lib:/opt/ros/foxy/opt/yaml_cpp_vendor/lib:/opt/ros/foxy/opt/rviz_ogre_vendor/lib:/opt/ros/foxy/lib/x86_64-linux-gnu:/opt/ros/foxy/lib PYTHONPATH=/home/mo/Thesis/build/robot_control/prefix_override:/usr/lib/python3/dist-packages/colcon_core/task/python/colcon_distutils_commands:/home/mo/Thesis/install/robot_control/lib/python3.8/site-packages:/home/mo/Thesis/install/action_interfaces/lib/python3.8/site-packages:/home/mo/Thesis/install/vision/lib/python3.8/site-packages:/home/mo/Thesis/install/vcnanoz/lib/python3.8/site-packages:/home/mo/Thesis/install/sensopart_visor/lib/python3.8/site-packages:/home/mo/Thesis/install/robot_control/lib/python3.8/site-packages:/home/mo/Thesis/install/kr_example_python/lib/python3.8/site-packages:/home/mo/Thesis/install/kr_msgs/lib/python3.8/site-packages:/home/mo/Thesis/install/action_servers/lib/python3.8/site-packages:/opt/ros/foxy/lib/python3.8/site-packages /usr/bin/python3 -W ignore:setup.py install is deprecated -W ignore:easy_install command is deprecated setup.py egg_info --egg-base ../../build/robot_control build --build-base /home/mo/Thesis/build/robot_control/build install --record /home/mo/Thesis/build/robot_control/install.log --single-version-externally-managed install_data
