[1.762s] Invoking command in '/home/vboxuser/Thesis/build/sensopart_visor': PYTHONPATH=/home/vboxuser/Thesis/build/sensopart_visor/prefix_override:/usr/lib/python3/dist-packages/colcon_core/task/python/colcon_distutils_commands:/home/vboxuser/Thesis/install/sensopart_visor/lib/python3.8/site-packages:${PYTHONPATH} /usr/bin/python3 -W ignore:setup.py install is deprecated setup.py develop --editable --build-directory /home/vboxuser/Thesis/build/sensopart_visor/build --no-deps symlink_data
[2.054s] running develop
[2.191s] running egg_info
[2.192s] creating sensopart_visor.egg-info
[2.192s] writing sensopart_visor.egg-info/PKG-INFO
[2.193s] writing dependency_links to sensopart_visor.egg-info/dependency_links.txt
[2.193s] writing entry points to sensopart_visor.egg-info/entry_points.txt
[2.193s] writing requirements to sensopart_visor.egg-info/requires.txt
[2.193s] writing top-level names to sensopart_visor.egg-info/top_level.txt
[2.194s] writing manifest file 'sensopart_visor.egg-info/SOURCES.txt'
[2.222s] reading manifest file 'sensopart_visor.egg-info/SOURCES.txt'
[2.224s] writing manifest file 'sensopart_visor.egg-info/SOURCES.txt'
[2.256s] running build_ext
[2.257s] Creating /home/vboxuser/Thesis/install/sensopart_visor/lib/python3.8/site-packages/site.py
[2.259s] Creating /home/vboxuser/Thesis/install/sensopart_visor/lib/python3.8/site-packages/sensopart-visor.egg-link (link to .)
[2.260s] Installing visor_shutdown script to /home/vboxuser/Thesis/install/sensopart_visor/lib/sensopart_visor
[2.260s] Installing visor_startup script to /home/vboxuser/Thesis/install/sensopart_visor/lib/sensopart_visor
[2.261s] 
[2.261s] Installed /home/vboxuser/Thesis/build/sensopart_visor
[2.261s] running symlink_data
[2.261s] creating /home/vboxuser/Thesis/install/sensopart_visor/share/ament_index
[2.261s] creating /home/vboxuser/Thesis/install/sensopart_visor/share/ament_index/resource_index
[2.261s] creating /home/vboxuser/Thesis/install/sensopart_visor/share/ament_index/resource_index/packages
[2.261s] symbolically linking /home/vboxuser/Thesis/build/sensopart_visor/resource/sensopart_visor -> /home/vboxuser/Thesis/install/sensopart_visor/share/ament_index/resource_index/packages
[2.262s] symbolically linking /home/vboxuser/Thesis/build/sensopart_visor/package.xml -> /home/vboxuser/Thesis/install/sensopart_visor/share/sensopart_visor
[2.327s] Invoked command in '/home/vboxuser/Thesis/build/sensopart_visor' returned '0': PYTHONPATH=/home/vboxuser/Thesis/build/sensopart_visor/prefix_override:/usr/lib/python3/dist-packages/colcon_core/task/python/colcon_distutils_commands:/home/vboxuser/Thesis/install/sensopart_visor/lib/python3.8/site-packages:${PYTHONPATH} /usr/bin/python3 -W ignore:setup.py install is deprecated setup.py develop --editable --build-directory /home/vboxuser/Thesis/build/sensopart_visor/build --no-deps symlink_data
