[0.047s] Invoking command in '/home/mo/Thesis/build/action_interfaces': CMAKE_PREFIX_PATH=${CMAKE_PREFIX_PATH}:/home/mo/Thesis/install/vision:/home/mo/Thesis/install/vcnanoz:/home/mo/Thesis/install/sensopart_visor:/home/mo/Thesis/install/robot_control:/home/mo/Thesis/install/kr_example_python:/home/mo/Thesis/install/bt_pkg:/home/mo/Thesis/install/action_servers:/opt/ros/foxy /usr/bin/cmake --build /home/mo/Thesis/build/action_interfaces -- -j16 -l16
[0.742s] [  2%] Built target action_interfaces__cpp
[0.743s] [ 12%] Built target action_interfaces__rosidl_generator_c
[0.744s] [ 23%] Built target action_interfaces__rosidl_typesupport_cpp
[0.745s] [ 33%] Built target action_interfaces__rosidl_typesupport_introspection_cpp
[0.745s] [ 43%] Built target action_interfaces__rosidl_typesupport_c
[0.745s] [ 53%] Built target action_interfaces__rosidl_typesupport_fastrtps_cpp
[0.745s] [ 64%] Built target action_interfaces__rosidl_typesupport_introspection_c
[0.745s] [ 74%] Built target action_interfaces__rosidl_typesupport_fastrtps_c
[0.745s] [ 74%] Built target action_interfaces
[0.745s] [ 76%] Built target action_interfaces__py
[0.745s] [ 84%] Built target action_interfaces__python
[0.745s] [ 94%] Built target action_interfaces__rosidl_typesupport_introspection_c__pyext
[0.745s] [ 94%] Built target action_interfaces__rosidl_typesupport_fastrtps_c__pyext
[0.745s] [100%] Built target action_interfaces__rosidl_typesupport_c__pyext
[0.966s] Invoked command in '/home/mo/Thesis/build/action_interfaces' returned '0': CMAKE_PREFIX_PATH=${CMAKE_PREFIX_PATH}:/home/mo/Thesis/install/vision:/home/mo/Thesis/install/vcnanoz:/home/mo/Thesis/install/sensopart_visor:/home/mo/Thesis/install/robot_control:/home/mo/Thesis/install/kr_example_python:/home/mo/Thesis/install/bt_pkg:/home/mo/Thesis/install/action_servers:/opt/ros/foxy /usr/bin/cmake --build /home/mo/Thesis/build/action_interfaces -- -j16 -l16
[0.984s] Invoking command in '/home/mo/Thesis/build/action_interfaces': CMAKE_PREFIX_PATH=${CMAKE_PREFIX_PATH}:/home/mo/Thesis/install/vision:/home/mo/Thesis/install/vcnanoz:/home/mo/Thesis/install/sensopart_visor:/home/mo/Thesis/install/robot_control:/home/mo/Thesis/install/kr_example_python:/home/mo/Thesis/install/bt_pkg:/home/mo/Thesis/install/action_servers:/opt/ros/foxy /usr/bin/cmake --install /home/mo/Thesis/build/action_interfaces
[0.994s] -- Install configuration: ""
[0.995s] -- Up-to-date: /home/mo/Thesis/install/action_interfaces/share/ament_index/resource_index/rosidl_interfaces/action_interfaces
[0.995s] -- Up-to-date: /home/mo/Thesis/install/action_interfaces/include/action_interfaces
[0.995s] -- Up-to-date: /home/mo/Thesis/install/action_interfaces/include/action_interfaces/action
[0.995s] -- Up-to-date: /home/mo/Thesis/install/action_interfaces/include/action_interfaces/action/fibonacci.h
[0.996s] -- Up-to-date: /home/mo/Thesis/install/action_interfaces/include/action_interfaces/action/detail
[0.996s] -- Up-to-date: /home/mo/Thesis/install/action_interfaces/include/action_interfaces/action/detail/move_tcp_along_axis__type_support.h
[0.996s] -- Up-to-date: /home/mo/Thesis/install/action_interfaces/include/action_interfaces/action/detail/move_tcp_along_axis__struct.h
[0.996s] -- Up-to-date: /home/mo/Thesis/install/action_interfaces/include/action_interfaces/action/detail/fibonacci__type_support.h
[0.996s] -- Up-to-date: /home/mo/Thesis/install/action_interfaces/include/action_interfaces/action/detail/fibonacci__functions.h
[0.997s] -- Up-to-date: /home/mo/Thesis/install/action_interfaces/include/action_interfaces/action/detail/move_tcp_along_axis__functions.c
[0.997s] -- Up-to-date: /home/mo/Thesis/install/action_interfaces/include/action_interfaces/action/detail/fibonacci__struct.h
[0.998s] -- Up-to-date: /home/mo/Thesis/install/action_interfaces/include/action_interfaces/action/detail/move_tcp_along_axis__functions.h
[0.999s] -- Up-to-date: /home/mo/Thesis/install/action_interfaces/include/action_interfaces/action/detail/fibonacci__functions.c
[0.999s] -- Up-to-date: /home/mo/Thesis/install/action_interfaces/include/action_interfaces/action/move_tcp_along_axis.h
[0.999s] -- Up-to-date: /home/mo/Thesis/install/action_interfaces/include/action_interfaces/msg
[0.999s] -- Up-to-date: /home/mo/Thesis/install/action_interfaces/include/action_interfaces/msg/rosidl_generator_c__visibility_control.h
[0.999s] -- Up-to-date: /home/mo/Thesis/install/action_interfaces/share/action_interfaces/environment/library_path.sh
[0.999s] -- Up-to-date: /home/mo/Thesis/install/action_interfaces/share/action_interfaces/environment/library_path.dsv
[1.000s] -- Up-to-date: /home/mo/Thesis/install/action_interfaces/lib/libaction_interfaces__rosidl_generator_c.so
[1.001s] -- Up-to-date: /home/mo/Thesis/install/action_interfaces/include/action_interfaces
[1.001s] -- Up-to-date: /home/mo/Thesis/install/action_interfaces/include/action_interfaces/action
[1.001s] -- Up-to-date: /home/mo/Thesis/install/action_interfaces/include/action_interfaces/action/detail
[1.001s] -- Up-to-date: /home/mo/Thesis/install/action_interfaces/include/action_interfaces/action/detail/move_tcp_along_axis__rosidl_typesupport_fastrtps_c.h
[1.001s] -- Up-to-date: /home/mo/Thesis/install/action_interfaces/include/action_interfaces/action/detail/fibonacci__rosidl_typesupport_fastrtps_c.h
[1.002s] -- Up-to-date: /home/mo/Thesis/install/action_interfaces/include/action_interfaces/msg
[1.002s] -- Up-to-date: /home/mo/Thesis/install/action_interfaces/include/action_interfaces/msg/rosidl_typesupport_fastrtps_c__visibility_control.h
[1.002s] -- Up-to-date: /home/mo/Thesis/install/action_interfaces/lib/libaction_interfaces__rosidl_typesupport_fastrtps_c.so
[1.002s] -- Up-to-date: /home/mo/Thesis/install/action_interfaces/include/action_interfaces
[1.004s] -- Up-to-date: /home/mo/Thesis/install/action_interfaces/include/action_interfaces/action
[1.005s] -- Up-to-date: /home/mo/Thesis/install/action_interfaces/include/action_interfaces/action/detail
[1.006s] -- Up-to-date: /home/mo/Thesis/install/action_interfaces/include/action_interfaces/action/detail/move_tcp_along_axis__rosidl_typesupport_fastrtps_cpp.hpp
[1.006s] -- Up-to-date: /home/mo/Thesis/install/action_interfaces/include/action_interfaces/action/detail/fibonacci__rosidl_typesupport_fastrtps_cpp.hpp
[1.006s] -- Up-to-date: /home/mo/Thesis/install/action_interfaces/include/action_interfaces/action/detail/dds_fastrtps
[1.007s] -- Up-to-date: /home/mo/Thesis/install/action_interfaces/include/action_interfaces/msg
[1.007s] -- Up-to-date: /home/mo/Thesis/install/action_interfaces/include/action_interfaces/msg/rosidl_typesupport_fastrtps_cpp__visibility_control.h
[1.007s] -- Up-to-date: /home/mo/Thesis/install/action_interfaces/lib/libaction_interfaces__rosidl_typesupport_fastrtps_cpp.so
[1.009s] -- Up-to-date: /home/mo/Thesis/install/action_interfaces/include/action_interfaces
[1.009s] -- Up-to-date: /home/mo/Thesis/install/action_interfaces/include/action_interfaces/action
[1.010s] -- Up-to-date: /home/mo/Thesis/install/action_interfaces/include/action_interfaces/action/detail
[1.011s] -- Up-to-date: /home/mo/Thesis/install/action_interfaces/include/action_interfaces/action/detail/move_tcp_along_axis__rosidl_typesupport_introspection_c.h
[1.011s] -- Up-to-date: /home/mo/Thesis/install/action_interfaces/include/action_interfaces/action/detail/fibonacci__rosidl_typesupport_introspection_c.h
[1.011s] -- Up-to-date: /home/mo/Thesis/install/action_interfaces/include/action_interfaces/action/detail/fibonacci__type_support.c
[1.011s] -- Up-to-date: /home/mo/Thesis/install/action_interfaces/include/action_interfaces/action/detail/move_tcp_along_axis__type_support.c
[1.011s] -- Up-to-date: /home/mo/Thesis/install/action_interfaces/include/action_interfaces/msg
[1.011s] -- Up-to-date: /home/mo/Thesis/install/action_interfaces/include/action_interfaces/msg/rosidl_typesupport_introspection_c__visibility_control.h
[1.012s] -- Up-to-date: /home/mo/Thesis/install/action_interfaces/lib/libaction_interfaces__rosidl_typesupport_introspection_c.so
[1.016s] -- Up-to-date: /home/mo/Thesis/install/action_interfaces/lib/libaction_interfaces__rosidl_typesupport_c.so
[1.016s] -- Up-to-date: /home/mo/Thesis/install/action_interfaces/include/action_interfaces
[1.016s] -- Up-to-date: /home/mo/Thesis/install/action_interfaces/include/action_interfaces/action
[1.016s] -- Up-to-date: /home/mo/Thesis/install/action_interfaces/include/action_interfaces/action/fibonacci.hpp
[1.016s] -- Up-to-date: /home/mo/Thesis/install/action_interfaces/include/action_interfaces/action/move_tcp_along_axis.hpp
[1.016s] -- Up-to-date: /home/mo/Thesis/install/action_interfaces/include/action_interfaces/action/detail
[1.017s] -- Up-to-date: /home/mo/Thesis/install/action_interfaces/include/action_interfaces/action/detail/move_tcp_along_axis__builder.hpp
[1.017s] -- Up-to-date: /home/mo/Thesis/install/action_interfaces/include/action_interfaces/action/detail/fibonacci__traits.hpp
[1.018s] -- Up-to-date: /home/mo/Thesis/install/action_interfaces/include/action_interfaces/action/detail/fibonacci__type_support.hpp
[1.018s] -- Up-to-date: /home/mo/Thesis/install/action_interfaces/include/action_interfaces/action/detail/move_tcp_along_axis__traits.hpp
[1.018s] -- Up-to-date: /home/mo/Thesis/install/action_interfaces/include/action_interfaces/action/detail/move_tcp_along_axis__type_support.hpp
[1.019s] -- Up-to-date: /home/mo/Thesis/install/action_interfaces/include/action_interfaces/action/detail/fibonacci__struct.hpp
[1.019s] -- Up-to-date: /home/mo/Thesis/install/action_interfaces/include/action_interfaces/action/detail/move_tcp_along_axis__struct.hpp
[1.019s] -- Up-to-date: /home/mo/Thesis/install/action_interfaces/include/action_interfaces/action/detail/fibonacci__builder.hpp
[1.019s] -- Up-to-date: /home/mo/Thesis/install/action_interfaces/include/action_interfaces/msg
[1.019s] -- Up-to-date: /home/mo/Thesis/install/action_interfaces/include/action_interfaces/msg/rosidl_generator_cpp__visibility_control.hpp
[1.020s] -- Up-to-date: /home/mo/Thesis/install/action_interfaces/include/action_interfaces
[1.020s] -- Up-to-date: /home/mo/Thesis/install/action_interfaces/include/action_interfaces/action
[1.020s] -- Up-to-date: /home/mo/Thesis/install/action_interfaces/include/action_interfaces/action/detail
[1.021s] -- Up-to-date: /home/mo/Thesis/install/action_interfaces/include/action_interfaces/action/detail/move_tcp_along_axis__type_support.cpp
[1.021s] -- Up-to-date: /home/mo/Thesis/install/action_interfaces/include/action_interfaces/action/detail/move_tcp_along_axis__rosidl_typesupport_introspection_cpp.hpp
[1.021s] -- Up-to-date: /home/mo/Thesis/install/action_interfaces/include/action_interfaces/action/detail/fibonacci__type_support.cpp
[1.021s] -- Up-to-date: /home/mo/Thesis/install/action_interfaces/include/action_interfaces/action/detail/fibonacci__rosidl_typesupport_introspection_cpp.hpp
[1.024s] -- Up-to-date: /home/mo/Thesis/install/action_interfaces/lib/libaction_interfaces__rosidl_typesupport_introspection_cpp.so
[1.025s] -- Up-to-date: /home/mo/Thesis/install/action_interfaces/lib/libaction_interfaces__rosidl_typesupport_cpp.so
[1.025s] -- Up-to-date: /home/mo/Thesis/install/action_interfaces/share/action_interfaces/environment/pythonpath.sh
[1.025s] -- Up-to-date: /home/mo/Thesis/install/action_interfaces/share/action_interfaces/environment/pythonpath.dsv
[1.025s] -- Up-to-date: /home/mo/Thesis/install/action_interfaces/lib/python3.8/site-packages/action_interfaces/__init__.py
[1.141s] -- Up-to-date: /home/mo/Thesis/install/action_interfaces/lib/python3.8/site-packages/action_interfaces/action
[1.142s] -- Up-to-date: /home/mo/Thesis/install/action_interfaces/lib/python3.8/site-packages/action_interfaces/action/_move_tcp_along_axis.py
[1.142s] -- Up-to-date: /home/mo/Thesis/install/action_interfaces/lib/python3.8/site-packages/action_interfaces/action/_move_tcp_along_axis_s.c
[1.142s] -- Up-to-date: /home/mo/Thesis/install/action_interfaces/lib/python3.8/site-packages/action_interfaces/action/_fibonacci_s.c
[1.142s] -- Up-to-date: /home/mo/Thesis/install/action_interfaces/lib/python3.8/site-packages/action_interfaces/action/_fibonacci.py
[1.142s] -- Up-to-date: /home/mo/Thesis/install/action_interfaces/lib/python3.8/site-packages/action_interfaces/action/__init__.py
[1.144s] -- Up-to-date: /home/mo/Thesis/install/action_interfaces/lib/python3.8/site-packages/action_interfaces/action_interfaces_s__rosidl_typesupport_fastrtps_c.cpython-38-x86_64-linux-gnu.so
[1.144s] -- Up-to-date: /home/mo/Thesis/install/action_interfaces/lib/python3.8/site-packages/action_interfaces/action_interfaces_s__rosidl_typesupport_introspection_c.cpython-38-x86_64-linux-gnu.so
[1.144s] -- Up-to-date: /home/mo/Thesis/install/action_interfaces/lib/python3.8/site-packages/action_interfaces/action_interfaces_s__rosidl_typesupport_c.cpython-38-x86_64-linux-gnu.so
[1.144s] -- Up-to-date: /home/mo/Thesis/install/action_interfaces/lib/libaction_interfaces__python.so
[1.144s] -- Up-to-date: /home/mo/Thesis/install/action_interfaces/share/action_interfaces/action/Fibonacci.idl
[1.144s] -- Up-to-date: /home/mo/Thesis/install/action_interfaces/share/action_interfaces/action/MoveTcpAlongAxis.idl
[1.144s] -- Up-to-date: /home/mo/Thesis/install/action_interfaces/share/action_interfaces/action/Fibonacci.action
[1.144s] -- Up-to-date: /home/mo/Thesis/install/action_interfaces/share/action_interfaces/action/MoveTcpAlongAxis.action
[1.144s] -- Up-to-date: /home/mo/Thesis/install/action_interfaces/share/ament_index/resource_index/package_run_dependencies/action_interfaces
[1.144s] -- Up-to-date: /home/mo/Thesis/install/action_interfaces/share/ament_index/resource_index/parent_prefix_path/action_interfaces
[1.144s] -- Up-to-date: /home/mo/Thesis/install/action_interfaces/share/action_interfaces/environment/ament_prefix_path.sh
[1.144s] -- Up-to-date: /home/mo/Thesis/install/action_interfaces/share/action_interfaces/environment/ament_prefix_path.dsv
[1.145s] -- Up-to-date: /home/mo/Thesis/install/action_interfaces/share/action_interfaces/environment/path.sh
[1.145s] -- Up-to-date: /home/mo/Thesis/install/action_interfaces/share/action_interfaces/environment/path.dsv
[1.145s] -- Up-to-date: /home/mo/Thesis/install/action_interfaces/share/action_interfaces/local_setup.bash
[1.145s] -- Up-to-date: /home/mo/Thesis/install/action_interfaces/share/action_interfaces/local_setup.sh
[1.145s] -- Up-to-date: /home/mo/Thesis/install/action_interfaces/share/action_interfaces/local_setup.zsh
[1.145s] -- Up-to-date: /home/mo/Thesis/install/action_interfaces/share/action_interfaces/local_setup.dsv
[1.145s] -- Installing: /home/mo/Thesis/install/action_interfaces/share/action_interfaces/package.dsv
[1.145s] -- Up-to-date: /home/mo/Thesis/install/action_interfaces/share/ament_index/resource_index/packages/action_interfaces
[1.145s] -- Up-to-date: /home/mo/Thesis/install/action_interfaces/share/action_interfaces/cmake/action_interfaces__rosidl_generator_cExport.cmake
[1.145s] -- Up-to-date: /home/mo/Thesis/install/action_interfaces/share/action_interfaces/cmake/action_interfaces__rosidl_generator_cExport-noconfig.cmake
[1.145s] -- Up-to-date: /home/mo/Thesis/install/action_interfaces/share/action_interfaces/cmake/action_interfaces__rosidl_typesupport_introspection_cExport.cmake
[1.145s] -- Up-to-date: /home/mo/Thesis/install/action_interfaces/share/action_interfaces/cmake/action_interfaces__rosidl_typesupport_introspection_cExport-noconfig.cmake
[1.145s] -- Up-to-date: /home/mo/Thesis/install/action_interfaces/share/action_interfaces/cmake/action_interfaces__rosidl_typesupport_cExport.cmake
[1.145s] -- Up-to-date: /home/mo/Thesis/install/action_interfaces/share/action_interfaces/cmake/action_interfaces__rosidl_typesupport_cExport-noconfig.cmake
[1.145s] -- Up-to-date: /home/mo/Thesis/install/action_interfaces/share/action_interfaces/cmake/action_interfaces__rosidl_generator_cppExport.cmake
[1.145s] -- Up-to-date: /home/mo/Thesis/install/action_interfaces/share/action_interfaces/cmake/action_interfaces__rosidl_typesupport_introspection_cppExport.cmake
[1.145s] -- Up-to-date: /home/mo/Thesis/install/action_interfaces/share/action_interfaces/cmake/action_interfaces__rosidl_typesupport_introspection_cppExport-noconfig.cmake
[1.145s] -- Up-to-date: /home/mo/Thesis/install/action_interfaces/share/action_interfaces/cmake/action_interfaces__rosidl_typesupport_cppExport.cmake
[1.146s] -- Up-to-date: /home/mo/Thesis/install/action_interfaces/share/action_interfaces/cmake/action_interfaces__rosidl_typesupport_cppExport-noconfig.cmake
[1.146s] -- Up-to-date: /home/mo/Thesis/install/action_interfaces/share/action_interfaces/cmake/rosidl_cmake-extras.cmake
[1.146s] -- Up-to-date: /home/mo/Thesis/install/action_interfaces/share/action_interfaces/cmake/ament_cmake_export_dependencies-extras.cmake
[1.146s] -- Up-to-date: /home/mo/Thesis/install/action_interfaces/share/action_interfaces/cmake/ament_cmake_export_libraries-extras.cmake
[1.146s] -- Up-to-date: /home/mo/Thesis/install/action_interfaces/share/action_interfaces/cmake/ament_cmake_export_targets-extras.cmake
[1.146s] -- Up-to-date: /home/mo/Thesis/install/action_interfaces/share/action_interfaces/cmake/ament_cmake_export_include_directories-extras.cmake
[1.146s] -- Up-to-date: /home/mo/Thesis/install/action_interfaces/share/action_interfaces/cmake/rosidl_cmake_export_typesupport_libraries-extras.cmake
[1.146s] -- Up-to-date: /home/mo/Thesis/install/action_interfaces/share/action_interfaces/cmake/rosidl_cmake_export_typesupport_targets-extras.cmake
[1.146s] -- Up-to-date: /home/mo/Thesis/install/action_interfaces/share/action_interfaces/cmake/action_interfacesConfig.cmake
[1.146s] -- Up-to-date: /home/mo/Thesis/install/action_interfaces/share/action_interfaces/cmake/action_interfacesConfig-version.cmake
[1.146s] -- Up-to-date: /home/mo/Thesis/install/action_interfaces/share/action_interfaces/package.xml
[1.146s] Invoked command in '/home/mo/Thesis/build/action_interfaces' returned '0': CMAKE_PREFIX_PATH=${CMAKE_PREFIX_PATH}:/home/mo/Thesis/install/vision:/home/mo/Thesis/install/vcnanoz:/home/mo/Thesis/install/sensopart_visor:/home/mo/Thesis/install/robot_control:/home/mo/Thesis/install/kr_example_python:/home/mo/Thesis/install/bt_pkg:/home/mo/Thesis/install/action_servers:/opt/ros/foxy /usr/bin/cmake --install /home/mo/Thesis/build/action_interfaces
