[0.338s] Invoking command in '/home/mo/Thesis/build/kr_example_cpp': CMAKE_PREFIX_PATH=/home/mo/Thesis/install/kr_msgs:/home/mo/Thesis/install/kr_example_cpp:/home/mo/Thesis/install/kdl_parser:/home/mo/Thesis/install/action_interfaces:/home/mo/Thesis/install/vision:/home/mo/Thesis/install/vcnanoz:/home/mo/Thesis/install/sensopart_visor:/home/mo/Thesis/install/robot_control:/home/mo/Thesis/install/kr_example_python:/home/mo/Thesis/install/action_servers:/opt/ros/foxy PYTHONPATH=/home/mo/Thesis/install/kr_msgs/lib/python3.8/site-packages:/home/mo/Thesis/install/vision/lib/python3.8/site-packages:/home/mo/Thesis/install/vcnanoz/lib/python3.8/site-packages:/home/mo/Thesis/install/sensopart_visor/lib/python3.8/site-packages:/home/mo/Thesis/install/robot_control/lib/python3.8/site-packages:/home/mo/Thesis/install/kr_example_python/lib/python3.8/site-packages:/home/mo/Thesis/install/action_servers/lib/python3.8/site-packages:/home/mo/Thesis/install/action_interfaces/lib/python3.8/site-packages:/opt/ros/foxy/lib/python3.8/site-packages /usr/bin/cmake --build /home/mo/Thesis/build/kr_example_cpp -- -j16 -l16
[0.577s] [ 20%] Built target self_motion
[0.578s] [ 60%] Built target jog_linear
[0.578s] [ 60%] Built target robot_state
[0.578s] [100%] Built target move_joint
[0.580s] [100%] Built target follow_joint
[0.582s] Invoked command in '/home/mo/Thesis/build/kr_example_cpp' returned '0': CMAKE_PREFIX_PATH=/home/mo/Thesis/install/kr_msgs:/home/mo/Thesis/install/kr_example_cpp:/home/mo/Thesis/install/kdl_parser:/home/mo/Thesis/install/action_interfaces:/home/mo/Thesis/install/vision:/home/mo/Thesis/install/vcnanoz:/home/mo/Thesis/install/sensopart_visor:/home/mo/Thesis/install/robot_control:/home/mo/Thesis/install/kr_example_python:/home/mo/Thesis/install/action_servers:/opt/ros/foxy PYTHONPATH=/home/mo/Thesis/install/kr_msgs/lib/python3.8/site-packages:/home/mo/Thesis/install/vision/lib/python3.8/site-packages:/home/mo/Thesis/install/vcnanoz/lib/python3.8/site-packages:/home/mo/Thesis/install/sensopart_visor/lib/python3.8/site-packages:/home/mo/Thesis/install/robot_control/lib/python3.8/site-packages:/home/mo/Thesis/install/kr_example_python/lib/python3.8/site-packages:/home/mo/Thesis/install/action_servers/lib/python3.8/site-packages:/home/mo/Thesis/install/action_interfaces/lib/python3.8/site-packages:/opt/ros/foxy/lib/python3.8/site-packages /usr/bin/cmake --build /home/mo/Thesis/build/kr_example_cpp -- -j16 -l16
[0.585s] Invoking command in '/home/mo/Thesis/build/kr_example_cpp': CMAKE_PREFIX_PATH=/home/mo/Thesis/install/kr_msgs:/home/mo/Thesis/install/kr_example_cpp:/home/mo/Thesis/install/kdl_parser:/home/mo/Thesis/install/action_interfaces:/home/mo/Thesis/install/vision:/home/mo/Thesis/install/vcnanoz:/home/mo/Thesis/install/sensopart_visor:/home/mo/Thesis/install/robot_control:/home/mo/Thesis/install/kr_example_python:/home/mo/Thesis/install/action_servers:/opt/ros/foxy PYTHONPATH=/home/mo/Thesis/install/kr_msgs/lib/python3.8/site-packages:/home/mo/Thesis/install/vision/lib/python3.8/site-packages:/home/mo/Thesis/install/vcnanoz/lib/python3.8/site-packages:/home/mo/Thesis/install/sensopart_visor/lib/python3.8/site-packages:/home/mo/Thesis/install/robot_control/lib/python3.8/site-packages:/home/mo/Thesis/install/kr_example_python/lib/python3.8/site-packages:/home/mo/Thesis/install/action_servers/lib/python3.8/site-packages:/home/mo/Thesis/install/action_interfaces/lib/python3.8/site-packages:/opt/ros/foxy/lib/python3.8/site-packages /usr/bin/cmake --install /home/mo/Thesis/build/kr_example_cpp
[0.601s] -- Install configuration: ""
[0.603s] -- Up-to-date: /home/mo/Thesis/install/kr_example_cpp/lib/kr_example_cpp/robot_state
[0.604s] -- Up-to-date: /home/mo/Thesis/install/kr_example_cpp/lib/kr_example_cpp/follow_joint
[0.605s] -- Up-to-date: /home/mo/Thesis/install/kr_example_cpp/lib/kr_example_cpp/move_joint
[0.606s] -- Up-to-date: /home/mo/Thesis/install/kr_example_cpp/lib/kr_example_cpp/jog_linear
[0.606s] -- Up-to-date: /home/mo/Thesis/install/kr_example_cpp/lib/kr_example_cpp/self_motion
[0.607s] -- Up-to-date: /home/mo/Thesis/install/kr_example_cpp/share/ament_index/resource_index/package_run_dependencies/kr_example_cpp
[0.607s] -- Up-to-date: /home/mo/Thesis/install/kr_example_cpp/share/ament_index/resource_index/parent_prefix_path/kr_example_cpp
[0.608s] -- Up-to-date: /home/mo/Thesis/install/kr_example_cpp/share/kr_example_cpp/environment/ament_prefix_path.sh
[0.608s] -- Up-to-date: /home/mo/Thesis/install/kr_example_cpp/share/kr_example_cpp/environment/ament_prefix_path.dsv
[0.608s] -- Up-to-date: /home/mo/Thesis/install/kr_example_cpp/share/kr_example_cpp/environment/path.sh
[0.608s] -- Up-to-date: /home/mo/Thesis/install/kr_example_cpp/share/kr_example_cpp/environment/path.dsv
[0.608s] -- Up-to-date: /home/mo/Thesis/install/kr_example_cpp/share/kr_example_cpp/local_setup.bash
[0.609s] -- Up-to-date: /home/mo/Thesis/install/kr_example_cpp/share/kr_example_cpp/local_setup.sh
[0.609s] -- Up-to-date: /home/mo/Thesis/install/kr_example_cpp/share/kr_example_cpp/local_setup.zsh
[0.609s] -- Up-to-date: /home/mo/Thesis/install/kr_example_cpp/share/kr_example_cpp/local_setup.dsv
[0.609s] -- Installing: /home/mo/Thesis/install/kr_example_cpp/share/kr_example_cpp/package.dsv
[0.609s] -- Up-to-date: /home/mo/Thesis/install/kr_example_cpp/share/ament_index/resource_index/packages/kr_example_cpp
[0.609s] -- Up-to-date: /home/mo/Thesis/install/kr_example_cpp/share/kr_example_cpp/cmake/kr_example_cppConfig.cmake
[0.610s] -- Up-to-date: /home/mo/Thesis/install/kr_example_cpp/share/kr_example_cpp/cmake/kr_example_cppConfig-version.cmake
[0.610s] -- Up-to-date: /home/mo/Thesis/install/kr_example_cpp/share/kr_example_cpp/package.xml
[0.610s] Invoked command in '/home/mo/Thesis/build/kr_example_cpp' returned '0': CMAKE_PREFIX_PATH=/home/mo/Thesis/install/kr_msgs:/home/mo/Thesis/install/kr_example_cpp:/home/mo/Thesis/install/kdl_parser:/home/mo/Thesis/install/action_interfaces:/home/mo/Thesis/install/vision:/home/mo/Thesis/install/vcnanoz:/home/mo/Thesis/install/sensopart_visor:/home/mo/Thesis/install/robot_control:/home/mo/Thesis/install/kr_example_python:/home/mo/Thesis/install/action_servers:/opt/ros/foxy PYTHONPATH=/home/mo/Thesis/install/kr_msgs/lib/python3.8/site-packages:/home/mo/Thesis/install/vision/lib/python3.8/site-packages:/home/mo/Thesis/install/vcnanoz/lib/python3.8/site-packages:/home/mo/Thesis/install/sensopart_visor/lib/python3.8/site-packages:/home/mo/Thesis/install/robot_control/lib/python3.8/site-packages:/home/mo/Thesis/install/kr_example_python/lib/python3.8/site-packages:/home/mo/Thesis/install/action_servers/lib/python3.8/site-packages:/home/mo/Thesis/install/action_interfaces/lib/python3.8/site-packages:/opt/ros/foxy/lib/python3.8/site-packages /usr/bin/cmake --install /home/mo/Thesis/build/kr_example_cpp
