[0.021s] Invoking command in '/home/vboxuser/ros2_ws/build/realsense2_description': AMENT_PREFIX_PATH=/home/vboxuser/ros2_ws/install/realsense2_camera_msgs:${AMENT_PREFIX_PATH} CMAKE_PREFIX_PATH=/home/vboxuser/ros2_ws/install/realsense2_camera_msgs:/home/vboxuser/install/kr_example_cpp:/home/vboxuser/install/kr_msgs:/home/vboxuser/install/kr_example_python:/opt/ros/foxy LD_LIBRARY_PATH=/home/vboxuser/ros2_ws/install/realsense2_camera_msgs/lib:${LD_LIBRARY_PATH} PYTHONPATH=/home/vboxuser/ros2_ws/install/realsense2_camera_msgs/lib/python3.8/site-packages:${PYTHONPATH} /usr/bin/cmake /home/vboxuser/ros2_ws/src/realsense-ros/realsense2_description -DCMAKE_INSTALL_PREFIX=/home/vboxuser/ros2_ws/install/realsense2_description
[0.035s] -- Found ament_cmake: 0.9.12 (/opt/ros/foxy/share/ament_cmake/cmake)
[0.058s] -- Using PYTHON_EXECUTABLE: /usr/bin/python3
[0.218s] -- Override CMake install command with custom implementation using symlinks instead of copying resources
[0.282s] -- Configuring done
[0.285s] -- Generating done
[0.286s] -- Build files have been written to: /home/vboxuser/ros2_ws/build/realsense2_description
[0.292s] Invoked command in '/home/vboxuser/ros2_ws/build/realsense2_description' returned '0': AMENT_PREFIX_PATH=/home/vboxuser/ros2_ws/install/realsense2_camera_msgs:${AMENT_PREFIX_PATH} CMAKE_PREFIX_PATH=/home/vboxuser/ros2_ws/install/realsense2_camera_msgs:/home/vboxuser/install/kr_example_cpp:/home/vboxuser/install/kr_msgs:/home/vboxuser/install/kr_example_python:/opt/ros/foxy LD_LIBRARY_PATH=/home/vboxuser/ros2_ws/install/realsense2_camera_msgs/lib:${LD_LIBRARY_PATH} PYTHONPATH=/home/vboxuser/ros2_ws/install/realsense2_camera_msgs/lib/python3.8/site-packages:${PYTHONPATH} /usr/bin/cmake /home/vboxuser/ros2_ws/src/realsense-ros/realsense2_description -DCMAKE_INSTALL_PREFIX=/home/vboxuser/ros2_ws/install/realsense2_description
[0.292s] Invoking command in '/home/vboxuser/ros2_ws/build/realsense2_description': AMENT_PREFIX_PATH=/home/vboxuser/ros2_ws/install/realsense2_camera_msgs:${AMENT_PREFIX_PATH} CMAKE_PREFIX_PATH=/home/vboxuser/ros2_ws/install/realsense2_camera_msgs:/home/vboxuser/install/kr_example_cpp:/home/vboxuser/install/kr_msgs:/home/vboxuser/install/kr_example_python:/opt/ros/foxy LD_LIBRARY_PATH=/home/vboxuser/ros2_ws/install/realsense2_camera_msgs/lib:${LD_LIBRARY_PATH} PYTHONPATH=/home/vboxuser/ros2_ws/install/realsense2_camera_msgs/lib/python3.8/site-packages:${PYTHONPATH} /usr/bin/cmake --build /home/vboxuser/ros2_ws/build/realsense2_description -- -j8 -l8
[0.344s] Invoked command in '/home/vboxuser/ros2_ws/build/realsense2_description' returned '0': AMENT_PREFIX_PATH=/home/vboxuser/ros2_ws/install/realsense2_camera_msgs:${AMENT_PREFIX_PATH} CMAKE_PREFIX_PATH=/home/vboxuser/ros2_ws/install/realsense2_camera_msgs:/home/vboxuser/install/kr_example_cpp:/home/vboxuser/install/kr_msgs:/home/vboxuser/install/kr_example_python:/opt/ros/foxy LD_LIBRARY_PATH=/home/vboxuser/ros2_ws/install/realsense2_camera_msgs/lib:${LD_LIBRARY_PATH} PYTHONPATH=/home/vboxuser/ros2_ws/install/realsense2_camera_msgs/lib/python3.8/site-packages:${PYTHONPATH} /usr/bin/cmake --build /home/vboxuser/ros2_ws/build/realsense2_description -- -j8 -l8
[0.378s] Invoking command in '/home/vboxuser/ros2_ws/build/realsense2_description': AMENT_PREFIX_PATH=/home/vboxuser/ros2_ws/install/realsense2_camera_msgs:${AMENT_PREFIX_PATH} CMAKE_PREFIX_PATH=/home/vboxuser/ros2_ws/install/realsense2_camera_msgs:/home/vboxuser/install/kr_example_cpp:/home/vboxuser/install/kr_msgs:/home/vboxuser/install/kr_example_python:/opt/ros/foxy LD_LIBRARY_PATH=/home/vboxuser/ros2_ws/install/realsense2_camera_msgs/lib:${LD_LIBRARY_PATH} PYTHONPATH=/home/vboxuser/ros2_ws/install/realsense2_camera_msgs/lib/python3.8/site-packages:${PYTHONPATH} /usr/bin/cmake --install /home/vboxuser/ros2_ws/build/realsense2_description
[0.389s] -- Install configuration: ""
[0.390s] -- Execute custom install script
[0.390s] -- Up-to-date symlink: /home/vboxuser/ros2_ws/install/realsense2_description/share/realsense2_description/launch/launch_utils.py
[0.391s] -- Up-to-date symlink: /home/vboxuser/ros2_ws/install/realsense2_description/share/realsense2_description/launch/view_model.launch.py
[0.391s] -- Up-to-date symlink: /home/vboxuser/ros2_ws/install/realsense2_description/share/realsense2_description/meshes/d405.stl
[0.391s] -- Up-to-date symlink: /home/vboxuser/ros2_ws/install/realsense2_description/share/realsense2_description/meshes/d415.stl
[0.391s] -- Up-to-date symlink: /home/vboxuser/ros2_ws/install/realsense2_description/share/realsense2_description/meshes/d435.dae
[0.392s] -- Up-to-date symlink: /home/vboxuser/ros2_ws/install/realsense2_description/share/realsense2_description/meshes/d455.stl
[0.392s] -- Up-to-date symlink: /home/vboxuser/ros2_ws/install/realsense2_description/share/realsense2_description/meshes/l515.dae
[0.392s] -- Up-to-date symlink: /home/vboxuser/ros2_ws/install/realsense2_description/share/realsense2_description/meshes/plug.stl
[0.392s] -- Up-to-date symlink: /home/vboxuser/ros2_ws/install/realsense2_description/share/realsense2_description/meshes/plug_collision.stl
[0.393s] -- Up-to-date symlink: /home/vboxuser/ros2_ws/install/realsense2_description/share/realsense2_description/rviz/urdf.rviz
[0.393s] -- Up-to-date symlink: /home/vboxuser/ros2_ws/install/realsense2_description/share/realsense2_description/urdf/_d405.urdf.xacro
[0.394s] -- Up-to-date symlink: /home/vboxuser/ros2_ws/install/realsense2_description/share/realsense2_description/urdf/_d415.urdf.xacro
[0.394s] -- Up-to-date symlink: /home/vboxuser/ros2_ws/install/realsense2_description/share/realsense2_description/urdf/_d435.urdf.xacro
[0.394s] -- Up-to-date symlink: /home/vboxuser/ros2_ws/install/realsense2_description/share/realsense2_description/urdf/_d435i.urdf.xacro
[0.394s] -- Up-to-date symlink: /home/vboxuser/ros2_ws/install/realsense2_description/share/realsense2_description/urdf/_d435i_imu_modules.urdf.xacro
[0.395s] -- Up-to-date symlink: /home/vboxuser/ros2_ws/install/realsense2_description/share/realsense2_description/urdf/_d455.urdf.xacro
[0.395s] -- Up-to-date symlink: /home/vboxuser/ros2_ws/install/realsense2_description/share/realsense2_description/urdf/_materials.urdf.xacro
[0.395s] -- Up-to-date symlink: /home/vboxuser/ros2_ws/install/realsense2_description/share/realsense2_description/urdf/_r410.urdf.xacro
[0.396s] -- Up-to-date symlink: /home/vboxuser/ros2_ws/install/realsense2_description/share/realsense2_description/urdf/_r430.urdf.xacro
[0.396s] -- Up-to-date symlink: /home/vboxuser/ros2_ws/install/realsense2_description/share/realsense2_description/urdf/_usb_plug.urdf.xacro
[0.396s] -- Up-to-date symlink: /home/vboxuser/ros2_ws/install/realsense2_description/share/realsense2_description/urdf/test_d405_camera.urdf.xacro
[0.396s] -- Up-to-date symlink: /home/vboxuser/ros2_ws/install/realsense2_description/share/realsense2_description/urdf/test_d415_camera.urdf.xacro
[0.397s] -- Up-to-date symlink: /home/vboxuser/ros2_ws/install/realsense2_description/share/realsense2_description/urdf/test_d435_camera.urdf.xacro
[0.397s] -- Up-to-date symlink: /home/vboxuser/ros2_ws/install/realsense2_description/share/realsense2_description/urdf/test_d435_multiple_cameras.urdf.xacro
[0.397s] -- Up-to-date symlink: /home/vboxuser/ros2_ws/install/realsense2_description/share/realsense2_description/urdf/test_d435i_camera.urdf.xacro
[0.397s] -- Up-to-date symlink: /home/vboxuser/ros2_ws/install/realsense2_description/share/realsense2_description/urdf/test_d455_camera.urdf.xacro
[0.397s] -- Up-to-date symlink: /home/vboxuser/ros2_ws/install/realsense2_description/share/realsense2_description/urdf/test_r410_camera.urdf.xacro
[0.397s] -- Up-to-date symlink: /home/vboxuser/ros2_ws/install/realsense2_description/share/realsense2_description/urdf/test_r430_camera.urdf.xacro
[0.398s] -- Up-to-date symlink: /home/vboxuser/ros2_ws/install/realsense2_description/share/ament_index/resource_index/package_run_dependencies/realsense2_description
[0.398s] -- Up-to-date symlink: /home/vboxuser/ros2_ws/install/realsense2_description/share/ament_index/resource_index/parent_prefix_path/realsense2_description
[0.398s] -- Up-to-date symlink: /home/vboxuser/ros2_ws/install/realsense2_description/share/realsense2_description/environment/ament_prefix_path.sh
[0.399s] -- Up-to-date symlink: /home/vboxuser/ros2_ws/install/realsense2_description/share/realsense2_description/environment/ament_prefix_path.dsv
[0.399s] -- Up-to-date symlink: /home/vboxuser/ros2_ws/install/realsense2_description/share/realsense2_description/environment/path.sh
[0.400s] -- Up-to-date symlink: /home/vboxuser/ros2_ws/install/realsense2_description/share/realsense2_description/environment/path.dsv
[0.400s] -- Up-to-date symlink: /home/vboxuser/ros2_ws/install/realsense2_description/share/realsense2_description/local_setup.bash
[0.400s] -- Up-to-date symlink: /home/vboxuser/ros2_ws/install/realsense2_description/share/realsense2_description/local_setup.sh
[0.400s] -- Up-to-date symlink: /home/vboxuser/ros2_ws/install/realsense2_description/share/realsense2_description/local_setup.zsh
[0.401s] -- Up-to-date symlink: /home/vboxuser/ros2_ws/install/realsense2_description/share/realsense2_description/local_setup.dsv
[0.401s] -- Symlinking: /home/vboxuser/ros2_ws/install/realsense2_description/share/realsense2_description/package.dsv
[0.413s] -- Up-to-date symlink: /home/vboxuser/ros2_ws/install/realsense2_description/share/ament_index/resource_index/packages/realsense2_description
[0.413s] -- Up-to-date symlink: /home/vboxuser/ros2_ws/install/realsense2_description/share/realsense2_description/cmake/realsense2_descriptionConfig.cmake
[0.413s] -- Up-to-date symlink: /home/vboxuser/ros2_ws/install/realsense2_description/share/realsense2_description/cmake/realsense2_descriptionConfig-version.cmake
[0.413s] -- Up-to-date symlink: /home/vboxuser/ros2_ws/install/realsense2_description/share/realsense2_description/package.xml
[0.417s] Invoked command in '/home/vboxuser/ros2_ws/build/realsense2_description' returned '0': AMENT_PREFIX_PATH=/home/vboxuser/ros2_ws/install/realsense2_camera_msgs:${AMENT_PREFIX_PATH} CMAKE_PREFIX_PATH=/home/vboxuser/ros2_ws/install/realsense2_camera_msgs:/home/vboxuser/install/kr_example_cpp:/home/vboxuser/install/kr_msgs:/home/vboxuser/install/kr_example_python:/opt/ros/foxy LD_LIBRARY_PATH=/home/vboxuser/ros2_ws/install/realsense2_camera_msgs/lib:${LD_LIBRARY_PATH} PYTHONPATH=/home/vboxuser/ros2_ws/install/realsense2_camera_msgs/lib/python3.8/site-packages:${PYTHONPATH} /usr/bin/cmake --install /home/vboxuser/ros2_ws/build/realsense2_description
