[1.239s] Invoking command in '/home/vboxuser/Thesis/src/action_servers': CMAKE_PREFIX_PATH=/home/vboxuser/Thesis/install/action_interfaces:/home/vboxuser/Thesis/install/realsense2_description:/home/vboxuser/Thesis/install/realsense2_camera:/home/vboxuser/Thesis/install/realsense2_camera_msgs:/home/vboxuser/Thesis/install/kr_example_cpp:/home/vboxuser/Thesis/install/kr_msgs LD_LIBRARY_PATH=/home/vboxuser/Thesis/install/action_interfaces/lib:/home/vboxuser/Thesis/install/realsense2_camera/lib:/home/vboxuser/Thesis/install/realsense2_camera_msgs/lib:/home/vboxuser/Thesis/install/kr_msgs/lib:/opt/ros/foxy/opt/yaml_cpp_vendor/lib:/opt/ros/foxy/opt/rviz_ogre_vendor/lib:/opt/ros/foxy/lib/x86_64-linux-gnu:/opt/ros/foxy/lib PYTHONPATH=/home/vboxuser/Thesis/build/action_servers/prefix_override:/usr/lib/python3/dist-packages/colcon_core/task/python/colcon_distutils_commands:/home/vboxuser/Thesis/install/action_servers/lib/python3.8/site-packages:/home/vboxuser/Thesis/install/action_interfaces/lib/python3.8/site-packages:/home/vboxuser/Thesis/install/vision/lib/python3.8/site-packages:/home/vboxuser/Thesis/install/vcnanoz/lib/python3.8/site-packages:/home/vboxuser/Thesis/install/sensopart_visor/lib/python3.8/site-packages:/home/vboxuser/Thesis/install/robot_control/lib/python3.8/site-packages:/home/vboxuser/Thesis/install/realsense2_camera_msgs/lib/python3.8/site-packages:/home/vboxuser/Thesis/install/kr_example_python/lib/python3.8/site-packages:/home/vboxuser/Thesis/install/kr_msgs/lib/python3.8/site-packages:/home/vboxuser/Thesis/install/bt_pkg/lib/python3.8/site-packages:/home/vboxuser/Thesis/install/action_servers/lib/python3.8/site-packages:/opt/ros/foxy/lib/python3.8/site-packages /usr/bin/python3 -W ignore:setup.py install is deprecated setup.py egg_info --egg-base ../../build/action_servers build --build-base /home/vboxuser/Thesis/build/action_servers/build install --record /home/vboxuser/Thesis/build/action_servers/install.log --install-scripts $base/lib/action_servers --single-version-externally-managed install_data
[1.523s] running egg_info
[1.524s] writing ../../build/action_servers/action_servers.egg-info/PKG-INFO
[1.525s] writing dependency_links to ../../build/action_servers/action_servers.egg-info/dependency_links.txt
[1.526s] writing entry points to ../../build/action_servers/action_servers.egg-info/entry_points.txt
[1.527s] writing requirements to ../../build/action_servers/action_servers.egg-info/requires.txt
[1.528s] writing top-level names to ../../build/action_servers/action_servers.egg-info/top_level.txt
[1.564s] reading manifest file '../../build/action_servers/action_servers.egg-info/SOURCES.txt'
[1.566s] writing manifest file '../../build/action_servers/action_servers.egg-info/SOURCES.txt'
[1.567s] running build
[1.567s] running build_py
[1.567s] copying action_servers/MoveTcpAlongAxis_action_server.py -> /home/vboxuser/Thesis/build/action_servers/build/lib/action_servers
[1.568s] copying action_servers/srvServer_tf_frame_generator.py -> /home/vboxuser/Thesis/build/action_servers/build/lib/action_servers
[1.568s] running install
[1.569s] running install_lib
[1.570s] copying /home/vboxuser/Thesis/build/action_servers/build/lib/action_servers/MoveTcpAlongAxis_action_server.py -> /home/vboxuser/Thesis/install/action_servers/lib/python3.8/site-packages/action_servers
[1.571s] copying /home/vboxuser/Thesis/build/action_servers/build/lib/action_servers/srvServer_tf_frame_generator.py -> /home/vboxuser/Thesis/install/action_servers/lib/python3.8/site-packages/action_servers
[1.571s] byte-compiling /home/vboxuser/Thesis/install/action_servers/lib/python3.8/site-packages/action_servers/MoveTcpAlongAxis_action_server.py to MoveTcpAlongAxis_action_server.cpython-38.pyc
[1.580s] byte-compiling /home/vboxuser/Thesis/install/action_servers/lib/python3.8/site-packages/action_servers/srvServer_tf_frame_generator.py to srvServer_tf_frame_generator.cpython-38.pyc
[1.580s] running install_data
[1.580s] running install_egg_info
[1.580s] removing '/home/vboxuser/Thesis/install/action_servers/lib/python3.8/site-packages/action_servers-0.0.0-py3.8.egg-info' (and everything under it)
[1.580s] Copying ../../build/action_servers/action_servers.egg-info to /home/vboxuser/Thesis/install/action_servers/lib/python3.8/site-packages/action_servers-0.0.0-py3.8.egg-info
[1.580s] running install_scripts
[1.612s] Installing MoveTcpAlongAxis_action_server script to /home/vboxuser/Thesis/install/action_servers/lib/action_servers
[1.612s] Installing fibonacci_action_server script to /home/vboxuser/Thesis/install/action_servers/lib/action_servers
[1.613s] Installing move_along_baseline_server script to /home/vboxuser/Thesis/install/action_servers/lib/action_servers
[1.613s] writing list of installed files to '/home/vboxuser/Thesis/build/action_servers/install.log'
[1.637s] Invoked command in '/home/vboxuser/Thesis/src/action_servers' returned '0': CMAKE_PREFIX_PATH=/home/vboxuser/Thesis/install/action_interfaces:/home/vboxuser/Thesis/install/realsense2_description:/home/vboxuser/Thesis/install/realsense2_camera:/home/vboxuser/Thesis/install/realsense2_camera_msgs:/home/vboxuser/Thesis/install/kr_example_cpp:/home/vboxuser/Thesis/install/kr_msgs LD_LIBRARY_PATH=/home/vboxuser/Thesis/install/action_interfaces/lib:/home/vboxuser/Thesis/install/realsense2_camera/lib:/home/vboxuser/Thesis/install/realsense2_camera_msgs/lib:/home/vboxuser/Thesis/install/kr_msgs/lib:/opt/ros/foxy/opt/yaml_cpp_vendor/lib:/opt/ros/foxy/opt/rviz_ogre_vendor/lib:/opt/ros/foxy/lib/x86_64-linux-gnu:/opt/ros/foxy/lib PYTHONPATH=/home/vboxuser/Thesis/build/action_servers/prefix_override:/usr/lib/python3/dist-packages/colcon_core/task/python/colcon_distutils_commands:/home/vboxuser/Thesis/install/action_servers/lib/python3.8/site-packages:/home/vboxuser/Thesis/install/action_interfaces/lib/python3.8/site-packages:/home/vboxuser/Thesis/install/vision/lib/python3.8/site-packages:/home/vboxuser/Thesis/install/vcnanoz/lib/python3.8/site-packages:/home/vboxuser/Thesis/install/sensopart_visor/lib/python3.8/site-packages:/home/vboxuser/Thesis/install/robot_control/lib/python3.8/site-packages:/home/vboxuser/Thesis/install/realsense2_camera_msgs/lib/python3.8/site-packages:/home/vboxuser/Thesis/install/kr_example_python/lib/python3.8/site-packages:/home/vboxuser/Thesis/install/kr_msgs/lib/python3.8/site-packages:/home/vboxuser/Thesis/install/bt_pkg/lib/python3.8/site-packages:/home/vboxuser/Thesis/install/action_servers/lib/python3.8/site-packages:/opt/ros/foxy/lib/python3.8/site-packages /usr/bin/python3 -W ignore:setup.py install is deprecated setup.py egg_info --egg-base ../../build/action_servers build --build-base /home/vboxuser/Thesis/build/action_servers/build install --record /home/vboxuser/Thesis/build/action_servers/install.log --install-scripts $base/lib/action_servers --single-version-externally-managed install_data
