[0.696s] Invoking command in '/home/vboxuser/ros2_ws/src/action_pkg': PYTHONPATH=/home/vboxuser/ros2_ws/build/action_pkg/prefix_override:/usr/lib/python3/dist-packages/colcon_core/task/python/colcon_distutils_commands:/home/vboxuser/ros2_ws/install/action_pkg/lib/python3.8/site-packages:${PYTHONPATH} /usr/bin/python3 -W ignore:setup.py install is deprecated setup.py egg_info --egg-base ../../build/action_pkg build --build-base /home/vboxuser/ros2_ws/build/action_pkg/build install --record /home/vboxuser/ros2_ws/build/action_pkg/install.log --single-version-externally-managed install_data
[0.897s] running egg_info
[0.897s] creating ../../build/action_pkg/action_pkg.egg-info
[0.897s] writing ../../build/action_pkg/action_pkg.egg-info/PKG-INFO
[0.898s] writing dependency_links to ../../build/action_pkg/action_pkg.egg-info/dependency_links.txt
[0.898s] writing entry points to ../../build/action_pkg/action_pkg.egg-info/entry_points.txt
[0.898s] writing requirements to ../../build/action_pkg/action_pkg.egg-info/requires.txt
[0.898s] writing top-level names to ../../build/action_pkg/action_pkg.egg-info/top_level.txt
[0.899s] writing manifest file '../../build/action_pkg/action_pkg.egg-info/SOURCES.txt'
[0.926s] reading manifest file '../../build/action_pkg/action_pkg.egg-info/SOURCES.txt'
[0.927s] writing manifest file '../../build/action_pkg/action_pkg.egg-info/SOURCES.txt'
[0.927s] running build
[0.927s] running build_py
[0.927s] creating /home/vboxuser/ros2_ws/build/action_pkg/build
[0.927s] creating /home/vboxuser/ros2_ws/build/action_pkg/build/lib
[0.930s] creating /home/vboxuser/ros2_ws/build/action_pkg/build/lib/action_pkg
[0.930s] copying action_pkg/action_client.py -> /home/vboxuser/ros2_ws/build/action_pkg/build/lib/action_pkg
[0.930s] copying action_pkg/action_server.py -> /home/vboxuser/ros2_ws/build/action_pkg/build/lib/action_pkg
[0.930s] copying action_pkg/__init__.py -> /home/vboxuser/ros2_ws/build/action_pkg/build/lib/action_pkg
[0.930s] running install
[0.931s] running install_lib
[0.931s] creating /home/vboxuser/ros2_ws/install/action_pkg/lib/python3.8/site-packages/action_pkg
[0.932s] copying /home/vboxuser/ros2_ws/build/action_pkg/build/lib/action_pkg/action_client.py -> /home/vboxuser/ros2_ws/install/action_pkg/lib/python3.8/site-packages/action_pkg
[0.932s] copying /home/vboxuser/ros2_ws/build/action_pkg/build/lib/action_pkg/action_server.py -> /home/vboxuser/ros2_ws/install/action_pkg/lib/python3.8/site-packages/action_pkg
[0.932s] copying /home/vboxuser/ros2_ws/build/action_pkg/build/lib/action_pkg/__init__.py -> /home/vboxuser/ros2_ws/install/action_pkg/lib/python3.8/site-packages/action_pkg
[0.932s] byte-compiling /home/vboxuser/ros2_ws/install/action_pkg/lib/python3.8/site-packages/action_pkg/action_client.py to action_client.cpython-38.pyc
[0.934s] byte-compiling /home/vboxuser/ros2_ws/install/action_pkg/lib/python3.8/site-packages/action_pkg/action_server.py to action_server.cpython-38.pyc
[0.935s] byte-compiling /home/vboxuser/ros2_ws/install/action_pkg/lib/python3.8/site-packages/action_pkg/__init__.py to __init__.cpython-38.pyc
[0.935s] running install_data
[0.935s] creating /home/vboxuser/ros2_ws/install/action_pkg/share/ament_index
[0.935s] creating /home/vboxuser/ros2_ws/install/action_pkg/share/ament_index/resource_index
[0.935s] creating /home/vboxuser/ros2_ws/install/action_pkg/share/ament_index/resource_index/packages
[0.935s] copying resource/action_pkg -> /home/vboxuser/ros2_ws/install/action_pkg/share/ament_index/resource_index/packages
[0.935s] copying package.xml -> /home/vboxuser/ros2_ws/install/action_pkg/share/action_pkg
[0.935s] creating /home/vboxuser/ros2_ws/install/action_pkg/share/action_pkg/action
[0.936s] copying action/MyAction.action -> /home/vboxuser/ros2_ws/install/action_pkg/share/action_pkg/action
[0.936s] running install_egg_info
[0.937s] Copying ../../build/action_pkg/action_pkg.egg-info to /home/vboxuser/ros2_ws/install/action_pkg/lib/python3.8/site-packages/action_pkg-0.1.0-py3.8.egg-info
[0.938s] running install_scripts
[0.952s] Installing action_client script to /home/vboxuser/ros2_ws/install/action_pkg/bin
[0.952s] Installing action_server script to /home/vboxuser/ros2_ws/install/action_pkg/bin
[0.953s] writing list of installed files to '/home/vboxuser/ros2_ws/build/action_pkg/install.log'
[0.974s] Invoked command in '/home/vboxuser/ros2_ws/src/action_pkg' returned '0': PYTHONPATH=/home/vboxuser/ros2_ws/build/action_pkg/prefix_override:/usr/lib/python3/dist-packages/colcon_core/task/python/colcon_distutils_commands:/home/vboxuser/ros2_ws/install/action_pkg/lib/python3.8/site-packages:${PYTHONPATH} /usr/bin/python3 -W ignore:setup.py install is deprecated setup.py egg_info --egg-base ../../build/action_pkg build --build-base /home/vboxuser/ros2_ws/build/action_pkg/build install --record /home/vboxuser/ros2_ws/build/action_pkg/install.log --single-version-externally-managed install_data
