[0.075s] Invoking command in '/home/vboxuser/ros2_ws/build/action_interfaces': CMAKE_PREFIX_PATH=${CMAKE_PREFIX_PATH}:/home/vboxuser/ros2_ws/install/action_servers:/home/vboxuser/ros2_ws/install/vision:/home/vboxuser/ros2_ws/install/robot_control:/home/vboxuser/ros2_ws/install/kr_example_python:/home/vboxuser/ros2_ws/install/bt_pkg:/home/vboxuser/ros2_ws/install/action_tutorials_py:/opt/ros/foxy /usr/bin/cmake --build /home/vboxuser/ros2_ws/build/action_interfaces -- -j8 -l8
[0.390s] [  3%] Built target action_interfaces__cpp
[0.390s] [ 12%] Built target action_interfaces__rosidl_generator_c
[0.390s] [ 22%] Built target action_interfaces__rosidl_typesupport_introspection_cpp
[0.390s] [ 32%] Built target action_interfaces__rosidl_typesupport_fastrtps_cpp
[0.390s] [ 41%] Built target action_interfaces__rosidl_typesupport_c
[0.390s] [ 51%] Built target action_interfaces__rosidl_typesupport_cpp
[0.391s] [ 61%] Built target action_interfaces__rosidl_typesupport_introspection_c
[0.391s] [ 70%] Built target action_interfaces__rosidl_typesupport_fastrtps_c
[0.391s] [ 70%] Built target action_interfaces
[0.391s] [ 74%] Built target action_interfaces__py
[0.399s] [ 80%] Built target action_interfaces__python
[0.445s] [ 87%] Built target action_interfaces__rosidl_typesupport_fastrtps_c__pyext
[0.446s] [ 93%] Built target action_interfaces__rosidl_typesupport_introspection_c__pyext
[0.447s] [100%] Built target action_interfaces__rosidl_typesupport_c__pyext
[0.687s] Invoked command in '/home/vboxuser/ros2_ws/build/action_interfaces' returned '0': CMAKE_PREFIX_PATH=${CMAKE_PREFIX_PATH}:/home/vboxuser/ros2_ws/install/action_servers:/home/vboxuser/ros2_ws/install/vision:/home/vboxuser/ros2_ws/install/robot_control:/home/vboxuser/ros2_ws/install/kr_example_python:/home/vboxuser/ros2_ws/install/bt_pkg:/home/vboxuser/ros2_ws/install/action_tutorials_py:/opt/ros/foxy /usr/bin/cmake --build /home/vboxuser/ros2_ws/build/action_interfaces -- -j8 -l8
[0.845s] Invoking command in '/home/vboxuser/ros2_ws/build/action_interfaces': CMAKE_PREFIX_PATH=${CMAKE_PREFIX_PATH}:/home/vboxuser/ros2_ws/install/action_servers:/home/vboxuser/ros2_ws/install/vision:/home/vboxuser/ros2_ws/install/robot_control:/home/vboxuser/ros2_ws/install/kr_example_python:/home/vboxuser/ros2_ws/install/bt_pkg:/home/vboxuser/ros2_ws/install/action_tutorials_py:/opt/ros/foxy /usr/bin/cmake --install /home/vboxuser/ros2_ws/build/action_interfaces
[0.858s] -- Install configuration: ""
[0.859s] -- Execute custom install script
[0.859s] -- Up-to-date symlink: /home/vboxuser/ros2_ws/install/action_interfaces/share/ament_index/resource_index/rosidl_interfaces/action_interfaces
[0.864s] -- Up-to-date symlink: /home/vboxuser/ros2_ws/install/action_interfaces/include/action_interfaces/action/detail/fibonacci__functions.h
[0.870s] -- Up-to-date symlink: /home/vboxuser/ros2_ws/install/action_interfaces/include/action_interfaces/action/detail/fibonacci__struct.h
[0.871s] -- Up-to-date symlink: /home/vboxuser/ros2_ws/install/action_interfaces/include/action_interfaces/action/detail/fibonacci__type_support.h
[0.871s] -- Up-to-date symlink: /home/vboxuser/ros2_ws/install/action_interfaces/include/action_interfaces/action/detail/move_tcp_along_axis__functions.h
[0.873s] -- Up-to-date symlink: /home/vboxuser/ros2_ws/install/action_interfaces/include/action_interfaces/action/detail/move_tcp_along_axis__struct.h
[0.873s] -- Up-to-date symlink: /home/vboxuser/ros2_ws/install/action_interfaces/include/action_interfaces/action/detail/move_tcp_along_axis__type_support.h
[0.873s] -- Up-to-date symlink: /home/vboxuser/ros2_ws/install/action_interfaces/include/action_interfaces/action/fibonacci.h
[0.873s] -- Up-to-date symlink: /home/vboxuser/ros2_ws/install/action_interfaces/include/action_interfaces/action/move_tcp_along_axis.h
[0.874s] -- Up-to-date symlink: /home/vboxuser/ros2_ws/install/action_interfaces/include/action_interfaces/msg/rosidl_generator_c__visibility_control.h
[0.874s] -- Up-to-date symlink: /home/vboxuser/ros2_ws/install/action_interfaces/share/action_interfaces/environment/library_path.sh
[0.874s] -- Up-to-date symlink: /home/vboxuser/ros2_ws/install/action_interfaces/share/action_interfaces/environment/library_path.dsv
[0.874s] -- Up-to-date symlink: /home/vboxuser/ros2_ws/install/action_interfaces/include/action_interfaces/action/detail/fibonacci__rosidl_typesupport_fastrtps_c.h
[0.874s] -- Up-to-date symlink: /home/vboxuser/ros2_ws/install/action_interfaces/include/action_interfaces/action/detail/move_tcp_along_axis__rosidl_typesupport_fastrtps_c.h
[0.874s] -- Up-to-date symlink: /home/vboxuser/ros2_ws/install/action_interfaces/include/action_interfaces/msg/rosidl_typesupport_fastrtps_c__visibility_control.h
[0.874s] -- Up-to-date symlink: /home/vboxuser/ros2_ws/install/action_interfaces/lib/libaction_interfaces__rosidl_typesupport_fastrtps_c.so
[0.874s] -- Up-to-date symlink: /home/vboxuser/ros2_ws/install/action_interfaces/include/action_interfaces/action/detail/fibonacci__rosidl_typesupport_fastrtps_cpp.hpp
[0.874s] -- Up-to-date symlink: /home/vboxuser/ros2_ws/install/action_interfaces/include/action_interfaces/action/detail/move_tcp_along_axis__rosidl_typesupport_fastrtps_cpp.hpp
[0.874s] -- Up-to-date symlink: /home/vboxuser/ros2_ws/install/action_interfaces/include/action_interfaces/msg/rosidl_typesupport_fastrtps_cpp__visibility_control.h
[0.874s] -- Up-to-date symlink: /home/vboxuser/ros2_ws/install/action_interfaces/lib/libaction_interfaces__rosidl_typesupport_fastrtps_cpp.so
[0.875s] -- Up-to-date symlink: /home/vboxuser/ros2_ws/install/action_interfaces/include/action_interfaces/action/detail/fibonacci__rosidl_typesupport_introspection_c.h
[0.875s] -- Up-to-date symlink: /home/vboxuser/ros2_ws/install/action_interfaces/include/action_interfaces/action/detail/move_tcp_along_axis__rosidl_typesupport_introspection_c.h
[0.886s] -- Up-to-date symlink: /home/vboxuser/ros2_ws/install/action_interfaces/include/action_interfaces/msg/rosidl_typesupport_introspection_c__visibility_control.h
[0.887s] -- Up-to-date symlink: /home/vboxuser/ros2_ws/install/action_interfaces/include/action_interfaces/action/detail/fibonacci__builder.hpp
[0.887s] -- Up-to-date symlink: /home/vboxuser/ros2_ws/install/action_interfaces/include/action_interfaces/action/detail/fibonacci__struct.hpp
[0.887s] -- Up-to-date symlink: /home/vboxuser/ros2_ws/install/action_interfaces/include/action_interfaces/action/detail/fibonacci__traits.hpp
[0.887s] -- Up-to-date symlink: /home/vboxuser/ros2_ws/install/action_interfaces/include/action_interfaces/action/detail/fibonacci__type_support.hpp
[0.887s] -- Up-to-date symlink: /home/vboxuser/ros2_ws/install/action_interfaces/include/action_interfaces/action/detail/move_tcp_along_axis__builder.hpp
[0.888s] -- Up-to-date symlink: /home/vboxuser/ros2_ws/install/action_interfaces/include/action_interfaces/action/detail/move_tcp_along_axis__struct.hpp
[0.888s] -- Up-to-date symlink: /home/vboxuser/ros2_ws/install/action_interfaces/include/action_interfaces/action/detail/move_tcp_along_axis__traits.hpp
[0.888s] -- Up-to-date symlink: /home/vboxuser/ros2_ws/install/action_interfaces/include/action_interfaces/action/detail/move_tcp_along_axis__type_support.hpp
[0.888s] -- Up-to-date symlink: /home/vboxuser/ros2_ws/install/action_interfaces/include/action_interfaces/action/fibonacci.hpp
[0.888s] -- Up-to-date symlink: /home/vboxuser/ros2_ws/install/action_interfaces/include/action_interfaces/action/move_tcp_along_axis.hpp
[0.888s] -- Up-to-date symlink: /home/vboxuser/ros2_ws/install/action_interfaces/include/action_interfaces/msg/rosidl_generator_cpp__visibility_control.hpp
[0.889s] -- Up-to-date symlink: /home/vboxuser/ros2_ws/install/action_interfaces/include/action_interfaces/action/detail/fibonacci__rosidl_typesupport_introspection_cpp.hpp
[0.889s] -- Up-to-date symlink: /home/vboxuser/ros2_ws/install/action_interfaces/include/action_interfaces/action/detail/move_tcp_along_axis__rosidl_typesupport_introspection_cpp.hpp
[0.889s] -- Up-to-date symlink: /home/vboxuser/ros2_ws/install/action_interfaces/share/action_interfaces/environment/pythonpath.sh
[0.889s] -- Up-to-date symlink: /home/vboxuser/ros2_ws/install/action_interfaces/share/action_interfaces/environment/pythonpath.dsv
[0.889s] -- Up-to-date symlink: /home/vboxuser/ros2_ws/install/action_interfaces/lib/python3.8/site-packages/action_interfaces/__init__.py
[0.889s] -- Up-to-date symlink: /home/vboxuser/ros2_ws/install/action_interfaces/lib/python3.8/site-packages/action_interfaces/action/__init__.py
[0.889s] -- Up-to-date symlink: /home/vboxuser/ros2_ws/install/action_interfaces/lib/python3.8/site-packages/action_interfaces/action/_fibonacci.py
[0.889s] -- Up-to-date symlink: /home/vboxuser/ros2_ws/install/action_interfaces/lib/python3.8/site-packages/action_interfaces/action/_move_tcp_along_axis.py
[0.889s] -- Up-to-date symlink: /home/vboxuser/ros2_ws/install/action_interfaces/lib/python3.8/site-packages/action_interfaces/action_interfaces_s__rosidl_typesupport_fastrtps_c.cpython-38-x86_64-linux-gnu.so
[0.889s] -- Up-to-date symlink: /home/vboxuser/ros2_ws/install/action_interfaces/lib/python3.8/site-packages/action_interfaces/action_interfaces_s__rosidl_typesupport_introspection_c.cpython-38-x86_64-linux-gnu.so
[0.889s] -- Up-to-date symlink: /home/vboxuser/ros2_ws/install/action_interfaces/lib/python3.8/site-packages/action_interfaces/action_interfaces_s__rosidl_typesupport_c.cpython-38-x86_64-linux-gnu.so
[0.890s] -- Up-to-date symlink: /home/vboxuser/ros2_ws/install/action_interfaces/lib/libaction_interfaces__python.so
[0.890s] -- Up-to-date symlink: /home/vboxuser/ros2_ws/install/action_interfaces/share/action_interfaces/action/MoveTcpAlongAxis.idl
[0.890s] -- Up-to-date symlink: /home/vboxuser/ros2_ws/install/action_interfaces/share/action_interfaces/action/MoveTcpAlongAxis.action
[0.890s] -- Up-to-date symlink: /home/vboxuser/ros2_ws/install/action_interfaces/share/ament_index/resource_index/package_run_dependencies/action_interfaces
[0.890s] -- Up-to-date symlink: /home/vboxuser/ros2_ws/install/action_interfaces/share/ament_index/resource_index/parent_prefix_path/action_interfaces
[0.890s] -- Up-to-date symlink: /home/vboxuser/ros2_ws/install/action_interfaces/share/action_interfaces/environment/ament_prefix_path.sh
[0.890s] -- Up-to-date symlink: /home/vboxuser/ros2_ws/install/action_interfaces/share/action_interfaces/environment/ament_prefix_path.dsv
[0.890s] -- Up-to-date symlink: /home/vboxuser/ros2_ws/install/action_interfaces/share/action_interfaces/environment/path.sh
[0.890s] -- Up-to-date symlink: /home/vboxuser/ros2_ws/install/action_interfaces/share/action_interfaces/environment/path.dsv
[0.891s] -- Up-to-date symlink: /home/vboxuser/ros2_ws/install/action_interfaces/share/action_interfaces/local_setup.bash
[0.891s] -- Up-to-date symlink: /home/vboxuser/ros2_ws/install/action_interfaces/share/action_interfaces/local_setup.sh
[0.892s] -- Up-to-date symlink: /home/vboxuser/ros2_ws/install/action_interfaces/share/action_interfaces/local_setup.zsh
[0.892s] -- Up-to-date symlink: /home/vboxuser/ros2_ws/install/action_interfaces/share/action_interfaces/local_setup.dsv
[0.893s] -- Symlinking: /home/vboxuser/ros2_ws/install/action_interfaces/share/action_interfaces/package.dsv
[0.908s] -- Up-to-date symlink: /home/vboxuser/ros2_ws/install/action_interfaces/share/ament_index/resource_index/packages/action_interfaces
[0.909s] -- Up-to-date symlink: /home/vboxuser/ros2_ws/install/action_interfaces/share/action_interfaces/cmake/rosidl_cmake-extras.cmake
[0.909s] -- Up-to-date symlink: /home/vboxuser/ros2_ws/install/action_interfaces/share/action_interfaces/cmake/ament_cmake_export_dependencies-extras.cmake
[0.910s] -- Up-to-date symlink: /home/vboxuser/ros2_ws/install/action_interfaces/share/action_interfaces/cmake/ament_cmake_export_libraries-extras.cmake
[0.910s] -- Up-to-date symlink: /home/vboxuser/ros2_ws/install/action_interfaces/share/action_interfaces/cmake/ament_cmake_export_targets-extras.cmake
[0.912s] -- Up-to-date symlink: /home/vboxuser/ros2_ws/install/action_interfaces/share/action_interfaces/cmake/ament_cmake_export_include_directories-extras.cmake
[0.913s] -- Up-to-date symlink: /home/vboxuser/ros2_ws/install/action_interfaces/share/action_interfaces/cmake/rosidl_cmake_export_typesupport_libraries-extras.cmake
[0.913s] -- Up-to-date symlink: /home/vboxuser/ros2_ws/install/action_interfaces/share/action_interfaces/cmake/rosidl_cmake_export_typesupport_targets-extras.cmake
[0.914s] -- Up-to-date symlink: /home/vboxuser/ros2_ws/install/action_interfaces/share/action_interfaces/cmake/action_interfacesConfig.cmake
[0.914s] -- Up-to-date symlink: /home/vboxuser/ros2_ws/install/action_interfaces/share/action_interfaces/cmake/action_interfacesConfig-version.cmake
[0.914s] -- Up-to-date symlink: /home/vboxuser/ros2_ws/install/action_interfaces/share/action_interfaces/package.xml
[0.914s] -- Up-to-date: /home/vboxuser/ros2_ws/install/action_interfaces/lib/libaction_interfaces__rosidl_generator_c.so
[0.915s] -- Up-to-date: /home/vboxuser/ros2_ws/install/action_interfaces/lib/libaction_interfaces__rosidl_typesupport_introspection_c.so
[0.915s] -- Up-to-date: /home/vboxuser/ros2_ws/install/action_interfaces/lib/libaction_interfaces__rosidl_typesupport_c.so
[0.916s] -- Up-to-date: /home/vboxuser/ros2_ws/install/action_interfaces/lib/libaction_interfaces__rosidl_typesupport_introspection_cpp.so
[0.916s] -- Up-to-date: /home/vboxuser/ros2_ws/install/action_interfaces/lib/libaction_interfaces__rosidl_typesupport_cpp.so
[0.960s] -- Up-to-date: /home/vboxuser/ros2_ws/install/action_interfaces/share/action_interfaces/cmake/action_interfaces__rosidl_generator_cExport.cmake
[0.962s] -- Up-to-date: /home/vboxuser/ros2_ws/install/action_interfaces/share/action_interfaces/cmake/action_interfaces__rosidl_generator_cExport-noconfig.cmake
[0.967s] -- Up-to-date: /home/vboxuser/ros2_ws/install/action_interfaces/share/action_interfaces/cmake/action_interfaces__rosidl_typesupport_introspection_cExport.cmake
[0.970s] -- Up-to-date: /home/vboxuser/ros2_ws/install/action_interfaces/share/action_interfaces/cmake/action_interfaces__rosidl_typesupport_introspection_cExport-noconfig.cmake
[0.970s] -- Up-to-date: /home/vboxuser/ros2_ws/install/action_interfaces/share/action_interfaces/cmake/action_interfaces__rosidl_typesupport_cExport.cmake
[0.970s] -- Up-to-date: /home/vboxuser/ros2_ws/install/action_interfaces/share/action_interfaces/cmake/action_interfaces__rosidl_typesupport_cExport-noconfig.cmake
[0.970s] -- Up-to-date: /home/vboxuser/ros2_ws/install/action_interfaces/share/action_interfaces/cmake/action_interfaces__rosidl_generator_cppExport.cmake
[0.971s] -- Up-to-date: /home/vboxuser/ros2_ws/install/action_interfaces/share/action_interfaces/cmake/action_interfaces__rosidl_typesupport_introspection_cppExport.cmake
[0.972s] -- Up-to-date: /home/vboxuser/ros2_ws/install/action_interfaces/share/action_interfaces/cmake/action_interfaces__rosidl_typesupport_introspection_cppExport-noconfig.cmake
[0.973s] -- Up-to-date: /home/vboxuser/ros2_ws/install/action_interfaces/share/action_interfaces/cmake/action_interfaces__rosidl_typesupport_cppExport.cmake
[0.973s] -- Up-to-date: /home/vboxuser/ros2_ws/install/action_interfaces/share/action_interfaces/cmake/action_interfaces__rosidl_typesupport_cppExport-noconfig.cmake
[0.973s] Invoked command in '/home/vboxuser/ros2_ws/build/action_interfaces' returned '0': CMAKE_PREFIX_PATH=${CMAKE_PREFIX_PATH}:/home/vboxuser/ros2_ws/install/action_servers:/home/vboxuser/ros2_ws/install/vision:/home/vboxuser/ros2_ws/install/robot_control:/home/vboxuser/ros2_ws/install/kr_example_python:/home/vboxuser/ros2_ws/install/bt_pkg:/home/vboxuser/ros2_ws/install/action_tutorials_py:/opt/ros/foxy /usr/bin/cmake --install /home/vboxuser/ros2_ws/build/action_interfaces
