[1.616s] Invoking command in '/home/mo/Thesis/build/vision': PYTHONPATH=/home/mo/Thesis/build/vision/prefix_override:/usr/lib/python3/dist-packages/colcon_core/task/python/colcon_distutils_commands:/home/mo/Thesis/install/vision/lib/python3.8/site-packages:${PYTHONPATH} /usr/bin/python3 -W ignore:setup.py install is deprecated -W ignore:easy_install command is deprecated setup.py develop --editable --build-directory /home/mo/Thesis/build/vision/build --no-deps symlink_data
[2.008s] running develop
[2.260s] running egg_info
[2.289s] writing vision.egg-info/PKG-INFO
[2.289s] writing dependency_links to vision.egg-info/dependency_links.txt
[2.290s] writing entry points to vision.egg-info/entry_points.txt
[2.290s] writing requirements to vision.egg-info/requires.txt
[2.290s] writing top-level names to vision.egg-info/top_level.txt
[2.334s] reading manifest file 'vision.egg-info/SOURCES.txt'
[2.335s] writing manifest file 'vision.egg-info/SOURCES.txt'
[2.392s] running build_ext
[2.392s] Creating /home/mo/Thesis/install/vision/lib/python3.8/site-packages/vision.egg-link (link to .)
[2.393s] Installing calibration script to /home/mo/Thesis/install/vision/lib/vision
[2.393s] Installing hook_detector script to /home/mo/Thesis/install/vision/lib/vision
[2.394s] Installing image_filters script to /home/mo/Thesis/install/vision/lib/vision
[2.394s] Installing image_receiver script to /home/mo/Thesis/install/vision/lib/vision
[2.394s] Installing light_controller script to /home/mo/Thesis/install/vision/lib/vision
[2.394s] Installing maskrcnn_inference script to /home/mo/Thesis/install/vision/lib/vision
[2.394s] Installing nn_output_processor script to /home/mo/Thesis/install/vision/lib/vision
[2.394s] Installing point_finder_2d script to /home/mo/Thesis/install/vision/lib/vision
[2.394s] Installing point_finder_3d script to /home/mo/Thesis/install/vision/lib/vision
[2.395s] Installing stereo_triangulation script to /home/mo/Thesis/install/vision/lib/vision
[2.395s] Installing stereo_triangulation_with_robot script to /home/mo/Thesis/install/vision/lib/vision
[2.395s] Installing test_node script to /home/mo/Thesis/install/vision/lib/vision
[2.395s] Installing yolov8_inference script to /home/mo/Thesis/install/vision/lib/vision
[2.395s] 
[2.395s] Installed /home/mo/Thesis/build/vision
[2.395s] running symlink_data
[2.442s] Invoked command in '/home/mo/Thesis/build/vision' returned '0': PYTHONPATH=/home/mo/Thesis/build/vision/prefix_override:/usr/lib/python3/dist-packages/colcon_core/task/python/colcon_distutils_commands:/home/mo/Thesis/install/vision/lib/python3.8/site-packages:${PYTHONPATH} /usr/bin/python3 -W ignore:setup.py install is deprecated -W ignore:easy_install command is deprecated setup.py develop --editable --build-directory /home/mo/Thesis/build/vision/build --no-deps symlink_data
