[0.048s] Invoking command in '/home/vboxuser/ros2_ws/build/kr_example_cpp': AMENT_PREFIX_PATH=/home/vboxuser/ros2_ws/install/kr_msgs:${AMENT_PREFIX_PATH} CMAKE_PREFIX_PATH=/home/vboxuser/ros2_ws/install/kr_msgs:/opt/ros/foxy LD_LIBRARY_PATH=/home/vboxuser/ros2_ws/install/kr_msgs/lib:${LD_LIBRARY_PATH} PYTHONPATH=/home/vboxuser/ros2_ws/install/kr_msgs/lib/python3.8/site-packages:${PYTHONPATH} /usr/bin/cmake --build /home/vboxuser/ros2_ws/build/kr_example_cpp -- -j8 -l8
[0.117s] [ 40%] Built target self_motion
[0.117s] [ 60%] Built target follow_joint
[0.117s] [ 40%] Built target jog_linear
[0.118s] [ 80%] Built target robot_state
[0.118s] [100%] Built target move_joint
[0.273s] Invoked command in '/home/vboxuser/ros2_ws/build/kr_example_cpp' returned '0': AMENT_PREFIX_PATH=/home/vboxuser/ros2_ws/install/kr_msgs:${AMENT_PREFIX_PATH} CMAKE_PREFIX_PATH=/home/vboxuser/ros2_ws/install/kr_msgs:/opt/ros/foxy LD_LIBRARY_PATH=/home/vboxuser/ros2_ws/install/kr_msgs/lib:${LD_LIBRARY_PATH} PYTHONPATH=/home/vboxuser/ros2_ws/install/kr_msgs/lib/python3.8/site-packages:${PYTHONPATH} /usr/bin/cmake --build /home/vboxuser/ros2_ws/build/kr_example_cpp -- -j8 -l8
[0.332s] Invoking command in '/home/vboxuser/ros2_ws/build/kr_example_cpp': AMENT_PREFIX_PATH=/home/vboxuser/ros2_ws/install/kr_msgs:${AMENT_PREFIX_PATH} CMAKE_PREFIX_PATH=/home/vboxuser/ros2_ws/install/kr_msgs:/opt/ros/foxy LD_LIBRARY_PATH=/home/vboxuser/ros2_ws/install/kr_msgs/lib:${LD_LIBRARY_PATH} PYTHONPATH=/home/vboxuser/ros2_ws/install/kr_msgs/lib/python3.8/site-packages:${PYTHONPATH} /usr/bin/cmake --install /home/vboxuser/ros2_ws/build/kr_example_cpp
[0.341s] -- Install configuration: ""
[0.342s] -- Execute custom install script
[0.342s] -- Up-to-date symlink: /home/vboxuser/ros2_ws/install/kr_example_cpp/lib/kr_example_cpp/robot_state
[0.343s] -- Up-to-date symlink: /home/vboxuser/ros2_ws/install/kr_example_cpp/lib/kr_example_cpp/follow_joint
[0.343s] -- Up-to-date symlink: /home/vboxuser/ros2_ws/install/kr_example_cpp/lib/kr_example_cpp/move_joint
[0.343s] -- Up-to-date symlink: /home/vboxuser/ros2_ws/install/kr_example_cpp/lib/kr_example_cpp/jog_linear
[0.343s] -- Up-to-date symlink: /home/vboxuser/ros2_ws/install/kr_example_cpp/lib/kr_example_cpp/self_motion
[0.344s] -- Up-to-date symlink: /home/vboxuser/ros2_ws/install/kr_example_cpp/share/ament_index/resource_index/package_run_dependencies/kr_example_cpp
[0.344s] -- Up-to-date symlink: /home/vboxuser/ros2_ws/install/kr_example_cpp/share/ament_index/resource_index/parent_prefix_path/kr_example_cpp
[0.345s] -- Up-to-date symlink: /home/vboxuser/ros2_ws/install/kr_example_cpp/share/kr_example_cpp/environment/ament_prefix_path.sh
[0.345s] -- Up-to-date symlink: /home/vboxuser/ros2_ws/install/kr_example_cpp/share/kr_example_cpp/environment/ament_prefix_path.dsv
[0.345s] -- Up-to-date symlink: /home/vboxuser/ros2_ws/install/kr_example_cpp/share/kr_example_cpp/environment/path.sh
[0.345s] -- Up-to-date symlink: /home/vboxuser/ros2_ws/install/kr_example_cpp/share/kr_example_cpp/environment/path.dsv
[0.346s] -- Up-to-date symlink: /home/vboxuser/ros2_ws/install/kr_example_cpp/share/kr_example_cpp/local_setup.bash
[0.346s] -- Up-to-date symlink: /home/vboxuser/ros2_ws/install/kr_example_cpp/share/kr_example_cpp/local_setup.sh
[0.349s] -- Up-to-date symlink: /home/vboxuser/ros2_ws/install/kr_example_cpp/share/kr_example_cpp/local_setup.zsh
[0.349s] -- Up-to-date symlink: /home/vboxuser/ros2_ws/install/kr_example_cpp/share/kr_example_cpp/local_setup.dsv
[0.349s] -- Symlinking: /home/vboxuser/ros2_ws/install/kr_example_cpp/share/kr_example_cpp/package.dsv
[0.360s] -- Up-to-date symlink: /home/vboxuser/ros2_ws/install/kr_example_cpp/share/ament_index/resource_index/packages/kr_example_cpp
[0.361s] -- Up-to-date symlink: /home/vboxuser/ros2_ws/install/kr_example_cpp/share/kr_example_cpp/cmake/kr_example_cppConfig.cmake
[0.361s] -- Up-to-date symlink: /home/vboxuser/ros2_ws/install/kr_example_cpp/share/kr_example_cpp/cmake/kr_example_cppConfig-version.cmake
[0.361s] -- Up-to-date symlink: /home/vboxuser/ros2_ws/install/kr_example_cpp/share/kr_example_cpp/package.xml
[0.364s] Invoked command in '/home/vboxuser/ros2_ws/build/kr_example_cpp' returned '0': AMENT_PREFIX_PATH=/home/vboxuser/ros2_ws/install/kr_msgs:${AMENT_PREFIX_PATH} CMAKE_PREFIX_PATH=/home/vboxuser/ros2_ws/install/kr_msgs:/opt/ros/foxy LD_LIBRARY_PATH=/home/vboxuser/ros2_ws/install/kr_msgs/lib:${LD_LIBRARY_PATH} PYTHONPATH=/home/vboxuser/ros2_ws/install/kr_msgs/lib/python3.8/site-packages:${PYTHONPATH} /usr/bin/cmake --install /home/vboxuser/ros2_ws/build/kr_example_cpp
