[1.766s] Invoking command in '/home/vboxuser/ros2_ws/src/orange-ros2/kr_example/python': AMENT_PREFIX_PATH=/home/vboxuser/ros2_ws/install/kr_msgs:${AMENT_PREFIX_PATH} CMAKE_PREFIX_PATH=/home/vboxuser/ros2_ws/install/kr_msgs LD_LIBRARY_PATH=/home/vboxuser/ros2_ws/install/kr_msgs/lib:${LD_LIBRARY_PATH} PYTHONPATH=/home/vboxuser/ros2_ws/build/kr_example_python/prefix_override:/usr/lib/python3/dist-packages/colcon_core/task/python/colcon_distutils_commands:/home/vboxuser/ros2_ws/install/kr_example_python/lib/python3.8/site-packages:/home/vboxuser/ros2_ws/install/kr_msgs/lib/python3.8/site-packages:${PYTHONPATH} /usr/bin/python3 -W ignore:setup.py install is deprecated setup.py egg_info --egg-base ../../../../build/kr_example_python build --build-base /home/vboxuser/ros2_ws/build/kr_example_python/build install --record /home/vboxuser/ros2_ws/build/kr_example_python/install.log --install-scripts $base/lib/kr_example_python --single-version-externally-managed install_data
[2.233s] running egg_info
[2.235s] writing ../../../../build/kr_example_python/kr_example_python.egg-info/PKG-INFO
[2.272s] writing dependency_links to ../../../../build/kr_example_python/kr_example_python.egg-info/dependency_links.txt
[2.274s] writing entry points to ../../../../build/kr_example_python/kr_example_python.egg-info/entry_points.txt
[2.274s] writing requirements to ../../../../build/kr_example_python/kr_example_python.egg-info/requires.txt
[2.275s] writing top-level names to ../../../../build/kr_example_python/kr_example_python.egg-info/top_level.txt
[2.346s] reading manifest file '../../../../build/kr_example_python/kr_example_python.egg-info/SOURCES.txt'
[2.349s] writing manifest file '../../../../build/kr_example_python/kr_example_python.egg-info/SOURCES.txt'
[2.349s] running build
[2.349s] running build_py
[2.355s] running install
[2.357s] running install_lib
[2.363s] running install_data
[2.368s] running install_egg_info
[2.372s] removing '/home/vboxuser/ros2_ws/install/kr_example_python/lib/python3.8/site-packages/kr_example_python-0.0.0-py3.8.egg-info' (and everything under it)
[2.373s] Copying ../../../../build/kr_example_python/kr_example_python.egg-info to /home/vboxuser/ros2_ws/install/kr_example_python/lib/python3.8/site-packages/kr_example_python-0.0.0-py3.8.egg-info
[2.377s] running install_scripts
[2.412s] Installing follow_joint script to /home/vboxuser/ros2_ws/install/kr_example_python/lib/kr_example_python
[2.416s] Installing jog_linear script to /home/vboxuser/ros2_ws/install/kr_example_python/lib/kr_example_python
[2.417s] Installing move_joint script to /home/vboxuser/ros2_ws/install/kr_example_python/lib/kr_example_python
[2.417s] Installing robot_state script to /home/vboxuser/ros2_ws/install/kr_example_python/lib/kr_example_python
[2.417s] Installing self_motion script to /home/vboxuser/ros2_ws/install/kr_example_python/lib/kr_example_python
[2.418s] writing list of installed files to '/home/vboxuser/ros2_ws/build/kr_example_python/install.log'
[2.454s] Invoked command in '/home/vboxuser/ros2_ws/src/orange-ros2/kr_example/python' returned '0': AMENT_PREFIX_PATH=/home/vboxuser/ros2_ws/install/kr_msgs:${AMENT_PREFIX_PATH} CMAKE_PREFIX_PATH=/home/vboxuser/ros2_ws/install/kr_msgs LD_LIBRARY_PATH=/home/vboxuser/ros2_ws/install/kr_msgs/lib:${LD_LIBRARY_PATH} PYTHONPATH=/home/vboxuser/ros2_ws/build/kr_example_python/prefix_override:/usr/lib/python3/dist-packages/colcon_core/task/python/colcon_distutils_commands:/home/vboxuser/ros2_ws/install/kr_example_python/lib/python3.8/site-packages:/home/vboxuser/ros2_ws/install/kr_msgs/lib/python3.8/site-packages:${PYTHONPATH} /usr/bin/python3 -W ignore:setup.py install is deprecated setup.py egg_info --egg-base ../../../../build/kr_example_python build --build-base /home/vboxuser/ros2_ws/build/kr_example_python/build install --record /home/vboxuser/ros2_ws/build/kr_example_python/install.log --install-scripts $base/lib/kr_example_python --single-version-externally-managed install_data
