[0.976s] Invoking command in '/home/vboxuser/ros2_ws/src/vision': PYTHONPATH=/home/vboxuser/ros2_ws/build/vision/prefix_override:/usr/lib/python3/dist-packages/colcon_core/task/python/colcon_distutils_commands:/home/vboxuser/ros2_ws/install/vision/lib/python3.8/site-packages:${PYTHONPATH} /usr/bin/python3 -W ignore:setup.py install is deprecated setup.py egg_info --egg-base ../../build/vision build --build-base /home/vboxuser/ros2_ws/build/vision/build install --record /home/vboxuser/ros2_ws/build/vision/install.log --install-scripts $base/lib/vision --single-version-externally-managed install_data
[1.233s] running egg_info
[1.237s] writing ../../build/vision/vision.egg-info/PKG-INFO
[1.237s] writing dependency_links to ../../build/vision/vision.egg-info/dependency_links.txt
[1.237s] writing entry points to ../../build/vision/vision.egg-info/entry_points.txt
[1.237s] writing requirements to ../../build/vision/vision.egg-info/requires.txt
[1.240s] writing top-level names to ../../build/vision/vision.egg-info/top_level.txt
[1.276s] reading manifest file '../../build/vision/vision.egg-info/SOURCES.txt'
[1.277s] writing manifest file '../../build/vision/vision.egg-info/SOURCES.txt'
[1.278s] running build
[1.278s] running build_py
[1.280s] copying vision/calibration.py -> /home/vboxuser/ros2_ws/build/vision/build/lib/vision
[1.280s] running install
[1.280s] running install_lib
[1.281s] copying /home/vboxuser/ros2_ws/build/vision/build/lib/vision/calibration.py -> /home/vboxuser/ros2_ws/install/vision/lib/python3.8/site-packages/vision
[1.281s] byte-compiling /home/vboxuser/ros2_ws/install/vision/lib/python3.8/site-packages/vision/calibration.py to calibration.cpython-38.pyc
[1.286s] running install_data
[1.289s] running install_egg_info
[1.290s] removing '/home/vboxuser/ros2_ws/install/vision/lib/python3.8/site-packages/vision-0.0.0-py3.8.egg-info' (and everything under it)
[1.294s] Copying ../../build/vision/vision.egg-info to /home/vboxuser/ros2_ws/install/vision/lib/python3.8/site-packages/vision-0.0.0-py3.8.egg-info
[1.296s] running install_scripts
[1.321s] Installing calibration script to /home/vboxuser/ros2_ws/install/vision/lib/vision
[1.324s] Installing image_receiver script to /home/vboxuser/ros2_ws/install/vision/lib/vision
[1.324s] Installing point_finder_2d script to /home/vboxuser/ros2_ws/install/vision/lib/vision
[1.325s] Installing point_finder_3d script to /home/vboxuser/ros2_ws/install/vision/lib/vision
[1.328s] Installing test_node script to /home/vboxuser/ros2_ws/install/vision/lib/vision
[1.331s] writing list of installed files to '/home/vboxuser/ros2_ws/build/vision/install.log'
[1.369s] Invoked command in '/home/vboxuser/ros2_ws/src/vision' returned '0': PYTHONPATH=/home/vboxuser/ros2_ws/build/vision/prefix_override:/usr/lib/python3/dist-packages/colcon_core/task/python/colcon_distutils_commands:/home/vboxuser/ros2_ws/install/vision/lib/python3.8/site-packages:${PYTHONPATH} /usr/bin/python3 -W ignore:setup.py install is deprecated setup.py egg_info --egg-base ../../build/vision build --build-base /home/vboxuser/ros2_ws/build/vision/build install --record /home/vboxuser/ros2_ws/build/vision/install.log --install-scripts $base/lib/vision --single-version-externally-managed install_data
