[2.648s] Invoking command in '/home/mo/Thesis/src/sensopart_visor': PYTHONPATH=/home/mo/Thesis/build/sensopart_visor/prefix_override:/usr/lib/python3/dist-packages/colcon_core/task/python/colcon_distutils_commands:/home/mo/Thesis/install/sensopart_visor/lib/python3.8/site-packages:${PYTHONPATH} /usr/bin/python3 -W ignore:setup.py install is deprecated -W ignore:easy_install command is deprecated setup.py egg_info --egg-base ../../build/sensopart_visor build --build-base /home/mo/Thesis/build/sensopart_visor/build install --record /home/mo/Thesis/build/sensopart_visor/install.log --single-version-externally-managed install_data
[3.198s] running egg_info
[3.233s] writing ../../build/sensopart_visor/sensopart_visor.egg-info/PKG-INFO
[3.234s] writing dependency_links to ../../build/sensopart_visor/sensopart_visor.egg-info/dependency_links.txt
[3.234s] writing entry points to ../../build/sensopart_visor/sensopart_visor.egg-info/entry_points.txt
[3.234s] writing requirements to ../../build/sensopart_visor/sensopart_visor.egg-info/requires.txt
[3.234s] writing top-level names to ../../build/sensopart_visor/sensopart_visor.egg-info/top_level.txt
[3.509s] reading manifest file '../../build/sensopart_visor/sensopart_visor.egg-info/SOURCES.txt'
[3.515s] writing manifest file '../../build/sensopart_visor/sensopart_visor.egg-info/SOURCES.txt'
[3.515s] running build
[3.515s] running build_py
[3.516s] copying sensopart_visor/visor_shutdown.py -> /home/mo/Thesis/build/sensopart_visor/build/lib/sensopart_visor
[3.520s] copying sensopart_visor/visor_startup.py -> /home/mo/Thesis/build/sensopart_visor/build/lib/sensopart_visor
[3.524s] copying sensopart_visor/__init__.py -> /home/mo/Thesis/build/sensopart_visor/build/lib/sensopart_visor
[3.524s] running install
[3.558s] running install_lib
[3.633s] running install_data
[3.636s] copying resource/sensopart_visor -> /home/mo/Thesis/install/sensopart_visor/share/ament_index/resource_index/packages
[3.636s] copying package.xml -> /home/mo/Thesis/install/sensopart_visor/share/sensopart_visor
[3.636s] running install_egg_info
[3.681s] removing '/home/mo/Thesis/install/sensopart_visor/lib/python3.8/site-packages/sensopart_visor-0.0.0-py3.8.egg-info' (and everything under it)
[3.681s] Copying ../../build/sensopart_visor/sensopart_visor.egg-info to /home/mo/Thesis/install/sensopart_visor/lib/python3.8/site-packages/sensopart_visor-0.0.0-py3.8.egg-info
[3.687s] running install_scripts
[3.773s] Installing visor_shutdown script to /home/mo/Thesis/install/sensopart_visor/lib/sensopart_visor
[3.773s] Installing visor_startup script to /home/mo/Thesis/install/sensopart_visor/lib/sensopart_visor
[3.774s] writing list of installed files to '/home/mo/Thesis/build/sensopart_visor/install.log'
[3.853s] Invoked command in '/home/mo/Thesis/src/sensopart_visor' returned '0': PYTHONPATH=/home/mo/Thesis/build/sensopart_visor/prefix_override:/usr/lib/python3/dist-packages/colcon_core/task/python/colcon_distutils_commands:/home/mo/Thesis/install/sensopart_visor/lib/python3.8/site-packages:${PYTHONPATH} /usr/bin/python3 -W ignore:setup.py install is deprecated -W ignore:easy_install command is deprecated setup.py egg_info --egg-base ../../build/sensopart_visor build --build-base /home/mo/Thesis/build/sensopart_visor/build install --record /home/mo/Thesis/build/sensopart_visor/install.log --single-version-externally-managed install_data
