[2.881s] Invoking command in '/home/vboxuser/ros2_ws/src/vcnanoz': PYTHONPATH=/home/vboxuser/ros2_ws/build/vcnanoz/prefix_override:/usr/lib/python3/dist-packages/colcon_core/task/python/colcon_distutils_commands:/home/vboxuser/ros2_ws/install/vcnanoz/lib/python3.8/site-packages:${PYTHONPATH} /usr/bin/python3 -W ignore:setup.py install is deprecated -W ignore:easy_install command is deprecated setup.py egg_info --egg-base ../../build/vcnanoz build --build-base /home/vboxuser/ros2_ws/build/vcnanoz/build install --record /home/vboxuser/ros2_ws/build/vcnanoz/install.log --install-scripts $base/lib/vcnanoz --single-version-externally-managed install_data
[3.186s] running egg_info
[3.187s] writing ../../build/vcnanoz/vcnanoz.egg-info/PKG-INFO
[3.189s] writing dependency_links to ../../build/vcnanoz/vcnanoz.egg-info/dependency_links.txt
[3.189s] writing entry points to ../../build/vcnanoz/vcnanoz.egg-info/entry_points.txt
[3.190s] writing requirements to ../../build/vcnanoz/vcnanoz.egg-info/requires.txt
[3.190s] writing top-level names to ../../build/vcnanoz/vcnanoz.egg-info/top_level.txt
[3.253s] reading manifest file '../../build/vcnanoz/vcnanoz.egg-info/SOURCES.txt'
[3.254s] writing manifest file '../../build/vcnanoz/vcnanoz.egg-info/SOURCES.txt'
[3.254s] running build
[3.254s] running build_py
[3.256s] copying vcnanoz/vc_img_receiver.py -> /home/vboxuser/ros2_ws/build/vcnanoz/build/lib/vcnanoz
[3.257s] running install
[3.258s] running install_lib
[3.260s] copying /home/vboxuser/ros2_ws/build/vcnanoz/build/lib/vcnanoz/vc_img_receiver.py -> /home/vboxuser/ros2_ws/install/vcnanoz/lib/python3.8/site-packages/vcnanoz
[3.261s] byte-compiling /home/vboxuser/ros2_ws/install/vcnanoz/lib/python3.8/site-packages/vcnanoz/vc_img_receiver.py to vc_img_receiver.cpython-38.pyc
[3.264s] running install_data
[3.265s] running install_egg_info
[3.267s] removing '/home/vboxuser/ros2_ws/install/vcnanoz/lib/python3.8/site-packages/vcnanoz-0.0.0-py3.8.egg-info' (and everything under it)
[3.268s] Copying ../../build/vcnanoz/vcnanoz.egg-info to /home/vboxuser/ros2_ws/install/vcnanoz/lib/python3.8/site-packages/vcnanoz-0.0.0-py3.8.egg-info
[3.275s] running install_scripts
[3.295s] Installing vc_img_receiver script to /home/vboxuser/ros2_ws/install/vcnanoz/lib/vcnanoz
[3.297s] writing list of installed files to '/home/vboxuser/ros2_ws/build/vcnanoz/install.log'
[3.569s] Invoked command in '/home/vboxuser/ros2_ws/src/vcnanoz' returned '0': PYTHONPATH=/home/vboxuser/ros2_ws/build/vcnanoz/prefix_override:/usr/lib/python3/dist-packages/colcon_core/task/python/colcon_distutils_commands:/home/vboxuser/ros2_ws/install/vcnanoz/lib/python3.8/site-packages:${PYTHONPATH} /usr/bin/python3 -W ignore:setup.py install is deprecated -W ignore:easy_install command is deprecated setup.py egg_info --egg-base ../../build/vcnanoz build --build-base /home/vboxuser/ros2_ws/build/vcnanoz/build install --record /home/vboxuser/ros2_ws/build/vcnanoz/install.log --install-scripts $base/lib/vcnanoz --single-version-externally-managed install_data
