[2.306s] Invoking command in '/home/vboxuser/ros2_ws/src/bt_pkg': PYTHONPATH=/home/vboxuser/ros2_ws/build/bt_pkg/prefix_override:/usr/lib/python3/dist-packages/colcon_core/task/python/colcon_distutils_commands:/home/vboxuser/ros2_ws/install/bt_pkg/lib/python3.8/site-packages:${PYTHONPATH} /usr/bin/python3 -W ignore:setup.py install is deprecated -W ignore:easy_install command is deprecated setup.py egg_info --egg-base ../../build/bt_pkg build --build-base /home/vboxuser/ros2_ws/build/bt_pkg/build install --record /home/vboxuser/ros2_ws/build/bt_pkg/install.log --install-scripts $base/lib/bt_pkg --single-version-externally-managed install_data
[2.596s] running egg_info
[2.596s] writing ../../build/bt_pkg/bt_pkg.egg-info/PKG-INFO
[2.596s] writing dependency_links to ../../build/bt_pkg/bt_pkg.egg-info/dependency_links.txt
[2.596s] writing entry points to ../../build/bt_pkg/bt_pkg.egg-info/entry_points.txt
[2.596s] writing requirements to ../../build/bt_pkg/bt_pkg.egg-info/requires.txt
[2.596s] writing top-level names to ../../build/bt_pkg/bt_pkg.egg-info/top_level.txt
[2.617s] reading manifest file '../../build/bt_pkg/bt_pkg.egg-info/SOURCES.txt'
[2.618s] writing manifest file '../../build/bt_pkg/bt_pkg.egg-info/SOURCES.txt'
[2.619s] running build
[2.619s] running build_py
[2.619s] copying bt_pkg/bt_example_tree.py -> /home/vboxuser/ros2_ws/build/bt_pkg/build/lib/bt_pkg
[2.620s] running install
[2.622s] running install_lib
[2.624s] copying /home/vboxuser/ros2_ws/build/bt_pkg/build/lib/bt_pkg/bt_example_tree.py -> /home/vboxuser/ros2_ws/install/bt_pkg/lib/python3.8/site-packages/bt_pkg
[2.625s] byte-compiling /home/vboxuser/ros2_ws/install/bt_pkg/lib/python3.8/site-packages/bt_pkg/bt_example_tree.py to bt_example_tree.cpython-38.pyc
[2.627s] running install_data
[2.627s] running install_egg_info
[2.644s] removing '/home/vboxuser/ros2_ws/install/bt_pkg/lib/python3.8/site-packages/bt_pkg-0.0.0-py3.8.egg-info' (and everything under it)
[2.654s] Copying ../../build/bt_pkg/bt_pkg.egg-info to /home/vboxuser/ros2_ws/install/bt_pkg/lib/python3.8/site-packages/bt_pkg-0.0.0-py3.8.egg-info
[2.655s] running install_scripts
[2.712s] Installing bt_example_tree script to /home/vboxuser/ros2_ws/install/bt_pkg/lib/bt_pkg
[2.724s] Installing bt_scan_hookstrip script to /home/vboxuser/ros2_ws/install/bt_pkg/lib/bt_pkg
[2.724s] Installing srv_call script to /home/vboxuser/ros2_ws/install/bt_pkg/lib/bt_pkg
[2.724s] writing list of installed files to '/home/vboxuser/ros2_ws/build/bt_pkg/install.log'
[2.900s] Invoked command in '/home/vboxuser/ros2_ws/src/bt_pkg' returned '0': PYTHONPATH=/home/vboxuser/ros2_ws/build/bt_pkg/prefix_override:/usr/lib/python3/dist-packages/colcon_core/task/python/colcon_distutils_commands:/home/vboxuser/ros2_ws/install/bt_pkg/lib/python3.8/site-packages:${PYTHONPATH} /usr/bin/python3 -W ignore:setup.py install is deprecated -W ignore:easy_install command is deprecated setup.py egg_info --egg-base ../../build/bt_pkg build --build-base /home/vboxuser/ros2_ws/build/bt_pkg/build install --record /home/vboxuser/ros2_ws/build/bt_pkg/install.log --install-scripts $base/lib/bt_pkg --single-version-externally-managed install_data
