[0.031s] Invoking command in '/home/vboxuser/ros2_ws/build/realsense2_camera': AMENT_PREFIX_PATH=/home/vboxuser/ros2_ws/install/realsense2_camera_msgs:${AMENT_PREFIX_PATH} CMAKE_PREFIX_PATH=/home/vboxuser/ros2_ws/install/realsense2_camera_msgs:/home/vboxuser/install/kr_example_cpp:/home/vboxuser/install/kr_msgs:/home/vboxuser/install/kr_example_python:/opt/ros/foxy LD_LIBRARY_PATH=/home/vboxuser/ros2_ws/install/realsense2_camera_msgs/lib:${LD_LIBRARY_PATH} PYTHONPATH=/home/vboxuser/ros2_ws/install/realsense2_camera_msgs/lib/python3.8/site-packages:${PYTHONPATH} /usr/bin/cmake /home/vboxuser/ros2_ws/src/realsense-ros/realsense2_camera -DAMENT_CMAKE_SYMLINK_INSTALL=1 -DCMAKE_INSTALL_PREFIX=/home/vboxuser/ros2_ws/install/realsense2_camera
[0.083s] -- The C compiler identification is GNU 9.4.0
[0.144s] -- The CXX compiler identification is GNU 9.4.0
[0.148s] -- Check for working C compiler: /usr/bin/cc
[0.232s] -- Check for working C compiler: /usr/bin/cc -- works
[0.233s] -- Detecting C compiler ABI info
[0.319s] -- Detecting C compiler ABI info - done
[0.328s] -- Detecting C compile features
[0.328s] -- Detecting C compile features - done
[0.330s] -- Check for working CXX compiler: /usr/bin/c++
[0.424s] -- Check for working CXX compiler: /usr/bin/c++ -- works
[0.425s] -- Detecting CXX compiler ABI info
[0.522s] -- Detecting CXX compiler ABI info - done
[0.531s] -- Detecting CXX compile features
[0.532s] -- Detecting CXX compile features - done
[0.532s] -- Create Release Build.
[0.534s] -- Found ament_cmake: 0.9.12 (/opt/ros/foxy/share/ament_cmake/cmake)
[0.559s] -- Found PythonInterp: /usr/bin/python3 (found suitable version "3.8.10", minimum required is "3") 
[0.559s] -- Using PYTHON_EXECUTABLE: /usr/bin/python3
[0.713s] -- Override CMake install command with custom implementation using symlinks instead of copying resources
[0.740s] -- Found builtin_interfaces: 1.0.0 (/opt/ros/foxy/share/builtin_interfaces/cmake)
[0.774s] -- Using all available rosidl_typesupport_c: rosidl_typesupport_fastrtps_c;rosidl_typesupport_introspection_c
[0.777s] -- Found rosidl_adapter: 1.3.1 (/opt/ros/foxy/share/rosidl_adapter/cmake)
[0.883s] -- Found OpenSSL: /usr/lib/x86_64-linux-gnu/libcrypto.so (found version "1.1.1f")  
[0.916s] -- Found FastRTPS: /opt/ros/foxy/include  
[0.996s] -- Using all available rosidl_typesupport_cpp: rosidl_typesupport_fastrtps_cpp;rosidl_typesupport_introspection_cpp
[1.035s] -- Found cv_bridge: 3.0.7 (/opt/ros/foxy/share/cv_bridge/cmake)
[1.209s] -- Found image_transport: 2.4.0 (/opt/ros/foxy/share/image_transport/cmake)
[1.334s] -- Found rmw_implementation_cmake: 1.0.4 (/opt/ros/foxy/share/rmw_implementation_cmake/cmake)
[1.339s] -- Using RMW implementation 'rmw_fastrtps_cpp' as default
[1.344s] -- Looking for pthread.h
[1.436s] -- Looking for pthread.h - found
[1.436s] -- Performing Test CMAKE_HAVE_LIBC_PTHREAD
[1.528s] -- Performing Test CMAKE_HAVE_LIBC_PTHREAD - Failed
[1.528s] -- Looking for pthread_create in pthreads
[1.617s] -- Looking for pthread_create in pthreads - not found
[1.617s] -- Looking for pthread_create in pthread
[1.721s] -- Looking for pthread_create in pthread - found
[1.721s] -- Found Threads: TRUE  
[2.068s] -- Found rclcpp_components: 2.4.3 (/opt/ros/foxy/share/rclcpp_components/cmake)
[2.137s] -- Found realsense2_camera_msgs: 4.55.1 (/home/vboxuser/ros2_ws/install/realsense2_camera_msgs/share/realsense2_camera_msgs/cmake)
[2.246s] -- Found nav_msgs: 2.0.5 (/opt/ros/foxy/share/nav_msgs/cmake)
[2.331s] -- Found tf2_ros: 0.13.14 (/opt/ros/foxy/share/tf2_ros/cmake)
[2.663s] -- Found diagnostic_updater: 3.1.2 (/opt/ros/foxy/share/diagnostic_updater/cmake)
[2.740s] -- Found OpenCV: /usr (found version "4.2.0") found components: core 
[2.747s] -- Build for ROS2 Foxy
[2.777s] -- Found ament_cmake_gtest: 0.9.12 (/opt/ros/foxy/share/ament_cmake_gtest/cmake)
[2.786s] -- Found gtest sources under '/opt/ros/foxy/src/gtest_vendor': C++ tests using 'Google Test' will be built
[2.790s] -- Check if compiler accepts -pthread
[2.883s] -- Check if compiler accepts -pthread - yes
[2.886s] -- Found ament_cmake_pytest: 0.9.12 (/opt/ros/foxy/share/ament_cmake_pytest/cmake)
[7.192s] -- rs_device_info:
[7.192s] -- Device Name                   Serial Number       Firmware Version
[7.192s] Intel RealSense D435          837212070596        5.16.0.1
[7.192s] 
[7.192s] -- D455 device found
[11.042s] -- Configuring done
[11.113s] -- Generating done
[11.115s] -- Build files have been written to: /home/vboxuser/ros2_ws/build/realsense2_camera
[11.127s] Invoked command in '/home/vboxuser/ros2_ws/build/realsense2_camera' returned '0': AMENT_PREFIX_PATH=/home/vboxuser/ros2_ws/install/realsense2_camera_msgs:${AMENT_PREFIX_PATH} CMAKE_PREFIX_PATH=/home/vboxuser/ros2_ws/install/realsense2_camera_msgs:/home/vboxuser/install/kr_example_cpp:/home/vboxuser/install/kr_msgs:/home/vboxuser/install/kr_example_python:/opt/ros/foxy LD_LIBRARY_PATH=/home/vboxuser/ros2_ws/install/realsense2_camera_msgs/lib:${LD_LIBRARY_PATH} PYTHONPATH=/home/vboxuser/ros2_ws/install/realsense2_camera_msgs/lib/python3.8/site-packages:${PYTHONPATH} /usr/bin/cmake /home/vboxuser/ros2_ws/src/realsense-ros/realsense2_camera -DAMENT_CMAKE_SYMLINK_INSTALL=1 -DCMAKE_INSTALL_PREFIX=/home/vboxuser/ros2_ws/install/realsense2_camera
[11.130s] Invoking command in '/home/vboxuser/ros2_ws/build/realsense2_camera': AMENT_PREFIX_PATH=/home/vboxuser/ros2_ws/install/realsense2_camera_msgs:${AMENT_PREFIX_PATH} CMAKE_PREFIX_PATH=/home/vboxuser/ros2_ws/install/realsense2_camera_msgs:/home/vboxuser/install/kr_example_cpp:/home/vboxuser/install/kr_msgs:/home/vboxuser/install/kr_example_python:/opt/ros/foxy LD_LIBRARY_PATH=/home/vboxuser/ros2_ws/install/realsense2_camera_msgs/lib:${LD_LIBRARY_PATH} PYTHONPATH=/home/vboxuser/ros2_ws/install/realsense2_camera_msgs/lib/python3.8/site-packages:${PYTHONPATH} /usr/bin/cmake --build /home/vboxuser/ros2_ws/build/realsense2_camera -- -j8 -l8
[11.185s] [35m[1mScanning dependencies of target gtest[0m
[11.186s] [35m[1mScanning dependencies of target realsense2_camera_node[0m
[11.186s] [35m[1mScanning dependencies of target gtest_main[0m
[11.186s] [35m[1mScanning dependencies of target realsense2_camera[0m
[11.248s] [  9%] [32mBuilding CXX object gtest/CMakeFiles/gtest.dir/src/gtest-all.cc.o[0m
[11.248s] [  9%] [32mBuilding CXX object gtest/CMakeFiles/gtest_main.dir/src/gtest_main.cc.o[0m
[11.490s] [ 13%] [32mBuilding CXX object CMakeFiles/realsense2_camera_node.dir/rclcpp_components/node_main_realsense2_camera_node.cpp.o[0m
[11.689s] [ 22%] [32mBuilding CXX object CMakeFiles/realsense2_camera.dir/src/realsense_node_factory.cpp.o[0m
[11.689s] [ 22%] [32mBuilding CXX object CMakeFiles/realsense2_camera.dir/src/base_realsense_node.cpp.o[0m
[11.691s] [ 27%] [32mBuilding CXX object CMakeFiles/realsense2_camera.dir/src/parameters.cpp.o[0m
[11.700s] [ 31%] [32mBuilding CXX object CMakeFiles/realsense2_camera.dir/src/rs_node_setup.cpp.o[0m
[11.701s] [ 36%] [32mBuilding CXX object CMakeFiles/realsense2_camera.dir/src/ros_sensor.cpp.o[0m
[12.202s] [ 40%] [32m[1mLinking CXX static library libgtest_main.a[0m
[12.262s] [ 40%] Built target gtest_main
[12.275s] [ 45%] [32mBuilding CXX object CMakeFiles/realsense2_camera.dir/src/ros_utils.cpp.o[0m
[17.205s] [ 50%] [32m[1mLinking CXX executable realsense2_camera_node[0m
[17.471s] [ 50%] Built target realsense2_camera_node
[17.486s] [ 54%] [32mBuilding CXX object CMakeFiles/realsense2_camera.dir/src/dynamic_params.cpp.o[0m
[18.239s] [ 59%] [32mBuilding CXX object CMakeFiles/realsense2_camera.dir/src/sensor_params.cpp.o[0m
[21.723s] [ 63%] [32m[1mLinking CXX static library libgtest.a[0m
[21.805s] [ 63%] Built target gtest
[21.834s] [35m[1mScanning dependencies of target gtest_template[0m
[21.915s] [ 68%] [32mBuilding CXX object CMakeFiles/gtest_template.dir/test/gtest_template.cpp.o[0m
[22.148s] [ 72%] [32mBuilding CXX object CMakeFiles/realsense2_camera.dir/src/named_filter.cpp.o[0m
[22.207s] [ 77%] [32mBuilding CXX object CMakeFiles/realsense2_camera.dir/src/profile_manager.cpp.o[0m
[23.072s] [ 81%] [32m[1mLinking CXX executable gtest_template[0m
[23.228s] [ 81%] Built target gtest_template
[23.241s] [ 86%] [32mBuilding CXX object CMakeFiles/realsense2_camera.dir/src/image_publisher.cpp.o[0m
[24.007s] [ 90%] [32mBuilding CXX object CMakeFiles/realsense2_camera.dir/src/tfs.cpp.o[0m
[24.552s] [ 95%] [32mBuilding CXX object CMakeFiles/realsense2_camera.dir/src/ros_param_backend.cpp.o[0m
[34.100s] [100%] [32m[1mLinking CXX shared library librealsense2_camera.so[0m
[35.402s] [100%] Built target realsense2_camera
[35.422s] Invoked command in '/home/vboxuser/ros2_ws/build/realsense2_camera' returned '0': AMENT_PREFIX_PATH=/home/vboxuser/ros2_ws/install/realsense2_camera_msgs:${AMENT_PREFIX_PATH} CMAKE_PREFIX_PATH=/home/vboxuser/ros2_ws/install/realsense2_camera_msgs:/home/vboxuser/install/kr_example_cpp:/home/vboxuser/install/kr_msgs:/home/vboxuser/install/kr_example_python:/opt/ros/foxy LD_LIBRARY_PATH=/home/vboxuser/ros2_ws/install/realsense2_camera_msgs/lib:${LD_LIBRARY_PATH} PYTHONPATH=/home/vboxuser/ros2_ws/install/realsense2_camera_msgs/lib/python3.8/site-packages:${PYTHONPATH} /usr/bin/cmake --build /home/vboxuser/ros2_ws/build/realsense2_camera -- -j8 -l8
[35.543s] Invoking command in '/home/vboxuser/ros2_ws/build/realsense2_camera': AMENT_PREFIX_PATH=/home/vboxuser/ros2_ws/install/realsense2_camera_msgs:${AMENT_PREFIX_PATH} CMAKE_PREFIX_PATH=/home/vboxuser/ros2_ws/install/realsense2_camera_msgs:/home/vboxuser/install/kr_example_cpp:/home/vboxuser/install/kr_msgs:/home/vboxuser/install/kr_example_python:/opt/ros/foxy LD_LIBRARY_PATH=/home/vboxuser/ros2_ws/install/realsense2_camera_msgs/lib:${LD_LIBRARY_PATH} PYTHONPATH=/home/vboxuser/ros2_ws/install/realsense2_camera_msgs/lib/python3.8/site-packages:${PYTHONPATH} /usr/bin/cmake --install /home/vboxuser/ros2_ws/build/realsense2_camera
[35.554s] -- Install configuration: "Release"
[35.555s] -- Execute custom install script
[35.556s] -- Symlinking: /home/vboxuser/ros2_ws/install/realsense2_camera/lib/realsense2_camera/realsense2_camera_node
[35.568s] -- Symlinking: /home/vboxuser/ros2_ws/install/realsense2_camera/lib/librealsense2_camera.so
[35.581s] -- Symlinking: /home/vboxuser/ros2_ws/install/realsense2_camera/include/base_realsense_node.h
[35.592s] -- Symlinking: /home/vboxuser/ros2_ws/install/realsense2_camera/include/constants.h
[35.603s] -- Symlinking: /home/vboxuser/ros2_ws/install/realsense2_camera/include/dynamic_params.h
[35.614s] -- Symlinking: /home/vboxuser/ros2_ws/install/realsense2_camera/include/gl_window.h
[35.624s] -- Symlinking: /home/vboxuser/ros2_ws/install/realsense2_camera/include/image_publisher.h
[35.635s] -- Symlinking: /home/vboxuser/ros2_ws/install/realsense2_camera/include/named_filter.h
[35.647s] -- Symlinking: /home/vboxuser/ros2_ws/install/realsense2_camera/include/profile_manager.h
[35.658s] -- Symlinking: /home/vboxuser/ros2_ws/install/realsense2_camera/include/realsense_node_factory.h
[35.669s] -- Symlinking: /home/vboxuser/ros2_ws/install/realsense2_camera/include/ros_param_backend.h
[35.680s] -- Symlinking: /home/vboxuser/ros2_ws/install/realsense2_camera/include/ros_sensor.h
[35.691s] -- Symlinking: /home/vboxuser/ros2_ws/install/realsense2_camera/include/ros_utils.h
[35.703s] -- Symlinking: /home/vboxuser/ros2_ws/install/realsense2_camera/include/sensor_params.h
[35.714s] -- Symlinking: /home/vboxuser/ros2_ws/install/realsense2_camera/share/realsense2_camera/launch/default.rviz
[35.725s] -- Symlinking: /home/vboxuser/ros2_ws/install/realsense2_camera/share/realsense2_camera/launch/rs_intra_process_demo_launch.py
[35.735s] -- Symlinking: /home/vboxuser/ros2_ws/install/realsense2_camera/share/realsense2_camera/launch/rs_launch.py
[35.746s] -- Symlinking: /home/vboxuser/ros2_ws/install/realsense2_camera/share/realsense2_camera/launch/rs_multi_camera_launch.py
[35.757s] -- Symlinking: /home/vboxuser/ros2_ws/install/realsense2_camera/share/realsense2_camera/examples/align_depth/README.md
[35.768s] -- Symlinking: /home/vboxuser/ros2_ws/install/realsense2_camera/share/realsense2_camera/examples/align_depth/rs_align_depth_launch.py
[35.781s] -- Symlinking: /home/vboxuser/ros2_ws/install/realsense2_camera/share/realsense2_camera/examples/dual_camera/README.md
[35.792s] -- Symlinking: /home/vboxuser/ros2_ws/install/realsense2_camera/share/realsense2_camera/examples/dual_camera/rs_dual_camera_launch.py
[35.803s] -- Symlinking: /home/vboxuser/ros2_ws/install/realsense2_camera/share/realsense2_camera/examples/dual_camera/rviz/dual_camera_pointcloud.rviz
[35.816s] -- Symlinking: /home/vboxuser/ros2_ws/install/realsense2_camera/share/realsense2_camera/examples/launch_from_rosbag/README.md
[35.827s] -- Symlinking: /home/vboxuser/ros2_ws/install/realsense2_camera/share/realsense2_camera/examples/launch_from_rosbag/rs_launch_from_rosbag.py
[35.837s] -- Symlinking: /home/vboxuser/ros2_ws/install/realsense2_camera/share/realsense2_camera/examples/launch_params_from_file/README.md
[35.848s] -- Symlinking: /home/vboxuser/ros2_ws/install/realsense2_camera/share/realsense2_camera/examples/launch_params_from_file/config/config.yaml
[35.859s] -- Symlinking: /home/vboxuser/ros2_ws/install/realsense2_camera/share/realsense2_camera/examples/launch_params_from_file/rs_launch_get_params_from_yaml.py
[35.870s] -- Symlinking: /home/vboxuser/ros2_ws/install/realsense2_camera/share/realsense2_camera/examples/pointcloud/README.md
[35.882s] -- Symlinking: /home/vboxuser/ros2_ws/install/realsense2_camera/share/realsense2_camera/examples/pointcloud/rs_d405_pointcloud_launch.py
[35.892s] -- Symlinking: /home/vboxuser/ros2_ws/install/realsense2_camera/share/realsense2_camera/examples/pointcloud/rs_d455_pointcloud_launch.py
[35.903s] -- Symlinking: /home/vboxuser/ros2_ws/install/realsense2_camera/share/realsense2_camera/examples/pointcloud/rs_pointcloud_launch.py
[35.913s] -- Symlinking: /home/vboxuser/ros2_ws/install/realsense2_camera/share/realsense2_camera/examples/pointcloud/rviz/pointcloud.rviz
[35.923s] -- Symlinking: /home/vboxuser/ros2_ws/install/realsense2_camera/share/realsense2_camera/examples/pointcloud/rviz/urdf_pointcloud.rviz
[35.933s] -- Symlinking: /home/vboxuser/ros2_ws/install/realsense2_camera/share/realsense2_camera/environment/library_path.sh
[35.943s] -- Symlinking: /home/vboxuser/ros2_ws/install/realsense2_camera/share/realsense2_camera/environment/library_path.dsv
[35.953s] -- Symlinking: /home/vboxuser/ros2_ws/install/realsense2_camera/share/ament_index/resource_index/package_run_dependencies/realsense2_camera
[35.964s] -- Symlinking: /home/vboxuser/ros2_ws/install/realsense2_camera/share/ament_index/resource_index/parent_prefix_path/realsense2_camera
[35.977s] -- Symlinking: /home/vboxuser/ros2_ws/install/realsense2_camera/share/realsense2_camera/environment/ament_prefix_path.sh
[35.990s] -- Symlinking: /home/vboxuser/ros2_ws/install/realsense2_camera/share/realsense2_camera/environment/ament_prefix_path.dsv
[36.002s] -- Symlinking: /home/vboxuser/ros2_ws/install/realsense2_camera/share/realsense2_camera/environment/path.sh
[36.017s] -- Symlinking: /home/vboxuser/ros2_ws/install/realsense2_camera/share/realsense2_camera/environment/path.dsv
[36.029s] -- Symlinking: /home/vboxuser/ros2_ws/install/realsense2_camera/share/realsense2_camera/local_setup.bash
[36.040s] -- Symlinking: /home/vboxuser/ros2_ws/install/realsense2_camera/share/realsense2_camera/local_setup.sh
[36.052s] -- Symlinking: /home/vboxuser/ros2_ws/install/realsense2_camera/share/realsense2_camera/local_setup.zsh
[36.064s] -- Symlinking: /home/vboxuser/ros2_ws/install/realsense2_camera/share/realsense2_camera/local_setup.dsv
[36.079s] -- Symlinking: /home/vboxuser/ros2_ws/install/realsense2_camera/share/realsense2_camera/package.dsv
[36.091s] -- Symlinking: /home/vboxuser/ros2_ws/install/realsense2_camera/share/ament_index/resource_index/packages/realsense2_camera
[36.103s] -- Symlinking: /home/vboxuser/ros2_ws/install/realsense2_camera/share/ament_index/resource_index/rclcpp_components/realsense2_camera
[36.117s] -- Symlinking: /home/vboxuser/ros2_ws/install/realsense2_camera/share/realsense2_camera/cmake/ament_cmake_export_include_directories-extras.cmake
[36.127s] -- Symlinking: /home/vboxuser/ros2_ws/install/realsense2_camera/share/realsense2_camera/cmake/ament_cmake_export_libraries-extras.cmake
[36.140s] -- Symlinking: /home/vboxuser/ros2_ws/install/realsense2_camera/share/realsense2_camera/cmake/ament_cmake_export_dependencies-extras.cmake
[36.154s] -- Symlinking: /home/vboxuser/ros2_ws/install/realsense2_camera/share/realsense2_camera/cmake/realsense2_cameraConfig.cmake
[36.167s] -- Symlinking: /home/vboxuser/ros2_ws/install/realsense2_camera/share/realsense2_camera/cmake/realsense2_cameraConfig-version.cmake
[36.179s] -- Symlinking: /home/vboxuser/ros2_ws/install/realsense2_camera/share/realsense2_camera/package.xml
[36.201s] Invoked command in '/home/vboxuser/ros2_ws/build/realsense2_camera' returned '0': AMENT_PREFIX_PATH=/home/vboxuser/ros2_ws/install/realsense2_camera_msgs:${AMENT_PREFIX_PATH} CMAKE_PREFIX_PATH=/home/vboxuser/ros2_ws/install/realsense2_camera_msgs:/home/vboxuser/install/kr_example_cpp:/home/vboxuser/install/kr_msgs:/home/vboxuser/install/kr_example_python:/opt/ros/foxy LD_LIBRARY_PATH=/home/vboxuser/ros2_ws/install/realsense2_camera_msgs/lib:${LD_LIBRARY_PATH} PYTHONPATH=/home/vboxuser/ros2_ws/install/realsense2_camera_msgs/lib/python3.8/site-packages:${PYTHONPATH} /usr/bin/cmake --install /home/vboxuser/ros2_ws/build/realsense2_camera
