[0.350s] Invoking command in '/home/vboxuser/ros2_ws/src/build/groot': CMAKE_PREFIX_PATH=${CMAKE_PREFIX_PATH}:/home/vboxuser/ros2_ws/src/install/vision:/home/vboxuser/ros2_ws/src/install/robot_control:/home/vboxuser/ros2_ws/src/install/kr_example_python:/home/vboxuser/ros2_ws/src/install/bt_pkg:/home/vboxuser/ros2_ws/install/vision:/home/vboxuser/ros2_ws/install/robot_control:/home/vboxuser/ros2_ws/install/kr_example_python:/home/vboxuser/ros2_ws/install/bt_pkg:/opt/ros/foxy /usr/bin/cmake --build /home/vboxuser/ros2_ws/src/build/groot -- -j8 -l8
[0.648s] [  1%] [34m[1mAutomatic MOC and UIC for target QtNodeEditor[0m
[0.648s] [  1%] Built target QtNodeEditor_autogen
[0.648s] [ 57%] Built target QtNodeEditor
[0.648s] [ 58%] [34m[1mAutomatic MOC and UIC for target behavior_tree_editor[0m
[0.648s] [ 58%] Built target behavior_tree_editor_autogen
[0.649s] [ 74%] Built target behavior_tree_editor
[0.677s] [ 74%] [34m[1mAutomatic MOC and UIC for target editor_test[0m
[0.679s] [ 76%] [34m[1mAutomatic MOC and UIC for target Groot[0m
[0.679s] [ 76%] [34m[1mAutomatic MOC and UIC for target replay_test[0m
[0.712s] [ 76%] Built target editor_test_autogen
[0.713s] [ 76%] Built target Groot_autogen
[0.714s] [ 76%] Built target replay_test_autogen
[0.760s] [ 82%] Built target Groot
[0.763s] [ 91%] Built target replay_test
[0.767s] [100%] Built target editor_test
[0.927s] Invoked command in '/home/vboxuser/ros2_ws/src/build/groot' returned '0': CMAKE_PREFIX_PATH=${CMAKE_PREFIX_PATH}:/home/vboxuser/ros2_ws/src/install/vision:/home/vboxuser/ros2_ws/src/install/robot_control:/home/vboxuser/ros2_ws/src/install/kr_example_python:/home/vboxuser/ros2_ws/src/install/bt_pkg:/home/vboxuser/ros2_ws/install/vision:/home/vboxuser/ros2_ws/install/robot_control:/home/vboxuser/ros2_ws/install/kr_example_python:/home/vboxuser/ros2_ws/install/bt_pkg:/opt/ros/foxy /usr/bin/cmake --build /home/vboxuser/ros2_ws/src/build/groot -- -j8 -l8
[1.151s] Invoking command in '/home/vboxuser/ros2_ws/src/build/groot': CMAKE_PREFIX_PATH=${CMAKE_PREFIX_PATH}:/home/vboxuser/ros2_ws/src/install/vision:/home/vboxuser/ros2_ws/src/install/robot_control:/home/vboxuser/ros2_ws/src/install/kr_example_python:/home/vboxuser/ros2_ws/src/install/bt_pkg:/home/vboxuser/ros2_ws/install/vision:/home/vboxuser/ros2_ws/install/robot_control:/home/vboxuser/ros2_ws/install/kr_example_python:/home/vboxuser/ros2_ws/install/bt_pkg:/opt/ros/foxy /usr/bin/cmake --install /home/vboxuser/ros2_ws/src/build/groot
[1.167s] -- Install configuration: ""
[1.168s] -- Up-to-date: /home/vboxuser/ros2_ws/src/install/groot/lib/libbehavior_tree_editor.so
[1.169s] -- Up-to-date: /home/vboxuser/ros2_ws/src/install/groot/lib/groot/Groot
[1.172s] -- Up-to-date: /home/vboxuser/ros2_ws/src/install/groot/share/groot/environment/library_path.sh
[1.172s] -- Up-to-date: /home/vboxuser/ros2_ws/src/install/groot/share/groot/environment/library_path.dsv
[1.172s] -- Up-to-date: /home/vboxuser/ros2_ws/src/install/groot/share/ament_index/resource_index/package_run_dependencies/groot
[1.172s] -- Up-to-date: /home/vboxuser/ros2_ws/src/install/groot/share/ament_index/resource_index/parent_prefix_path/groot
[1.173s] -- Up-to-date: /home/vboxuser/ros2_ws/src/install/groot/share/groot/environment/ament_prefix_path.sh
[1.173s] -- Up-to-date: /home/vboxuser/ros2_ws/src/install/groot/share/groot/environment/ament_prefix_path.dsv
[1.173s] -- Up-to-date: /home/vboxuser/ros2_ws/src/install/groot/share/groot/environment/path.sh
[1.173s] -- Up-to-date: /home/vboxuser/ros2_ws/src/install/groot/share/groot/environment/path.dsv
[1.173s] -- Up-to-date: /home/vboxuser/ros2_ws/src/install/groot/share/groot/local_setup.bash
[1.173s] -- Up-to-date: /home/vboxuser/ros2_ws/src/install/groot/share/groot/local_setup.sh
[1.173s] -- Up-to-date: /home/vboxuser/ros2_ws/src/install/groot/share/groot/local_setup.zsh
[1.173s] -- Up-to-date: /home/vboxuser/ros2_ws/src/install/groot/share/groot/local_setup.dsv
[1.173s] -- Installing: /home/vboxuser/ros2_ws/src/install/groot/share/groot/package.dsv
[1.173s] -- Up-to-date: /home/vboxuser/ros2_ws/src/install/groot/share/ament_index/resource_index/packages/groot
[1.173s] -- Up-to-date: /home/vboxuser/ros2_ws/src/install/groot/share/groot/cmake/ament_cmake_export_include_directories-extras.cmake
[1.173s] -- Up-to-date: /home/vboxuser/ros2_ws/src/install/groot/share/groot/cmake/ament_cmake_export_dependencies-extras.cmake
[1.173s] -- Up-to-date: /home/vboxuser/ros2_ws/src/install/groot/share/groot/cmake/ament_cmake_export_libraries-extras.cmake
[1.174s] -- Up-to-date: /home/vboxuser/ros2_ws/src/install/groot/share/groot/cmake/grootConfig.cmake
[1.174s] -- Up-to-date: /home/vboxuser/ros2_ws/src/install/groot/share/groot/cmake/grootConfig-version.cmake
[1.174s] -- Up-to-date: /home/vboxuser/ros2_ws/src/install/groot/share/groot/package.xml
[1.174s] Invoked command in '/home/vboxuser/ros2_ws/src/build/groot' returned '0': CMAKE_PREFIX_PATH=${CMAKE_PREFIX_PATH}:/home/vboxuser/ros2_ws/src/install/vision:/home/vboxuser/ros2_ws/src/install/robot_control:/home/vboxuser/ros2_ws/src/install/kr_example_python:/home/vboxuser/ros2_ws/src/install/bt_pkg:/home/vboxuser/ros2_ws/install/vision:/home/vboxuser/ros2_ws/install/robot_control:/home/vboxuser/ros2_ws/install/kr_example_python:/home/vboxuser/ros2_ws/install/bt_pkg:/opt/ros/foxy /usr/bin/cmake --install /home/vboxuser/ros2_ws/src/build/groot
