[0.031s] Invoking command in '/home/vboxuser/Thesis/build/realsense2_camera': AMENT_PREFIX_PATH=/home/vboxuser/Thesis/install/realsense2_camera_msgs:${AMENT_PREFIX_PATH} CMAKE_PREFIX_PATH=/home/vboxuser/Thesis/install/realsense2_camera_msgs:/opt/ros/foxy LD_LIBRARY_PATH=/home/vboxuser/Thesis/install/realsense2_camera_msgs/lib:${LD_LIBRARY_PATH} PYTHONPATH=/home/vboxuser/Thesis/install/realsense2_camera_msgs/lib/python3.8/site-packages:${PYTHONPATH} /usr/bin/cmake /home/vboxuser/Thesis/src/realsense-ros/realsense2_camera -DAMENT_CMAKE_SYMLINK_INSTALL=1 -DCMAKE_INSTALL_PREFIX=/home/vboxuser/Thesis/install/realsense2_camera
[0.154s] -- The C compiler identification is GNU 9.4.0
[0.427s] -- The CXX compiler identification is GNU 9.4.0
[0.432s] -- Check for working C compiler: /usr/bin/cc
[0.659s] -- Check for working C compiler: /usr/bin/cc -- works
[0.660s] -- Detecting C compiler ABI info
[0.752s] -- Detecting C compiler ABI info - done
[0.764s] -- Detecting C compile features
[0.765s] -- Detecting C compile features - done
[0.768s] -- Check for working CXX compiler: /usr/bin/c++
[0.883s] -- Check for working CXX compiler: /usr/bin/c++ -- works
[0.884s] -- Detecting CXX compiler ABI info
[0.990s] -- Detecting CXX compiler ABI info - done
[1.000s] -- Detecting CXX compile features
[1.001s] -- Detecting CXX compile features - done
[1.002s] -- Create Release Build.
[1.004s] -- Found ament_cmake: 0.9.12 (/opt/ros/foxy/share/ament_cmake/cmake)
[1.028s] -- Found PythonInterp: /usr/bin/python3 (found suitable version "3.8.10", minimum required is "3") 
[1.029s] -- Using PYTHON_EXECUTABLE: /usr/bin/python3
[1.208s] -- Override CMake install command with custom implementation using symlinks instead of copying resources
[1.235s] -- Found builtin_interfaces: 1.0.0 (/opt/ros/foxy/share/builtin_interfaces/cmake)
[1.263s] -- Using all available rosidl_typesupport_c: rosidl_typesupport_fastrtps_c;rosidl_typesupport_introspection_c
[1.270s] -- Found rosidl_adapter: 1.3.1 (/opt/ros/foxy/share/rosidl_adapter/cmake)
[1.391s] -- Found OpenSSL: /usr/lib/x86_64-linux-gnu/libcrypto.so (found version "1.1.1f")  
[1.423s] -- Found FastRTPS: /opt/ros/foxy/include  
[1.505s] -- Using all available rosidl_typesupport_cpp: rosidl_typesupport_fastrtps_cpp;rosidl_typesupport_introspection_cpp
[1.531s] -- Found cv_bridge: 3.0.7 (/opt/ros/foxy/share/cv_bridge/cmake)
[1.704s] -- Found image_transport: 2.4.0 (/opt/ros/foxy/share/image_transport/cmake)
[1.756s] -- Found rmw_implementation_cmake: 1.0.4 (/opt/ros/foxy/share/rmw_implementation_cmake/cmake)
[1.758s] -- Using RMW implementation 'rmw_fastrtps_cpp' as default
[1.759s] -- Looking for pthread.h
[1.922s] -- Looking for pthread.h - found
[1.922s] -- Performing Test CMAKE_HAVE_LIBC_PTHREAD
[2.125s] -- Performing Test CMAKE_HAVE_LIBC_PTHREAD - Failed
[2.125s] -- Looking for pthread_create in pthreads
[2.283s] -- Looking for pthread_create in pthreads - not found
[2.283s] -- Looking for pthread_create in pthread
[2.978s] -- Looking for pthread_create in pthread - found
[2.980s] -- Found Threads: TRUE  
[3.169s] -- Found rclcpp_components: 2.4.3 (/opt/ros/foxy/share/rclcpp_components/cmake)
[3.233s] -- Found realsense2_camera_msgs: 4.55.1 (/home/vboxuser/Thesis/install/realsense2_camera_msgs/share/realsense2_camera_msgs/cmake)
[3.387s] -- Found nav_msgs: 2.0.5 (/opt/ros/foxy/share/nav_msgs/cmake)
[3.456s] -- Found tf2_ros: 0.13.14 (/opt/ros/foxy/share/tf2_ros/cmake)
[3.725s] -- Found diagnostic_updater: 3.1.2 (/opt/ros/foxy/share/diagnostic_updater/cmake)
[3.784s] -- Found OpenCV: /usr (found version "4.2.0") found components: core 
[3.787s] -- Build for ROS2 Foxy
[3.827s] -- Found ament_cmake_gtest: 0.9.12 (/opt/ros/foxy/share/ament_cmake_gtest/cmake)
[3.830s] -- Found gtest sources under '/opt/ros/foxy/src/gtest_vendor': C++ tests using 'Google Test' will be built
[3.833s] -- Check if compiler accepts -pthread
[4.269s] -- Check if compiler accepts -pthread - yes
[4.273s] -- Found ament_cmake_pytest: 0.9.12 (/opt/ros/foxy/share/ament_cmake_pytest/cmake)
[10.814s] -- rs_device_info:
[10.815s] -- No device detected. Is it plugged in?
[10.815s] 
[10.917s] -- Configuring done
[10.969s] -- Generating done
[10.969s] -- Build files have been written to: /home/vboxuser/Thesis/build/realsense2_camera
[10.985s] Invoked command in '/home/vboxuser/Thesis/build/realsense2_camera' returned '0': AMENT_PREFIX_PATH=/home/vboxuser/Thesis/install/realsense2_camera_msgs:${AMENT_PREFIX_PATH} CMAKE_PREFIX_PATH=/home/vboxuser/Thesis/install/realsense2_camera_msgs:/opt/ros/foxy LD_LIBRARY_PATH=/home/vboxuser/Thesis/install/realsense2_camera_msgs/lib:${LD_LIBRARY_PATH} PYTHONPATH=/home/vboxuser/Thesis/install/realsense2_camera_msgs/lib/python3.8/site-packages:${PYTHONPATH} /usr/bin/cmake /home/vboxuser/Thesis/src/realsense-ros/realsense2_camera -DAMENT_CMAKE_SYMLINK_INSTALL=1 -DCMAKE_INSTALL_PREFIX=/home/vboxuser/Thesis/install/realsense2_camera
[10.986s] Invoking command in '/home/vboxuser/Thesis/build/realsense2_camera': AMENT_PREFIX_PATH=/home/vboxuser/Thesis/install/realsense2_camera_msgs:${AMENT_PREFIX_PATH} CMAKE_PREFIX_PATH=/home/vboxuser/Thesis/install/realsense2_camera_msgs:/opt/ros/foxy LD_LIBRARY_PATH=/home/vboxuser/Thesis/install/realsense2_camera_msgs/lib:${LD_LIBRARY_PATH} PYTHONPATH=/home/vboxuser/Thesis/install/realsense2_camera_msgs/lib/python3.8/site-packages:${PYTHONPATH} /usr/bin/cmake --build /home/vboxuser/Thesis/build/realsense2_camera -- -j8 -l8
[11.040s] [35m[1mScanning dependencies of target gtest[0m
[11.041s] [35m[1mScanning dependencies of target realsense2_camera_node[0m
[11.041s] [35m[1mScanning dependencies of target gtest_main[0m
[11.073s] [35m[1mScanning dependencies of target realsense2_camera[0m
[11.076s] [  4%] [32mBuilding CXX object gtest/CMakeFiles/gtest.dir/src/gtest-all.cc.o[0m
[11.087s] [  9%] [32mBuilding CXX object gtest/CMakeFiles/gtest_main.dir/src/gtest_main.cc.o[0m
[11.470s] [ 13%] [32mBuilding CXX object CMakeFiles/realsense2_camera_node.dir/rclcpp_components/node_main_realsense2_camera_node.cpp.o[0m
[11.479s] [ 18%] [32mBuilding CXX object CMakeFiles/realsense2_camera.dir/src/realsense_node_factory.cpp.o[0m
[11.495s] [ 22%] [32mBuilding CXX object CMakeFiles/realsense2_camera.dir/src/base_realsense_node.cpp.o[0m
[11.782s] [ 27%] [32mBuilding CXX object CMakeFiles/realsense2_camera.dir/src/rs_node_setup.cpp.o[0m
[11.797s] [ 31%] [32mBuilding CXX object CMakeFiles/realsense2_camera.dir/src/parameters.cpp.o[0m
[11.798s] [ 36%] [32mBuilding CXX object CMakeFiles/realsense2_camera.dir/src/ros_sensor.cpp.o[0m
[12.270s] [ 40%] [32m[1mLinking CXX static library libgtest_main.a[0m
[12.361s] [ 40%] Built target gtest_main
[12.386s] [ 45%] [32mBuilding CXX object CMakeFiles/realsense2_camera.dir/src/ros_utils.cpp.o[0m
[15.094s] [ 50%] [32mBuilding CXX object CMakeFiles/realsense2_camera.dir/src/dynamic_params.cpp.o[0m
[15.417s] [ 54%] [32m[1mLinking CXX executable realsense2_camera_node[0m
[16.777s] [ 54%] Built target realsense2_camera_node
[17.193s] [ 59%] [32mBuilding CXX object CMakeFiles/realsense2_camera.dir/src/sensor_params.cpp.o[0m
[17.973s] [ 63%] [32mBuilding CXX object CMakeFiles/realsense2_camera.dir/src/named_filter.cpp.o[0m
[18.644s] [ 68%] [32m[1mLinking CXX static library libgtest.a[0m
[18.692s] [ 72%] [32mBuilding CXX object CMakeFiles/realsense2_camera.dir/src/profile_manager.cpp.o[0m
[19.116s] [ 72%] Built target gtest
[19.157s] [35m[1mScanning dependencies of target gtest_template[0m
[19.179s] [ 77%] [32mBuilding CXX object CMakeFiles/gtest_template.dir/test/gtest_template.cpp.o[0m
[20.026s] [ 81%] [32m[1mLinking CXX executable gtest_template[0m
[20.134s] [ 86%] [32mBuilding CXX object CMakeFiles/realsense2_camera.dir/src/image_publisher.cpp.o[0m
[21.241s] [ 86%] Built target gtest_template
[21.319s] [ 90%] [32mBuilding CXX object CMakeFiles/realsense2_camera.dir/src/tfs.cpp.o[0m
[22.159s] [ 95%] [32mBuilding CXX object CMakeFiles/realsense2_camera.dir/src/ros_param_backend.cpp.o[0m
[29.110s] [100%] [32m[1mLinking CXX shared library librealsense2_camera.so[0m
[29.701s] [100%] Built target realsense2_camera
[29.718s] Invoked command in '/home/vboxuser/Thesis/build/realsense2_camera' returned '0': AMENT_PREFIX_PATH=/home/vboxuser/Thesis/install/realsense2_camera_msgs:${AMENT_PREFIX_PATH} CMAKE_PREFIX_PATH=/home/vboxuser/Thesis/install/realsense2_camera_msgs:/opt/ros/foxy LD_LIBRARY_PATH=/home/vboxuser/Thesis/install/realsense2_camera_msgs/lib:${LD_LIBRARY_PATH} PYTHONPATH=/home/vboxuser/Thesis/install/realsense2_camera_msgs/lib/python3.8/site-packages:${PYTHONPATH} /usr/bin/cmake --build /home/vboxuser/Thesis/build/realsense2_camera -- -j8 -l8
[29.823s] Invoking command in '/home/vboxuser/Thesis/build/realsense2_camera': AMENT_PREFIX_PATH=/home/vboxuser/Thesis/install/realsense2_camera_msgs:${AMENT_PREFIX_PATH} CMAKE_PREFIX_PATH=/home/vboxuser/Thesis/install/realsense2_camera_msgs:/opt/ros/foxy LD_LIBRARY_PATH=/home/vboxuser/Thesis/install/realsense2_camera_msgs/lib:${LD_LIBRARY_PATH} PYTHONPATH=/home/vboxuser/Thesis/install/realsense2_camera_msgs/lib/python3.8/site-packages:${PYTHONPATH} /usr/bin/cmake --install /home/vboxuser/Thesis/build/realsense2_camera
[29.835s] -- Install configuration: "Release"
[29.835s] -- Execute custom install script
[29.836s] -- Symlinking: /home/vboxuser/Thesis/install/realsense2_camera/lib/realsense2_camera/realsense2_camera_node
[29.848s] -- Symlinking: /home/vboxuser/Thesis/install/realsense2_camera/lib/librealsense2_camera.so
[29.861s] -- Symlinking: /home/vboxuser/Thesis/install/realsense2_camera/include/base_realsense_node.h
[29.872s] -- Symlinking: /home/vboxuser/Thesis/install/realsense2_camera/include/constants.h
[29.882s] -- Symlinking: /home/vboxuser/Thesis/install/realsense2_camera/include/dynamic_params.h
[29.893s] -- Symlinking: /home/vboxuser/Thesis/install/realsense2_camera/include/gl_window.h
[29.905s] -- Symlinking: /home/vboxuser/Thesis/install/realsense2_camera/include/image_publisher.h
[29.916s] -- Symlinking: /home/vboxuser/Thesis/install/realsense2_camera/include/named_filter.h
[29.927s] -- Symlinking: /home/vboxuser/Thesis/install/realsense2_camera/include/profile_manager.h
[29.938s] -- Symlinking: /home/vboxuser/Thesis/install/realsense2_camera/include/realsense_node_factory.h
[29.950s] -- Symlinking: /home/vboxuser/Thesis/install/realsense2_camera/include/ros_param_backend.h
[29.961s] -- Symlinking: /home/vboxuser/Thesis/install/realsense2_camera/include/ros_sensor.h
[29.972s] -- Symlinking: /home/vboxuser/Thesis/install/realsense2_camera/include/ros_utils.h
[29.983s] -- Symlinking: /home/vboxuser/Thesis/install/realsense2_camera/include/sensor_params.h
[29.996s] -- Symlinking: /home/vboxuser/Thesis/install/realsense2_camera/share/realsense2_camera/launch/default.rviz
[30.007s] -- Symlinking: /home/vboxuser/Thesis/install/realsense2_camera/share/realsense2_camera/launch/rs_intra_process_demo_launch.py
[30.020s] -- Symlinking: /home/vboxuser/Thesis/install/realsense2_camera/share/realsense2_camera/launch/rs_launch.py
[30.032s] -- Symlinking: /home/vboxuser/Thesis/install/realsense2_camera/share/realsense2_camera/launch/rs_multi_camera_launch.py
[30.044s] -- Symlinking: /home/vboxuser/Thesis/install/realsense2_camera/share/realsense2_camera/examples/align_depth/README.md
[30.055s] -- Symlinking: /home/vboxuser/Thesis/install/realsense2_camera/share/realsense2_camera/examples/align_depth/rs_align_depth_launch.py
[30.068s] -- Symlinking: /home/vboxuser/Thesis/install/realsense2_camera/share/realsense2_camera/examples/dual_camera/README.md
[30.079s] -- Symlinking: /home/vboxuser/Thesis/install/realsense2_camera/share/realsense2_camera/examples/dual_camera/rs_dual_camera_launch.py
[30.090s] -- Symlinking: /home/vboxuser/Thesis/install/realsense2_camera/share/realsense2_camera/examples/dual_camera/rviz/dual_camera_pointcloud.rviz
[30.102s] -- Symlinking: /home/vboxuser/Thesis/install/realsense2_camera/share/realsense2_camera/examples/launch_from_rosbag/README.md
[30.114s] -- Symlinking: /home/vboxuser/Thesis/install/realsense2_camera/share/realsense2_camera/examples/launch_from_rosbag/rs_launch_from_rosbag.py
[30.125s] -- Symlinking: /home/vboxuser/Thesis/install/realsense2_camera/share/realsense2_camera/examples/launch_params_from_file/README.md
[30.137s] -- Symlinking: /home/vboxuser/Thesis/install/realsense2_camera/share/realsense2_camera/examples/launch_params_from_file/config/config.yaml
[30.149s] -- Symlinking: /home/vboxuser/Thesis/install/realsense2_camera/share/realsense2_camera/examples/launch_params_from_file/rs_launch_get_params_from_yaml.py
[30.160s] -- Symlinking: /home/vboxuser/Thesis/install/realsense2_camera/share/realsense2_camera/examples/pointcloud/README.md
[30.171s] -- Symlinking: /home/vboxuser/Thesis/install/realsense2_camera/share/realsense2_camera/examples/pointcloud/rs_d405_pointcloud_launch.py
[30.182s] -- Symlinking: /home/vboxuser/Thesis/install/realsense2_camera/share/realsense2_camera/examples/pointcloud/rs_d455_pointcloud_launch.py
[30.194s] -- Symlinking: /home/vboxuser/Thesis/install/realsense2_camera/share/realsense2_camera/examples/pointcloud/rs_pointcloud_launch.py
[30.205s] -- Symlinking: /home/vboxuser/Thesis/install/realsense2_camera/share/realsense2_camera/examples/pointcloud/rviz/pointcloud.rviz
[30.216s] -- Symlinking: /home/vboxuser/Thesis/install/realsense2_camera/share/realsense2_camera/examples/pointcloud/rviz/urdf_pointcloud.rviz
[30.227s] -- Symlinking: /home/vboxuser/Thesis/install/realsense2_camera/share/realsense2_camera/environment/library_path.sh
[30.239s] -- Symlinking: /home/vboxuser/Thesis/install/realsense2_camera/share/realsense2_camera/environment/library_path.dsv
[30.250s] -- Symlinking: /home/vboxuser/Thesis/install/realsense2_camera/share/ament_index/resource_index/package_run_dependencies/realsense2_camera
[30.262s] -- Symlinking: /home/vboxuser/Thesis/install/realsense2_camera/share/ament_index/resource_index/parent_prefix_path/realsense2_camera
[30.274s] -- Symlinking: /home/vboxuser/Thesis/install/realsense2_camera/share/realsense2_camera/environment/ament_prefix_path.sh
[30.285s] -- Symlinking: /home/vboxuser/Thesis/install/realsense2_camera/share/realsense2_camera/environment/ament_prefix_path.dsv
[30.296s] -- Symlinking: /home/vboxuser/Thesis/install/realsense2_camera/share/realsense2_camera/environment/path.sh
[30.309s] -- Symlinking: /home/vboxuser/Thesis/install/realsense2_camera/share/realsense2_camera/environment/path.dsv
[30.320s] -- Symlinking: /home/vboxuser/Thesis/install/realsense2_camera/share/realsense2_camera/local_setup.bash
[30.332s] -- Symlinking: /home/vboxuser/Thesis/install/realsense2_camera/share/realsense2_camera/local_setup.sh
[30.343s] -- Symlinking: /home/vboxuser/Thesis/install/realsense2_camera/share/realsense2_camera/local_setup.zsh
[30.355s] -- Symlinking: /home/vboxuser/Thesis/install/realsense2_camera/share/realsense2_camera/local_setup.dsv
[30.367s] -- Symlinking: /home/vboxuser/Thesis/install/realsense2_camera/share/realsense2_camera/package.dsv
[30.380s] -- Symlinking: /home/vboxuser/Thesis/install/realsense2_camera/share/ament_index/resource_index/packages/realsense2_camera
[30.392s] -- Symlinking: /home/vboxuser/Thesis/install/realsense2_camera/share/ament_index/resource_index/rclcpp_components/realsense2_camera
[30.404s] -- Symlinking: /home/vboxuser/Thesis/install/realsense2_camera/share/realsense2_camera/cmake/ament_cmake_export_include_directories-extras.cmake
[30.415s] -- Symlinking: /home/vboxuser/Thesis/install/realsense2_camera/share/realsense2_camera/cmake/ament_cmake_export_libraries-extras.cmake
[30.427s] -- Symlinking: /home/vboxuser/Thesis/install/realsense2_camera/share/realsense2_camera/cmake/ament_cmake_export_dependencies-extras.cmake
[30.439s] -- Symlinking: /home/vboxuser/Thesis/install/realsense2_camera/share/realsense2_camera/cmake/realsense2_cameraConfig.cmake
[30.450s] -- Symlinking: /home/vboxuser/Thesis/install/realsense2_camera/share/realsense2_camera/cmake/realsense2_cameraConfig-version.cmake
[30.461s] -- Symlinking: /home/vboxuser/Thesis/install/realsense2_camera/share/realsense2_camera/package.xml
[30.477s] Invoked command in '/home/vboxuser/Thesis/build/realsense2_camera' returned '0': AMENT_PREFIX_PATH=/home/vboxuser/Thesis/install/realsense2_camera_msgs:${AMENT_PREFIX_PATH} CMAKE_PREFIX_PATH=/home/vboxuser/Thesis/install/realsense2_camera_msgs:/opt/ros/foxy LD_LIBRARY_PATH=/home/vboxuser/Thesis/install/realsense2_camera_msgs/lib:${LD_LIBRARY_PATH} PYTHONPATH=/home/vboxuser/Thesis/install/realsense2_camera_msgs/lib/python3.8/site-packages:${PYTHONPATH} /usr/bin/cmake --install /home/vboxuser/Thesis/build/realsense2_camera
