[1.242s] Invoking command in '/home/mo/Thesis/src/orange-ros2/kr_example/python': CMAKE_PREFIX_PATH=/home/mo/Thesis/install/kr_msgs:/home/mo/Thesis/install/kr_example_cpp:/home/mo/Thesis/install/action_interfaces PYTHONPATH=/home/mo/Thesis/build/kr_example_python/prefix_override:/usr/lib/python3/dist-packages/colcon_core/task/python/colcon_distutils_commands:/home/mo/Thesis/install/kr_example_python/lib/python3.8/site-packages:/home/mo/Thesis/install/kr_msgs/lib/python3.8/site-packages:/home/mo/Thesis/build/vision:/home/mo/Thesis/build/vcnanoz:/home/mo/Thesis/build/sensopart_visor:/home/mo/Thesis/build/robot_control:/home/mo/Thesis/build/kr_example_python:/home/mo/Thesis/build/action_servers:/home/mo/Thesis/install/vision/lib/python3.8/site-packages:/home/mo/Thesis/install/vcnanoz/lib/python3.8/site-packages:/home/mo/Thesis/install/sensopart_visor/lib/python3.8/site-packages:/home/mo/Thesis/install/robot_control/lib/python3.8/site-packages:/home/mo/Thesis/install/kr_example_python/lib/python3.8/site-packages:/home/mo/Thesis/install/action_servers/lib/python3.8/site-packages:/home/mo/Thesis/install/action_interfaces/lib/python3.8/site-packages:/opt/ros/foxy/lib/python3.8/site-packages /usr/bin/python3 -W ignore:setup.py install is deprecated -W ignore:easy_install command is deprecated setup.py egg_info --egg-base ../../../../build/kr_example_python build --build-base /home/mo/Thesis/build/kr_example_python/build install --record /home/mo/Thesis/build/kr_example_python/install.log --single-version-externally-managed install_data
[1.520s] running egg_info
[1.539s] writing ../../../../build/kr_example_python/kr_example_python.egg-info/PKG-INFO
[1.540s] writing dependency_links to ../../../../build/kr_example_python/kr_example_python.egg-info/dependency_links.txt
[1.540s] writing entry points to ../../../../build/kr_example_python/kr_example_python.egg-info/entry_points.txt
[1.540s] writing requirements to ../../../../build/kr_example_python/kr_example_python.egg-info/requires.txt
[1.540s] writing top-level names to ../../../../build/kr_example_python/kr_example_python.egg-info/top_level.txt
[1.692s] reading manifest file '../../../../build/kr_example_python/kr_example_python.egg-info/SOURCES.txt'
[1.693s] writing manifest file '../../../../build/kr_example_python/kr_example_python.egg-info/SOURCES.txt'
[1.693s] running build
[1.693s] running build_py
[1.694s] copying kr_example_python/jog_linear.py -> /home/mo/Thesis/build/kr_example_python/build/lib/kr_example_python
[1.694s] copying kr_example_python/follow_joint.py -> /home/mo/Thesis/build/kr_example_python/build/lib/kr_example_python
[1.694s] copying kr_example_python/robot_state.py -> /home/mo/Thesis/build/kr_example_python/build/lib/kr_example_python
[1.694s] copying kr_example_python/move_joint.py -> /home/mo/Thesis/build/kr_example_python/build/lib/kr_example_python
[1.694s] copying kr_example_python/self_motion.py -> /home/mo/Thesis/build/kr_example_python/build/lib/kr_example_python
[1.694s] copying kr_example_python/__init__.py -> /home/mo/Thesis/build/kr_example_python/build/lib/kr_example_python
[1.695s] running install
[1.699s] running install_lib
[1.719s] running install_data
[1.719s] copying resource/kr_example_python -> /home/mo/Thesis/install/kr_example_python/share/ament_index/resource_index/packages
[1.720s] copying package.xml -> /home/mo/Thesis/install/kr_example_python/share/kr_example_python
[1.720s] running install_egg_info
[1.739s] removing '/home/mo/Thesis/install/kr_example_python/lib/python3.8/site-packages/kr_example_python-0.0.0-py3.8.egg-info' (and everything under it)
[1.739s] Copying ../../../../build/kr_example_python/kr_example_python.egg-info to /home/mo/Thesis/install/kr_example_python/lib/python3.8/site-packages/kr_example_python-0.0.0-py3.8.egg-info
[1.740s] running install_scripts
[1.786s] Installing follow_joint script to /home/mo/Thesis/install/kr_example_python/lib/kr_example_python
[1.786s] Installing jog_linear script to /home/mo/Thesis/install/kr_example_python/lib/kr_example_python
[1.787s] Installing move_joint script to /home/mo/Thesis/install/kr_example_python/lib/kr_example_python
[1.787s] Installing robot_state script to /home/mo/Thesis/install/kr_example_python/lib/kr_example_python
[1.787s] Installing self_motion script to /home/mo/Thesis/install/kr_example_python/lib/kr_example_python
[1.787s] writing list of installed files to '/home/mo/Thesis/build/kr_example_python/install.log'
[1.810s] Invoked command in '/home/mo/Thesis/src/orange-ros2/kr_example/python' returned '0': CMAKE_PREFIX_PATH=/home/mo/Thesis/install/kr_msgs:/home/mo/Thesis/install/kr_example_cpp:/home/mo/Thesis/install/action_interfaces PYTHONPATH=/home/mo/Thesis/build/kr_example_python/prefix_override:/usr/lib/python3/dist-packages/colcon_core/task/python/colcon_distutils_commands:/home/mo/Thesis/install/kr_example_python/lib/python3.8/site-packages:/home/mo/Thesis/install/kr_msgs/lib/python3.8/site-packages:/home/mo/Thesis/build/vision:/home/mo/Thesis/build/vcnanoz:/home/mo/Thesis/build/sensopart_visor:/home/mo/Thesis/build/robot_control:/home/mo/Thesis/build/kr_example_python:/home/mo/Thesis/build/action_servers:/home/mo/Thesis/install/vision/lib/python3.8/site-packages:/home/mo/Thesis/install/vcnanoz/lib/python3.8/site-packages:/home/mo/Thesis/install/sensopart_visor/lib/python3.8/site-packages:/home/mo/Thesis/install/robot_control/lib/python3.8/site-packages:/home/mo/Thesis/install/kr_example_python/lib/python3.8/site-packages:/home/mo/Thesis/install/action_servers/lib/python3.8/site-packages:/home/mo/Thesis/install/action_interfaces/lib/python3.8/site-packages:/opt/ros/foxy/lib/python3.8/site-packages /usr/bin/python3 -W ignore:setup.py install is deprecated -W ignore:easy_install command is deprecated setup.py egg_info --egg-base ../../../../build/kr_example_python build --build-base /home/mo/Thesis/build/kr_example_python/build install --record /home/mo/Thesis/build/kr_example_python/install.log --single-version-externally-managed install_data
