[1.630s] Invoking command in '/home/vboxuser/Thesis/src/vcnanoz': PYTHONPATH=/home/vboxuser/Thesis/build/vcnanoz/prefix_override:/usr/lib/python3/dist-packages/colcon_core/task/python/colcon_distutils_commands:/home/vboxuser/Thesis/install/vcnanoz/lib/python3.8/site-packages:${PYTHONPATH} /usr/bin/python3 -W ignore:setup.py install is deprecated setup.py egg_info --egg-base ../../build/vcnanoz build --build-base /home/vboxuser/Thesis/build/vcnanoz/build install --record /home/vboxuser/Thesis/build/vcnanoz/install.log --install-scripts $base/lib/vcnanoz --single-version-externally-managed install_data
[1.874s] running egg_info
[1.876s] writing ../../build/vcnanoz/vcnanoz.egg-info/PKG-INFO
[1.878s] writing dependency_links to ../../build/vcnanoz/vcnanoz.egg-info/dependency_links.txt
[1.879s] writing entry points to ../../build/vcnanoz/vcnanoz.egg-info/entry_points.txt
[1.879s] writing requirements to ../../build/vcnanoz/vcnanoz.egg-info/requires.txt
[1.879s] writing top-level names to ../../build/vcnanoz/vcnanoz.egg-info/top_level.txt
[1.906s] reading manifest file '../../build/vcnanoz/vcnanoz.egg-info/SOURCES.txt'
[1.910s] writing manifest file '../../build/vcnanoz/vcnanoz.egg-info/SOURCES.txt'
[1.917s] running build
[1.917s] running build_py
[1.917s] running install
[1.917s] running install_lib
[1.918s] running install_data
[1.918s] running install_egg_info
[1.920s] removing '/home/vboxuser/Thesis/install/vcnanoz/lib/python3.8/site-packages/vcnanoz-0.0.0-py3.8.egg-info' (and everything under it)
[1.922s] Copying ../../build/vcnanoz/vcnanoz.egg-info to /home/vboxuser/Thesis/install/vcnanoz/lib/python3.8/site-packages/vcnanoz-0.0.0-py3.8.egg-info
[1.922s] running install_scripts
[1.938s] Installing srvClient_vc_startup script to /home/vboxuser/Thesis/install/vcnanoz/lib/vcnanoz
[1.938s] Installing srvServer_vc_startup script to /home/vboxuser/Thesis/install/vcnanoz/lib/vcnanoz
[1.939s] Installing vc_img_receiver script to /home/vboxuser/Thesis/install/vcnanoz/lib/vcnanoz
[1.939s] Installing vc_shutdown script to /home/vboxuser/Thesis/install/vcnanoz/lib/vcnanoz
[1.939s] Installing vc_startup script to /home/vboxuser/Thesis/install/vcnanoz/lib/vcnanoz
[1.939s] writing list of installed files to '/home/vboxuser/Thesis/build/vcnanoz/install.log'
[2.267s] Invoked command in '/home/vboxuser/Thesis/src/vcnanoz' returned '0': PYTHONPATH=/home/vboxuser/Thesis/build/vcnanoz/prefix_override:/usr/lib/python3/dist-packages/colcon_core/task/python/colcon_distutils_commands:/home/vboxuser/Thesis/install/vcnanoz/lib/python3.8/site-packages:${PYTHONPATH} /usr/bin/python3 -W ignore:setup.py install is deprecated setup.py egg_info --egg-base ../../build/vcnanoz build --build-base /home/vboxuser/Thesis/build/vcnanoz/build install --record /home/vboxuser/Thesis/build/vcnanoz/install.log --install-scripts $base/lib/vcnanoz --single-version-externally-managed install_data
