[0.317s] Invoking command in '/home/vboxuser/ros2_ws/build/groot': CMAKE_PREFIX_PATH=${CMAKE_PREFIX_PATH}:/home/vboxuser/ros2_ws/install/vision:/home/vboxuser/ros2_ws/install/robot_control:/home/vboxuser/ros2_ws/install/kr_example_python:/home/vboxuser/ros2_ws/install/bt_pkg:/opt/ros/foxy /usr/bin/cmake --build /home/vboxuser/ros2_ws/build/groot -- -j8 -l8
[0.597s] [  1%] [34m[1mAutomatic MOC and UIC for target QtNodeEditor[0m
[0.597s] [  1%] Built target QtNodeEditor_autogen
[0.597s] [ 57%] Built target QtNodeEditor
[0.597s] [ 58%] [34m[1mAutomatic MOC and UIC for target behavior_tree_editor[0m
[0.597s] [ 58%] Built target behavior_tree_editor_autogen
[0.604s] [ 74%] Built target behavior_tree_editor
[0.633s] [ 75%] [34m[1mAutomatic MOC and UIC for target editor_test[0m
[0.633s] [ 76%] [34m[1mAutomatic MOC and UIC for target Groot[0m
[0.633s] [ 76%] [34m[1mAutomatic MOC and UIC for target replay_test[0m
[0.662s] [ 76%] Built target editor_test_autogen
[0.662s] [ 76%] Built target replay_test_autogen
[0.662s] [ 76%] Built target Groot_autogen
[0.703s] [ 82%] Built target Groot
[0.709s] [100%] Built target replay_test
[0.709s] [100%] Built target editor_test
[0.865s] Invoked command in '/home/vboxuser/ros2_ws/build/groot' returned '0': CMAKE_PREFIX_PATH=${CMAKE_PREFIX_PATH}:/home/vboxuser/ros2_ws/install/vision:/home/vboxuser/ros2_ws/install/robot_control:/home/vboxuser/ros2_ws/install/kr_example_python:/home/vboxuser/ros2_ws/install/bt_pkg:/opt/ros/foxy /usr/bin/cmake --build /home/vboxuser/ros2_ws/build/groot -- -j8 -l8
[1.043s] Invoking command in '/home/vboxuser/ros2_ws/build/groot': CMAKE_PREFIX_PATH=${CMAKE_PREFIX_PATH}:/home/vboxuser/ros2_ws/install/vision:/home/vboxuser/ros2_ws/install/robot_control:/home/vboxuser/ros2_ws/install/kr_example_python:/home/vboxuser/ros2_ws/install/bt_pkg:/opt/ros/foxy /usr/bin/cmake --install /home/vboxuser/ros2_ws/build/groot
[1.054s] -- Install configuration: ""
[1.054s] -- Execute custom install script
[1.054s] -- Up-to-date symlink: /home/vboxuser/ros2_ws/install/groot/lib/libbehavior_tree_editor.so
[1.055s] -- Up-to-date symlink: /home/vboxuser/ros2_ws/install/groot/lib/groot/Groot
[1.055s] -- Up-to-date symlink: /home/vboxuser/ros2_ws/install/groot/share/groot/environment/library_path.sh
[1.055s] -- Up-to-date symlink: /home/vboxuser/ros2_ws/install/groot/share/groot/environment/library_path.dsv
[1.056s] -- Up-to-date symlink: /home/vboxuser/ros2_ws/install/groot/share/ament_index/resource_index/package_run_dependencies/groot
[1.057s] -- Up-to-date symlink: /home/vboxuser/ros2_ws/install/groot/share/ament_index/resource_index/parent_prefix_path/groot
[1.057s] -- Up-to-date symlink: /home/vboxuser/ros2_ws/install/groot/share/groot/environment/ament_prefix_path.sh
[1.058s] -- Up-to-date symlink: /home/vboxuser/ros2_ws/install/groot/share/groot/environment/ament_prefix_path.dsv
[1.058s] -- Up-to-date symlink: /home/vboxuser/ros2_ws/install/groot/share/groot/environment/path.sh
[1.058s] -- Up-to-date symlink: /home/vboxuser/ros2_ws/install/groot/share/groot/environment/path.dsv
[1.059s] -- Up-to-date symlink: /home/vboxuser/ros2_ws/install/groot/share/groot/local_setup.bash
[1.059s] -- Up-to-date symlink: /home/vboxuser/ros2_ws/install/groot/share/groot/local_setup.sh
[1.059s] -- Up-to-date symlink: /home/vboxuser/ros2_ws/install/groot/share/groot/local_setup.zsh
[1.060s] -- Up-to-date symlink: /home/vboxuser/ros2_ws/install/groot/share/groot/local_setup.dsv
[1.060s] -- Symlinking: /home/vboxuser/ros2_ws/install/groot/share/groot/package.dsv
[1.072s] -- Up-to-date symlink: /home/vboxuser/ros2_ws/install/groot/share/ament_index/resource_index/packages/groot
[1.073s] -- Up-to-date symlink: /home/vboxuser/ros2_ws/install/groot/share/groot/cmake/ament_cmake_export_include_directories-extras.cmake
[1.073s] -- Up-to-date symlink: /home/vboxuser/ros2_ws/install/groot/share/groot/cmake/ament_cmake_export_dependencies-extras.cmake
[1.075s] -- Up-to-date symlink: /home/vboxuser/ros2_ws/install/groot/share/groot/cmake/ament_cmake_export_libraries-extras.cmake
[1.076s] -- Up-to-date symlink: /home/vboxuser/ros2_ws/install/groot/share/groot/cmake/grootConfig.cmake
[1.076s] -- Up-to-date symlink: /home/vboxuser/ros2_ws/install/groot/share/groot/cmake/grootConfig-version.cmake
[1.077s] -- Up-to-date symlink: /home/vboxuser/ros2_ws/install/groot/share/groot/package.xml
[1.079s] Invoked command in '/home/vboxuser/ros2_ws/build/groot' returned '0': CMAKE_PREFIX_PATH=${CMAKE_PREFIX_PATH}:/home/vboxuser/ros2_ws/install/vision:/home/vboxuser/ros2_ws/install/robot_control:/home/vboxuser/ros2_ws/install/kr_example_python:/home/vboxuser/ros2_ws/install/bt_pkg:/opt/ros/foxy /usr/bin/cmake --install /home/vboxuser/ros2_ws/build/groot
