[1.631s] Invoking command in '/home/vboxuser/ros2_ws/src/robot_control': PYTHONPATH=/home/vboxuser/ros2_ws/build/robot_control/prefix_override:/usr/lib/python3/dist-packages/colcon_core/task/python/colcon_distutils_commands:/home/vboxuser/ros2_ws/install/robot_control/lib/python3.8/site-packages:${PYTHONPATH} /usr/bin/python3 -W ignore:setup.py install is deprecated setup.py egg_info --egg-base ../../build/robot_control build --build-base /home/vboxuser/ros2_ws/build/robot_control/build install --record /home/vboxuser/ros2_ws/build/robot_control/install.log --install-scripts $base/lib/robot_control --single-version-externally-managed install_data
[1.895s] running egg_info
[1.897s] writing ../../build/robot_control/robot_control.egg-info/PKG-INFO
[1.898s] writing dependency_links to ../../build/robot_control/robot_control.egg-info/dependency_links.txt
[1.899s] writing entry points to ../../build/robot_control/robot_control.egg-info/entry_points.txt
[1.900s] writing requirements to ../../build/robot_control/robot_control.egg-info/requires.txt
[1.902s] writing top-level names to ../../build/robot_control/robot_control.egg-info/top_level.txt
[1.939s] reading manifest file '../../build/robot_control/robot_control.egg-info/SOURCES.txt'
[1.940s] writing manifest file '../../build/robot_control/robot_control.egg-info/SOURCES.txt'
[1.940s] running build
[1.941s] running build_py
[1.942s] running install
[1.947s] running install_lib
[1.947s] running install_data
[1.947s] running install_egg_info
[1.949s] removing '/home/vboxuser/ros2_ws/install/robot_control/lib/python3.8/site-packages/robot_control-0.0.0-py3.8.egg-info' (and everything under it)
[1.958s] Copying ../../build/robot_control/robot_control.egg-info to /home/vboxuser/ros2_ws/install/robot_control/lib/python3.8/site-packages/robot_control-0.0.0-py3.8.egg-info
[1.959s] running install_scripts
[1.978s] Installing hello_node script to /home/vboxuser/ros2_ws/install/robot_control/lib/robot_control
[1.978s] Installing move_lin_by_key script to /home/vboxuser/ros2_ws/install/robot_control/lib/robot_control
[1.979s] Installing print_frames script to /home/vboxuser/ros2_ws/install/robot_control/lib/robot_control
[1.980s] Installing print_tcp_pose script to /home/vboxuser/ros2_ws/install/robot_control/lib/robot_control
[1.981s] Installing set_frame_client script to /home/vboxuser/ros2_ws/install/robot_control/lib/robot_control
[1.982s] writing list of installed files to '/home/vboxuser/ros2_ws/build/robot_control/install.log'
[2.059s] Invoked command in '/home/vboxuser/ros2_ws/src/robot_control' returned '0': PYTHONPATH=/home/vboxuser/ros2_ws/build/robot_control/prefix_override:/usr/lib/python3/dist-packages/colcon_core/task/python/colcon_distutils_commands:/home/vboxuser/ros2_ws/install/robot_control/lib/python3.8/site-packages:${PYTHONPATH} /usr/bin/python3 -W ignore:setup.py install is deprecated setup.py egg_info --egg-base ../../build/robot_control build --build-base /home/vboxuser/ros2_ws/build/robot_control/build install --record /home/vboxuser/ros2_ws/build/robot_control/install.log --install-scripts $base/lib/robot_control --single-version-externally-managed install_data
