[1.918s] Invoking command in '/home/vboxuser/Thesis/src/vcnanoz': PYTHONPATH=/home/vboxuser/Thesis/build/vcnanoz/prefix_override:/usr/lib/python3/dist-packages/colcon_core/task/python/colcon_distutils_commands:/home/vboxuser/Thesis/install/vcnanoz/lib/python3.8/site-packages:${PYTHONPATH} /usr/bin/python3 -W ignore:setup.py install is deprecated setup.py egg_info --egg-base ../../build/vcnanoz build --build-base /home/vboxuser/Thesis/build/vcnanoz/build install --record /home/vboxuser/Thesis/build/vcnanoz/install.log --install-scripts $base/lib/vcnanoz --single-version-externally-managed install_data
[2.222s] running egg_info
[2.223s] writing ../../build/vcnanoz/vcnanoz.egg-info/PKG-INFO
[2.224s] writing dependency_links to ../../build/vcnanoz/vcnanoz.egg-info/dependency_links.txt
[2.225s] writing entry points to ../../build/vcnanoz/vcnanoz.egg-info/entry_points.txt
[2.225s] writing requirements to ../../build/vcnanoz/vcnanoz.egg-info/requires.txt
[2.225s] writing top-level names to ../../build/vcnanoz/vcnanoz.egg-info/top_level.txt
[2.271s] reading manifest file '../../build/vcnanoz/vcnanoz.egg-info/SOURCES.txt'
[2.272s] writing manifest file '../../build/vcnanoz/vcnanoz.egg-info/SOURCES.txt'
[2.272s] running build
[2.273s] running build_py
[2.273s] running install
[2.273s] running install_lib
[2.274s] running install_data
[2.274s] running install_egg_info
[2.275s] removing '/home/vboxuser/Thesis/install/vcnanoz/lib/python3.8/site-packages/vcnanoz-0.0.0-py3.8.egg-info' (and everything under it)
[2.275s] Copying ../../build/vcnanoz/vcnanoz.egg-info to /home/vboxuser/Thesis/install/vcnanoz/lib/python3.8/site-packages/vcnanoz-0.0.0-py3.8.egg-info
[2.276s] running install_scripts
[2.292s] Installing srvClient_vc_startup script to /home/vboxuser/Thesis/install/vcnanoz/lib/vcnanoz
[2.292s] Installing srvServer_vc_startup script to /home/vboxuser/Thesis/install/vcnanoz/lib/vcnanoz
[2.293s] Installing vc_img_receiver script to /home/vboxuser/Thesis/install/vcnanoz/lib/vcnanoz
[2.293s] Installing vc_shutdown script to /home/vboxuser/Thesis/install/vcnanoz/lib/vcnanoz
[2.293s] Installing vc_startup script to /home/vboxuser/Thesis/install/vcnanoz/lib/vcnanoz
[2.293s] writing list of installed files to '/home/vboxuser/Thesis/build/vcnanoz/install.log'
[2.624s] Invoked command in '/home/vboxuser/Thesis/src/vcnanoz' returned '0': PYTHONPATH=/home/vboxuser/Thesis/build/vcnanoz/prefix_override:/usr/lib/python3/dist-packages/colcon_core/task/python/colcon_distutils_commands:/home/vboxuser/Thesis/install/vcnanoz/lib/python3.8/site-packages:${PYTHONPATH} /usr/bin/python3 -W ignore:setup.py install is deprecated setup.py egg_info --egg-base ../../build/vcnanoz build --build-base /home/vboxuser/Thesis/build/vcnanoz/build install --record /home/vboxuser/Thesis/build/vcnanoz/install.log --install-scripts $base/lib/vcnanoz --single-version-externally-managed install_data
