[0.028s] Invoking command in '/home/mo/Thesis/build/realsense2_camera': AMENT_PREFIX_PATH=/home/mo/Thesis/install/realsense2_camera_msgs:${AMENT_PREFIX_PATH} CMAKE_PREFIX_PATH=/home/mo/Thesis/install/realsense2_camera_msgs:/opt/ros/foxy LD_LIBRARY_PATH=/home/mo/Thesis/install/realsense2_camera_msgs/lib:${LD_LIBRARY_PATH} PYTHONPATH=/home/mo/Thesis/install/realsense2_camera_msgs/lib/python3.8/site-packages:${PYTHONPATH} /usr/bin/cmake /home/mo/Thesis/src/realsense-ros/realsense2_camera -DCMAKE_INSTALL_PREFIX=/home/mo/Thesis/install/realsense2_camera
[0.096s] -- The C compiler identification is GNU 9.4.0
[0.158s] -- The CXX compiler identification is GNU 9.4.0
[0.162s] -- Check for working C compiler: /usr/bin/cc
[0.253s] -- Check for working C compiler: /usr/bin/cc -- works
[0.253s] -- Detecting C compiler ABI info
[0.341s] -- Detecting C compiler ABI info - done
[0.351s] -- Detecting C compile features
[0.351s] -- Detecting C compile features - done
[0.353s] -- Check for working CXX compiler: /usr/bin/c++
[0.455s] -- Check for working CXX compiler: /usr/bin/c++ -- works
[0.456s] -- Detecting CXX compiler ABI info
[0.558s] -- Detecting CXX compiler ABI info - done
[0.569s] -- Detecting CXX compile features
[0.569s] -- Detecting CXX compile features - done
[0.570s] -- Create Release Build.
[0.571s] -- Found ament_cmake: 0.9.12 (/opt/ros/foxy/share/ament_cmake/cmake)
[0.594s] -- Found PythonInterp: /usr/bin/python3 (found suitable version "3.8.10", minimum required is "3") 
[0.594s] -- Using PYTHON_EXECUTABLE: /usr/bin/python3
[0.780s] -- Found builtin_interfaces: 1.0.0 (/opt/ros/foxy/share/builtin_interfaces/cmake)
[0.807s] -- Using all available rosidl_typesupport_c: rosidl_typesupport_fastrtps_c;rosidl_typesupport_introspection_c
[0.814s] -- Found rosidl_adapter: 1.3.1 (/opt/ros/foxy/share/rosidl_adapter/cmake)
[0.921s] -- Found OpenSSL: /usr/lib/x86_64-linux-gnu/libcrypto.so (found version "1.1.1f")  
[0.951s] -- Found FastRTPS: /opt/ros/foxy/include  
[1.026s] -- Using all available rosidl_typesupport_cpp: rosidl_typesupport_fastrtps_cpp;rosidl_typesupport_introspection_cpp
[1.052s] -- Found cv_bridge: 3.0.7 (/opt/ros/foxy/share/cv_bridge/cmake)
[1.211s] -- Found image_transport: 2.4.0 (/opt/ros/foxy/share/image_transport/cmake)
[1.288s] -- Found rmw_implementation_cmake: 1.0.4 (/opt/ros/foxy/share/rmw_implementation_cmake/cmake)
[1.291s] -- Using RMW implementation 'rmw_fastrtps_cpp' as default
[1.293s] -- Looking for pthread.h
[1.385s] -- Looking for pthread.h - found
[1.385s] -- Performing Test CMAKE_HAVE_LIBC_PTHREAD
[1.484s] -- Performing Test CMAKE_HAVE_LIBC_PTHREAD - Failed
[1.484s] -- Looking for pthread_create in pthreads
[1.564s] -- Looking for pthread_create in pthreads - not found
[1.565s] -- Looking for pthread_create in pthread
[1.651s] -- Looking for pthread_create in pthread - found
[1.652s] -- Found Threads: TRUE  
[1.844s] -- Found rclcpp_components: 2.4.3 (/opt/ros/foxy/share/rclcpp_components/cmake)
[1.908s] -- Found realsense2_camera_msgs: 4.55.1 (/home/mo/Thesis/install/realsense2_camera_msgs/share/realsense2_camera_msgs/cmake)
[2.026s] -- Found nav_msgs: 2.0.5 (/opt/ros/foxy/share/nav_msgs/cmake)
[2.099s] -- Found tf2_ros: 0.13.14 (/opt/ros/foxy/share/tf2_ros/cmake)
[2.372s] CMake Error at CMakeLists.txt:117 (find_package):
[2.372s]   By not providing "Finddiagnostic_updater.cmake" in CMAKE_MODULE_PATH this
[2.372s]   project has asked CMake to find a package configuration file provided by
[2.373s]   "diagnostic_updater", but CMake did not find one.
[2.373s] 
[2.373s]   Could not find a package configuration file provided by
[2.373s]   "diagnostic_updater" with any of the following names:
[2.373s] 
[2.374s]     diagnostic_updaterConfig.cmake
[2.374s]     diagnostic_updater-config.cmake
[2.374s] 
[2.375s]   Add the installation prefix of "diagnostic_updater" to CMAKE_PREFIX_PATH or
[2.375s]   set "diagnostic_updater_DIR" to a directory containing one of the above
[2.375s]   files.  If "diagnostic_updater" provides a separate development package or
[2.375s]   SDK, be sure it has been installed.
[2.377s] 
[2.377s] 
[2.383s] -- Configuring incomplete, errors occurred!
[2.383s] See also "/home/mo/Thesis/build/realsense2_camera/CMakeFiles/CMakeOutput.log".
[2.383s] See also "/home/mo/Thesis/build/realsense2_camera/CMakeFiles/CMakeError.log".
[2.394s] Invoked command in '/home/mo/Thesis/build/realsense2_camera' returned '1': AMENT_PREFIX_PATH=/home/mo/Thesis/install/realsense2_camera_msgs:${AMENT_PREFIX_PATH} CMAKE_PREFIX_PATH=/home/mo/Thesis/install/realsense2_camera_msgs:/opt/ros/foxy LD_LIBRARY_PATH=/home/mo/Thesis/install/realsense2_camera_msgs/lib:${LD_LIBRARY_PATH} PYTHONPATH=/home/mo/Thesis/install/realsense2_camera_msgs/lib/python3.8/site-packages:${PYTHONPATH} /usr/bin/cmake /home/mo/Thesis/src/realsense-ros/realsense2_camera -DCMAKE_INSTALL_PREFIX=/home/mo/Thesis/install/realsense2_camera
