[0.079s] Invoking command in '/home/vboxuser/ros2_ws/build/realsense2_camera_msgs': CMAKE_PREFIX_PATH=${CMAKE_PREFIX_PATH}:/home/vboxuser/ros2_ws/install/vision:/home/vboxuser/ros2_ws/install/robot_control:/home/vboxuser/ros2_ws/install/kr_example_python:/home/vboxuser/ros2_ws/install/bt_pkg:/opt/ros/foxy /usr/bin/cmake --build /home/vboxuser/ros2_ws/build/realsense2_camera_msgs -- -j8 -l8
[0.905s] [  1%] Built target realsense2_camera_msgs__cpp
[0.906s] [ 12%] Built target realsense2_camera_msgs__rosidl_generator_c
[0.906s] [ 23%] Built target realsense2_camera_msgs__rosidl_typesupport_cpp
[0.906s] [ 39%] Built target realsense2_camera_msgs__rosidl_typesupport_introspection_cpp
[0.909s] [ 46%] Built target realsense2_camera_msgs__rosidl_typesupport_fastrtps_cpp
[0.909s] [ 57%] Built target realsense2_camera_msgs__rosidl_typesupport_c
[0.912s] [ 68%] Built target realsense2_camera_msgs__rosidl_typesupport_introspection_c
[0.913s] [ 79%] Built target realsense2_camera_msgs__rosidl_typesupport_fastrtps_c
[0.916s] [ 79%] Built target realsense2_camera_msgs
[0.917s] [ 80%] Built target realsense2_camera_msgs__py
[0.918s] [ 90%] Built target realsense2_camera_msgs__python
[0.919s] [ 93%] Built target realsense2_camera_msgs__rosidl_typesupport_c__pyext
[0.919s] [ 96%] Built target realsense2_camera_msgs__rosidl_typesupport_introspection_c__pyext
[0.920s] [100%] Built target realsense2_camera_msgs__rosidl_typesupport_fastrtps_c__pyext
[0.927s] Invoked command in '/home/vboxuser/ros2_ws/build/realsense2_camera_msgs' returned '0': CMAKE_PREFIX_PATH=${CMAKE_PREFIX_PATH}:/home/vboxuser/ros2_ws/install/vision:/home/vboxuser/ros2_ws/install/robot_control:/home/vboxuser/ros2_ws/install/kr_example_python:/home/vboxuser/ros2_ws/install/bt_pkg:/opt/ros/foxy /usr/bin/cmake --build /home/vboxuser/ros2_ws/build/realsense2_camera_msgs -- -j8 -l8
[1.155s] Invoking command in '/home/vboxuser/ros2_ws/build/realsense2_camera_msgs': CMAKE_PREFIX_PATH=${CMAKE_PREFIX_PATH}:/home/vboxuser/ros2_ws/install/vision:/home/vboxuser/ros2_ws/install/robot_control:/home/vboxuser/ros2_ws/install/kr_example_python:/home/vboxuser/ros2_ws/install/bt_pkg:/opt/ros/foxy /usr/bin/cmake --install /home/vboxuser/ros2_ws/build/realsense2_camera_msgs
[1.175s] -- Install configuration: ""
[1.175s] -- Execute custom install script
[1.176s] -- Up-to-date symlink: /home/vboxuser/ros2_ws/install/realsense2_camera_msgs/share/ament_index/resource_index/rosidl_interfaces/realsense2_camera_msgs
[1.177s] -- Up-to-date symlink: /home/vboxuser/ros2_ws/install/realsense2_camera_msgs/include/realsense2_camera_msgs/msg/detail/extrinsics__functions.h
[1.177s] -- Up-to-date symlink: /home/vboxuser/ros2_ws/install/realsense2_camera_msgs/include/realsense2_camera_msgs/msg/detail/extrinsics__struct.h
[1.177s] -- Up-to-date symlink: /home/vboxuser/ros2_ws/install/realsense2_camera_msgs/include/realsense2_camera_msgs/msg/detail/extrinsics__type_support.h
[1.178s] -- Up-to-date symlink: /home/vboxuser/ros2_ws/install/realsense2_camera_msgs/include/realsense2_camera_msgs/msg/detail/imu_info__functions.h
[1.178s] -- Up-to-date symlink: /home/vboxuser/ros2_ws/install/realsense2_camera_msgs/include/realsense2_camera_msgs/msg/detail/imu_info__struct.h
[1.179s] -- Up-to-date symlink: /home/vboxuser/ros2_ws/install/realsense2_camera_msgs/include/realsense2_camera_msgs/msg/detail/imu_info__type_support.h
[1.179s] -- Up-to-date symlink: /home/vboxuser/ros2_ws/install/realsense2_camera_msgs/include/realsense2_camera_msgs/msg/detail/metadata__functions.h
[1.180s] -- Up-to-date symlink: /home/vboxuser/ros2_ws/install/realsense2_camera_msgs/include/realsense2_camera_msgs/msg/detail/metadata__struct.h
[1.180s] -- Up-to-date symlink: /home/vboxuser/ros2_ws/install/realsense2_camera_msgs/include/realsense2_camera_msgs/msg/detail/metadata__type_support.h
[1.180s] -- Up-to-date symlink: /home/vboxuser/ros2_ws/install/realsense2_camera_msgs/include/realsense2_camera_msgs/msg/detail/rgbd__functions.h
[1.180s] -- Up-to-date symlink: /home/vboxuser/ros2_ws/install/realsense2_camera_msgs/include/realsense2_camera_msgs/msg/detail/rgbd__struct.h
[1.180s] -- Up-to-date symlink: /home/vboxuser/ros2_ws/install/realsense2_camera_msgs/include/realsense2_camera_msgs/msg/detail/rgbd__type_support.h
[1.180s] -- Up-to-date symlink: /home/vboxuser/ros2_ws/install/realsense2_camera_msgs/include/realsense2_camera_msgs/msg/extrinsics.h
[1.180s] -- Up-to-date symlink: /home/vboxuser/ros2_ws/install/realsense2_camera_msgs/include/realsense2_camera_msgs/msg/imu_info.h
[1.180s] -- Up-to-date symlink: /home/vboxuser/ros2_ws/install/realsense2_camera_msgs/include/realsense2_camera_msgs/msg/metadata.h
[1.180s] -- Up-to-date symlink: /home/vboxuser/ros2_ws/install/realsense2_camera_msgs/include/realsense2_camera_msgs/msg/rgbd.h
[1.180s] -- Up-to-date symlink: /home/vboxuser/ros2_ws/install/realsense2_camera_msgs/include/realsense2_camera_msgs/msg/rosidl_generator_c__visibility_control.h
[1.181s] -- Up-to-date symlink: /home/vboxuser/ros2_ws/install/realsense2_camera_msgs/include/realsense2_camera_msgs/srv/detail/device_info__functions.h
[1.181s] -- Up-to-date symlink: /home/vboxuser/ros2_ws/install/realsense2_camera_msgs/include/realsense2_camera_msgs/srv/detail/device_info__struct.h
[1.181s] -- Up-to-date symlink: /home/vboxuser/ros2_ws/install/realsense2_camera_msgs/include/realsense2_camera_msgs/srv/detail/device_info__type_support.h
[1.181s] -- Up-to-date symlink: /home/vboxuser/ros2_ws/install/realsense2_camera_msgs/include/realsense2_camera_msgs/srv/device_info.h
[1.182s] -- Up-to-date symlink: /home/vboxuser/ros2_ws/install/realsense2_camera_msgs/share/realsense2_camera_msgs/environment/library_path.sh
[1.182s] -- Up-to-date symlink: /home/vboxuser/ros2_ws/install/realsense2_camera_msgs/share/realsense2_camera_msgs/environment/library_path.dsv
[1.183s] -- Up-to-date symlink: /home/vboxuser/ros2_ws/install/realsense2_camera_msgs/include/realsense2_camera_msgs/msg/detail/extrinsics__rosidl_typesupport_fastrtps_c.h
[1.183s] -- Up-to-date symlink: /home/vboxuser/ros2_ws/install/realsense2_camera_msgs/include/realsense2_camera_msgs/msg/detail/imu_info__rosidl_typesupport_fastrtps_c.h
[1.184s] -- Up-to-date symlink: /home/vboxuser/ros2_ws/install/realsense2_camera_msgs/include/realsense2_camera_msgs/msg/detail/metadata__rosidl_typesupport_fastrtps_c.h
[1.185s] -- Up-to-date symlink: /home/vboxuser/ros2_ws/install/realsense2_camera_msgs/include/realsense2_camera_msgs/msg/detail/rgbd__rosidl_typesupport_fastrtps_c.h
[1.185s] -- Up-to-date symlink: /home/vboxuser/ros2_ws/install/realsense2_camera_msgs/include/realsense2_camera_msgs/msg/rosidl_typesupport_fastrtps_c__visibility_control.h
[1.185s] -- Up-to-date symlink: /home/vboxuser/ros2_ws/install/realsense2_camera_msgs/include/realsense2_camera_msgs/srv/detail/device_info__rosidl_typesupport_fastrtps_c.h
[1.186s] -- Up-to-date symlink: /home/vboxuser/ros2_ws/install/realsense2_camera_msgs/lib/librealsense2_camera_msgs__rosidl_typesupport_fastrtps_c.so
[1.186s] -- Up-to-date symlink: /home/vboxuser/ros2_ws/install/realsense2_camera_msgs/include/realsense2_camera_msgs/msg/detail/extrinsics__rosidl_typesupport_fastrtps_cpp.hpp
[1.186s] -- Up-to-date symlink: /home/vboxuser/ros2_ws/install/realsense2_camera_msgs/include/realsense2_camera_msgs/msg/detail/imu_info__rosidl_typesupport_fastrtps_cpp.hpp
[1.186s] -- Up-to-date symlink: /home/vboxuser/ros2_ws/install/realsense2_camera_msgs/include/realsense2_camera_msgs/msg/detail/metadata__rosidl_typesupport_fastrtps_cpp.hpp
[1.187s] -- Up-to-date symlink: /home/vboxuser/ros2_ws/install/realsense2_camera_msgs/include/realsense2_camera_msgs/msg/detail/rgbd__rosidl_typesupport_fastrtps_cpp.hpp
[1.187s] -- Up-to-date symlink: /home/vboxuser/ros2_ws/install/realsense2_camera_msgs/include/realsense2_camera_msgs/msg/rosidl_typesupport_fastrtps_cpp__visibility_control.h
[1.187s] -- Up-to-date symlink: /home/vboxuser/ros2_ws/install/realsense2_camera_msgs/include/realsense2_camera_msgs/srv/detail/device_info__rosidl_typesupport_fastrtps_cpp.hpp
[1.187s] -- Up-to-date symlink: /home/vboxuser/ros2_ws/install/realsense2_camera_msgs/lib/librealsense2_camera_msgs__rosidl_typesupport_fastrtps_cpp.so
[1.188s] -- Up-to-date symlink: /home/vboxuser/ros2_ws/install/realsense2_camera_msgs/include/realsense2_camera_msgs/msg/detail/extrinsics__rosidl_typesupport_introspection_c.h
[1.188s] -- Up-to-date symlink: /home/vboxuser/ros2_ws/install/realsense2_camera_msgs/include/realsense2_camera_msgs/msg/detail/imu_info__rosidl_typesupport_introspection_c.h
[1.189s] -- Up-to-date symlink: /home/vboxuser/ros2_ws/install/realsense2_camera_msgs/include/realsense2_camera_msgs/msg/detail/metadata__rosidl_typesupport_introspection_c.h
[1.189s] -- Up-to-date symlink: /home/vboxuser/ros2_ws/install/realsense2_camera_msgs/include/realsense2_camera_msgs/msg/detail/rgbd__rosidl_typesupport_introspection_c.h
[1.190s] -- Up-to-date symlink: /home/vboxuser/ros2_ws/install/realsense2_camera_msgs/include/realsense2_camera_msgs/msg/rosidl_typesupport_introspection_c__visibility_control.h
[1.190s] -- Up-to-date symlink: /home/vboxuser/ros2_ws/install/realsense2_camera_msgs/include/realsense2_camera_msgs/srv/detail/device_info__rosidl_typesupport_introspection_c.h
[1.190s] -- Up-to-date symlink: /home/vboxuser/ros2_ws/install/realsense2_camera_msgs/include/realsense2_camera_msgs/msg/detail/extrinsics__builder.hpp
[1.190s] -- Up-to-date symlink: /home/vboxuser/ros2_ws/install/realsense2_camera_msgs/include/realsense2_camera_msgs/msg/detail/extrinsics__struct.hpp
[1.191s] -- Up-to-date symlink: /home/vboxuser/ros2_ws/install/realsense2_camera_msgs/include/realsense2_camera_msgs/msg/detail/extrinsics__traits.hpp
[1.191s] -- Up-to-date symlink: /home/vboxuser/ros2_ws/install/realsense2_camera_msgs/include/realsense2_camera_msgs/msg/detail/extrinsics__type_support.hpp
[1.191s] -- Up-to-date symlink: /home/vboxuser/ros2_ws/install/realsense2_camera_msgs/include/realsense2_camera_msgs/msg/detail/imu_info__builder.hpp
[1.191s] -- Up-to-date symlink: /home/vboxuser/ros2_ws/install/realsense2_camera_msgs/include/realsense2_camera_msgs/msg/detail/imu_info__struct.hpp
[1.191s] -- Up-to-date symlink: /home/vboxuser/ros2_ws/install/realsense2_camera_msgs/include/realsense2_camera_msgs/msg/detail/imu_info__traits.hpp
[1.191s] -- Up-to-date symlink: /home/vboxuser/ros2_ws/install/realsense2_camera_msgs/include/realsense2_camera_msgs/msg/detail/imu_info__type_support.hpp
[1.191s] -- Up-to-date symlink: /home/vboxuser/ros2_ws/install/realsense2_camera_msgs/include/realsense2_camera_msgs/msg/detail/metadata__builder.hpp
[1.191s] -- Up-to-date symlink: /home/vboxuser/ros2_ws/install/realsense2_camera_msgs/include/realsense2_camera_msgs/msg/detail/metadata__struct.hpp
[1.192s] -- Up-to-date symlink: /home/vboxuser/ros2_ws/install/realsense2_camera_msgs/include/realsense2_camera_msgs/msg/detail/metadata__traits.hpp
[1.192s] -- Up-to-date symlink: /home/vboxuser/ros2_ws/install/realsense2_camera_msgs/include/realsense2_camera_msgs/msg/detail/metadata__type_support.hpp
[1.192s] -- Up-to-date symlink: /home/vboxuser/ros2_ws/install/realsense2_camera_msgs/include/realsense2_camera_msgs/msg/detail/rgbd__builder.hpp
[1.192s] -- Up-to-date symlink: /home/vboxuser/ros2_ws/install/realsense2_camera_msgs/include/realsense2_camera_msgs/msg/detail/rgbd__struct.hpp
[1.192s] -- Up-to-date symlink: /home/vboxuser/ros2_ws/install/realsense2_camera_msgs/include/realsense2_camera_msgs/msg/detail/rgbd__traits.hpp
[1.193s] -- Up-to-date symlink: /home/vboxuser/ros2_ws/install/realsense2_camera_msgs/include/realsense2_camera_msgs/msg/detail/rgbd__type_support.hpp
[1.196s] -- Up-to-date symlink: /home/vboxuser/ros2_ws/install/realsense2_camera_msgs/include/realsense2_camera_msgs/msg/extrinsics.hpp
[1.196s] -- Up-to-date symlink: /home/vboxuser/ros2_ws/install/realsense2_camera_msgs/include/realsense2_camera_msgs/msg/imu_info.hpp
[1.197s] -- Up-to-date symlink: /home/vboxuser/ros2_ws/install/realsense2_camera_msgs/include/realsense2_camera_msgs/msg/metadata.hpp
[1.197s] -- Up-to-date symlink: /home/vboxuser/ros2_ws/install/realsense2_camera_msgs/include/realsense2_camera_msgs/msg/rgbd.hpp
[1.197s] -- Up-to-date symlink: /home/vboxuser/ros2_ws/install/realsense2_camera_msgs/include/realsense2_camera_msgs/msg/rosidl_generator_cpp__visibility_control.hpp
[1.197s] -- Up-to-date symlink: /home/vboxuser/ros2_ws/install/realsense2_camera_msgs/include/realsense2_camera_msgs/srv/detail/device_info__builder.hpp
[1.198s] -- Up-to-date symlink: /home/vboxuser/ros2_ws/install/realsense2_camera_msgs/include/realsense2_camera_msgs/srv/detail/device_info__struct.hpp
[1.198s] -- Up-to-date symlink: /home/vboxuser/ros2_ws/install/realsense2_camera_msgs/include/realsense2_camera_msgs/srv/detail/device_info__traits.hpp
[1.198s] -- Up-to-date symlink: /home/vboxuser/ros2_ws/install/realsense2_camera_msgs/include/realsense2_camera_msgs/srv/detail/device_info__type_support.hpp
[1.198s] -- Up-to-date symlink: /home/vboxuser/ros2_ws/install/realsense2_camera_msgs/include/realsense2_camera_msgs/srv/device_info.hpp
[1.199s] -- Up-to-date symlink: /home/vboxuser/ros2_ws/install/realsense2_camera_msgs/include/realsense2_camera_msgs/msg/detail/extrinsics__rosidl_typesupport_introspection_cpp.hpp
[1.199s] -- Up-to-date symlink: /home/vboxuser/ros2_ws/install/realsense2_camera_msgs/include/realsense2_camera_msgs/msg/detail/imu_info__rosidl_typesupport_introspection_cpp.hpp
[1.199s] -- Up-to-date symlink: /home/vboxuser/ros2_ws/install/realsense2_camera_msgs/include/realsense2_camera_msgs/msg/detail/metadata__rosidl_typesupport_introspection_cpp.hpp
[1.199s] -- Up-to-date symlink: /home/vboxuser/ros2_ws/install/realsense2_camera_msgs/include/realsense2_camera_msgs/msg/detail/rgbd__rosidl_typesupport_introspection_cpp.hpp
[1.199s] -- Up-to-date symlink: /home/vboxuser/ros2_ws/install/realsense2_camera_msgs/include/realsense2_camera_msgs/srv/detail/device_info__rosidl_typesupport_introspection_cpp.hpp
[1.199s] -- Up-to-date symlink: /home/vboxuser/ros2_ws/install/realsense2_camera_msgs/share/realsense2_camera_msgs/environment/pythonpath.sh
[1.199s] -- Up-to-date symlink: /home/vboxuser/ros2_ws/install/realsense2_camera_msgs/share/realsense2_camera_msgs/environment/pythonpath.dsv
[1.199s] -- Up-to-date symlink: /home/vboxuser/ros2_ws/install/realsense2_camera_msgs/lib/python3.8/site-packages/realsense2_camera_msgs/__init__.py
[1.200s] -- Up-to-date symlink: /home/vboxuser/ros2_ws/install/realsense2_camera_msgs/lib/python3.8/site-packages/realsense2_camera_msgs/msg/__init__.py
[1.202s] -- Up-to-date symlink: /home/vboxuser/ros2_ws/install/realsense2_camera_msgs/lib/python3.8/site-packages/realsense2_camera_msgs/msg/_extrinsics.py
[1.203s] -- Up-to-date symlink: /home/vboxuser/ros2_ws/install/realsense2_camera_msgs/lib/python3.8/site-packages/realsense2_camera_msgs/msg/_imu_info.py
[1.203s] -- Up-to-date symlink: /home/vboxuser/ros2_ws/install/realsense2_camera_msgs/lib/python3.8/site-packages/realsense2_camera_msgs/msg/_metadata.py
[1.204s] -- Up-to-date symlink: /home/vboxuser/ros2_ws/install/realsense2_camera_msgs/lib/python3.8/site-packages/realsense2_camera_msgs/msg/_rgbd.py
[1.204s] -- Up-to-date symlink: /home/vboxuser/ros2_ws/install/realsense2_camera_msgs/lib/python3.8/site-packages/realsense2_camera_msgs/srv/__init__.py
[1.205s] -- Up-to-date symlink: /home/vboxuser/ros2_ws/install/realsense2_camera_msgs/lib/python3.8/site-packages/realsense2_camera_msgs/srv/_device_info.py
[1.205s] -- Up-to-date symlink: /home/vboxuser/ros2_ws/install/realsense2_camera_msgs/lib/python3.8/site-packages/realsense2_camera_msgs/realsense2_camera_msgs_s__rosidl_typesupport_fastrtps_c.cpython-38-x86_64-linux-gnu.so
[1.206s] -- Up-to-date symlink: /home/vboxuser/ros2_ws/install/realsense2_camera_msgs/lib/python3.8/site-packages/realsense2_camera_msgs/realsense2_camera_msgs_s__rosidl_typesupport_introspection_c.cpython-38-x86_64-linux-gnu.so
[1.206s] -- Up-to-date symlink: /home/vboxuser/ros2_ws/install/realsense2_camera_msgs/lib/python3.8/site-packages/realsense2_camera_msgs/realsense2_camera_msgs_s__rosidl_typesupport_c.cpython-38-x86_64-linux-gnu.so
[1.206s] -- Up-to-date symlink: /home/vboxuser/ros2_ws/install/realsense2_camera_msgs/lib/librealsense2_camera_msgs__python.so
[1.207s] -- Up-to-date symlink: /home/vboxuser/ros2_ws/install/realsense2_camera_msgs/share/realsense2_camera_msgs/msg/IMUInfo.idl
[1.207s] -- Up-to-date symlink: /home/vboxuser/ros2_ws/install/realsense2_camera_msgs/share/realsense2_camera_msgs/msg/Extrinsics.idl
[1.207s] -- Up-to-date symlink: /home/vboxuser/ros2_ws/install/realsense2_camera_msgs/share/realsense2_camera_msgs/msg/Metadata.idl
[1.207s] -- Up-to-date symlink: /home/vboxuser/ros2_ws/install/realsense2_camera_msgs/share/realsense2_camera_msgs/msg/RGBD.idl
[1.207s] -- Up-to-date symlink: /home/vboxuser/ros2_ws/install/realsense2_camera_msgs/share/realsense2_camera_msgs/srv/DeviceInfo.idl
[1.207s] -- Up-to-date symlink: /home/vboxuser/ros2_ws/install/realsense2_camera_msgs/share/realsense2_camera_msgs/msg/IMUInfo.msg
[1.207s] -- Up-to-date symlink: /home/vboxuser/ros2_ws/install/realsense2_camera_msgs/share/realsense2_camera_msgs/msg/Extrinsics.msg
[1.208s] -- Up-to-date symlink: /home/vboxuser/ros2_ws/install/realsense2_camera_msgs/share/realsense2_camera_msgs/msg/Metadata.msg
[1.208s] -- Up-to-date symlink: /home/vboxuser/ros2_ws/install/realsense2_camera_msgs/share/realsense2_camera_msgs/msg/RGBD.msg
[1.208s] -- Up-to-date symlink: /home/vboxuser/ros2_ws/install/realsense2_camera_msgs/share/realsense2_camera_msgs/srv/DeviceInfo.srv
[1.208s] -- Up-to-date symlink: /home/vboxuser/ros2_ws/install/realsense2_camera_msgs/share/realsense2_camera_msgs/srv/DeviceInfo_Request.msg
[1.208s] -- Up-to-date symlink: /home/vboxuser/ros2_ws/install/realsense2_camera_msgs/share/realsense2_camera_msgs/srv/DeviceInfo_Response.msg
[1.208s] -- Up-to-date symlink: /home/vboxuser/ros2_ws/install/realsense2_camera_msgs/share/ament_index/resource_index/package_run_dependencies/realsense2_camera_msgs
[1.209s] -- Up-to-date symlink: /home/vboxuser/ros2_ws/install/realsense2_camera_msgs/share/ament_index/resource_index/parent_prefix_path/realsense2_camera_msgs
[1.209s] -- Up-to-date symlink: /home/vboxuser/ros2_ws/install/realsense2_camera_msgs/share/realsense2_camera_msgs/environment/ament_prefix_path.sh
[1.209s] -- Up-to-date symlink: /home/vboxuser/ros2_ws/install/realsense2_camera_msgs/share/realsense2_camera_msgs/environment/ament_prefix_path.dsv
[1.209s] -- Up-to-date symlink: /home/vboxuser/ros2_ws/install/realsense2_camera_msgs/share/realsense2_camera_msgs/environment/path.sh
[1.209s] -- Up-to-date symlink: /home/vboxuser/ros2_ws/install/realsense2_camera_msgs/share/realsense2_camera_msgs/environment/path.dsv
[1.209s] -- Up-to-date symlink: /home/vboxuser/ros2_ws/install/realsense2_camera_msgs/share/realsense2_camera_msgs/local_setup.bash
[1.209s] -- Up-to-date symlink: /home/vboxuser/ros2_ws/install/realsense2_camera_msgs/share/realsense2_camera_msgs/local_setup.sh
[1.209s] -- Up-to-date symlink: /home/vboxuser/ros2_ws/install/realsense2_camera_msgs/share/realsense2_camera_msgs/local_setup.zsh
[1.209s] -- Up-to-date symlink: /home/vboxuser/ros2_ws/install/realsense2_camera_msgs/share/realsense2_camera_msgs/local_setup.dsv
[1.209s] -- Symlinking: /home/vboxuser/ros2_ws/install/realsense2_camera_msgs/share/realsense2_camera_msgs/package.dsv
[1.226s] -- Up-to-date symlink: /home/vboxuser/ros2_ws/install/realsense2_camera_msgs/share/ament_index/resource_index/packages/realsense2_camera_msgs
[1.226s] -- Up-to-date symlink: /home/vboxuser/ros2_ws/install/realsense2_camera_msgs/share/realsense2_camera_msgs/cmake/rosidl_cmake-extras.cmake
[1.226s] -- Up-to-date symlink: /home/vboxuser/ros2_ws/install/realsense2_camera_msgs/share/realsense2_camera_msgs/cmake/ament_cmake_export_dependencies-extras.cmake
[1.227s] -- Up-to-date symlink: /home/vboxuser/ros2_ws/install/realsense2_camera_msgs/share/realsense2_camera_msgs/cmake/ament_cmake_export_libraries-extras.cmake
[1.227s] -- Up-to-date symlink: /home/vboxuser/ros2_ws/install/realsense2_camera_msgs/share/realsense2_camera_msgs/cmake/ament_cmake_export_targets-extras.cmake
[1.227s] -- Up-to-date symlink: /home/vboxuser/ros2_ws/install/realsense2_camera_msgs/share/realsense2_camera_msgs/cmake/ament_cmake_export_include_directories-extras.cmake
[1.228s] -- Up-to-date symlink: /home/vboxuser/ros2_ws/install/realsense2_camera_msgs/share/realsense2_camera_msgs/cmake/rosidl_cmake_export_typesupport_libraries-extras.cmake
[1.228s] -- Up-to-date symlink: /home/vboxuser/ros2_ws/install/realsense2_camera_msgs/share/realsense2_camera_msgs/cmake/rosidl_cmake_export_typesupport_targets-extras.cmake
[1.229s] -- Up-to-date symlink: /home/vboxuser/ros2_ws/install/realsense2_camera_msgs/share/realsense2_camera_msgs/cmake/realsense2_camera_msgsConfig.cmake
[1.229s] -- Up-to-date symlink: /home/vboxuser/ros2_ws/install/realsense2_camera_msgs/share/realsense2_camera_msgs/cmake/realsense2_camera_msgsConfig-version.cmake
[1.230s] -- Up-to-date symlink: /home/vboxuser/ros2_ws/install/realsense2_camera_msgs/share/realsense2_camera_msgs/package.xml
[1.230s] -- Up-to-date: /home/vboxuser/ros2_ws/install/realsense2_camera_msgs/lib/librealsense2_camera_msgs__rosidl_generator_c.so
[1.230s] -- Up-to-date: /home/vboxuser/ros2_ws/install/realsense2_camera_msgs/lib/librealsense2_camera_msgs__rosidl_typesupport_introspection_c.so
[1.231s] -- Up-to-date: /home/vboxuser/ros2_ws/install/realsense2_camera_msgs/lib/librealsense2_camera_msgs__rosidl_typesupport_c.so
[1.231s] -- Up-to-date: /home/vboxuser/ros2_ws/install/realsense2_camera_msgs/lib/librealsense2_camera_msgs__rosidl_typesupport_introspection_cpp.so
[1.232s] -- Up-to-date: /home/vboxuser/ros2_ws/install/realsense2_camera_msgs/lib/librealsense2_camera_msgs__rosidl_typesupport_cpp.so
[1.272s] -- Up-to-date: /home/vboxuser/ros2_ws/install/realsense2_camera_msgs/share/realsense2_camera_msgs/cmake/realsense2_camera_msgs__rosidl_generator_cExport.cmake
[1.272s] -- Up-to-date: /home/vboxuser/ros2_ws/install/realsense2_camera_msgs/share/realsense2_camera_msgs/cmake/realsense2_camera_msgs__rosidl_generator_cExport-noconfig.cmake
[1.272s] -- Up-to-date: /home/vboxuser/ros2_ws/install/realsense2_camera_msgs/share/realsense2_camera_msgs/cmake/realsense2_camera_msgs__rosidl_typesupport_introspection_cExport.cmake
[1.272s] -- Up-to-date: /home/vboxuser/ros2_ws/install/realsense2_camera_msgs/share/realsense2_camera_msgs/cmake/realsense2_camera_msgs__rosidl_typesupport_introspection_cExport-noconfig.cmake
[1.273s] -- Up-to-date: /home/vboxuser/ros2_ws/install/realsense2_camera_msgs/share/realsense2_camera_msgs/cmake/realsense2_camera_msgs__rosidl_typesupport_cExport.cmake
[1.273s] -- Up-to-date: /home/vboxuser/ros2_ws/install/realsense2_camera_msgs/share/realsense2_camera_msgs/cmake/realsense2_camera_msgs__rosidl_typesupport_cExport-noconfig.cmake
[1.273s] -- Up-to-date: /home/vboxuser/ros2_ws/install/realsense2_camera_msgs/share/realsense2_camera_msgs/cmake/realsense2_camera_msgs__rosidl_generator_cppExport.cmake
[1.274s] -- Up-to-date: /home/vboxuser/ros2_ws/install/realsense2_camera_msgs/share/realsense2_camera_msgs/cmake/realsense2_camera_msgs__rosidl_typesupport_introspection_cppExport.cmake
[1.274s] -- Up-to-date: /home/vboxuser/ros2_ws/install/realsense2_camera_msgs/share/realsense2_camera_msgs/cmake/realsense2_camera_msgs__rosidl_typesupport_introspection_cppExport-noconfig.cmake
[1.274s] -- Up-to-date: /home/vboxuser/ros2_ws/install/realsense2_camera_msgs/share/realsense2_camera_msgs/cmake/realsense2_camera_msgs__rosidl_typesupport_cppExport.cmake
[1.274s] -- Up-to-date: /home/vboxuser/ros2_ws/install/realsense2_camera_msgs/share/realsense2_camera_msgs/cmake/realsense2_camera_msgs__rosidl_typesupport_cppExport-noconfig.cmake
[1.282s] Invoked command in '/home/vboxuser/ros2_ws/build/realsense2_camera_msgs' returned '0': CMAKE_PREFIX_PATH=${CMAKE_PREFIX_PATH}:/home/vboxuser/ros2_ws/install/vision:/home/vboxuser/ros2_ws/install/robot_control:/home/vboxuser/ros2_ws/install/kr_example_python:/home/vboxuser/ros2_ws/install/bt_pkg:/opt/ros/foxy /usr/bin/cmake --install /home/vboxuser/ros2_ws/build/realsense2_camera_msgs
