[0.047s] Invoking command in '/home/mo/Thesis/build/action_interfaces': CMAKE_PREFIX_PATH=${CMAKE_PREFIX_PATH}:/home/mo/Thesis/install/vision:/home/mo/Thesis/install/vcnanoz:/home/mo/Thesis/install/sensopart_visor:/home/mo/Thesis/install/robot_control:/home/mo/Thesis/install/kr_example_python:/home/mo/Thesis/install/bt_pkg:/home/mo/Thesis/install/action_servers:/opt/ros/foxy /usr/bin/cmake --build /home/mo/Thesis/build/action_interfaces -- -j16 -l16
[1.062s] -- Found ament_cmake: 0.9.12 (/opt/ros/foxy/share/ament_cmake/cmake)
[1.062s] -- Found PythonInterp: /usr/bin/python3 (found suitable version "3.8.10", minimum required is "3") 
[1.063s] -- Using PYTHON_EXECUTABLE: /usr/bin/python3
[1.063s] -- Override CMake install command with custom implementation using symlinks instead of copying resources
[1.064s] -- Found rosidl_default_generators: 1.0.1 (/opt/ros/foxy/share/rosidl_default_generators/cmake)
[1.065s] -- Using all available rosidl_typesupport_c: rosidl_typesupport_fastrtps_c;rosidl_typesupport_introspection_c
[1.065s] -- Found rosidl_adapter: 1.3.1 (/opt/ros/foxy/share/rosidl_adapter/cmake)
[1.065s] -- Using all available rosidl_typesupport_cpp: rosidl_typesupport_fastrtps_cpp;rosidl_typesupport_introspection_cpp
[1.065s] -- Found sensor_msgs: 2.0.5 (/opt/ros/foxy/share/sensor_msgs/cmake)
[1.067s] -- Found PythonInterp: /usr/bin/python3 (found version "3.8.10") 
[1.067s] -- Found ament_cmake_ros: 0.9.2 (/opt/ros/foxy/share/ament_cmake_ros/cmake)
[1.328s] -- Using all available rosidl_typesupport_c: rosidl_typesupport_fastrtps_c;rosidl_typesupport_introspection_c
[1.508s] -- Using all available rosidl_typesupport_cpp: rosidl_typesupport_fastrtps_cpp;rosidl_typesupport_introspection_cpp
[1.553s] -- Found PythonInterp: /usr/bin/python3 (found suitable version "3.8.10", minimum required is "3.5") 
[1.554s] -- Found python_cmake_module: 0.8.1 (/opt/ros/foxy/share/python_cmake_module/cmake)
[1.591s] -- Using PYTHON_EXECUTABLE: /usr/bin/python3
[1.591s] -- Using PYTHON_INCLUDE_DIRS: /usr/include/python3.8
[1.591s] -- Using PYTHON_LIBRARIES: /usr/lib/x86_64-linux-gnu/libpython3.8.so
[1.664s] -- Found ament_lint_auto: 0.9.8 (/opt/ros/foxy/share/ament_lint_auto/cmake)
[1.685s] -- Added test 'copyright' to check source files copyright and LICENSE
[1.687s] -- Added test 'lint_cmake' to check CMake code style
[1.689s] -- Added test 'xmllint' to check XML markup files
[1.695s] -- Configuring done
[1.793s] -- Generating done
[1.825s] -- Build files have been written to: /home/mo/Thesis/build/action_interfaces
[1.864s] [  1%] [34m[1mGenerating C code for ROS interfaces[0m
[1.875s] [  2%] [34m[1mGenerating C++ code for ROS interfaces[0m
[2.861s] [  2%] Built target action_interfaces__cpp
[2.916s] [  4%] [34m[1mGenerating C++ introspection for ROS interfaces[0m
[2.919s] [  5%] [34m[1mGenerating C++ type support dispatch for ROS interfaces[0m
[2.920s] [  7%] [34m[1mGenerating C++ type support for eProsima Fast-RTPS[0m
[2.926s] [35m[1mScanning dependencies of target action_interfaces__rosidl_generator_c[0m
[2.949s] [  8%] [32mBuilding C object CMakeFiles/action_interfaces__rosidl_generator_c.dir/rosidl_generator_c/action_interfaces/msg/detail/hook_data__functions.c.o[0m
[2.949s] [  9%] [32mBuilding C object CMakeFiles/action_interfaces__rosidl_generator_c.dir/rosidl_generator_c/action_interfaces/action/detail/fibonacci__functions.c.o[0m
[2.950s] [ 11%] [32mBuilding C object CMakeFiles/action_interfaces__rosidl_generator_c.dir/rosidl_generator_c/action_interfaces/action/detail/move_tcp_along_axis__functions.c.o[0m
[2.950s] [ 12%] [32mBuilding C object CMakeFiles/action_interfaces__rosidl_generator_c.dir/rosidl_generator_c/action_interfaces/msg/detail/bounding_box__functions.c.o[0m
[2.950s] [ 14%] [32mBuilding C object CMakeFiles/action_interfaces__rosidl_generator_c.dir/rosidl_generator_c/action_interfaces/msg/detail/hook__functions.c.o[0m
[2.952s] [ 15%] [32mBuilding C object CMakeFiles/action_interfaces__rosidl_generator_c.dir/rosidl_generator_c/action_interfaces/msg/detail/uv__functions.c.o[0m
[3.169s] [ 16%] [32m[1mLinking C shared library libaction_interfaces__rosidl_generator_c.so[0m
[3.238s] [ 16%] Built target action_interfaces__rosidl_generator_c
[3.252s] [ 19%] [34m[1mGenerating C introspection for ROS interfaces[0m
[3.252s] [ 19%] [34m[1mGenerating C type support dispatch for ROS interfaces[0m
[3.408s] [35m[1mScanning dependencies of target action_interfaces__rosidl_typesupport_cpp[0m
[3.431s] [ 22%] [32mBuilding CXX object CMakeFiles/action_interfaces__rosidl_typesupport_cpp.dir/rosidl_typesupport_cpp/action_interfaces/msg/uv__type_support.cpp.o[0m
[3.431s] [ 22%] [32mBuilding CXX object CMakeFiles/action_interfaces__rosidl_typesupport_cpp.dir/rosidl_typesupport_cpp/action_interfaces/action/move_tcp_along_axis__type_support.cpp.o[0m
[3.432s] [ 23%] [32mBuilding CXX object CMakeFiles/action_interfaces__rosidl_typesupport_cpp.dir/rosidl_typesupport_cpp/action_interfaces/msg/bounding_box__type_support.cpp.o[0m
[3.433s] [ 25%] [32mBuilding CXX object CMakeFiles/action_interfaces__rosidl_typesupport_cpp.dir/rosidl_typesupport_cpp/action_interfaces/action/fibonacci__type_support.cpp.o[0m
[3.434s] [ 26%] [32mBuilding CXX object CMakeFiles/action_interfaces__rosidl_typesupport_cpp.dir/rosidl_typesupport_cpp/action_interfaces/msg/hook__type_support.cpp.o[0m
[3.435s] [ 28%] [32mBuilding CXX object CMakeFiles/action_interfaces__rosidl_typesupport_cpp.dir/rosidl_typesupport_cpp/action_interfaces/msg/hook_data__type_support.cpp.o[0m
[3.513s] [35m[1mScanning dependencies of target action_interfaces__rosidl_typesupport_introspection_cpp[0m
[3.543s] [ 30%] [32mBuilding CXX object CMakeFiles/action_interfaces__rosidl_typesupport_introspection_cpp.dir/rosidl_typesupport_introspection_cpp/action_interfaces/action/detail/fibonacci__type_support.cpp.o[0m
[3.543s] [ 30%] [32mBuilding CXX object CMakeFiles/action_interfaces__rosidl_typesupport_introspection_cpp.dir/rosidl_typesupport_introspection_cpp/action_interfaces/action/detail/move_tcp_along_axis__type_support.cpp.o[0m
[3.543s] [ 32%] [32mBuilding CXX object CMakeFiles/action_interfaces__rosidl_typesupport_introspection_cpp.dir/rosidl_typesupport_introspection_cpp/action_interfaces/msg/detail/bounding_box__type_support.cpp.o[0m
[3.546s] [ 33%] [32mBuilding CXX object CMakeFiles/action_interfaces__rosidl_typesupport_introspection_cpp.dir/rosidl_typesupport_introspection_cpp/action_interfaces/msg/detail/uv__type_support.cpp.o[0m
[3.548s] [ 35%] [32mBuilding CXX object CMakeFiles/action_interfaces__rosidl_typesupport_introspection_cpp.dir/rosidl_typesupport_introspection_cpp/action_interfaces/msg/detail/hook__type_support.cpp.o[0m
[3.554s] [ 36%] [32mBuilding CXX object CMakeFiles/action_interfaces__rosidl_typesupport_introspection_cpp.dir/rosidl_typesupport_introspection_cpp/action_interfaces/msg/detail/hook_data__type_support.cpp.o[0m
[3.858s] [35m[1mScanning dependencies of target action_interfaces__rosidl_typesupport_fastrtps_cpp[0m
[3.950s] [ 38%] [32mBuilding CXX object CMakeFiles/action_interfaces__rosidl_typesupport_fastrtps_cpp.dir/rosidl_typesupport_fastrtps_cpp/action_interfaces/action/detail/dds_fastrtps/fibonacci__type_support.cpp.o[0m
[3.978s] [ 39%] [32mBuilding CXX object CMakeFiles/action_interfaces__rosidl_typesupport_fastrtps_cpp.dir/rosidl_typesupport_fastrtps_cpp/action_interfaces/action/detail/dds_fastrtps/move_tcp_along_axis__type_support.cpp.o[0m
[4.031s] [ 42%] [32mBuilding CXX object CMakeFiles/action_interfaces__rosidl_typesupport_fastrtps_cpp.dir/rosidl_typesupport_fastrtps_cpp/action_interfaces/msg/detail/dds_fastrtps/hook_data__type_support.cpp.o[0m
[4.031s] [ 42%] [32mBuilding CXX object CMakeFiles/action_interfaces__rosidl_typesupport_fastrtps_cpp.dir/rosidl_typesupport_fastrtps_cpp/action_interfaces/msg/detail/dds_fastrtps/bounding_box__type_support.cpp.o[0m
[4.041s] [35m[1mScanning dependencies of target action_interfaces__rosidl_typesupport_c[0m
[4.041s] [ 43%] [32mBuilding CXX object CMakeFiles/action_interfaces__rosidl_typesupport_fastrtps_cpp.dir/rosidl_typesupport_fastrtps_cpp/action_interfaces/msg/detail/dds_fastrtps/uv__type_support.cpp.o[0m
[4.051s] [ 45%] [32mBuilding CXX object CMakeFiles/action_interfaces__rosidl_typesupport_fastrtps_cpp.dir/rosidl_typesupport_fastrtps_cpp/action_interfaces/msg/detail/dds_fastrtps/hook__type_support.cpp.o[0m
[4.095s] [ 49%] [32mBuilding CXX object CMakeFiles/action_interfaces__rosidl_typesupport_c.dir/rosidl_typesupport_c/action_interfaces/action/move_tcp_along_axis__type_support.cpp.o[0m
[4.095s] [ 49%] [32mBuilding CXX object CMakeFiles/action_interfaces__rosidl_typesupport_c.dir/rosidl_typesupport_c/action_interfaces/action/fibonacci__type_support.cpp.o[0m
[4.095s] [ 49%] [32mBuilding CXX object CMakeFiles/action_interfaces__rosidl_typesupport_c.dir/rosidl_typesupport_c/action_interfaces/msg/bounding_box__type_support.cpp.o[0m
[4.113s] [ 52%] [32mBuilding CXX object CMakeFiles/action_interfaces__rosidl_typesupport_c.dir/rosidl_typesupport_c/action_interfaces/msg/hook__type_support.cpp.o[0m
[4.114s] [ 52%] [32mBuilding CXX object CMakeFiles/action_interfaces__rosidl_typesupport_c.dir/rosidl_typesupport_c/action_interfaces/msg/hook_data__type_support.cpp.o[0m
[4.115s] [ 53%] [32mBuilding CXX object CMakeFiles/action_interfaces__rosidl_typesupport_c.dir/rosidl_typesupport_c/action_interfaces/msg/uv__type_support.cpp.o[0m
[4.132s] [ 54%] [32m[1mLinking CXX shared library libaction_interfaces__rosidl_typesupport_cpp.so[0m
[4.190s] [ 56%] [32m[1mLinking CXX shared library libaction_interfaces__rosidl_typesupport_c.so[0m
[4.211s] [ 57%] [32m[1mLinking CXX shared library libaction_interfaces__rosidl_typesupport_introspection_cpp.so[0m
[4.240s] [ 57%] Built target action_interfaces__rosidl_typesupport_cpp
[4.251s] [ 57%] Built target action_interfaces__rosidl_typesupport_c
[4.266s] [35m[1mScanning dependencies of target action_interfaces__rosidl_typesupport_introspection_c[0m
[4.296s] [ 61%] [32mBuilding C object CMakeFiles/action_interfaces__rosidl_typesupport_introspection_c.dir/rosidl_typesupport_introspection_c/action_interfaces/action/detail/fibonacci__type_support.c.o[0m
[4.296s] [ 61%] [32mBuilding C object CMakeFiles/action_interfaces__rosidl_typesupport_introspection_c.dir/rosidl_typesupport_introspection_c/action_interfaces/msg/detail/bounding_box__type_support.c.o[0m
[4.296s] [ 61%] [32mBuilding C object CMakeFiles/action_interfaces__rosidl_typesupport_introspection_c.dir/rosidl_typesupport_introspection_c/action_interfaces/msg/detail/hook__type_support.c.o[0m
[4.296s] [ 63%] [32mBuilding C object CMakeFiles/action_interfaces__rosidl_typesupport_introspection_c.dir/rosidl_typesupport_introspection_c/action_interfaces/action/detail/move_tcp_along_axis__type_support.c.o[0m
[4.297s] [ 64%] [32mBuilding C object CMakeFiles/action_interfaces__rosidl_typesupport_introspection_c.dir/rosidl_typesupport_introspection_c/action_interfaces/msg/detail/hook_data__type_support.c.o[0m
[4.297s] [ 66%] [32mBuilding C object CMakeFiles/action_interfaces__rosidl_typesupport_introspection_c.dir/rosidl_typesupport_introspection_c/action_interfaces/msg/detail/uv__type_support.c.o[0m
[4.370s] [ 67%] [32m[1mLinking C shared library libaction_interfaces__rosidl_typesupport_introspection_c.so[0m
[4.374s] [ 67%] Built target action_interfaces__rosidl_typesupport_introspection_cpp
[4.414s] [ 67%] Built target action_interfaces__rosidl_typesupport_introspection_c
[4.688s] [ 69%] [32m[1mLinking CXX shared library libaction_interfaces__rosidl_typesupport_fastrtps_cpp.so[0m
[4.776s] [ 69%] Built target action_interfaces__rosidl_typesupport_fastrtps_cpp
[4.793s] [ 70%] [34m[1mGenerating C type support for eProsima Fast-RTPS[0m
[5.377s] [35m[1mScanning dependencies of target action_interfaces__rosidl_typesupport_fastrtps_c[0m
[5.408s] [ 74%] [32mBuilding CXX object CMakeFiles/action_interfaces__rosidl_typesupport_fastrtps_c.dir/rosidl_typesupport_fastrtps_c/action_interfaces/action/detail/move_tcp_along_axis__type_support_c.cpp.o[0m
[5.408s] [ 74%] [32mBuilding CXX object CMakeFiles/action_interfaces__rosidl_typesupport_fastrtps_c.dir/rosidl_typesupport_fastrtps_c/action_interfaces/msg/detail/bounding_box__type_support_c.cpp.o[0m
[5.408s] [ 74%] [32mBuilding CXX object CMakeFiles/action_interfaces__rosidl_typesupport_fastrtps_c.dir/rosidl_typesupport_fastrtps_c/action_interfaces/action/detail/fibonacci__type_support_c.cpp.o[0m
[5.409s] [ 76%] [32mBuilding CXX object CMakeFiles/action_interfaces__rosidl_typesupport_fastrtps_c.dir/rosidl_typesupport_fastrtps_c/action_interfaces/msg/detail/hook_data__type_support_c.cpp.o[0m
[5.409s] [ 77%] [32mBuilding CXX object CMakeFiles/action_interfaces__rosidl_typesupport_fastrtps_c.dir/rosidl_typesupport_fastrtps_c/action_interfaces/msg/detail/hook__type_support_c.cpp.o[0m
[5.411s] [ 78%] [32mBuilding CXX object CMakeFiles/action_interfaces__rosidl_typesupport_fastrtps_c.dir/rosidl_typesupport_fastrtps_c/action_interfaces/msg/detail/uv__type_support_c.cpp.o[0m
[5.792s] [ 80%] [32m[1mLinking CXX shared library libaction_interfaces__rosidl_typesupport_fastrtps_c.so[0m
[5.897s] [ 80%] Built target action_interfaces__rosidl_typesupport_fastrtps_c
[5.919s] [ 80%] Built target action_interfaces
[5.942s] [ 81%] [34m[1mGenerating Python code for ROS interfaces[0m
[7.317s] [ 81%] Built target action_interfaces__py
[7.343s] [35m[1mScanning dependencies of target action_interfaces__python[0m
[7.372s] [ 85%] [32mBuilding C object CMakeFiles/action_interfaces__python.dir/rosidl_generator_py/action_interfaces/action/_move_tcp_along_axis_s.c.o[0m
[7.372s] [ 85%] [32mBuilding C object CMakeFiles/action_interfaces__python.dir/rosidl_generator_py/action_interfaces/msg/_bounding_box_s.c.o[0m
[7.372s] [ 85%] [32mBuilding C object CMakeFiles/action_interfaces__python.dir/rosidl_generator_py/action_interfaces/action/_fibonacci_s.c.o[0m
[7.372s] [ 87%] [32mBuilding C object CMakeFiles/action_interfaces__python.dir/rosidl_generator_py/action_interfaces/msg/_hook_s.c.o[0m
[7.373s] [ 88%] [32mBuilding C object CMakeFiles/action_interfaces__python.dir/rosidl_generator_py/action_interfaces/msg/_hook_data_s.c.o[0m
[7.376s] [ 90%] [32mBuilding C object CMakeFiles/action_interfaces__python.dir/rosidl_generator_py/action_interfaces/msg/_uv_s.c.o[0m
[7.557s] [ 91%] [32m[1mLinking C shared library rosidl_generator_py/action_interfaces/libaction_interfaces__python.so[0m
[7.617s] [ 91%] Built target action_interfaces__python
[7.628s] [35m[1mScanning dependencies of target action_interfaces__rosidl_typesupport_fastrtps_c__pyext[0m
[7.628s] [35m[1mScanning dependencies of target action_interfaces__rosidl_typesupport_introspection_c__pyext[0m
[7.628s] [35m[1mScanning dependencies of target action_interfaces__rosidl_typesupport_c__pyext[0m
[7.647s] [ 92%] [32mBuilding C object CMakeFiles/action_interfaces__rosidl_typesupport_c__pyext.dir/rosidl_generator_py/action_interfaces/_action_interfaces_s.ep.rosidl_typesupport_c.c.o[0m
[7.647s] [ 94%] [32mBuilding C object CMakeFiles/action_interfaces__rosidl_typesupport_introspection_c__pyext.dir/rosidl_generator_py/action_interfaces/_action_interfaces_s.ep.rosidl_typesupport_introspection_c.c.o[0m
[7.649s] [ 95%] [32mBuilding C object CMakeFiles/action_interfaces__rosidl_typesupport_fastrtps_c__pyext.dir/rosidl_generator_py/action_interfaces/_action_interfaces_s.ep.rosidl_typesupport_fastrtps_c.c.o[0m
[7.782s] [ 97%] [32m[1mLinking C shared library rosidl_generator_py/action_interfaces/action_interfaces_s__rosidl_typesupport_introspection_c.cpython-38-x86_64-linux-gnu.so[0m
[7.784s] [100%] [32m[1mLinking CXX shared library rosidl_generator_py/action_interfaces/action_interfaces_s__rosidl_typesupport_fastrtps_c.cpython-38-x86_64-linux-gnu.so[0m
[7.784s] [100%] [32m[1mLinking C shared library rosidl_generator_py/action_interfaces/action_interfaces_s__rosidl_typesupport_c.cpython-38-x86_64-linux-gnu.so[0m
[7.832s] [100%] Built target action_interfaces__rosidl_typesupport_c__pyext
[7.835s] [100%] Built target action_interfaces__rosidl_typesupport_introspection_c__pyext
[7.863s] [100%] Built target action_interfaces__rosidl_typesupport_fastrtps_c__pyext
[7.876s] Invoked command in '/home/mo/Thesis/build/action_interfaces' returned '0': CMAKE_PREFIX_PATH=${CMAKE_PREFIX_PATH}:/home/mo/Thesis/install/vision:/home/mo/Thesis/install/vcnanoz:/home/mo/Thesis/install/sensopart_visor:/home/mo/Thesis/install/robot_control:/home/mo/Thesis/install/kr_example_python:/home/mo/Thesis/install/bt_pkg:/home/mo/Thesis/install/action_servers:/opt/ros/foxy /usr/bin/cmake --build /home/mo/Thesis/build/action_interfaces -- -j16 -l16
[7.879s] Invoking command in '/home/mo/Thesis/build/action_interfaces': CMAKE_PREFIX_PATH=${CMAKE_PREFIX_PATH}:/home/mo/Thesis/install/vision:/home/mo/Thesis/install/vcnanoz:/home/mo/Thesis/install/sensopart_visor:/home/mo/Thesis/install/robot_control:/home/mo/Thesis/install/kr_example_python:/home/mo/Thesis/install/bt_pkg:/home/mo/Thesis/install/action_servers:/opt/ros/foxy /usr/bin/cmake --install /home/mo/Thesis/build/action_interfaces
[7.893s] -- Install configuration: ""
[7.893s] -- Execute custom install script
[7.893s] -- Up-to-date symlink: /home/mo/Thesis/install/action_interfaces/share/ament_index/resource_index/rosidl_interfaces/action_interfaces
[7.894s] -- Up-to-date symlink: /home/mo/Thesis/install/action_interfaces/include/action_interfaces/action/detail/fibonacci__functions.h
[7.894s] -- Up-to-date symlink: /home/mo/Thesis/install/action_interfaces/include/action_interfaces/action/detail/fibonacci__struct.h
[7.895s] -- Up-to-date symlink: /home/mo/Thesis/install/action_interfaces/include/action_interfaces/action/detail/fibonacci__type_support.h
[7.895s] -- Up-to-date symlink: /home/mo/Thesis/install/action_interfaces/include/action_interfaces/action/detail/move_tcp_along_axis__functions.h
[7.895s] -- Up-to-date symlink: /home/mo/Thesis/install/action_interfaces/include/action_interfaces/action/detail/move_tcp_along_axis__struct.h
[7.895s] -- Up-to-date symlink: /home/mo/Thesis/install/action_interfaces/include/action_interfaces/action/detail/move_tcp_along_axis__type_support.h
[7.895s] -- Up-to-date symlink: /home/mo/Thesis/install/action_interfaces/include/action_interfaces/action/fibonacci.h
[7.896s] -- Up-to-date symlink: /home/mo/Thesis/install/action_interfaces/include/action_interfaces/action/move_tcp_along_axis.h
[7.896s] -- Up-to-date symlink: /home/mo/Thesis/install/action_interfaces/include/action_interfaces/msg/bounding_box.h
[7.896s] -- Up-to-date symlink: /home/mo/Thesis/install/action_interfaces/include/action_interfaces/msg/detail/bounding_box__functions.h
[7.896s] -- Up-to-date symlink: /home/mo/Thesis/install/action_interfaces/include/action_interfaces/msg/detail/bounding_box__struct.h
[7.896s] -- Up-to-date symlink: /home/mo/Thesis/install/action_interfaces/include/action_interfaces/msg/detail/bounding_box__type_support.h
[7.896s] -- Up-to-date symlink: /home/mo/Thesis/install/action_interfaces/include/action_interfaces/msg/detail/hook__functions.h
[7.897s] -- Up-to-date symlink: /home/mo/Thesis/install/action_interfaces/include/action_interfaces/msg/detail/hook__struct.h
[7.897s] -- Up-to-date symlink: /home/mo/Thesis/install/action_interfaces/include/action_interfaces/msg/detail/hook__type_support.h
[7.897s] -- Up-to-date symlink: /home/mo/Thesis/install/action_interfaces/include/action_interfaces/msg/detail/hook_data__functions.h
[7.897s] -- Up-to-date symlink: /home/mo/Thesis/install/action_interfaces/include/action_interfaces/msg/detail/hook_data__struct.h
[7.897s] -- Up-to-date symlink: /home/mo/Thesis/install/action_interfaces/include/action_interfaces/msg/detail/hook_data__type_support.h
[7.897s] -- Up-to-date symlink: /home/mo/Thesis/install/action_interfaces/include/action_interfaces/msg/detail/uv__functions.h
[7.898s] -- Up-to-date symlink: /home/mo/Thesis/install/action_interfaces/include/action_interfaces/msg/detail/uv__struct.h
[7.898s] -- Up-to-date symlink: /home/mo/Thesis/install/action_interfaces/include/action_interfaces/msg/detail/uv__type_support.h
[7.898s] -- Up-to-date symlink: /home/mo/Thesis/install/action_interfaces/include/action_interfaces/msg/hook.h
[7.898s] -- Up-to-date symlink: /home/mo/Thesis/install/action_interfaces/include/action_interfaces/msg/hook_data.h
[7.898s] -- Up-to-date symlink: /home/mo/Thesis/install/action_interfaces/include/action_interfaces/msg/rosidl_generator_c__visibility_control.h
[7.899s] -- Up-to-date symlink: /home/mo/Thesis/install/action_interfaces/include/action_interfaces/msg/uv.h
[7.899s] -- Up-to-date symlink: /home/mo/Thesis/install/action_interfaces/share/action_interfaces/environment/library_path.sh
[7.899s] -- Up-to-date symlink: /home/mo/Thesis/install/action_interfaces/share/action_interfaces/environment/library_path.dsv
[7.900s] -- Up-to-date symlink: /home/mo/Thesis/install/action_interfaces/include/action_interfaces/action/detail/fibonacci__rosidl_typesupport_fastrtps_c.h
[7.900s] -- Up-to-date symlink: /home/mo/Thesis/install/action_interfaces/include/action_interfaces/action/detail/move_tcp_along_axis__rosidl_typesupport_fastrtps_c.h
[7.900s] -- Up-to-date symlink: /home/mo/Thesis/install/action_interfaces/include/action_interfaces/msg/detail/bounding_box__rosidl_typesupport_fastrtps_c.h
[7.900s] -- Up-to-date symlink: /home/mo/Thesis/install/action_interfaces/include/action_interfaces/msg/detail/hook__rosidl_typesupport_fastrtps_c.h
[7.901s] -- Up-to-date symlink: /home/mo/Thesis/install/action_interfaces/include/action_interfaces/msg/detail/hook_data__rosidl_typesupport_fastrtps_c.h
[7.901s] -- Up-to-date symlink: /home/mo/Thesis/install/action_interfaces/include/action_interfaces/msg/detail/uv__rosidl_typesupport_fastrtps_c.h
[7.901s] -- Up-to-date symlink: /home/mo/Thesis/install/action_interfaces/include/action_interfaces/msg/rosidl_typesupport_fastrtps_c__visibility_control.h
[7.901s] -- Up-to-date symlink: /home/mo/Thesis/install/action_interfaces/lib/libaction_interfaces__rosidl_typesupport_fastrtps_c.so
[7.902s] -- Up-to-date symlink: /home/mo/Thesis/install/action_interfaces/include/action_interfaces/action/detail/fibonacci__rosidl_typesupport_fastrtps_cpp.hpp
[7.902s] -- Up-to-date symlink: /home/mo/Thesis/install/action_interfaces/include/action_interfaces/action/detail/move_tcp_along_axis__rosidl_typesupport_fastrtps_cpp.hpp
[7.902s] -- Up-to-date symlink: /home/mo/Thesis/install/action_interfaces/include/action_interfaces/msg/detail/bounding_box__rosidl_typesupport_fastrtps_cpp.hpp
[7.903s] -- Up-to-date symlink: /home/mo/Thesis/install/action_interfaces/include/action_interfaces/msg/detail/hook__rosidl_typesupport_fastrtps_cpp.hpp
[7.903s] -- Up-to-date symlink: /home/mo/Thesis/install/action_interfaces/include/action_interfaces/msg/detail/hook_data__rosidl_typesupport_fastrtps_cpp.hpp
[7.903s] -- Up-to-date symlink: /home/mo/Thesis/install/action_interfaces/include/action_interfaces/msg/detail/uv__rosidl_typesupport_fastrtps_cpp.hpp
[7.903s] -- Up-to-date symlink: /home/mo/Thesis/install/action_interfaces/include/action_interfaces/msg/rosidl_typesupport_fastrtps_cpp__visibility_control.h
[7.904s] -- Up-to-date symlink: /home/mo/Thesis/install/action_interfaces/lib/libaction_interfaces__rosidl_typesupport_fastrtps_cpp.so
[7.904s] -- Up-to-date symlink: /home/mo/Thesis/install/action_interfaces/include/action_interfaces/action/detail/fibonacci__rosidl_typesupport_introspection_c.h
[7.904s] -- Up-to-date symlink: /home/mo/Thesis/install/action_interfaces/include/action_interfaces/action/detail/move_tcp_along_axis__rosidl_typesupport_introspection_c.h
[7.904s] -- Up-to-date symlink: /home/mo/Thesis/install/action_interfaces/include/action_interfaces/msg/detail/bounding_box__rosidl_typesupport_introspection_c.h
[7.905s] -- Up-to-date symlink: /home/mo/Thesis/install/action_interfaces/include/action_interfaces/msg/detail/hook__rosidl_typesupport_introspection_c.h
[7.905s] -- Up-to-date symlink: /home/mo/Thesis/install/action_interfaces/include/action_interfaces/msg/detail/hook_data__rosidl_typesupport_introspection_c.h
[7.905s] -- Up-to-date symlink: /home/mo/Thesis/install/action_interfaces/include/action_interfaces/msg/detail/uv__rosidl_typesupport_introspection_c.h
[7.905s] -- Up-to-date symlink: /home/mo/Thesis/install/action_interfaces/include/action_interfaces/msg/rosidl_typesupport_introspection_c__visibility_control.h
[7.906s] -- Up-to-date symlink: /home/mo/Thesis/install/action_interfaces/include/action_interfaces/action/detail/fibonacci__builder.hpp
[7.906s] -- Up-to-date symlink: /home/mo/Thesis/install/action_interfaces/include/action_interfaces/action/detail/fibonacci__struct.hpp
[7.906s] -- Up-to-date symlink: /home/mo/Thesis/install/action_interfaces/include/action_interfaces/action/detail/fibonacci__traits.hpp
[7.906s] -- Up-to-date symlink: /home/mo/Thesis/install/action_interfaces/include/action_interfaces/action/detail/fibonacci__type_support.hpp
[7.907s] -- Up-to-date symlink: /home/mo/Thesis/install/action_interfaces/include/action_interfaces/action/detail/move_tcp_along_axis__builder.hpp
[7.907s] -- Up-to-date symlink: /home/mo/Thesis/install/action_interfaces/include/action_interfaces/action/detail/move_tcp_along_axis__struct.hpp
[7.907s] -- Up-to-date symlink: /home/mo/Thesis/install/action_interfaces/include/action_interfaces/action/detail/move_tcp_along_axis__traits.hpp
[7.907s] -- Up-to-date symlink: /home/mo/Thesis/install/action_interfaces/include/action_interfaces/action/detail/move_tcp_along_axis__type_support.hpp
[7.907s] -- Up-to-date symlink: /home/mo/Thesis/install/action_interfaces/include/action_interfaces/action/fibonacci.hpp
[7.908s] -- Up-to-date symlink: /home/mo/Thesis/install/action_interfaces/include/action_interfaces/action/move_tcp_along_axis.hpp
[7.908s] -- Up-to-date symlink: /home/mo/Thesis/install/action_interfaces/include/action_interfaces/msg/bounding_box.hpp
[7.908s] -- Up-to-date symlink: /home/mo/Thesis/install/action_interfaces/include/action_interfaces/msg/detail/bounding_box__builder.hpp
[7.908s] -- Up-to-date symlink: /home/mo/Thesis/install/action_interfaces/include/action_interfaces/msg/detail/bounding_box__struct.hpp
[7.908s] -- Up-to-date symlink: /home/mo/Thesis/install/action_interfaces/include/action_interfaces/msg/detail/bounding_box__traits.hpp
[7.908s] -- Up-to-date symlink: /home/mo/Thesis/install/action_interfaces/include/action_interfaces/msg/detail/bounding_box__type_support.hpp
[7.909s] -- Up-to-date symlink: /home/mo/Thesis/install/action_interfaces/include/action_interfaces/msg/detail/hook__builder.hpp
[7.909s] -- Up-to-date symlink: /home/mo/Thesis/install/action_interfaces/include/action_interfaces/msg/detail/hook__struct.hpp
[7.909s] -- Up-to-date symlink: /home/mo/Thesis/install/action_interfaces/include/action_interfaces/msg/detail/hook__traits.hpp
[7.909s] -- Up-to-date symlink: /home/mo/Thesis/install/action_interfaces/include/action_interfaces/msg/detail/hook__type_support.hpp
[7.909s] -- Up-to-date symlink: /home/mo/Thesis/install/action_interfaces/include/action_interfaces/msg/detail/hook_data__builder.hpp
[7.909s] -- Up-to-date symlink: /home/mo/Thesis/install/action_interfaces/include/action_interfaces/msg/detail/hook_data__struct.hpp
[7.910s] -- Up-to-date symlink: /home/mo/Thesis/install/action_interfaces/include/action_interfaces/msg/detail/hook_data__traits.hpp
[7.910s] -- Up-to-date symlink: /home/mo/Thesis/install/action_interfaces/include/action_interfaces/msg/detail/hook_data__type_support.hpp
[7.910s] -- Up-to-date symlink: /home/mo/Thesis/install/action_interfaces/include/action_interfaces/msg/detail/uv__builder.hpp
[7.910s] -- Up-to-date symlink: /home/mo/Thesis/install/action_interfaces/include/action_interfaces/msg/detail/uv__struct.hpp
[7.910s] -- Up-to-date symlink: /home/mo/Thesis/install/action_interfaces/include/action_interfaces/msg/detail/uv__traits.hpp
[7.911s] -- Up-to-date symlink: /home/mo/Thesis/install/action_interfaces/include/action_interfaces/msg/detail/uv__type_support.hpp
[7.911s] -- Up-to-date symlink: /home/mo/Thesis/install/action_interfaces/include/action_interfaces/msg/hook.hpp
[7.911s] -- Up-to-date symlink: /home/mo/Thesis/install/action_interfaces/include/action_interfaces/msg/hook_data.hpp
[7.911s] -- Up-to-date symlink: /home/mo/Thesis/install/action_interfaces/include/action_interfaces/msg/rosidl_generator_cpp__visibility_control.hpp
[7.911s] -- Up-to-date symlink: /home/mo/Thesis/install/action_interfaces/include/action_interfaces/msg/uv.hpp
[7.912s] -- Up-to-date symlink: /home/mo/Thesis/install/action_interfaces/include/action_interfaces/action/detail/fibonacci__rosidl_typesupport_introspection_cpp.hpp
[7.912s] -- Up-to-date symlink: /home/mo/Thesis/install/action_interfaces/include/action_interfaces/action/detail/move_tcp_along_axis__rosidl_typesupport_introspection_cpp.hpp
[7.912s] -- Up-to-date symlink: /home/mo/Thesis/install/action_interfaces/include/action_interfaces/msg/detail/bounding_box__rosidl_typesupport_introspection_cpp.hpp
[7.912s] -- Up-to-date symlink: /home/mo/Thesis/install/action_interfaces/include/action_interfaces/msg/detail/hook__rosidl_typesupport_introspection_cpp.hpp
[7.912s] -- Up-to-date symlink: /home/mo/Thesis/install/action_interfaces/include/action_interfaces/msg/detail/hook_data__rosidl_typesupport_introspection_cpp.hpp
[7.913s] -- Up-to-date symlink: /home/mo/Thesis/install/action_interfaces/include/action_interfaces/msg/detail/uv__rosidl_typesupport_introspection_cpp.hpp
[7.913s] -- Up-to-date symlink: /home/mo/Thesis/install/action_interfaces/share/action_interfaces/environment/pythonpath.sh
[7.913s] -- Up-to-date symlink: /home/mo/Thesis/install/action_interfaces/share/action_interfaces/environment/pythonpath.dsv
[7.913s] -- Up-to-date symlink: /home/mo/Thesis/install/action_interfaces/lib/python3.8/site-packages/action_interfaces/__init__.py
[7.914s] -- Up-to-date symlink: /home/mo/Thesis/install/action_interfaces/lib/python3.8/site-packages/action_interfaces/action/__init__.py
[7.914s] -- Up-to-date symlink: /home/mo/Thesis/install/action_interfaces/lib/python3.8/site-packages/action_interfaces/action/_fibonacci.py
[7.914s] -- Up-to-date symlink: /home/mo/Thesis/install/action_interfaces/lib/python3.8/site-packages/action_interfaces/action/_move_tcp_along_axis.py
[7.915s] -- Up-to-date symlink: /home/mo/Thesis/install/action_interfaces/lib/python3.8/site-packages/action_interfaces/msg/__init__.py
[7.915s] -- Up-to-date symlink: /home/mo/Thesis/install/action_interfaces/lib/python3.8/site-packages/action_interfaces/msg/_bounding_box.py
[7.915s] -- Up-to-date symlink: /home/mo/Thesis/install/action_interfaces/lib/python3.8/site-packages/action_interfaces/msg/_hook.py
[7.915s] -- Up-to-date symlink: /home/mo/Thesis/install/action_interfaces/lib/python3.8/site-packages/action_interfaces/msg/_hook_data.py
[7.915s] -- Up-to-date symlink: /home/mo/Thesis/install/action_interfaces/lib/python3.8/site-packages/action_interfaces/msg/_uv.py
[7.916s] -- Up-to-date symlink: /home/mo/Thesis/install/action_interfaces/lib/python3.8/site-packages/action_interfaces/action_interfaces_s__rosidl_typesupport_fastrtps_c.cpython-38-x86_64-linux-gnu.so
[7.916s] -- Up-to-date symlink: /home/mo/Thesis/install/action_interfaces/lib/python3.8/site-packages/action_interfaces/action_interfaces_s__rosidl_typesupport_introspection_c.cpython-38-x86_64-linux-gnu.so
[7.916s] -- Up-to-date symlink: /home/mo/Thesis/install/action_interfaces/lib/python3.8/site-packages/action_interfaces/action_interfaces_s__rosidl_typesupport_c.cpython-38-x86_64-linux-gnu.so
[7.917s] -- Up-to-date symlink: /home/mo/Thesis/install/action_interfaces/lib/libaction_interfaces__python.so
[7.917s] -- Up-to-date symlink: /home/mo/Thesis/install/action_interfaces/share/action_interfaces/action/Fibonacci.idl
[7.917s] -- Up-to-date symlink: /home/mo/Thesis/install/action_interfaces/share/action_interfaces/action/MoveTcpAlongAxis.idl
[7.918s] -- Up-to-date symlink: /home/mo/Thesis/install/action_interfaces/share/action_interfaces/msg/BoundingBox.idl
[7.918s] -- Up-to-date symlink: /home/mo/Thesis/install/action_interfaces/share/action_interfaces/msg/Hook.idl
[7.918s] -- Up-to-date symlink: /home/mo/Thesis/install/action_interfaces/share/action_interfaces/msg/HookData.idl
[7.918s] -- Up-to-date symlink: /home/mo/Thesis/install/action_interfaces/share/action_interfaces/msg/UV.idl
[7.919s] -- Up-to-date symlink: /home/mo/Thesis/install/action_interfaces/share/action_interfaces/action/Fibonacci.action
[7.919s] -- Up-to-date symlink: /home/mo/Thesis/install/action_interfaces/share/action_interfaces/action/MoveTcpAlongAxis.action
[7.919s] -- Up-to-date symlink: /home/mo/Thesis/install/action_interfaces/share/action_interfaces/msg/BoundingBox.msg
[7.919s] -- Up-to-date symlink: /home/mo/Thesis/install/action_interfaces/share/action_interfaces/msg/Hook.msg
[7.920s] -- Up-to-date symlink: /home/mo/Thesis/install/action_interfaces/share/action_interfaces/msg/HookData.msg
[7.920s] -- Up-to-date symlink: /home/mo/Thesis/install/action_interfaces/share/action_interfaces/msg/UV.msg
[7.920s] -- Up-to-date symlink: /home/mo/Thesis/install/action_interfaces/share/ament_index/resource_index/package_run_dependencies/action_interfaces
[7.920s] -- Up-to-date symlink: /home/mo/Thesis/install/action_interfaces/share/ament_index/resource_index/parent_prefix_path/action_interfaces
[7.921s] -- Up-to-date symlink: /home/mo/Thesis/install/action_interfaces/share/action_interfaces/environment/ament_prefix_path.sh
[7.921s] -- Up-to-date symlink: /home/mo/Thesis/install/action_interfaces/share/action_interfaces/environment/ament_prefix_path.dsv
[7.921s] -- Up-to-date symlink: /home/mo/Thesis/install/action_interfaces/share/action_interfaces/environment/path.sh
[7.921s] -- Up-to-date symlink: /home/mo/Thesis/install/action_interfaces/share/action_interfaces/environment/path.dsv
[7.922s] -- Up-to-date symlink: /home/mo/Thesis/install/action_interfaces/share/action_interfaces/local_setup.bash
[7.922s] -- Up-to-date symlink: /home/mo/Thesis/install/action_interfaces/share/action_interfaces/local_setup.sh
[7.922s] -- Up-to-date symlink: /home/mo/Thesis/install/action_interfaces/share/action_interfaces/local_setup.zsh
[7.922s] -- Up-to-date symlink: /home/mo/Thesis/install/action_interfaces/share/action_interfaces/local_setup.dsv
[7.923s] -- Symlinking: /home/mo/Thesis/install/action_interfaces/share/action_interfaces/package.dsv
[7.936s] -- Up-to-date symlink: /home/mo/Thesis/install/action_interfaces/share/ament_index/resource_index/packages/action_interfaces
[7.936s] -- Up-to-date symlink: /home/mo/Thesis/install/action_interfaces/share/action_interfaces/cmake/rosidl_cmake-extras.cmake
[7.936s] -- Up-to-date symlink: /home/mo/Thesis/install/action_interfaces/share/action_interfaces/cmake/ament_cmake_export_dependencies-extras.cmake
[7.937s] -- Up-to-date symlink: /home/mo/Thesis/install/action_interfaces/share/action_interfaces/cmake/ament_cmake_export_libraries-extras.cmake
[7.937s] -- Up-to-date symlink: /home/mo/Thesis/install/action_interfaces/share/action_interfaces/cmake/ament_cmake_export_targets-extras.cmake
[7.938s] -- Up-to-date symlink: /home/mo/Thesis/install/action_interfaces/share/action_interfaces/cmake/ament_cmake_export_include_directories-extras.cmake
[7.938s] -- Up-to-date symlink: /home/mo/Thesis/install/action_interfaces/share/action_interfaces/cmake/rosidl_cmake_export_typesupport_libraries-extras.cmake
[7.939s] -- Up-to-date symlink: /home/mo/Thesis/install/action_interfaces/share/action_interfaces/cmake/rosidl_cmake_export_typesupport_targets-extras.cmake
[7.939s] -- Up-to-date symlink: /home/mo/Thesis/install/action_interfaces/share/action_interfaces/cmake/action_interfacesConfig.cmake
[7.940s] -- Up-to-date symlink: /home/mo/Thesis/install/action_interfaces/share/action_interfaces/cmake/action_interfacesConfig-version.cmake
[7.940s] -- Up-to-date symlink: /home/mo/Thesis/install/action_interfaces/share/action_interfaces/package.xml
[7.941s] -- Installing: /home/mo/Thesis/install/action_interfaces/lib/libaction_interfaces__rosidl_generator_c.so
[7.942s] -- Set runtime path of "/home/mo/Thesis/install/action_interfaces/lib/libaction_interfaces__rosidl_generator_c.so" to ""
[7.942s] -- Installing: /home/mo/Thesis/install/action_interfaces/lib/libaction_interfaces__rosidl_typesupport_introspection_c.so
[7.943s] -- Set runtime path of "/home/mo/Thesis/install/action_interfaces/lib/libaction_interfaces__rosidl_typesupport_introspection_c.so" to ""
[7.943s] -- Installing: /home/mo/Thesis/install/action_interfaces/lib/libaction_interfaces__rosidl_typesupport_c.so
[7.944s] -- Set runtime path of "/home/mo/Thesis/install/action_interfaces/lib/libaction_interfaces__rosidl_typesupport_c.so" to ""
[7.944s] -- Installing: /home/mo/Thesis/install/action_interfaces/lib/libaction_interfaces__rosidl_typesupport_introspection_cpp.so
[7.945s] -- Set runtime path of "/home/mo/Thesis/install/action_interfaces/lib/libaction_interfaces__rosidl_typesupport_introspection_cpp.so" to ""
[7.945s] -- Installing: /home/mo/Thesis/install/action_interfaces/lib/libaction_interfaces__rosidl_typesupport_cpp.so
[7.945s] -- Set runtime path of "/home/mo/Thesis/install/action_interfaces/lib/libaction_interfaces__rosidl_typesupport_cpp.so" to ""
[7.985s] Compiling '/home/mo/Thesis/install/action_interfaces/lib/python3.8/site-packages/action_interfaces/__init__.py'...
[7.988s] -- Up-to-date: /home/mo/Thesis/install/action_interfaces/share/action_interfaces/cmake/action_interfaces__rosidl_generator_cExport.cmake
[7.988s] -- Installing: /home/mo/Thesis/install/action_interfaces/share/action_interfaces/cmake/action_interfaces__rosidl_generator_cExport-noconfig.cmake
[7.989s] -- Up-to-date: /home/mo/Thesis/install/action_interfaces/share/action_interfaces/cmake/action_interfaces__rosidl_typesupport_introspection_cExport.cmake
[7.989s] -- Installing: /home/mo/Thesis/install/action_interfaces/share/action_interfaces/cmake/action_interfaces__rosidl_typesupport_introspection_cExport-noconfig.cmake
[7.989s] -- Up-to-date: /home/mo/Thesis/install/action_interfaces/share/action_interfaces/cmake/action_interfaces__rosidl_typesupport_cExport.cmake
[7.989s] -- Installing: /home/mo/Thesis/install/action_interfaces/share/action_interfaces/cmake/action_interfaces__rosidl_typesupport_cExport-noconfig.cmake
[7.990s] -- Up-to-date: /home/mo/Thesis/install/action_interfaces/share/action_interfaces/cmake/action_interfaces__rosidl_generator_cppExport.cmake
[7.990s] -- Up-to-date: /home/mo/Thesis/install/action_interfaces/share/action_interfaces/cmake/action_interfaces__rosidl_typesupport_introspection_cppExport.cmake
[7.990s] -- Installing: /home/mo/Thesis/install/action_interfaces/share/action_interfaces/cmake/action_interfaces__rosidl_typesupport_introspection_cppExport-noconfig.cmake
[7.990s] -- Up-to-date: /home/mo/Thesis/install/action_interfaces/share/action_interfaces/cmake/action_interfaces__rosidl_typesupport_cppExport.cmake
[7.991s] -- Installing: /home/mo/Thesis/install/action_interfaces/share/action_interfaces/cmake/action_interfaces__rosidl_typesupport_cppExport-noconfig.cmake
[7.994s] Invoked command in '/home/mo/Thesis/build/action_interfaces' returned '0': CMAKE_PREFIX_PATH=${CMAKE_PREFIX_PATH}:/home/mo/Thesis/install/vision:/home/mo/Thesis/install/vcnanoz:/home/mo/Thesis/install/sensopart_visor:/home/mo/Thesis/install/robot_control:/home/mo/Thesis/install/kr_example_python:/home/mo/Thesis/install/bt_pkg:/home/mo/Thesis/install/action_servers:/opt/ros/foxy /usr/bin/cmake --install /home/mo/Thesis/build/action_interfaces
