[1.723s] Invoking command in '/home/mo/Thesis/src/vision': PYTHONPATH=/home/mo/Thesis/build/vision/prefix_override:/usr/lib/python3/dist-packages/colcon_core/task/python/colcon_distutils_commands:/home/mo/Thesis/install/vision/lib/python3.8/site-packages:${PYTHONPATH} /usr/bin/python3 -W ignore:setup.py install is deprecated -W ignore:easy_install command is deprecated setup.py egg_info --egg-base ../../build/vision build --build-base /home/mo/Thesis/build/vision/build install --record /home/mo/Thesis/build/vision/install.log --single-version-externally-managed install_data
[2.028s] running egg_info
[2.052s] writing ../../build/vision/vision.egg-info/PKG-INFO
[2.054s] writing dependency_links to ../../build/vision/vision.egg-info/dependency_links.txt
[2.055s] writing entry points to ../../build/vision/vision.egg-info/entry_points.txt
[2.056s] writing requirements to ../../build/vision/vision.egg-info/requires.txt
[2.056s] writing top-level names to ../../build/vision/vision.egg-info/top_level.txt
[2.245s] reading manifest file '../../build/vision/vision.egg-info/SOURCES.txt'
[2.247s] writing manifest file '../../build/vision/vision.egg-info/SOURCES.txt'
[2.247s] running build
[2.247s] running build_py
[2.247s] copying vision/point_finder_3d.py -> /home/mo/Thesis/build/vision/build/lib/vision
[2.248s] copying vision/light_controller.py -> /home/mo/Thesis/build/vision/build/lib/vision
[2.248s] copying vision/image_receiver.py -> /home/mo/Thesis/build/vision/build/lib/vision
[2.248s] copying vision/OLD_process_nn_output.py -> /home/mo/Thesis/build/vision/build/lib/vision
[2.248s] copying vision/vc_startup.py -> /home/mo/Thesis/build/vision/build/lib/vision
[2.249s] copying vision/img_filters.py -> /home/mo/Thesis/build/vision/build/lib/vision
[2.249s] copying vision/point_finder_2d.py -> /home/mo/Thesis/build/vision/build/lib/vision
[2.249s] copying vision/maskrcnn_inference.py -> /home/mo/Thesis/build/vision/build/lib/vision
[2.249s] copying vision/calibration.py -> /home/mo/Thesis/build/vision/build/lib/vision
[2.249s] copying vision/yolov8_inference.py -> /home/mo/Thesis/build/vision/build/lib/vision
[2.250s] copying vision/OLD_nn_output_processor.py -> /home/mo/Thesis/build/vision/build/lib/vision
[2.250s] copying vision/hook_detector.py -> /home/mo/Thesis/build/vision/build/lib/vision
[2.250s] copying vision/__init__.py -> /home/mo/Thesis/build/vision/build/lib/vision
[2.250s] copying vision/test_node.py -> /home/mo/Thesis/build/vision/build/lib/vision
[2.251s] copying FC_vision/FC_lowpass_filter.py -> /home/mo/Thesis/build/vision/build/lib/FC_vision
[2.251s] copying FC_vision/FC_ema_filter.py -> /home/mo/Thesis/build/vision/build/lib/FC_vision
[2.251s] copying FC_vision/FC_moving_avg_filter.py -> /home/mo/Thesis/build/vision/build/lib/FC_vision
[2.252s] copying FC_vision/__init__.py -> /home/mo/Thesis/build/vision/build/lib/FC_vision
[2.252s] copying FC_vision/FC_iir_buttoworth_filter.py -> /home/mo/Thesis/build/vision/build/lib/FC_vision
[2.253s] running install
[2.257s] running install_lib
[2.281s] running install_data
[2.282s] copying resource/vision -> /home/mo/Thesis/install/vision/share/ament_index/resource_index/packages
[2.282s] copying package.xml -> /home/mo/Thesis/install/vision/share/vision
[2.282s] running install_egg_info
[2.310s] removing '/home/mo/Thesis/install/vision/lib/python3.8/site-packages/vision-0.0.0-py3.8.egg-info' (and everything under it)
[2.310s] Copying ../../build/vision/vision.egg-info to /home/mo/Thesis/install/vision/lib/python3.8/site-packages/vision-0.0.0-py3.8.egg-info
[2.312s] running install_scripts
[2.370s] Installing calibration script to /home/mo/Thesis/install/vision/lib/vision
[2.370s] Installing hook_detector script to /home/mo/Thesis/install/vision/lib/vision
[2.370s] Installing image_filters script to /home/mo/Thesis/install/vision/lib/vision
[2.370s] Installing image_receiver script to /home/mo/Thesis/install/vision/lib/vision
[2.370s] Installing light_controller script to /home/mo/Thesis/install/vision/lib/vision
[2.370s] Installing maskrcnn_inference script to /home/mo/Thesis/install/vision/lib/vision
[2.371s] Installing nn_output_processor script to /home/mo/Thesis/install/vision/lib/vision
[2.371s] Installing point_finder_2d script to /home/mo/Thesis/install/vision/lib/vision
[2.371s] Installing point_finder_3d script to /home/mo/Thesis/install/vision/lib/vision
[2.371s] Installing stereo_triangulation script to /home/mo/Thesis/install/vision/lib/vision
[2.371s] Installing stereo_triangulation_with_robot script to /home/mo/Thesis/install/vision/lib/vision
[2.372s] Installing test_node script to /home/mo/Thesis/install/vision/lib/vision
[2.372s] Installing yolov8_inference script to /home/mo/Thesis/install/vision/lib/vision
[2.373s] writing list of installed files to '/home/mo/Thesis/build/vision/install.log'
[2.406s] Invoked command in '/home/mo/Thesis/src/vision' returned '0': PYTHONPATH=/home/mo/Thesis/build/vision/prefix_override:/usr/lib/python3/dist-packages/colcon_core/task/python/colcon_distutils_commands:/home/mo/Thesis/install/vision/lib/python3.8/site-packages:${PYTHONPATH} /usr/bin/python3 -W ignore:setup.py install is deprecated -W ignore:easy_install command is deprecated setup.py egg_info --egg-base ../../build/vision build --build-base /home/mo/Thesis/build/vision/build install --record /home/mo/Thesis/build/vision/install.log --single-version-externally-managed install_data
