[1.447s] Invoking command in '/home/mo/Thesis/build/sensopart_visor': PYTHONPATH=/home/mo/Thesis/build/sensopart_visor/prefix_override:/usr/lib/python3/dist-packages/colcon_core/task/python/colcon_distutils_commands:/home/mo/Thesis/install/sensopart_visor/lib/python3.8/site-packages:${PYTHONPATH} /usr/bin/python3 -W ignore:setup.py install is deprecated -W ignore:easy_install command is deprecated setup.py develop --editable --build-directory /home/mo/Thesis/build/sensopart_visor/build --no-deps symlink_data --force
[1.814s] running develop
[2.092s] running egg_info
[2.112s] writing sensopart_visor.egg-info/PKG-INFO
[2.112s] writing dependency_links to sensopart_visor.egg-info/dependency_links.txt
[2.112s] writing entry points to sensopart_visor.egg-info/entry_points.txt
[2.112s] writing requirements to sensopart_visor.egg-info/requires.txt
[2.113s] writing top-level names to sensopart_visor.egg-info/top_level.txt
[2.156s] reading manifest file 'sensopart_visor.egg-info/SOURCES.txt'
[2.157s] writing manifest file 'sensopart_visor.egg-info/SOURCES.txt'
[2.221s] running build_ext
[2.222s] Creating /home/mo/Thesis/install/sensopart_visor/lib/python3.8/site-packages/sensopart-visor.egg-link (link to .)
[2.222s] Installing visor_shutdown script to /home/mo/Thesis/install/sensopart_visor/lib/sensopart_visor
[2.223s] Installing visor_startup script to /home/mo/Thesis/install/sensopart_visor/lib/sensopart_visor
[2.223s] 
[2.223s] Installed /home/mo/Thesis/build/sensopart_visor
[2.223s] running symlink_data
[2.223s] symbolically linking /home/mo/Thesis/build/sensopart_visor/resource/sensopart_visor -> /home/mo/Thesis/install/sensopart_visor/share/ament_index/resource_index/packages
[2.224s] symbolically linking /home/mo/Thesis/build/sensopart_visor/package.xml -> /home/mo/Thesis/install/sensopart_visor/share/sensopart_visor
[2.270s] Invoked command in '/home/mo/Thesis/build/sensopart_visor' returned '0': PYTHONPATH=/home/mo/Thesis/build/sensopart_visor/prefix_override:/usr/lib/python3/dist-packages/colcon_core/task/python/colcon_distutils_commands:/home/mo/Thesis/install/sensopart_visor/lib/python3.8/site-packages:${PYTHONPATH} /usr/bin/python3 -W ignore:setup.py install is deprecated -W ignore:easy_install command is deprecated setup.py develop --editable --build-directory /home/mo/Thesis/build/sensopart_visor/build --no-deps symlink_data --force
