[0.077s] Invoking command in '/home/vboxuser/Thesis/build/realsense2_camera_msgs': CMAKE_PREFIX_PATH=${CMAKE_PREFIX_PATH}:/home/vboxuser/Thesis/install/vision:/home/vboxuser/Thesis/install/vcnanoz:/home/vboxuser/Thesis/install/sensopart_visor:/home/vboxuser/Thesis/install/robot_control:/home/vboxuser/Thesis/install/kr_example_python:/home/vboxuser/Thesis/install/bt_pkg:/home/vboxuser/Thesis/install/action_servers:/opt/ros/foxy /usr/bin/cmake /home/vboxuser/Thesis/src/realsense-ros/realsense2_camera_msgs -DAMENT_CMAKE_SYMLINK_INSTALL=1 -DCMAKE_INSTALL_PREFIX=/home/vboxuser/Thesis/install/realsense2_camera_msgs
[0.916s] -- The C compiler identification is GNU 9.4.0
[0.916s] -- The CXX compiler identification is GNU 9.4.0
[0.916s] -- Check for working C compiler: /usr/bin/cc
[0.916s] -- Check for working C compiler: /usr/bin/cc -- works
[0.916s] -- Detecting C compiler ABI info
[0.916s] -- Detecting C compiler ABI info - done
[0.916s] -- Detecting C compile features
[0.916s] -- Detecting C compile features - done
[0.916s] -- Check for working CXX compiler: /usr/bin/c++
[0.916s] -- Check for working CXX compiler: /usr/bin/c++ -- works
[0.916s] -- Detecting CXX compiler ABI info
[0.916s] -- Detecting CXX compiler ABI info - done
[0.916s] -- Detecting CXX compile features
[0.916s] -- Detecting CXX compile features - done
[0.916s] -- Found ament_cmake: 0.9.12 (/opt/ros/foxy/share/ament_cmake/cmake)
[0.916s] -- Found PythonInterp: /usr/bin/python3 (found suitable version "3.8.10", minimum required is "3") 
[0.916s] -- Using PYTHON_EXECUTABLE: /usr/bin/python3
[0.953s] -- Override CMake install command with custom implementation using symlinks instead of copying resources
[0.993s] -- Found rosidl_default_generators: 1.0.1 (/opt/ros/foxy/share/rosidl_default_generators/cmake)
[1.001s] -- Using all available rosidl_typesupport_c: rosidl_typesupport_fastrtps_c;rosidl_typesupport_introspection_c
[1.018s] -- Found rosidl_adapter: 1.3.1 (/opt/ros/foxy/share/rosidl_adapter/cmake)
[1.169s] -- Found OpenSSL: /usr/lib/x86_64-linux-gnu/libcrypto.so (found version "1.1.1f")  
[1.218s] -- Found FastRTPS: /opt/ros/foxy/include  
[1.308s] -- Using all available rosidl_typesupport_cpp: rosidl_typesupport_fastrtps_cpp;rosidl_typesupport_introspection_cpp
[1.335s] -- Found builtin_interfaces: 1.0.0 (/opt/ros/foxy/share/builtin_interfaces/cmake)
[1.348s] -- Found std_msgs: 2.0.5 (/opt/ros/foxy/share/std_msgs/cmake)
[1.364s] -- Found sensor_msgs: 2.0.5 (/opt/ros/foxy/share/sensor_msgs/cmake)
[1.519s] -- Found PythonInterp: /usr/bin/python3 (found version "3.8.10") 
[1.757s] -- Found ament_cmake_cppcheck: 0.9.8 (/opt/ros/foxy/share/ament_cmake_cppcheck/cmake)
[1.759s] -- Found ament_cmake_cpplint: 0.9.8 (/opt/ros/foxy/share/ament_cmake_cpplint/cmake)
[1.771s] -- Found ament_cmake_uncrustify: 0.9.8 (/opt/ros/foxy/share/ament_cmake_uncrustify/cmake)
[1.771s] -- Found ament_cmake_ros: 0.9.2 (/opt/ros/foxy/share/ament_cmake_ros/cmake)
[2.137s] -- Using all available rosidl_typesupport_c: rosidl_typesupport_fastrtps_c;rosidl_typesupport_introspection_c
[2.347s] -- Using all available rosidl_typesupport_cpp: rosidl_typesupport_fastrtps_cpp;rosidl_typesupport_introspection_cpp
[2.401s] -- Found PythonInterp: /usr/bin/python3 (found suitable version "3.8.10", minimum required is "3.5") 
[2.402s] -- Found python_cmake_module: 0.8.1 (/opt/ros/foxy/share/python_cmake_module/cmake)
[2.419s] -- Found PythonLibs: /usr/lib/x86_64-linux-gnu/libpython3.8.so (found suitable version "3.8.10", minimum required is "3.5") 
[2.420s] -- Using PYTHON_EXECUTABLE: /usr/bin/python3
[2.420s] -- Using PYTHON_INCLUDE_DIRS: /usr/include/python3.8
[2.420s] -- Using PYTHON_LIBRARIES: /usr/lib/x86_64-linux-gnu/libpython3.8.so
[2.452s] -- Found PythonExtra: .so  
[2.618s] -- Found ament_cmake_flake8: 0.9.8 (/opt/ros/foxy/share/ament_cmake_flake8/cmake)
[2.621s] -- Found ament_cmake_pep257: 0.9.8 (/opt/ros/foxy/share/ament_cmake_pep257/cmake)
[2.637s] -- Configuring done
[2.772s] -- Generating done
[2.776s] -- Build files have been written to: /home/vboxuser/Thesis/build/realsense2_camera_msgs
[2.796s] Invoked command in '/home/vboxuser/Thesis/build/realsense2_camera_msgs' returned '0': CMAKE_PREFIX_PATH=${CMAKE_PREFIX_PATH}:/home/vboxuser/Thesis/install/vision:/home/vboxuser/Thesis/install/vcnanoz:/home/vboxuser/Thesis/install/sensopart_visor:/home/vboxuser/Thesis/install/robot_control:/home/vboxuser/Thesis/install/kr_example_python:/home/vboxuser/Thesis/install/bt_pkg:/home/vboxuser/Thesis/install/action_servers:/opt/ros/foxy /usr/bin/cmake /home/vboxuser/Thesis/src/realsense-ros/realsense2_camera_msgs -DAMENT_CMAKE_SYMLINK_INSTALL=1 -DCMAKE_INSTALL_PREFIX=/home/vboxuser/Thesis/install/realsense2_camera_msgs
[2.797s] Invoking command in '/home/vboxuser/Thesis/build/realsense2_camera_msgs': CMAKE_PREFIX_PATH=${CMAKE_PREFIX_PATH}:/home/vboxuser/Thesis/install/vision:/home/vboxuser/Thesis/install/vcnanoz:/home/vboxuser/Thesis/install/sensopart_visor:/home/vboxuser/Thesis/install/robot_control:/home/vboxuser/Thesis/install/kr_example_python:/home/vboxuser/Thesis/install/bt_pkg:/home/vboxuser/Thesis/install/action_servers:/opt/ros/foxy /usr/bin/cmake --build /home/vboxuser/Thesis/build/realsense2_camera_msgs -- -j8 -l8
[2.926s] [35m[1mScanning dependencies of target realsense2_camera_msgs__cpp[0m
[2.927s] [  1%] [34m[1mGenerating C code for ROS interfaces[0m
[2.937s] [  3%] [34m[1mGenerating C++ code for ROS interfaces[0m
[4.058s] [  3%] Built target realsense2_camera_msgs__cpp
[4.082s] [  4%] [34m[1mGenerating C++ type support dispatch for ROS interfaces[0m
[4.086s] [35m[1mScanning dependencies of target realsense2_camera_msgs__rosidl_generator_c[0m
[4.094s] [  6%] [34m[1mGenerating C++ type support for eProsima Fast-RTPS[0m
[4.162s] [  7%] [32mBuilding C object CMakeFiles/realsense2_camera_msgs__rosidl_generator_c.dir/rosidl_generator_c/realsense2_camera_msgs/msg/detail/metadata__functions.c.o[0m
[4.166s] [  9%] [32mBuilding C object CMakeFiles/realsense2_camera_msgs__rosidl_generator_c.dir/rosidl_generator_c/realsense2_camera_msgs/srv/detail/device_info__functions.c.o[0m
[4.170s] [ 11%] [32mBuilding C object CMakeFiles/realsense2_camera_msgs__rosidl_generator_c.dir/rosidl_generator_c/realsense2_camera_msgs/msg/detail/extrinsics__functions.c.o[0m
[4.184s] [ 12%] [32mBuilding C object CMakeFiles/realsense2_camera_msgs__rosidl_generator_c.dir/rosidl_generator_c/realsense2_camera_msgs/msg/detail/imu_info__functions.c.o[0m
[4.192s] [ 14%] [32mBuilding C object CMakeFiles/realsense2_camera_msgs__rosidl_generator_c.dir/rosidl_generator_c/realsense2_camera_msgs/msg/detail/rgbd__functions.c.o[0m
[4.288s] [ 15%] [34m[1mGenerating C++ introspection for ROS interfaces[0m
[4.331s] [ 17%] [32m[1mLinking C shared library librealsense2_camera_msgs__rosidl_generator_c.so[0m
[4.411s] [ 17%] Built target realsense2_camera_msgs__rosidl_generator_c
[4.424s] [ 19%] [34m[1mGenerating C introspection for ROS interfaces[0m
[4.436s] [ 20%] [34m[1mGenerating C type support dispatch for ROS interfaces[0m
[4.522s] [35m[1mScanning dependencies of target realsense2_camera_msgs__rosidl_typesupport_cpp[0m
[4.552s] [ 22%] [32mBuilding CXX object CMakeFiles/realsense2_camera_msgs__rosidl_typesupport_cpp.dir/rosidl_typesupport_cpp/realsense2_camera_msgs/msg/imu_info__type_support.cpp.o[0m
[4.588s] [ 23%] [32mBuilding CXX object CMakeFiles/realsense2_camera_msgs__rosidl_typesupport_cpp.dir/rosidl_typesupport_cpp/realsense2_camera_msgs/msg/extrinsics__type_support.cpp.o[0m
[4.677s] [ 25%] [32mBuilding CXX object CMakeFiles/realsense2_camera_msgs__rosidl_typesupport_cpp.dir/rosidl_typesupport_cpp/realsense2_camera_msgs/msg/metadata__type_support.cpp.o[0m
[4.808s] [35m[1mScanning dependencies of target realsense2_camera_msgs__rosidl_typesupport_fastrtps_cpp[0m
[4.871s] [ 26%] [32mBuilding CXX object CMakeFiles/realsense2_camera_msgs__rosidl_typesupport_fastrtps_cpp.dir/rosidl_typesupport_fastrtps_cpp/realsense2_camera_msgs/msg/detail/dds_fastrtps/imu_info__type_support.cpp.o[0m
[4.893s] [ 28%] [32mBuilding CXX object CMakeFiles/realsense2_camera_msgs__rosidl_typesupport_cpp.dir/rosidl_typesupport_cpp/realsense2_camera_msgs/srv/device_info__type_support.cpp.o[0m
[4.917s] [35m[1mScanning dependencies of target realsense2_camera_msgs__rosidl_typesupport_c[0m
[4.937s] [35m[1mScanning dependencies of target realsense2_camera_msgs__rosidl_typesupport_introspection_cpp[0m
[4.960s] [ 30%] [32mBuilding CXX object CMakeFiles/realsense2_camera_msgs__rosidl_typesupport_cpp.dir/rosidl_typesupport_cpp/realsense2_camera_msgs/msg/rgbd__type_support.cpp.o[0m
[5.005s] [ 31%] [32mBuilding CXX object CMakeFiles/realsense2_camera_msgs__rosidl_typesupport_c.dir/rosidl_typesupport_c/realsense2_camera_msgs/msg/imu_info__type_support.cpp.o[0m
[5.021s] [ 33%] [32mBuilding CXX object CMakeFiles/realsense2_camera_msgs__rosidl_typesupport_introspection_cpp.dir/rosidl_typesupport_introspection_cpp/realsense2_camera_msgs/msg/detail/imu_info__type_support.cpp.o[0m
[5.042s] [ 34%] [32mBuilding CXX object CMakeFiles/realsense2_camera_msgs__rosidl_typesupport_introspection_cpp.dir/rosidl_typesupport_introspection_cpp/realsense2_camera_msgs/msg/detail/extrinsics__type_support.cpp.o[0m
[5.105s] [ 36%] [32mBuilding CXX object CMakeFiles/realsense2_camera_msgs__rosidl_typesupport_c.dir/rosidl_typesupport_c/realsense2_camera_msgs/msg/extrinsics__type_support.cpp.o[0m
[5.140s] [ 38%] [32mBuilding CXX object CMakeFiles/realsense2_camera_msgs__rosidl_typesupport_fastrtps_cpp.dir/rosidl_typesupport_fastrtps_cpp/realsense2_camera_msgs/msg/detail/dds_fastrtps/extrinsics__type_support.cpp.o[0m
[5.203s] [35m[1mScanning dependencies of target realsense2_camera_msgs__rosidl_typesupport_introspection_c[0m
[5.214s] [ 39%] [32mBuilding CXX object CMakeFiles/realsense2_camera_msgs__rosidl_typesupport_c.dir/rosidl_typesupport_c/realsense2_camera_msgs/msg/metadata__type_support.cpp.o[0m
[5.249s] [ 41%] [32mBuilding C object CMakeFiles/realsense2_camera_msgs__rosidl_typesupport_introspection_c.dir/rosidl_typesupport_introspection_c/realsense2_camera_msgs/msg/detail/imu_info__type_support.c.o[0m
[5.323s] [ 42%] [32mBuilding C object CMakeFiles/realsense2_camera_msgs__rosidl_typesupport_introspection_c.dir/rosidl_typesupport_introspection_c/realsense2_camera_msgs/msg/detail/extrinsics__type_support.c.o[0m
[5.375s] [ 44%] [32mBuilding CXX object CMakeFiles/realsense2_camera_msgs__rosidl_typesupport_fastrtps_cpp.dir/rosidl_typesupport_fastrtps_cpp/realsense2_camera_msgs/msg/detail/dds_fastrtps/metadata__type_support.cpp.o[0m
[5.402s] [ 46%] [32mBuilding CXX object CMakeFiles/realsense2_camera_msgs__rosidl_typesupport_c.dir/rosidl_typesupport_c/realsense2_camera_msgs/msg/rgbd__type_support.cpp.o[0m
[5.455s] [ 47%] [32mBuilding CXX object CMakeFiles/realsense2_camera_msgs__rosidl_typesupport_c.dir/rosidl_typesupport_c/realsense2_camera_msgs/srv/device_info__type_support.cpp.o[0m
[5.465s] [ 49%] [32mBuilding CXX object CMakeFiles/realsense2_camera_msgs__rosidl_typesupport_fastrtps_cpp.dir/rosidl_typesupport_fastrtps_cpp/realsense2_camera_msgs/msg/detail/dds_fastrtps/rgbd__type_support.cpp.o[0m
[5.465s] [ 50%] [32mBuilding CXX object CMakeFiles/realsense2_camera_msgs__rosidl_typesupport_introspection_cpp.dir/rosidl_typesupport_introspection_cpp/realsense2_camera_msgs/msg/detail/metadata__type_support.cpp.o[0m
[5.478s] [ 52%] [32m[1mLinking CXX shared library librealsense2_camera_msgs__rosidl_typesupport_cpp.so[0m
[5.479s] [ 53%] [32mBuilding C object CMakeFiles/realsense2_camera_msgs__rosidl_typesupport_introspection_c.dir/rosidl_typesupport_introspection_c/realsense2_camera_msgs/msg/detail/metadata__type_support.c.o[0m
[5.522s] [ 55%] [32m[1mLinking CXX shared library librealsense2_camera_msgs__rosidl_typesupport_c.so[0m
[5.573s] [ 57%] [32mBuilding C object CMakeFiles/realsense2_camera_msgs__rosidl_typesupport_introspection_c.dir/rosidl_typesupport_introspection_c/realsense2_camera_msgs/msg/detail/rgbd__type_support.c.o[0m
[5.580s] [ 57%] Built target realsense2_camera_msgs__rosidl_typesupport_cpp
[5.592s] [ 57%] Built target realsense2_camera_msgs__rosidl_typesupport_c
[5.610s] [ 58%] [32mBuilding CXX object CMakeFiles/realsense2_camera_msgs__rosidl_typesupport_fastrtps_cpp.dir/rosidl_typesupport_fastrtps_cpp/realsense2_camera_msgs/srv/detail/dds_fastrtps/device_info__type_support.cpp.o[0m
[5.630s] [ 60%] [32mBuilding C object CMakeFiles/realsense2_camera_msgs__rosidl_typesupport_introspection_c.dir/rosidl_typesupport_introspection_c/realsense2_camera_msgs/srv/detail/device_info__type_support.c.o[0m
[5.704s] [ 61%] [32m[1mLinking C shared library librealsense2_camera_msgs__rosidl_typesupport_introspection_c.so[0m
[5.765s] [ 63%] [32mBuilding CXX object CMakeFiles/realsense2_camera_msgs__rosidl_typesupport_introspection_cpp.dir/rosidl_typesupport_introspection_cpp/realsense2_camera_msgs/msg/detail/rgbd__type_support.cpp.o[0m
[5.878s] [ 65%] [32mBuilding CXX object CMakeFiles/realsense2_camera_msgs__rosidl_typesupport_introspection_cpp.dir/rosidl_typesupport_introspection_cpp/realsense2_camera_msgs/srv/detail/device_info__type_support.cpp.o[0m
[5.908s] [ 65%] Built target realsense2_camera_msgs__rosidl_typesupport_introspection_c
[6.141s] [ 66%] [32m[1mLinking CXX shared library librealsense2_camera_msgs__rosidl_typesupport_fastrtps_cpp.so[0m
[6.227s] [ 68%] [32m[1mLinking CXX shared library librealsense2_camera_msgs__rosidl_typesupport_introspection_cpp.so[0m
[6.256s] [ 68%] Built target realsense2_camera_msgs__rosidl_typesupport_fastrtps_cpp
[6.274s] [ 69%] [34m[1mGenerating C type support for eProsima Fast-RTPS[0m
[6.377s] [ 69%] Built target realsense2_camera_msgs__rosidl_typesupport_introspection_cpp
[6.690s] [35m[1mScanning dependencies of target realsense2_camera_msgs__rosidl_typesupport_fastrtps_c[0m
[6.725s] [ 71%] [32mBuilding CXX object CMakeFiles/realsense2_camera_msgs__rosidl_typesupport_fastrtps_c.dir/rosidl_typesupport_fastrtps_c/realsense2_camera_msgs/msg/detail/imu_info__type_support_c.cpp.o[0m
[6.725s] [ 73%] [32mBuilding CXX object CMakeFiles/realsense2_camera_msgs__rosidl_typesupport_fastrtps_c.dir/rosidl_typesupport_fastrtps_c/realsense2_camera_msgs/msg/detail/metadata__type_support_c.cpp.o[0m
[6.727s] [ 74%] [32mBuilding CXX object CMakeFiles/realsense2_camera_msgs__rosidl_typesupport_fastrtps_c.dir/rosidl_typesupport_fastrtps_c/realsense2_camera_msgs/msg/detail/extrinsics__type_support_c.cpp.o[0m
[6.728s] [ 76%] [32mBuilding CXX object CMakeFiles/realsense2_camera_msgs__rosidl_typesupport_fastrtps_c.dir/rosidl_typesupport_fastrtps_c/realsense2_camera_msgs/msg/detail/rgbd__type_support_c.cpp.o[0m
[6.740s] [ 77%] [32mBuilding CXX object CMakeFiles/realsense2_camera_msgs__rosidl_typesupport_fastrtps_c.dir/rosidl_typesupport_fastrtps_c/realsense2_camera_msgs/srv/detail/device_info__type_support_c.cpp.o[0m
[7.227s] [ 79%] [32m[1mLinking CXX shared library librealsense2_camera_msgs__rosidl_typesupport_fastrtps_c.so[0m
[7.344s] [ 79%] Built target realsense2_camera_msgs__rosidl_typesupport_fastrtps_c
[7.357s] [35m[1mScanning dependencies of target realsense2_camera_msgs[0m
[7.372s] [ 79%] Built target realsense2_camera_msgs
[7.386s] [35m[1mScanning dependencies of target realsense2_camera_msgs__py[0m
[7.402s] [ 80%] [34m[1mGenerating Python code for ROS interfaces[0m
[8.225s] [ 80%] Built target realsense2_camera_msgs__py
[8.237s] [35m[1mScanning dependencies of target realsense2_camera_msgs__python[0m
[8.271s] [ 82%] [32mBuilding C object CMakeFiles/realsense2_camera_msgs__python.dir/rosidl_generator_py/realsense2_camera_msgs/msg/_imu_info_s.c.o[0m
[8.271s] [ 84%] [32mBuilding C object CMakeFiles/realsense2_camera_msgs__python.dir/rosidl_generator_py/realsense2_camera_msgs/msg/_metadata_s.c.o[0m
[8.272s] [ 85%] [32mBuilding C object CMakeFiles/realsense2_camera_msgs__python.dir/rosidl_generator_py/realsense2_camera_msgs/msg/_extrinsics_s.c.o[0m
[8.277s] [ 87%] [32mBuilding C object CMakeFiles/realsense2_camera_msgs__python.dir/rosidl_generator_py/realsense2_camera_msgs/srv/_device_info_s.c.o[0m
[8.334s] [ 88%] [32mBuilding C object CMakeFiles/realsense2_camera_msgs__python.dir/rosidl_generator_py/realsense2_camera_msgs/msg/_rgbd_s.c.o[0m
[8.442s] [ 90%] [32m[1mLinking C shared library rosidl_generator_py/realsense2_camera_msgs/librealsense2_camera_msgs__python.so[0m
[8.496s] [ 90%] Built target realsense2_camera_msgs__python
[8.509s] [35m[1mScanning dependencies of target realsense2_camera_msgs__rosidl_typesupport_introspection_c__pyext[0m
[8.509s] [35m[1mScanning dependencies of target realsense2_camera_msgs__rosidl_typesupport_fastrtps_c__pyext[0m
[8.512s] [35m[1mScanning dependencies of target realsense2_camera_msgs__rosidl_typesupport_c__pyext[0m
[8.544s] [ 92%] [32mBuilding C object CMakeFiles/realsense2_camera_msgs__rosidl_typesupport_introspection_c__pyext.dir/rosidl_generator_py/realsense2_camera_msgs/_realsense2_camera_msgs_s.ep.rosidl_typesupport_introspection_c.c.o[0m
[8.557s] [ 93%] [32mBuilding C object CMakeFiles/realsense2_camera_msgs__rosidl_typesupport_fastrtps_c__pyext.dir/rosidl_generator_py/realsense2_camera_msgs/_realsense2_camera_msgs_s.ep.rosidl_typesupport_fastrtps_c.c.o[0m
[8.588s] [ 95%] [32mBuilding C object CMakeFiles/realsense2_camera_msgs__rosidl_typesupport_c__pyext.dir/rosidl_generator_py/realsense2_camera_msgs/_realsense2_camera_msgs_s.ep.rosidl_typesupport_c.c.o[0m
[8.706s] [ 96%] [32m[1mLinking CXX shared library rosidl_generator_py/realsense2_camera_msgs/realsense2_camera_msgs_s__rosidl_typesupport_fastrtps_c.cpython-38-x86_64-linux-gnu.so[0m
[8.713s] [ 98%] [32m[1mLinking C shared library rosidl_generator_py/realsense2_camera_msgs/realsense2_camera_msgs_s__rosidl_typesupport_introspection_c.cpython-38-x86_64-linux-gnu.so[0m
[8.760s] [100%] [32m[1mLinking C shared library rosidl_generator_py/realsense2_camera_msgs/realsense2_camera_msgs_s__rosidl_typesupport_c.cpython-38-x86_64-linux-gnu.so[0m
[8.785s] [100%] Built target realsense2_camera_msgs__rosidl_typesupport_introspection_c__pyext
[8.810s] [100%] Built target realsense2_camera_msgs__rosidl_typesupport_fastrtps_c__pyext
[8.833s] [100%] Built target realsense2_camera_msgs__rosidl_typesupport_c__pyext
[8.860s] Invoked command in '/home/vboxuser/Thesis/build/realsense2_camera_msgs' returned '0': CMAKE_PREFIX_PATH=${CMAKE_PREFIX_PATH}:/home/vboxuser/Thesis/install/vision:/home/vboxuser/Thesis/install/vcnanoz:/home/vboxuser/Thesis/install/sensopart_visor:/home/vboxuser/Thesis/install/robot_control:/home/vboxuser/Thesis/install/kr_example_python:/home/vboxuser/Thesis/install/bt_pkg:/home/vboxuser/Thesis/install/action_servers:/opt/ros/foxy /usr/bin/cmake --build /home/vboxuser/Thesis/build/realsense2_camera_msgs -- -j8 -l8
[9.213s] Invoking command in '/home/vboxuser/Thesis/build/realsense2_camera_msgs': CMAKE_PREFIX_PATH=${CMAKE_PREFIX_PATH}:/home/vboxuser/Thesis/install/vision:/home/vboxuser/Thesis/install/vcnanoz:/home/vboxuser/Thesis/install/sensopart_visor:/home/vboxuser/Thesis/install/robot_control:/home/vboxuser/Thesis/install/kr_example_python:/home/vboxuser/Thesis/install/bt_pkg:/home/vboxuser/Thesis/install/action_servers:/opt/ros/foxy /usr/bin/cmake --install /home/vboxuser/Thesis/build/realsense2_camera_msgs
[9.230s] -- Install configuration: ""
[9.231s] -- Execute custom install script
[9.233s] -- Symlinking: /home/vboxuser/Thesis/install/realsense2_camera_msgs/share/ament_index/resource_index/rosidl_interfaces/realsense2_camera_msgs
[9.257s] -- Symlinking: /home/vboxuser/Thesis/install/realsense2_camera_msgs/include/realsense2_camera_msgs/msg/detail/extrinsics__functions.h
[9.273s] -- Symlinking: /home/vboxuser/Thesis/install/realsense2_camera_msgs/include/realsense2_camera_msgs/msg/detail/extrinsics__struct.h
[9.281s] -- Symlinking: /home/vboxuser/Thesis/install/realsense2_camera_msgs/include/realsense2_camera_msgs/msg/detail/extrinsics__type_support.h
[9.294s] -- Symlinking: /home/vboxuser/Thesis/install/realsense2_camera_msgs/include/realsense2_camera_msgs/msg/detail/imu_info__functions.h
[9.306s] -- Symlinking: /home/vboxuser/Thesis/install/realsense2_camera_msgs/include/realsense2_camera_msgs/msg/detail/imu_info__struct.h
[9.318s] -- Symlinking: /home/vboxuser/Thesis/install/realsense2_camera_msgs/include/realsense2_camera_msgs/msg/detail/imu_info__type_support.h
[9.334s] -- Symlinking: /home/vboxuser/Thesis/install/realsense2_camera_msgs/include/realsense2_camera_msgs/msg/detail/metadata__functions.h
[9.350s] -- Symlinking: /home/vboxuser/Thesis/install/realsense2_camera_msgs/include/realsense2_camera_msgs/msg/detail/metadata__struct.h
[9.363s] -- Symlinking: /home/vboxuser/Thesis/install/realsense2_camera_msgs/include/realsense2_camera_msgs/msg/detail/metadata__type_support.h
[9.377s] -- Symlinking: /home/vboxuser/Thesis/install/realsense2_camera_msgs/include/realsense2_camera_msgs/msg/detail/rgbd__functions.h
[9.391s] -- Symlinking: /home/vboxuser/Thesis/install/realsense2_camera_msgs/include/realsense2_camera_msgs/msg/detail/rgbd__struct.h
[9.405s] -- Symlinking: /home/vboxuser/Thesis/install/realsense2_camera_msgs/include/realsense2_camera_msgs/msg/detail/rgbd__type_support.h
[9.420s] -- Symlinking: /home/vboxuser/Thesis/install/realsense2_camera_msgs/include/realsense2_camera_msgs/msg/extrinsics.h
[9.435s] -- Symlinking: /home/vboxuser/Thesis/install/realsense2_camera_msgs/include/realsense2_camera_msgs/msg/imu_info.h
[9.452s] -- Symlinking: /home/vboxuser/Thesis/install/realsense2_camera_msgs/include/realsense2_camera_msgs/msg/metadata.h
[9.463s] -- Symlinking: /home/vboxuser/Thesis/install/realsense2_camera_msgs/include/realsense2_camera_msgs/msg/rgbd.h
[9.480s] -- Symlinking: /home/vboxuser/Thesis/install/realsense2_camera_msgs/include/realsense2_camera_msgs/msg/rosidl_generator_c__visibility_control.h
[9.490s] -- Symlinking: /home/vboxuser/Thesis/install/realsense2_camera_msgs/include/realsense2_camera_msgs/srv/detail/device_info__functions.h
[9.508s] -- Symlinking: /home/vboxuser/Thesis/install/realsense2_camera_msgs/include/realsense2_camera_msgs/srv/detail/device_info__struct.h
[9.527s] -- Symlinking: /home/vboxuser/Thesis/install/realsense2_camera_msgs/include/realsense2_camera_msgs/srv/detail/device_info__type_support.h
[9.547s] -- Symlinking: /home/vboxuser/Thesis/install/realsense2_camera_msgs/include/realsense2_camera_msgs/srv/device_info.h
[9.559s] -- Symlinking: /home/vboxuser/Thesis/install/realsense2_camera_msgs/share/realsense2_camera_msgs/environment/library_path.sh
[9.575s] -- Symlinking: /home/vboxuser/Thesis/install/realsense2_camera_msgs/share/realsense2_camera_msgs/environment/library_path.dsv
[9.589s] -- Symlinking: /home/vboxuser/Thesis/install/realsense2_camera_msgs/include/realsense2_camera_msgs/msg/detail/extrinsics__rosidl_typesupport_fastrtps_c.h
[9.605s] -- Symlinking: /home/vboxuser/Thesis/install/realsense2_camera_msgs/include/realsense2_camera_msgs/msg/detail/imu_info__rosidl_typesupport_fastrtps_c.h
[9.618s] -- Symlinking: /home/vboxuser/Thesis/install/realsense2_camera_msgs/include/realsense2_camera_msgs/msg/detail/metadata__rosidl_typesupport_fastrtps_c.h
[9.635s] -- Symlinking: /home/vboxuser/Thesis/install/realsense2_camera_msgs/include/realsense2_camera_msgs/msg/detail/rgbd__rosidl_typesupport_fastrtps_c.h
[9.651s] -- Symlinking: /home/vboxuser/Thesis/install/realsense2_camera_msgs/include/realsense2_camera_msgs/msg/rosidl_typesupport_fastrtps_c__visibility_control.h
[9.674s] -- Symlinking: /home/vboxuser/Thesis/install/realsense2_camera_msgs/include/realsense2_camera_msgs/srv/detail/device_info__rosidl_typesupport_fastrtps_c.h
[9.699s] -- Symlinking: /home/vboxuser/Thesis/install/realsense2_camera_msgs/lib/librealsense2_camera_msgs__rosidl_typesupport_fastrtps_c.so
[9.715s] -- Symlinking: /home/vboxuser/Thesis/install/realsense2_camera_msgs/include/realsense2_camera_msgs/msg/detail/extrinsics__rosidl_typesupport_fastrtps_cpp.hpp
[9.730s] -- Symlinking: /home/vboxuser/Thesis/install/realsense2_camera_msgs/include/realsense2_camera_msgs/msg/detail/imu_info__rosidl_typesupport_fastrtps_cpp.hpp
[9.743s] -- Symlinking: /home/vboxuser/Thesis/install/realsense2_camera_msgs/include/realsense2_camera_msgs/msg/detail/metadata__rosidl_typesupport_fastrtps_cpp.hpp
[9.757s] -- Symlinking: /home/vboxuser/Thesis/install/realsense2_camera_msgs/include/realsense2_camera_msgs/msg/detail/rgbd__rosidl_typesupport_fastrtps_cpp.hpp
[9.775s] -- Symlinking: /home/vboxuser/Thesis/install/realsense2_camera_msgs/include/realsense2_camera_msgs/msg/rosidl_typesupport_fastrtps_cpp__visibility_control.h
[9.792s] -- Symlinking: /home/vboxuser/Thesis/install/realsense2_camera_msgs/include/realsense2_camera_msgs/srv/detail/device_info__rosidl_typesupport_fastrtps_cpp.hpp
[9.806s] -- Symlinking: /home/vboxuser/Thesis/install/realsense2_camera_msgs/lib/librealsense2_camera_msgs__rosidl_typesupport_fastrtps_cpp.so
[9.821s] -- Symlinking: /home/vboxuser/Thesis/install/realsense2_camera_msgs/include/realsense2_camera_msgs/msg/detail/extrinsics__rosidl_typesupport_introspection_c.h
[9.838s] -- Symlinking: /home/vboxuser/Thesis/install/realsense2_camera_msgs/include/realsense2_camera_msgs/msg/detail/imu_info__rosidl_typesupport_introspection_c.h
[9.854s] -- Symlinking: /home/vboxuser/Thesis/install/realsense2_camera_msgs/include/realsense2_camera_msgs/msg/detail/metadata__rosidl_typesupport_introspection_c.h
[9.872s] -- Symlinking: /home/vboxuser/Thesis/install/realsense2_camera_msgs/include/realsense2_camera_msgs/msg/detail/rgbd__rosidl_typesupport_introspection_c.h
[9.886s] -- Symlinking: /home/vboxuser/Thesis/install/realsense2_camera_msgs/include/realsense2_camera_msgs/msg/rosidl_typesupport_introspection_c__visibility_control.h
[9.906s] -- Symlinking: /home/vboxuser/Thesis/install/realsense2_camera_msgs/include/realsense2_camera_msgs/srv/detail/device_info__rosidl_typesupport_introspection_c.h
[9.921s] -- Symlinking: /home/vboxuser/Thesis/install/realsense2_camera_msgs/include/realsense2_camera_msgs/msg/detail/extrinsics__builder.hpp
[9.934s] -- Symlinking: /home/vboxuser/Thesis/install/realsense2_camera_msgs/include/realsense2_camera_msgs/msg/detail/extrinsics__struct.hpp
[9.946s] -- Symlinking: /home/vboxuser/Thesis/install/realsense2_camera_msgs/include/realsense2_camera_msgs/msg/detail/extrinsics__traits.hpp
[9.960s] -- Symlinking: /home/vboxuser/Thesis/install/realsense2_camera_msgs/include/realsense2_camera_msgs/msg/detail/extrinsics__type_support.hpp
[9.977s] -- Symlinking: /home/vboxuser/Thesis/install/realsense2_camera_msgs/include/realsense2_camera_msgs/msg/detail/imu_info__builder.hpp
[9.995s] -- Symlinking: /home/vboxuser/Thesis/install/realsense2_camera_msgs/include/realsense2_camera_msgs/msg/detail/imu_info__struct.hpp
[10.016s] -- Symlinking: /home/vboxuser/Thesis/install/realsense2_camera_msgs/include/realsense2_camera_msgs/msg/detail/imu_info__traits.hpp
[10.036s] -- Symlinking: /home/vboxuser/Thesis/install/realsense2_camera_msgs/include/realsense2_camera_msgs/msg/detail/imu_info__type_support.hpp
[10.052s] -- Symlinking: /home/vboxuser/Thesis/install/realsense2_camera_msgs/include/realsense2_camera_msgs/msg/detail/metadata__builder.hpp
[10.066s] -- Symlinking: /home/vboxuser/Thesis/install/realsense2_camera_msgs/include/realsense2_camera_msgs/msg/detail/metadata__struct.hpp
[10.090s] -- Symlinking: /home/vboxuser/Thesis/install/realsense2_camera_msgs/include/realsense2_camera_msgs/msg/detail/metadata__traits.hpp
[10.103s] -- Symlinking: /home/vboxuser/Thesis/install/realsense2_camera_msgs/include/realsense2_camera_msgs/msg/detail/metadata__type_support.hpp
[10.115s] -- Symlinking: /home/vboxuser/Thesis/install/realsense2_camera_msgs/include/realsense2_camera_msgs/msg/detail/rgbd__builder.hpp
[10.127s] -- Symlinking: /home/vboxuser/Thesis/install/realsense2_camera_msgs/include/realsense2_camera_msgs/msg/detail/rgbd__struct.hpp
[10.140s] -- Symlinking: /home/vboxuser/Thesis/install/realsense2_camera_msgs/include/realsense2_camera_msgs/msg/detail/rgbd__traits.hpp
[10.153s] -- Symlinking: /home/vboxuser/Thesis/install/realsense2_camera_msgs/include/realsense2_camera_msgs/msg/detail/rgbd__type_support.hpp
[10.165s] -- Symlinking: /home/vboxuser/Thesis/install/realsense2_camera_msgs/include/realsense2_camera_msgs/msg/extrinsics.hpp
[10.177s] -- Symlinking: /home/vboxuser/Thesis/install/realsense2_camera_msgs/include/realsense2_camera_msgs/msg/imu_info.hpp
[10.195s] -- Symlinking: /home/vboxuser/Thesis/install/realsense2_camera_msgs/include/realsense2_camera_msgs/msg/metadata.hpp
[10.201s] -- Symlinking: /home/vboxuser/Thesis/install/realsense2_camera_msgs/include/realsense2_camera_msgs/msg/rgbd.hpp
[10.212s] -- Symlinking: /home/vboxuser/Thesis/install/realsense2_camera_msgs/include/realsense2_camera_msgs/msg/rosidl_generator_cpp__visibility_control.hpp
[10.224s] -- Symlinking: /home/vboxuser/Thesis/install/realsense2_camera_msgs/include/realsense2_camera_msgs/srv/detail/device_info__builder.hpp
[10.238s] -- Symlinking: /home/vboxuser/Thesis/install/realsense2_camera_msgs/include/realsense2_camera_msgs/srv/detail/device_info__struct.hpp
[10.251s] -- Symlinking: /home/vboxuser/Thesis/install/realsense2_camera_msgs/include/realsense2_camera_msgs/srv/detail/device_info__traits.hpp
[10.263s] -- Symlinking: /home/vboxuser/Thesis/install/realsense2_camera_msgs/include/realsense2_camera_msgs/srv/detail/device_info__type_support.hpp
[10.277s] -- Symlinking: /home/vboxuser/Thesis/install/realsense2_camera_msgs/include/realsense2_camera_msgs/srv/device_info.hpp
[10.291s] -- Symlinking: /home/vboxuser/Thesis/install/realsense2_camera_msgs/include/realsense2_camera_msgs/msg/detail/extrinsics__rosidl_typesupport_introspection_cpp.hpp
[10.305s] -- Symlinking: /home/vboxuser/Thesis/install/realsense2_camera_msgs/include/realsense2_camera_msgs/msg/detail/imu_info__rosidl_typesupport_introspection_cpp.hpp
[10.332s] -- Symlinking: /home/vboxuser/Thesis/install/realsense2_camera_msgs/include/realsense2_camera_msgs/msg/detail/metadata__rosidl_typesupport_introspection_cpp.hpp
[10.358s] -- Symlinking: /home/vboxuser/Thesis/install/realsense2_camera_msgs/include/realsense2_camera_msgs/msg/detail/rgbd__rosidl_typesupport_introspection_cpp.hpp
[10.371s] -- Symlinking: /home/vboxuser/Thesis/install/realsense2_camera_msgs/include/realsense2_camera_msgs/srv/detail/device_info__rosidl_typesupport_introspection_cpp.hpp
[10.383s] -- Symlinking: /home/vboxuser/Thesis/install/realsense2_camera_msgs/share/realsense2_camera_msgs/environment/pythonpath.sh
[10.396s] -- Symlinking: /home/vboxuser/Thesis/install/realsense2_camera_msgs/share/realsense2_camera_msgs/environment/pythonpath.dsv
[10.409s] -- Symlinking: /home/vboxuser/Thesis/install/realsense2_camera_msgs/lib/python3.8/site-packages/realsense2_camera_msgs/__init__.py
[10.422s] -- Symlinking: /home/vboxuser/Thesis/install/realsense2_camera_msgs/lib/python3.8/site-packages/realsense2_camera_msgs/msg/__init__.py
[10.462s] -- Symlinking: /home/vboxuser/Thesis/install/realsense2_camera_msgs/lib/python3.8/site-packages/realsense2_camera_msgs/msg/_extrinsics.py
[10.475s] -- Symlinking: /home/vboxuser/Thesis/install/realsense2_camera_msgs/lib/python3.8/site-packages/realsense2_camera_msgs/msg/_imu_info.py
[10.493s] -- Symlinking: /home/vboxuser/Thesis/install/realsense2_camera_msgs/lib/python3.8/site-packages/realsense2_camera_msgs/msg/_metadata.py
[10.511s] -- Symlinking: /home/vboxuser/Thesis/install/realsense2_camera_msgs/lib/python3.8/site-packages/realsense2_camera_msgs/msg/_rgbd.py
[10.544s] -- Symlinking: /home/vboxuser/Thesis/install/realsense2_camera_msgs/lib/python3.8/site-packages/realsense2_camera_msgs/srv/__init__.py
[10.592s] -- Symlinking: /home/vboxuser/Thesis/install/realsense2_camera_msgs/lib/python3.8/site-packages/realsense2_camera_msgs/srv/_device_info.py
[10.613s] -- Symlinking: /home/vboxuser/Thesis/install/realsense2_camera_msgs/lib/python3.8/site-packages/realsense2_camera_msgs/realsense2_camera_msgs_s__rosidl_typesupport_fastrtps_c.cpython-38-x86_64-linux-gnu.so
[10.624s] -- Symlinking: /home/vboxuser/Thesis/install/realsense2_camera_msgs/lib/python3.8/site-packages/realsense2_camera_msgs/realsense2_camera_msgs_s__rosidl_typesupport_introspection_c.cpython-38-x86_64-linux-gnu.so
[10.636s] -- Symlinking: /home/vboxuser/Thesis/install/realsense2_camera_msgs/lib/python3.8/site-packages/realsense2_camera_msgs/realsense2_camera_msgs_s__rosidl_typesupport_c.cpython-38-x86_64-linux-gnu.so
[10.648s] -- Symlinking: /home/vboxuser/Thesis/install/realsense2_camera_msgs/lib/librealsense2_camera_msgs__python.so
[10.660s] -- Symlinking: /home/vboxuser/Thesis/install/realsense2_camera_msgs/share/realsense2_camera_msgs/msg/IMUInfo.idl
[10.672s] -- Symlinking: /home/vboxuser/Thesis/install/realsense2_camera_msgs/share/realsense2_camera_msgs/msg/Extrinsics.idl
[10.685s] -- Symlinking: /home/vboxuser/Thesis/install/realsense2_camera_msgs/share/realsense2_camera_msgs/msg/Metadata.idl
[10.697s] -- Symlinking: /home/vboxuser/Thesis/install/realsense2_camera_msgs/share/realsense2_camera_msgs/msg/RGBD.idl
[10.729s] -- Symlinking: /home/vboxuser/Thesis/install/realsense2_camera_msgs/share/realsense2_camera_msgs/srv/DeviceInfo.idl
[10.755s] -- Symlinking: /home/vboxuser/Thesis/install/realsense2_camera_msgs/share/realsense2_camera_msgs/msg/IMUInfo.msg
[10.791s] -- Symlinking: /home/vboxuser/Thesis/install/realsense2_camera_msgs/share/realsense2_camera_msgs/msg/Extrinsics.msg
[10.814s] -- Symlinking: /home/vboxuser/Thesis/install/realsense2_camera_msgs/share/realsense2_camera_msgs/msg/Metadata.msg
[10.827s] -- Symlinking: /home/vboxuser/Thesis/install/realsense2_camera_msgs/share/realsense2_camera_msgs/msg/RGBD.msg
[10.841s] -- Symlinking: /home/vboxuser/Thesis/install/realsense2_camera_msgs/share/realsense2_camera_msgs/srv/DeviceInfo.srv
[10.854s] -- Symlinking: /home/vboxuser/Thesis/install/realsense2_camera_msgs/share/realsense2_camera_msgs/srv/DeviceInfo_Request.msg
[10.902s] -- Symlinking: /home/vboxuser/Thesis/install/realsense2_camera_msgs/share/realsense2_camera_msgs/srv/DeviceInfo_Response.msg
[10.914s] -- Symlinking: /home/vboxuser/Thesis/install/realsense2_camera_msgs/share/ament_index/resource_index/package_run_dependencies/realsense2_camera_msgs
[10.933s] -- Symlinking: /home/vboxuser/Thesis/install/realsense2_camera_msgs/share/ament_index/resource_index/parent_prefix_path/realsense2_camera_msgs
[10.946s] -- Symlinking: /home/vboxuser/Thesis/install/realsense2_camera_msgs/share/realsense2_camera_msgs/environment/ament_prefix_path.sh
[10.959s] -- Symlinking: /home/vboxuser/Thesis/install/realsense2_camera_msgs/share/realsense2_camera_msgs/environment/ament_prefix_path.dsv
[10.973s] -- Symlinking: /home/vboxuser/Thesis/install/realsense2_camera_msgs/share/realsense2_camera_msgs/environment/path.sh
[11.006s] -- Symlinking: /home/vboxuser/Thesis/install/realsense2_camera_msgs/share/realsense2_camera_msgs/environment/path.dsv
[11.085s] -- Symlinking: /home/vboxuser/Thesis/install/realsense2_camera_msgs/share/realsense2_camera_msgs/local_setup.bash
[11.119s] -- Symlinking: /home/vboxuser/Thesis/install/realsense2_camera_msgs/share/realsense2_camera_msgs/local_setup.sh
[11.136s] -- Symlinking: /home/vboxuser/Thesis/install/realsense2_camera_msgs/share/realsense2_camera_msgs/local_setup.zsh
[11.149s] -- Symlinking: /home/vboxuser/Thesis/install/realsense2_camera_msgs/share/realsense2_camera_msgs/local_setup.dsv
[11.199s] -- Symlinking: /home/vboxuser/Thesis/install/realsense2_camera_msgs/share/realsense2_camera_msgs/package.dsv
[11.248s] -- Symlinking: /home/vboxuser/Thesis/install/realsense2_camera_msgs/share/ament_index/resource_index/packages/realsense2_camera_msgs
[11.273s] -- Symlinking: /home/vboxuser/Thesis/install/realsense2_camera_msgs/share/realsense2_camera_msgs/cmake/rosidl_cmake-extras.cmake
[11.359s] -- Symlinking: /home/vboxuser/Thesis/install/realsense2_camera_msgs/share/realsense2_camera_msgs/cmake/ament_cmake_export_dependencies-extras.cmake
[11.377s] -- Symlinking: /home/vboxuser/Thesis/install/realsense2_camera_msgs/share/realsense2_camera_msgs/cmake/ament_cmake_export_libraries-extras.cmake
[11.393s] -- Symlinking: /home/vboxuser/Thesis/install/realsense2_camera_msgs/share/realsense2_camera_msgs/cmake/ament_cmake_export_targets-extras.cmake
[11.430s] -- Symlinking: /home/vboxuser/Thesis/install/realsense2_camera_msgs/share/realsense2_camera_msgs/cmake/ament_cmake_export_include_directories-extras.cmake
[11.445s] -- Symlinking: /home/vboxuser/Thesis/install/realsense2_camera_msgs/share/realsense2_camera_msgs/cmake/rosidl_cmake_export_typesupport_libraries-extras.cmake
[11.477s] -- Symlinking: /home/vboxuser/Thesis/install/realsense2_camera_msgs/share/realsense2_camera_msgs/cmake/rosidl_cmake_export_typesupport_targets-extras.cmake
[11.503s] -- Symlinking: /home/vboxuser/Thesis/install/realsense2_camera_msgs/share/realsense2_camera_msgs/cmake/realsense2_camera_msgsConfig.cmake
[11.559s] -- Symlinking: /home/vboxuser/Thesis/install/realsense2_camera_msgs/share/realsense2_camera_msgs/cmake/realsense2_camera_msgsConfig-version.cmake
[11.579s] -- Symlinking: /home/vboxuser/Thesis/install/realsense2_camera_msgs/share/realsense2_camera_msgs/package.xml
[11.600s] -- Installing: /home/vboxuser/Thesis/install/realsense2_camera_msgs/lib/librealsense2_camera_msgs__rosidl_generator_c.so
[11.600s] -- Set runtime path of "/home/vboxuser/Thesis/install/realsense2_camera_msgs/lib/librealsense2_camera_msgs__rosidl_generator_c.so" to ""
[11.600s] -- Installing: /home/vboxuser/Thesis/install/realsense2_camera_msgs/lib/librealsense2_camera_msgs__rosidl_typesupport_introspection_c.so
[11.601s] -- Set runtime path of "/home/vboxuser/Thesis/install/realsense2_camera_msgs/lib/librealsense2_camera_msgs__rosidl_typesupport_introspection_c.so" to ""
[11.603s] -- Installing: /home/vboxuser/Thesis/install/realsense2_camera_msgs/lib/librealsense2_camera_msgs__rosidl_typesupport_c.so
[11.603s] -- Set runtime path of "/home/vboxuser/Thesis/install/realsense2_camera_msgs/lib/librealsense2_camera_msgs__rosidl_typesupport_c.so" to ""
[11.603s] -- Installing: /home/vboxuser/Thesis/install/realsense2_camera_msgs/lib/librealsense2_camera_msgs__rosidl_typesupport_introspection_cpp.so
[11.604s] -- Set runtime path of "/home/vboxuser/Thesis/install/realsense2_camera_msgs/lib/librealsense2_camera_msgs__rosidl_typesupport_introspection_cpp.so" to ""
[11.604s] -- Installing: /home/vboxuser/Thesis/install/realsense2_camera_msgs/lib/librealsense2_camera_msgs__rosidl_typesupport_cpp.so
[11.605s] -- Set runtime path of "/home/vboxuser/Thesis/install/realsense2_camera_msgs/lib/librealsense2_camera_msgs__rosidl_typesupport_cpp.so" to ""
[11.680s] Compiling '/home/vboxuser/Thesis/install/realsense2_camera_msgs/lib/python3.8/site-packages/realsense2_camera_msgs/__init__.py'...
[11.688s] -- Installing: /home/vboxuser/Thesis/install/realsense2_camera_msgs/share/realsense2_camera_msgs/cmake/realsense2_camera_msgs__rosidl_generator_cExport.cmake
[11.688s] -- Installing: /home/vboxuser/Thesis/install/realsense2_camera_msgs/share/realsense2_camera_msgs/cmake/realsense2_camera_msgs__rosidl_generator_cExport-noconfig.cmake
[11.688s] -- Installing: /home/vboxuser/Thesis/install/realsense2_camera_msgs/share/realsense2_camera_msgs/cmake/realsense2_camera_msgs__rosidl_typesupport_introspection_cExport.cmake
[11.689s] -- Installing: /home/vboxuser/Thesis/install/realsense2_camera_msgs/share/realsense2_camera_msgs/cmake/realsense2_camera_msgs__rosidl_typesupport_introspection_cExport-noconfig.cmake
[11.689s] -- Installing: /home/vboxuser/Thesis/install/realsense2_camera_msgs/share/realsense2_camera_msgs/cmake/realsense2_camera_msgs__rosidl_typesupport_cExport.cmake
[11.689s] -- Installing: /home/vboxuser/Thesis/install/realsense2_camera_msgs/share/realsense2_camera_msgs/cmake/realsense2_camera_msgs__rosidl_typesupport_cExport-noconfig.cmake
[11.690s] -- Installing: /home/vboxuser/Thesis/install/realsense2_camera_msgs/share/realsense2_camera_msgs/cmake/realsense2_camera_msgs__rosidl_generator_cppExport.cmake
[11.690s] -- Installing: /home/vboxuser/Thesis/install/realsense2_camera_msgs/share/realsense2_camera_msgs/cmake/realsense2_camera_msgs__rosidl_typesupport_introspection_cppExport.cmake
[11.691s] -- Installing: /home/vboxuser/Thesis/install/realsense2_camera_msgs/share/realsense2_camera_msgs/cmake/realsense2_camera_msgs__rosidl_typesupport_introspection_cppExport-noconfig.cmake
[11.691s] -- Installing: /home/vboxuser/Thesis/install/realsense2_camera_msgs/share/realsense2_camera_msgs/cmake/realsense2_camera_msgs__rosidl_typesupport_cppExport.cmake
[11.692s] -- Installing: /home/vboxuser/Thesis/install/realsense2_camera_msgs/share/realsense2_camera_msgs/cmake/realsense2_camera_msgs__rosidl_typesupport_cppExport-noconfig.cmake
[11.698s] Invoked command in '/home/vboxuser/Thesis/build/realsense2_camera_msgs' returned '0': CMAKE_PREFIX_PATH=${CMAKE_PREFIX_PATH}:/home/vboxuser/Thesis/install/vision:/home/vboxuser/Thesis/install/vcnanoz:/home/vboxuser/Thesis/install/sensopart_visor:/home/vboxuser/Thesis/install/robot_control:/home/vboxuser/Thesis/install/kr_example_python:/home/vboxuser/Thesis/install/bt_pkg:/home/vboxuser/Thesis/install/action_servers:/opt/ros/foxy /usr/bin/cmake --install /home/vboxuser/Thesis/build/realsense2_camera_msgs
