[1.082s] Invoking command in '/home/vboxuser/ros2_ws/src/robot_control': PYTHONPATH=/home/vboxuser/ros2_ws/build/robot_control/prefix_override:/usr/lib/python3/dist-packages/colcon_core/task/python/colcon_distutils_commands:/home/vboxuser/ros2_ws/install/robot_control/lib/python3.8/site-packages:${PYTHONPATH} /usr/bin/python3 -W ignore:setup.py install is deprecated setup.py egg_info --egg-base ../../build/robot_control build --build-base /home/vboxuser/ros2_ws/build/robot_control/build install --record /home/vboxuser/ros2_ws/build/robot_control/install.log --install-scripts $base/lib/robot_control --single-version-externally-managed install_data
[1.317s] running egg_info
[1.319s] writing ../../build/robot_control/robot_control.egg-info/PKG-INFO
[1.319s] writing dependency_links to ../../build/robot_control/robot_control.egg-info/dependency_links.txt
[1.319s] writing entry points to ../../build/robot_control/robot_control.egg-info/entry_points.txt
[1.319s] writing requirements to ../../build/robot_control/robot_control.egg-info/requires.txt
[1.319s] writing top-level names to ../../build/robot_control/robot_control.egg-info/top_level.txt
[1.351s] reading manifest file '../../build/robot_control/robot_control.egg-info/SOURCES.txt'
[1.351s] writing manifest file '../../build/robot_control/robot_control.egg-info/SOURCES.txt'
[1.351s] running build
[1.351s] running build_py
[1.352s] copying robot_control/move_lin_by_key.py -> /home/vboxuser/ros2_ws/build/robot_control/build/lib/robot_control
[1.352s] running install
[1.352s] running install_lib
[1.354s] copying /home/vboxuser/ros2_ws/build/robot_control/build/lib/robot_control/move_lin_by_key.py -> /home/vboxuser/ros2_ws/install/robot_control/lib/python3.8/site-packages/robot_control
[1.356s] byte-compiling /home/vboxuser/ros2_ws/install/robot_control/lib/python3.8/site-packages/robot_control/move_lin_by_key.py to move_lin_by_key.cpython-38.pyc
[1.372s] running install_data
[1.373s] running install_egg_info
[1.373s] removing '/home/vboxuser/ros2_ws/install/robot_control/lib/python3.8/site-packages/robot_control-0.0.0-py3.8.egg-info' (and everything under it)
[1.373s] Copying ../../build/robot_control/robot_control.egg-info to /home/vboxuser/ros2_ws/install/robot_control/lib/python3.8/site-packages/robot_control-0.0.0-py3.8.egg-info
[1.373s] running install_scripts
[1.386s] Installing hello_node script to /home/vboxuser/ros2_ws/install/robot_control/lib/robot_control
[1.387s] Installing move_lin_by_key script to /home/vboxuser/ros2_ws/install/robot_control/lib/robot_control
[1.388s] Installing print_tcp_pose script to /home/vboxuser/ros2_ws/install/robot_control/lib/robot_control
[1.388s] writing list of installed files to '/home/vboxuser/ros2_ws/build/robot_control/install.log'
[1.424s] Invoked command in '/home/vboxuser/ros2_ws/src/robot_control' returned '0': PYTHONPATH=/home/vboxuser/ros2_ws/build/robot_control/prefix_override:/usr/lib/python3/dist-packages/colcon_core/task/python/colcon_distutils_commands:/home/vboxuser/ros2_ws/install/robot_control/lib/python3.8/site-packages:${PYTHONPATH} /usr/bin/python3 -W ignore:setup.py install is deprecated setup.py egg_info --egg-base ../../build/robot_control build --build-base /home/vboxuser/ros2_ws/build/robot_control/build install --record /home/vboxuser/ros2_ws/build/robot_control/install.log --install-scripts $base/lib/robot_control --single-version-externally-managed install_data
