[0.045s] Invoking command in '/home/mo/Thesis/build/action_interfaces': CMAKE_PREFIX_PATH=${CMAKE_PREFIX_PATH}:/home/mo/Thesis/install/vision:/home/mo/Thesis/install/vcnanoz:/home/mo/Thesis/install/sensopart_visor:/home/mo/Thesis/install/robot_control:/home/mo/Thesis/install/kr_example_python:/home/mo/Thesis/install/action_servers:/opt/ros/foxy /usr/bin/cmake --build /home/mo/Thesis/build/action_interfaces -- -j16 -l16
[0.496s] [  1%] Built target action_interfaces__cpp
[0.496s] [ 12%] Built target action_interfaces__rosidl_generator_c
[0.496s] [ 24%] Built target action_interfaces__rosidl_typesupport_cpp
[0.496s] [ 35%] Built target action_interfaces__rosidl_typesupport_introspection_cpp
[0.496s] [ 47%] Built target action_interfaces__rosidl_typesupport_fastrtps_cpp
[0.496s] [ 58%] Built target action_interfaces__rosidl_typesupport_introspection_c
[0.497s] [ 70%] Built target action_interfaces__rosidl_typesupport_c
[0.497s] [ 81%] Built target action_interfaces__rosidl_typesupport_fastrtps_c
[0.497s] [ 81%] Built target action_interfaces
[0.497s] [ 82%] Built target action_interfaces__py
[0.497s] [ 93%] Built target action_interfaces__python
[0.497s] [ 97%] Built target action_interfaces__rosidl_typesupport_c__pyext
[0.497s] [ 97%] Built target action_interfaces__rosidl_typesupport_introspection_c__pyext
[0.497s] [100%] Built target action_interfaces__rosidl_typesupport_fastrtps_c__pyext
[0.715s] Invoked command in '/home/mo/Thesis/build/action_interfaces' returned '0': CMAKE_PREFIX_PATH=${CMAKE_PREFIX_PATH}:/home/mo/Thesis/install/vision:/home/mo/Thesis/install/vcnanoz:/home/mo/Thesis/install/sensopart_visor:/home/mo/Thesis/install/robot_control:/home/mo/Thesis/install/kr_example_python:/home/mo/Thesis/install/action_servers:/opt/ros/foxy /usr/bin/cmake --build /home/mo/Thesis/build/action_interfaces -- -j16 -l16
[0.732s] Invoking command in '/home/mo/Thesis/build/action_interfaces': CMAKE_PREFIX_PATH=${CMAKE_PREFIX_PATH}:/home/mo/Thesis/install/vision:/home/mo/Thesis/install/vcnanoz:/home/mo/Thesis/install/sensopart_visor:/home/mo/Thesis/install/robot_control:/home/mo/Thesis/install/kr_example_python:/home/mo/Thesis/install/action_servers:/opt/ros/foxy /usr/bin/cmake --install /home/mo/Thesis/build/action_interfaces
[0.746s] -- Install configuration: ""
[0.747s] -- Up-to-date: /home/mo/Thesis/install/action_interfaces/share/ament_index/resource_index/rosidl_interfaces/action_interfaces
[0.747s] -- Up-to-date: /home/mo/Thesis/install/action_interfaces/include/action_interfaces
[0.747s] -- Up-to-date: /home/mo/Thesis/install/action_interfaces/include/action_interfaces/action
[0.747s] -- Up-to-date: /home/mo/Thesis/install/action_interfaces/include/action_interfaces/action/fibonacci.h
[0.747s] -- Up-to-date: /home/mo/Thesis/install/action_interfaces/include/action_interfaces/action/detail
[0.747s] -- Up-to-date: /home/mo/Thesis/install/action_interfaces/include/action_interfaces/action/detail/move_tcp_along_axis__type_support.h
[0.747s] -- Up-to-date: /home/mo/Thesis/install/action_interfaces/include/action_interfaces/action/detail/transform_action__functions.c
[0.748s] -- Up-to-date: /home/mo/Thesis/install/action_interfaces/include/action_interfaces/action/detail/move_tcp_along_axis__struct.h
[0.748s] -- Up-to-date: /home/mo/Thesis/install/action_interfaces/include/action_interfaces/action/detail/transform_action__functions.h
[0.748s] -- Up-to-date: /home/mo/Thesis/install/action_interfaces/include/action_interfaces/action/detail/transform_action__type_support.h
[0.748s] -- Up-to-date: /home/mo/Thesis/install/action_interfaces/include/action_interfaces/action/detail/fibonacci__type_support.h
[0.748s] -- Up-to-date: /home/mo/Thesis/install/action_interfaces/include/action_interfaces/action/detail/transform_action__struct.h
[0.748s] -- Up-to-date: /home/mo/Thesis/install/action_interfaces/include/action_interfaces/action/detail/fibonacci__functions.h
[0.748s] -- Up-to-date: /home/mo/Thesis/install/action_interfaces/include/action_interfaces/action/detail/move_tcp_along_axis__functions.c
[0.748s] -- Up-to-date: /home/mo/Thesis/install/action_interfaces/include/action_interfaces/action/detail/fibonacci__struct.h
[0.748s] -- Up-to-date: /home/mo/Thesis/install/action_interfaces/include/action_interfaces/action/detail/move_tcp_along_axis__functions.h
[0.749s] -- Up-to-date: /home/mo/Thesis/install/action_interfaces/include/action_interfaces/action/detail/fibonacci__functions.c
[0.749s] -- Up-to-date: /home/mo/Thesis/install/action_interfaces/include/action_interfaces/action/transform_action.h
[0.749s] -- Up-to-date: /home/mo/Thesis/install/action_interfaces/include/action_interfaces/action/move_tcp_along_axis.h
[0.749s] -- Up-to-date: /home/mo/Thesis/install/action_interfaces/include/action_interfaces/msg
[0.749s] -- Up-to-date: /home/mo/Thesis/install/action_interfaces/include/action_interfaces/msg/rosidl_generator_c__visibility_control.h
[0.749s] -- Up-to-date: /home/mo/Thesis/install/action_interfaces/include/action_interfaces/msg/hook_data.h
[0.749s] -- Up-to-date: /home/mo/Thesis/install/action_interfaces/include/action_interfaces/msg/xyz.h
[0.749s] -- Up-to-date: /home/mo/Thesis/install/action_interfaces/include/action_interfaces/msg/bounding_box.h
[0.749s] -- Up-to-date: /home/mo/Thesis/install/action_interfaces/include/action_interfaces/msg/detail
[0.750s] -- Up-to-date: /home/mo/Thesis/install/action_interfaces/include/action_interfaces/msg/detail/xyz__functions.c
[0.754s] -- Up-to-date: /home/mo/Thesis/install/action_interfaces/include/action_interfaces/msg/detail/hook__functions.h
[0.754s] -- Up-to-date: /home/mo/Thesis/install/action_interfaces/include/action_interfaces/msg/detail/bounding_box__type_support.h
[0.754s] -- Up-to-date: /home/mo/Thesis/install/action_interfaces/include/action_interfaces/msg/detail/bounding_box__struct.h
[0.754s] -- Up-to-date: /home/mo/Thesis/install/action_interfaces/include/action_interfaces/msg/detail/bounding_box__functions.c
[0.754s] -- Up-to-date: /home/mo/Thesis/install/action_interfaces/include/action_interfaces/msg/detail/xyz__type_support.h
[0.755s] -- Up-to-date: /home/mo/Thesis/install/action_interfaces/include/action_interfaces/msg/detail/uv__functions.h
[0.755s] -- Up-to-date: /home/mo/Thesis/install/action_interfaces/include/action_interfaces/msg/detail/bounding_box__functions.h
[0.755s] -- Up-to-date: /home/mo/Thesis/install/action_interfaces/include/action_interfaces/msg/detail/xyz__struct.h
[0.755s] -- Up-to-date: /home/mo/Thesis/install/action_interfaces/include/action_interfaces/msg/detail/hook_data__functions.c
[0.755s] -- Up-to-date: /home/mo/Thesis/install/action_interfaces/include/action_interfaces/msg/detail/xyz__functions.h
[0.755s] -- Up-to-date: /home/mo/Thesis/install/action_interfaces/include/action_interfaces/msg/detail/hook_data__functions.h
[0.755s] -- Up-to-date: /home/mo/Thesis/install/action_interfaces/include/action_interfaces/msg/detail/hook__functions.c
[0.755s] -- Up-to-date: /home/mo/Thesis/install/action_interfaces/include/action_interfaces/msg/detail/uv__type_support.h
[0.755s] -- Up-to-date: /home/mo/Thesis/install/action_interfaces/include/action_interfaces/msg/detail/hook__struct.h
[0.755s] -- Up-to-date: /home/mo/Thesis/install/action_interfaces/include/action_interfaces/msg/detail/hook_data__struct.h
[0.755s] -- Up-to-date: /home/mo/Thesis/install/action_interfaces/include/action_interfaces/msg/detail/hook__type_support.h
[0.755s] -- Up-to-date: /home/mo/Thesis/install/action_interfaces/include/action_interfaces/msg/detail/uv__struct.h
[0.755s] -- Up-to-date: /home/mo/Thesis/install/action_interfaces/include/action_interfaces/msg/detail/uv__functions.c
[0.756s] -- Up-to-date: /home/mo/Thesis/install/action_interfaces/include/action_interfaces/msg/detail/hook_data__type_support.h
[0.756s] -- Up-to-date: /home/mo/Thesis/install/action_interfaces/include/action_interfaces/msg/uv.h
[0.756s] -- Up-to-date: /home/mo/Thesis/install/action_interfaces/include/action_interfaces/msg/hook.h
[0.756s] -- Up-to-date: /home/mo/Thesis/install/action_interfaces/share/action_interfaces/environment/library_path.sh
[0.756s] -- Up-to-date: /home/mo/Thesis/install/action_interfaces/share/action_interfaces/environment/library_path.dsv
[0.756s] -- Up-to-date: /home/mo/Thesis/install/action_interfaces/lib/libaction_interfaces__rosidl_generator_c.so
[0.756s] -- Up-to-date: /home/mo/Thesis/install/action_interfaces/include/action_interfaces
[0.756s] -- Up-to-date: /home/mo/Thesis/install/action_interfaces/include/action_interfaces/action
[0.756s] -- Up-to-date: /home/mo/Thesis/install/action_interfaces/include/action_interfaces/action/detail
[0.756s] -- Up-to-date: /home/mo/Thesis/install/action_interfaces/include/action_interfaces/action/detail/move_tcp_along_axis__rosidl_typesupport_fastrtps_c.h
[0.757s] -- Up-to-date: /home/mo/Thesis/install/action_interfaces/include/action_interfaces/action/detail/transform_action__rosidl_typesupport_fastrtps_c.h
[0.757s] -- Up-to-date: /home/mo/Thesis/install/action_interfaces/include/action_interfaces/action/detail/fibonacci__rosidl_typesupport_fastrtps_c.h
[0.757s] -- Up-to-date: /home/mo/Thesis/install/action_interfaces/include/action_interfaces/msg
[0.757s] -- Up-to-date: /home/mo/Thesis/install/action_interfaces/include/action_interfaces/msg/detail
[0.757s] -- Up-to-date: /home/mo/Thesis/install/action_interfaces/include/action_interfaces/msg/detail/bounding_box__rosidl_typesupport_fastrtps_c.h
[0.757s] -- Up-to-date: /home/mo/Thesis/install/action_interfaces/include/action_interfaces/msg/detail/xyz__rosidl_typesupport_fastrtps_c.h
[0.757s] -- Up-to-date: /home/mo/Thesis/install/action_interfaces/include/action_interfaces/msg/detail/hook__rosidl_typesupport_fastrtps_c.h
[0.757s] -- Up-to-date: /home/mo/Thesis/install/action_interfaces/include/action_interfaces/msg/detail/uv__rosidl_typesupport_fastrtps_c.h
[0.757s] -- Up-to-date: /home/mo/Thesis/install/action_interfaces/include/action_interfaces/msg/detail/hook_data__rosidl_typesupport_fastrtps_c.h
[0.758s] -- Up-to-date: /home/mo/Thesis/install/action_interfaces/include/action_interfaces/msg/rosidl_typesupport_fastrtps_c__visibility_control.h
[0.758s] -- Up-to-date: /home/mo/Thesis/install/action_interfaces/lib/libaction_interfaces__rosidl_typesupport_fastrtps_c.so
[0.758s] -- Up-to-date: /home/mo/Thesis/install/action_interfaces/include/action_interfaces
[0.758s] -- Up-to-date: /home/mo/Thesis/install/action_interfaces/include/action_interfaces/action
[0.758s] -- Up-to-date: /home/mo/Thesis/install/action_interfaces/include/action_interfaces/action/detail
[0.758s] -- Up-to-date: /home/mo/Thesis/install/action_interfaces/include/action_interfaces/action/detail/transform_action__rosidl_typesupport_fastrtps_cpp.hpp
[0.758s] -- Up-to-date: /home/mo/Thesis/install/action_interfaces/include/action_interfaces/action/detail/move_tcp_along_axis__rosidl_typesupport_fastrtps_cpp.hpp
[0.758s] -- Up-to-date: /home/mo/Thesis/install/action_interfaces/include/action_interfaces/action/detail/fibonacci__rosidl_typesupport_fastrtps_cpp.hpp
[0.758s] -- Up-to-date: /home/mo/Thesis/install/action_interfaces/include/action_interfaces/action/detail/dds_fastrtps
[0.758s] -- Up-to-date: /home/mo/Thesis/install/action_interfaces/include/action_interfaces/msg
[0.758s] -- Up-to-date: /home/mo/Thesis/install/action_interfaces/include/action_interfaces/msg/rosidl_typesupport_fastrtps_cpp__visibility_control.h
[0.759s] -- Up-to-date: /home/mo/Thesis/install/action_interfaces/include/action_interfaces/msg/detail
[0.759s] -- Up-to-date: /home/mo/Thesis/install/action_interfaces/include/action_interfaces/msg/detail/xyz__rosidl_typesupport_fastrtps_cpp.hpp
[0.759s] -- Up-to-date: /home/mo/Thesis/install/action_interfaces/include/action_interfaces/msg/detail/uv__rosidl_typesupport_fastrtps_cpp.hpp
[0.759s] -- Up-to-date: /home/mo/Thesis/install/action_interfaces/include/action_interfaces/msg/detail/bounding_box__rosidl_typesupport_fastrtps_cpp.hpp
[0.759s] -- Up-to-date: /home/mo/Thesis/install/action_interfaces/include/action_interfaces/msg/detail/hook_data__rosidl_typesupport_fastrtps_cpp.hpp
[0.759s] -- Up-to-date: /home/mo/Thesis/install/action_interfaces/include/action_interfaces/msg/detail/hook__rosidl_typesupport_fastrtps_cpp.hpp
[0.759s] -- Up-to-date: /home/mo/Thesis/install/action_interfaces/include/action_interfaces/msg/detail/dds_fastrtps
[0.759s] -- Up-to-date: /home/mo/Thesis/install/action_interfaces/lib/libaction_interfaces__rosidl_typesupport_fastrtps_cpp.so
[0.759s] -- Up-to-date: /home/mo/Thesis/install/action_interfaces/include/action_interfaces
[0.760s] -- Up-to-date: /home/mo/Thesis/install/action_interfaces/include/action_interfaces/action
[0.760s] -- Up-to-date: /home/mo/Thesis/install/action_interfaces/include/action_interfaces/action/detail
[0.760s] -- Up-to-date: /home/mo/Thesis/install/action_interfaces/include/action_interfaces/action/detail/transform_action__rosidl_typesupport_introspection_c.h
[0.760s] -- Up-to-date: /home/mo/Thesis/install/action_interfaces/include/action_interfaces/action/detail/move_tcp_along_axis__rosidl_typesupport_introspection_c.h
[0.760s] -- Up-to-date: /home/mo/Thesis/install/action_interfaces/include/action_interfaces/action/detail/transform_action__type_support.c
[0.760s] -- Up-to-date: /home/mo/Thesis/install/action_interfaces/include/action_interfaces/action/detail/fibonacci__rosidl_typesupport_introspection_c.h
[0.760s] -- Up-to-date: /home/mo/Thesis/install/action_interfaces/include/action_interfaces/action/detail/fibonacci__type_support.c
[0.760s] -- Up-to-date: /home/mo/Thesis/install/action_interfaces/include/action_interfaces/action/detail/move_tcp_along_axis__type_support.c
[0.760s] -- Up-to-date: /home/mo/Thesis/install/action_interfaces/include/action_interfaces/msg
[0.760s] -- Up-to-date: /home/mo/Thesis/install/action_interfaces/include/action_interfaces/msg/detail
[0.761s] -- Up-to-date: /home/mo/Thesis/install/action_interfaces/include/action_interfaces/msg/detail/hook__type_support.c
[0.761s] -- Up-to-date: /home/mo/Thesis/install/action_interfaces/include/action_interfaces/msg/detail/xyz__type_support.c
[0.761s] -- Up-to-date: /home/mo/Thesis/install/action_interfaces/include/action_interfaces/msg/detail/bounding_box__rosidl_typesupport_introspection_c.h
[0.761s] -- Up-to-date: /home/mo/Thesis/install/action_interfaces/include/action_interfaces/msg/detail/hook_data__rosidl_typesupport_introspection_c.h
[0.761s] -- Up-to-date: /home/mo/Thesis/install/action_interfaces/include/action_interfaces/msg/detail/hook__rosidl_typesupport_introspection_c.h
[0.761s] -- Up-to-date: /home/mo/Thesis/install/action_interfaces/include/action_interfaces/msg/detail/xyz__rosidl_typesupport_introspection_c.h
[0.761s] -- Up-to-date: /home/mo/Thesis/install/action_interfaces/include/action_interfaces/msg/detail/bounding_box__type_support.c
[0.761s] -- Up-to-date: /home/mo/Thesis/install/action_interfaces/include/action_interfaces/msg/detail/hook_data__type_support.c
[0.761s] -- Up-to-date: /home/mo/Thesis/install/action_interfaces/include/action_interfaces/msg/detail/uv__rosidl_typesupport_introspection_c.h
[0.761s] -- Up-to-date: /home/mo/Thesis/install/action_interfaces/include/action_interfaces/msg/detail/uv__type_support.c
[0.761s] -- Up-to-date: /home/mo/Thesis/install/action_interfaces/include/action_interfaces/msg/rosidl_typesupport_introspection_c__visibility_control.h
[0.761s] -- Up-to-date: /home/mo/Thesis/install/action_interfaces/lib/libaction_interfaces__rosidl_typesupport_introspection_c.so
[0.762s] -- Up-to-date: /home/mo/Thesis/install/action_interfaces/lib/libaction_interfaces__rosidl_typesupport_c.so
[0.762s] -- Up-to-date: /home/mo/Thesis/install/action_interfaces/include/action_interfaces
[0.762s] -- Up-to-date: /home/mo/Thesis/install/action_interfaces/include/action_interfaces/action
[0.762s] -- Up-to-date: /home/mo/Thesis/install/action_interfaces/include/action_interfaces/action/transform_action.hpp
[0.762s] -- Up-to-date: /home/mo/Thesis/install/action_interfaces/include/action_interfaces/action/fibonacci.hpp
[0.762s] -- Up-to-date: /home/mo/Thesis/install/action_interfaces/include/action_interfaces/action/move_tcp_along_axis.hpp
[0.762s] -- Up-to-date: /home/mo/Thesis/install/action_interfaces/include/action_interfaces/action/detail
[0.762s] -- Up-to-date: /home/mo/Thesis/install/action_interfaces/include/action_interfaces/action/detail/move_tcp_along_axis__builder.hpp
[0.765s] -- Up-to-date: /home/mo/Thesis/install/action_interfaces/include/action_interfaces/action/detail/fibonacci__traits.hpp
[0.765s] -- Up-to-date: /home/mo/Thesis/install/action_interfaces/include/action_interfaces/action/detail/fibonacci__type_support.hpp
[0.766s] -- Up-to-date: /home/mo/Thesis/install/action_interfaces/include/action_interfaces/action/detail/move_tcp_along_axis__traits.hpp
[0.766s] -- Up-to-date: /home/mo/Thesis/install/action_interfaces/include/action_interfaces/action/detail/move_tcp_along_axis__type_support.hpp
[0.766s] -- Up-to-date: /home/mo/Thesis/install/action_interfaces/include/action_interfaces/action/detail/transform_action__type_support.hpp
[0.766s] -- Up-to-date: /home/mo/Thesis/install/action_interfaces/include/action_interfaces/action/detail/fibonacci__struct.hpp
[0.766s] -- Up-to-date: /home/mo/Thesis/install/action_interfaces/include/action_interfaces/action/detail/transform_action__struct.hpp
[0.766s] -- Up-to-date: /home/mo/Thesis/install/action_interfaces/include/action_interfaces/action/detail/move_tcp_along_axis__struct.hpp
[0.766s] -- Up-to-date: /home/mo/Thesis/install/action_interfaces/include/action_interfaces/action/detail/transform_action__builder.hpp
[0.766s] -- Up-to-date: /home/mo/Thesis/install/action_interfaces/include/action_interfaces/action/detail/fibonacci__builder.hpp
[0.766s] -- Up-to-date: /home/mo/Thesis/install/action_interfaces/include/action_interfaces/action/detail/transform_action__traits.hpp
[0.766s] -- Up-to-date: /home/mo/Thesis/install/action_interfaces/include/action_interfaces/msg
[0.766s] -- Up-to-date: /home/mo/Thesis/install/action_interfaces/include/action_interfaces/msg/bounding_box.hpp
[0.767s] -- Up-to-date: /home/mo/Thesis/install/action_interfaces/include/action_interfaces/msg/hook_data.hpp
[0.767s] -- Up-to-date: /home/mo/Thesis/install/action_interfaces/include/action_interfaces/msg/rosidl_generator_cpp__visibility_control.hpp
[0.767s] -- Up-to-date: /home/mo/Thesis/install/action_interfaces/include/action_interfaces/msg/xyz.hpp
[0.767s] -- Up-to-date: /home/mo/Thesis/install/action_interfaces/include/action_interfaces/msg/uv.hpp
[0.767s] -- Up-to-date: /home/mo/Thesis/install/action_interfaces/include/action_interfaces/msg/hook.hpp
[0.767s] -- Up-to-date: /home/mo/Thesis/install/action_interfaces/include/action_interfaces/msg/detail
[0.767s] -- Up-to-date: /home/mo/Thesis/install/action_interfaces/include/action_interfaces/msg/detail/bounding_box__type_support.hpp
[0.769s] -- Up-to-date: /home/mo/Thesis/install/action_interfaces/include/action_interfaces/msg/detail/bounding_box__builder.hpp
[0.769s] -- Up-to-date: /home/mo/Thesis/install/action_interfaces/include/action_interfaces/msg/detail/uv__builder.hpp
[0.769s] -- Up-to-date: /home/mo/Thesis/install/action_interfaces/include/action_interfaces/msg/detail/uv__traits.hpp
[0.769s] -- Up-to-date: /home/mo/Thesis/install/action_interfaces/include/action_interfaces/msg/detail/xyz__traits.hpp
[0.769s] -- Up-to-date: /home/mo/Thesis/install/action_interfaces/include/action_interfaces/msg/detail/hook_data__builder.hpp
[0.769s] -- Up-to-date: /home/mo/Thesis/install/action_interfaces/include/action_interfaces/msg/detail/xyz__struct.hpp
[0.769s] -- Up-to-date: /home/mo/Thesis/install/action_interfaces/include/action_interfaces/msg/detail/uv__struct.hpp
[0.770s] -- Up-to-date: /home/mo/Thesis/install/action_interfaces/include/action_interfaces/msg/detail/bounding_box__traits.hpp
[0.775s] -- Up-to-date: /home/mo/Thesis/install/action_interfaces/include/action_interfaces/msg/detail/uv__type_support.hpp
[0.777s] -- Up-to-date: /home/mo/Thesis/install/action_interfaces/include/action_interfaces/msg/detail/hook__builder.hpp
[0.777s] -- Up-to-date: /home/mo/Thesis/install/action_interfaces/include/action_interfaces/msg/detail/hook__traits.hpp
[0.777s] -- Up-to-date: /home/mo/Thesis/install/action_interfaces/include/action_interfaces/msg/detail/xyz__type_support.hpp
[0.777s] -- Up-to-date: /home/mo/Thesis/install/action_interfaces/include/action_interfaces/msg/detail/hook__type_support.hpp
[0.777s] -- Up-to-date: /home/mo/Thesis/install/action_interfaces/include/action_interfaces/msg/detail/hook_data__struct.hpp
[0.777s] -- Up-to-date: /home/mo/Thesis/install/action_interfaces/include/action_interfaces/msg/detail/xyz__builder.hpp
[0.777s] -- Up-to-date: /home/mo/Thesis/install/action_interfaces/include/action_interfaces/msg/detail/bounding_box__struct.hpp
[0.778s] -- Up-to-date: /home/mo/Thesis/install/action_interfaces/include/action_interfaces/msg/detail/hook_data__type_support.hpp
[0.778s] -- Up-to-date: /home/mo/Thesis/install/action_interfaces/include/action_interfaces/msg/detail/hook_data__traits.hpp
[0.778s] -- Up-to-date: /home/mo/Thesis/install/action_interfaces/include/action_interfaces/msg/detail/hook__struct.hpp
[0.778s] -- Up-to-date: /home/mo/Thesis/install/action_interfaces/include/action_interfaces
[0.778s] -- Up-to-date: /home/mo/Thesis/install/action_interfaces/include/action_interfaces/action
[0.778s] -- Up-to-date: /home/mo/Thesis/install/action_interfaces/include/action_interfaces/action/detail
[0.778s] -- Up-to-date: /home/mo/Thesis/install/action_interfaces/include/action_interfaces/action/detail/move_tcp_along_axis__type_support.cpp
[0.778s] -- Up-to-date: /home/mo/Thesis/install/action_interfaces/include/action_interfaces/action/detail/move_tcp_along_axis__rosidl_typesupport_introspection_cpp.hpp
[0.778s] -- Up-to-date: /home/mo/Thesis/install/action_interfaces/include/action_interfaces/action/detail/transform_action__rosidl_typesupport_introspection_cpp.hpp
[0.779s] -- Up-to-date: /home/mo/Thesis/install/action_interfaces/include/action_interfaces/action/detail/fibonacci__type_support.cpp
[0.779s] -- Up-to-date: /home/mo/Thesis/install/action_interfaces/include/action_interfaces/action/detail/fibonacci__rosidl_typesupport_introspection_cpp.hpp
[0.779s] -- Up-to-date: /home/mo/Thesis/install/action_interfaces/include/action_interfaces/action/detail/transform_action__type_support.cpp
[0.780s] -- Up-to-date: /home/mo/Thesis/install/action_interfaces/include/action_interfaces/msg
[0.780s] -- Up-to-date: /home/mo/Thesis/install/action_interfaces/include/action_interfaces/msg/detail
[0.780s] -- Up-to-date: /home/mo/Thesis/install/action_interfaces/include/action_interfaces/msg/detail/xyz__type_support.cpp
[0.780s] -- Up-to-date: /home/mo/Thesis/install/action_interfaces/include/action_interfaces/msg/detail/hook__type_support.cpp
[0.781s] -- Up-to-date: /home/mo/Thesis/install/action_interfaces/include/action_interfaces/msg/detail/uv__rosidl_typesupport_introspection_cpp.hpp
[0.781s] -- Up-to-date: /home/mo/Thesis/install/action_interfaces/include/action_interfaces/msg/detail/bounding_box__type_support.cpp
[0.781s] -- Up-to-date: /home/mo/Thesis/install/action_interfaces/include/action_interfaces/msg/detail/uv__type_support.cpp
[0.781s] -- Up-to-date: /home/mo/Thesis/install/action_interfaces/include/action_interfaces/msg/detail/hook_data__type_support.cpp
[0.781s] -- Up-to-date: /home/mo/Thesis/install/action_interfaces/include/action_interfaces/msg/detail/bounding_box__rosidl_typesupport_introspection_cpp.hpp
[0.781s] -- Up-to-date: /home/mo/Thesis/install/action_interfaces/include/action_interfaces/msg/detail/hook_data__rosidl_typesupport_introspection_cpp.hpp
[0.782s] -- Up-to-date: /home/mo/Thesis/install/action_interfaces/include/action_interfaces/msg/detail/xyz__rosidl_typesupport_introspection_cpp.hpp
[0.782s] -- Up-to-date: /home/mo/Thesis/install/action_interfaces/include/action_interfaces/msg/detail/hook__rosidl_typesupport_introspection_cpp.hpp
[0.782s] -- Up-to-date: /home/mo/Thesis/install/action_interfaces/lib/libaction_interfaces__rosidl_typesupport_introspection_cpp.so
[0.782s] -- Up-to-date: /home/mo/Thesis/install/action_interfaces/lib/libaction_interfaces__rosidl_typesupport_cpp.so
[0.782s] -- Up-to-date: /home/mo/Thesis/install/action_interfaces/share/action_interfaces/environment/pythonpath.sh
[0.782s] -- Up-to-date: /home/mo/Thesis/install/action_interfaces/share/action_interfaces/environment/pythonpath.dsv
[0.783s] -- Up-to-date: /home/mo/Thesis/install/action_interfaces/lib/python3.8/site-packages/action_interfaces/__init__.py
[0.887s] -- Up-to-date: /home/mo/Thesis/install/action_interfaces/lib/python3.8/site-packages/action_interfaces/action
[0.887s] -- Up-to-date: /home/mo/Thesis/install/action_interfaces/lib/python3.8/site-packages/action_interfaces/action/_transform_action_s.c
[0.887s] -- Up-to-date: /home/mo/Thesis/install/action_interfaces/lib/python3.8/site-packages/action_interfaces/action/_move_tcp_along_axis.py
[0.888s] -- Up-to-date: /home/mo/Thesis/install/action_interfaces/lib/python3.8/site-packages/action_interfaces/action/_move_tcp_along_axis_s.c
[0.888s] -- Up-to-date: /home/mo/Thesis/install/action_interfaces/lib/python3.8/site-packages/action_interfaces/action/_fibonacci_s.c
[0.888s] -- Up-to-date: /home/mo/Thesis/install/action_interfaces/lib/python3.8/site-packages/action_interfaces/action/_fibonacci.py
[0.888s] -- Up-to-date: /home/mo/Thesis/install/action_interfaces/lib/python3.8/site-packages/action_interfaces/action/_transform_action.py
[0.888s] -- Up-to-date: /home/mo/Thesis/install/action_interfaces/lib/python3.8/site-packages/action_interfaces/action/__init__.py
[0.888s] -- Up-to-date: /home/mo/Thesis/install/action_interfaces/lib/python3.8/site-packages/action_interfaces/msg
[0.888s] -- Up-to-date: /home/mo/Thesis/install/action_interfaces/lib/python3.8/site-packages/action_interfaces/msg/_xyz.py
[0.888s] -- Up-to-date: /home/mo/Thesis/install/action_interfaces/lib/python3.8/site-packages/action_interfaces/msg/_xyz_s.c
[0.889s] -- Up-to-date: /home/mo/Thesis/install/action_interfaces/lib/python3.8/site-packages/action_interfaces/msg/_hook_s.c
[0.889s] -- Up-to-date: /home/mo/Thesis/install/action_interfaces/lib/python3.8/site-packages/action_interfaces/msg/_bounding_box.py
[0.889s] -- Up-to-date: /home/mo/Thesis/install/action_interfaces/lib/python3.8/site-packages/action_interfaces/msg/_uv.py
[0.889s] -- Up-to-date: /home/mo/Thesis/install/action_interfaces/lib/python3.8/site-packages/action_interfaces/msg/_bounding_box_s.c
[0.889s] -- Up-to-date: /home/mo/Thesis/install/action_interfaces/lib/python3.8/site-packages/action_interfaces/msg/_uv_s.c
[0.889s] -- Up-to-date: /home/mo/Thesis/install/action_interfaces/lib/python3.8/site-packages/action_interfaces/msg/_hook_data.py
[0.889s] -- Up-to-date: /home/mo/Thesis/install/action_interfaces/lib/python3.8/site-packages/action_interfaces/msg/__init__.py
[0.889s] -- Up-to-date: /home/mo/Thesis/install/action_interfaces/lib/python3.8/site-packages/action_interfaces/msg/_hook_data_s.c
[0.889s] -- Up-to-date: /home/mo/Thesis/install/action_interfaces/lib/python3.8/site-packages/action_interfaces/msg/_hook.py
[0.889s] -- Up-to-date: /home/mo/Thesis/install/action_interfaces/lib/python3.8/site-packages/action_interfaces/action_interfaces_s__rosidl_typesupport_fastrtps_c.cpython-38-x86_64-linux-gnu.so
[0.889s] -- Up-to-date: /home/mo/Thesis/install/action_interfaces/lib/python3.8/site-packages/action_interfaces/action_interfaces_s__rosidl_typesupport_introspection_c.cpython-38-x86_64-linux-gnu.so
[0.890s] -- Up-to-date: /home/mo/Thesis/install/action_interfaces/lib/python3.8/site-packages/action_interfaces/action_interfaces_s__rosidl_typesupport_c.cpython-38-x86_64-linux-gnu.so
[0.890s] -- Up-to-date: /home/mo/Thesis/install/action_interfaces/lib/libaction_interfaces__python.so
[0.890s] -- Up-to-date: /home/mo/Thesis/install/action_interfaces/share/action_interfaces/action/Fibonacci.idl
[0.890s] -- Up-to-date: /home/mo/Thesis/install/action_interfaces/share/action_interfaces/action/MoveTcpAlongAxis.idl
[0.890s] -- Up-to-date: /home/mo/Thesis/install/action_interfaces/share/action_interfaces/action/TransformAction.idl
[0.890s] -- Up-to-date: /home/mo/Thesis/install/action_interfaces/share/action_interfaces/msg/BoundingBox.idl
[0.890s] -- Up-to-date: /home/mo/Thesis/install/action_interfaces/share/action_interfaces/msg/Hook.idl
[0.890s] -- Up-to-date: /home/mo/Thesis/install/action_interfaces/share/action_interfaces/msg/HookData.idl
[0.890s] -- Up-to-date: /home/mo/Thesis/install/action_interfaces/share/action_interfaces/msg/UV.idl
[0.890s] -- Up-to-date: /home/mo/Thesis/install/action_interfaces/share/action_interfaces/msg/XYZ.idl
[0.891s] -- Up-to-date: /home/mo/Thesis/install/action_interfaces/share/action_interfaces/action/Fibonacci.action
[0.891s] -- Up-to-date: /home/mo/Thesis/install/action_interfaces/share/action_interfaces/action/MoveTcpAlongAxis.action
[0.891s] -- Up-to-date: /home/mo/Thesis/install/action_interfaces/share/action_interfaces/action/TransformAction.action
[0.891s] -- Up-to-date: /home/mo/Thesis/install/action_interfaces/share/action_interfaces/msg/BoundingBox.msg
[0.891s] -- Up-to-date: /home/mo/Thesis/install/action_interfaces/share/action_interfaces/msg/Hook.msg
[0.891s] -- Up-to-date: /home/mo/Thesis/install/action_interfaces/share/action_interfaces/msg/HookData.msg
[0.891s] -- Up-to-date: /home/mo/Thesis/install/action_interfaces/share/action_interfaces/msg/UV.msg
[0.892s] -- Up-to-date: /home/mo/Thesis/install/action_interfaces/share/action_interfaces/msg/XYZ.msg
[0.892s] -- Up-to-date: /home/mo/Thesis/install/action_interfaces/share/ament_index/resource_index/package_run_dependencies/action_interfaces
[0.892s] -- Up-to-date: /home/mo/Thesis/install/action_interfaces/share/ament_index/resource_index/parent_prefix_path/action_interfaces
[0.892s] -- Up-to-date: /home/mo/Thesis/install/action_interfaces/share/action_interfaces/environment/ament_prefix_path.sh
[0.892s] -- Up-to-date: /home/mo/Thesis/install/action_interfaces/share/action_interfaces/environment/ament_prefix_path.dsv
[0.892s] -- Up-to-date: /home/mo/Thesis/install/action_interfaces/share/action_interfaces/environment/path.sh
[0.892s] -- Up-to-date: /home/mo/Thesis/install/action_interfaces/share/action_interfaces/environment/path.dsv
[0.892s] -- Up-to-date: /home/mo/Thesis/install/action_interfaces/share/action_interfaces/local_setup.bash
[0.892s] -- Up-to-date: /home/mo/Thesis/install/action_interfaces/share/action_interfaces/local_setup.sh
[0.893s] -- Up-to-date: /home/mo/Thesis/install/action_interfaces/share/action_interfaces/local_setup.zsh
[0.893s] -- Up-to-date: /home/mo/Thesis/install/action_interfaces/share/action_interfaces/local_setup.dsv
[0.893s] -- Installing: /home/mo/Thesis/install/action_interfaces/share/action_interfaces/package.dsv
[0.893s] -- Up-to-date: /home/mo/Thesis/install/action_interfaces/share/ament_index/resource_index/packages/action_interfaces
[0.893s] -- Up-to-date: /home/mo/Thesis/install/action_interfaces/share/action_interfaces/cmake/action_interfaces__rosidl_generator_cExport.cmake
[0.893s] -- Up-to-date: /home/mo/Thesis/install/action_interfaces/share/action_interfaces/cmake/action_interfaces__rosidl_generator_cExport-noconfig.cmake
[0.893s] -- Up-to-date: /home/mo/Thesis/install/action_interfaces/share/action_interfaces/cmake/action_interfaces__rosidl_typesupport_introspection_cExport.cmake
[0.893s] -- Up-to-date: /home/mo/Thesis/install/action_interfaces/share/action_interfaces/cmake/action_interfaces__rosidl_typesupport_introspection_cExport-noconfig.cmake
[0.893s] -- Up-to-date: /home/mo/Thesis/install/action_interfaces/share/action_interfaces/cmake/action_interfaces__rosidl_typesupport_cExport.cmake
[0.893s] -- Up-to-date: /home/mo/Thesis/install/action_interfaces/share/action_interfaces/cmake/action_interfaces__rosidl_typesupport_cExport-noconfig.cmake
[0.893s] -- Up-to-date: /home/mo/Thesis/install/action_interfaces/share/action_interfaces/cmake/action_interfaces__rosidl_generator_cppExport.cmake
[0.894s] -- Up-to-date: /home/mo/Thesis/install/action_interfaces/share/action_interfaces/cmake/action_interfaces__rosidl_typesupport_introspection_cppExport.cmake
[0.894s] -- Up-to-date: /home/mo/Thesis/install/action_interfaces/share/action_interfaces/cmake/action_interfaces__rosidl_typesupport_introspection_cppExport-noconfig.cmake
[0.894s] -- Up-to-date: /home/mo/Thesis/install/action_interfaces/share/action_interfaces/cmake/action_interfaces__rosidl_typesupport_cppExport.cmake
[0.894s] -- Up-to-date: /home/mo/Thesis/install/action_interfaces/share/action_interfaces/cmake/action_interfaces__rosidl_typesupport_cppExport-noconfig.cmake
[0.894s] -- Up-to-date: /home/mo/Thesis/install/action_interfaces/share/action_interfaces/cmake/rosidl_cmake-extras.cmake
[0.895s] -- Up-to-date: /home/mo/Thesis/install/action_interfaces/share/action_interfaces/cmake/ament_cmake_export_dependencies-extras.cmake
[0.895s] -- Up-to-date: /home/mo/Thesis/install/action_interfaces/share/action_interfaces/cmake/ament_cmake_export_libraries-extras.cmake
[0.895s] -- Up-to-date: /home/mo/Thesis/install/action_interfaces/share/action_interfaces/cmake/ament_cmake_export_targets-extras.cmake
[0.895s] -- Up-to-date: /home/mo/Thesis/install/action_interfaces/share/action_interfaces/cmake/ament_cmake_export_include_directories-extras.cmake
[0.895s] -- Up-to-date: /home/mo/Thesis/install/action_interfaces/share/action_interfaces/cmake/rosidl_cmake_export_typesupport_libraries-extras.cmake
[0.895s] -- Up-to-date: /home/mo/Thesis/install/action_interfaces/share/action_interfaces/cmake/rosidl_cmake_export_typesupport_targets-extras.cmake
[0.895s] -- Up-to-date: /home/mo/Thesis/install/action_interfaces/share/action_interfaces/cmake/action_interfacesConfig.cmake
[0.895s] -- Up-to-date: /home/mo/Thesis/install/action_interfaces/share/action_interfaces/cmake/action_interfacesConfig-version.cmake
[0.895s] -- Up-to-date: /home/mo/Thesis/install/action_interfaces/share/action_interfaces/package.xml
[0.959s] Invoked command in '/home/mo/Thesis/build/action_interfaces' returned '0': CMAKE_PREFIX_PATH=${CMAKE_PREFIX_PATH}:/home/mo/Thesis/install/vision:/home/mo/Thesis/install/vcnanoz:/home/mo/Thesis/install/sensopart_visor:/home/mo/Thesis/install/robot_control:/home/mo/Thesis/install/kr_example_python:/home/mo/Thesis/install/action_servers:/opt/ros/foxy /usr/bin/cmake --install /home/mo/Thesis/build/action_interfaces
