[0.079s] Invoking command in '/home/vboxuser/ros2_ws/build/kr_msgs': CMAKE_PREFIX_PATH=${CMAKE_PREFIX_PATH}:/home/vboxuser/ros2_ws/install/vision:/home/vboxuser/ros2_ws/install/robot_control:/home/vboxuser/ros2_ws/install/kr_example_python:/home/vboxuser/ros2_ws/install/bt_pkg:/home/vboxuser/ros2_ws/install/action_tutorials_py:/home/vboxuser/ros2_ws/install/action_pkg:/opt/ros/foxy /usr/bin/cmake /home/vboxuser/ros2_ws/src/orange-ros2/kr_msgs -DCMAKE_INSTALL_PREFIX=/home/vboxuser/ros2_ws/install/kr_msgs
[0.391s] -- The C compiler identification is GNU 9.4.0
[0.391s] -- The CXX compiler identification is GNU 9.4.0
[0.391s] -- Check for working C compiler: /usr/bin/cc
[0.391s] -- Check for working C compiler: /usr/bin/cc -- works
[0.391s] -- Detecting C compiler ABI info
[0.497s] -- Detecting C compiler ABI info - done
[0.509s] -- Detecting C compile features
[0.510s] -- Detecting C compile features - done
[0.512s] -- Check for working CXX compiler: /usr/bin/c++
[0.672s] -- Check for working CXX compiler: /usr/bin/c++ -- works
[0.674s] -- Detecting CXX compiler ABI info
[0.812s] -- Detecting CXX compiler ABI info - done
[0.831s] -- Detecting CXX compile features
[0.832s] -- Detecting CXX compile features - done
[0.832s] -- Found ament_cmake: 0.9.12 (/opt/ros/foxy/share/ament_cmake/cmake)
[0.871s] -- Found PythonInterp: /usr/bin/python3 (found suitable version "3.8.10", minimum required is "3") 
[0.871s] -- Using PYTHON_EXECUTABLE: /usr/bin/python3
[1.205s] -- Found builtin_interfaces: 1.0.0 (/opt/ros/foxy/share/builtin_interfaces/cmake)
[1.252s] -- Using all available rosidl_typesupport_c: rosidl_typesupport_fastrtps_c;rosidl_typesupport_introspection_c
[1.260s] -- Found rosidl_adapter: 1.3.1 (/opt/ros/foxy/share/rosidl_adapter/cmake)
[1.404s] -- Found OpenSSL: /usr/lib/x86_64-linux-gnu/libcrypto.so (found version "1.1.1f")  
[1.435s] -- Found FastRTPS: /opt/ros/foxy/include  
[1.525s] -- Using all available rosidl_typesupport_cpp: rosidl_typesupport_fastrtps_cpp;rosidl_typesupport_introspection_cpp
[1.553s] -- Found rosidl_default_generators: 1.0.1 (/opt/ros/foxy/share/rosidl_default_generators/cmake)
[1.566s] -- Found unique_identifier_msgs: 2.1.3 (/opt/ros/foxy/share/unique_identifier_msgs/cmake)
[1.577s] -- Found std_msgs: 2.0.5 (/opt/ros/foxy/share/std_msgs/cmake)
[1.595s] -- Found ament_lint_auto: 0.9.8 (/opt/ros/foxy/share/ament_lint_auto/cmake)
[1.728s] -- Found PythonInterp: /usr/bin/python3 (found version "3.8.10") 
[2.220s] -- Found ament_cmake_ros: 0.9.2 (/opt/ros/foxy/share/ament_cmake_ros/cmake)
[2.487s] -- Using all available rosidl_typesupport_c: rosidl_typesupport_fastrtps_c;rosidl_typesupport_introspection_c
[2.629s] -- Using all available rosidl_typesupport_cpp: rosidl_typesupport_fastrtps_cpp;rosidl_typesupport_introspection_cpp
[2.673s] -- Found PythonInterp: /usr/bin/python3 (found suitable version "3.8.10", minimum required is "3.5") 
[2.674s] -- Found python_cmake_module: 0.8.1 (/opt/ros/foxy/share/python_cmake_module/cmake)
[2.716s] -- Found PythonLibs: /usr/lib/x86_64-linux-gnu/libpython3.8.so (found suitable version "3.8.10", minimum required is "3.5") 
[2.716s] -- Using PYTHON_EXECUTABLE: /usr/bin/python3
[2.716s] -- Using PYTHON_INCLUDE_DIRS: /usr/include/python3.8
[2.716s] -- Using PYTHON_LIBRARIES: /usr/lib/x86_64-linux-gnu/libpython3.8.so
[2.773s] -- Found PythonExtra: .so  
[3.266s] -- Added test 'copyright' to check source files copyright and LICENSE
[3.274s] -- Added test 'lint_cmake' to check CMake code style
[3.282s] -- Added test 'xmllint' to check XML markup files
[3.319s] -- Configuring done
[3.590s] -- Generating done
[3.592s] -- Build files have been written to: /home/vboxuser/ros2_ws/build/kr_msgs
[3.660s] Invoked command in '/home/vboxuser/ros2_ws/build/kr_msgs' returned '0': CMAKE_PREFIX_PATH=${CMAKE_PREFIX_PATH}:/home/vboxuser/ros2_ws/install/vision:/home/vboxuser/ros2_ws/install/robot_control:/home/vboxuser/ros2_ws/install/kr_example_python:/home/vboxuser/ros2_ws/install/bt_pkg:/home/vboxuser/ros2_ws/install/action_tutorials_py:/home/vboxuser/ros2_ws/install/action_pkg:/opt/ros/foxy /usr/bin/cmake /home/vboxuser/ros2_ws/src/orange-ros2/kr_msgs -DCMAKE_INSTALL_PREFIX=/home/vboxuser/ros2_ws/install/kr_msgs
[3.661s] Invoking command in '/home/vboxuser/ros2_ws/build/kr_msgs': CMAKE_PREFIX_PATH=${CMAKE_PREFIX_PATH}:/home/vboxuser/ros2_ws/install/vision:/home/vboxuser/ros2_ws/install/robot_control:/home/vboxuser/ros2_ws/install/kr_example_python:/home/vboxuser/ros2_ws/install/bt_pkg:/home/vboxuser/ros2_ws/install/action_tutorials_py:/home/vboxuser/ros2_ws/install/action_pkg:/opt/ros/foxy /usr/bin/cmake --build /home/vboxuser/ros2_ws/build/kr_msgs -- -j8 -l8
[3.834s] [35m[1mScanning dependencies of target kr_msgs__cpp[0m
[3.862s] [  0%] [34m[1mGenerating C code for ROS interfaces[0m
[4.099s] [  0%] [34m[1mGenerating C++ code for ROS interfaces[0m
[13.701s] [  0%] Built target kr_msgs__cpp
[13.722s] [  0%] [34m[1mGenerating C++ type support dispatch for ROS interfaces[0m
[13.841s] [  0%] [34m[1mGenerating C++ introspection for ROS interfaces[0m
[15.438s] [35m[1mScanning dependencies of target kr_msgs__rosidl_generator_c[0m
[15.532s] [  0%] [34m[1mGenerating C++ type support for eProsima Fast-RTPS[0m
[15.830s] [  0%] [32mBuilding C object CMakeFiles/kr_msgs__rosidl_generator_c.dir/rosidl_generator_c/kr_msgs/msg/detail/follow_joint__functions.c.o[0m
[15.834s] [  1%] [32mBuilding C object CMakeFiles/kr_msgs__rosidl_generator_c.dir/rosidl_generator_c/kr_msgs/msg/detail/follow_linear__functions.c.o[0m
[15.885s] [  1%] [32mBuilding C object CMakeFiles/kr_msgs__rosidl_generator_c.dir/rosidl_generator_c/kr_msgs/msg/detail/geometry_plane__functions.c.o[0m
[15.885s] [  1%] [32mBuilding C object CMakeFiles/kr_msgs__rosidl_generator_c.dir/rosidl_generator_c/kr_msgs/msg/detail/jog_joint__functions.c.o[0m
[15.936s] [  1%] [32mBuilding C object CMakeFiles/kr_msgs__rosidl_generator_c.dir/rosidl_generator_c/kr_msgs/msg/detail/jog_linear__functions.c.o[0m
[16.061s] [  2%] [32mBuilding C object CMakeFiles/kr_msgs__rosidl_generator_c.dir/rosidl_generator_c/kr_msgs/msg/detail/motion_heartbeat__functions.c.o[0m
[16.118s] [  2%] [32mBuilding C object CMakeFiles/kr_msgs__rosidl_generator_c.dir/rosidl_generator_c/kr_msgs/msg/detail/number__functions.c.o[0m
[16.161s] [  2%] [32mBuilding C object CMakeFiles/kr_msgs__rosidl_generator_c.dir/rosidl_generator_c/kr_msgs/msg/detail/program_interact__functions.c.o[0m
[16.176s] [  2%] [32mBuilding C object CMakeFiles/kr_msgs__rosidl_generator_c.dir/rosidl_generator_c/kr_msgs/msg/detail/quadrature__functions.c.o[0m
[16.224s] [  2%] [32mBuilding C object CMakeFiles/kr_msgs__rosidl_generator_c.dir/rosidl_generator_c/kr_msgs/msg/detail/robot_mode__functions.c.o[0m
[17.854s] [  3%] [32mBuilding C object CMakeFiles/kr_msgs__rosidl_generator_c.dir/rosidl_generator_c/kr_msgs/msg/detail/robot_pose__functions.c.o[0m
[17.958s] [  3%] [32mBuilding C object CMakeFiles/kr_msgs__rosidl_generator_c.dir/rosidl_generator_c/kr_msgs/msg/detail/safety_event__functions.c.o[0m
[17.966s] [  3%] [32mBuilding C object CMakeFiles/kr_msgs__rosidl_generator_c.dir/rosidl_generator_c/kr_msgs/msg/detail/robot_state__functions.c.o[0m
[18.329s] [  3%] [32mBuilding C object CMakeFiles/kr_msgs__rosidl_generator_c.dir/rosidl_generator_c/kr_msgs/msg/detail/self_motion__functions.c.o[0m
[18.339s] [  4%] [32mBuilding C object CMakeFiles/kr_msgs__rosidl_generator_c.dir/rosidl_generator_c/kr_msgs/msg/detail/safety_zone__functions.c.o[0m
[18.353s] [  4%] [32mBuilding C object CMakeFiles/kr_msgs__rosidl_generator_c.dir/rosidl_generator_c/kr_msgs/msg/detail/safety_mode__functions.c.o[0m
[18.470s] [  4%] [32mBuilding C object CMakeFiles/kr_msgs__rosidl_generator_c.dir/rosidl_generator_c/kr_msgs/msg/detail/system_state__functions.c.o[0m
[18.470s] [  4%] [32mBuilding C object CMakeFiles/kr_msgs__rosidl_generator_c.dir/rosidl_generator_c/kr_msgs/srv/detail/config_analog_output__functions.c.o[0m
[18.613s] [  4%] [32mBuilding C object CMakeFiles/kr_msgs__rosidl_generator_c.dir/rosidl_generator_c/kr_msgs/srv/detail/config_discrete_output__functions.c.o[0m
[18.648s] [  5%] [32mBuilding C object CMakeFiles/kr_msgs__rosidl_generator_c.dir/rosidl_generator_c/kr_msgs/srv/detail/config_quadrature_input__functions.c.o[0m
[18.808s] [  5%] [32mBuilding C object CMakeFiles/kr_msgs__rosidl_generator_c.dir/rosidl_generator_c/kr_msgs/srv/detail/get_analog_input__functions.c.o[0m
[18.830s] [  5%] [32mBuilding C object CMakeFiles/kr_msgs__rosidl_generator_c.dir/rosidl_generator_c/kr_msgs/srv/detail/get_discrete_input__functions.c.o[0m
[19.158s] [  5%] [32mBuilding C object CMakeFiles/kr_msgs__rosidl_generator_c.dir/rosidl_generator_c/kr_msgs/srv/detail/get_quadrature_input__functions.c.o[0m
[19.254s] [  6%] [32mBuilding C object CMakeFiles/kr_msgs__rosidl_generator_c.dir/rosidl_generator_c/kr_msgs/srv/detail/set_analog_output__functions.c.o[0m
[19.277s] [  6%] [32mBuilding C object CMakeFiles/kr_msgs__rosidl_generator_c.dir/rosidl_generator_c/kr_msgs/srv/detail/set_discrete_output__functions.c.o[0m
[19.364s] [  6%] [32mBuilding C object CMakeFiles/kr_msgs__rosidl_generator_c.dir/rosidl_generator_c/kr_msgs/srv/detail/move_linear__functions.c.o[0m
[19.369s] [  6%] [32mBuilding C object CMakeFiles/kr_msgs__rosidl_generator_c.dir/rosidl_generator_c/kr_msgs/srv/detail/move_joint__functions.c.o[0m
[19.390s] [  6%] [32mBuilding C object CMakeFiles/kr_msgs__rosidl_generator_c.dir/rosidl_generator_c/kr_msgs/srv/detail/move_spline__functions.c.o[0m
[19.435s] [  7%] [32mBuilding C object CMakeFiles/kr_msgs__rosidl_generator_c.dir/rosidl_generator_c/kr_msgs/srv/detail/pause_motion__functions.c.o[0m
[19.914s] [  7%] [32mBuilding C object CMakeFiles/kr_msgs__rosidl_generator_c.dir/rosidl_generator_c/kr_msgs/srv/detail/select_jogging_frame__functions.c.o[0m
[19.914s] [  7%] [32mBuilding C object CMakeFiles/kr_msgs__rosidl_generator_c.dir/rosidl_generator_c/kr_msgs/srv/detail/resume_motion__functions.c.o[0m
[20.016s] [  8%] [32mBuilding C object CMakeFiles/kr_msgs__rosidl_generator_c.dir/rosidl_generator_c/kr_msgs/srv/detail/set_interactivity__functions.c.o[0m
[20.027s] [  8%] [32mBuilding C object CMakeFiles/kr_msgs__rosidl_generator_c.dir/rosidl_generator_c/kr_msgs/srv/detail/set_custom_frame__functions.c.o[0m
[20.190s] [  8%] [32mBuilding C object CMakeFiles/kr_msgs__rosidl_generator_c.dir/rosidl_generator_c/kr_msgs/srv/detail/terminate_motion__functions.c.o[0m
[20.211s] [  8%] [32mBuilding C object CMakeFiles/kr_msgs__rosidl_generator_c.dir/rosidl_generator_c/kr_msgs/srv/detail/get_program_state__functions.c.o[0m
[20.228s] [  8%] [32mBuilding C object CMakeFiles/kr_msgs__rosidl_generator_c.dir/rosidl_generator_c/kr_msgs/srv/detail/pause_program__functions.c.o[0m
[20.410s] [  8%] [32mBuilding C object CMakeFiles/kr_msgs__rosidl_generator_c.dir/rosidl_generator_c/kr_msgs/srv/detail/program_recovery__functions.c.o[0m
[20.701s] [  8%] [32mBuilding C object CMakeFiles/kr_msgs__rosidl_generator_c.dir/rosidl_generator_c/kr_msgs/srv/detail/stop_program__functions.c.o[0m
[20.712s] [  8%] [32mBuilding C object CMakeFiles/kr_msgs__rosidl_generator_c.dir/rosidl_generator_c/kr_msgs/srv/detail/step_program__functions.c.o[0m
[20.772s] [  8%] [32mBuilding C object CMakeFiles/kr_msgs__rosidl_generator_c.dir/rosidl_generator_c/kr_msgs/srv/detail/get_robot_pose__functions.c.o[0m
[20.783s] [  8%] [32mBuilding C object CMakeFiles/kr_msgs__rosidl_generator_c.dir/rosidl_generator_c/kr_msgs/srv/detail/get_system_frame__functions.c.o[0m
[20.877s] [  9%] [32mBuilding C object CMakeFiles/kr_msgs__rosidl_generator_c.dir/rosidl_generator_c/kr_msgs/srv/detail/get_system_load__functions.c.o[0m
[20.950s] [  9%] [32mBuilding C object CMakeFiles/kr_msgs__rosidl_generator_c.dir/rosidl_generator_c/kr_msgs/srv/detail/set_system_frame__functions.c.o[0m
[20.958s] [  9%] [32mBuilding C object CMakeFiles/kr_msgs__rosidl_generator_c.dir/rosidl_generator_c/kr_msgs/srv/detail/set_system_load__functions.c.o[0m
[20.988s] [  9%] [32mBuilding C object CMakeFiles/kr_msgs__rosidl_generator_c.dir/rosidl_generator_c/kr_msgs/srv/detail/get_master_speed__functions.c.o[0m
[21.012s] [ 10%] [32mBuilding C object CMakeFiles/kr_msgs__rosidl_generator_c.dir/rosidl_generator_c/kr_msgs/srv/detail/resume_program__functions.c.o[0m
[21.157s] [ 10%] [32mBuilding C object CMakeFiles/kr_msgs__rosidl_generator_c.dir/rosidl_generator_c/kr_msgs/srv/detail/get_robot_state__functions.c.o[0m
[21.175s] [ 11%] [32mBuilding C object CMakeFiles/kr_msgs__rosidl_generator_c.dir/rosidl_generator_c/kr_msgs/srv/detail/get_robot_mode__functions.c.o[0m
[21.234s] [ 11%] [32mBuilding C object CMakeFiles/kr_msgs__rosidl_generator_c.dir/rosidl_generator_c/kr_msgs/srv/detail/get_safety_mode__functions.c.o[0m
[21.270s] [ 11%] [32mBuilding C object CMakeFiles/kr_msgs__rosidl_generator_c.dir/rosidl_generator_c/kr_msgs/srv/detail/get_safety_zones__functions.c.o[0m
[21.333s] [ 11%] [32mBuilding C object CMakeFiles/kr_msgs__rosidl_generator_c.dir/rosidl_generator_c/kr_msgs/srv/detail/log_alarm__functions.c.o[0m
[21.359s] [ 12%] [32mBuilding C object CMakeFiles/kr_msgs__rosidl_generator_c.dir/rosidl_generator_c/kr_msgs/srv/detail/suspend_robot__functions.c.o[0m
[21.406s] [ 12%] [32mBuilding C object CMakeFiles/kr_msgs__rosidl_generator_c.dir/rosidl_generator_c/kr_msgs/srv/detail/unlock_robot__functions.c.o[0m
[21.408s] [ 12%] [32mBuilding C object CMakeFiles/kr_msgs__rosidl_generator_c.dir/rosidl_generator_c/kr_msgs/srv/detail/unsuspend_robot__functions.c.o[0m
[21.468s] [35m[1mScanning dependencies of target kr_msgs__rosidl_typesupport_introspection_cpp[0m
[21.474s] [35m[1mScanning dependencies of target kr_msgs__rosidl_typesupport_cpp[0m
[21.517s] [ 13%] [32mBuilding CXX object CMakeFiles/kr_msgs__rosidl_typesupport_cpp.dir/rosidl_typesupport_cpp/kr_msgs/msg/follow_joint__type_support.cpp.o[0m
[21.527s] [ 14%] [32mBuilding CXX object CMakeFiles/kr_msgs__rosidl_typesupport_introspection_cpp.dir/rosidl_typesupport_introspection_cpp/kr_msgs/msg/detail/follow_joint__type_support.cpp.o[0m
[21.530s] [ 14%] [32m[1mLinking C shared library libkr_msgs__rosidl_generator_c.so[0m
[21.536s] [ 14%] [32mBuilding CXX object CMakeFiles/kr_msgs__rosidl_typesupport_introspection_cpp.dir/rosidl_typesupport_introspection_cpp/kr_msgs/msg/detail/follow_linear__type_support.cpp.o[0m
[21.801s] [ 14%] [32mBuilding CXX object CMakeFiles/kr_msgs__rosidl_typesupport_introspection_cpp.dir/rosidl_typesupport_introspection_cpp/kr_msgs/msg/detail/geometry_plane__type_support.cpp.o[0m
[21.803s] [ 14%] Built target kr_msgs__rosidl_generator_c
[21.814s] [ 14%] [32mBuilding CXX object CMakeFiles/kr_msgs__rosidl_typesupport_introspection_cpp.dir/rosidl_typesupport_introspection_cpp/kr_msgs/msg/detail/jog_joint__type_support.cpp.o[0m
[21.820s] [ 14%] [32mBuilding CXX object CMakeFiles/kr_msgs__rosidl_typesupport_cpp.dir/rosidl_typesupport_cpp/kr_msgs/msg/geometry_plane__type_support.cpp.o[0m
[21.826s] [ 15%] [34m[1mGenerating C type support dispatch for ROS interfaces[0m
[21.836s] [ 15%] [32mBuilding CXX object CMakeFiles/kr_msgs__rosidl_typesupport_cpp.dir/rosidl_typesupport_cpp/kr_msgs/msg/follow_linear__type_support.cpp.o[0m
[22.080s] [ 16%] [32mBuilding CXX object CMakeFiles/kr_msgs__rosidl_typesupport_introspection_cpp.dir/rosidl_typesupport_introspection_cpp/kr_msgs/msg/detail/jog_linear__type_support.cpp.o[0m
[22.096s] [ 16%] [32mBuilding CXX object CMakeFiles/kr_msgs__rosidl_typesupport_introspection_cpp.dir/rosidl_typesupport_introspection_cpp/kr_msgs/msg/detail/motion_heartbeat__type_support.cpp.o[0m
[22.189s] [ 16%] [32mBuilding CXX object CMakeFiles/kr_msgs__rosidl_typesupport_cpp.dir/rosidl_typesupport_cpp/kr_msgs/msg/jog_joint__type_support.cpp.o[0m
[22.199s] [ 16%] [32mBuilding CXX object CMakeFiles/kr_msgs__rosidl_typesupport_cpp.dir/rosidl_typesupport_cpp/kr_msgs/msg/jog_linear__type_support.cpp.o[0m
[22.224s] [ 16%] [32mBuilding CXX object CMakeFiles/kr_msgs__rosidl_typesupport_introspection_cpp.dir/rosidl_typesupport_introspection_cpp/kr_msgs/msg/detail/number__type_support.cpp.o[0m
[22.538s] [ 16%] [32mBuilding CXX object CMakeFiles/kr_msgs__rosidl_typesupport_introspection_cpp.dir/rosidl_typesupport_introspection_cpp/kr_msgs/msg/detail/program_interact__type_support.cpp.o[0m
[22.554s] [ 17%] [32mBuilding CXX object CMakeFiles/kr_msgs__rosidl_typesupport_cpp.dir/rosidl_typesupport_cpp/kr_msgs/msg/motion_heartbeat__type_support.cpp.o[0m
[22.606s] [ 17%] [32mBuilding CXX object CMakeFiles/kr_msgs__rosidl_typesupport_introspection_cpp.dir/rosidl_typesupport_introspection_cpp/kr_msgs/msg/detail/quadrature__type_support.cpp.o[0m
[22.663s] [ 17%] [32mBuilding CXX object CMakeFiles/kr_msgs__rosidl_typesupport_cpp.dir/rosidl_typesupport_cpp/kr_msgs/msg/number__type_support.cpp.o[0m
[22.686s] [ 18%] [32mBuilding CXX object CMakeFiles/kr_msgs__rosidl_typesupport_introspection_cpp.dir/rosidl_typesupport_introspection_cpp/kr_msgs/msg/detail/robot_mode__type_support.cpp.o[0m
[22.826s] [ 18%] [32mBuilding CXX object CMakeFiles/kr_msgs__rosidl_typesupport_introspection_cpp.dir/rosidl_typesupport_introspection_cpp/kr_msgs/msg/detail/robot_pose__type_support.cpp.o[0m
[22.842s] [35m[1mScanning dependencies of target kr_msgs__rosidl_typesupport_fastrtps_cpp[0m
[22.941s] [ 18%] [32mBuilding CXX object CMakeFiles/kr_msgs__rosidl_typesupport_introspection_cpp.dir/rosidl_typesupport_introspection_cpp/kr_msgs/msg/detail/robot_state__type_support.cpp.o[0m
[23.046s] [ 18%] [32mBuilding CXX object CMakeFiles/kr_msgs__rosidl_typesupport_cpp.dir/rosidl_typesupport_cpp/kr_msgs/msg/program_interact__type_support.cpp.o[0m
[23.054s] [ 18%] [32mBuilding CXX object CMakeFiles/kr_msgs__rosidl_typesupport_introspection_cpp.dir/rosidl_typesupport_introspection_cpp/kr_msgs/msg/detail/safety_event__type_support.cpp.o[0m
[23.131s] [ 18%] [32mBuilding CXX object CMakeFiles/kr_msgs__rosidl_typesupport_cpp.dir/rosidl_typesupport_cpp/kr_msgs/msg/quadrature__type_support.cpp.o[0m
[23.151s] [ 19%] [32mBuilding CXX object CMakeFiles/kr_msgs__rosidl_typesupport_fastrtps_cpp.dir/rosidl_typesupport_fastrtps_cpp/kr_msgs/msg/detail/dds_fastrtps/follow_joint__type_support.cpp.o[0m
[23.267s] [ 19%] [32mBuilding CXX object CMakeFiles/kr_msgs__rosidl_typesupport_introspection_cpp.dir/rosidl_typesupport_introspection_cpp/kr_msgs/msg/detail/safety_mode__type_support.cpp.o[0m
[23.376s] [ 20%] [32mBuilding CXX object CMakeFiles/kr_msgs__rosidl_typesupport_introspection_cpp.dir/rosidl_typesupport_introspection_cpp/kr_msgs/msg/detail/safety_zone__type_support.cpp.o[0m
[23.488s] [ 20%] [32mBuilding CXX object CMakeFiles/kr_msgs__rosidl_typesupport_introspection_cpp.dir/rosidl_typesupport_introspection_cpp/kr_msgs/msg/detail/self_motion__type_support.cpp.o[0m
[23.498s] [ 21%] [32mBuilding CXX object CMakeFiles/kr_msgs__rosidl_typesupport_cpp.dir/rosidl_typesupport_cpp/kr_msgs/msg/robot_mode__type_support.cpp.o[0m
[23.648s] [ 21%] [32mBuilding CXX object CMakeFiles/kr_msgs__rosidl_typesupport_cpp.dir/rosidl_typesupport_cpp/kr_msgs/msg/robot_pose__type_support.cpp.o[0m
[23.656s] [ 21%] [32mBuilding CXX object CMakeFiles/kr_msgs__rosidl_typesupport_introspection_cpp.dir/rosidl_typesupport_introspection_cpp/kr_msgs/msg/detail/system_state__type_support.cpp.o[0m
[23.688s] [ 21%] [32mBuilding CXX object CMakeFiles/kr_msgs__rosidl_typesupport_fastrtps_cpp.dir/rosidl_typesupport_fastrtps_cpp/kr_msgs/msg/detail/dds_fastrtps/follow_linear__type_support.cpp.o[0m
[23.709s] [ 21%] [32mBuilding CXX object CMakeFiles/kr_msgs__rosidl_typesupport_introspection_cpp.dir/rosidl_typesupport_introspection_cpp/kr_msgs/srv/detail/config_analog_output__type_support.cpp.o[0m
[23.818s] [ 22%] [32mBuilding CXX object CMakeFiles/kr_msgs__rosidl_typesupport_introspection_cpp.dir/rosidl_typesupport_introspection_cpp/kr_msgs/srv/detail/config_discrete_output__type_support.cpp.o[0m
[23.924s] [ 22%] [32mBuilding CXX object CMakeFiles/kr_msgs__rosidl_typesupport_introspection_cpp.dir/rosidl_typesupport_introspection_cpp/kr_msgs/srv/detail/config_quadrature_input__type_support.cpp.o[0m
[23.939s] [ 22%] [32mBuilding CXX object CMakeFiles/kr_msgs__rosidl_typesupport_cpp.dir/rosidl_typesupport_cpp/kr_msgs/msg/robot_state__type_support.cpp.o[0m
[24.199s] [ 22%] [32mBuilding CXX object CMakeFiles/kr_msgs__rosidl_typesupport_introspection_cpp.dir/rosidl_typesupport_introspection_cpp/kr_msgs/srv/detail/get_discrete_input__type_support.cpp.o[0m
[24.233s] [ 22%] [32mBuilding CXX object CMakeFiles/kr_msgs__rosidl_typesupport_cpp.dir/rosidl_typesupport_cpp/kr_msgs/msg/safety_event__type_support.cpp.o[0m
[24.252s] [ 22%] [32mBuilding CXX object CMakeFiles/kr_msgs__rosidl_typesupport_introspection_cpp.dir/rosidl_typesupport_introspection_cpp/kr_msgs/srv/detail/get_analog_input__type_support.cpp.o[0m
[24.267s] [ 22%] [32mBuilding CXX object CMakeFiles/kr_msgs__rosidl_typesupport_fastrtps_cpp.dir/rosidl_typesupport_fastrtps_cpp/kr_msgs/msg/detail/dds_fastrtps/geometry_plane__type_support.cpp.o[0m
[24.535s] [ 22%] [32mBuilding CXX object CMakeFiles/kr_msgs__rosidl_typesupport_cpp.dir/rosidl_typesupport_cpp/kr_msgs/msg/safety_mode__type_support.cpp.o[0m
[24.553s] [ 22%] [32mBuilding CXX object CMakeFiles/kr_msgs__rosidl_typesupport_introspection_cpp.dir/rosidl_typesupport_introspection_cpp/kr_msgs/srv/detail/move_joint__type_support.cpp.o[0m
[24.685s] [ 22%] [32mBuilding CXX object CMakeFiles/kr_msgs__rosidl_typesupport_fastrtps_cpp.dir/rosidl_typesupport_fastrtps_cpp/kr_msgs/msg/detail/dds_fastrtps/jog_joint__type_support.cpp.o[0m
[24.797s] [ 23%] [32mBuilding CXX object CMakeFiles/kr_msgs__rosidl_typesupport_cpp.dir/rosidl_typesupport_cpp/kr_msgs/msg/safety_zone__type_support.cpp.o[0m
[24.837s] [ 23%] [32mBuilding CXX object CMakeFiles/kr_msgs__rosidl_typesupport_introspection_cpp.dir/rosidl_typesupport_introspection_cpp/kr_msgs/srv/detail/set_discrete_output__type_support.cpp.o[0m
[25.071s] [ 23%] [32mBuilding CXX object CMakeFiles/kr_msgs__rosidl_typesupport_cpp.dir/rosidl_typesupport_cpp/kr_msgs/msg/self_motion__type_support.cpp.o[0m
[25.092s] [ 23%] [32mBuilding CXX object CMakeFiles/kr_msgs__rosidl_typesupport_fastrtps_cpp.dir/rosidl_typesupport_fastrtps_cpp/kr_msgs/msg/detail/dds_fastrtps/jog_linear__type_support.cpp.o[0m
[25.109s] [ 24%] [32mBuilding CXX object CMakeFiles/kr_msgs__rosidl_typesupport_introspection_cpp.dir/rosidl_typesupport_introspection_cpp/kr_msgs/srv/detail/set_analog_output__type_support.cpp.o[0m
[25.334s] [ 24%] [32mBuilding CXX object CMakeFiles/kr_msgs__rosidl_typesupport_cpp.dir/rosidl_typesupport_cpp/kr_msgs/srv/config_analog_output__type_support.cpp.o[0m
[25.362s] [ 24%] [32mBuilding CXX object CMakeFiles/kr_msgs__rosidl_typesupport_introspection_cpp.dir/rosidl_typesupport_introspection_cpp/kr_msgs/srv/detail/move_linear__type_support.cpp.o[0m
[25.484s] [ 25%] [32mBuilding CXX object CMakeFiles/kr_msgs__rosidl_typesupport_fastrtps_cpp.dir/rosidl_typesupport_fastrtps_cpp/kr_msgs/msg/detail/dds_fastrtps/motion_heartbeat__type_support.cpp.o[0m
[25.588s] [ 25%] [32mBuilding CXX object CMakeFiles/kr_msgs__rosidl_typesupport_cpp.dir/rosidl_typesupport_cpp/kr_msgs/srv/config_discrete_output__type_support.cpp.o[0m
[25.625s] [ 25%] [32mBuilding CXX object CMakeFiles/kr_msgs__rosidl_typesupport_introspection_cpp.dir/rosidl_typesupport_introspection_cpp/kr_msgs/srv/detail/get_quadrature_input__type_support.cpp.o[0m
[25.846s] [ 25%] [32mBuilding CXX object CMakeFiles/kr_msgs__rosidl_typesupport_cpp.dir/rosidl_typesupport_cpp/kr_msgs/msg/system_state__type_support.cpp.o[0m
[25.847s] [ 25%] [32mBuilding CXX object CMakeFiles/kr_msgs__rosidl_typesupport_fastrtps_cpp.dir/rosidl_typesupport_fastrtps_cpp/kr_msgs/msg/detail/dds_fastrtps/program_interact__type_support.cpp.o[0m
[26.003s] [ 25%] [32mBuilding CXX object CMakeFiles/kr_msgs__rosidl_typesupport_introspection_cpp.dir/rosidl_typesupport_introspection_cpp/kr_msgs/srv/detail/pause_motion__type_support.cpp.o[0m
[26.271s] [ 26%] [32mBuilding CXX object CMakeFiles/kr_msgs__rosidl_typesupport_cpp.dir/rosidl_typesupport_cpp/kr_msgs/srv/config_quadrature_input__type_support.cpp.o[0m
[26.367s] [ 26%] [32mBuilding CXX object CMakeFiles/kr_msgs__rosidl_typesupport_introspection_cpp.dir/rosidl_typesupport_introspection_cpp/kr_msgs/srv/detail/resume_motion__type_support.cpp.o[0m
[26.431s] [ 26%] [32mBuilding CXX object CMakeFiles/kr_msgs__rosidl_typesupport_fastrtps_cpp.dir/rosidl_typesupport_fastrtps_cpp/kr_msgs/msg/detail/dds_fastrtps/number__type_support.cpp.o[0m
[26.567s] [ 26%] [32mBuilding CXX object CMakeFiles/kr_msgs__rosidl_typesupport_cpp.dir/rosidl_typesupport_cpp/kr_msgs/srv/get_analog_input__type_support.cpp.o[0m
[26.668s] [ 26%] [32mBuilding CXX object CMakeFiles/kr_msgs__rosidl_typesupport_introspection_cpp.dir/rosidl_typesupport_introspection_cpp/kr_msgs/srv/detail/select_jogging_frame__type_support.cpp.o[0m
[26.774s] [35m[1mScanning dependencies of target kr_msgs__rosidl_typesupport_c[0m
[26.846s] [ 26%] [32mBuilding CXX object CMakeFiles/kr_msgs__rosidl_typesupport_c.dir/rosidl_typesupport_c/kr_msgs/msg/follow_joint__type_support.cpp.o[0m
[26.854s] [ 26%] [32mBuilding CXX object CMakeFiles/kr_msgs__rosidl_typesupport_fastrtps_cpp.dir/rosidl_typesupport_fastrtps_cpp/kr_msgs/msg/detail/dds_fastrtps/quadrature__type_support.cpp.o[0m
[26.868s] [ 26%] [32mBuilding CXX object CMakeFiles/kr_msgs__rosidl_typesupport_cpp.dir/rosidl_typesupport_cpp/kr_msgs/srv/get_discrete_input__type_support.cpp.o[0m
[26.889s] [ 26%] [32mBuilding CXX object CMakeFiles/kr_msgs__rosidl_typesupport_c.dir/rosidl_typesupport_c/kr_msgs/msg/follow_linear__type_support.cpp.o[0m
[26.934s] [ 26%] [32mBuilding CXX object CMakeFiles/kr_msgs__rosidl_typesupport_c.dir/rosidl_typesupport_c/kr_msgs/msg/geometry_plane__type_support.cpp.o[0m
[26.974s] [ 26%] [32mBuilding CXX object CMakeFiles/kr_msgs__rosidl_typesupport_c.dir/rosidl_typesupport_c/kr_msgs/msg/jog_joint__type_support.cpp.o[0m
[26.987s] [ 26%] [32mBuilding CXX object CMakeFiles/kr_msgs__rosidl_typesupport_introspection_cpp.dir/rosidl_typesupport_introspection_cpp/kr_msgs/srv/detail/set_custom_frame__type_support.cpp.o[0m
[27.019s] [ 27%] [32mBuilding CXX object CMakeFiles/kr_msgs__rosidl_typesupport_c.dir/rosidl_typesupport_c/kr_msgs/msg/jog_linear__type_support.cpp.o[0m
[27.071s] [ 27%] [32mBuilding CXX object CMakeFiles/kr_msgs__rosidl_typesupport_c.dir/rosidl_typesupport_c/kr_msgs/msg/motion_heartbeat__type_support.cpp.o[0m
[27.116s] [ 27%] [32mBuilding CXX object CMakeFiles/kr_msgs__rosidl_typesupport_c.dir/rosidl_typesupport_c/kr_msgs/msg/number__type_support.cpp.o[0m
[27.167s] [ 27%] [32mBuilding CXX object CMakeFiles/kr_msgs__rosidl_typesupport_cpp.dir/rosidl_typesupport_cpp/kr_msgs/srv/get_quadrature_input__type_support.cpp.o[0m
[27.171s] [ 27%] [32mBuilding CXX object CMakeFiles/kr_msgs__rosidl_typesupport_c.dir/rosidl_typesupport_c/kr_msgs/msg/program_interact__type_support.cpp.o[0m
[27.221s] [ 28%] [32mBuilding CXX object CMakeFiles/kr_msgs__rosidl_typesupport_c.dir/rosidl_typesupport_c/kr_msgs/msg/quadrature__type_support.cpp.o[0m
[27.269s] [ 28%] [32mBuilding CXX object CMakeFiles/kr_msgs__rosidl_typesupport_c.dir/rosidl_typesupport_c/kr_msgs/msg/robot_mode__type_support.cpp.o[0m
[27.285s] [ 29%] [32mBuilding CXX object CMakeFiles/kr_msgs__rosidl_typesupport_fastrtps_cpp.dir/rosidl_typesupport_fastrtps_cpp/kr_msgs/msg/detail/dds_fastrtps/robot_mode__type_support.cpp.o[0m
[27.307s] [ 30%] [32mBuilding CXX object CMakeFiles/kr_msgs__rosidl_typesupport_introspection_cpp.dir/rosidl_typesupport_introspection_cpp/kr_msgs/srv/detail/move_spline__type_support.cpp.o[0m
[27.313s] [ 30%] [32mBuilding CXX object CMakeFiles/kr_msgs__rosidl_typesupport_c.dir/rosidl_typesupport_c/kr_msgs/msg/robot_pose__type_support.cpp.o[0m
[27.352s] [ 30%] [32mBuilding CXX object CMakeFiles/kr_msgs__rosidl_typesupport_c.dir/rosidl_typesupport_c/kr_msgs/msg/robot_state__type_support.cpp.o[0m
[27.392s] [ 30%] [32mBuilding CXX object CMakeFiles/kr_msgs__rosidl_typesupport_c.dir/rosidl_typesupport_c/kr_msgs/msg/safety_event__type_support.cpp.o[0m
[27.429s] [ 31%] [32mBuilding CXX object CMakeFiles/kr_msgs__rosidl_typesupport_c.dir/rosidl_typesupport_c/kr_msgs/msg/safety_mode__type_support.cpp.o[0m
[27.439s] [ 32%] [32mBuilding CXX object CMakeFiles/kr_msgs__rosidl_typesupport_cpp.dir/rosidl_typesupport_cpp/kr_msgs/srv/set_analog_output__type_support.cpp.o[0m
[27.466s] [ 32%] [32mBuilding CXX object CMakeFiles/kr_msgs__rosidl_typesupport_c.dir/rosidl_typesupport_c/kr_msgs/msg/safety_zone__type_support.cpp.o[0m
[27.503s] [ 32%] [32mBuilding CXX object CMakeFiles/kr_msgs__rosidl_typesupport_c.dir/rosidl_typesupport_c/kr_msgs/msg/self_motion__type_support.cpp.o[0m
[27.539s] [ 32%] [32mBuilding CXX object CMakeFiles/kr_msgs__rosidl_typesupport_c.dir/rosidl_typesupport_c/kr_msgs/msg/system_state__type_support.cpp.o[0m
[27.577s] [ 34%] [32mBuilding CXX object CMakeFiles/kr_msgs__rosidl_typesupport_introspection_cpp.dir/rosidl_typesupport_introspection_cpp/kr_msgs/srv/detail/set_interactivity__type_support.cpp.o[0m
[27.578s] [ 34%] [32mBuilding CXX object CMakeFiles/kr_msgs__rosidl_typesupport_c.dir/rosidl_typesupport_c/kr_msgs/srv/config_analog_output__type_support.cpp.o[0m
[27.614s] [ 34%] [32mBuilding CXX object CMakeFiles/kr_msgs__rosidl_typesupport_c.dir/rosidl_typesupport_c/kr_msgs/srv/config_discrete_output__type_support.cpp.o[0m
[27.653s] [ 34%] [32mBuilding CXX object CMakeFiles/kr_msgs__rosidl_typesupport_c.dir/rosidl_typesupport_c/kr_msgs/srv/config_quadrature_input__type_support.cpp.o[0m
[27.660s] [ 34%] [32mBuilding CXX object CMakeFiles/kr_msgs__rosidl_typesupport_fastrtps_cpp.dir/rosidl_typesupport_fastrtps_cpp/kr_msgs/msg/detail/dds_fastrtps/robot_state__type_support.cpp.o[0m
[27.691s] [ 34%] [32mBuilding CXX object CMakeFiles/kr_msgs__rosidl_typesupport_c.dir/rosidl_typesupport_c/kr_msgs/srv/get_analog_input__type_support.cpp.o[0m
[27.697s] [ 34%] [32mBuilding CXX object CMakeFiles/kr_msgs__rosidl_typesupport_cpp.dir/rosidl_typesupport_cpp/kr_msgs/srv/set_discrete_output__type_support.cpp.o[0m
[27.729s] [ 34%] [32mBuilding CXX object CMakeFiles/kr_msgs__rosidl_typesupport_c.dir/rosidl_typesupport_c/kr_msgs/srv/get_discrete_input__type_support.cpp.o[0m
[27.766s] [ 35%] [32mBuilding CXX object CMakeFiles/kr_msgs__rosidl_typesupport_c.dir/rosidl_typesupport_c/kr_msgs/srv/get_quadrature_input__type_support.cpp.o[0m
[27.804s] [ 35%] [32mBuilding CXX object CMakeFiles/kr_msgs__rosidl_typesupport_c.dir/rosidl_typesupport_c/kr_msgs/srv/set_analog_output__type_support.cpp.o[0m
[27.830s] [ 35%] [32mBuilding CXX object CMakeFiles/kr_msgs__rosidl_typesupport_introspection_cpp.dir/rosidl_typesupport_introspection_cpp/kr_msgs/srv/detail/terminate_motion__type_support.cpp.o[0m
[27.841s] [ 35%] [32mBuilding CXX object CMakeFiles/kr_msgs__rosidl_typesupport_c.dir/rosidl_typesupport_c/kr_msgs/srv/set_discrete_output__type_support.cpp.o[0m
[27.878s] [ 35%] [32mBuilding CXX object CMakeFiles/kr_msgs__rosidl_typesupport_c.dir/rosidl_typesupport_c/kr_msgs/srv/move_joint__type_support.cpp.o[0m
[27.918s] [ 35%] [32mBuilding CXX object CMakeFiles/kr_msgs__rosidl_typesupport_c.dir/rosidl_typesupport_c/kr_msgs/srv/move_linear__type_support.cpp.o[0m
[27.949s] [ 35%] [32mBuilding CXX object CMakeFiles/kr_msgs__rosidl_typesupport_cpp.dir/rosidl_typesupport_cpp/kr_msgs/srv/move_joint__type_support.cpp.o[0m
[27.954s] [ 36%] [32mBuilding CXX object CMakeFiles/kr_msgs__rosidl_typesupport_c.dir/rosidl_typesupport_c/kr_msgs/srv/move_spline__type_support.cpp.o[0m
[27.993s] [ 36%] [32mBuilding CXX object CMakeFiles/kr_msgs__rosidl_typesupport_c.dir/rosidl_typesupport_c/kr_msgs/srv/pause_motion__type_support.cpp.o[0m
[28.030s] [ 36%] [32mBuilding CXX object CMakeFiles/kr_msgs__rosidl_typesupport_fastrtps_cpp.dir/rosidl_typesupport_fastrtps_cpp/kr_msgs/msg/detail/dds_fastrtps/safety_event__type_support.cpp.o[0m
[28.030s] [ 36%] [32mBuilding CXX object CMakeFiles/kr_msgs__rosidl_typesupport_c.dir/rosidl_typesupport_c/kr_msgs/srv/resume_motion__type_support.cpp.o[0m
[28.068s] [ 36%] [32mBuilding CXX object CMakeFiles/kr_msgs__rosidl_typesupport_c.dir/rosidl_typesupport_c/kr_msgs/srv/select_jogging_frame__type_support.cpp.o[0m
[28.086s] [ 36%] [32mBuilding CXX object CMakeFiles/kr_msgs__rosidl_typesupport_introspection_cpp.dir/rosidl_typesupport_introspection_cpp/kr_msgs/srv/detail/get_program_state__type_support.cpp.o[0m
[28.106s] [ 37%] [32mBuilding CXX object CMakeFiles/kr_msgs__rosidl_typesupport_c.dir/rosidl_typesupport_c/kr_msgs/srv/set_custom_frame__type_support.cpp.o[0m
[28.143s] [ 37%] [32mBuilding CXX object CMakeFiles/kr_msgs__rosidl_typesupport_c.dir/rosidl_typesupport_c/kr_msgs/srv/set_interactivity__type_support.cpp.o[0m
[28.181s] [ 37%] [32mBuilding CXX object CMakeFiles/kr_msgs__rosidl_typesupport_c.dir/rosidl_typesupport_c/kr_msgs/srv/terminate_motion__type_support.cpp.o[0m
[28.210s] [ 37%] [32mBuilding CXX object CMakeFiles/kr_msgs__rosidl_typesupport_cpp.dir/rosidl_typesupport_cpp/kr_msgs/srv/move_spline__type_support.cpp.o[0m
[28.217s] [ 37%] [32mBuilding CXX object CMakeFiles/kr_msgs__rosidl_typesupport_c.dir/rosidl_typesupport_c/kr_msgs/srv/get_program_state__type_support.cpp.o[0m
[28.255s] [ 37%] [32mBuilding CXX object CMakeFiles/kr_msgs__rosidl_typesupport_c.dir/rosidl_typesupport_c/kr_msgs/srv/pause_program__type_support.cpp.o[0m
[28.294s] [ 38%] [32mBuilding CXX object CMakeFiles/kr_msgs__rosidl_typesupport_c.dir/rosidl_typesupport_c/kr_msgs/srv/program_recovery__type_support.cpp.o[0m
[28.332s] [ 38%] [32mBuilding CXX object CMakeFiles/kr_msgs__rosidl_typesupport_c.dir/rosidl_typesupport_c/kr_msgs/srv/resume_program__type_support.cpp.o[0m
[28.341s] [ 38%] [32mBuilding CXX object CMakeFiles/kr_msgs__rosidl_typesupport_introspection_cpp.dir/rosidl_typesupport_introspection_cpp/kr_msgs/srv/detail/pause_program__type_support.cpp.o[0m
[28.371s] [ 38%] [32mBuilding CXX object CMakeFiles/kr_msgs__rosidl_typesupport_c.dir/rosidl_typesupport_c/kr_msgs/srv/step_program__type_support.cpp.o[0m
[28.396s] [ 38%] [32mBuilding CXX object CMakeFiles/kr_msgs__rosidl_typesupport_fastrtps_cpp.dir/rosidl_typesupport_fastrtps_cpp/kr_msgs/msg/detail/dds_fastrtps/safety_mode__type_support.cpp.o[0m
[28.411s] [ 38%] [32mBuilding CXX object CMakeFiles/kr_msgs__rosidl_typesupport_c.dir/rosidl_typesupport_c/kr_msgs/srv/stop_program__type_support.cpp.o[0m
[28.450s] [ 39%] [32mBuilding CXX object CMakeFiles/kr_msgs__rosidl_typesupport_c.dir/rosidl_typesupport_c/kr_msgs/srv/get_robot_pose__type_support.cpp.o[0m
[28.460s] [ 40%] [32mBuilding CXX object CMakeFiles/kr_msgs__rosidl_typesupport_cpp.dir/rosidl_typesupport_cpp/kr_msgs/srv/pause_motion__type_support.cpp.o[0m
[28.695s] [ 40%] [32mBuilding CXX object CMakeFiles/kr_msgs__rosidl_typesupport_c.dir/rosidl_typesupport_c/kr_msgs/srv/get_system_frame__type_support.cpp.o[0m
[28.754s] [ 40%] [32mBuilding CXX object CMakeFiles/kr_msgs__rosidl_typesupport_c.dir/rosidl_typesupport_c/kr_msgs/srv/get_system_load__type_support.cpp.o[0m
[28.809s] [ 40%] [32mBuilding CXX object CMakeFiles/kr_msgs__rosidl_typesupport_c.dir/rosidl_typesupport_c/kr_msgs/srv/set_system_frame__type_support.cpp.o[0m
[28.819s] [ 41%] [32mBuilding CXX object CMakeFiles/kr_msgs__rosidl_typesupport_introspection_cpp.dir/rosidl_typesupport_introspection_cpp/kr_msgs/srv/detail/program_recovery__type_support.cpp.o[0m
[28.863s] [ 41%] [32mBuilding CXX object CMakeFiles/kr_msgs__rosidl_typesupport_c.dir/rosidl_typesupport_c/kr_msgs/srv/set_system_load__type_support.cpp.o[0m
[28.921s] [ 42%] [32mBuilding CXX object CMakeFiles/kr_msgs__rosidl_typesupport_c.dir/rosidl_typesupport_c/kr_msgs/srv/get_master_speed__type_support.cpp.o[0m
[28.973s] [ 42%] [32mBuilding CXX object CMakeFiles/kr_msgs__rosidl_typesupport_c.dir/rosidl_typesupport_c/kr_msgs/srv/get_robot_mode__type_support.cpp.o[0m
[29.016s] [ 42%] [32mBuilding CXX object CMakeFiles/kr_msgs__rosidl_typesupport_cpp.dir/rosidl_typesupport_cpp/kr_msgs/srv/resume_motion__type_support.cpp.o[0m
[29.020s] [ 42%] [32mBuilding CXX object CMakeFiles/kr_msgs__rosidl_typesupport_c.dir/rosidl_typesupport_c/kr_msgs/srv/get_robot_state__type_support.cpp.o[0m
[29.072s] [ 42%] [32mBuilding CXX object CMakeFiles/kr_msgs__rosidl_typesupport_c.dir/rosidl_typesupport_c/kr_msgs/srv/get_safety_mode__type_support.cpp.o[0m
[29.078s] [ 42%] [32mBuilding CXX object CMakeFiles/kr_msgs__rosidl_typesupport_fastrtps_cpp.dir/rosidl_typesupport_fastrtps_cpp/kr_msgs/msg/detail/dds_fastrtps/robot_pose__type_support.cpp.o[0m
[29.117s] [ 43%] [32mBuilding CXX object CMakeFiles/kr_msgs__rosidl_typesupport_c.dir/rosidl_typesupport_c/kr_msgs/srv/get_safety_zones__type_support.cpp.o[0m
[29.152s] [ 43%] [32mBuilding CXX object CMakeFiles/kr_msgs__rosidl_typesupport_introspection_cpp.dir/rosidl_typesupport_introspection_cpp/kr_msgs/srv/detail/resume_program__type_support.cpp.o[0m
[29.167s] [ 43%] [32mBuilding CXX object CMakeFiles/kr_msgs__rosidl_typesupport_c.dir/rosidl_typesupport_c/kr_msgs/srv/log_alarm__type_support.cpp.o[0m
[29.208s] [ 43%] [32mBuilding CXX object CMakeFiles/kr_msgs__rosidl_typesupport_c.dir/rosidl_typesupport_c/kr_msgs/srv/suspend_robot__type_support.cpp.o[0m
[29.249s] [ 43%] [32mBuilding CXX object CMakeFiles/kr_msgs__rosidl_typesupport_c.dir/rosidl_typesupport_c/kr_msgs/srv/unlock_robot__type_support.cpp.o[0m
[29.295s] [ 43%] [32mBuilding CXX object CMakeFiles/kr_msgs__rosidl_typesupport_c.dir/rosidl_typesupport_c/kr_msgs/srv/unsuspend_robot__type_support.cpp.o[0m
[29.313s] [ 43%] [32mBuilding CXX object CMakeFiles/kr_msgs__rosidl_typesupport_introspection_cpp.dir/rosidl_typesupport_introspection_cpp/kr_msgs/srv/detail/step_program__type_support.cpp.o[0m
[29.315s] [ 43%] [32mBuilding CXX object CMakeFiles/kr_msgs__rosidl_typesupport_cpp.dir/rosidl_typesupport_cpp/kr_msgs/srv/select_jogging_frame__type_support.cpp.o[0m
[29.337s] [ 44%] [32m[1mLinking CXX shared library libkr_msgs__rosidl_typesupport_c.so[0m
[29.443s] [ 44%] Built target kr_msgs__rosidl_typesupport_c
[29.467s] [ 45%] [34m[1mGenerating C introspection for ROS interfaces[0m
[29.482s] [ 45%] [32mBuilding CXX object CMakeFiles/kr_msgs__rosidl_typesupport_introspection_cpp.dir/rosidl_typesupport_introspection_cpp/kr_msgs/srv/detail/stop_program__type_support.cpp.o[0m
[29.600s] [ 46%] [32mBuilding CXX object CMakeFiles/kr_msgs__rosidl_typesupport_fastrtps_cpp.dir/rosidl_typesupport_fastrtps_cpp/kr_msgs/msg/detail/dds_fastrtps/safety_zone__type_support.cpp.o[0m
[29.834s] [ 47%] [32mBuilding CXX object CMakeFiles/kr_msgs__rosidl_typesupport_cpp.dir/rosidl_typesupport_cpp/kr_msgs/srv/set_interactivity__type_support.cpp.o[0m
[29.834s] [ 47%] [32mBuilding CXX object CMakeFiles/kr_msgs__rosidl_typesupport_introspection_cpp.dir/rosidl_typesupport_introspection_cpp/kr_msgs/srv/detail/get_robot_pose__type_support.cpp.o[0m
[30.047s] [ 48%] [32mBuilding CXX object CMakeFiles/kr_msgs__rosidl_typesupport_introspection_cpp.dir/rosidl_typesupport_introspection_cpp/kr_msgs/srv/detail/get_system_frame__type_support.cpp.o[0m
[30.181s] [ 48%] [32mBuilding CXX object CMakeFiles/kr_msgs__rosidl_typesupport_cpp.dir/rosidl_typesupport_cpp/kr_msgs/srv/set_custom_frame__type_support.cpp.o[0m
[30.241s] [ 48%] [32mBuilding CXX object CMakeFiles/kr_msgs__rosidl_typesupport_introspection_cpp.dir/rosidl_typesupport_introspection_cpp/kr_msgs/srv/detail/get_system_load__type_support.cpp.o[0m
[30.282s] [ 48%] [32mBuilding CXX object CMakeFiles/kr_msgs__rosidl_typesupport_fastrtps_cpp.dir/rosidl_typesupport_fastrtps_cpp/kr_msgs/msg/detail/dds_fastrtps/self_motion__type_support.cpp.o[0m
[30.472s] [ 48%] [32mBuilding CXX object CMakeFiles/kr_msgs__rosidl_typesupport_introspection_cpp.dir/rosidl_typesupport_introspection_cpp/kr_msgs/srv/detail/set_system_frame__type_support.cpp.o[0m
[30.563s] [ 48%] [32mBuilding CXX object CMakeFiles/kr_msgs__rosidl_typesupport_cpp.dir/rosidl_typesupport_cpp/kr_msgs/srv/terminate_motion__type_support.cpp.o[0m
[30.860s] [ 48%] [32mBuilding CXX object CMakeFiles/kr_msgs__rosidl_typesupport_fastrtps_cpp.dir/rosidl_typesupport_fastrtps_cpp/kr_msgs/msg/detail/dds_fastrtps/system_state__type_support.cpp.o[0m
[31.023s] [ 48%] [32mBuilding CXX object CMakeFiles/kr_msgs__rosidl_typesupport_introspection_cpp.dir/rosidl_typesupport_introspection_cpp/kr_msgs/srv/detail/get_robot_mode__type_support.cpp.o[0m
[31.024s] [ 48%] [32mBuilding CXX object CMakeFiles/kr_msgs__rosidl_typesupport_cpp.dir/rosidl_typesupport_cpp/kr_msgs/srv/move_linear__type_support.cpp.o[0m
[31.383s] [ 49%] [32mBuilding CXX object CMakeFiles/kr_msgs__rosidl_typesupport_cpp.dir/rosidl_typesupport_cpp/kr_msgs/srv/get_program_state__type_support.cpp.o[0m
[31.383s] [ 49%] [32mBuilding CXX object CMakeFiles/kr_msgs__rosidl_typesupport_introspection_cpp.dir/rosidl_typesupport_introspection_cpp/kr_msgs/srv/detail/get_master_speed__type_support.cpp.o[0m
[31.427s] [ 49%] [32mBuilding CXX object CMakeFiles/kr_msgs__rosidl_typesupport_fastrtps_cpp.dir/rosidl_typesupport_fastrtps_cpp/kr_msgs/srv/detail/dds_fastrtps/config_quadrature_input__type_support.cpp.o[0m
[31.701s] [ 49%] [32mBuilding CXX object CMakeFiles/kr_msgs__rosidl_typesupport_cpp.dir/rosidl_typesupport_cpp/kr_msgs/srv/pause_program__type_support.cpp.o[0m
[31.705s] [ 49%] [32mBuilding CXX object CMakeFiles/kr_msgs__rosidl_typesupport_introspection_cpp.dir/rosidl_typesupport_introspection_cpp/kr_msgs/srv/detail/get_robot_state__type_support.cpp.o[0m
[31.871s] [ 50%] [32mBuilding CXX object CMakeFiles/kr_msgs__rosidl_typesupport_fastrtps_cpp.dir/rosidl_typesupport_fastrtps_cpp/kr_msgs/srv/detail/dds_fastrtps/config_discrete_output__type_support.cpp.o[0m
[31.985s] [ 50%] [32mBuilding CXX object CMakeFiles/kr_msgs__rosidl_typesupport_cpp.dir/rosidl_typesupport_cpp/kr_msgs/srv/program_recovery__type_support.cpp.o[0m
[32.001s] [ 50%] [32mBuilding CXX object CMakeFiles/kr_msgs__rosidl_typesupport_introspection_cpp.dir/rosidl_typesupport_introspection_cpp/kr_msgs/srv/detail/get_safety_mode__type_support.cpp.o[0m
[32.308s] [ 51%] [32mBuilding CXX object CMakeFiles/kr_msgs__rosidl_typesupport_cpp.dir/rosidl_typesupport_cpp/kr_msgs/srv/resume_program__type_support.cpp.o[0m
[32.318s] [ 51%] [32mBuilding CXX object CMakeFiles/kr_msgs__rosidl_typesupport_fastrtps_cpp.dir/rosidl_typesupport_fastrtps_cpp/kr_msgs/srv/detail/dds_fastrtps/get_analog_input__type_support.cpp.o[0m
[32.321s] [ 51%] [32mBuilding CXX object CMakeFiles/kr_msgs__rosidl_typesupport_introspection_cpp.dir/rosidl_typesupport_introspection_cpp/kr_msgs/srv/detail/get_safety_zones__type_support.cpp.o[0m
[32.618s] [ 51%] [32mBuilding CXX object CMakeFiles/kr_msgs__rosidl_typesupport_cpp.dir/rosidl_typesupport_cpp/kr_msgs/srv/step_program__type_support.cpp.o[0m
[32.671s] [ 51%] [32mBuilding CXX object CMakeFiles/kr_msgs__rosidl_typesupport_introspection_cpp.dir/rosidl_typesupport_introspection_cpp/kr_msgs/srv/detail/set_system_load__type_support.cpp.o[0m
[32.731s] [ 51%] [32mBuilding CXX object CMakeFiles/kr_msgs__rosidl_typesupport_fastrtps_cpp.dir/rosidl_typesupport_fastrtps_cpp/kr_msgs/srv/detail/dds_fastrtps/get_quadrature_input__type_support.cpp.o[0m
[32.951s] [ 51%] [32mBuilding CXX object CMakeFiles/kr_msgs__rosidl_typesupport_cpp.dir/rosidl_typesupport_cpp/kr_msgs/srv/stop_program__type_support.cpp.o[0m
[33.158s] [ 52%] [32mBuilding CXX object CMakeFiles/kr_msgs__rosidl_typesupport_introspection_cpp.dir/rosidl_typesupport_introspection_cpp/kr_msgs/srv/detail/log_alarm__type_support.cpp.o[0m
[33.327s] [ 52%] [32mBuilding CXX object CMakeFiles/kr_msgs__rosidl_typesupport_cpp.dir/rosidl_typesupport_cpp/kr_msgs/srv/get_robot_pose__type_support.cpp.o[0m
[33.359s] [ 53%] [32mBuilding CXX object CMakeFiles/kr_msgs__rosidl_typesupport_fastrtps_cpp.dir/rosidl_typesupport_fastrtps_cpp/kr_msgs/srv/detail/dds_fastrtps/set_analog_output__type_support.cpp.o[0m
[33.499s] [ 53%] [32mBuilding CXX object CMakeFiles/kr_msgs__rosidl_typesupport_introspection_cpp.dir/rosidl_typesupport_introspection_cpp/kr_msgs/srv/detail/suspend_robot__type_support.cpp.o[0m
[33.629s] [ 54%] [32mBuilding CXX object CMakeFiles/kr_msgs__rosidl_typesupport_cpp.dir/rosidl_typesupport_cpp/kr_msgs/srv/get_system_frame__type_support.cpp.o[0m
[33.748s] [ 54%] [32mBuilding CXX object CMakeFiles/kr_msgs__rosidl_typesupport_fastrtps_cpp.dir/rosidl_typesupport_fastrtps_cpp/kr_msgs/srv/detail/dds_fastrtps/set_discrete_output__type_support.cpp.o[0m
[33.759s] [ 54%] [32mBuilding CXX object CMakeFiles/kr_msgs__rosidl_typesupport_introspection_cpp.dir/rosidl_typesupport_introspection_cpp/kr_msgs/srv/detail/unlock_robot__type_support.cpp.o[0m
[33.970s] [ 54%] [32mBuilding CXX object CMakeFiles/kr_msgs__rosidl_typesupport_cpp.dir/rosidl_typesupport_cpp/kr_msgs/srv/get_system_load__type_support.cpp.o[0m
[34.030s] [ 54%] [32mBuilding CXX object CMakeFiles/kr_msgs__rosidl_typesupport_introspection_cpp.dir/rosidl_typesupport_introspection_cpp/kr_msgs/srv/detail/unsuspend_robot__type_support.cpp.o[0m
[34.145s] [ 54%] [32mBuilding CXX object CMakeFiles/kr_msgs__rosidl_typesupport_fastrtps_cpp.dir/rosidl_typesupport_fastrtps_cpp/kr_msgs/srv/detail/dds_fastrtps/move_joint__type_support.cpp.o[0m
[34.415s] [ 54%] [32mBuilding CXX object CMakeFiles/kr_msgs__rosidl_typesupport_cpp.dir/rosidl_typesupport_cpp/kr_msgs/srv/set_system_load__type_support.cpp.o[0m
[34.623s] [ 55%] [32m[1mLinking CXX shared library libkr_msgs__rosidl_typesupport_introspection_cpp.so[0m
[34.772s] [ 55%] [32mBuilding CXX object CMakeFiles/kr_msgs__rosidl_typesupport_cpp.dir/rosidl_typesupport_cpp/kr_msgs/srv/set_system_frame__type_support.cpp.o[0m
[34.821s] [ 55%] Built target kr_msgs__rosidl_typesupport_introspection_cpp
[34.853s] [ 56%] [32mBuilding CXX object CMakeFiles/kr_msgs__rosidl_typesupport_fastrtps_cpp.dir/rosidl_typesupport_fastrtps_cpp/kr_msgs/srv/detail/dds_fastrtps/move_spline__type_support.cpp.o[0m
[35.112s] [ 57%] [32mBuilding CXX object CMakeFiles/kr_msgs__rosidl_typesupport_cpp.dir/rosidl_typesupport_cpp/kr_msgs/srv/get_robot_mode__type_support.cpp.o[0m
[35.305s] [ 57%] [32mBuilding CXX object CMakeFiles/kr_msgs__rosidl_typesupport_fastrtps_cpp.dir/rosidl_typesupport_fastrtps_cpp/kr_msgs/srv/detail/dds_fastrtps/move_linear__type_support.cpp.o[0m
[35.456s] [ 57%] [32mBuilding CXX object CMakeFiles/kr_msgs__rosidl_typesupport_cpp.dir/rosidl_typesupport_cpp/kr_msgs/srv/get_robot_state__type_support.cpp.o[0m
[35.849s] [ 57%] [32mBuilding CXX object CMakeFiles/kr_msgs__rosidl_typesupport_cpp.dir/rosidl_typesupport_cpp/kr_msgs/srv/get_safety_mode__type_support.cpp.o[0m
[35.897s] [ 57%] [32mBuilding CXX object CMakeFiles/kr_msgs__rosidl_typesupport_fastrtps_cpp.dir/rosidl_typesupport_fastrtps_cpp/kr_msgs/srv/detail/dds_fastrtps/pause_motion__type_support.cpp.o[0m
[36.115s] [35m[1mScanning dependencies of target kr_msgs__rosidl_typesupport_introspection_c[0m
[36.170s] [ 57%] [32mBuilding C object CMakeFiles/kr_msgs__rosidl_typesupport_introspection_c.dir/rosidl_typesupport_introspection_c/kr_msgs/msg/detail/follow_joint__type_support.c.o[0m
[36.221s] [ 58%] [32mBuilding C object CMakeFiles/kr_msgs__rosidl_typesupport_introspection_c.dir/rosidl_typesupport_introspection_c/kr_msgs/msg/detail/follow_linear__type_support.c.o[0m
[36.225s] [ 58%] [32mBuilding CXX object CMakeFiles/kr_msgs__rosidl_typesupport_cpp.dir/rosidl_typesupport_cpp/kr_msgs/srv/log_alarm__type_support.cpp.o[0m
[36.297s] [ 58%] [32mBuilding C object CMakeFiles/kr_msgs__rosidl_typesupport_introspection_c.dir/rosidl_typesupport_introspection_c/kr_msgs/msg/detail/geometry_plane__type_support.c.o[0m
[36.341s] [ 59%] [32mBuilding C object CMakeFiles/kr_msgs__rosidl_typesupport_introspection_c.dir/rosidl_typesupport_introspection_c/kr_msgs/msg/detail/jog_joint__type_support.c.o[0m
[36.361s] [ 59%] [32mBuilding CXX object CMakeFiles/kr_msgs__rosidl_typesupport_fastrtps_cpp.dir/rosidl_typesupport_fastrtps_cpp/kr_msgs/srv/detail/dds_fastrtps/resume_motion__type_support.cpp.o[0m
[36.388s] [ 59%] [32mBuilding C object CMakeFiles/kr_msgs__rosidl_typesupport_introspection_c.dir/rosidl_typesupport_introspection_c/kr_msgs/msg/detail/jog_linear__type_support.c.o[0m
[36.434s] [ 59%] [32mBuilding C object CMakeFiles/kr_msgs__rosidl_typesupport_introspection_c.dir/rosidl_typesupport_introspection_c/kr_msgs/msg/detail/motion_heartbeat__type_support.c.o[0m
[36.502s] [ 59%] [32mBuilding C object CMakeFiles/kr_msgs__rosidl_typesupport_introspection_c.dir/rosidl_typesupport_introspection_c/kr_msgs/msg/detail/number__type_support.c.o[0m
[36.550s] [ 59%] [32mBuilding C object CMakeFiles/kr_msgs__rosidl_typesupport_introspection_c.dir/rosidl_typesupport_introspection_c/kr_msgs/msg/detail/program_interact__type_support.c.o[0m
[36.568s] [ 59%] [32mBuilding CXX object CMakeFiles/kr_msgs__rosidl_typesupport_cpp.dir/rosidl_typesupport_cpp/kr_msgs/srv/get_safety_zones__type_support.cpp.o[0m
[36.604s] [ 60%] [32mBuilding C object CMakeFiles/kr_msgs__rosidl_typesupport_introspection_c.dir/rosidl_typesupport_introspection_c/kr_msgs/msg/detail/quadrature__type_support.c.o[0m
[36.656s] [ 60%] [32mBuilding C object CMakeFiles/kr_msgs__rosidl_typesupport_introspection_c.dir/rosidl_typesupport_introspection_c/kr_msgs/msg/detail/robot_mode__type_support.c.o[0m
[36.703s] [ 60%] [32mBuilding C object CMakeFiles/kr_msgs__rosidl_typesupport_introspection_c.dir/rosidl_typesupport_introspection_c/kr_msgs/msg/detail/robot_pose__type_support.c.o[0m
[36.753s] [ 60%] [32mBuilding C object CMakeFiles/kr_msgs__rosidl_typesupport_introspection_c.dir/rosidl_typesupport_introspection_c/kr_msgs/msg/detail/robot_state__type_support.c.o[0m
[36.851s] [ 61%] [32mBuilding C object CMakeFiles/kr_msgs__rosidl_typesupport_introspection_c.dir/rosidl_typesupport_introspection_c/kr_msgs/msg/detail/safety_event__type_support.c.o[0m
[36.871s] [ 61%] [32mBuilding CXX object CMakeFiles/kr_msgs__rosidl_typesupport_fastrtps_cpp.dir/rosidl_typesupport_fastrtps_cpp/kr_msgs/srv/detail/dds_fastrtps/set_custom_frame__type_support.cpp.o[0m
[36.908s] [ 61%] [32mBuilding CXX object CMakeFiles/kr_msgs__rosidl_typesupport_cpp.dir/rosidl_typesupport_cpp/kr_msgs/srv/get_master_speed__type_support.cpp.o[0m
[36.916s] [ 61%] [32mBuilding C object CMakeFiles/kr_msgs__rosidl_typesupport_introspection_c.dir/rosidl_typesupport_introspection_c/kr_msgs/msg/detail/safety_zone__type_support.c.o[0m
[36.992s] [ 61%] [32mBuilding C object CMakeFiles/kr_msgs__rosidl_typesupport_introspection_c.dir/rosidl_typesupport_introspection_c/kr_msgs/msg/detail/safety_mode__type_support.c.o[0m
[37.041s] [ 61%] [32mBuilding C object CMakeFiles/kr_msgs__rosidl_typesupport_introspection_c.dir/rosidl_typesupport_introspection_c/kr_msgs/msg/detail/self_motion__type_support.c.o[0m
[37.093s] [ 61%] [32mBuilding C object CMakeFiles/kr_msgs__rosidl_typesupport_introspection_c.dir/rosidl_typesupport_introspection_c/kr_msgs/msg/detail/system_state__type_support.c.o[0m
[37.140s] [ 62%] [32mBuilding C object CMakeFiles/kr_msgs__rosidl_typesupport_introspection_c.dir/rosidl_typesupport_introspection_c/kr_msgs/srv/detail/config_analog_output__type_support.c.o[0m
[37.188s] [ 62%] [32mBuilding C object CMakeFiles/kr_msgs__rosidl_typesupport_introspection_c.dir/rosidl_typesupport_introspection_c/kr_msgs/srv/detail/config_discrete_output__type_support.c.o[0m
[37.221s] [ 62%] [32mBuilding CXX object CMakeFiles/kr_msgs__rosidl_typesupport_cpp.dir/rosidl_typesupport_cpp/kr_msgs/srv/suspend_robot__type_support.cpp.o[0m
[37.230s] [ 62%] [32mBuilding C object CMakeFiles/kr_msgs__rosidl_typesupport_introspection_c.dir/rosidl_typesupport_introspection_c/kr_msgs/srv/detail/config_quadrature_input__type_support.c.o[0m
[37.279s] [ 62%] [32mBuilding C object CMakeFiles/kr_msgs__rosidl_typesupport_introspection_c.dir/rosidl_typesupport_introspection_c/kr_msgs/srv/detail/get_analog_input__type_support.c.o[0m
[37.325s] [ 63%] [32mBuilding C object CMakeFiles/kr_msgs__rosidl_typesupport_introspection_c.dir/rosidl_typesupport_introspection_c/kr_msgs/srv/detail/get_discrete_input__type_support.c.o[0m
[37.358s] [ 63%] [32mBuilding CXX object CMakeFiles/kr_msgs__rosidl_typesupport_fastrtps_cpp.dir/rosidl_typesupport_fastrtps_cpp/kr_msgs/srv/detail/dds_fastrtps/terminate_motion__type_support.cpp.o[0m
[37.376s] [ 63%] [32mBuilding C object CMakeFiles/kr_msgs__rosidl_typesupport_introspection_c.dir/rosidl_typesupport_introspection_c/kr_msgs/srv/detail/get_quadrature_input__type_support.c.o[0m
[37.423s] [ 63%] [32mBuilding C object CMakeFiles/kr_msgs__rosidl_typesupport_introspection_c.dir/rosidl_typesupport_introspection_c/kr_msgs/srv/detail/set_analog_output__type_support.c.o[0m
[37.500s] [ 63%] [32mBuilding C object CMakeFiles/kr_msgs__rosidl_typesupport_introspection_c.dir/rosidl_typesupport_introspection_c/kr_msgs/srv/detail/set_discrete_output__type_support.c.o[0m
[37.508s] [ 63%] [32mBuilding CXX object CMakeFiles/kr_msgs__rosidl_typesupport_cpp.dir/rosidl_typesupport_cpp/kr_msgs/srv/unlock_robot__type_support.cpp.o[0m
[37.546s] [ 63%] [32mBuilding C object CMakeFiles/kr_msgs__rosidl_typesupport_introspection_c.dir/rosidl_typesupport_introspection_c/kr_msgs/srv/detail/move_joint__type_support.c.o[0m
[37.595s] [ 64%] [32mBuilding C object CMakeFiles/kr_msgs__rosidl_typesupport_introspection_c.dir/rosidl_typesupport_introspection_c/kr_msgs/srv/detail/move_linear__type_support.c.o[0m
[37.648s] [ 64%] [32mBuilding C object CMakeFiles/kr_msgs__rosidl_typesupport_introspection_c.dir/rosidl_typesupport_introspection_c/kr_msgs/srv/detail/move_spline__type_support.c.o[0m
[37.695s] [ 64%] [32mBuilding C object CMakeFiles/kr_msgs__rosidl_typesupport_introspection_c.dir/rosidl_typesupport_introspection_c/kr_msgs/srv/detail/pause_motion__type_support.c.o[0m
[37.740s] [ 64%] [32mBuilding C object CMakeFiles/kr_msgs__rosidl_typesupport_introspection_c.dir/rosidl_typesupport_introspection_c/kr_msgs/srv/detail/resume_motion__type_support.c.o[0m
[37.781s] [ 65%] [32mBuilding CXX object CMakeFiles/kr_msgs__rosidl_typesupport_fastrtps_cpp.dir/rosidl_typesupport_fastrtps_cpp/kr_msgs/srv/detail/dds_fastrtps/set_interactivity__type_support.cpp.o[0m
[37.789s] [ 65%] [32mBuilding C object CMakeFiles/kr_msgs__rosidl_typesupport_introspection_c.dir/rosidl_typesupport_introspection_c/kr_msgs/srv/detail/select_jogging_frame__type_support.c.o[0m
[37.803s] [ 65%] [32mBuilding CXX object CMakeFiles/kr_msgs__rosidl_typesupport_cpp.dir/rosidl_typesupport_cpp/kr_msgs/srv/unsuspend_robot__type_support.cpp.o[0m
[37.835s] [ 66%] [32mBuilding C object CMakeFiles/kr_msgs__rosidl_typesupport_introspection_c.dir/rosidl_typesupport_introspection_c/kr_msgs/srv/detail/set_custom_frame__type_support.c.o[0m
[37.882s] [ 66%] [32mBuilding C object CMakeFiles/kr_msgs__rosidl_typesupport_introspection_c.dir/rosidl_typesupport_introspection_c/kr_msgs/srv/detail/set_interactivity__type_support.c.o[0m
[37.928s] [ 66%] [32mBuilding C object CMakeFiles/kr_msgs__rosidl_typesupport_introspection_c.dir/rosidl_typesupport_introspection_c/kr_msgs/srv/detail/terminate_motion__type_support.c.o[0m
[37.976s] [ 66%] [32mBuilding C object CMakeFiles/kr_msgs__rosidl_typesupport_introspection_c.dir/rosidl_typesupport_introspection_c/kr_msgs/srv/detail/get_program_state__type_support.c.o[0m
[38.025s] [ 67%] [32mBuilding C object CMakeFiles/kr_msgs__rosidl_typesupport_introspection_c.dir/rosidl_typesupport_introspection_c/kr_msgs/srv/detail/pause_program__type_support.c.o[0m
[38.073s] [ 67%] [32mBuilding C object CMakeFiles/kr_msgs__rosidl_typesupport_introspection_c.dir/rosidl_typesupport_introspection_c/kr_msgs/srv/detail/program_recovery__type_support.c.o[0m
[38.093s] [ 67%] [32m[1mLinking CXX shared library libkr_msgs__rosidl_typesupport_cpp.so[0m
[38.120s] [ 67%] [32mBuilding C object CMakeFiles/kr_msgs__rosidl_typesupport_introspection_c.dir/rosidl_typesupport_introspection_c/kr_msgs/srv/detail/resume_program__type_support.c.o[0m
[38.166s] [ 67%] [32mBuilding C object CMakeFiles/kr_msgs__rosidl_typesupport_introspection_c.dir/rosidl_typesupport_introspection_c/kr_msgs/srv/detail/step_program__type_support.c.o[0m
[38.171s] [ 67%] Built target kr_msgs__rosidl_typesupport_cpp
[38.210s] [ 67%] [32mBuilding CXX object CMakeFiles/kr_msgs__rosidl_typesupport_fastrtps_cpp.dir/rosidl_typesupport_fastrtps_cpp/kr_msgs/srv/detail/dds_fastrtps/program_recovery__type_support.cpp.o[0m
[38.212s] [ 67%] [32mBuilding C object CMakeFiles/kr_msgs__rosidl_typesupport_introspection_c.dir/rosidl_typesupport_introspection_c/kr_msgs/srv/detail/stop_program__type_support.c.o[0m
[38.258s] [ 68%] [32mBuilding C object CMakeFiles/kr_msgs__rosidl_typesupport_introspection_c.dir/rosidl_typesupport_introspection_c/kr_msgs/srv/detail/get_robot_pose__type_support.c.o[0m
[38.302s] [ 68%] [32mBuilding C object CMakeFiles/kr_msgs__rosidl_typesupport_introspection_c.dir/rosidl_typesupport_introspection_c/kr_msgs/srv/detail/get_system_frame__type_support.c.o[0m
[38.346s] [ 68%] [32mBuilding C object CMakeFiles/kr_msgs__rosidl_typesupport_introspection_c.dir/rosidl_typesupport_introspection_c/kr_msgs/srv/detail/get_system_load__type_support.c.o[0m
[38.390s] [ 68%] [32mBuilding C object CMakeFiles/kr_msgs__rosidl_typesupport_introspection_c.dir/rosidl_typesupport_introspection_c/kr_msgs/srv/detail/set_system_frame__type_support.c.o[0m
[38.432s] [ 69%] [32mBuilding C object CMakeFiles/kr_msgs__rosidl_typesupport_introspection_c.dir/rosidl_typesupport_introspection_c/kr_msgs/srv/detail/set_system_load__type_support.c.o[0m
[38.474s] [ 69%] [32mBuilding C object CMakeFiles/kr_msgs__rosidl_typesupport_introspection_c.dir/rosidl_typesupport_introspection_c/kr_msgs/srv/detail/get_master_speed__type_support.c.o[0m
[38.515s] [ 69%] [32mBuilding C object CMakeFiles/kr_msgs__rosidl_typesupport_introspection_c.dir/rosidl_typesupport_introspection_c/kr_msgs/srv/detail/get_robot_mode__type_support.c.o[0m
[38.557s] [ 69%] [32mBuilding C object CMakeFiles/kr_msgs__rosidl_typesupport_introspection_c.dir/rosidl_typesupport_introspection_c/kr_msgs/srv/detail/get_robot_state__type_support.c.o[0m
[38.600s] [ 69%] [32mBuilding C object CMakeFiles/kr_msgs__rosidl_typesupport_introspection_c.dir/rosidl_typesupport_introspection_c/kr_msgs/srv/detail/get_safety_mode__type_support.c.o[0m
[38.607s] [ 70%] [32mBuilding CXX object CMakeFiles/kr_msgs__rosidl_typesupport_fastrtps_cpp.dir/rosidl_typesupport_fastrtps_cpp/kr_msgs/srv/detail/dds_fastrtps/resume_program__type_support.cpp.o[0m
[38.643s] [ 71%] [32mBuilding C object CMakeFiles/kr_msgs__rosidl_typesupport_introspection_c.dir/rosidl_typesupport_introspection_c/kr_msgs/srv/detail/get_safety_zones__type_support.c.o[0m
[38.687s] [ 71%] [32mBuilding C object CMakeFiles/kr_msgs__rosidl_typesupport_introspection_c.dir/rosidl_typesupport_introspection_c/kr_msgs/srv/detail/log_alarm__type_support.c.o[0m
[38.750s] [ 71%] [32mBuilding C object CMakeFiles/kr_msgs__rosidl_typesupport_introspection_c.dir/rosidl_typesupport_introspection_c/kr_msgs/srv/detail/suspend_robot__type_support.c.o[0m
[38.793s] [ 71%] [32mBuilding C object CMakeFiles/kr_msgs__rosidl_typesupport_introspection_c.dir/rosidl_typesupport_introspection_c/kr_msgs/srv/detail/unlock_robot__type_support.c.o[0m
[38.838s] [ 72%] [32mBuilding C object CMakeFiles/kr_msgs__rosidl_typesupport_introspection_c.dir/rosidl_typesupport_introspection_c/kr_msgs/srv/detail/unsuspend_robot__type_support.c.o[0m
[38.882s] [ 72%] [32m[1mLinking C shared library libkr_msgs__rosidl_typesupport_introspection_c.so[0m
[38.942s] [ 72%] Built target kr_msgs__rosidl_typesupport_introspection_c
[39.005s] [ 72%] [32mBuilding CXX object CMakeFiles/kr_msgs__rosidl_typesupport_fastrtps_cpp.dir/rosidl_typesupport_fastrtps_cpp/kr_msgs/srv/detail/dds_fastrtps/stop_program__type_support.cpp.o[0m
[39.371s] [ 72%] [32mBuilding CXX object CMakeFiles/kr_msgs__rosidl_typesupport_fastrtps_cpp.dir/rosidl_typesupport_fastrtps_cpp/kr_msgs/srv/detail/dds_fastrtps/get_robot_pose__type_support.cpp.o[0m
[39.953s] [ 72%] [32mBuilding CXX object CMakeFiles/kr_msgs__rosidl_typesupport_fastrtps_cpp.dir/rosidl_typesupport_fastrtps_cpp/kr_msgs/srv/detail/dds_fastrtps/step_program__type_support.cpp.o[0m
[39.955s] [ 73%] [32mBuilding CXX object CMakeFiles/kr_msgs__rosidl_typesupport_fastrtps_cpp.dir/rosidl_typesupport_fastrtps_cpp/kr_msgs/srv/detail/dds_fastrtps/get_system_frame__type_support.cpp.o[0m
[40.380s] [ 73%] [32mBuilding CXX object CMakeFiles/kr_msgs__rosidl_typesupport_fastrtps_cpp.dir/rosidl_typesupport_fastrtps_cpp/kr_msgs/srv/detail/dds_fastrtps/get_system_load__type_support.cpp.o[0m
[40.412s] [ 73%] [32mBuilding CXX object CMakeFiles/kr_msgs__rosidl_typesupport_fastrtps_cpp.dir/rosidl_typesupport_fastrtps_cpp/kr_msgs/srv/detail/dds_fastrtps/set_system_frame__type_support.cpp.o[0m
[40.893s] [ 73%] [32mBuilding CXX object CMakeFiles/kr_msgs__rosidl_typesupport_fastrtps_cpp.dir/rosidl_typesupport_fastrtps_cpp/kr_msgs/srv/detail/dds_fastrtps/set_system_load__type_support.cpp.o[0m
[40.907s] [ 73%] [32mBuilding CXX object CMakeFiles/kr_msgs__rosidl_typesupport_fastrtps_cpp.dir/rosidl_typesupport_fastrtps_cpp/kr_msgs/srv/detail/dds_fastrtps/get_master_speed__type_support.cpp.o[0m
[41.334s] [ 74%] [32mBuilding CXX object CMakeFiles/kr_msgs__rosidl_typesupport_fastrtps_cpp.dir/rosidl_typesupport_fastrtps_cpp/kr_msgs/srv/detail/dds_fastrtps/get_robot_mode__type_support.cpp.o[0m
[41.367s] [ 74%] [32mBuilding CXX object CMakeFiles/kr_msgs__rosidl_typesupport_fastrtps_cpp.dir/rosidl_typesupport_fastrtps_cpp/kr_msgs/srv/detail/dds_fastrtps/get_robot_state__type_support.cpp.o[0m
[41.713s] [ 74%] [32mBuilding CXX object CMakeFiles/kr_msgs__rosidl_typesupport_fastrtps_cpp.dir/rosidl_typesupport_fastrtps_cpp/kr_msgs/srv/detail/dds_fastrtps/get_safety_mode__type_support.cpp.o[0m
[41.818s] [ 74%] [32mBuilding CXX object CMakeFiles/kr_msgs__rosidl_typesupport_fastrtps_cpp.dir/rosidl_typesupport_fastrtps_cpp/kr_msgs/srv/detail/dds_fastrtps/get_safety_zones__type_support.cpp.o[0m
[41.836s] [ 74%] [32mBuilding CXX object CMakeFiles/kr_msgs__rosidl_typesupport_fastrtps_cpp.dir/rosidl_typesupport_fastrtps_cpp/kr_msgs/srv/detail/dds_fastrtps/pause_program__type_support.cpp.o[0m
[42.325s] [ 75%] [32mBuilding CXX object CMakeFiles/kr_msgs__rosidl_typesupport_fastrtps_cpp.dir/rosidl_typesupport_fastrtps_cpp/kr_msgs/srv/detail/dds_fastrtps/log_alarm__type_support.cpp.o[0m
[42.437s] [ 75%] [32mBuilding CXX object CMakeFiles/kr_msgs__rosidl_typesupport_fastrtps_cpp.dir/rosidl_typesupport_fastrtps_cpp/kr_msgs/srv/detail/dds_fastrtps/suspend_robot__type_support.cpp.o[0m
[42.485s] [ 75%] [32mBuilding CXX object CMakeFiles/kr_msgs__rosidl_typesupport_fastrtps_cpp.dir/rosidl_typesupport_fastrtps_cpp/kr_msgs/srv/detail/dds_fastrtps/unlock_robot__type_support.cpp.o[0m
[43.004s] [ 75%] [32mBuilding CXX object CMakeFiles/kr_msgs__rosidl_typesupport_fastrtps_cpp.dir/rosidl_typesupport_fastrtps_cpp/kr_msgs/srv/detail/dds_fastrtps/unsuspend_robot__type_support.cpp.o[0m
[43.267s] [ 75%] [32mBuilding CXX object CMakeFiles/kr_msgs__rosidl_typesupport_fastrtps_cpp.dir/rosidl_typesupport_fastrtps_cpp/kr_msgs/srv/detail/dds_fastrtps/get_program_state__type_support.cpp.o[0m
[43.532s] [ 75%] [32mBuilding CXX object CMakeFiles/kr_msgs__rosidl_typesupport_fastrtps_cpp.dir/rosidl_typesupport_fastrtps_cpp/kr_msgs/srv/detail/dds_fastrtps/select_jogging_frame__type_support.cpp.o[0m
[43.960s] [ 75%] [32mBuilding CXX object CMakeFiles/kr_msgs__rosidl_typesupport_fastrtps_cpp.dir/rosidl_typesupport_fastrtps_cpp/kr_msgs/srv/detail/dds_fastrtps/get_discrete_input__type_support.cpp.o[0m
[44.348s] [ 75%] [32mBuilding CXX object CMakeFiles/kr_msgs__rosidl_typesupport_fastrtps_cpp.dir/rosidl_typesupport_fastrtps_cpp/kr_msgs/srv/detail/dds_fastrtps/config_analog_output__type_support.cpp.o[0m
[44.887s] [ 75%] [32m[1mLinking CXX shared library libkr_msgs__rosidl_typesupport_fastrtps_cpp.so[0m
[45.066s] [ 75%] Built target kr_msgs__rosidl_typesupport_fastrtps_cpp
[45.087s] [ 76%] [34m[1mGenerating C type support for eProsima Fast-RTPS[0m
[52.698s] [35m[1mScanning dependencies of target kr_msgs__rosidl_typesupport_fastrtps_c[0m
[52.833s] [ 76%] [32mBuilding CXX object CMakeFiles/kr_msgs__rosidl_typesupport_fastrtps_c.dir/rosidl_typesupport_fastrtps_c/kr_msgs/msg/detail/follow_joint__type_support_c.cpp.o[0m
[53.213s] [ 76%] [32mBuilding CXX object CMakeFiles/kr_msgs__rosidl_typesupport_fastrtps_c.dir/rosidl_typesupport_fastrtps_c/kr_msgs/msg/detail/program_interact__type_support_c.cpp.o[0m
[53.621s] [ 77%] [32mBuilding CXX object CMakeFiles/kr_msgs__rosidl_typesupport_fastrtps_c.dir/rosidl_typesupport_fastrtps_c/kr_msgs/msg/detail/quadrature__type_support_c.cpp.o[0m
[53.752s] make[2]: *** [CMakeFiles/kr_msgs__rosidl_typesupport_fastrtps_c.dir/build.make:586: CMakeFiles/kr_msgs__rosidl_typesupport_fastrtps_c.dir/rosidl_typesupport_fastrtps_c/kr_msgs/msg/detail/quadrature__type_support_c.cpp.o] Unterbrechung
[53.752s] make[1]: *** [CMakeFiles/Makefile2:300: CMakeFiles/kr_msgs__rosidl_typesupport_fastrtps_c.dir/all] Unterbrechung
[53.752s] make: *** [Makefile:141: all] Unterbrechung
[53.764s] Invoked command in '/home/vboxuser/ros2_ws/build/kr_msgs' returned '-2': CMAKE_PREFIX_PATH=${CMAKE_PREFIX_PATH}:/home/vboxuser/ros2_ws/install/vision:/home/vboxuser/ros2_ws/install/robot_control:/home/vboxuser/ros2_ws/install/kr_example_python:/home/vboxuser/ros2_ws/install/bt_pkg:/home/vboxuser/ros2_ws/install/action_tutorials_py:/home/vboxuser/ros2_ws/install/action_pkg:/opt/ros/foxy /usr/bin/cmake --build /home/vboxuser/ros2_ws/build/kr_msgs -- -j8 -l8
