[0.081s] Invoking command in '/home/vboxuser/ros2_ws/build/action_interfaces': CMAKE_PREFIX_PATH=${CMAKE_PREFIX_PATH}:/home/vboxuser/ros2_ws/install/vision:/home/vboxuser/ros2_ws/install/robot_control:/home/vboxuser/ros2_ws/install/kr_example_python:/home/vboxuser/ros2_ws/install/bt_pkg:/home/vboxuser/ros2_ws/install/action_tutorials_py:/home/vboxuser/ros2_ws/install/action_pkg:/opt/ros/foxy /usr/bin/cmake --build /home/vboxuser/ros2_ws/build/action_interfaces -- -j8 -l8
[0.652s] [  3%] Built target action_interfaces__cpp
[0.652s] [ 12%] Built target action_interfaces__rosidl_generator_c
[0.652s] [ 22%] Built target action_interfaces__rosidl_typesupport_introspection_cpp
[0.652s] [ 32%] Built target action_interfaces__rosidl_typesupport_cpp
[0.652s] [ 41%] Built target action_interfaces__rosidl_typesupport_c
[0.652s] [ 51%] Built target action_interfaces__rosidl_typesupport_introspection_c
[0.652s] [ 61%] Built target action_interfaces__rosidl_typesupport_fastrtps_cpp
[0.652s] [ 70%] Built target action_interfaces__rosidl_typesupport_fastrtps_c
[0.652s] [ 70%] Built target action_interfaces
[0.652s] [ 74%] Built target action_interfaces__py
[0.652s] [ 80%] Built target action_interfaces__python
[0.652s] [ 87%] Built target action_interfaces__rosidl_typesupport_introspection_c__pyext
[0.652s] [100%] Built target action_interfaces__rosidl_typesupport_fastrtps_c__pyext
[0.652s] [100%] Built target action_interfaces__rosidl_typesupport_c__pyext
[0.912s] Invoked command in '/home/vboxuser/ros2_ws/build/action_interfaces' returned '0': CMAKE_PREFIX_PATH=${CMAKE_PREFIX_PATH}:/home/vboxuser/ros2_ws/install/vision:/home/vboxuser/ros2_ws/install/robot_control:/home/vboxuser/ros2_ws/install/kr_example_python:/home/vboxuser/ros2_ws/install/bt_pkg:/home/vboxuser/ros2_ws/install/action_tutorials_py:/home/vboxuser/ros2_ws/install/action_pkg:/opt/ros/foxy /usr/bin/cmake --build /home/vboxuser/ros2_ws/build/action_interfaces -- -j8 -l8
[1.042s] Invoking command in '/home/vboxuser/ros2_ws/build/action_interfaces': CMAKE_PREFIX_PATH=${CMAKE_PREFIX_PATH}:/home/vboxuser/ros2_ws/install/vision:/home/vboxuser/ros2_ws/install/robot_control:/home/vboxuser/ros2_ws/install/kr_example_python:/home/vboxuser/ros2_ws/install/bt_pkg:/home/vboxuser/ros2_ws/install/action_tutorials_py:/home/vboxuser/ros2_ws/install/action_pkg:/opt/ros/foxy /usr/bin/cmake --install /home/vboxuser/ros2_ws/build/action_interfaces
[1.054s] -- Install configuration: ""
[1.054s] -- Up-to-date: /home/vboxuser/ros2_ws/install/action_interfaces/share/ament_index/resource_index/rosidl_interfaces/action_interfaces
[1.054s] -- Up-to-date: /home/vboxuser/ros2_ws/install/action_interfaces/include/action_interfaces
[1.054s] -- Up-to-date: /home/vboxuser/ros2_ws/install/action_interfaces/include/action_interfaces/action
[1.055s] -- Up-to-date: /home/vboxuser/ros2_ws/install/action_interfaces/include/action_interfaces/action/detail
[1.055s] -- Up-to-date: /home/vboxuser/ros2_ws/install/action_interfaces/include/action_interfaces/action/detail/fibonacci__functions.h
[1.056s] -- Up-to-date: /home/vboxuser/ros2_ws/install/action_interfaces/include/action_interfaces/action/detail/fibonacci__functions.c
[1.056s] -- Up-to-date: /home/vboxuser/ros2_ws/install/action_interfaces/include/action_interfaces/action/detail/fibonacci__struct.h
[1.056s] -- Up-to-date: /home/vboxuser/ros2_ws/install/action_interfaces/include/action_interfaces/action/detail/fibonacci__type_support.h
[1.056s] -- Up-to-date: /home/vboxuser/ros2_ws/install/action_interfaces/include/action_interfaces/action/fibonacci.h
[1.056s] -- Up-to-date: /home/vboxuser/ros2_ws/install/action_interfaces/include/action_interfaces/msg
[1.057s] -- Up-to-date: /home/vboxuser/ros2_ws/install/action_interfaces/include/action_interfaces/msg/rosidl_generator_c__visibility_control.h
[1.062s] -- Up-to-date: /home/vboxuser/ros2_ws/install/action_interfaces/share/action_interfaces/environment/library_path.sh
[1.062s] -- Up-to-date: /home/vboxuser/ros2_ws/install/action_interfaces/share/action_interfaces/environment/library_path.dsv
[1.062s] -- Up-to-date: /home/vboxuser/ros2_ws/install/action_interfaces/lib/libaction_interfaces__rosidl_generator_c.so
[1.063s] -- Up-to-date: /home/vboxuser/ros2_ws/install/action_interfaces/include/action_interfaces
[1.063s] -- Up-to-date: /home/vboxuser/ros2_ws/install/action_interfaces/include/action_interfaces/action
[1.063s] -- Up-to-date: /home/vboxuser/ros2_ws/install/action_interfaces/include/action_interfaces/action/detail
[1.063s] -- Up-to-date: /home/vboxuser/ros2_ws/install/action_interfaces/include/action_interfaces/action/detail/fibonacci__rosidl_typesupport_fastrtps_c.h
[1.063s] -- Up-to-date: /home/vboxuser/ros2_ws/install/action_interfaces/include/action_interfaces/msg
[1.063s] -- Up-to-date: /home/vboxuser/ros2_ws/install/action_interfaces/include/action_interfaces/msg/rosidl_typesupport_fastrtps_c__visibility_control.h
[1.063s] -- Up-to-date: /home/vboxuser/ros2_ws/install/action_interfaces/lib/libaction_interfaces__rosidl_typesupport_fastrtps_c.so
[1.063s] -- Up-to-date: /home/vboxuser/ros2_ws/install/action_interfaces/include/action_interfaces
[1.063s] -- Up-to-date: /home/vboxuser/ros2_ws/install/action_interfaces/include/action_interfaces/action
[1.063s] -- Up-to-date: /home/vboxuser/ros2_ws/install/action_interfaces/include/action_interfaces/action/detail
[1.063s] -- Up-to-date: /home/vboxuser/ros2_ws/install/action_interfaces/include/action_interfaces/action/detail/fibonacci__rosidl_typesupport_fastrtps_cpp.hpp
[1.063s] -- Up-to-date: /home/vboxuser/ros2_ws/install/action_interfaces/include/action_interfaces/action/detail/dds_fastrtps
[1.063s] -- Up-to-date: /home/vboxuser/ros2_ws/install/action_interfaces/include/action_interfaces/msg
[1.063s] -- Up-to-date: /home/vboxuser/ros2_ws/install/action_interfaces/include/action_interfaces/msg/rosidl_typesupport_fastrtps_cpp__visibility_control.h
[1.064s] -- Up-to-date: /home/vboxuser/ros2_ws/install/action_interfaces/lib/libaction_interfaces__rosidl_typesupport_fastrtps_cpp.so
[1.064s] -- Up-to-date: /home/vboxuser/ros2_ws/install/action_interfaces/include/action_interfaces
[1.064s] -- Up-to-date: /home/vboxuser/ros2_ws/install/action_interfaces/include/action_interfaces/action
[1.064s] -- Up-to-date: /home/vboxuser/ros2_ws/install/action_interfaces/include/action_interfaces/action/detail
[1.064s] -- Up-to-date: /home/vboxuser/ros2_ws/install/action_interfaces/include/action_interfaces/action/detail/fibonacci__type_support.c
[1.064s] -- Up-to-date: /home/vboxuser/ros2_ws/install/action_interfaces/include/action_interfaces/action/detail/fibonacci__rosidl_typesupport_introspection_c.h
[1.064s] -- Up-to-date: /home/vboxuser/ros2_ws/install/action_interfaces/include/action_interfaces/msg
[1.064s] -- Up-to-date: /home/vboxuser/ros2_ws/install/action_interfaces/include/action_interfaces/msg/rosidl_typesupport_introspection_c__visibility_control.h
[1.064s] -- Up-to-date: /home/vboxuser/ros2_ws/install/action_interfaces/lib/libaction_interfaces__rosidl_typesupport_introspection_c.so
[1.065s] -- Up-to-date: /home/vboxuser/ros2_ws/install/action_interfaces/lib/libaction_interfaces__rosidl_typesupport_c.so
[1.065s] -- Up-to-date: /home/vboxuser/ros2_ws/install/action_interfaces/include/action_interfaces
[1.065s] -- Up-to-date: /home/vboxuser/ros2_ws/install/action_interfaces/include/action_interfaces/action
[1.065s] -- Up-to-date: /home/vboxuser/ros2_ws/install/action_interfaces/include/action_interfaces/action/fibonacci.hpp
[1.065s] -- Up-to-date: /home/vboxuser/ros2_ws/install/action_interfaces/include/action_interfaces/action/detail
[1.065s] -- Up-to-date: /home/vboxuser/ros2_ws/install/action_interfaces/include/action_interfaces/action/detail/fibonacci__traits.hpp
[1.065s] -- Up-to-date: /home/vboxuser/ros2_ws/install/action_interfaces/include/action_interfaces/action/detail/fibonacci__builder.hpp
[1.065s] -- Up-to-date: /home/vboxuser/ros2_ws/install/action_interfaces/include/action_interfaces/action/detail/fibonacci__type_support.hpp
[1.065s] -- Up-to-date: /home/vboxuser/ros2_ws/install/action_interfaces/include/action_interfaces/action/detail/fibonacci__struct.hpp
[1.065s] -- Up-to-date: /home/vboxuser/ros2_ws/install/action_interfaces/include/action_interfaces/msg
[1.065s] -- Up-to-date: /home/vboxuser/ros2_ws/install/action_interfaces/include/action_interfaces/msg/rosidl_generator_cpp__visibility_control.hpp
[1.065s] -- Up-to-date: /home/vboxuser/ros2_ws/install/action_interfaces/include/action_interfaces
[1.065s] -- Up-to-date: /home/vboxuser/ros2_ws/install/action_interfaces/include/action_interfaces/action
[1.065s] -- Up-to-date: /home/vboxuser/ros2_ws/install/action_interfaces/include/action_interfaces/action/detail
[1.066s] -- Up-to-date: /home/vboxuser/ros2_ws/install/action_interfaces/include/action_interfaces/action/detail/fibonacci__rosidl_typesupport_introspection_cpp.hpp
[1.066s] -- Up-to-date: /home/vboxuser/ros2_ws/install/action_interfaces/include/action_interfaces/action/detail/fibonacci__type_support.cpp
[1.066s] -- Up-to-date: /home/vboxuser/ros2_ws/install/action_interfaces/lib/libaction_interfaces__rosidl_typesupport_introspection_cpp.so
[1.066s] -- Up-to-date: /home/vboxuser/ros2_ws/install/action_interfaces/lib/libaction_interfaces__rosidl_typesupport_cpp.so
[1.066s] -- Up-to-date: /home/vboxuser/ros2_ws/install/action_interfaces/share/action_interfaces/environment/pythonpath.sh
[1.066s] -- Up-to-date: /home/vboxuser/ros2_ws/install/action_interfaces/share/action_interfaces/environment/pythonpath.dsv
[1.066s] -- Up-to-date: /home/vboxuser/ros2_ws/install/action_interfaces/lib/python3.8/site-packages/action_interfaces/__init__.py
[1.106s] -- Up-to-date: /home/vboxuser/ros2_ws/install/action_interfaces/lib/python3.8/site-packages/action_interfaces/action
[1.106s] -- Up-to-date: /home/vboxuser/ros2_ws/install/action_interfaces/lib/python3.8/site-packages/action_interfaces/action/_fibonacci.py
[1.106s] -- Up-to-date: /home/vboxuser/ros2_ws/install/action_interfaces/lib/python3.8/site-packages/action_interfaces/action/_fibonacci_s.c
[1.106s] -- Up-to-date: /home/vboxuser/ros2_ws/install/action_interfaces/lib/python3.8/site-packages/action_interfaces/action/__init__.py
[1.107s] -- Up-to-date: /home/vboxuser/ros2_ws/install/action_interfaces/lib/python3.8/site-packages/action_interfaces/action_interfaces_s__rosidl_typesupport_fastrtps_c.cpython-38-x86_64-linux-gnu.so
[1.108s] -- Up-to-date: /home/vboxuser/ros2_ws/install/action_interfaces/lib/python3.8/site-packages/action_interfaces/action_interfaces_s__rosidl_typesupport_introspection_c.cpython-38-x86_64-linux-gnu.so
[1.109s] -- Up-to-date: /home/vboxuser/ros2_ws/install/action_interfaces/lib/python3.8/site-packages/action_interfaces/action_interfaces_s__rosidl_typesupport_c.cpython-38-x86_64-linux-gnu.so
[1.110s] -- Up-to-date: /home/vboxuser/ros2_ws/install/action_interfaces/lib/libaction_interfaces__python.so
[1.110s] -- Up-to-date: /home/vboxuser/ros2_ws/install/action_interfaces/share/action_interfaces/action/Fibonacci.idl
[1.110s] -- Up-to-date: /home/vboxuser/ros2_ws/install/action_interfaces/share/action_interfaces/action/Fibonacci.action
[1.111s] -- Up-to-date: /home/vboxuser/ros2_ws/install/action_interfaces/share/ament_index/resource_index/package_run_dependencies/action_interfaces
[1.111s] -- Up-to-date: /home/vboxuser/ros2_ws/install/action_interfaces/share/ament_index/resource_index/parent_prefix_path/action_interfaces
[1.111s] -- Up-to-date: /home/vboxuser/ros2_ws/install/action_interfaces/share/action_interfaces/environment/ament_prefix_path.sh
[1.111s] -- Up-to-date: /home/vboxuser/ros2_ws/install/action_interfaces/share/action_interfaces/environment/ament_prefix_path.dsv
[1.111s] -- Up-to-date: /home/vboxuser/ros2_ws/install/action_interfaces/share/action_interfaces/environment/path.sh
[1.112s] -- Up-to-date: /home/vboxuser/ros2_ws/install/action_interfaces/share/action_interfaces/environment/path.dsv
[1.112s] -- Up-to-date: /home/vboxuser/ros2_ws/install/action_interfaces/share/action_interfaces/local_setup.bash
[1.112s] -- Up-to-date: /home/vboxuser/ros2_ws/install/action_interfaces/share/action_interfaces/local_setup.sh
[1.112s] -- Up-to-date: /home/vboxuser/ros2_ws/install/action_interfaces/share/action_interfaces/local_setup.zsh
[1.112s] -- Up-to-date: /home/vboxuser/ros2_ws/install/action_interfaces/share/action_interfaces/local_setup.dsv
[1.113s] -- Installing: /home/vboxuser/ros2_ws/install/action_interfaces/share/action_interfaces/package.dsv
[1.113s] -- Up-to-date: /home/vboxuser/ros2_ws/install/action_interfaces/share/ament_index/resource_index/packages/action_interfaces
[1.113s] -- Up-to-date: /home/vboxuser/ros2_ws/install/action_interfaces/share/action_interfaces/cmake/action_interfaces__rosidl_generator_cExport.cmake
[1.113s] -- Up-to-date: /home/vboxuser/ros2_ws/install/action_interfaces/share/action_interfaces/cmake/action_interfaces__rosidl_generator_cExport-noconfig.cmake
[1.113s] -- Up-to-date: /home/vboxuser/ros2_ws/install/action_interfaces/share/action_interfaces/cmake/action_interfaces__rosidl_typesupport_introspection_cExport.cmake
[1.113s] -- Up-to-date: /home/vboxuser/ros2_ws/install/action_interfaces/share/action_interfaces/cmake/action_interfaces__rosidl_typesupport_introspection_cExport-noconfig.cmake
[1.113s] -- Up-to-date: /home/vboxuser/ros2_ws/install/action_interfaces/share/action_interfaces/cmake/action_interfaces__rosidl_typesupport_cExport.cmake
[1.113s] -- Up-to-date: /home/vboxuser/ros2_ws/install/action_interfaces/share/action_interfaces/cmake/action_interfaces__rosidl_typesupport_cExport-noconfig.cmake
[1.113s] -- Up-to-date: /home/vboxuser/ros2_ws/install/action_interfaces/share/action_interfaces/cmake/action_interfaces__rosidl_generator_cppExport.cmake
[1.114s] -- Up-to-date: /home/vboxuser/ros2_ws/install/action_interfaces/share/action_interfaces/cmake/action_interfaces__rosidl_typesupport_introspection_cppExport.cmake
[1.114s] -- Up-to-date: /home/vboxuser/ros2_ws/install/action_interfaces/share/action_interfaces/cmake/action_interfaces__rosidl_typesupport_introspection_cppExport-noconfig.cmake
[1.114s] -- Up-to-date: /home/vboxuser/ros2_ws/install/action_interfaces/share/action_interfaces/cmake/action_interfaces__rosidl_typesupport_cppExport.cmake
[1.114s] -- Up-to-date: /home/vboxuser/ros2_ws/install/action_interfaces/share/action_interfaces/cmake/action_interfaces__rosidl_typesupport_cppExport-noconfig.cmake
[1.114s] -- Up-to-date: /home/vboxuser/ros2_ws/install/action_interfaces/share/action_interfaces/cmake/rosidl_cmake-extras.cmake
[1.114s] -- Up-to-date: /home/vboxuser/ros2_ws/install/action_interfaces/share/action_interfaces/cmake/ament_cmake_export_dependencies-extras.cmake
[1.114s] -- Up-to-date: /home/vboxuser/ros2_ws/install/action_interfaces/share/action_interfaces/cmake/ament_cmake_export_libraries-extras.cmake
[1.114s] -- Up-to-date: /home/vboxuser/ros2_ws/install/action_interfaces/share/action_interfaces/cmake/ament_cmake_export_targets-extras.cmake
[1.114s] -- Up-to-date: /home/vboxuser/ros2_ws/install/action_interfaces/share/action_interfaces/cmake/ament_cmake_export_include_directories-extras.cmake
[1.114s] -- Up-to-date: /home/vboxuser/ros2_ws/install/action_interfaces/share/action_interfaces/cmake/rosidl_cmake_export_typesupport_libraries-extras.cmake
[1.114s] -- Up-to-date: /home/vboxuser/ros2_ws/install/action_interfaces/share/action_interfaces/cmake/rosidl_cmake_export_typesupport_targets-extras.cmake
[1.114s] -- Up-to-date: /home/vboxuser/ros2_ws/install/action_interfaces/share/action_interfaces/cmake/action_interfacesConfig.cmake
[1.114s] -- Up-to-date: /home/vboxuser/ros2_ws/install/action_interfaces/share/action_interfaces/cmake/action_interfacesConfig-version.cmake
[1.114s] -- Up-to-date: /home/vboxuser/ros2_ws/install/action_interfaces/share/action_interfaces/package.xml
[1.121s] Invoked command in '/home/vboxuser/ros2_ws/build/action_interfaces' returned '0': CMAKE_PREFIX_PATH=${CMAKE_PREFIX_PATH}:/home/vboxuser/ros2_ws/install/vision:/home/vboxuser/ros2_ws/install/robot_control:/home/vboxuser/ros2_ws/install/kr_example_python:/home/vboxuser/ros2_ws/install/bt_pkg:/home/vboxuser/ros2_ws/install/action_tutorials_py:/home/vboxuser/ros2_ws/install/action_pkg:/opt/ros/foxy /usr/bin/cmake --install /home/vboxuser/ros2_ws/build/action_interfaces
