[1.372s] Invoking command in '/home/vboxuser/ros2_ws/src/vision': PYTHONPATH=/home/vboxuser/ros2_ws/build/vision/prefix_override:/usr/lib/python3/dist-packages/colcon_core/task/python/colcon_distutils_commands:/home/vboxuser/ros2_ws/install/vision/lib/python3.8/site-packages:${PYTHONPATH} /usr/bin/python3 -W ignore:setup.py install is deprecated -W ignore:easy_install command is deprecated setup.py egg_info --egg-base ../../build/vision build --build-base /home/vboxuser/ros2_ws/build/vision/build install --record /home/vboxuser/ros2_ws/build/vision/install.log --install-scripts $base/lib/vision --single-version-externally-managed install_data
[1.658s] running egg_info
[1.658s] creating ../../build/vision/vision.egg-info
[1.658s] writing ../../build/vision/vision.egg-info/PKG-INFO
[1.658s] writing dependency_links to ../../build/vision/vision.egg-info/dependency_links.txt
[1.658s] writing entry points to ../../build/vision/vision.egg-info/entry_points.txt
[1.658s] writing requirements to ../../build/vision/vision.egg-info/requires.txt
[1.658s] writing top-level names to ../../build/vision/vision.egg-info/top_level.txt
[1.658s] writing manifest file '../../build/vision/vision.egg-info/SOURCES.txt'
[1.658s] reading manifest file '../../build/vision/vision.egg-info/SOURCES.txt'
[1.658s] writing manifest file '../../build/vision/vision.egg-info/SOURCES.txt'
[1.658s] running build
[1.658s] running build_py
[1.659s] creating /home/vboxuser/ros2_ws/build/vision/build
[1.659s] creating /home/vboxuser/ros2_ws/build/vision/build/lib
[1.659s] creating /home/vboxuser/ros2_ws/build/vision/build/lib/vision
[1.660s] copying vision/point_finder_3d.py -> /home/vboxuser/ros2_ws/build/vision/build/lib/vision
[1.660s] copying vision/point_finder_2d.py -> /home/vboxuser/ros2_ws/build/vision/build/lib/vision
[1.660s] copying vision/img_filters.py -> /home/vboxuser/ros2_ws/build/vision/build/lib/vision
[1.660s] copying vision/stereo_triangulation_with_robot.py -> /home/vboxuser/ros2_ws/build/vision/build/lib/vision
[1.660s] copying vision/test_node.py -> /home/vboxuser/ros2_ws/build/vision/build/lib/vision
[1.661s] copying vision/__init__.py -> /home/vboxuser/ros2_ws/build/vision/build/lib/vision
[1.661s] copying vision/calibration.py -> /home/vboxuser/ros2_ws/build/vision/build/lib/vision
[1.661s] copying vision/image_receiver.py -> /home/vboxuser/ros2_ws/build/vision/build/lib/vision
[1.661s] running install
[1.661s] running install_lib
[1.661s] creating /home/vboxuser/ros2_ws/install/vision/lib/python3.8/site-packages/vision
[1.661s] copying /home/vboxuser/ros2_ws/build/vision/build/lib/vision/point_finder_3d.py -> /home/vboxuser/ros2_ws/install/vision/lib/python3.8/site-packages/vision
[1.661s] copying /home/vboxuser/ros2_ws/build/vision/build/lib/vision/point_finder_2d.py -> /home/vboxuser/ros2_ws/install/vision/lib/python3.8/site-packages/vision
[1.661s] copying /home/vboxuser/ros2_ws/build/vision/build/lib/vision/img_filters.py -> /home/vboxuser/ros2_ws/install/vision/lib/python3.8/site-packages/vision
[1.661s] copying /home/vboxuser/ros2_ws/build/vision/build/lib/vision/stereo_triangulation_with_robot.py -> /home/vboxuser/ros2_ws/install/vision/lib/python3.8/site-packages/vision
[1.661s] copying /home/vboxuser/ros2_ws/build/vision/build/lib/vision/test_node.py -> /home/vboxuser/ros2_ws/install/vision/lib/python3.8/site-packages/vision
[1.661s] copying /home/vboxuser/ros2_ws/build/vision/build/lib/vision/__init__.py -> /home/vboxuser/ros2_ws/install/vision/lib/python3.8/site-packages/vision
[1.661s] copying /home/vboxuser/ros2_ws/build/vision/build/lib/vision/calibration.py -> /home/vboxuser/ros2_ws/install/vision/lib/python3.8/site-packages/vision
[1.661s] copying /home/vboxuser/ros2_ws/build/vision/build/lib/vision/image_receiver.py -> /home/vboxuser/ros2_ws/install/vision/lib/python3.8/site-packages/vision
[1.661s] byte-compiling /home/vboxuser/ros2_ws/install/vision/lib/python3.8/site-packages/vision/point_finder_3d.py to point_finder_3d.cpython-38.pyc
[1.661s] byte-compiling /home/vboxuser/ros2_ws/install/vision/lib/python3.8/site-packages/vision/point_finder_2d.py to point_finder_2d.cpython-38.pyc
[1.661s] byte-compiling /home/vboxuser/ros2_ws/install/vision/lib/python3.8/site-packages/vision/img_filters.py to img_filters.cpython-38.pyc
[1.661s] byte-compiling /home/vboxuser/ros2_ws/install/vision/lib/python3.8/site-packages/vision/stereo_triangulation_with_robot.py to stereo_triangulation_with_robot.cpython-38.pyc
[1.662s] byte-compiling /home/vboxuser/ros2_ws/install/vision/lib/python3.8/site-packages/vision/test_node.py to test_node.cpython-38.pyc
[1.662s] byte-compiling /home/vboxuser/ros2_ws/install/vision/lib/python3.8/site-packages/vision/__init__.py to __init__.cpython-38.pyc
[1.662s] byte-compiling /home/vboxuser/ros2_ws/install/vision/lib/python3.8/site-packages/vision/calibration.py to calibration.cpython-38.pyc
[1.662s] byte-compiling /home/vboxuser/ros2_ws/install/vision/lib/python3.8/site-packages/vision/image_receiver.py to image_receiver.cpython-38.pyc
[1.662s] running install_data
[1.662s] creating /home/vboxuser/ros2_ws/install/vision/share/ament_index
[1.662s] creating /home/vboxuser/ros2_ws/install/vision/share/ament_index/resource_index
[1.662s] creating /home/vboxuser/ros2_ws/install/vision/share/ament_index/resource_index/packages
[1.662s] copying resource/vision -> /home/vboxuser/ros2_ws/install/vision/share/ament_index/resource_index/packages
[1.662s] copying package.xml -> /home/vboxuser/ros2_ws/install/vision/share/vision
[1.662s] running install_egg_info
[1.662s] Copying ../../build/vision/vision.egg-info to /home/vboxuser/ros2_ws/install/vision/lib/python3.8/site-packages/vision-0.0.0-py3.8.egg-info
[1.662s] running install_scripts
[1.674s] Installing calibration script to /home/vboxuser/ros2_ws/install/vision/lib/vision
[1.674s] Installing image_filters script to /home/vboxuser/ros2_ws/install/vision/lib/vision
[1.674s] Installing image_receiver script to /home/vboxuser/ros2_ws/install/vision/lib/vision
[1.675s] Installing point_finder_2d script to /home/vboxuser/ros2_ws/install/vision/lib/vision
[1.675s] Installing point_finder_3d script to /home/vboxuser/ros2_ws/install/vision/lib/vision
[1.675s] Installing stereo_triangulation script to /home/vboxuser/ros2_ws/install/vision/lib/vision
[1.676s] Installing stereo_triangulation_with_robot script to /home/vboxuser/ros2_ws/install/vision/lib/vision
[1.676s] Installing test_node script to /home/vboxuser/ros2_ws/install/vision/lib/vision
[1.677s] writing list of installed files to '/home/vboxuser/ros2_ws/build/vision/install.log'
[1.738s] Invoked command in '/home/vboxuser/ros2_ws/src/vision' returned '0': PYTHONPATH=/home/vboxuser/ros2_ws/build/vision/prefix_override:/usr/lib/python3/dist-packages/colcon_core/task/python/colcon_distutils_commands:/home/vboxuser/ros2_ws/install/vision/lib/python3.8/site-packages:${PYTHONPATH} /usr/bin/python3 -W ignore:setup.py install is deprecated -W ignore:easy_install command is deprecated setup.py egg_info --egg-base ../../build/vision build --build-base /home/vboxuser/ros2_ws/build/vision/build install --record /home/vboxuser/ros2_ws/build/vision/install.log --install-scripts $base/lib/vision --single-version-externally-managed install_data
