[1.139s] Invoking command in '/home/vboxuser/ros2_ws/src/vision': PYTHONPATH=/home/vboxuser/ros2_ws/build/vision/prefix_override:/usr/lib/python3/dist-packages/colcon_core/task/python/colcon_distutils_commands:/home/vboxuser/ros2_ws/install/vision/lib/python3.8/site-packages:${PYTHONPATH} /usr/bin/python3 -W ignore:setup.py install is deprecated setup.py egg_info --egg-base ../../build/vision build --build-base /home/vboxuser/ros2_ws/build/vision/build install --record /home/vboxuser/ros2_ws/build/vision/install.log --install-scripts $base/lib/vision --single-version-externally-managed install_data
[1.354s] running egg_info
[1.354s] writing ../../build/vision/vision.egg-info/PKG-INFO
[1.357s] writing dependency_links to ../../build/vision/vision.egg-info/dependency_links.txt
[1.358s] writing entry points to ../../build/vision/vision.egg-info/entry_points.txt
[1.358s] writing requirements to ../../build/vision/vision.egg-info/requires.txt
[1.358s] writing top-level names to ../../build/vision/vision.egg-info/top_level.txt
[1.396s] reading manifest file '../../build/vision/vision.egg-info/SOURCES.txt'
[1.398s] writing manifest file '../../build/vision/vision.egg-info/SOURCES.txt'
[1.398s] running build
[1.399s] running build_py
[1.400s] copying vision/image_receiver.py -> /home/vboxuser/ros2_ws/build/vision/build/lib/vision
[1.401s] running install
[1.402s] running install_lib
[1.405s] copying /home/vboxuser/ros2_ws/build/vision/build/lib/vision/image_receiver.py -> /home/vboxuser/ros2_ws/install/vision/lib/python3.8/site-packages/vision
[1.410s] byte-compiling /home/vboxuser/ros2_ws/install/vision/lib/python3.8/site-packages/vision/image_receiver.py to image_receiver.cpython-38.pyc
[1.412s] running install_data
[1.413s] running install_egg_info
[1.415s] removing '/home/vboxuser/ros2_ws/install/vision/lib/python3.8/site-packages/vision-0.0.0-py3.8.egg-info' (and everything under it)
[1.415s] Copying ../../build/vision/vision.egg-info to /home/vboxuser/ros2_ws/install/vision/lib/python3.8/site-packages/vision-0.0.0-py3.8.egg-info
[1.417s] running install_scripts
[1.434s] Installing image_processor script to /home/vboxuser/ros2_ws/install/vision/lib/vision
[1.436s] Installing image_receiver script to /home/vboxuser/ros2_ws/install/vision/lib/vision
[1.440s] writing list of installed files to '/home/vboxuser/ros2_ws/build/vision/install.log'
[1.473s] Invoked command in '/home/vboxuser/ros2_ws/src/vision' returned '0': PYTHONPATH=/home/vboxuser/ros2_ws/build/vision/prefix_override:/usr/lib/python3/dist-packages/colcon_core/task/python/colcon_distutils_commands:/home/vboxuser/ros2_ws/install/vision/lib/python3.8/site-packages:${PYTHONPATH} /usr/bin/python3 -W ignore:setup.py install is deprecated setup.py egg_info --egg-base ../../build/vision build --build-base /home/vboxuser/ros2_ws/build/vision/build install --record /home/vboxuser/ros2_ws/build/vision/install.log --install-scripts $base/lib/vision --single-version-externally-managed install_data
