[1.617s] Invoking command in '/home/vboxuser/Thesis/src/sensopart_visor': PYTHONPATH=/home/vboxuser/Thesis/build/sensopart_visor/prefix_override:/usr/lib/python3/dist-packages/colcon_core/task/python/colcon_distutils_commands:/home/vboxuser/Thesis/install/sensopart_visor/lib/python3.8/site-packages:${PYTHONPATH} /usr/bin/python3 -W ignore:setup.py install is deprecated setup.py egg_info --egg-base ../../build/sensopart_visor build --build-base /home/vboxuser/Thesis/build/sensopart_visor/build install --record /home/vboxuser/Thesis/build/sensopart_visor/install.log --install-scripts $base/lib/sensopart_visor --single-version-externally-managed install_data
[1.870s] running egg_info
[1.870s] writing ../../build/sensopart_visor/sensopart_visor.egg-info/PKG-INFO
[1.873s] writing dependency_links to ../../build/sensopart_visor/sensopart_visor.egg-info/dependency_links.txt
[1.873s] writing entry points to ../../build/sensopart_visor/sensopart_visor.egg-info/entry_points.txt
[1.874s] writing requirements to ../../build/sensopart_visor/sensopart_visor.egg-info/requires.txt
[1.874s] writing top-level names to ../../build/sensopart_visor/sensopart_visor.egg-info/top_level.txt
[1.902s] reading manifest file '../../build/sensopart_visor/sensopart_visor.egg-info/SOURCES.txt'
[1.915s] writing manifest file '../../build/sensopart_visor/sensopart_visor.egg-info/SOURCES.txt'
[1.915s] running build
[1.916s] running build_py
[1.916s] running install
[1.916s] running install_lib
[1.917s] running install_data
[1.917s] running install_egg_info
[1.919s] removing '/home/vboxuser/Thesis/install/sensopart_visor/lib/python3.8/site-packages/sensopart_visor-0.0.0-py3.8.egg-info' (and everything under it)
[1.919s] Copying ../../build/sensopart_visor/sensopart_visor.egg-info to /home/vboxuser/Thesis/install/sensopart_visor/lib/python3.8/site-packages/sensopart_visor-0.0.0-py3.8.egg-info
[1.920s] running install_scripts
[1.942s] Installing visor_shutdown script to /home/vboxuser/Thesis/install/sensopart_visor/lib/sensopart_visor
[1.942s] Installing visor_startup script to /home/vboxuser/Thesis/install/sensopart_visor/lib/sensopart_visor
[1.942s] writing list of installed files to '/home/vboxuser/Thesis/build/sensopart_visor/install.log'
[2.296s] Invoked command in '/home/vboxuser/Thesis/src/sensopart_visor' returned '0': PYTHONPATH=/home/vboxuser/Thesis/build/sensopart_visor/prefix_override:/usr/lib/python3/dist-packages/colcon_core/task/python/colcon_distutils_commands:/home/vboxuser/Thesis/install/sensopart_visor/lib/python3.8/site-packages:${PYTHONPATH} /usr/bin/python3 -W ignore:setup.py install is deprecated setup.py egg_info --egg-base ../../build/sensopart_visor build --build-base /home/vboxuser/Thesis/build/sensopart_visor/build install --record /home/vboxuser/Thesis/build/sensopart_visor/install.log --install-scripts $base/lib/sensopart_visor --single-version-externally-managed install_data
