[0.318s] Invoking command in '/home/vboxuser/ros2_ws/build/realsense2_description': CMAKE_PREFIX_PATH=/home/vboxuser/ros2_ws/install/realsense2_camera_msgs:/home/vboxuser/ros2_ws/install/realsense2_description:/home/vboxuser/ros2_ws/install/realsense2_camera:/home/vboxuser/ros2_ws/install/kr_example_cpp:/home/vboxuser/ros2_ws/install/kr_msgs:/home/vboxuser/ros2_ws/install/groot:/home/vboxuser/ros2_ws/install/action_interfaces:/home/vboxuser/ros2_ws/install/vision:/home/vboxuser/ros2_ws/install/vcnanoz:/home/vboxuser/ros2_ws/install/robot_control:/home/vboxuser/ros2_ws/install/kr_example_python:/home/vboxuser/ros2_ws/install/bt_pkg:/home/vboxuser/ros2_ws/install/action_servers:/opt/ros/foxy LD_LIBRARY_PATH=/home/vboxuser/ros2_ws/install/realsense2_camera_msgs/lib:/home/vboxuser/ros2_ws/install/realsense2_camera/lib:/home/vboxuser/ros2_ws/install/kr_msgs/lib:/home/vboxuser/ros2_ws/install/groot/lib:/home/vboxuser/ros2_ws/install/action_interfaces/lib:/opt/ros/foxy/opt/yaml_cpp_vendor/lib:/opt/ros/foxy/opt/rviz_ogre_vendor/lib:/opt/ros/foxy/lib/x86_64-linux-gnu:/opt/ros/foxy/lib PYTHONPATH=/home/vboxuser/ros2_ws/install/realsense2_camera_msgs/lib/python3.8/site-packages:/home/vboxuser/ros2_ws/install/vision/lib/python3.8/site-packages:/home/vboxuser/ros2_ws/install/vcnanoz/lib/python3.8/site-packages:/home/vboxuser/ros2_ws/install/robot_control/lib/python3.8/site-packages:/home/vboxuser/ros2_ws/install/kr_example_python/lib/python3.8/site-packages:/home/vboxuser/ros2_ws/install/kr_msgs/lib/python3.8/site-packages:/home/vboxuser/ros2_ws/install/bt_pkg/lib/python3.8/site-packages:/home/vboxuser/ros2_ws/install/action_servers/lib/python3.8/site-packages:/home/vboxuser/ros2_ws/install/action_interfaces/lib/python3.8/site-packages:/opt/ros/foxy/lib/python3.8/site-packages /usr/bin/cmake /home/vboxuser/ros2_ws/src/realsense-ros/realsense2_description -DCMAKE_INSTALL_PREFIX=/home/vboxuser/ros2_ws/install/realsense2_description
[0.756s] -- The C compiler identification is GNU 9.4.0
[2.059s] -- The CXX compiler identification is GNU 9.4.0
[2.066s] -- Check for working C compiler: /usr/bin/cc
[2.855s] -- Check for working C compiler: /usr/bin/cc -- works
[2.856s] -- Detecting C compiler ABI info
[4.887s] -- Detecting C compiler ABI info - done
[4.898s] -- Detecting C compile features
[4.898s] -- Detecting C compile features - done
[4.901s] -- Check for working CXX compiler: /usr/bin/c++
[5.298s] -- Check for working CXX compiler: /usr/bin/c++ -- works
[5.299s] -- Detecting CXX compiler ABI info
[5.561s] -- Detecting CXX compiler ABI info - done
[5.579s] -- Detecting CXX compile features
[5.580s] -- Detecting CXX compile features - done
[5.584s] -- Found ament_cmake: 0.9.12 (/opt/ros/foxy/share/ament_cmake/cmake)
[5.621s] -- Found PythonInterp: /usr/bin/python3 (found suitable version "3.8.10", minimum required is "3") 
[5.621s] -- Using PYTHON_EXECUTABLE: /usr/bin/python3
[6.010s] -- Configuring done
[6.022s] -- Generating done
[6.028s] -- Build files have been written to: /home/vboxuser/ros2_ws/build/realsense2_description
[6.036s] Invoked command in '/home/vboxuser/ros2_ws/build/realsense2_description' returned '0': CMAKE_PREFIX_PATH=/home/vboxuser/ros2_ws/install/realsense2_camera_msgs:/home/vboxuser/ros2_ws/install/realsense2_description:/home/vboxuser/ros2_ws/install/realsense2_camera:/home/vboxuser/ros2_ws/install/kr_example_cpp:/home/vboxuser/ros2_ws/install/kr_msgs:/home/vboxuser/ros2_ws/install/groot:/home/vboxuser/ros2_ws/install/action_interfaces:/home/vboxuser/ros2_ws/install/vision:/home/vboxuser/ros2_ws/install/vcnanoz:/home/vboxuser/ros2_ws/install/robot_control:/home/vboxuser/ros2_ws/install/kr_example_python:/home/vboxuser/ros2_ws/install/bt_pkg:/home/vboxuser/ros2_ws/install/action_servers:/opt/ros/foxy LD_LIBRARY_PATH=/home/vboxuser/ros2_ws/install/realsense2_camera_msgs/lib:/home/vboxuser/ros2_ws/install/realsense2_camera/lib:/home/vboxuser/ros2_ws/install/kr_msgs/lib:/home/vboxuser/ros2_ws/install/groot/lib:/home/vboxuser/ros2_ws/install/action_interfaces/lib:/opt/ros/foxy/opt/yaml_cpp_vendor/lib:/opt/ros/foxy/opt/rviz_ogre_vendor/lib:/opt/ros/foxy/lib/x86_64-linux-gnu:/opt/ros/foxy/lib PYTHONPATH=/home/vboxuser/ros2_ws/install/realsense2_camera_msgs/lib/python3.8/site-packages:/home/vboxuser/ros2_ws/install/vision/lib/python3.8/site-packages:/home/vboxuser/ros2_ws/install/vcnanoz/lib/python3.8/site-packages:/home/vboxuser/ros2_ws/install/robot_control/lib/python3.8/site-packages:/home/vboxuser/ros2_ws/install/kr_example_python/lib/python3.8/site-packages:/home/vboxuser/ros2_ws/install/kr_msgs/lib/python3.8/site-packages:/home/vboxuser/ros2_ws/install/bt_pkg/lib/python3.8/site-packages:/home/vboxuser/ros2_ws/install/action_servers/lib/python3.8/site-packages:/home/vboxuser/ros2_ws/install/action_interfaces/lib/python3.8/site-packages:/opt/ros/foxy/lib/python3.8/site-packages /usr/bin/cmake /home/vboxuser/ros2_ws/src/realsense-ros/realsense2_description -DCMAKE_INSTALL_PREFIX=/home/vboxuser/ros2_ws/install/realsense2_description
[6.038s] Invoking command in '/home/vboxuser/ros2_ws/build/realsense2_description': CMAKE_PREFIX_PATH=/home/vboxuser/ros2_ws/install/realsense2_camera_msgs:/home/vboxuser/ros2_ws/install/realsense2_description:/home/vboxuser/ros2_ws/install/realsense2_camera:/home/vboxuser/ros2_ws/install/kr_example_cpp:/home/vboxuser/ros2_ws/install/kr_msgs:/home/vboxuser/ros2_ws/install/groot:/home/vboxuser/ros2_ws/install/action_interfaces:/home/vboxuser/ros2_ws/install/vision:/home/vboxuser/ros2_ws/install/vcnanoz:/home/vboxuser/ros2_ws/install/robot_control:/home/vboxuser/ros2_ws/install/kr_example_python:/home/vboxuser/ros2_ws/install/bt_pkg:/home/vboxuser/ros2_ws/install/action_servers:/opt/ros/foxy LD_LIBRARY_PATH=/home/vboxuser/ros2_ws/install/realsense2_camera_msgs/lib:/home/vboxuser/ros2_ws/install/realsense2_camera/lib:/home/vboxuser/ros2_ws/install/kr_msgs/lib:/home/vboxuser/ros2_ws/install/groot/lib:/home/vboxuser/ros2_ws/install/action_interfaces/lib:/opt/ros/foxy/opt/yaml_cpp_vendor/lib:/opt/ros/foxy/opt/rviz_ogre_vendor/lib:/opt/ros/foxy/lib/x86_64-linux-gnu:/opt/ros/foxy/lib PYTHONPATH=/home/vboxuser/ros2_ws/install/realsense2_camera_msgs/lib/python3.8/site-packages:/home/vboxuser/ros2_ws/install/vision/lib/python3.8/site-packages:/home/vboxuser/ros2_ws/install/vcnanoz/lib/python3.8/site-packages:/home/vboxuser/ros2_ws/install/robot_control/lib/python3.8/site-packages:/home/vboxuser/ros2_ws/install/kr_example_python/lib/python3.8/site-packages:/home/vboxuser/ros2_ws/install/kr_msgs/lib/python3.8/site-packages:/home/vboxuser/ros2_ws/install/bt_pkg/lib/python3.8/site-packages:/home/vboxuser/ros2_ws/install/action_servers/lib/python3.8/site-packages:/home/vboxuser/ros2_ws/install/action_interfaces/lib/python3.8/site-packages:/opt/ros/foxy/lib/python3.8/site-packages /usr/bin/cmake --build /home/vboxuser/ros2_ws/build/realsense2_description -- -j8 -l8
[6.135s] Invoked command in '/home/vboxuser/ros2_ws/build/realsense2_description' returned '0': CMAKE_PREFIX_PATH=/home/vboxuser/ros2_ws/install/realsense2_camera_msgs:/home/vboxuser/ros2_ws/install/realsense2_description:/home/vboxuser/ros2_ws/install/realsense2_camera:/home/vboxuser/ros2_ws/install/kr_example_cpp:/home/vboxuser/ros2_ws/install/kr_msgs:/home/vboxuser/ros2_ws/install/groot:/home/vboxuser/ros2_ws/install/action_interfaces:/home/vboxuser/ros2_ws/install/vision:/home/vboxuser/ros2_ws/install/vcnanoz:/home/vboxuser/ros2_ws/install/robot_control:/home/vboxuser/ros2_ws/install/kr_example_python:/home/vboxuser/ros2_ws/install/bt_pkg:/home/vboxuser/ros2_ws/install/action_servers:/opt/ros/foxy LD_LIBRARY_PATH=/home/vboxuser/ros2_ws/install/realsense2_camera_msgs/lib:/home/vboxuser/ros2_ws/install/realsense2_camera/lib:/home/vboxuser/ros2_ws/install/kr_msgs/lib:/home/vboxuser/ros2_ws/install/groot/lib:/home/vboxuser/ros2_ws/install/action_interfaces/lib:/opt/ros/foxy/opt/yaml_cpp_vendor/lib:/opt/ros/foxy/opt/rviz_ogre_vendor/lib:/opt/ros/foxy/lib/x86_64-linux-gnu:/opt/ros/foxy/lib PYTHONPATH=/home/vboxuser/ros2_ws/install/realsense2_camera_msgs/lib/python3.8/site-packages:/home/vboxuser/ros2_ws/install/vision/lib/python3.8/site-packages:/home/vboxuser/ros2_ws/install/vcnanoz/lib/python3.8/site-packages:/home/vboxuser/ros2_ws/install/robot_control/lib/python3.8/site-packages:/home/vboxuser/ros2_ws/install/kr_example_python/lib/python3.8/site-packages:/home/vboxuser/ros2_ws/install/kr_msgs/lib/python3.8/site-packages:/home/vboxuser/ros2_ws/install/bt_pkg/lib/python3.8/site-packages:/home/vboxuser/ros2_ws/install/action_servers/lib/python3.8/site-packages:/home/vboxuser/ros2_ws/install/action_interfaces/lib/python3.8/site-packages:/opt/ros/foxy/lib/python3.8/site-packages /usr/bin/cmake --build /home/vboxuser/ros2_ws/build/realsense2_description -- -j8 -l8
[6.137s] Invoking command in '/home/vboxuser/ros2_ws/build/realsense2_description': CMAKE_PREFIX_PATH=/home/vboxuser/ros2_ws/install/realsense2_camera_msgs:/home/vboxuser/ros2_ws/install/realsense2_description:/home/vboxuser/ros2_ws/install/realsense2_camera:/home/vboxuser/ros2_ws/install/kr_example_cpp:/home/vboxuser/ros2_ws/install/kr_msgs:/home/vboxuser/ros2_ws/install/groot:/home/vboxuser/ros2_ws/install/action_interfaces:/home/vboxuser/ros2_ws/install/vision:/home/vboxuser/ros2_ws/install/vcnanoz:/home/vboxuser/ros2_ws/install/robot_control:/home/vboxuser/ros2_ws/install/kr_example_python:/home/vboxuser/ros2_ws/install/bt_pkg:/home/vboxuser/ros2_ws/install/action_servers:/opt/ros/foxy LD_LIBRARY_PATH=/home/vboxuser/ros2_ws/install/realsense2_camera_msgs/lib:/home/vboxuser/ros2_ws/install/realsense2_camera/lib:/home/vboxuser/ros2_ws/install/kr_msgs/lib:/home/vboxuser/ros2_ws/install/groot/lib:/home/vboxuser/ros2_ws/install/action_interfaces/lib:/opt/ros/foxy/opt/yaml_cpp_vendor/lib:/opt/ros/foxy/opt/rviz_ogre_vendor/lib:/opt/ros/foxy/lib/x86_64-linux-gnu:/opt/ros/foxy/lib PYTHONPATH=/home/vboxuser/ros2_ws/install/realsense2_camera_msgs/lib/python3.8/site-packages:/home/vboxuser/ros2_ws/install/vision/lib/python3.8/site-packages:/home/vboxuser/ros2_ws/install/vcnanoz/lib/python3.8/site-packages:/home/vboxuser/ros2_ws/install/robot_control/lib/python3.8/site-packages:/home/vboxuser/ros2_ws/install/kr_example_python/lib/python3.8/site-packages:/home/vboxuser/ros2_ws/install/kr_msgs/lib/python3.8/site-packages:/home/vboxuser/ros2_ws/install/bt_pkg/lib/python3.8/site-packages:/home/vboxuser/ros2_ws/install/action_servers/lib/python3.8/site-packages:/home/vboxuser/ros2_ws/install/action_interfaces/lib/python3.8/site-packages:/opt/ros/foxy/lib/python3.8/site-packages /usr/bin/cmake --install /home/vboxuser/ros2_ws/build/realsense2_description
[6.148s] -- Install configuration: ""
[6.148s] -- Installing: /home/vboxuser/ros2_ws/install/realsense2_description/share/realsense2_description/launch
[6.149s] -- Installing: /home/vboxuser/ros2_ws/install/realsense2_description/share/realsense2_description/launch/launch_utils.py
[6.150s] -- Installing: /home/vboxuser/ros2_ws/install/realsense2_description/share/realsense2_description/launch/view_model.launch.py
[6.152s] -- Installing: /home/vboxuser/ros2_ws/install/realsense2_description/share/realsense2_description/meshes
[6.152s] -- Installing: /home/vboxuser/ros2_ws/install/realsense2_description/share/realsense2_description/meshes/d435.dae
[6.217s] -- Installing: /home/vboxuser/ros2_ws/install/realsense2_description/share/realsense2_description/meshes/l515.dae
[6.302s] -- Installing: /home/vboxuser/ros2_ws/install/realsense2_description/share/realsense2_description/meshes/d405.stl
[6.303s] -- Installing: /home/vboxuser/ros2_ws/install/realsense2_description/share/realsense2_description/meshes/d455.stl
[6.310s] -- Installing: /home/vboxuser/ros2_ws/install/realsense2_description/share/realsense2_description/meshes/plug_collision.stl
[6.311s] -- Installing: /home/vboxuser/ros2_ws/install/realsense2_description/share/realsense2_description/meshes/plug.stl
[6.312s] -- Installing: /home/vboxuser/ros2_ws/install/realsense2_description/share/realsense2_description/meshes/d415.stl
[6.370s] -- Installing: /home/vboxuser/ros2_ws/install/realsense2_description/share/realsense2_description/rviz
[6.371s] -- Installing: /home/vboxuser/ros2_ws/install/realsense2_description/share/realsense2_description/rviz/urdf.rviz
[6.371s] -- Installing: /home/vboxuser/ros2_ws/install/realsense2_description/share/realsense2_description/urdf
[6.371s] -- Installing: /home/vboxuser/ros2_ws/install/realsense2_description/share/realsense2_description/urdf/_materials.urdf.xacro
[6.372s] -- Installing: /home/vboxuser/ros2_ws/install/realsense2_description/share/realsense2_description/urdf/_d415.urdf.xacro
[6.372s] -- Installing: /home/vboxuser/ros2_ws/install/realsense2_description/share/realsense2_description/urdf/_d455.urdf.xacro
[6.372s] -- Installing: /home/vboxuser/ros2_ws/install/realsense2_description/share/realsense2_description/urdf/test_d435i_camera.urdf.xacro
[6.373s] -- Installing: /home/vboxuser/ros2_ws/install/realsense2_description/share/realsense2_description/urdf/test_d415_camera.urdf.xacro
[6.373s] -- Installing: /home/vboxuser/ros2_ws/install/realsense2_description/share/realsense2_description/urdf/test_d435_multiple_cameras.urdf.xacro
[6.373s] -- Installing: /home/vboxuser/ros2_ws/install/realsense2_description/share/realsense2_description/urdf/test_d435_camera.urdf.xacro
[6.374s] -- Installing: /home/vboxuser/ros2_ws/install/realsense2_description/share/realsense2_description/urdf/_r410.urdf.xacro
[6.374s] -- Installing: /home/vboxuser/ros2_ws/install/realsense2_description/share/realsense2_description/urdf/_d435i.urdf.xacro
[6.374s] -- Installing: /home/vboxuser/ros2_ws/install/realsense2_description/share/realsense2_description/urdf/_d435.urdf.xacro
[6.375s] -- Installing: /home/vboxuser/ros2_ws/install/realsense2_description/share/realsense2_description/urdf/test_r430_camera.urdf.xacro
[6.375s] -- Installing: /home/vboxuser/ros2_ws/install/realsense2_description/share/realsense2_description/urdf/_d405.urdf.xacro
[6.375s] -- Installing: /home/vboxuser/ros2_ws/install/realsense2_description/share/realsense2_description/urdf/_d435i_imu_modules.urdf.xacro
[6.375s] -- Installing: /home/vboxuser/ros2_ws/install/realsense2_description/share/realsense2_description/urdf/_r430.urdf.xacro
[6.376s] -- Installing: /home/vboxuser/ros2_ws/install/realsense2_description/share/realsense2_description/urdf/_usb_plug.urdf.xacro
[6.376s] -- Installing: /home/vboxuser/ros2_ws/install/realsense2_description/share/realsense2_description/urdf/test_d405_camera.urdf.xacro
[6.376s] -- Installing: /home/vboxuser/ros2_ws/install/realsense2_description/share/realsense2_description/urdf/test_r410_camera.urdf.xacro
[6.377s] -- Installing: /home/vboxuser/ros2_ws/install/realsense2_description/share/realsense2_description/urdf/test_d455_camera.urdf.xacro
[6.377s] -- Installing: /home/vboxuser/ros2_ws/install/realsense2_description/share/ament_index/resource_index/package_run_dependencies/realsense2_description
[6.378s] -- Installing: /home/vboxuser/ros2_ws/install/realsense2_description/share/ament_index/resource_index/parent_prefix_path/realsense2_description
[6.378s] -- Installing: /home/vboxuser/ros2_ws/install/realsense2_description/share/realsense2_description/environment/ament_prefix_path.sh
[6.378s] -- Installing: /home/vboxuser/ros2_ws/install/realsense2_description/share/realsense2_description/environment/ament_prefix_path.dsv
[6.379s] -- Installing: /home/vboxuser/ros2_ws/install/realsense2_description/share/realsense2_description/environment/path.sh
[6.379s] -- Installing: /home/vboxuser/ros2_ws/install/realsense2_description/share/realsense2_description/environment/path.dsv
[6.379s] -- Installing: /home/vboxuser/ros2_ws/install/realsense2_description/share/realsense2_description/local_setup.bash
[6.380s] -- Installing: /home/vboxuser/ros2_ws/install/realsense2_description/share/realsense2_description/local_setup.sh
[6.380s] -- Installing: /home/vboxuser/ros2_ws/install/realsense2_description/share/realsense2_description/local_setup.zsh
[6.381s] -- Installing: /home/vboxuser/ros2_ws/install/realsense2_description/share/realsense2_description/local_setup.dsv
[6.381s] -- Installing: /home/vboxuser/ros2_ws/install/realsense2_description/share/realsense2_description/package.dsv
[6.381s] -- Installing: /home/vboxuser/ros2_ws/install/realsense2_description/share/ament_index/resource_index/packages/realsense2_description
[6.382s] -- Installing: /home/vboxuser/ros2_ws/install/realsense2_description/share/realsense2_description/cmake/realsense2_descriptionConfig.cmake
[6.382s] -- Installing: /home/vboxuser/ros2_ws/install/realsense2_description/share/realsense2_description/cmake/realsense2_descriptionConfig-version.cmake
[6.382s] -- Installing: /home/vboxuser/ros2_ws/install/realsense2_description/share/realsense2_description/package.xml
[6.398s] Invoked command in '/home/vboxuser/ros2_ws/build/realsense2_description' returned '0': CMAKE_PREFIX_PATH=/home/vboxuser/ros2_ws/install/realsense2_camera_msgs:/home/vboxuser/ros2_ws/install/realsense2_description:/home/vboxuser/ros2_ws/install/realsense2_camera:/home/vboxuser/ros2_ws/install/kr_example_cpp:/home/vboxuser/ros2_ws/install/kr_msgs:/home/vboxuser/ros2_ws/install/groot:/home/vboxuser/ros2_ws/install/action_interfaces:/home/vboxuser/ros2_ws/install/vision:/home/vboxuser/ros2_ws/install/vcnanoz:/home/vboxuser/ros2_ws/install/robot_control:/home/vboxuser/ros2_ws/install/kr_example_python:/home/vboxuser/ros2_ws/install/bt_pkg:/home/vboxuser/ros2_ws/install/action_servers:/opt/ros/foxy LD_LIBRARY_PATH=/home/vboxuser/ros2_ws/install/realsense2_camera_msgs/lib:/home/vboxuser/ros2_ws/install/realsense2_camera/lib:/home/vboxuser/ros2_ws/install/kr_msgs/lib:/home/vboxuser/ros2_ws/install/groot/lib:/home/vboxuser/ros2_ws/install/action_interfaces/lib:/opt/ros/foxy/opt/yaml_cpp_vendor/lib:/opt/ros/foxy/opt/rviz_ogre_vendor/lib:/opt/ros/foxy/lib/x86_64-linux-gnu:/opt/ros/foxy/lib PYTHONPATH=/home/vboxuser/ros2_ws/install/realsense2_camera_msgs/lib/python3.8/site-packages:/home/vboxuser/ros2_ws/install/vision/lib/python3.8/site-packages:/home/vboxuser/ros2_ws/install/vcnanoz/lib/python3.8/site-packages:/home/vboxuser/ros2_ws/install/robot_control/lib/python3.8/site-packages:/home/vboxuser/ros2_ws/install/kr_example_python/lib/python3.8/site-packages:/home/vboxuser/ros2_ws/install/kr_msgs/lib/python3.8/site-packages:/home/vboxuser/ros2_ws/install/bt_pkg/lib/python3.8/site-packages:/home/vboxuser/ros2_ws/install/action_servers/lib/python3.8/site-packages:/home/vboxuser/ros2_ws/install/action_interfaces/lib/python3.8/site-packages:/opt/ros/foxy/lib/python3.8/site-packages /usr/bin/cmake --install /home/vboxuser/ros2_ws/build/realsense2_description
