[0.087s] Invoking command in '/home/vboxuser/ros2_ws/build/action_interfaces': CMAKE_PREFIX_PATH=${CMAKE_PREFIX_PATH}:/home/vboxuser/ros2_ws/install/vision:/home/vboxuser/ros2_ws/install/vcnanoz:/home/vboxuser/ros2_ws/install/robot_control:/home/vboxuser/ros2_ws/install/kr_example_python:/home/vboxuser/ros2_ws/install/bt_pkg:/home/vboxuser/ros2_ws/install/action_servers:/opt/ros/foxy /usr/bin/cmake --build /home/vboxuser/ros2_ws/build/action_interfaces -- -j8 -l8
[0.640s] -- Found ament_cmake: 0.9.12 (/opt/ros/foxy/share/ament_cmake/cmake)
[0.640s] -- Found PythonInterp: /usr/bin/python3 (found suitable version "3.8.10", minimum required is "3") 
[0.640s] -- Using PYTHON_EXECUTABLE: /usr/bin/python3
[0.640s] -- Found rosidl_default_generators: 1.0.1 (/opt/ros/foxy/share/rosidl_default_generators/cmake)
[0.640s] -- Using all available rosidl_typesupport_c: rosidl_typesupport_fastrtps_c;rosidl_typesupport_introspection_c
[0.640s] -- Found rosidl_adapter: 1.3.1 (/opt/ros/foxy/share/rosidl_adapter/cmake)
[0.640s] -- Using all available rosidl_typesupport_cpp: rosidl_typesupport_fastrtps_cpp;rosidl_typesupport_introspection_cpp
[0.641s] -- Found kr_msgs: 0.0.0 (/home/vboxuser/ros2_ws/install/kr_msgs/share/kr_msgs/cmake)
[0.658s] -- Found PythonInterp: /usr/bin/python3 (found version "3.8.10") 
[0.845s] -- Found ament_cmake_ros: 0.9.2 (/opt/ros/foxy/share/ament_cmake_ros/cmake)
[0.997s] -- Using all available rosidl_typesupport_c: rosidl_typesupport_fastrtps_c;rosidl_typesupport_introspection_c
[1.026s] -- Using all available rosidl_typesupport_cpp: rosidl_typesupport_fastrtps_cpp;rosidl_typesupport_introspection_cpp
[1.046s] -- Found PythonInterp: /usr/bin/python3 (found suitable version "3.8.10", minimum required is "3.5") 
[1.047s] -- Found python_cmake_module: 0.8.1 (/opt/ros/foxy/share/python_cmake_module/cmake)
[1.075s] -- Using PYTHON_EXECUTABLE: /usr/bin/python3
[1.075s] -- Using PYTHON_INCLUDE_DIRS: /usr/include/python3.8
[1.075s] -- Using PYTHON_LIBRARIES: /usr/lib/x86_64-linux-gnu/libpython3.8.so
[1.102s] -- Found ament_lint_auto: 0.9.8 (/opt/ros/foxy/share/ament_lint_auto/cmake)
[1.114s] -- Added test 'copyright' to check source files copyright and LICENSE
[1.114s] -- Added test 'lint_cmake' to check CMake code style
[1.114s] -- Added test 'xmllint' to check XML markup files
[1.120s] -- Configuring done
[1.199s] -- Generating done
[1.242s] -- Build files have been written to: /home/vboxuser/ros2_ws/build/action_interfaces
[1.312s] [  2%] [34m[1mGenerating C code for ROS interfaces[0m
[1.351s] [  5%] [34m[1mGenerating C++ code for ROS interfaces[0m
[2.011s] [35m[1mScanning dependencies of target action_interfaces__rosidl_generator_c[0m
[2.044s] [  7%] [32mBuilding C object CMakeFiles/action_interfaces__rosidl_generator_c.dir/rosidl_generator_c/action_interfaces/action/detail/move_tcp_along_axis__functions.c.o[0m
[2.047s] [ 10%] [32mBuilding C object CMakeFiles/action_interfaces__rosidl_generator_c.dir/rosidl_generator_c/action_interfaces/action/detail/fibonacci__functions.c.o[0m
[2.064s] [ 10%] Built target action_interfaces__cpp
[2.084s] [ 12%] [34m[1mGenerating C++ type support dispatch for ROS interfaces[0m
[2.089s] [ 15%] [34m[1mGenerating C++ introspection for ROS interfaces[0m
[2.100s] [ 17%] [34m[1mGenerating C++ type support for eProsima Fast-RTPS[0m
[2.476s] [ 20%] [32m[1mLinking C shared library libaction_interfaces__rosidl_generator_c.so[0m
[2.528s] [35m[1mScanning dependencies of target action_interfaces__rosidl_typesupport_cpp[0m
[2.576s] [ 23%] [32mBuilding CXX object CMakeFiles/action_interfaces__rosidl_typesupport_cpp.dir/rosidl_typesupport_cpp/action_interfaces/action/fibonacci__type_support.cpp.o[0m
[2.580s] [ 25%] [32mBuilding CXX object CMakeFiles/action_interfaces__rosidl_typesupport_cpp.dir/rosidl_typesupport_cpp/action_interfaces/action/move_tcp_along_axis__type_support.cpp.o[0m
[2.601s] [ 25%] Built target action_interfaces__rosidl_generator_c
[2.620s] [35m[1mScanning dependencies of target action_interfaces__rosidl_typesupport_introspection_cpp[0m
[2.682s] [ 28%] [34m[1mGenerating C introspection for ROS interfaces[0m
[2.722s] [ 30%] [34m[1mGenerating C type support dispatch for ROS interfaces[0m
[2.807s] [ 33%] [32mBuilding CXX object CMakeFiles/action_interfaces__rosidl_typesupport_introspection_cpp.dir/rosidl_typesupport_introspection_cpp/action_interfaces/action/detail/fibonacci__type_support.cpp.o[0m
[2.818s] [ 35%] [32mBuilding CXX object CMakeFiles/action_interfaces__rosidl_typesupport_introspection_cpp.dir/rosidl_typesupport_introspection_cpp/action_interfaces/action/detail/move_tcp_along_axis__type_support.cpp.o[0m
[2.851s] [35m[1mScanning dependencies of target action_interfaces__rosidl_typesupport_fastrtps_cpp[0m
[2.889s] [ 38%] [32mBuilding CXX object CMakeFiles/action_interfaces__rosidl_typesupport_fastrtps_cpp.dir/rosidl_typesupport_fastrtps_cpp/action_interfaces/action/detail/dds_fastrtps/move_tcp_along_axis__type_support.cpp.o[0m
[2.889s] [ 41%] [32mBuilding CXX object CMakeFiles/action_interfaces__rosidl_typesupport_fastrtps_cpp.dir/rosidl_typesupport_fastrtps_cpp/action_interfaces/action/detail/dds_fastrtps/fibonacci__type_support.cpp.o[0m
[3.458s] [35m[1mScanning dependencies of target action_interfaces__rosidl_typesupport_introspection_c[0m
[3.516s] [35m[1mScanning dependencies of target action_interfaces__rosidl_typesupport_c[0m
[3.559s] [ 43%] [32mBuilding C object CMakeFiles/action_interfaces__rosidl_typesupport_introspection_c.dir/rosidl_typesupport_introspection_c/action_interfaces/action/detail/move_tcp_along_axis__type_support.c.o[0m
[3.560s] [ 46%] [32m[1mLinking CXX shared library libaction_interfaces__rosidl_typesupport_cpp.so[0m
[3.576s] [ 48%] [32mBuilding C object CMakeFiles/action_interfaces__rosidl_typesupport_introspection_c.dir/rosidl_typesupport_introspection_c/action_interfaces/action/detail/fibonacci__type_support.c.o[0m
[3.610s] [ 51%] [32mBuilding CXX object CMakeFiles/action_interfaces__rosidl_typesupport_c.dir/rosidl_typesupport_c/action_interfaces/action/fibonacci__type_support.cpp.o[0m
[3.719s] [ 53%] [32mBuilding CXX object CMakeFiles/action_interfaces__rosidl_typesupport_c.dir/rosidl_typesupport_c/action_interfaces/action/move_tcp_along_axis__type_support.cpp.o[0m
[3.721s] [ 56%] [32m[1mLinking C shared library libaction_interfaces__rosidl_typesupport_introspection_c.so[0m
[3.723s] [ 58%] [32m[1mLinking CXX shared library libaction_interfaces__rosidl_typesupport_introspection_cpp.so[0m
[3.728s] [ 58%] Built target action_interfaces__rosidl_typesupport_cpp
[3.791s] [ 58%] Built target action_interfaces__rosidl_typesupport_introspection_c
[3.808s] [ 61%] [32m[1mLinking CXX shared library libaction_interfaces__rosidl_typesupport_c.so[0m
[3.866s] [ 61%] Built target action_interfaces__rosidl_typesupport_introspection_cpp
[3.876s] [ 61%] Built target action_interfaces__rosidl_typesupport_c
[3.980s] [ 64%] [32m[1mLinking CXX shared library libaction_interfaces__rosidl_typesupport_fastrtps_cpp.so[0m
[4.124s] [ 64%] Built target action_interfaces__rosidl_typesupport_fastrtps_cpp
[4.140s] [ 66%] [34m[1mGenerating C type support for eProsima Fast-RTPS[0m
[4.677s] [35m[1mScanning dependencies of target action_interfaces__rosidl_typesupport_fastrtps_c[0m
[4.717s] [ 69%] [32mBuilding CXX object CMakeFiles/action_interfaces__rosidl_typesupport_fastrtps_c.dir/rosidl_typesupport_fastrtps_c/action_interfaces/action/detail/fibonacci__type_support_c.cpp.o[0m
[4.717s] [ 71%] [32mBuilding CXX object CMakeFiles/action_interfaces__rosidl_typesupport_fastrtps_c.dir/rosidl_typesupport_fastrtps_c/action_interfaces/action/detail/move_tcp_along_axis__type_support_c.cpp.o[0m
[5.143s] [ 74%] [32m[1mLinking CXX shared library libaction_interfaces__rosidl_typesupport_fastrtps_c.so[0m
[5.263s] [ 74%] Built target action_interfaces__rosidl_typesupport_fastrtps_c
[5.297s] [ 74%] Built target action_interfaces
[5.332s] [ 76%] [34m[1mGenerating Python code for ROS interfaces[0m
[6.473s] [ 76%] Built target action_interfaces__py
[6.493s] [35m[1mScanning dependencies of target action_interfaces__python[0m
[6.536s] [ 79%] [32mBuilding C object CMakeFiles/action_interfaces__python.dir/rosidl_generator_py/action_interfaces/action/_fibonacci_s.c.o[0m
[6.549s] [ 82%] [32mBuilding C object CMakeFiles/action_interfaces__python.dir/rosidl_generator_py/action_interfaces/action/_move_tcp_along_axis_s.c.o[0m
[6.828s] [ 84%] [32m[1mLinking C shared library rosidl_generator_py/action_interfaces/libaction_interfaces__python.so[0m
[6.897s] [ 84%] Built target action_interfaces__python
[6.914s] [35m[1mScanning dependencies of target action_interfaces__rosidl_typesupport_fastrtps_c__pyext[0m
[6.914s] [35m[1mScanning dependencies of target action_interfaces__rosidl_typesupport_introspection_c__pyext[0m
[6.914s] [35m[1mScanning dependencies of target action_interfaces__rosidl_typesupport_c__pyext[0m
[6.944s] [ 89%] [32mBuilding C object CMakeFiles/action_interfaces__rosidl_typesupport_c__pyext.dir/rosidl_generator_py/action_interfaces/_action_interfaces_s.ep.rosidl_typesupport_c.c.o[0m
[6.944s] [ 89%] [32mBuilding C object CMakeFiles/action_interfaces__rosidl_typesupport_introspection_c__pyext.dir/rosidl_generator_py/action_interfaces/_action_interfaces_s.ep.rosidl_typesupport_introspection_c.c.o[0m
[6.947s] [ 92%] [32mBuilding C object CMakeFiles/action_interfaces__rosidl_typesupport_fastrtps_c__pyext.dir/rosidl_generator_py/action_interfaces/_action_interfaces_s.ep.rosidl_typesupport_fastrtps_c.c.o[0m
[7.096s] [ 94%] [32m[1mLinking C shared library rosidl_generator_py/action_interfaces/action_interfaces_s__rosidl_typesupport_introspection_c.cpython-38-x86_64-linux-gnu.so[0m
[7.097s] [ 97%] [32m[1mLinking C shared library rosidl_generator_py/action_interfaces/action_interfaces_s__rosidl_typesupport_c.cpython-38-x86_64-linux-gnu.so[0m
[7.098s] [100%] [32m[1mLinking CXX shared library rosidl_generator_py/action_interfaces/action_interfaces_s__rosidl_typesupport_fastrtps_c.cpython-38-x86_64-linux-gnu.so[0m
[7.150s] [100%] Built target action_interfaces__rosidl_typesupport_introspection_c__pyext
[7.152s] [100%] Built target action_interfaces__rosidl_typesupport_c__pyext
[7.188s] [100%] Built target action_interfaces__rosidl_typesupport_fastrtps_c__pyext
[7.208s] Invoked command in '/home/vboxuser/ros2_ws/build/action_interfaces' returned '0': CMAKE_PREFIX_PATH=${CMAKE_PREFIX_PATH}:/home/vboxuser/ros2_ws/install/vision:/home/vboxuser/ros2_ws/install/vcnanoz:/home/vboxuser/ros2_ws/install/robot_control:/home/vboxuser/ros2_ws/install/kr_example_python:/home/vboxuser/ros2_ws/install/bt_pkg:/home/vboxuser/ros2_ws/install/action_servers:/opt/ros/foxy /usr/bin/cmake --build /home/vboxuser/ros2_ws/build/action_interfaces -- -j8 -l8
[7.215s] Invoking command in '/home/vboxuser/ros2_ws/build/action_interfaces': CMAKE_PREFIX_PATH=${CMAKE_PREFIX_PATH}:/home/vboxuser/ros2_ws/install/vision:/home/vboxuser/ros2_ws/install/vcnanoz:/home/vboxuser/ros2_ws/install/robot_control:/home/vboxuser/ros2_ws/install/kr_example_python:/home/vboxuser/ros2_ws/install/bt_pkg:/home/vboxuser/ros2_ws/install/action_servers:/opt/ros/foxy /usr/bin/cmake --install /home/vboxuser/ros2_ws/build/action_interfaces
[7.227s] -- Install configuration: ""
[7.227s] -- Up-to-date: /home/vboxuser/ros2_ws/install/action_interfaces/share/ament_index/resource_index/rosidl_interfaces/action_interfaces
[7.227s] -- Up-to-date: /home/vboxuser/ros2_ws/install/action_interfaces/include/action_interfaces
[7.228s] -- Up-to-date: /home/vboxuser/ros2_ws/install/action_interfaces/include/action_interfaces/action
[7.228s] -- Installing: /home/vboxuser/ros2_ws/install/action_interfaces/include/action_interfaces/action/move_tcp_along_axis.h
[7.228s] -- Up-to-date: /home/vboxuser/ros2_ws/install/action_interfaces/include/action_interfaces/action/detail
[7.228s] -- Installing: /home/vboxuser/ros2_ws/install/action_interfaces/include/action_interfaces/action/detail/fibonacci__functions.h
[7.228s] -- Installing: /home/vboxuser/ros2_ws/install/action_interfaces/include/action_interfaces/action/detail/fibonacci__functions.c
[7.228s] -- Installing: /home/vboxuser/ros2_ws/install/action_interfaces/include/action_interfaces/action/detail/fibonacci__struct.h
[7.229s] -- Installing: /home/vboxuser/ros2_ws/install/action_interfaces/include/action_interfaces/action/detail/fibonacci__type_support.h
[7.229s] -- Installing: /home/vboxuser/ros2_ws/install/action_interfaces/include/action_interfaces/action/detail/move_tcp_along_axis__functions.h
[7.230s] -- Installing: /home/vboxuser/ros2_ws/install/action_interfaces/include/action_interfaces/action/detail/move_tcp_along_axis__functions.c
[7.230s] -- Installing: /home/vboxuser/ros2_ws/install/action_interfaces/include/action_interfaces/action/detail/move_tcp_along_axis__type_support.h
[7.230s] -- Installing: /home/vboxuser/ros2_ws/install/action_interfaces/include/action_interfaces/action/detail/move_tcp_along_axis__struct.h
[7.231s] -- Installing: /home/vboxuser/ros2_ws/install/action_interfaces/include/action_interfaces/action/fibonacci.h
[7.231s] -- Up-to-date: /home/vboxuser/ros2_ws/install/action_interfaces/include/action_interfaces/msg
[7.231s] -- Up-to-date: /home/vboxuser/ros2_ws/install/action_interfaces/include/action_interfaces/msg/rosidl_generator_c__visibility_control.h
[7.231s] -- Up-to-date: /home/vboxuser/ros2_ws/install/action_interfaces/share/action_interfaces/environment/library_path.sh
[7.231s] -- Installing: /home/vboxuser/ros2_ws/install/action_interfaces/share/action_interfaces/environment/library_path.dsv
[7.232s] -- Installing: /home/vboxuser/ros2_ws/install/action_interfaces/lib/libaction_interfaces__rosidl_generator_c.so
[7.233s] -- Set runtime path of "/home/vboxuser/ros2_ws/install/action_interfaces/lib/libaction_interfaces__rosidl_generator_c.so" to ""
[7.233s] -- Up-to-date: /home/vboxuser/ros2_ws/install/action_interfaces/include/action_interfaces
[7.233s] -- Up-to-date: /home/vboxuser/ros2_ws/install/action_interfaces/include/action_interfaces/action
[7.233s] -- Up-to-date: /home/vboxuser/ros2_ws/install/action_interfaces/include/action_interfaces/action/detail
[7.235s] -- Installing: /home/vboxuser/ros2_ws/install/action_interfaces/include/action_interfaces/action/detail/move_tcp_along_axis__rosidl_typesupport_fastrtps_c.h
[7.235s] -- Installing: /home/vboxuser/ros2_ws/install/action_interfaces/include/action_interfaces/action/detail/fibonacci__rosidl_typesupport_fastrtps_c.h
[7.235s] -- Up-to-date: /home/vboxuser/ros2_ws/install/action_interfaces/include/action_interfaces/msg
[7.235s] -- Up-to-date: /home/vboxuser/ros2_ws/install/action_interfaces/include/action_interfaces/msg/rosidl_typesupport_fastrtps_c__visibility_control.h
[7.235s] -- Installing: /home/vboxuser/ros2_ws/install/action_interfaces/lib/libaction_interfaces__rosidl_typesupport_fastrtps_c.so
[7.235s] -- Set runtime path of "/home/vboxuser/ros2_ws/install/action_interfaces/lib/libaction_interfaces__rosidl_typesupport_fastrtps_c.so" to ""
[7.236s] -- Up-to-date: /home/vboxuser/ros2_ws/install/action_interfaces/include/action_interfaces
[7.236s] -- Up-to-date: /home/vboxuser/ros2_ws/install/action_interfaces/include/action_interfaces/action
[7.236s] -- Up-to-date: /home/vboxuser/ros2_ws/install/action_interfaces/include/action_interfaces/action/detail
[7.236s] -- Installing: /home/vboxuser/ros2_ws/install/action_interfaces/include/action_interfaces/action/detail/fibonacci__rosidl_typesupport_fastrtps_cpp.hpp
[7.236s] -- Up-to-date: /home/vboxuser/ros2_ws/install/action_interfaces/include/action_interfaces/action/detail/dds_fastrtps
[7.236s] -- Installing: /home/vboxuser/ros2_ws/install/action_interfaces/include/action_interfaces/action/detail/move_tcp_along_axis__rosidl_typesupport_fastrtps_cpp.hpp
[7.236s] -- Up-to-date: /home/vboxuser/ros2_ws/install/action_interfaces/include/action_interfaces/msg
[7.237s] -- Up-to-date: /home/vboxuser/ros2_ws/install/action_interfaces/include/action_interfaces/msg/rosidl_typesupport_fastrtps_cpp__visibility_control.h
[7.237s] -- Installing: /home/vboxuser/ros2_ws/install/action_interfaces/lib/libaction_interfaces__rosidl_typesupport_fastrtps_cpp.so
[7.238s] -- Set runtime path of "/home/vboxuser/ros2_ws/install/action_interfaces/lib/libaction_interfaces__rosidl_typesupport_fastrtps_cpp.so" to ""
[7.238s] -- Up-to-date: /home/vboxuser/ros2_ws/install/action_interfaces/include/action_interfaces
[7.238s] -- Up-to-date: /home/vboxuser/ros2_ws/install/action_interfaces/include/action_interfaces/action
[7.238s] -- Up-to-date: /home/vboxuser/ros2_ws/install/action_interfaces/include/action_interfaces/action/detail
[7.238s] -- Installing: /home/vboxuser/ros2_ws/install/action_interfaces/include/action_interfaces/action/detail/fibonacci__type_support.c
[7.239s] -- Installing: /home/vboxuser/ros2_ws/install/action_interfaces/include/action_interfaces/action/detail/move_tcp_along_axis__rosidl_typesupport_introspection_c.h
[7.239s] -- Installing: /home/vboxuser/ros2_ws/install/action_interfaces/include/action_interfaces/action/detail/move_tcp_along_axis__type_support.c
[7.239s] -- Installing: /home/vboxuser/ros2_ws/install/action_interfaces/include/action_interfaces/action/detail/fibonacci__rosidl_typesupport_introspection_c.h
[7.239s] -- Up-to-date: /home/vboxuser/ros2_ws/install/action_interfaces/include/action_interfaces/msg
[7.239s] -- Up-to-date: /home/vboxuser/ros2_ws/install/action_interfaces/include/action_interfaces/msg/rosidl_typesupport_introspection_c__visibility_control.h
[7.240s] -- Installing: /home/vboxuser/ros2_ws/install/action_interfaces/lib/libaction_interfaces__rosidl_typesupport_introspection_c.so
[7.240s] -- Set runtime path of "/home/vboxuser/ros2_ws/install/action_interfaces/lib/libaction_interfaces__rosidl_typesupport_introspection_c.so" to ""
[7.240s] -- Installing: /home/vboxuser/ros2_ws/install/action_interfaces/lib/libaction_interfaces__rosidl_typesupport_c.so
[7.241s] -- Set runtime path of "/home/vboxuser/ros2_ws/install/action_interfaces/lib/libaction_interfaces__rosidl_typesupport_c.so" to ""
[7.242s] -- Up-to-date: /home/vboxuser/ros2_ws/install/action_interfaces/include/action_interfaces
[7.242s] -- Up-to-date: /home/vboxuser/ros2_ws/install/action_interfaces/include/action_interfaces/action
[7.242s] -- Installing: /home/vboxuser/ros2_ws/install/action_interfaces/include/action_interfaces/action/fibonacci.hpp
[7.242s] -- Installing: /home/vboxuser/ros2_ws/install/action_interfaces/include/action_interfaces/action/move_tcp_along_axis.hpp
[7.242s] -- Up-to-date: /home/vboxuser/ros2_ws/install/action_interfaces/include/action_interfaces/action/detail
[7.243s] -- Installing: /home/vboxuser/ros2_ws/install/action_interfaces/include/action_interfaces/action/detail/fibonacci__traits.hpp
[7.243s] -- Installing: /home/vboxuser/ros2_ws/install/action_interfaces/include/action_interfaces/action/detail/fibonacci__builder.hpp
[7.243s] -- Installing: /home/vboxuser/ros2_ws/install/action_interfaces/include/action_interfaces/action/detail/fibonacci__type_support.hpp
[7.243s] -- Installing: /home/vboxuser/ros2_ws/install/action_interfaces/include/action_interfaces/action/detail/fibonacci__struct.hpp
[7.243s] -- Installing: /home/vboxuser/ros2_ws/install/action_interfaces/include/action_interfaces/action/detail/move_tcp_along_axis__traits.hpp
[7.244s] -- Installing: /home/vboxuser/ros2_ws/install/action_interfaces/include/action_interfaces/action/detail/move_tcp_along_axis__builder.hpp
[7.244s] -- Installing: /home/vboxuser/ros2_ws/install/action_interfaces/include/action_interfaces/action/detail/move_tcp_along_axis__type_support.hpp
[7.244s] -- Installing: /home/vboxuser/ros2_ws/install/action_interfaces/include/action_interfaces/action/detail/move_tcp_along_axis__struct.hpp
[7.244s] -- Up-to-date: /home/vboxuser/ros2_ws/install/action_interfaces/include/action_interfaces/msg
[7.244s] -- Up-to-date: /home/vboxuser/ros2_ws/install/action_interfaces/include/action_interfaces/msg/rosidl_generator_cpp__visibility_control.hpp
[7.245s] -- Up-to-date: /home/vboxuser/ros2_ws/install/action_interfaces/include/action_interfaces
[7.245s] -- Up-to-date: /home/vboxuser/ros2_ws/install/action_interfaces/include/action_interfaces/action
[7.245s] -- Up-to-date: /home/vboxuser/ros2_ws/install/action_interfaces/include/action_interfaces/action/detail
[7.245s] -- Installing: /home/vboxuser/ros2_ws/install/action_interfaces/include/action_interfaces/action/detail/fibonacci__rosidl_typesupport_introspection_cpp.hpp
[7.246s] -- Installing: /home/vboxuser/ros2_ws/install/action_interfaces/include/action_interfaces/action/detail/fibonacci__type_support.cpp
[7.246s] -- Installing: /home/vboxuser/ros2_ws/install/action_interfaces/include/action_interfaces/action/detail/move_tcp_along_axis__type_support.cpp
[7.246s] -- Installing: /home/vboxuser/ros2_ws/install/action_interfaces/include/action_interfaces/action/detail/move_tcp_along_axis__rosidl_typesupport_introspection_cpp.hpp
[7.246s] -- Installing: /home/vboxuser/ros2_ws/install/action_interfaces/lib/libaction_interfaces__rosidl_typesupport_introspection_cpp.so
[7.247s] -- Set runtime path of "/home/vboxuser/ros2_ws/install/action_interfaces/lib/libaction_interfaces__rosidl_typesupport_introspection_cpp.so" to ""
[7.247s] -- Installing: /home/vboxuser/ros2_ws/install/action_interfaces/lib/libaction_interfaces__rosidl_typesupport_cpp.so
[7.248s] -- Set runtime path of "/home/vboxuser/ros2_ws/install/action_interfaces/lib/libaction_interfaces__rosidl_typesupport_cpp.so" to ""
[7.248s] -- Up-to-date: /home/vboxuser/ros2_ws/install/action_interfaces/share/action_interfaces/environment/pythonpath.sh
[7.248s] -- Installing: /home/vboxuser/ros2_ws/install/action_interfaces/share/action_interfaces/environment/pythonpath.dsv
[7.249s] -- Installing: /home/vboxuser/ros2_ws/install/action_interfaces/lib/python3.8/site-packages/action_interfaces/__init__.py
[7.282s] Compiling '/home/vboxuser/ros2_ws/install/action_interfaces/lib/python3.8/site-packages/action_interfaces/__init__.py'...
[7.285s] -- Up-to-date: /home/vboxuser/ros2_ws/install/action_interfaces/lib/python3.8/site-packages/action_interfaces/action
[7.286s] -- Installing: /home/vboxuser/ros2_ws/install/action_interfaces/lib/python3.8/site-packages/action_interfaces/action/_move_tcp_along_axis_s.c
[7.286s] -- Installing: /home/vboxuser/ros2_ws/install/action_interfaces/lib/python3.8/site-packages/action_interfaces/action/_fibonacci.py
[7.286s] -- Installing: /home/vboxuser/ros2_ws/install/action_interfaces/lib/python3.8/site-packages/action_interfaces/action/_fibonacci_s.c
[7.287s] -- Installing: /home/vboxuser/ros2_ws/install/action_interfaces/lib/python3.8/site-packages/action_interfaces/action/_move_tcp_along_axis.py
[7.287s] -- Installing: /home/vboxuser/ros2_ws/install/action_interfaces/lib/python3.8/site-packages/action_interfaces/action/__init__.py
[7.287s] -- Installing: /home/vboxuser/ros2_ws/install/action_interfaces/lib/python3.8/site-packages/action_interfaces/action_interfaces_s__rosidl_typesupport_fastrtps_c.cpython-38-x86_64-linux-gnu.so
[7.288s] -- Set runtime path of "/home/vboxuser/ros2_ws/install/action_interfaces/lib/python3.8/site-packages/action_interfaces/action_interfaces_s__rosidl_typesupport_fastrtps_c.cpython-38-x86_64-linux-gnu.so" to ""
[7.289s] -- Installing: /home/vboxuser/ros2_ws/install/action_interfaces/lib/python3.8/site-packages/action_interfaces/action_interfaces_s__rosidl_typesupport_introspection_c.cpython-38-x86_64-linux-gnu.so
[7.290s] -- Set runtime path of "/home/vboxuser/ros2_ws/install/action_interfaces/lib/python3.8/site-packages/action_interfaces/action_interfaces_s__rosidl_typesupport_introspection_c.cpython-38-x86_64-linux-gnu.so" to ""
[7.290s] -- Installing: /home/vboxuser/ros2_ws/install/action_interfaces/lib/python3.8/site-packages/action_interfaces/action_interfaces_s__rosidl_typesupport_c.cpython-38-x86_64-linux-gnu.so
[7.291s] -- Set runtime path of "/home/vboxuser/ros2_ws/install/action_interfaces/lib/python3.8/site-packages/action_interfaces/action_interfaces_s__rosidl_typesupport_c.cpython-38-x86_64-linux-gnu.so" to ""
[7.291s] -- Installing: /home/vboxuser/ros2_ws/install/action_interfaces/lib/libaction_interfaces__python.so
[7.292s] -- Set runtime path of "/home/vboxuser/ros2_ws/install/action_interfaces/lib/libaction_interfaces__python.so" to ""
[7.292s] -- Up-to-date: /home/vboxuser/ros2_ws/install/action_interfaces/share/action_interfaces/action/Fibonacci.idl
[7.292s] -- Installing: /home/vboxuser/ros2_ws/install/action_interfaces/share/action_interfaces/action/MoveTcpAlongAxis.idl
[7.293s] -- Up-to-date: /home/vboxuser/ros2_ws/install/action_interfaces/share/action_interfaces/action/Fibonacci.action
[7.293s] -- Installing: /home/vboxuser/ros2_ws/install/action_interfaces/share/action_interfaces/action/MoveTcpAlongAxis.action
[7.294s] -- Up-to-date: /home/vboxuser/ros2_ws/install/action_interfaces/share/ament_index/resource_index/package_run_dependencies/action_interfaces
[7.294s] -- Up-to-date: /home/vboxuser/ros2_ws/install/action_interfaces/share/ament_index/resource_index/parent_prefix_path/action_interfaces
[7.294s] -- Up-to-date: /home/vboxuser/ros2_ws/install/action_interfaces/share/action_interfaces/environment/ament_prefix_path.sh
[7.295s] -- Installing: /home/vboxuser/ros2_ws/install/action_interfaces/share/action_interfaces/environment/ament_prefix_path.dsv
[7.295s] -- Up-to-date: /home/vboxuser/ros2_ws/install/action_interfaces/share/action_interfaces/environment/path.sh
[7.295s] -- Installing: /home/vboxuser/ros2_ws/install/action_interfaces/share/action_interfaces/environment/path.dsv
[7.295s] -- Up-to-date: /home/vboxuser/ros2_ws/install/action_interfaces/share/action_interfaces/local_setup.bash
[7.295s] -- Up-to-date: /home/vboxuser/ros2_ws/install/action_interfaces/share/action_interfaces/local_setup.sh
[7.295s] -- Up-to-date: /home/vboxuser/ros2_ws/install/action_interfaces/share/action_interfaces/local_setup.zsh
[7.295s] -- Installing: /home/vboxuser/ros2_ws/install/action_interfaces/share/action_interfaces/local_setup.dsv
[7.295s] -- Installing: /home/vboxuser/ros2_ws/install/action_interfaces/share/action_interfaces/package.dsv
[7.295s] -- Up-to-date: /home/vboxuser/ros2_ws/install/action_interfaces/share/ament_index/resource_index/packages/action_interfaces
[7.295s] -- Up-to-date: /home/vboxuser/ros2_ws/install/action_interfaces/share/action_interfaces/cmake/action_interfaces__rosidl_generator_cExport.cmake
[7.295s] -- Installing: /home/vboxuser/ros2_ws/install/action_interfaces/share/action_interfaces/cmake/action_interfaces__rosidl_generator_cExport-noconfig.cmake
[7.295s] -- Up-to-date: /home/vboxuser/ros2_ws/install/action_interfaces/share/action_interfaces/cmake/action_interfaces__rosidl_typesupport_introspection_cExport.cmake
[7.296s] -- Installing: /home/vboxuser/ros2_ws/install/action_interfaces/share/action_interfaces/cmake/action_interfaces__rosidl_typesupport_introspection_cExport-noconfig.cmake
[7.296s] -- Up-to-date: /home/vboxuser/ros2_ws/install/action_interfaces/share/action_interfaces/cmake/action_interfaces__rosidl_typesupport_cExport.cmake
[7.296s] -- Installing: /home/vboxuser/ros2_ws/install/action_interfaces/share/action_interfaces/cmake/action_interfaces__rosidl_typesupport_cExport-noconfig.cmake
[7.297s] -- Up-to-date: /home/vboxuser/ros2_ws/install/action_interfaces/share/action_interfaces/cmake/action_interfaces__rosidl_generator_cppExport.cmake
[7.297s] -- Up-to-date: /home/vboxuser/ros2_ws/install/action_interfaces/share/action_interfaces/cmake/action_interfaces__rosidl_typesupport_introspection_cppExport.cmake
[7.297s] -- Installing: /home/vboxuser/ros2_ws/install/action_interfaces/share/action_interfaces/cmake/action_interfaces__rosidl_typesupport_introspection_cppExport-noconfig.cmake
[7.297s] -- Up-to-date: /home/vboxuser/ros2_ws/install/action_interfaces/share/action_interfaces/cmake/action_interfaces__rosidl_typesupport_cppExport.cmake
[7.298s] -- Installing: /home/vboxuser/ros2_ws/install/action_interfaces/share/action_interfaces/cmake/action_interfaces__rosidl_typesupport_cppExport-noconfig.cmake
[7.298s] -- Up-to-date: /home/vboxuser/ros2_ws/install/action_interfaces/share/action_interfaces/cmake/rosidl_cmake-extras.cmake
[7.298s] -- Up-to-date: /home/vboxuser/ros2_ws/install/action_interfaces/share/action_interfaces/cmake/ament_cmake_export_dependencies-extras.cmake
[7.298s] -- Up-to-date: /home/vboxuser/ros2_ws/install/action_interfaces/share/action_interfaces/cmake/ament_cmake_export_libraries-extras.cmake
[7.298s] -- Up-to-date: /home/vboxuser/ros2_ws/install/action_interfaces/share/action_interfaces/cmake/ament_cmake_export_targets-extras.cmake
[7.299s] -- Up-to-date: /home/vboxuser/ros2_ws/install/action_interfaces/share/action_interfaces/cmake/ament_cmake_export_include_directories-extras.cmake
[7.299s] -- Up-to-date: /home/vboxuser/ros2_ws/install/action_interfaces/share/action_interfaces/cmake/rosidl_cmake_export_typesupport_libraries-extras.cmake
[7.299s] -- Up-to-date: /home/vboxuser/ros2_ws/install/action_interfaces/share/action_interfaces/cmake/rosidl_cmake_export_typesupport_targets-extras.cmake
[7.299s] -- Up-to-date: /home/vboxuser/ros2_ws/install/action_interfaces/share/action_interfaces/cmake/action_interfacesConfig.cmake
[7.299s] -- Up-to-date: /home/vboxuser/ros2_ws/install/action_interfaces/share/action_interfaces/cmake/action_interfacesConfig-version.cmake
[7.299s] -- Up-to-date: /home/vboxuser/ros2_ws/install/action_interfaces/share/action_interfaces/package.xml
[7.303s] Invoked command in '/home/vboxuser/ros2_ws/build/action_interfaces' returned '0': CMAKE_PREFIX_PATH=${CMAKE_PREFIX_PATH}:/home/vboxuser/ros2_ws/install/vision:/home/vboxuser/ros2_ws/install/vcnanoz:/home/vboxuser/ros2_ws/install/robot_control:/home/vboxuser/ros2_ws/install/kr_example_python:/home/vboxuser/ros2_ws/install/bt_pkg:/home/vboxuser/ros2_ws/install/action_servers:/opt/ros/foxy /usr/bin/cmake --install /home/vboxuser/ros2_ws/build/action_interfaces
