[0.557s] Invoking command in '/home/vboxuser/ros2_ws/build/groot': CMAKE_PREFIX_PATH=${CMAKE_PREFIX_PATH}:/home/vboxuser/ros2_ws/install/vision:/home/vboxuser/ros2_ws/install/robot_control:/home/vboxuser/ros2_ws/install/kr_example_python:/home/vboxuser/ros2_ws/install/bt_pkg:/home/vboxuser/ros2_ws/install/action_pkg:/opt/ros/foxy /usr/bin/cmake /home/vboxuser/ros2_ws/src/Groot -DCMAKE_INSTALL_PREFIX=/home/vboxuser/ros2_ws/install/groot
[0.791s] -- The C compiler identification is GNU 9.4.0
[0.791s] -- The CXX compiler identification is GNU 9.4.0
[0.791s] -- Check for working C compiler: /usr/bin/cc
[0.791s] -- Check for working C compiler: /usr/bin/cc -- works
[0.791s] -- Detecting C compiler ABI info
[0.860s] -- Detecting C compiler ABI info - done
[0.870s] -- Detecting C compile features
[0.870s] -- Detecting C compile features - done
[0.873s] -- Check for working CXX compiler: /usr/bin/c++
[0.980s] -- Check for working CXX compiler: /usr/bin/c++ -- works
[0.981s] -- Detecting CXX compiler ABI info
[1.110s] -- Detecting CXX compiler ABI info - done
[1.127s] -- Detecting CXX compile features
[1.128s] -- Detecting CXX compile features - done
[1.183s] -- Found PythonInterp: /usr/bin/python3 (found suitable version "3.8.10", minimum required is "3") 
[1.183s] -- Using PYTHON_EXECUTABLE: /usr/bin/python3
[1.445s] -- Found ament_index_cpp: 1.1.0 (/opt/ros/foxy/share/ament_index_cpp/cmake)
[1.449s] -- ---------------------
[1.450s] -- Compiling with AMENT.
[1.450s] -- ---------------------
[1.470s] -- Found ZMQ: /usr/lib/x86_64-linux-gnu/libzmq.so  
[1.471s] -- ZeroMQ found.
[1.562s] -- Configuring done
[1.760s] -- Generating done
[1.766s] -- Build files have been written to: /home/vboxuser/ros2_ws/build/groot
[1.781s] Invoked command in '/home/vboxuser/ros2_ws/build/groot' returned '0': CMAKE_PREFIX_PATH=${CMAKE_PREFIX_PATH}:/home/vboxuser/ros2_ws/install/vision:/home/vboxuser/ros2_ws/install/robot_control:/home/vboxuser/ros2_ws/install/kr_example_python:/home/vboxuser/ros2_ws/install/bt_pkg:/home/vboxuser/ros2_ws/install/action_pkg:/opt/ros/foxy /usr/bin/cmake /home/vboxuser/ros2_ws/src/Groot -DCMAKE_INSTALL_PREFIX=/home/vboxuser/ros2_ws/install/groot
[1.783s] Invoking command in '/home/vboxuser/ros2_ws/build/groot': CMAKE_PREFIX_PATH=${CMAKE_PREFIX_PATH}:/home/vboxuser/ros2_ws/install/vision:/home/vboxuser/ros2_ws/install/robot_control:/home/vboxuser/ros2_ws/install/kr_example_python:/home/vboxuser/ros2_ws/install/bt_pkg:/home/vboxuser/ros2_ws/install/action_pkg:/opt/ros/foxy /usr/bin/cmake --build /home/vboxuser/ros2_ws/build/groot -- -j8 -l8
[1.881s] [35m[1mScanning dependencies of target QtNodeEditor_autogen[0m
[1.885s] [  1%] [34m[1mAutomatic MOC and UIC for target QtNodeEditor[0m
[1.953s] [  1%] Built target QtNodeEditor_autogen
[1.968s] [  2%] [34m[1mGenerating include/nodes/internal/moc_Compiler.cpp[0m
[1.968s] [  2%] [34m[1mGenerating qrc_resources.cpp[0m
[1.987s] [  3%] [34m[1mGenerating include/nodes/internal/moc_ConnectionState.cpp[0m
[1.987s] [  3%] [34m[1mGenerating include/nodes/internal/moc_ConnectionGraphicsObject.cpp[0m
[1.987s] [  4%] [34m[1mGenerating include/nodes/internal/moc_ConnectionStyle.cpp[0m
[1.990s] [  5%] [34m[1mGenerating include/nodes/internal/moc_Connection.cpp[0m
[1.991s] [  6%] [34m[1mGenerating include/nodes/internal/moc_ConnectionGeometry.cpp[0m
[1.995s] [  7%] [34m[1mGenerating include/nodes/internal/moc_memory.cpp[0m
[2.018s] [  7%] [34m[1mGenerating include/nodes/internal/moc_DataModelRegistry.cpp[0m
[2.039s] [  8%] [34m[1mGenerating include/nodes/internal/moc_FlowScene.cpp[0m
[2.050s] [  8%] [34m[1mGenerating include/nodes/internal/moc_FlowViewStyle.cpp[0m
[2.055s] [  9%] [34m[1mGenerating include/nodes/internal/moc_Node.cpp[0m
[2.061s] [ 10%] [34m[1mGenerating include/nodes/internal/moc_NodeData.cpp[0m
[2.062s] [ 11%] [34m[1mGenerating include/nodes/internal/moc_Export.cpp[0m
[2.064s] [ 12%] [34m[1mGenerating include/nodes/internal/moc_FlowView.cpp[0m
[2.141s] [ 12%] [34m[1mGenerating include/nodes/internal/moc_NodeDataModel.cpp[0m
[2.143s] [ 13%] [34m[1mGenerating include/nodes/internal/moc_NodeGeometry.cpp[0m
[2.153s] [ 14%] [34m[1mGenerating include/nodes/internal/moc_NodePainterDelegate.cpp[0m
[2.153s] [ 14%] [34m[1mGenerating include/nodes/internal/moc_NodeState.cpp[0m
[2.162s] [ 15%] [34m[1mGenerating include/nodes/internal/moc_NodeGraphicsObject.cpp[0m
[2.163s] [ 16%] [34m[1mGenerating include/nodes/internal/moc_NodeStyle.cpp[0m
[2.241s] [ 18%] [34m[1mGenerating include/nodes/internal/moc_QStringStdHash.cpp[0m
[2.241s] [ 18%] [34m[1mGenerating include/nodes/internal/moc_OperatingSystem.cpp[0m
[2.245s] [ 18%] [34m[1mGenerating include/nodes/internal/moc_PortType.cpp[0m
[2.252s] [ 19%] [34m[1mGenerating include/nodes/internal/moc_Serializable.cpp[0m
[2.259s] [ 20%] [34m[1mGenerating include/nodes/internal/moc_QUuidStdHash.cpp[0m
[2.259s] [ 20%] [34m[1mGenerating include/nodes/internal/moc_Style.cpp[0m
[2.268s] [ 21%] [34m[1mGenerating include/nodes/internal/moc_TypeConverter.cpp[0m
[2.320s] [35m[1mScanning dependencies of target QtNodeEditor[0m
[2.537s] [ 21%] [32mBuilding CXX object QtNodeEditor/CMakeFiles/QtNodeEditor.dir/QtNodeEditor_autogen/mocs_compilation.cpp.o[0m
[2.542s] [ 22%] [32mBuilding CXX object QtNodeEditor/CMakeFiles/QtNodeEditor.dir/src/Connection.cpp.o[0m
[2.543s] [ 22%] [32mBuilding CXX object QtNodeEditor/CMakeFiles/QtNodeEditor.dir/src/ConnectionGraphicsObject.cpp.o[0m
[2.547s] [ 23%] [32mBuilding CXX object QtNodeEditor/CMakeFiles/QtNodeEditor.dir/src/ConnectionPainter.cpp.o[0m
[2.552s] [ 24%] [32mBuilding CXX object QtNodeEditor/CMakeFiles/QtNodeEditor.dir/src/ConnectionState.cpp.o[0m
[2.552s] [ 25%] [32mBuilding CXX object QtNodeEditor/CMakeFiles/QtNodeEditor.dir/src/ConnectionBlurEffect.cpp.o[0m
[2.554s] [ 26%] [32mBuilding CXX object QtNodeEditor/CMakeFiles/QtNodeEditor.dir/src/ConnectionGeometry.cpp.o[0m
[2.664s] [ 26%] [32mBuilding CXX object QtNodeEditor/CMakeFiles/QtNodeEditor.dir/src/ConnectionStyle.cpp.o[0m
[2.974s] [ 27%] [32mBuilding CXX object QtNodeEditor/CMakeFiles/QtNodeEditor.dir/src/DataModelRegistry.cpp.o[0m
[3.430s] [ 28%] [32mBuilding CXX object QtNodeEditor/CMakeFiles/QtNodeEditor.dir/src/FlowScene.cpp.o[0m
[3.836s] [ 29%] [32mBuilding CXX object QtNodeEditor/CMakeFiles/QtNodeEditor.dir/src/FlowView.cpp.o[0m
[4.377s] [ 29%] [32mBuilding CXX object QtNodeEditor/CMakeFiles/QtNodeEditor.dir/src/FlowViewStyle.cpp.o[0m
[5.327s] [ 30%] [32mBuilding CXX object QtNodeEditor/CMakeFiles/QtNodeEditor.dir/src/Node.cpp.o[0m
[5.360s] [ 31%] [32mBuilding CXX object QtNodeEditor/CMakeFiles/QtNodeEditor.dir/src/NodeConnectionInteraction.cpp.o[0m
[5.763s] [ 31%] [32mBuilding CXX object QtNodeEditor/CMakeFiles/QtNodeEditor.dir/src/NodeDataModel.cpp.o[0m
[6.005s] [ 32%] [32mBuilding CXX object QtNodeEditor/CMakeFiles/QtNodeEditor.dir/src/NodeGeometry.cpp.o[0m
[6.310s] [ 33%] [32mBuilding CXX object QtNodeEditor/CMakeFiles/QtNodeEditor.dir/src/NodeGraphicsObject.cpp.o[0m
[8.084s] [ 34%] [32mBuilding CXX object QtNodeEditor/CMakeFiles/QtNodeEditor.dir/src/NodePainter.cpp.o[0m
[9.006s] [ 34%] [32mBuilding CXX object QtNodeEditor/CMakeFiles/QtNodeEditor.dir/src/NodeState.cpp.o[0m
[9.256s] [ 35%] [32mBuilding CXX object QtNodeEditor/CMakeFiles/QtNodeEditor.dir/src/NodeStyle.cpp.o[0m
[9.301s] [ 36%] [32mBuilding CXX object QtNodeEditor/CMakeFiles/QtNodeEditor.dir/src/Properties.cpp.o[0m
[9.439s] [ 36%] [32mBuilding CXX object QtNodeEditor/CMakeFiles/QtNodeEditor.dir/src/StyleCollection.cpp.o[0m
[9.960s] [ 37%] [32mBuilding CXX object QtNodeEditor/CMakeFiles/QtNodeEditor.dir/qrc_resources.cpp.o[0m
[10.432s] make[2]: *** [QtNodeEditor/CMakeFiles/QtNodeEditor.dir/build.make:386: QtNodeEditor/CMakeFiles/QtNodeEditor.dir/src/NodeGraphicsObject.cpp.o] Unterbrechung
[10.433s] make[2]: *** [QtNodeEditor/CMakeFiles/QtNodeEditor.dir/build.make:399: QtNodeEditor/CMakeFiles/QtNodeEditor.dir/src/NodePainter.cpp.o] Unterbrechung
[10.433s] make[2]: *** [QtNodeEditor/CMakeFiles/QtNodeEditor.dir/build.make:425: QtNodeEditor/CMakeFiles/QtNodeEditor.dir/src/NodeStyle.cpp.o] Unterbrechung
[10.434s] make[2]: *** [QtNodeEditor/CMakeFiles/QtNodeEditor.dir/build.make:308: QtNodeEditor/CMakeFiles/QtNodeEditor.dir/src/FlowView.cpp.o] Unterbrechung
[10.435s] make[2]: *** [QtNodeEditor/CMakeFiles/QtNodeEditor.dir/build.make:412: QtNodeEditor/CMakeFiles/QtNodeEditor.dir/src/NodeState.cpp.o] Unterbrechung
[10.436s] make[2]: *** [QtNodeEditor/CMakeFiles/QtNodeEditor.dir/build.make:438: QtNodeEditor/CMakeFiles/QtNodeEditor.dir/src/Properties.cpp.o] Unterbrechung
[10.439s] make[2]: *** [QtNodeEditor/CMakeFiles/QtNodeEditor.dir/build.make:451: QtNodeEditor/CMakeFiles/QtNodeEditor.dir/src/StyleCollection.cpp.o] Unterbrechung
[10.440s] make[2]: *** [QtNodeEditor/CMakeFiles/QtNodeEditor.dir/build.make:464: QtNodeEditor/CMakeFiles/QtNodeEditor.dir/qrc_resources.cpp.o] Unterbrechung
[10.441s] make[1]: *** [CMakeFiles/Makefile2:293: QtNodeEditor/CMakeFiles/QtNodeEditor.dir/all] Unterbrechung
[10.447s] make: *** [Makefile:141: all] Unterbrechung
[10.465s] Invoked command in '/home/vboxuser/ros2_ws/build/groot' returned '-2': CMAKE_PREFIX_PATH=${CMAKE_PREFIX_PATH}:/home/vboxuser/ros2_ws/install/vision:/home/vboxuser/ros2_ws/install/robot_control:/home/vboxuser/ros2_ws/install/kr_example_python:/home/vboxuser/ros2_ws/install/bt_pkg:/home/vboxuser/ros2_ws/install/action_pkg:/opt/ros/foxy /usr/bin/cmake --build /home/vboxuser/ros2_ws/build/groot -- -j8 -l8
