[0.087s] Invoking command in '/home/vboxuser/Thesis/build/action_interfaces': CMAKE_PREFIX_PATH=${CMAKE_PREFIX_PATH}:/home/vboxuser/Thesis/install/vision:/home/vboxuser/Thesis/install/vcnanoz:/home/vboxuser/Thesis/install/robot_control:/home/vboxuser/Thesis/install/kr_example_python:/home/vboxuser/Thesis/install/bt_pkg:/home/vboxuser/Thesis/install/action_servers:/opt/ros/foxy /usr/bin/cmake --build /home/vboxuser/Thesis/build/action_interfaces -- -j8 -l8
[0.745s] [  2%] Built target action_interfaces__cpp
[0.754s] [ 12%] Built target action_interfaces__rosidl_generator_c
[0.757s] [ 23%] Built target action_interfaces__rosidl_typesupport_c
[0.758s] [ 35%] Built target action_interfaces__rosidl_typesupport_introspection_cpp
[0.760s] [ 43%] Built target action_interfaces__rosidl_typesupport_introspection_c
[0.760s] [ 53%] Built target action_interfaces__rosidl_typesupport_fastrtps_cpp
[0.760s] [ 64%] Built target action_interfaces__rosidl_typesupport_cpp
[0.760s] [ 74%] Built target action_interfaces__rosidl_typesupport_fastrtps_c
[0.761s] [ 74%] Built target action_interfaces
[0.761s] [ 76%] Built target action_interfaces__py
[0.761s] [ 84%] Built target action_interfaces__python
[0.765s] [ 89%] Built target action_interfaces__rosidl_typesupport_introspection_c__pyext
[0.766s] [ 97%] Built target action_interfaces__rosidl_typesupport_c__pyext
[0.766s] [100%] Built target action_interfaces__rosidl_typesupport_fastrtps_c__pyext
[0.769s] Invoked command in '/home/vboxuser/Thesis/build/action_interfaces' returned '0': CMAKE_PREFIX_PATH=${CMAKE_PREFIX_PATH}:/home/vboxuser/Thesis/install/vision:/home/vboxuser/Thesis/install/vcnanoz:/home/vboxuser/Thesis/install/robot_control:/home/vboxuser/Thesis/install/kr_example_python:/home/vboxuser/Thesis/install/bt_pkg:/home/vboxuser/Thesis/install/action_servers:/opt/ros/foxy /usr/bin/cmake --build /home/vboxuser/Thesis/build/action_interfaces -- -j8 -l8
[1.083s] Invoking command in '/home/vboxuser/Thesis/build/action_interfaces': CMAKE_PREFIX_PATH=${CMAKE_PREFIX_PATH}:/home/vboxuser/Thesis/install/vision:/home/vboxuser/Thesis/install/vcnanoz:/home/vboxuser/Thesis/install/robot_control:/home/vboxuser/Thesis/install/kr_example_python:/home/vboxuser/Thesis/install/bt_pkg:/home/vboxuser/Thesis/install/action_servers:/opt/ros/foxy /usr/bin/cmake --install /home/vboxuser/Thesis/build/action_interfaces
[1.100s] -- Install configuration: ""
[1.103s] -- Execute custom install script
[1.104s] -- Up-to-date symlink: /home/vboxuser/Thesis/install/action_interfaces/share/ament_index/resource_index/rosidl_interfaces/action_interfaces
[1.105s] -- Up-to-date symlink: /home/vboxuser/Thesis/install/action_interfaces/include/action_interfaces/action/detail/fibonacci__functions.h
[1.105s] -- Up-to-date symlink: /home/vboxuser/Thesis/install/action_interfaces/include/action_interfaces/action/detail/fibonacci__struct.h
[1.106s] -- Up-to-date symlink: /home/vboxuser/Thesis/install/action_interfaces/include/action_interfaces/action/detail/fibonacci__type_support.h
[1.106s] -- Up-to-date symlink: /home/vboxuser/Thesis/install/action_interfaces/include/action_interfaces/action/detail/move_tcp_along_axis__functions.h
[1.107s] -- Up-to-date symlink: /home/vboxuser/Thesis/install/action_interfaces/include/action_interfaces/action/detail/move_tcp_along_axis__struct.h
[1.108s] -- Up-to-date symlink: /home/vboxuser/Thesis/install/action_interfaces/include/action_interfaces/action/detail/move_tcp_along_axis__type_support.h
[1.108s] -- Up-to-date symlink: /home/vboxuser/Thesis/install/action_interfaces/include/action_interfaces/action/fibonacci.h
[1.108s] -- Up-to-date symlink: /home/vboxuser/Thesis/install/action_interfaces/include/action_interfaces/action/move_tcp_along_axis.h
[1.109s] -- Up-to-date symlink: /home/vboxuser/Thesis/install/action_interfaces/include/action_interfaces/msg/rosidl_generator_c__visibility_control.h
[1.109s] -- Up-to-date symlink: /home/vboxuser/Thesis/install/action_interfaces/share/action_interfaces/environment/library_path.sh
[1.109s] -- Up-to-date symlink: /home/vboxuser/Thesis/install/action_interfaces/share/action_interfaces/environment/library_path.dsv
[1.110s] -- Up-to-date symlink: /home/vboxuser/Thesis/install/action_interfaces/include/action_interfaces/action/detail/fibonacci__rosidl_typesupport_fastrtps_c.h
[1.110s] -- Up-to-date symlink: /home/vboxuser/Thesis/install/action_interfaces/include/action_interfaces/action/detail/move_tcp_along_axis__rosidl_typesupport_fastrtps_c.h
[1.110s] -- Up-to-date symlink: /home/vboxuser/Thesis/install/action_interfaces/include/action_interfaces/msg/rosidl_typesupport_fastrtps_c__visibility_control.h
[1.111s] -- Up-to-date symlink: /home/vboxuser/Thesis/install/action_interfaces/lib/libaction_interfaces__rosidl_typesupport_fastrtps_c.so
[1.112s] -- Up-to-date symlink: /home/vboxuser/Thesis/install/action_interfaces/include/action_interfaces/action/detail/fibonacci__rosidl_typesupport_fastrtps_cpp.hpp
[1.112s] -- Up-to-date symlink: /home/vboxuser/Thesis/install/action_interfaces/include/action_interfaces/action/detail/move_tcp_along_axis__rosidl_typesupport_fastrtps_cpp.hpp
[1.114s] -- Up-to-date symlink: /home/vboxuser/Thesis/install/action_interfaces/include/action_interfaces/msg/rosidl_typesupport_fastrtps_cpp__visibility_control.h
[1.115s] -- Up-to-date symlink: /home/vboxuser/Thesis/install/action_interfaces/lib/libaction_interfaces__rosidl_typesupport_fastrtps_cpp.so
[1.116s] -- Up-to-date symlink: /home/vboxuser/Thesis/install/action_interfaces/include/action_interfaces/action/detail/fibonacci__rosidl_typesupport_introspection_c.h
[1.116s] -- Up-to-date symlink: /home/vboxuser/Thesis/install/action_interfaces/include/action_interfaces/action/detail/move_tcp_along_axis__rosidl_typesupport_introspection_c.h
[1.117s] -- Up-to-date symlink: /home/vboxuser/Thesis/install/action_interfaces/include/action_interfaces/msg/rosidl_typesupport_introspection_c__visibility_control.h
[1.119s] -- Up-to-date symlink: /home/vboxuser/Thesis/install/action_interfaces/include/action_interfaces/action/detail/fibonacci__builder.hpp
[1.120s] -- Up-to-date symlink: /home/vboxuser/Thesis/install/action_interfaces/include/action_interfaces/action/detail/fibonacci__struct.hpp
[1.120s] -- Up-to-date symlink: /home/vboxuser/Thesis/install/action_interfaces/include/action_interfaces/action/detail/fibonacci__traits.hpp
[1.121s] -- Up-to-date symlink: /home/vboxuser/Thesis/install/action_interfaces/include/action_interfaces/action/detail/fibonacci__type_support.hpp
[1.121s] -- Up-to-date symlink: /home/vboxuser/Thesis/install/action_interfaces/include/action_interfaces/action/detail/move_tcp_along_axis__builder.hpp
[1.122s] -- Up-to-date symlink: /home/vboxuser/Thesis/install/action_interfaces/include/action_interfaces/action/detail/move_tcp_along_axis__struct.hpp
[1.122s] -- Up-to-date symlink: /home/vboxuser/Thesis/install/action_interfaces/include/action_interfaces/action/detail/move_tcp_along_axis__traits.hpp
[1.123s] -- Up-to-date symlink: /home/vboxuser/Thesis/install/action_interfaces/include/action_interfaces/action/detail/move_tcp_along_axis__type_support.hpp
[1.123s] -- Up-to-date symlink: /home/vboxuser/Thesis/install/action_interfaces/include/action_interfaces/action/fibonacci.hpp
[1.123s] -- Up-to-date symlink: /home/vboxuser/Thesis/install/action_interfaces/include/action_interfaces/action/move_tcp_along_axis.hpp
[1.124s] -- Up-to-date symlink: /home/vboxuser/Thesis/install/action_interfaces/include/action_interfaces/msg/rosidl_generator_cpp__visibility_control.hpp
[1.124s] -- Up-to-date symlink: /home/vboxuser/Thesis/install/action_interfaces/include/action_interfaces/action/detail/fibonacci__rosidl_typesupport_introspection_cpp.hpp
[1.125s] -- Up-to-date symlink: /home/vboxuser/Thesis/install/action_interfaces/include/action_interfaces/action/detail/move_tcp_along_axis__rosidl_typesupport_introspection_cpp.hpp
[1.125s] -- Up-to-date symlink: /home/vboxuser/Thesis/install/action_interfaces/share/action_interfaces/environment/pythonpath.sh
[1.126s] -- Up-to-date symlink: /home/vboxuser/Thesis/install/action_interfaces/share/action_interfaces/environment/pythonpath.dsv
[1.126s] -- Up-to-date symlink: /home/vboxuser/Thesis/install/action_interfaces/lib/python3.8/site-packages/action_interfaces/__init__.py
[1.127s] -- Up-to-date symlink: /home/vboxuser/Thesis/install/action_interfaces/lib/python3.8/site-packages/action_interfaces/action/__init__.py
[1.128s] -- Up-to-date symlink: /home/vboxuser/Thesis/install/action_interfaces/lib/python3.8/site-packages/action_interfaces/action/_fibonacci.py
[1.128s] -- Up-to-date symlink: /home/vboxuser/Thesis/install/action_interfaces/lib/python3.8/site-packages/action_interfaces/action/_move_tcp_along_axis.py
[1.132s] -- Up-to-date symlink: /home/vboxuser/Thesis/install/action_interfaces/lib/python3.8/site-packages/action_interfaces/action_interfaces_s__rosidl_typesupport_fastrtps_c.cpython-38-x86_64-linux-gnu.so
[1.133s] -- Up-to-date symlink: /home/vboxuser/Thesis/install/action_interfaces/lib/python3.8/site-packages/action_interfaces/action_interfaces_s__rosidl_typesupport_introspection_c.cpython-38-x86_64-linux-gnu.so
[1.134s] -- Up-to-date symlink: /home/vboxuser/Thesis/install/action_interfaces/lib/python3.8/site-packages/action_interfaces/action_interfaces_s__rosidl_typesupport_c.cpython-38-x86_64-linux-gnu.so
[1.135s] -- Up-to-date symlink: /home/vboxuser/Thesis/install/action_interfaces/lib/libaction_interfaces__python.so
[1.137s] -- Up-to-date symlink: /home/vboxuser/Thesis/install/action_interfaces/share/action_interfaces/action/Fibonacci.idl
[1.138s] -- Up-to-date symlink: /home/vboxuser/Thesis/install/action_interfaces/share/action_interfaces/action/MoveTcpAlongAxis.idl
[1.138s] -- Up-to-date symlink: /home/vboxuser/Thesis/install/action_interfaces/share/action_interfaces/action/Fibonacci.action
[1.139s] -- Up-to-date symlink: /home/vboxuser/Thesis/install/action_interfaces/share/action_interfaces/action/MoveTcpAlongAxis.action
[1.140s] -- Up-to-date symlink: /home/vboxuser/Thesis/install/action_interfaces/share/ament_index/resource_index/package_run_dependencies/action_interfaces
[1.141s] -- Up-to-date symlink: /home/vboxuser/Thesis/install/action_interfaces/share/ament_index/resource_index/parent_prefix_path/action_interfaces
[1.142s] -- Up-to-date symlink: /home/vboxuser/Thesis/install/action_interfaces/share/action_interfaces/environment/ament_prefix_path.sh
[1.143s] -- Up-to-date symlink: /home/vboxuser/Thesis/install/action_interfaces/share/action_interfaces/environment/ament_prefix_path.dsv
[1.144s] -- Up-to-date symlink: /home/vboxuser/Thesis/install/action_interfaces/share/action_interfaces/environment/path.sh
[1.145s] -- Up-to-date symlink: /home/vboxuser/Thesis/install/action_interfaces/share/action_interfaces/environment/path.dsv
[1.145s] -- Up-to-date symlink: /home/vboxuser/Thesis/install/action_interfaces/share/action_interfaces/local_setup.bash
[1.146s] -- Up-to-date symlink: /home/vboxuser/Thesis/install/action_interfaces/share/action_interfaces/local_setup.sh
[1.147s] -- Up-to-date symlink: /home/vboxuser/Thesis/install/action_interfaces/share/action_interfaces/local_setup.zsh
[1.147s] -- Up-to-date symlink: /home/vboxuser/Thesis/install/action_interfaces/share/action_interfaces/local_setup.dsv
[1.149s] -- Symlinking: /home/vboxuser/Thesis/install/action_interfaces/share/action_interfaces/package.dsv
[1.169s] -- Up-to-date symlink: /home/vboxuser/Thesis/install/action_interfaces/share/ament_index/resource_index/packages/action_interfaces
[1.170s] -- Up-to-date symlink: /home/vboxuser/Thesis/install/action_interfaces/share/action_interfaces/cmake/rosidl_cmake-extras.cmake
[1.170s] -- Up-to-date symlink: /home/vboxuser/Thesis/install/action_interfaces/share/action_interfaces/cmake/ament_cmake_export_dependencies-extras.cmake
[1.177s] -- Up-to-date symlink: /home/vboxuser/Thesis/install/action_interfaces/share/action_interfaces/cmake/ament_cmake_export_libraries-extras.cmake
[1.177s] -- Up-to-date symlink: /home/vboxuser/Thesis/install/action_interfaces/share/action_interfaces/cmake/ament_cmake_export_targets-extras.cmake
[1.177s] -- Up-to-date symlink: /home/vboxuser/Thesis/install/action_interfaces/share/action_interfaces/cmake/ament_cmake_export_include_directories-extras.cmake
[1.177s] -- Up-to-date symlink: /home/vboxuser/Thesis/install/action_interfaces/share/action_interfaces/cmake/rosidl_cmake_export_typesupport_libraries-extras.cmake
[1.178s] -- Up-to-date symlink: /home/vboxuser/Thesis/install/action_interfaces/share/action_interfaces/cmake/rosidl_cmake_export_typesupport_targets-extras.cmake
[1.178s] -- Up-to-date symlink: /home/vboxuser/Thesis/install/action_interfaces/share/action_interfaces/cmake/action_interfacesConfig.cmake
[1.178s] -- Up-to-date symlink: /home/vboxuser/Thesis/install/action_interfaces/share/action_interfaces/cmake/action_interfacesConfig-version.cmake
[1.178s] -- Up-to-date symlink: /home/vboxuser/Thesis/install/action_interfaces/share/action_interfaces/package.xml
[1.178s] -- Up-to-date: /home/vboxuser/Thesis/install/action_interfaces/lib/libaction_interfaces__rosidl_generator_c.so
[1.178s] -- Up-to-date: /home/vboxuser/Thesis/install/action_interfaces/lib/libaction_interfaces__rosidl_typesupport_introspection_c.so
[1.180s] -- Up-to-date: /home/vboxuser/Thesis/install/action_interfaces/lib/libaction_interfaces__rosidl_typesupport_c.so
[1.182s] -- Up-to-date: /home/vboxuser/Thesis/install/action_interfaces/lib/libaction_interfaces__rosidl_typesupport_introspection_cpp.so
[1.184s] -- Up-to-date: /home/vboxuser/Thesis/install/action_interfaces/lib/libaction_interfaces__rosidl_typesupport_cpp.so
[1.239s] -- Up-to-date: /home/vboxuser/Thesis/install/action_interfaces/share/action_interfaces/cmake/action_interfaces__rosidl_generator_cExport.cmake
[1.239s] -- Up-to-date: /home/vboxuser/Thesis/install/action_interfaces/share/action_interfaces/cmake/action_interfaces__rosidl_generator_cExport-noconfig.cmake
[1.239s] -- Up-to-date: /home/vboxuser/Thesis/install/action_interfaces/share/action_interfaces/cmake/action_interfaces__rosidl_typesupport_introspection_cExport.cmake
[1.239s] -- Up-to-date: /home/vboxuser/Thesis/install/action_interfaces/share/action_interfaces/cmake/action_interfaces__rosidl_typesupport_introspection_cExport-noconfig.cmake
[1.239s] -- Up-to-date: /home/vboxuser/Thesis/install/action_interfaces/share/action_interfaces/cmake/action_interfaces__rosidl_typesupport_cExport.cmake
[1.239s] -- Up-to-date: /home/vboxuser/Thesis/install/action_interfaces/share/action_interfaces/cmake/action_interfaces__rosidl_typesupport_cExport-noconfig.cmake
[1.239s] -- Up-to-date: /home/vboxuser/Thesis/install/action_interfaces/share/action_interfaces/cmake/action_interfaces__rosidl_generator_cppExport.cmake
[1.239s] -- Up-to-date: /home/vboxuser/Thesis/install/action_interfaces/share/action_interfaces/cmake/action_interfaces__rosidl_typesupport_introspection_cppExport.cmake
[1.240s] -- Up-to-date: /home/vboxuser/Thesis/install/action_interfaces/share/action_interfaces/cmake/action_interfaces__rosidl_typesupport_introspection_cppExport-noconfig.cmake
[1.240s] -- Up-to-date: /home/vboxuser/Thesis/install/action_interfaces/share/action_interfaces/cmake/action_interfaces__rosidl_typesupport_cppExport.cmake
[1.240s] -- Up-to-date: /home/vboxuser/Thesis/install/action_interfaces/share/action_interfaces/cmake/action_interfaces__rosidl_typesupport_cppExport-noconfig.cmake
[1.264s] Invoked command in '/home/vboxuser/Thesis/build/action_interfaces' returned '0': CMAKE_PREFIX_PATH=${CMAKE_PREFIX_PATH}:/home/vboxuser/Thesis/install/vision:/home/vboxuser/Thesis/install/vcnanoz:/home/vboxuser/Thesis/install/robot_control:/home/vboxuser/Thesis/install/kr_example_python:/home/vboxuser/Thesis/install/bt_pkg:/home/vboxuser/Thesis/install/action_servers:/opt/ros/foxy /usr/bin/cmake --install /home/vboxuser/Thesis/build/action_interfaces
