[1.713s] Invoking command in '/home/mo/Thesis/build/vision': PYTHONPATH=/home/mo/Thesis/build/vision/prefix_override:/usr/lib/python3/dist-packages/colcon_core/task/python/colcon_distutils_commands:/home/mo/Thesis/install/vision/lib/python3.8/site-packages:${PYTHONPATH} /usr/bin/python3 -W ignore:setup.py install is deprecated -W ignore:easy_install command is deprecated setup.py develop --editable --build-directory /home/mo/Thesis/build/vision/build --no-deps symlink_data
[1.959s] running develop
[2.114s] running egg_info
[2.115s] creating vision.egg-info
[2.115s] writing vision.egg-info/PKG-INFO
[2.115s] writing dependency_links to vision.egg-info/dependency_links.txt
[2.115s] writing entry points to vision.egg-info/entry_points.txt
[2.115s] writing requirements to vision.egg-info/requires.txt
[2.115s] writing top-level names to vision.egg-info/top_level.txt
[2.117s] writing manifest file 'vision.egg-info/SOURCES.txt'
[2.144s] reading manifest file 'vision.egg-info/SOURCES.txt'
[2.144s] writing manifest file 'vision.egg-info/SOURCES.txt'
[2.179s] running build_ext
[2.180s] Creating /home/mo/Thesis/install/vision/lib/python3.8/site-packages/site.py
[2.182s] Creating /home/mo/Thesis/install/vision/lib/python3.8/site-packages/vision.egg-link (link to .)
[2.183s] Installing calibration script to /home/mo/Thesis/install/vision/lib/vision
[2.183s] Installing hook_detector script to /home/mo/Thesis/install/vision/lib/vision
[2.183s] Installing image_filters script to /home/mo/Thesis/install/vision/lib/vision
[2.183s] Installing image_receiver script to /home/mo/Thesis/install/vision/lib/vision
[2.183s] Installing maskrcnn_inference script to /home/mo/Thesis/install/vision/lib/vision
[2.183s] Installing nn_output_processor script to /home/mo/Thesis/install/vision/lib/vision
[2.183s] Installing point_finder_2d script to /home/mo/Thesis/install/vision/lib/vision
[2.183s] Installing point_finder_3d script to /home/mo/Thesis/install/vision/lib/vision
[2.183s] Installing stereo_triangulation script to /home/mo/Thesis/install/vision/lib/vision
[2.184s] Installing stereo_triangulation_with_robot script to /home/mo/Thesis/install/vision/lib/vision
[2.184s] Installing test_node script to /home/mo/Thesis/install/vision/lib/vision
[2.184s] Installing yolov8_inference script to /home/mo/Thesis/install/vision/lib/vision
[2.184s] 
[2.184s] Installed /home/mo/Thesis/build/vision
[2.184s] running symlink_data
[2.184s] creating /home/mo/Thesis/install/vision/share/ament_index
[2.184s] creating /home/mo/Thesis/install/vision/share/ament_index/resource_index
[2.184s] creating /home/mo/Thesis/install/vision/share/ament_index/resource_index/packages
[2.185s] symbolically linking /home/mo/Thesis/build/vision/resource/vision -> /home/mo/Thesis/install/vision/share/ament_index/resource_index/packages
[2.185s] symbolically linking /home/mo/Thesis/build/vision/package.xml -> /home/mo/Thesis/install/vision/share/vision
[2.185s] creating /home/mo/Thesis/install/vision/share/vision/msg
[2.230s] Invoked command in '/home/mo/Thesis/build/vision' returned '0': PYTHONPATH=/home/mo/Thesis/build/vision/prefix_override:/usr/lib/python3/dist-packages/colcon_core/task/python/colcon_distutils_commands:/home/mo/Thesis/install/vision/lib/python3.8/site-packages:${PYTHONPATH} /usr/bin/python3 -W ignore:setup.py install is deprecated -W ignore:easy_install command is deprecated setup.py develop --editable --build-directory /home/mo/Thesis/build/vision/build --no-deps symlink_data
