[0.318s] Invoking command in '/home/vboxuser/ros2_ws/build/groot': CMAKE_PREFIX_PATH=${CMAKE_PREFIX_PATH}:/home/vboxuser/ros2_ws/install/vision:/home/vboxuser/ros2_ws/install/robot_control:/home/vboxuser/ros2_ws/install/kr_example_python:/home/vboxuser/ros2_ws/install/bt_pkg:/opt/ros/foxy /usr/bin/cmake /home/vboxuser/ros2_ws/src/Groot -DCMAKE_INSTALL_PREFIX=/home/vboxuser/ros2_ws/install/groot
[0.587s] -- Using PYTHON_EXECUTABLE: /usr/bin/python3
[0.588s] -- Override CMake install command with custom implementation using symlinks instead of copying resources
[0.598s] -- Found ament_index_cpp: 1.1.0 (/opt/ros/foxy/share/ament_index_cpp/cmake)
[0.600s] -- ---------------------
[0.600s] -- Compiling with AMENT.
[0.600s] -- ---------------------
[0.610s] -- ZeroMQ found.
[0.683s] -- Configuring done
[0.786s] -- Generating done
[0.791s] -- Build files have been written to: /home/vboxuser/ros2_ws/build/groot
[0.830s] Invoked command in '/home/vboxuser/ros2_ws/build/groot' returned '0': CMAKE_PREFIX_PATH=${CMAKE_PREFIX_PATH}:/home/vboxuser/ros2_ws/install/vision:/home/vboxuser/ros2_ws/install/robot_control:/home/vboxuser/ros2_ws/install/kr_example_python:/home/vboxuser/ros2_ws/install/bt_pkg:/opt/ros/foxy /usr/bin/cmake /home/vboxuser/ros2_ws/src/Groot -DCMAKE_INSTALL_PREFIX=/home/vboxuser/ros2_ws/install/groot
[0.833s] Invoking command in '/home/vboxuser/ros2_ws/build/groot': CMAKE_PREFIX_PATH=${CMAKE_PREFIX_PATH}:/home/vboxuser/ros2_ws/install/vision:/home/vboxuser/ros2_ws/install/robot_control:/home/vboxuser/ros2_ws/install/kr_example_python:/home/vboxuser/ros2_ws/install/bt_pkg:/opt/ros/foxy /usr/bin/cmake --build /home/vboxuser/ros2_ws/build/groot -- -j8 -l8
[0.902s] [  1%] [34m[1mAutomatic MOC and UIC for target QtNodeEditor[0m
[0.929s] [  1%] Built target QtNodeEditor_autogen
[1.003s] [ 57%] Built target QtNodeEditor
[1.035s] [ 58%] [34m[1mAutomatic MOC and UIC for target behavior_tree_editor[0m
[1.066s] [ 58%] Built target behavior_tree_editor_autogen
[1.131s] [ 74%] Built target behavior_tree_editor
[1.163s] [ 75%] [34m[1mAutomatic MOC and UIC for target Groot[0m
[1.164s] [ 76%] [34m[1mAutomatic MOC and UIC for target replay_test[0m
[1.178s] [ 76%] [34m[1mAutomatic MOC and UIC for target editor_test[0m
[1.199s] [ 76%] Built target replay_test_autogen
[1.200s] [ 76%] Built target Groot_autogen
[1.216s] [ 76%] Built target editor_test_autogen
[1.251s] [ 82%] Built target Groot
[1.252s] [ 91%] Built target replay_test
[1.276s] [100%] Built target editor_test
[1.298s] Invoked command in '/home/vboxuser/ros2_ws/build/groot' returned '0': CMAKE_PREFIX_PATH=${CMAKE_PREFIX_PATH}:/home/vboxuser/ros2_ws/install/vision:/home/vboxuser/ros2_ws/install/robot_control:/home/vboxuser/ros2_ws/install/kr_example_python:/home/vboxuser/ros2_ws/install/bt_pkg:/opt/ros/foxy /usr/bin/cmake --build /home/vboxuser/ros2_ws/build/groot -- -j8 -l8
[1.462s] Invoking command in '/home/vboxuser/ros2_ws/build/groot': CMAKE_PREFIX_PATH=${CMAKE_PREFIX_PATH}:/home/vboxuser/ros2_ws/install/vision:/home/vboxuser/ros2_ws/install/robot_control:/home/vboxuser/ros2_ws/install/kr_example_python:/home/vboxuser/ros2_ws/install/bt_pkg:/opt/ros/foxy /usr/bin/cmake --install /home/vboxuser/ros2_ws/build/groot
[1.475s] -- Install configuration: ""
[1.476s] -- Execute custom install script
[1.476s] -- Up-to-date symlink: /home/vboxuser/ros2_ws/install/groot/lib/libbehavior_tree_editor.so
[1.477s] -- Up-to-date symlink: /home/vboxuser/ros2_ws/install/groot/lib/groot/Groot
[1.477s] -- Up-to-date symlink: /home/vboxuser/ros2_ws/install/groot/share/groot/environment/library_path.sh
[1.478s] -- Up-to-date symlink: /home/vboxuser/ros2_ws/install/groot/share/groot/environment/library_path.dsv
[1.478s] -- Up-to-date symlink: /home/vboxuser/ros2_ws/install/groot/share/ament_index/resource_index/package_run_dependencies/groot
[1.479s] -- Up-to-date symlink: /home/vboxuser/ros2_ws/install/groot/share/ament_index/resource_index/parent_prefix_path/groot
[1.479s] -- Up-to-date symlink: /home/vboxuser/ros2_ws/install/groot/share/groot/environment/ament_prefix_path.sh
[1.479s] -- Up-to-date symlink: /home/vboxuser/ros2_ws/install/groot/share/groot/environment/ament_prefix_path.dsv
[1.480s] -- Up-to-date symlink: /home/vboxuser/ros2_ws/install/groot/share/groot/environment/path.sh
[1.480s] -- Up-to-date symlink: /home/vboxuser/ros2_ws/install/groot/share/groot/environment/path.dsv
[1.481s] -- Up-to-date symlink: /home/vboxuser/ros2_ws/install/groot/share/groot/local_setup.bash
[1.481s] -- Up-to-date symlink: /home/vboxuser/ros2_ws/install/groot/share/groot/local_setup.sh
[1.481s] -- Up-to-date symlink: /home/vboxuser/ros2_ws/install/groot/share/groot/local_setup.zsh
[1.482s] -- Up-to-date symlink: /home/vboxuser/ros2_ws/install/groot/share/groot/local_setup.dsv
[1.482s] -- Symlinking: /home/vboxuser/ros2_ws/install/groot/share/groot/package.dsv
[1.494s] -- Up-to-date symlink: /home/vboxuser/ros2_ws/install/groot/share/ament_index/resource_index/packages/groot
[1.494s] -- Up-to-date symlink: /home/vboxuser/ros2_ws/install/groot/share/groot/cmake/ament_cmake_export_include_directories-extras.cmake
[1.495s] -- Up-to-date symlink: /home/vboxuser/ros2_ws/install/groot/share/groot/cmake/ament_cmake_export_dependencies-extras.cmake
[1.495s] -- Up-to-date symlink: /home/vboxuser/ros2_ws/install/groot/share/groot/cmake/ament_cmake_export_libraries-extras.cmake
[1.495s] -- Up-to-date symlink: /home/vboxuser/ros2_ws/install/groot/share/groot/cmake/grootConfig.cmake
[1.496s] -- Up-to-date symlink: /home/vboxuser/ros2_ws/install/groot/share/groot/cmake/grootConfig-version.cmake
[1.496s] -- Up-to-date symlink: /home/vboxuser/ros2_ws/install/groot/share/groot/package.xml
[1.499s] Invoked command in '/home/vboxuser/ros2_ws/build/groot' returned '0': CMAKE_PREFIX_PATH=${CMAKE_PREFIX_PATH}:/home/vboxuser/ros2_ws/install/vision:/home/vboxuser/ros2_ws/install/robot_control:/home/vboxuser/ros2_ws/install/kr_example_python:/home/vboxuser/ros2_ws/install/bt_pkg:/opt/ros/foxy /usr/bin/cmake --install /home/vboxuser/ros2_ws/build/groot
