[1.477s] Invoking command in '/home/mo/Thesis/src/vision': PYTHONPATH=/home/mo/Thesis/build/vision/prefix_override:/usr/lib/python3/dist-packages/colcon_core/task/python/colcon_distutils_commands:/home/mo/Thesis/install/vision/lib/python3.8/site-packages:${PYTHONPATH} /usr/bin/python3 -W ignore:setup.py install is deprecated -W ignore:easy_install command is deprecated setup.py egg_info --egg-base ../../build/vision build --build-base /home/mo/Thesis/build/vision/build install --record /home/mo/Thesis/build/vision/install.log --single-version-externally-managed install_data
[1.738s] running egg_info
[1.755s] writing ../../build/vision/vision.egg-info/PKG-INFO
[1.756s] writing dependency_links to ../../build/vision/vision.egg-info/dependency_links.txt
[1.756s] writing entry points to ../../build/vision/vision.egg-info/entry_points.txt
[1.756s] writing requirements to ../../build/vision/vision.egg-info/requires.txt
[1.756s] writing top-level names to ../../build/vision/vision.egg-info/top_level.txt
[1.903s] reading manifest file '../../build/vision/vision.egg-info/SOURCES.txt'
[1.906s] writing manifest file '../../build/vision/vision.egg-info/SOURCES.txt'
[1.906s] running build
[1.906s] running build_py
[1.906s] copying vision/point_finder_3d.py -> /home/mo/Thesis/build/vision/build/lib/vision
[1.907s] copying vision/image_receiver.py -> /home/mo/Thesis/build/vision/build/lib/vision
[1.907s] copying vision/OLD_process_nn_output.py -> /home/mo/Thesis/build/vision/build/lib/vision
[1.907s] copying vision/img_filters.py -> /home/mo/Thesis/build/vision/build/lib/vision
[1.907s] copying vision/point_finder_2d.py -> /home/mo/Thesis/build/vision/build/lib/vision
[1.908s] copying vision/maskrcnn_inference.py -> /home/mo/Thesis/build/vision/build/lib/vision
[1.908s] copying vision/calibration.py -> /home/mo/Thesis/build/vision/build/lib/vision
[1.908s] copying vision/yolov8_inference.py -> /home/mo/Thesis/build/vision/build/lib/vision
[1.908s] copying vision/OLD_nn_output_processor.py -> /home/mo/Thesis/build/vision/build/lib/vision
[1.909s] copying vision/hook_detector.py -> /home/mo/Thesis/build/vision/build/lib/vision
[1.909s] copying vision/__init__.py -> /home/mo/Thesis/build/vision/build/lib/vision
[1.909s] copying vision/test_node.py -> /home/mo/Thesis/build/vision/build/lib/vision
[1.910s] running install
[1.917s] running install_lib
[1.997s] running install_data
[1.998s] copying resource/vision -> /home/mo/Thesis/install/vision/share/ament_index/resource_index/packages
[1.998s] copying package.xml -> /home/mo/Thesis/install/vision/share/vision
[1.998s] running install_egg_info
[2.026s] removing '/home/mo/Thesis/install/vision/lib/python3.8/site-packages/vision-0.0.0-py3.8.egg-info' (and everything under it)
[2.026s] Copying ../../build/vision/vision.egg-info to /home/mo/Thesis/install/vision/lib/python3.8/site-packages/vision-0.0.0-py3.8.egg-info
[2.027s] running install_scripts
[2.071s] Installing calibration script to /home/mo/Thesis/install/vision/lib/vision
[2.072s] Installing hook_detector script to /home/mo/Thesis/install/vision/lib/vision
[2.072s] Installing image_filters script to /home/mo/Thesis/install/vision/lib/vision
[2.072s] Installing image_receiver script to /home/mo/Thesis/install/vision/lib/vision
[2.072s] Installing maskrcnn_inference script to /home/mo/Thesis/install/vision/lib/vision
[2.072s] Installing nn_output_processor script to /home/mo/Thesis/install/vision/lib/vision
[2.073s] Installing point_finder_2d script to /home/mo/Thesis/install/vision/lib/vision
[2.073s] Installing point_finder_3d script to /home/mo/Thesis/install/vision/lib/vision
[2.073s] Installing stereo_triangulation script to /home/mo/Thesis/install/vision/lib/vision
[2.073s] Installing stereo_triangulation_with_robot script to /home/mo/Thesis/install/vision/lib/vision
[2.073s] Installing test_node script to /home/mo/Thesis/install/vision/lib/vision
[2.073s] Installing yolov8_inference script to /home/mo/Thesis/install/vision/lib/vision
[2.074s] writing list of installed files to '/home/mo/Thesis/build/vision/install.log'
[2.109s] Invoked command in '/home/mo/Thesis/src/vision' returned '0': PYTHONPATH=/home/mo/Thesis/build/vision/prefix_override:/usr/lib/python3/dist-packages/colcon_core/task/python/colcon_distutils_commands:/home/mo/Thesis/install/vision/lib/python3.8/site-packages:${PYTHONPATH} /usr/bin/python3 -W ignore:setup.py install is deprecated -W ignore:easy_install command is deprecated setup.py egg_info --egg-base ../../build/vision build --build-base /home/mo/Thesis/build/vision/build install --record /home/mo/Thesis/build/vision/install.log --single-version-externally-managed install_data
