[0.312s] Invoking command in '/home/vboxuser/ros2_ws/build/groot': CMAKE_PREFIX_PATH=/opt/ros/foxy /usr/bin/cmake --build /home/vboxuser/ros2_ws/build/groot -- -j8 -l8
[0.570s] [  1%] [34m[1mAutomatic MOC and UIC for target QtNodeEditor[0m
[0.570s] [  1%] Built target QtNodeEditor_autogen
[0.570s] [ 57%] Built target QtNodeEditor
[0.570s] [ 58%] [34m[1mAutomatic MOC and UIC for target behavior_tree_editor[0m
[0.570s] [ 58%] Built target behavior_tree_editor_autogen
[0.570s] [ 74%] Built target behavior_tree_editor
[0.595s] [ 75%] [34m[1mAutomatic MOC and UIC for target replay_test[0m
[0.595s] [ 75%] [34m[1mAutomatic MOC and UIC for target editor_test[0m
[0.595s] [ 76%] [34m[1mAutomatic MOC and UIC for target Groot[0m
[0.621s] [ 76%] Built target editor_test_autogen
[0.622s] [ 76%] Built target replay_test_autogen
[0.622s] [ 76%] Built target Groot_autogen
[0.670s] [ 85%] Built target editor_test
[0.709s] [ 91%] Built target Groot
[0.716s] [100%] Built target replay_test
[0.834s] Invoked command in '/home/vboxuser/ros2_ws/build/groot' returned '0': CMAKE_PREFIX_PATH=/opt/ros/foxy /usr/bin/cmake --build /home/vboxuser/ros2_ws/build/groot -- -j8 -l8
[0.994s] Invoking command in '/home/vboxuser/ros2_ws/build/groot': CMAKE_PREFIX_PATH=/opt/ros/foxy /usr/bin/cmake --install /home/vboxuser/ros2_ws/build/groot
[1.003s] -- Install configuration: ""
[1.003s] -- Execute custom install script
[1.004s] -- Up-to-date symlink: /home/vboxuser/ros2_ws/install/groot/lib/libbehavior_tree_editor.so
[1.005s] -- Up-to-date symlink: /home/vboxuser/ros2_ws/install/groot/lib/groot/Groot
[1.005s] -- Up-to-date symlink: /home/vboxuser/ros2_ws/install/groot/share/groot/environment/library_path.sh
[1.005s] -- Up-to-date symlink: /home/vboxuser/ros2_ws/install/groot/share/groot/environment/library_path.dsv
[1.006s] -- Up-to-date symlink: /home/vboxuser/ros2_ws/install/groot/share/ament_index/resource_index/package_run_dependencies/groot
[1.006s] -- Up-to-date symlink: /home/vboxuser/ros2_ws/install/groot/share/ament_index/resource_index/parent_prefix_path/groot
[1.006s] -- Up-to-date symlink: /home/vboxuser/ros2_ws/install/groot/share/groot/environment/ament_prefix_path.sh
[1.007s] -- Up-to-date symlink: /home/vboxuser/ros2_ws/install/groot/share/groot/environment/ament_prefix_path.dsv
[1.008s] -- Up-to-date symlink: /home/vboxuser/ros2_ws/install/groot/share/groot/environment/path.sh
[1.008s] -- Up-to-date symlink: /home/vboxuser/ros2_ws/install/groot/share/groot/environment/path.dsv
[1.009s] -- Up-to-date symlink: /home/vboxuser/ros2_ws/install/groot/share/groot/local_setup.bash
[1.009s] -- Up-to-date symlink: /home/vboxuser/ros2_ws/install/groot/share/groot/local_setup.sh
[1.010s] -- Up-to-date symlink: /home/vboxuser/ros2_ws/install/groot/share/groot/local_setup.zsh
[1.010s] -- Up-to-date symlink: /home/vboxuser/ros2_ws/install/groot/share/groot/local_setup.dsv
[1.011s] -- Symlinking: /home/vboxuser/ros2_ws/install/groot/share/groot/package.dsv
[1.023s] -- Up-to-date symlink: /home/vboxuser/ros2_ws/install/groot/share/ament_index/resource_index/packages/groot
[1.024s] -- Up-to-date symlink: /home/vboxuser/ros2_ws/install/groot/share/groot/cmake/ament_cmake_export_include_directories-extras.cmake
[1.025s] -- Up-to-date symlink: /home/vboxuser/ros2_ws/install/groot/share/groot/cmake/ament_cmake_export_dependencies-extras.cmake
[1.042s] -- Up-to-date symlink: /home/vboxuser/ros2_ws/install/groot/share/groot/cmake/ament_cmake_export_libraries-extras.cmake
[1.042s] -- Up-to-date symlink: /home/vboxuser/ros2_ws/install/groot/share/groot/cmake/grootConfig.cmake
[1.042s] -- Up-to-date symlink: /home/vboxuser/ros2_ws/install/groot/share/groot/cmake/grootConfig-version.cmake
[1.042s] -- Up-to-date symlink: /home/vboxuser/ros2_ws/install/groot/share/groot/package.xml
[1.042s] Invoked command in '/home/vboxuser/ros2_ws/build/groot' returned '0': CMAKE_PREFIX_PATH=/opt/ros/foxy /usr/bin/cmake --install /home/vboxuser/ros2_ws/build/groot
