[1.523s] Invoking command in '/home/mo/Thesis/src/vcnanoz': PYTHONPATH=/home/mo/Thesis/build/vcnanoz/prefix_override:/usr/lib/python3/dist-packages/colcon_core/task/python/colcon_distutils_commands:/home/mo/Thesis/install/vcnanoz/lib/python3.8/site-packages:${PYTHONPATH} /usr/bin/python3 -W ignore:setup.py install is deprecated -W ignore:easy_install command is deprecated setup.py egg_info --egg-base ../../build/vcnanoz build --build-base /home/mo/Thesis/build/vcnanoz/build install --record /home/mo/Thesis/build/vcnanoz/install.log --single-version-externally-managed install_data
[1.799s] running egg_info
[1.825s] writing ../../build/vcnanoz/vcnanoz.egg-info/PKG-INFO
[1.826s] writing dependency_links to ../../build/vcnanoz/vcnanoz.egg-info/dependency_links.txt
[1.826s] writing entry points to ../../build/vcnanoz/vcnanoz.egg-info/entry_points.txt
[1.826s] writing requirements to ../../build/vcnanoz/vcnanoz.egg-info/requires.txt
[1.827s] writing top-level names to ../../build/vcnanoz/vcnanoz.egg-info/top_level.txt
[1.962s] reading manifest file '../../build/vcnanoz/vcnanoz.egg-info/SOURCES.txt'
[1.963s] writing manifest file '../../build/vcnanoz/vcnanoz.egg-info/SOURCES.txt'
[1.963s] running build
[1.963s] running build_py
[1.963s] copying vcnanoz/vc_startup.py -> /home/mo/Thesis/build/vcnanoz/build/lib/vcnanoz
[1.963s] copying vcnanoz/srvClient_vc_startup.py -> /home/mo/Thesis/build/vcnanoz/build/lib/vcnanoz
[1.964s] copying vcnanoz/vc_shutdown.py -> /home/mo/Thesis/build/vcnanoz/build/lib/vcnanoz
[1.964s] copying vcnanoz/srvServer_vc_startup.py -> /home/mo/Thesis/build/vcnanoz/build/lib/vcnanoz
[1.964s] copying vcnanoz/__init__.py -> /home/mo/Thesis/build/vcnanoz/build/lib/vcnanoz
[1.964s] copying vcnanoz/vc_img_receiver.py -> /home/mo/Thesis/build/vcnanoz/build/lib/vcnanoz
[1.964s] running install
[1.969s] running install_lib
[1.987s] copying /home/mo/Thesis/build/vcnanoz/build/lib/vcnanoz/vc_startup.py -> /home/mo/Thesis/install/vcnanoz/lib/python3.8/site-packages/vcnanoz
[1.988s] byte-compiling /home/mo/Thesis/install/vcnanoz/lib/python3.8/site-packages/vcnanoz/vc_startup.py to vc_startup.cpython-38.pyc
[1.989s] running install_data
[1.989s] copying resource/vcnanoz -> /home/mo/Thesis/install/vcnanoz/share/ament_index/resource_index/packages
[1.990s] copying package.xml -> /home/mo/Thesis/install/vcnanoz/share/vcnanoz
[1.990s] running install_egg_info
[2.010s] removing '/home/mo/Thesis/install/vcnanoz/lib/python3.8/site-packages/vcnanoz-0.0.0-py3.8.egg-info' (and everything under it)
[2.050s] Copying ../../build/vcnanoz/vcnanoz.egg-info to /home/mo/Thesis/install/vcnanoz/lib/python3.8/site-packages/vcnanoz-0.0.0-py3.8.egg-info
[2.050s] running install_scripts
[2.105s] Installing srvClient_vc_startup script to /home/mo/Thesis/install/vcnanoz/lib/vcnanoz
[2.106s] Installing srvServer_vc_startup script to /home/mo/Thesis/install/vcnanoz/lib/vcnanoz
[2.106s] Installing vc_img_receiver script to /home/mo/Thesis/install/vcnanoz/lib/vcnanoz
[2.106s] Installing vc_shutdown script to /home/mo/Thesis/install/vcnanoz/lib/vcnanoz
[2.106s] Installing vc_startup script to /home/mo/Thesis/install/vcnanoz/lib/vcnanoz
[2.106s] writing list of installed files to '/home/mo/Thesis/build/vcnanoz/install.log'
[2.131s] Invoked command in '/home/mo/Thesis/src/vcnanoz' returned '0': PYTHONPATH=/home/mo/Thesis/build/vcnanoz/prefix_override:/usr/lib/python3/dist-packages/colcon_core/task/python/colcon_distutils_commands:/home/mo/Thesis/install/vcnanoz/lib/python3.8/site-packages:${PYTHONPATH} /usr/bin/python3 -W ignore:setup.py install is deprecated -W ignore:easy_install command is deprecated setup.py egg_info --egg-base ../../build/vcnanoz build --build-base /home/mo/Thesis/build/vcnanoz/build install --record /home/mo/Thesis/build/vcnanoz/install.log --single-version-externally-managed install_data
