[0.038s] Invoking command in '/home/vboxuser/ros2_ws/build/kr_example_cpp': CMAKE_PREFIX_PATH=/home/vboxuser/ros2_ws/install/kr_msgs:/home/vboxuser/ros2_ws/install/realsense2_description:/home/vboxuser/ros2_ws/install/realsense2_camera:/home/vboxuser/ros2_ws/install/realsense2_camera_msgs:/home/vboxuser/ros2_ws/install/kr_example_cpp:/home/vboxuser/ros2_ws/install/vision:/home/vboxuser/ros2_ws/install/robot_control:/home/vboxuser/ros2_ws/install/kr_example_python:/opt/ros/foxy LD_LIBRARY_PATH=/home/vboxuser/ros2_ws/install/kr_msgs/lib:/home/vboxuser/ros2_ws/install/realsense2_camera/lib:/home/vboxuser/ros2_ws/install/realsense2_camera_msgs/lib:/opt/ros/foxy/opt/yaml_cpp_vendor/lib:/opt/ros/foxy/opt/rviz_ogre_vendor/lib:/opt/ros/foxy/lib/x86_64-linux-gnu:/opt/ros/foxy/lib PYTHONPATH=/home/vboxuser/ros2_ws/install/kr_msgs/lib/python3.8/site-packages:/home/vboxuser/ros2_ws/install/vision/lib/python3.8/site-packages:/home/vboxuser/ros2_ws/install/robot_control/lib/python3.8/site-packages:/home/vboxuser/ros2_ws/install/realsense2_camera_msgs/lib/python3.8/site-packages:/home/vboxuser/ros2_ws/install/kr_example_python/lib/python3.8/site-packages:/opt/ros/foxy/lib/python3.8/site-packages /usr/bin/cmake --build /home/vboxuser/ros2_ws/build/kr_example_cpp -- -j8 -l8
[0.062s] -- Found ament_cmake: 0.9.12 (/opt/ros/foxy/share/ament_cmake/cmake)
[0.089s] -- Using PYTHON_EXECUTABLE: /usr/bin/python3
[0.272s] -- Override CMake install command with custom implementation using symlinks instead of copying resources
[0.283s] -- Found rclcpp: 2.4.3 (/opt/ros/foxy/share/rclcpp/cmake)
[0.313s] -- Using all available rosidl_typesupport_c: rosidl_typesupport_fastrtps_c;rosidl_typesupport_introspection_c
[0.315s] -- Found rosidl_adapter: 1.3.1 (/opt/ros/foxy/share/rosidl_adapter/cmake)
[0.440s] -- Using all available rosidl_typesupport_cpp: rosidl_typesupport_fastrtps_cpp;rosidl_typesupport_introspection_cpp
[0.486s] -- Found rmw_implementation_cmake: 1.0.4 (/opt/ros/foxy/share/rmw_implementation_cmake/cmake)
[0.488s] -- Using RMW implementation 'rmw_fastrtps_cpp' as default
[0.622s] -- Found kr_msgs: 0.0.0 (/home/vboxuser/ros2_ws/install/kr_msgs/share/kr_msgs/cmake)
[0.758s] -- Configuring done
[0.782s] -- Generating done
[0.786s] -- Build files have been written to: /home/vboxuser/ros2_ws/build/kr_example_cpp
[0.844s] [100%] Built target follow_joint
[0.844s] [100%] Built target jog_linear
[0.844s] [100%] Built target move_joint
[0.844s] [100%] Built target self_motion
[0.844s] [100%] Built target robot_state
[0.859s] Invoked command in '/home/vboxuser/ros2_ws/build/kr_example_cpp' returned '0': CMAKE_PREFIX_PATH=/home/vboxuser/ros2_ws/install/kr_msgs:/home/vboxuser/ros2_ws/install/realsense2_description:/home/vboxuser/ros2_ws/install/realsense2_camera:/home/vboxuser/ros2_ws/install/realsense2_camera_msgs:/home/vboxuser/ros2_ws/install/kr_example_cpp:/home/vboxuser/ros2_ws/install/vision:/home/vboxuser/ros2_ws/install/robot_control:/home/vboxuser/ros2_ws/install/kr_example_python:/opt/ros/foxy LD_LIBRARY_PATH=/home/vboxuser/ros2_ws/install/kr_msgs/lib:/home/vboxuser/ros2_ws/install/realsense2_camera/lib:/home/vboxuser/ros2_ws/install/realsense2_camera_msgs/lib:/opt/ros/foxy/opt/yaml_cpp_vendor/lib:/opt/ros/foxy/opt/rviz_ogre_vendor/lib:/opt/ros/foxy/lib/x86_64-linux-gnu:/opt/ros/foxy/lib PYTHONPATH=/home/vboxuser/ros2_ws/install/kr_msgs/lib/python3.8/site-packages:/home/vboxuser/ros2_ws/install/vision/lib/python3.8/site-packages:/home/vboxuser/ros2_ws/install/robot_control/lib/python3.8/site-packages:/home/vboxuser/ros2_ws/install/realsense2_camera_msgs/lib/python3.8/site-packages:/home/vboxuser/ros2_ws/install/kr_example_python/lib/python3.8/site-packages:/opt/ros/foxy/lib/python3.8/site-packages /usr/bin/cmake --build /home/vboxuser/ros2_ws/build/kr_example_cpp -- -j8 -l8
[0.933s] Invoking command in '/home/vboxuser/ros2_ws/build/kr_example_cpp': CMAKE_PREFIX_PATH=/home/vboxuser/ros2_ws/install/kr_msgs:/home/vboxuser/ros2_ws/install/realsense2_description:/home/vboxuser/ros2_ws/install/realsense2_camera:/home/vboxuser/ros2_ws/install/realsense2_camera_msgs:/home/vboxuser/ros2_ws/install/kr_example_cpp:/home/vboxuser/ros2_ws/install/vision:/home/vboxuser/ros2_ws/install/robot_control:/home/vboxuser/ros2_ws/install/kr_example_python:/opt/ros/foxy LD_LIBRARY_PATH=/home/vboxuser/ros2_ws/install/kr_msgs/lib:/home/vboxuser/ros2_ws/install/realsense2_camera/lib:/home/vboxuser/ros2_ws/install/realsense2_camera_msgs/lib:/opt/ros/foxy/opt/yaml_cpp_vendor/lib:/opt/ros/foxy/opt/rviz_ogre_vendor/lib:/opt/ros/foxy/lib/x86_64-linux-gnu:/opt/ros/foxy/lib PYTHONPATH=/home/vboxuser/ros2_ws/install/kr_msgs/lib/python3.8/site-packages:/home/vboxuser/ros2_ws/install/vision/lib/python3.8/site-packages:/home/vboxuser/ros2_ws/install/robot_control/lib/python3.8/site-packages:/home/vboxuser/ros2_ws/install/realsense2_camera_msgs/lib/python3.8/site-packages:/home/vboxuser/ros2_ws/install/kr_example_python/lib/python3.8/site-packages:/opt/ros/foxy/lib/python3.8/site-packages /usr/bin/cmake --install /home/vboxuser/ros2_ws/build/kr_example_cpp
[0.940s] -- Install configuration: ""
[0.940s] -- Execute custom install script
[0.942s] -- Up-to-date symlink: /home/vboxuser/ros2_ws/install/kr_example_cpp/lib/kr_example_cpp/robot_state
[0.942s] -- Up-to-date symlink: /home/vboxuser/ros2_ws/install/kr_example_cpp/lib/kr_example_cpp/follow_joint
[0.942s] -- Up-to-date symlink: /home/vboxuser/ros2_ws/install/kr_example_cpp/lib/kr_example_cpp/move_joint
[0.942s] -- Up-to-date symlink: /home/vboxuser/ros2_ws/install/kr_example_cpp/lib/kr_example_cpp/jog_linear
[0.943s] -- Up-to-date symlink: /home/vboxuser/ros2_ws/install/kr_example_cpp/lib/kr_example_cpp/self_motion
[0.943s] -- Up-to-date symlink: /home/vboxuser/ros2_ws/install/kr_example_cpp/share/ament_index/resource_index/package_run_dependencies/kr_example_cpp
[0.943s] -- Up-to-date symlink: /home/vboxuser/ros2_ws/install/kr_example_cpp/share/ament_index/resource_index/parent_prefix_path/kr_example_cpp
[0.944s] -- Up-to-date symlink: /home/vboxuser/ros2_ws/install/kr_example_cpp/share/kr_example_cpp/environment/ament_prefix_path.sh
[0.944s] -- Up-to-date symlink: /home/vboxuser/ros2_ws/install/kr_example_cpp/share/kr_example_cpp/environment/ament_prefix_path.dsv
[0.945s] -- Up-to-date symlink: /home/vboxuser/ros2_ws/install/kr_example_cpp/share/kr_example_cpp/environment/path.sh
[0.945s] -- Up-to-date symlink: /home/vboxuser/ros2_ws/install/kr_example_cpp/share/kr_example_cpp/environment/path.dsv
[0.945s] -- Up-to-date symlink: /home/vboxuser/ros2_ws/install/kr_example_cpp/share/kr_example_cpp/local_setup.bash
[0.945s] -- Up-to-date symlink: /home/vboxuser/ros2_ws/install/kr_example_cpp/share/kr_example_cpp/local_setup.sh
[0.946s] -- Up-to-date symlink: /home/vboxuser/ros2_ws/install/kr_example_cpp/share/kr_example_cpp/local_setup.zsh
[0.946s] -- Up-to-date symlink: /home/vboxuser/ros2_ws/install/kr_example_cpp/share/kr_example_cpp/local_setup.dsv
[0.946s] -- Symlinking: /home/vboxuser/ros2_ws/install/kr_example_cpp/share/kr_example_cpp/package.dsv
[0.960s] -- Up-to-date symlink: /home/vboxuser/ros2_ws/install/kr_example_cpp/share/ament_index/resource_index/packages/kr_example_cpp
[0.961s] -- Up-to-date symlink: /home/vboxuser/ros2_ws/install/kr_example_cpp/share/kr_example_cpp/cmake/kr_example_cppConfig.cmake
[0.961s] -- Up-to-date symlink: /home/vboxuser/ros2_ws/install/kr_example_cpp/share/kr_example_cpp/cmake/kr_example_cppConfig-version.cmake
[0.962s] -- Up-to-date symlink: /home/vboxuser/ros2_ws/install/kr_example_cpp/share/kr_example_cpp/package.xml
[0.966s] Invoked command in '/home/vboxuser/ros2_ws/build/kr_example_cpp' returned '0': CMAKE_PREFIX_PATH=/home/vboxuser/ros2_ws/install/kr_msgs:/home/vboxuser/ros2_ws/install/realsense2_description:/home/vboxuser/ros2_ws/install/realsense2_camera:/home/vboxuser/ros2_ws/install/realsense2_camera_msgs:/home/vboxuser/ros2_ws/install/kr_example_cpp:/home/vboxuser/ros2_ws/install/vision:/home/vboxuser/ros2_ws/install/robot_control:/home/vboxuser/ros2_ws/install/kr_example_python:/opt/ros/foxy LD_LIBRARY_PATH=/home/vboxuser/ros2_ws/install/kr_msgs/lib:/home/vboxuser/ros2_ws/install/realsense2_camera/lib:/home/vboxuser/ros2_ws/install/realsense2_camera_msgs/lib:/opt/ros/foxy/opt/yaml_cpp_vendor/lib:/opt/ros/foxy/opt/rviz_ogre_vendor/lib:/opt/ros/foxy/lib/x86_64-linux-gnu:/opt/ros/foxy/lib PYTHONPATH=/home/vboxuser/ros2_ws/install/kr_msgs/lib/python3.8/site-packages:/home/vboxuser/ros2_ws/install/vision/lib/python3.8/site-packages:/home/vboxuser/ros2_ws/install/robot_control/lib/python3.8/site-packages:/home/vboxuser/ros2_ws/install/realsense2_camera_msgs/lib/python3.8/site-packages:/home/vboxuser/ros2_ws/install/kr_example_python/lib/python3.8/site-packages:/opt/ros/foxy/lib/python3.8/site-packages /usr/bin/cmake --install /home/vboxuser/ros2_ws/build/kr_example_cpp
