[1.728s] Invoking command in '/home/vboxuser/Thesis/build/vision': PYTHONPATH=/home/vboxuser/Thesis/build/vision/prefix_override:/usr/lib/python3/dist-packages/colcon_core/task/python/colcon_distutils_commands:/home/vboxuser/Thesis/install/vision/lib/python3.8/site-packages:${PYTHONPATH} /usr/bin/python3 -W ignore:setup.py install is deprecated setup.py develop --editable --build-directory /home/vboxuser/Thesis/build/vision/build --no-deps symlink_data
[1.997s] running develop
[2.142s] running egg_info
[2.142s] creating vision.egg-info
[2.142s] writing vision.egg-info/PKG-INFO
[2.142s] writing dependency_links to vision.egg-info/dependency_links.txt
[2.143s] writing entry points to vision.egg-info/entry_points.txt
[2.143s] writing requirements to vision.egg-info/requires.txt
[2.143s] writing top-level names to vision.egg-info/top_level.txt
[2.144s] writing manifest file 'vision.egg-info/SOURCES.txt'
[2.179s] reading manifest file 'vision.egg-info/SOURCES.txt'
[2.180s] writing manifest file 'vision.egg-info/SOURCES.txt'
[2.216s] running build_ext
[2.217s] Creating /home/vboxuser/Thesis/install/vision/lib/python3.8/site-packages/site.py
[2.219s] Creating /home/vboxuser/Thesis/install/vision/lib/python3.8/site-packages/vision.egg-link (link to .)
[2.219s] Installing calibration script to /home/vboxuser/Thesis/install/vision/lib/vision
[2.220s] Installing hook_detector script to /home/vboxuser/Thesis/install/vision/lib/vision
[2.220s] Installing image_filters script to /home/vboxuser/Thesis/install/vision/lib/vision
[2.220s] Installing image_receiver script to /home/vboxuser/Thesis/install/vision/lib/vision
[2.220s] Installing point_finder_2d script to /home/vboxuser/Thesis/install/vision/lib/vision
[2.220s] Installing point_finder_3d script to /home/vboxuser/Thesis/install/vision/lib/vision
[2.221s] Installing stereo_triangulation script to /home/vboxuser/Thesis/install/vision/lib/vision
[2.221s] Installing stereo_triangulation_with_robot script to /home/vboxuser/Thesis/install/vision/lib/vision
[2.221s] Installing test_node script to /home/vboxuser/Thesis/install/vision/lib/vision
[2.221s] 
[2.221s] Installed /home/vboxuser/Thesis/build/vision
[2.222s] running symlink_data
[2.222s] creating /home/vboxuser/Thesis/install/vision/share/ament_index
[2.222s] creating /home/vboxuser/Thesis/install/vision/share/ament_index/resource_index
[2.222s] creating /home/vboxuser/Thesis/install/vision/share/ament_index/resource_index/packages
[2.222s] symbolically linking /home/vboxuser/Thesis/build/vision/resource/vision -> /home/vboxuser/Thesis/install/vision/share/ament_index/resource_index/packages
[2.222s] symbolically linking /home/vboxuser/Thesis/build/vision/package.xml -> /home/vboxuser/Thesis/install/vision/share/vision
[2.270s] Invoked command in '/home/vboxuser/Thesis/build/vision' returned '0': PYTHONPATH=/home/vboxuser/Thesis/build/vision/prefix_override:/usr/lib/python3/dist-packages/colcon_core/task/python/colcon_distutils_commands:/home/vboxuser/Thesis/install/vision/lib/python3.8/site-packages:${PYTHONPATH} /usr/bin/python3 -W ignore:setup.py install is deprecated setup.py develop --editable --build-directory /home/vboxuser/Thesis/build/vision/build --no-deps symlink_data
