[1.718s] Invoking command in '/home/mo/Thesis/src/vision': PYTHONPATH=/home/mo/Thesis/build/vision/prefix_override:/usr/lib/python3/dist-packages/colcon_core/task/python/colcon_distutils_commands:/home/mo/Thesis/install/vision/lib/python3.8/site-packages:${PYTHONPATH} /usr/bin/python3 -W ignore:setup.py install is deprecated -W ignore:easy_install command is deprecated setup.py egg_info --egg-base ../../build/vision build --build-base /home/mo/Thesis/build/vision/build install --record /home/mo/Thesis/build/vision/install.log --single-version-externally-managed install_data
[2.057s] running egg_info
[2.081s] writing ../../build/vision/vision.egg-info/PKG-INFO
[2.082s] writing dependency_links to ../../build/vision/vision.egg-info/dependency_links.txt
[2.082s] writing entry points to ../../build/vision/vision.egg-info/entry_points.txt
[2.083s] writing requirements to ../../build/vision/vision.egg-info/requires.txt
[2.083s] writing top-level names to ../../build/vision/vision.egg-info/top_level.txt
[2.353s] reading manifest file '../../build/vision/vision.egg-info/SOURCES.txt'
[2.355s] writing manifest file '../../build/vision/vision.egg-info/SOURCES.txt'
[2.355s] running build
[2.355s] running build_py
[2.356s] copying vision/light_controller_gui.py -> /home/mo/Thesis/build/vision/build/lib/vision
[2.356s] copying vision/yolov8_dualcam_inference.py -> /home/mo/Thesis/build/vision/build/lib/vision
[2.356s] copying vision/point_finder_3d.py -> /home/mo/Thesis/build/vision/build/lib/vision
[2.357s] copying vision/light_controller.py -> /home/mo/Thesis/build/vision/build/lib/vision
[2.357s] copying vision/point_finder_2d.py -> /home/mo/Thesis/build/vision/build/lib/vision
[2.357s] copying vision/maskrcnn_inference.py -> /home/mo/Thesis/build/vision/build/lib/vision
[2.357s] copying vision/calibration.py -> /home/mo/Thesis/build/vision/build/lib/vision
[2.358s] copying vision/yolov8_inference.py -> /home/mo/Thesis/build/vision/build/lib/vision
[2.358s] copying vision/__init__.py -> /home/mo/Thesis/build/vision/build/lib/vision
[2.358s] copying vision/test_node.py -> /home/mo/Thesis/build/vision/build/lib/vision
[2.359s] copying FC_vision/FC_process_hooks_dict_for_publishing.py -> /home/mo/Thesis/build/vision/build/lib/FC_vision
[2.359s] copying FC_vision/FC_lowpass_filter.py -> /home/mo/Thesis/build/vision/build/lib/FC_vision
[2.359s] copying FC_vision/FC_plot_yolo_imgs.py -> /home/mo/Thesis/build/vision/build/lib/FC_vision
[2.359s] copying FC_vision/FC_two_cam_stereo_triangulation_processor.py -> /home/mo/Thesis/build/vision/build/lib/FC_vision
[2.360s] copying FC_vision/FC_ema_filter.py -> /home/mo/Thesis/build/vision/build/lib/FC_vision
[2.360s] copying FC_vision/FC_yolo_output_processor.py -> /home/mo/Thesis/build/vision/build/lib/FC_vision
[2.360s] copying FC_vision/FC_moving_avg_filter.py -> /home/mo/Thesis/build/vision/build/lib/FC_vision
[2.360s] copying FC_vision/FC_parameterized_cubic_spline.py -> /home/mo/Thesis/build/vision/build/lib/FC_vision
[2.361s] copying FC_vision/__init__.py -> /home/mo/Thesis/build/vision/build/lib/FC_vision
[2.362s] running install
[2.370s] running install_lib
[2.403s] running install_data
[2.403s] copying resource/vision -> /home/mo/Thesis/install/vision/share/ament_index/resource_index/packages
[2.403s] copying package.xml -> /home/mo/Thesis/install/vision/share/vision
[2.403s] running install_egg_info
[2.434s] removing '/home/mo/Thesis/install/vision/lib/python3.8/site-packages/vision-0.0.0-py3.8.egg-info' (and everything under it)
[2.434s] Copying ../../build/vision/vision.egg-info to /home/mo/Thesis/install/vision/lib/python3.8/site-packages/vision-0.0.0-py3.8.egg-info
[2.436s] running install_scripts
[2.491s] Installing calibration script to /home/mo/Thesis/install/vision/lib/vision
[2.491s] Installing hook_detector script to /home/mo/Thesis/install/vision/lib/vision
[2.491s] Installing image_filters script to /home/mo/Thesis/install/vision/lib/vision
[2.491s] Installing image_receiver script to /home/mo/Thesis/install/vision/lib/vision
[2.492s] Installing light_controller script to /home/mo/Thesis/install/vision/lib/vision
[2.492s] Installing light_controller_gui script to /home/mo/Thesis/install/vision/lib/vision
[2.492s] Installing maskrcnn_inference script to /home/mo/Thesis/install/vision/lib/vision
[2.492s] Installing nn_output_processor script to /home/mo/Thesis/install/vision/lib/vision
[2.492s] Installing point_finder_2d script to /home/mo/Thesis/install/vision/lib/vision
[2.492s] Installing point_finder_3d script to /home/mo/Thesis/install/vision/lib/vision
[2.492s] Installing stereo_triangulation script to /home/mo/Thesis/install/vision/lib/vision
[2.493s] Installing stereo_triangulation_with_robot script to /home/mo/Thesis/install/vision/lib/vision
[2.493s] Installing test_node script to /home/mo/Thesis/install/vision/lib/vision
[2.493s] Installing yolov8_dualcam_inference script to /home/mo/Thesis/install/vision/lib/vision
[2.493s] Installing yolov8_inference script to /home/mo/Thesis/install/vision/lib/vision
[2.494s] writing list of installed files to '/home/mo/Thesis/build/vision/install.log'
[2.542s] Invoked command in '/home/mo/Thesis/src/vision' returned '0': PYTHONPATH=/home/mo/Thesis/build/vision/prefix_override:/usr/lib/python3/dist-packages/colcon_core/task/python/colcon_distutils_commands:/home/mo/Thesis/install/vision/lib/python3.8/site-packages:${PYTHONPATH} /usr/bin/python3 -W ignore:setup.py install is deprecated -W ignore:easy_install command is deprecated setup.py egg_info --egg-base ../../build/vision build --build-base /home/mo/Thesis/build/vision/build install --record /home/mo/Thesis/build/vision/install.log --single-version-externally-managed install_data
