[0.149s] Invoking command in '/home/vboxuser/ros2_ws/build/kr_msgs': CMAKE_PREFIX_PATH=${CMAKE_PREFIX_PATH}:/home/vboxuser/ros2_ws/install/vision:/home/vboxuser/ros2_ws/install/vcnanoz:/home/vboxuser/ros2_ws/install/robot_control:/home/vboxuser/ros2_ws/install/kr_example_python:/home/vboxuser/ros2_ws/install/bt_pkg:/home/vboxuser/ros2_ws/install/action_servers:/opt/ros/foxy /usr/bin/cmake --build /home/vboxuser/ros2_ws/build/kr_msgs -- -j8 -l8
[0.698s] -- Found ament_cmake: 0.9.12 (/opt/ros/foxy/share/ament_cmake/cmake)
[0.698s] -- Found PythonInterp: /usr/bin/python3 (found suitable version "3.8.10", minimum required is "3") 
[0.698s] -- Using PYTHON_EXECUTABLE: /usr/bin/python3
[0.698s] -- Found builtin_interfaces: 1.0.0 (/opt/ros/foxy/share/builtin_interfaces/cmake)
[0.699s] -- Using all available rosidl_typesupport_c: rosidl_typesupport_fastrtps_c;rosidl_typesupport_introspection_c
[0.699s] -- Found rosidl_adapter: 1.3.1 (/opt/ros/foxy/share/rosidl_adapter/cmake)
[0.699s] -- Using all available rosidl_typesupport_cpp: rosidl_typesupport_fastrtps_cpp;rosidl_typesupport_introspection_cpp
[0.699s] -- Found rosidl_default_generators: 1.0.1 (/opt/ros/foxy/share/rosidl_default_generators/cmake)
[0.699s] -- Found unique_identifier_msgs: 2.1.3 (/opt/ros/foxy/share/unique_identifier_msgs/cmake)
[0.699s] -- Found std_msgs: 2.0.5 (/opt/ros/foxy/share/std_msgs/cmake)
[0.699s] -- Found ament_lint_auto: 0.9.8 (/opt/ros/foxy/share/ament_lint_auto/cmake)
[0.785s] -- Found PythonInterp: /usr/bin/python3 (found version "3.8.10") 
[1.236s] -- Found ament_cmake_ros: 0.9.2 (/opt/ros/foxy/share/ament_cmake_ros/cmake)
[1.503s] -- Using all available rosidl_typesupport_c: rosidl_typesupport_fastrtps_c;rosidl_typesupport_introspection_c
[1.621s] -- Using all available rosidl_typesupport_cpp: rosidl_typesupport_fastrtps_cpp;rosidl_typesupport_introspection_cpp
[1.743s] -- Found PythonInterp: /usr/bin/python3 (found suitable version "3.8.10", minimum required is "3.5") 
[1.743s] -- Found python_cmake_module: 0.8.1 (/opt/ros/foxy/share/python_cmake_module/cmake)
[1.864s] -- Using PYTHON_EXECUTABLE: /usr/bin/python3
[1.864s] -- Using PYTHON_INCLUDE_DIRS: /usr/include/python3.8
[1.864s] -- Using PYTHON_LIBRARIES: /usr/lib/x86_64-linux-gnu/libpython3.8.so
[1.959s] -- Added test 'copyright' to check source files copyright and LICENSE
[1.969s] -- Added test 'lint_cmake' to check CMake code style
[1.973s] -- Added test 'xmllint' to check XML markup files
[1.987s] -- Configuring done
[2.500s] -- Generating done
[2.528s] -- Build files have been written to: /home/vboxuser/ros2_ws/build/kr_msgs
[2.618s] [35m[1mScanning dependencies of target kr_msgs__rosidl_generator_c[0m
[2.641s] [35m[1mScanning dependencies of target kr_msgs__cpp[0m
[2.661s] [  0%] [32m[1mLinking C shared library libkr_msgs__rosidl_generator_c.so[0m
[2.678s] [  0%] Built target kr_msgs__cpp
[2.708s] [35m[1mScanning dependencies of target kr_msgs__rosidl_typesupport_introspection_cpp[0m
[2.713s] [35m[1mScanning dependencies of target kr_msgs__rosidl_typesupport_cpp[0m
[2.713s] [35m[1mScanning dependencies of target kr_msgs__rosidl_typesupport_fastrtps_cpp[0m
[2.742s] [ 12%] Built target kr_msgs__rosidl_generator_c
[2.747s] [ 13%] [32m[1mLinking CXX shared library libkr_msgs__rosidl_typesupport_introspection_cpp.so[0m
[2.763s] [35m[1mScanning dependencies of target kr_msgs__rosidl_typesupport_c[0m
[2.763s] [ 13%] [32m[1mLinking CXX shared library libkr_msgs__rosidl_typesupport_cpp.so[0m
[2.780s] [ 13%] [32m[1mLinking CXX shared library libkr_msgs__rosidl_typesupport_fastrtps_cpp.so[0m
[2.780s] [35m[1mScanning dependencies of target kr_msgs__rosidl_typesupport_introspection_c[0m
[2.789s] [ 14%] [32m[1mLinking CXX shared library libkr_msgs__rosidl_typesupport_c.so[0m
[2.828s] [ 14%] [32m[1mLinking C shared library libkr_msgs__rosidl_typesupport_introspection_c.so[0m
[2.853s] [ 26%] Built target kr_msgs__rosidl_typesupport_cpp
[2.880s] [ 38%] Built target kr_msgs__rosidl_typesupport_c
[2.893s] [ 50%] Built target kr_msgs__rosidl_typesupport_introspection_cpp
[2.896s] [ 63%] Built target kr_msgs__rosidl_typesupport_introspection_c
[2.933s] [ 75%] Built target kr_msgs__rosidl_typesupport_fastrtps_cpp
[2.963s] [35m[1mScanning dependencies of target kr_msgs__rosidl_typesupport_fastrtps_c[0m
[3.022s] [ 76%] [32m[1mLinking CXX shared library libkr_msgs__rosidl_typesupport_fastrtps_c.so[0m
[3.170s] [ 88%] Built target kr_msgs__rosidl_typesupport_fastrtps_c
[3.201s] [ 88%] Built target kr_msgs
[3.217s] [35m[1mScanning dependencies of target kr_msgs__py[0m
[3.717s] [ 88%] Built target kr_msgs__py
[3.749s] [35m[1mScanning dependencies of target kr_msgs__python[0m
[3.924s] [ 88%] [32mBuilding C object CMakeFiles/kr_msgs__python.dir/rosidl_generator_py/kr_msgs/msg/_jog_joint_s.c.o[0m
[3.925s] [ 88%] [32mBuilding C object CMakeFiles/kr_msgs__python.dir/rosidl_generator_py/kr_msgs/msg/_follow_joint_s.c.o[0m
[3.925s] [ 89%] [32mBuilding C object CMakeFiles/kr_msgs__python.dir/rosidl_generator_py/kr_msgs/msg/_geometry_plane_s.c.o[0m
[3.925s] [ 89%] [32mBuilding C object CMakeFiles/kr_msgs__python.dir/rosidl_generator_py/kr_msgs/msg/_follow_linear_s.c.o[0m
[3.926s] [ 89%] [32mBuilding C object CMakeFiles/kr_msgs__python.dir/rosidl_generator_py/kr_msgs/msg/_motion_heartbeat_s.c.o[0m
[3.939s] [ 90%] [32mBuilding C object CMakeFiles/kr_msgs__python.dir/rosidl_generator_py/kr_msgs/msg/_program_interact_s.c.o[0m
[3.939s] [ 90%] [32mBuilding C object CMakeFiles/kr_msgs__python.dir/rosidl_generator_py/kr_msgs/msg/_jog_linear_s.c.o[0m
[3.946s] [ 90%] [32mBuilding C object CMakeFiles/kr_msgs__python.dir/rosidl_generator_py/kr_msgs/msg/_number_s.c.o[0m
[4.063s] [ 90%] [32mBuilding C object CMakeFiles/kr_msgs__python.dir/rosidl_generator_py/kr_msgs/msg/_quadrature_s.c.o[0m
[4.093s] [ 90%] [32mBuilding C object CMakeFiles/kr_msgs__python.dir/rosidl_generator_py/kr_msgs/msg/_robot_mode_s.c.o[0m
[4.110s] [ 90%] [32mBuilding C object CMakeFiles/kr_msgs__python.dir/rosidl_generator_py/kr_msgs/msg/_robot_pose_s.c.o[0m
[4.134s] [ 91%] [32mBuilding C object CMakeFiles/kr_msgs__python.dir/rosidl_generator_py/kr_msgs/msg/_robot_state_s.c.o[0m
[4.145s] [ 91%] [32mBuilding C object CMakeFiles/kr_msgs__python.dir/rosidl_generator_py/kr_msgs/msg/_safety_event_s.c.o[0m
[4.163s] [ 91%] [32mBuilding C object CMakeFiles/kr_msgs__python.dir/rosidl_generator_py/kr_msgs/msg/_safety_mode_s.c.o[0m
[4.221s] [ 91%] [32mBuilding C object CMakeFiles/kr_msgs__python.dir/rosidl_generator_py/kr_msgs/msg/_safety_zone_s.c.o[0m
[4.227s] [ 91%] [32mBuilding C object CMakeFiles/kr_msgs__python.dir/rosidl_generator_py/kr_msgs/msg/_self_motion_s.c.o[0m
[4.245s] [ 92%] [32mBuilding C object CMakeFiles/kr_msgs__python.dir/rosidl_generator_py/kr_msgs/msg/_system_state_s.c.o[0m
[4.253s] [ 92%] [32mBuilding C object CMakeFiles/kr_msgs__python.dir/rosidl_generator_py/kr_msgs/srv/_config_analog_output_s.c.o[0m
[4.317s] [ 92%] [32mBuilding C object CMakeFiles/kr_msgs__python.dir/rosidl_generator_py/kr_msgs/srv/_config_discrete_output_s.c.o[0m
[4.323s] [ 92%] [32mBuilding C object CMakeFiles/kr_msgs__python.dir/rosidl_generator_py/kr_msgs/srv/_config_quadrature_input_s.c.o[0m
[4.334s] [ 92%] [32mBuilding C object CMakeFiles/kr_msgs__python.dir/rosidl_generator_py/kr_msgs/srv/_get_discrete_input_s.c.o[0m
[4.353s] [ 93%] [32mBuilding C object CMakeFiles/kr_msgs__python.dir/rosidl_generator_py/kr_msgs/srv/_get_analog_input_s.c.o[0m
[4.411s] [ 93%] [32mBuilding C object CMakeFiles/kr_msgs__python.dir/rosidl_generator_py/kr_msgs/srv/_get_quadrature_input_s.c.o[0m
[4.425s] [ 93%] [32mBuilding C object CMakeFiles/kr_msgs__python.dir/rosidl_generator_py/kr_msgs/srv/_set_analog_output_s.c.o[0m
[4.458s] [ 93%] [32mBuilding C object CMakeFiles/kr_msgs__python.dir/rosidl_generator_py/kr_msgs/srv/_set_discrete_output_s.c.o[0m
[4.478s] [ 94%] [32mBuilding C object CMakeFiles/kr_msgs__python.dir/rosidl_generator_py/kr_msgs/srv/_move_joint_s.c.o[0m
[4.486s] [ 94%] [32mBuilding C object CMakeFiles/kr_msgs__python.dir/rosidl_generator_py/kr_msgs/srv/_move_linear_s.c.o[0m
[4.507s] [ 94%] [32mBuilding C object CMakeFiles/kr_msgs__python.dir/rosidl_generator_py/kr_msgs/srv/_pause_motion_s.c.o[0m
[4.508s] [ 95%] [32mBuilding C object CMakeFiles/kr_msgs__python.dir/rosidl_generator_py/kr_msgs/srv/_resume_motion_s.c.o[0m
[4.508s] [ 95%] [32mBuilding C object CMakeFiles/kr_msgs__python.dir/rosidl_generator_py/kr_msgs/srv/_move_spline_s.c.o[0m
[4.577s] [ 95%] [32mBuilding C object CMakeFiles/kr_msgs__python.dir/rosidl_generator_py/kr_msgs/srv/_select_jogging_frame_s.c.o[0m
[4.586s] [ 95%] [32mBuilding C object CMakeFiles/kr_msgs__python.dir/rosidl_generator_py/kr_msgs/srv/_set_custom_frame_s.c.o[0m
[4.623s] [ 95%] [32mBuilding C object CMakeFiles/kr_msgs__python.dir/rosidl_generator_py/kr_msgs/srv/_set_interactivity_s.c.o[0m
[4.661s] [ 95%] [32mBuilding C object CMakeFiles/kr_msgs__python.dir/rosidl_generator_py/kr_msgs/srv/_terminate_motion_s.c.o[0m
[4.669s] [ 95%] [32mBuilding C object CMakeFiles/kr_msgs__python.dir/rosidl_generator_py/kr_msgs/srv/_pause_program_s.c.o[0m
[4.677s] [ 96%] [32mBuilding C object CMakeFiles/kr_msgs__python.dir/rosidl_generator_py/kr_msgs/srv/_get_program_state_s.c.o[0m
[4.679s] [ 96%] [32mBuilding C object CMakeFiles/kr_msgs__python.dir/rosidl_generator_py/kr_msgs/srv/_program_recovery_s.c.o[0m
[4.700s] [ 96%] [32mBuilding C object CMakeFiles/kr_msgs__python.dir/rosidl_generator_py/kr_msgs/srv/_resume_program_s.c.o[0m
[4.738s] [ 97%] [32mBuilding C object CMakeFiles/kr_msgs__python.dir/rosidl_generator_py/kr_msgs/srv/_step_program_s.c.o[0m
[4.802s] [ 97%] [32mBuilding C object CMakeFiles/kr_msgs__python.dir/rosidl_generator_py/kr_msgs/srv/_stop_program_s.c.o[0m
[4.802s] [ 97%] [32mBuilding C object CMakeFiles/kr_msgs__python.dir/rosidl_generator_py/kr_msgs/srv/_get_robot_pose_s.c.o[0m
[4.816s] [ 97%] [32mBuilding C object CMakeFiles/kr_msgs__python.dir/rosidl_generator_py/kr_msgs/srv/_get_system_frame_s.c.o[0m
[4.840s] [ 97%] [32mBuilding C object CMakeFiles/kr_msgs__python.dir/rosidl_generator_py/kr_msgs/srv/_get_system_load_s.c.o[0m
[4.852s] [ 98%] [32mBuilding C object CMakeFiles/kr_msgs__python.dir/rosidl_generator_py/kr_msgs/srv/_set_system_frame_s.c.o[0m
[4.930s] [ 98%] [32mBuilding C object CMakeFiles/kr_msgs__python.dir/rosidl_generator_py/kr_msgs/srv/_get_robot_state_s.c.o[0m
[4.943s] [ 98%] [32mBuilding C object CMakeFiles/kr_msgs__python.dir/rosidl_generator_py/kr_msgs/srv/_get_robot_mode_s.c.o[0m
[4.943s] [ 98%] [32mBuilding C object CMakeFiles/kr_msgs__python.dir/rosidl_generator_py/kr_msgs/srv/_set_system_load_s.c.o[0m
[4.953s] [ 98%] [32mBuilding C object CMakeFiles/kr_msgs__python.dir/rosidl_generator_py/kr_msgs/srv/_get_master_speed_s.c.o[0m
[4.963s] [ 99%] [32mBuilding C object CMakeFiles/kr_msgs__python.dir/rosidl_generator_py/kr_msgs/srv/_get_safety_mode_s.c.o[0m
[4.979s] [ 99%] [32mBuilding C object CMakeFiles/kr_msgs__python.dir/rosidl_generator_py/kr_msgs/srv/_get_safety_zones_s.c.o[0m
[5.038s] [ 99%] [32mBuilding C object CMakeFiles/kr_msgs__python.dir/rosidl_generator_py/kr_msgs/srv/_log_alarm_s.c.o[0m
[5.065s] [ 99%] [32mBuilding C object CMakeFiles/kr_msgs__python.dir/rosidl_generator_py/kr_msgs/srv/_suspend_robot_s.c.o[0m
[5.082s] [100%] [32mBuilding C object CMakeFiles/kr_msgs__python.dir/rosidl_generator_py/kr_msgs/srv/_unlock_robot_s.c.o[0m
[5.103s] [100%] [32mBuilding C object CMakeFiles/kr_msgs__python.dir/rosidl_generator_py/kr_msgs/srv/_unsuspend_robot_s.c.o[0m
[5.254s] [100%] [32m[1mLinking C shared library rosidl_generator_py/kr_msgs/libkr_msgs__python.so[0m
[5.329s] [100%] Built target kr_msgs__python
[5.347s] [35m[1mScanning dependencies of target kr_msgs__rosidl_typesupport_introspection_c__pyext[0m
[5.348s] [35m[1mScanning dependencies of target kr_msgs__rosidl_typesupport_c__pyext[0m
[5.350s] [35m[1mScanning dependencies of target kr_msgs__rosidl_typesupport_fastrtps_c__pyext[0m
[5.382s] [100%] [32mBuilding C object CMakeFiles/kr_msgs__rosidl_typesupport_introspection_c__pyext.dir/rosidl_generator_py/kr_msgs/_kr_msgs_s.ep.rosidl_typesupport_introspection_c.c.o[0m
[5.382s] [100%] [32mBuilding C object CMakeFiles/kr_msgs__rosidl_typesupport_c__pyext.dir/rosidl_generator_py/kr_msgs/_kr_msgs_s.ep.rosidl_typesupport_c.c.o[0m
[5.389s] [100%] [32mBuilding C object CMakeFiles/kr_msgs__rosidl_typesupport_fastrtps_c__pyext.dir/rosidl_generator_py/kr_msgs/_kr_msgs_s.ep.rosidl_typesupport_fastrtps_c.c.o[0m
[5.764s] [100%] [32m[1mLinking C shared library rosidl_generator_py/kr_msgs/kr_msgs_s__rosidl_typesupport_introspection_c.cpython-38-x86_64-linux-gnu.so[0m
[5.773s] [100%] [32m[1mLinking C shared library rosidl_generator_py/kr_msgs/kr_msgs_s__rosidl_typesupport_c.cpython-38-x86_64-linux-gnu.so[0m
[5.775s] [100%] [32m[1mLinking CXX shared library rosidl_generator_py/kr_msgs/kr_msgs_s__rosidl_typesupport_fastrtps_c.cpython-38-x86_64-linux-gnu.so[0m
[5.822s] [100%] Built target kr_msgs__rosidl_typesupport_introspection_c__pyext
[5.836s] [100%] Built target kr_msgs__rosidl_typesupport_c__pyext
[5.874s] [100%] Built target kr_msgs__rosidl_typesupport_fastrtps_c__pyext
