[0.097s] Invoking command in '/home/vboxuser/Thesis/build/action_interfaces': CMAKE_PREFIX_PATH=${CMAKE_PREFIX_PATH}:/home/vboxuser/Thesis/install/vision:/home/vboxuser/Thesis/install/vcnanoz:/home/vboxuser/Thesis/install/sensopart_visor:/home/vboxuser/Thesis/install/robot_control:/home/vboxuser/Thesis/install/kr_example_python:/home/vboxuser/Thesis/install/bt_pkg:/home/vboxuser/Thesis/install/action_servers:/opt/ros/foxy /usr/bin/cmake --build /home/vboxuser/Thesis/build/action_interfaces -- -j8 -l8
[0.887s] -- Found ament_cmake: 0.9.12 (/opt/ros/foxy/share/ament_cmake/cmake)
[0.887s] -- Found PythonInterp: /usr/bin/python3 (found suitable version "3.8.10", minimum required is "3") 
[0.887s] -- Using PYTHON_EXECUTABLE: /usr/bin/python3
[0.887s] -- Override CMake install command with custom implementation using symlinks instead of copying resources
[0.887s] -- Found rosidl_default_generators: 1.0.1 (/opt/ros/foxy/share/rosidl_default_generators/cmake)
[0.887s] -- Using all available rosidl_typesupport_c: rosidl_typesupport_fastrtps_c;rosidl_typesupport_introspection_c
[0.887s] -- Found rosidl_adapter: 1.3.1 (/opt/ros/foxy/share/rosidl_adapter/cmake)
[0.887s] -- Using all available rosidl_typesupport_cpp: rosidl_typesupport_fastrtps_cpp;rosidl_typesupport_introspection_cpp
[0.887s] -- Found PythonInterp: /usr/bin/python3 (found version "3.8.10") 
[0.888s] -- Found ament_cmake_ros: 0.9.2 (/opt/ros/foxy/share/ament_cmake_ros/cmake)
[0.948s] -- Using all available rosidl_typesupport_c: rosidl_typesupport_fastrtps_c;rosidl_typesupport_introspection_c
[0.974s] -- Using all available rosidl_typesupport_cpp: rosidl_typesupport_fastrtps_cpp;rosidl_typesupport_introspection_cpp
[1.009s] -- Found PythonInterp: /usr/bin/python3 (found suitable version "3.8.10", minimum required is "3.5") 
[1.009s] -- Found python_cmake_module: 0.8.1 (/opt/ros/foxy/share/python_cmake_module/cmake)
[1.038s] -- Using PYTHON_EXECUTABLE: /usr/bin/python3
[1.039s] -- Using PYTHON_INCLUDE_DIRS: /usr/include/python3.8
[1.039s] -- Using PYTHON_LIBRARIES: /usr/lib/x86_64-linux-gnu/libpython3.8.so
[1.069s] -- Found ament_lint_auto: 0.9.8 (/opt/ros/foxy/share/ament_lint_auto/cmake)
[1.081s] -- Added test 'copyright' to check source files copyright and LICENSE
[1.083s] -- Added test 'lint_cmake' to check CMake code style
[1.086s] -- Added test 'xmllint' to check XML markup files
[1.090s] -- Configuring done
[1.151s] -- Generating done
[1.157s] -- Build files have been written to: /home/vboxuser/Thesis/build/action_interfaces
[1.208s] [  2%] Built target action_interfaces__cpp
[1.212s] [ 12%] Built target action_interfaces__rosidl_generator_c
[1.240s] [ 23%] Built target action_interfaces__rosidl_typesupport_introspection_cpp
[1.245s] [ 34%] Built target action_interfaces__rosidl_typesupport_introspection_c
[1.246s] [ 44%] Built target action_interfaces__rosidl_typesupport_fastrtps_cpp
[1.254s] [ 55%] Built target action_interfaces__rosidl_typesupport_c
[1.270s] [ 65%] Built target action_interfaces__rosidl_typesupport_cpp
[1.278s] [ 76%] Built target action_interfaces__rosidl_typesupport_fastrtps_c
[1.304s] [ 76%] Built target action_interfaces
[1.332s] [ 78%] Built target action_interfaces__py
[1.381s] [ 87%] Built target action_interfaces__python
[1.429s] [ 91%] Built target action_interfaces__rosidl_typesupport_introspection_c__pyext
[1.429s] [ 95%] Built target action_interfaces__rosidl_typesupport_fastrtps_c__pyext
[1.436s] [100%] Built target action_interfaces__rosidl_typesupport_c__pyext
[1.606s] Invoked command in '/home/vboxuser/Thesis/build/action_interfaces' returned '0': CMAKE_PREFIX_PATH=${CMAKE_PREFIX_PATH}:/home/vboxuser/Thesis/install/vision:/home/vboxuser/Thesis/install/vcnanoz:/home/vboxuser/Thesis/install/sensopart_visor:/home/vboxuser/Thesis/install/robot_control:/home/vboxuser/Thesis/install/kr_example_python:/home/vboxuser/Thesis/install/bt_pkg:/home/vboxuser/Thesis/install/action_servers:/opt/ros/foxy /usr/bin/cmake --build /home/vboxuser/Thesis/build/action_interfaces -- -j8 -l8
[1.804s] Invoking command in '/home/vboxuser/Thesis/build/action_interfaces': CMAKE_PREFIX_PATH=${CMAKE_PREFIX_PATH}:/home/vboxuser/Thesis/install/vision:/home/vboxuser/Thesis/install/vcnanoz:/home/vboxuser/Thesis/install/sensopart_visor:/home/vboxuser/Thesis/install/robot_control:/home/vboxuser/Thesis/install/kr_example_python:/home/vboxuser/Thesis/install/bt_pkg:/home/vboxuser/Thesis/install/action_servers:/opt/ros/foxy /usr/bin/cmake --install /home/vboxuser/Thesis/build/action_interfaces
[1.815s] -- Install configuration: ""
[1.824s] -- Execute custom install script
[1.824s] -- Up-to-date symlink: /home/vboxuser/Thesis/install/action_interfaces/share/ament_index/resource_index/rosidl_interfaces/action_interfaces
[1.824s] -- Up-to-date symlink: /home/vboxuser/Thesis/install/action_interfaces/include/action_interfaces/action/detail/fibonacci__functions.h
[1.824s] -- Up-to-date symlink: /home/vboxuser/Thesis/install/action_interfaces/include/action_interfaces/action/detail/fibonacci__struct.h
[1.824s] -- Up-to-date symlink: /home/vboxuser/Thesis/install/action_interfaces/include/action_interfaces/action/detail/fibonacci__type_support.h
[1.824s] -- Up-to-date symlink: /home/vboxuser/Thesis/install/action_interfaces/include/action_interfaces/action/detail/move_tcp_along_axis__functions.h
[1.824s] -- Up-to-date symlink: /home/vboxuser/Thesis/install/action_interfaces/include/action_interfaces/action/detail/move_tcp_along_axis__struct.h
[1.824s] -- Up-to-date symlink: /home/vboxuser/Thesis/install/action_interfaces/include/action_interfaces/action/detail/move_tcp_along_axis__type_support.h
[1.824s] -- Up-to-date symlink: /home/vboxuser/Thesis/install/action_interfaces/include/action_interfaces/action/fibonacci.h
[1.824s] -- Up-to-date symlink: /home/vboxuser/Thesis/install/action_interfaces/include/action_interfaces/action/move_tcp_along_axis.h
[1.824s] -- Up-to-date symlink: /home/vboxuser/Thesis/install/action_interfaces/include/action_interfaces/msg/rosidl_generator_c__visibility_control.h
[1.824s] -- Up-to-date symlink: /home/vboxuser/Thesis/install/action_interfaces/include/action_interfaces/srv/detail/generate_frame__functions.h
[1.825s] -- Up-to-date symlink: /home/vboxuser/Thesis/install/action_interfaces/include/action_interfaces/srv/detail/generate_frame__struct.h
[1.826s] -- Up-to-date symlink: /home/vboxuser/Thesis/install/action_interfaces/include/action_interfaces/srv/detail/generate_frame__type_support.h
[1.826s] -- Up-to-date symlink: /home/vboxuser/Thesis/install/action_interfaces/include/action_interfaces/srv/generate_frame.h
[1.826s] -- Up-to-date symlink: /home/vboxuser/Thesis/install/action_interfaces/share/action_interfaces/environment/library_path.sh
[1.832s] -- Up-to-date symlink: /home/vboxuser/Thesis/install/action_interfaces/share/action_interfaces/environment/library_path.dsv
[1.833s] -- Up-to-date symlink: /home/vboxuser/Thesis/install/action_interfaces/include/action_interfaces/action/detail/fibonacci__rosidl_typesupport_fastrtps_c.h
[1.833s] -- Up-to-date symlink: /home/vboxuser/Thesis/install/action_interfaces/include/action_interfaces/action/detail/move_tcp_along_axis__rosidl_typesupport_fastrtps_c.h
[1.834s] -- Up-to-date symlink: /home/vboxuser/Thesis/install/action_interfaces/include/action_interfaces/msg/rosidl_typesupport_fastrtps_c__visibility_control.h
[1.835s] -- Up-to-date symlink: /home/vboxuser/Thesis/install/action_interfaces/include/action_interfaces/srv/detail/generate_frame__rosidl_typesupport_fastrtps_c.h
[1.836s] -- Up-to-date symlink: /home/vboxuser/Thesis/install/action_interfaces/lib/libaction_interfaces__rosidl_typesupport_fastrtps_c.so
[1.837s] -- Up-to-date symlink: /home/vboxuser/Thesis/install/action_interfaces/include/action_interfaces/action/detail/fibonacci__rosidl_typesupport_fastrtps_cpp.hpp
[1.838s] -- Up-to-date symlink: /home/vboxuser/Thesis/install/action_interfaces/include/action_interfaces/action/detail/move_tcp_along_axis__rosidl_typesupport_fastrtps_cpp.hpp
[1.838s] -- Up-to-date symlink: /home/vboxuser/Thesis/install/action_interfaces/include/action_interfaces/msg/rosidl_typesupport_fastrtps_cpp__visibility_control.h
[1.839s] -- Up-to-date symlink: /home/vboxuser/Thesis/install/action_interfaces/include/action_interfaces/srv/detail/generate_frame__rosidl_typesupport_fastrtps_cpp.hpp
[1.840s] -- Up-to-date symlink: /home/vboxuser/Thesis/install/action_interfaces/lib/libaction_interfaces__rosidl_typesupport_fastrtps_cpp.so
[1.842s] -- Up-to-date symlink: /home/vboxuser/Thesis/install/action_interfaces/include/action_interfaces/action/detail/fibonacci__rosidl_typesupport_introspection_c.h
[1.843s] -- Up-to-date symlink: /home/vboxuser/Thesis/install/action_interfaces/include/action_interfaces/action/detail/move_tcp_along_axis__rosidl_typesupport_introspection_c.h
[1.844s] -- Up-to-date symlink: /home/vboxuser/Thesis/install/action_interfaces/include/action_interfaces/msg/rosidl_typesupport_introspection_c__visibility_control.h
[1.845s] -- Up-to-date symlink: /home/vboxuser/Thesis/install/action_interfaces/include/action_interfaces/srv/detail/generate_frame__rosidl_typesupport_introspection_c.h
[1.846s] -- Up-to-date symlink: /home/vboxuser/Thesis/install/action_interfaces/include/action_interfaces/action/detail/fibonacci__builder.hpp
[1.847s] -- Up-to-date symlink: /home/vboxuser/Thesis/install/action_interfaces/include/action_interfaces/action/detail/fibonacci__struct.hpp
[1.848s] -- Up-to-date symlink: /home/vboxuser/Thesis/install/action_interfaces/include/action_interfaces/action/detail/fibonacci__traits.hpp
[1.849s] -- Up-to-date symlink: /home/vboxuser/Thesis/install/action_interfaces/include/action_interfaces/action/detail/fibonacci__type_support.hpp
[1.849s] -- Up-to-date symlink: /home/vboxuser/Thesis/install/action_interfaces/include/action_interfaces/action/detail/move_tcp_along_axis__builder.hpp
[1.850s] -- Up-to-date symlink: /home/vboxuser/Thesis/install/action_interfaces/include/action_interfaces/action/detail/move_tcp_along_axis__struct.hpp
[1.858s] -- Up-to-date symlink: /home/vboxuser/Thesis/install/action_interfaces/include/action_interfaces/action/detail/move_tcp_along_axis__traits.hpp
[1.858s] -- Up-to-date symlink: /home/vboxuser/Thesis/install/action_interfaces/include/action_interfaces/action/detail/move_tcp_along_axis__type_support.hpp
[1.858s] -- Up-to-date symlink: /home/vboxuser/Thesis/install/action_interfaces/include/action_interfaces/action/fibonacci.hpp
[1.858s] -- Up-to-date symlink: /home/vboxuser/Thesis/install/action_interfaces/include/action_interfaces/action/move_tcp_along_axis.hpp
[1.858s] -- Up-to-date symlink: /home/vboxuser/Thesis/install/action_interfaces/include/action_interfaces/msg/rosidl_generator_cpp__visibility_control.hpp
[1.858s] -- Up-to-date symlink: /home/vboxuser/Thesis/install/action_interfaces/include/action_interfaces/srv/detail/generate_frame__builder.hpp
[1.858s] -- Up-to-date symlink: /home/vboxuser/Thesis/install/action_interfaces/include/action_interfaces/srv/detail/generate_frame__struct.hpp
[1.858s] -- Up-to-date symlink: /home/vboxuser/Thesis/install/action_interfaces/include/action_interfaces/srv/detail/generate_frame__traits.hpp
[1.858s] -- Up-to-date symlink: /home/vboxuser/Thesis/install/action_interfaces/include/action_interfaces/srv/detail/generate_frame__type_support.hpp
[1.858s] -- Up-to-date symlink: /home/vboxuser/Thesis/install/action_interfaces/include/action_interfaces/srv/generate_frame.hpp
[1.858s] -- Up-to-date symlink: /home/vboxuser/Thesis/install/action_interfaces/include/action_interfaces/action/detail/fibonacci__rosidl_typesupport_introspection_cpp.hpp
[1.858s] -- Up-to-date symlink: /home/vboxuser/Thesis/install/action_interfaces/include/action_interfaces/action/detail/move_tcp_along_axis__rosidl_typesupport_introspection_cpp.hpp
[1.858s] -- Up-to-date symlink: /home/vboxuser/Thesis/install/action_interfaces/include/action_interfaces/srv/detail/generate_frame__rosidl_typesupport_introspection_cpp.hpp
[1.858s] -- Up-to-date symlink: /home/vboxuser/Thesis/install/action_interfaces/share/action_interfaces/environment/pythonpath.sh
[1.859s] -- Up-to-date symlink: /home/vboxuser/Thesis/install/action_interfaces/share/action_interfaces/environment/pythonpath.dsv
[1.859s] -- Up-to-date symlink: /home/vboxuser/Thesis/install/action_interfaces/lib/python3.8/site-packages/action_interfaces/__init__.py
[1.860s] -- Up-to-date symlink: /home/vboxuser/Thesis/install/action_interfaces/lib/python3.8/site-packages/action_interfaces/action/__init__.py
[1.860s] -- Up-to-date symlink: /home/vboxuser/Thesis/install/action_interfaces/lib/python3.8/site-packages/action_interfaces/action/_fibonacci.py
[1.861s] -- Up-to-date symlink: /home/vboxuser/Thesis/install/action_interfaces/lib/python3.8/site-packages/action_interfaces/action/_move_tcp_along_axis.py
[1.861s] -- Up-to-date symlink: /home/vboxuser/Thesis/install/action_interfaces/lib/python3.8/site-packages/action_interfaces/srv/__init__.py
[1.861s] -- Up-to-date symlink: /home/vboxuser/Thesis/install/action_interfaces/lib/python3.8/site-packages/action_interfaces/srv/_generate_frame.py
[1.862s] -- Up-to-date symlink: /home/vboxuser/Thesis/install/action_interfaces/lib/python3.8/site-packages/action_interfaces/action_interfaces_s__rosidl_typesupport_fastrtps_c.cpython-38-x86_64-linux-gnu.so
[1.862s] -- Up-to-date symlink: /home/vboxuser/Thesis/install/action_interfaces/lib/python3.8/site-packages/action_interfaces/action_interfaces_s__rosidl_typesupport_introspection_c.cpython-38-x86_64-linux-gnu.so
[1.863s] -- Up-to-date symlink: /home/vboxuser/Thesis/install/action_interfaces/lib/python3.8/site-packages/action_interfaces/action_interfaces_s__rosidl_typesupport_c.cpython-38-x86_64-linux-gnu.so
[1.863s] -- Up-to-date symlink: /home/vboxuser/Thesis/install/action_interfaces/lib/libaction_interfaces__python.so
[1.863s] -- Up-to-date symlink: /home/vboxuser/Thesis/install/action_interfaces/share/action_interfaces/action/Fibonacci.idl
[1.864s] -- Up-to-date symlink: /home/vboxuser/Thesis/install/action_interfaces/share/action_interfaces/action/MoveTcpAlongAxis.idl
[1.864s] -- Up-to-date symlink: /home/vboxuser/Thesis/install/action_interfaces/share/action_interfaces/srv/GenerateFrame.idl
[1.864s] -- Up-to-date symlink: /home/vboxuser/Thesis/install/action_interfaces/share/action_interfaces/action/Fibonacci.action
[1.865s] -- Up-to-date symlink: /home/vboxuser/Thesis/install/action_interfaces/share/action_interfaces/action/MoveTcpAlongAxis.action
[1.865s] -- Up-to-date symlink: /home/vboxuser/Thesis/install/action_interfaces/share/action_interfaces/srv/GenerateFrame.srv
[1.865s] -- Up-to-date symlink: /home/vboxuser/Thesis/install/action_interfaces/share/action_interfaces/srv/GenerateFrame_Request.msg
[1.866s] -- Up-to-date symlink: /home/vboxuser/Thesis/install/action_interfaces/share/action_interfaces/srv/GenerateFrame_Response.msg
[1.866s] -- Up-to-date symlink: /home/vboxuser/Thesis/install/action_interfaces/share/ament_index/resource_index/package_run_dependencies/action_interfaces
[1.867s] -- Up-to-date symlink: /home/vboxuser/Thesis/install/action_interfaces/share/ament_index/resource_index/parent_prefix_path/action_interfaces
[1.869s] -- Up-to-date symlink: /home/vboxuser/Thesis/install/action_interfaces/share/action_interfaces/environment/ament_prefix_path.sh
[1.869s] -- Up-to-date symlink: /home/vboxuser/Thesis/install/action_interfaces/share/action_interfaces/environment/ament_prefix_path.dsv
[1.869s] -- Up-to-date symlink: /home/vboxuser/Thesis/install/action_interfaces/share/action_interfaces/environment/path.sh
[1.870s] -- Up-to-date symlink: /home/vboxuser/Thesis/install/action_interfaces/share/action_interfaces/environment/path.dsv
[1.870s] -- Up-to-date symlink: /home/vboxuser/Thesis/install/action_interfaces/share/action_interfaces/local_setup.bash
[1.870s] -- Up-to-date symlink: /home/vboxuser/Thesis/install/action_interfaces/share/action_interfaces/local_setup.sh
[1.870s] -- Up-to-date symlink: /home/vboxuser/Thesis/install/action_interfaces/share/action_interfaces/local_setup.zsh
[1.870s] -- Up-to-date symlink: /home/vboxuser/Thesis/install/action_interfaces/share/action_interfaces/local_setup.dsv
[1.871s] -- Symlinking: /home/vboxuser/Thesis/install/action_interfaces/share/action_interfaces/package.dsv
[1.884s] -- Up-to-date symlink: /home/vboxuser/Thesis/install/action_interfaces/share/ament_index/resource_index/packages/action_interfaces
[1.884s] -- Up-to-date symlink: /home/vboxuser/Thesis/install/action_interfaces/share/action_interfaces/cmake/rosidl_cmake-extras.cmake
[1.884s] -- Up-to-date symlink: /home/vboxuser/Thesis/install/action_interfaces/share/action_interfaces/cmake/ament_cmake_export_dependencies-extras.cmake
[1.884s] -- Up-to-date symlink: /home/vboxuser/Thesis/install/action_interfaces/share/action_interfaces/cmake/ament_cmake_export_libraries-extras.cmake
[1.884s] -- Up-to-date symlink: /home/vboxuser/Thesis/install/action_interfaces/share/action_interfaces/cmake/ament_cmake_export_targets-extras.cmake
[1.884s] -- Up-to-date symlink: /home/vboxuser/Thesis/install/action_interfaces/share/action_interfaces/cmake/ament_cmake_export_include_directories-extras.cmake
[1.885s] -- Up-to-date symlink: /home/vboxuser/Thesis/install/action_interfaces/share/action_interfaces/cmake/rosidl_cmake_export_typesupport_libraries-extras.cmake
[1.885s] -- Up-to-date symlink: /home/vboxuser/Thesis/install/action_interfaces/share/action_interfaces/cmake/rosidl_cmake_export_typesupport_targets-extras.cmake
[1.885s] -- Up-to-date symlink: /home/vboxuser/Thesis/install/action_interfaces/share/action_interfaces/cmake/action_interfacesConfig.cmake
[1.885s] -- Up-to-date symlink: /home/vboxuser/Thesis/install/action_interfaces/share/action_interfaces/cmake/action_interfacesConfig-version.cmake
[1.886s] -- Up-to-date symlink: /home/vboxuser/Thesis/install/action_interfaces/share/action_interfaces/package.xml
[1.886s] -- Up-to-date: /home/vboxuser/Thesis/install/action_interfaces/lib/libaction_interfaces__rosidl_generator_c.so
[1.886s] -- Up-to-date: /home/vboxuser/Thesis/install/action_interfaces/lib/libaction_interfaces__rosidl_typesupport_introspection_c.so
[1.893s] -- Up-to-date: /home/vboxuser/Thesis/install/action_interfaces/lib/libaction_interfaces__rosidl_typesupport_c.so
[1.894s] -- Up-to-date: /home/vboxuser/Thesis/install/action_interfaces/lib/libaction_interfaces__rosidl_typesupport_introspection_cpp.so
[1.894s] -- Up-to-date: /home/vboxuser/Thesis/install/action_interfaces/lib/libaction_interfaces__rosidl_typesupport_cpp.so
[1.965s] Compiling '/home/vboxuser/Thesis/install/action_interfaces/lib/python3.8/site-packages/action_interfaces/__init__.py'...
[1.966s] -- Up-to-date: /home/vboxuser/Thesis/install/action_interfaces/share/action_interfaces/cmake/action_interfaces__rosidl_generator_cExport.cmake
[1.969s] -- Installing: /home/vboxuser/Thesis/install/action_interfaces/share/action_interfaces/cmake/action_interfaces__rosidl_generator_cExport-noconfig.cmake
[1.970s] -- Up-to-date: /home/vboxuser/Thesis/install/action_interfaces/share/action_interfaces/cmake/action_interfaces__rosidl_typesupport_introspection_cExport.cmake
[1.970s] -- Installing: /home/vboxuser/Thesis/install/action_interfaces/share/action_interfaces/cmake/action_interfaces__rosidl_typesupport_introspection_cExport-noconfig.cmake
[1.971s] -- Up-to-date: /home/vboxuser/Thesis/install/action_interfaces/share/action_interfaces/cmake/action_interfaces__rosidl_typesupport_cExport.cmake
[1.971s] -- Installing: /home/vboxuser/Thesis/install/action_interfaces/share/action_interfaces/cmake/action_interfaces__rosidl_typesupport_cExport-noconfig.cmake
[1.971s] -- Up-to-date: /home/vboxuser/Thesis/install/action_interfaces/share/action_interfaces/cmake/action_interfaces__rosidl_generator_cppExport.cmake
[1.971s] -- Up-to-date: /home/vboxuser/Thesis/install/action_interfaces/share/action_interfaces/cmake/action_interfaces__rosidl_typesupport_introspection_cppExport.cmake
[1.971s] -- Installing: /home/vboxuser/Thesis/install/action_interfaces/share/action_interfaces/cmake/action_interfaces__rosidl_typesupport_introspection_cppExport-noconfig.cmake
[1.971s] -- Up-to-date: /home/vboxuser/Thesis/install/action_interfaces/share/action_interfaces/cmake/action_interfaces__rosidl_typesupport_cppExport.cmake
[1.971s] -- Installing: /home/vboxuser/Thesis/install/action_interfaces/share/action_interfaces/cmake/action_interfaces__rosidl_typesupport_cppExport-noconfig.cmake
[1.990s] Invoked command in '/home/vboxuser/Thesis/build/action_interfaces' returned '0': CMAKE_PREFIX_PATH=${CMAKE_PREFIX_PATH}:/home/vboxuser/Thesis/install/vision:/home/vboxuser/Thesis/install/vcnanoz:/home/vboxuser/Thesis/install/sensopart_visor:/home/vboxuser/Thesis/install/robot_control:/home/vboxuser/Thesis/install/kr_example_python:/home/vboxuser/Thesis/install/bt_pkg:/home/vboxuser/Thesis/install/action_servers:/opt/ros/foxy /usr/bin/cmake --install /home/vboxuser/Thesis/build/action_interfaces
