[0.310s] Invoking command in '/home/vboxuser/ros2_ws/build/groot': CMAKE_PREFIX_PATH=${CMAKE_PREFIX_PATH}:/home/vboxuser/ros2_ws/install/vision:/home/vboxuser/ros2_ws/install/robot_control:/home/vboxuser/ros2_ws/install/kr_example_python:/home/vboxuser/ros2_ws/install/bt_pkg:/opt/ros/foxy /usr/bin/cmake /home/vboxuser/ros2_ws/src/Groot -DAMENT_CMAKE_SYMLINK_INSTALL=1 -DCMAKE_INSTALL_PREFIX=/home/vboxuser/ros2_ws/install/groot
[0.573s] -- Using PYTHON_EXECUTABLE: /usr/bin/python3
[0.610s] -- Override CMake install command with custom implementation using symlinks instead of copying resources
[0.637s] -- Found ament_index_cpp: 1.1.0 (/opt/ros/foxy/share/ament_index_cpp/cmake)
[0.652s] -- ---------------------
[0.652s] -- Compiling with AMENT.
[0.652s] -- ---------------------
[0.671s] -- ZeroMQ found.
[0.783s] -- Configuring done
[1.054s] -- Generating done
[1.063s] -- Build files have been written to: /home/vboxuser/ros2_ws/build/groot
[1.069s] Invoked command in '/home/vboxuser/ros2_ws/build/groot' returned '0': CMAKE_PREFIX_PATH=${CMAKE_PREFIX_PATH}:/home/vboxuser/ros2_ws/install/vision:/home/vboxuser/ros2_ws/install/robot_control:/home/vboxuser/ros2_ws/install/kr_example_python:/home/vboxuser/ros2_ws/install/bt_pkg:/opt/ros/foxy /usr/bin/cmake /home/vboxuser/ros2_ws/src/Groot -DAMENT_CMAKE_SYMLINK_INSTALL=1 -DCMAKE_INSTALL_PREFIX=/home/vboxuser/ros2_ws/install/groot
[1.074s] Invoking command in '/home/vboxuser/ros2_ws/build/groot': CMAKE_PREFIX_PATH=${CMAKE_PREFIX_PATH}:/home/vboxuser/ros2_ws/install/vision:/home/vboxuser/ros2_ws/install/robot_control:/home/vboxuser/ros2_ws/install/kr_example_python:/home/vboxuser/ros2_ws/install/bt_pkg:/opt/ros/foxy /usr/bin/cmake --build /home/vboxuser/ros2_ws/build/groot -- -j8 -l8
[1.156s] [  1%] [34m[1mAutomatic MOC and UIC for target QtNodeEditor[0m
[1.186s] [  1%] Built target QtNodeEditor_autogen
[1.252s] [ 57%] Built target QtNodeEditor
[1.286s] [ 58%] [34m[1mAutomatic MOC and UIC for target behavior_tree_editor[0m
[1.313s] [ 58%] Built target behavior_tree_editor_autogen
[1.408s] [ 58%] [32m[1mLinking CXX shared library libbehavior_tree_editor.so[0m
[2.579s] [ 74%] Built target behavior_tree_editor
[2.609s] [ 75%] [34m[1mAutomatic MOC and UIC for target Groot[0m
[2.609s] [ 76%] [34m[1mAutomatic MOC and UIC for target replay_test[0m
[2.610s] [ 76%] [34m[1mAutomatic MOC and UIC for target editor_test[0m
[2.638s] [ 76%] Built target Groot_autogen
[2.641s] [ 76%] Built target replay_test_autogen
[2.641s] [ 76%] Built target editor_test_autogen
[2.680s] [ 77%] [32m[1mLinking CXX executable Groot[0m
[2.690s] [ 78%] [32m[1mLinking CXX executable replay_test[0m
[2.690s] [ 79%] [32m[1mLinking CXX executable editor_test[0m
[3.429s] [ 84%] Built target Groot
[3.456s] [ 92%] Built target replay_test
[3.488s] [100%] Built target editor_test
[3.520s] Invoked command in '/home/vboxuser/ros2_ws/build/groot' returned '0': CMAKE_PREFIX_PATH=${CMAKE_PREFIX_PATH}:/home/vboxuser/ros2_ws/install/vision:/home/vboxuser/ros2_ws/install/robot_control:/home/vboxuser/ros2_ws/install/kr_example_python:/home/vboxuser/ros2_ws/install/bt_pkg:/opt/ros/foxy /usr/bin/cmake --build /home/vboxuser/ros2_ws/build/groot -- -j8 -l8
[3.666s] Invoking command in '/home/vboxuser/ros2_ws/build/groot': CMAKE_PREFIX_PATH=${CMAKE_PREFIX_PATH}:/home/vboxuser/ros2_ws/install/vision:/home/vboxuser/ros2_ws/install/robot_control:/home/vboxuser/ros2_ws/install/kr_example_python:/home/vboxuser/ros2_ws/install/bt_pkg:/opt/ros/foxy /usr/bin/cmake --install /home/vboxuser/ros2_ws/build/groot
[3.675s] -- Install configuration: ""
[3.675s] -- Execute custom install script
[3.675s] -- Symlinking: /home/vboxuser/ros2_ws/install/groot/lib/libbehavior_tree_editor.so
[3.688s] -- Symlinking: /home/vboxuser/ros2_ws/install/groot/lib/groot/Groot
[3.699s] -- Symlinking: /home/vboxuser/ros2_ws/install/groot/share/groot/environment/library_path.sh
[3.723s] -- Symlinking: /home/vboxuser/ros2_ws/install/groot/share/groot/environment/library_path.dsv
[3.736s] -- Symlinking: /home/vboxuser/ros2_ws/install/groot/share/ament_index/resource_index/package_run_dependencies/groot
[3.748s] -- Symlinking: /home/vboxuser/ros2_ws/install/groot/share/ament_index/resource_index/parent_prefix_path/groot
[3.760s] -- Symlinking: /home/vboxuser/ros2_ws/install/groot/share/groot/environment/ament_prefix_path.sh
[3.781s] -- Symlinking: /home/vboxuser/ros2_ws/install/groot/share/groot/environment/ament_prefix_path.dsv
[3.797s] -- Symlinking: /home/vboxuser/ros2_ws/install/groot/share/groot/environment/path.sh
[3.810s] -- Symlinking: /home/vboxuser/ros2_ws/install/groot/share/groot/environment/path.dsv
[3.824s] -- Symlinking: /home/vboxuser/ros2_ws/install/groot/share/groot/local_setup.bash
[3.835s] -- Symlinking: /home/vboxuser/ros2_ws/install/groot/share/groot/local_setup.sh
[3.847s] -- Symlinking: /home/vboxuser/ros2_ws/install/groot/share/groot/local_setup.zsh
[3.859s] -- Symlinking: /home/vboxuser/ros2_ws/install/groot/share/groot/local_setup.dsv
[3.884s] -- Symlinking: /home/vboxuser/ros2_ws/install/groot/share/groot/package.dsv
[3.893s] -- Symlinking: /home/vboxuser/ros2_ws/install/groot/share/ament_index/resource_index/packages/groot
[3.904s] -- Symlinking: /home/vboxuser/ros2_ws/install/groot/share/groot/cmake/ament_cmake_export_include_directories-extras.cmake
[3.916s] -- Symlinking: /home/vboxuser/ros2_ws/install/groot/share/groot/cmake/ament_cmake_export_dependencies-extras.cmake
[3.931s] -- Symlinking: /home/vboxuser/ros2_ws/install/groot/share/groot/cmake/ament_cmake_export_libraries-extras.cmake
[3.943s] -- Symlinking: /home/vboxuser/ros2_ws/install/groot/share/groot/cmake/grootConfig.cmake
[3.955s] -- Symlinking: /home/vboxuser/ros2_ws/install/groot/share/groot/cmake/grootConfig-version.cmake
[3.967s] -- Symlinking: /home/vboxuser/ros2_ws/install/groot/share/groot/package.xml
[3.987s] Invoked command in '/home/vboxuser/ros2_ws/build/groot' returned '0': CMAKE_PREFIX_PATH=${CMAKE_PREFIX_PATH}:/home/vboxuser/ros2_ws/install/vision:/home/vboxuser/ros2_ws/install/robot_control:/home/vboxuser/ros2_ws/install/kr_example_python:/home/vboxuser/ros2_ws/install/bt_pkg:/opt/ros/foxy /usr/bin/cmake --install /home/vboxuser/ros2_ws/build/groot
