[1.080s] Invoking command in '/home/vboxuser/ros2_ws/src/vision': PYTHONPATH=/home/vboxuser/ros2_ws/build/vision/prefix_override:/usr/lib/python3/dist-packages/colcon_core/task/python/colcon_distutils_commands:/home/vboxuser/ros2_ws/install/vision/lib/python3.8/site-packages:${PYTHONPATH} /usr/bin/python3 -W ignore:setup.py install is deprecated setup.py egg_info --egg-base ../../build/vision build --build-base /home/vboxuser/ros2_ws/build/vision/build install --record /home/vboxuser/ros2_ws/build/vision/install.log --install-scripts $base/lib/vision --single-version-externally-managed install_data
[1.303s] running egg_info
[1.304s] writing ../../build/vision/vision.egg-info/PKG-INFO
[1.304s] writing dependency_links to ../../build/vision/vision.egg-info/dependency_links.txt
[1.305s] writing entry points to ../../build/vision/vision.egg-info/entry_points.txt
[1.305s] writing requirements to ../../build/vision/vision.egg-info/requires.txt
[1.305s] writing top-level names to ../../build/vision/vision.egg-info/top_level.txt
[1.348s] reading manifest file '../../build/vision/vision.egg-info/SOURCES.txt'
[1.349s] writing manifest file '../../build/vision/vision.egg-info/SOURCES.txt'
[1.350s] running build
[1.350s] running build_py
[1.351s] running install
[1.353s] running install_lib
[1.355s] running install_data
[1.355s] running install_egg_info
[1.358s] removing '/home/vboxuser/ros2_ws/install/vision/lib/python3.8/site-packages/vision-0.0.0-py3.8.egg-info' (and everything under it)
[1.370s] Copying ../../build/vision/vision.egg-info to /home/vboxuser/ros2_ws/install/vision/lib/python3.8/site-packages/vision-0.0.0-py3.8.egg-info
[1.370s] running install_scripts
[1.379s] Installing calibration script to /home/vboxuser/ros2_ws/install/vision/lib/vision
[1.380s] Installing image_filters script to /home/vboxuser/ros2_ws/install/vision/lib/vision
[1.380s] Installing image_receiver script to /home/vboxuser/ros2_ws/install/vision/lib/vision
[1.380s] Installing point_finder_2d script to /home/vboxuser/ros2_ws/install/vision/lib/vision
[1.380s] Installing point_finder_3d script to /home/vboxuser/ros2_ws/install/vision/lib/vision
[1.381s] Installing stereo_triangulation script to /home/vboxuser/ros2_ws/install/vision/lib/vision
[1.382s] Installing test_node script to /home/vboxuser/ros2_ws/install/vision/lib/vision
[1.383s] writing list of installed files to '/home/vboxuser/ros2_ws/build/vision/install.log'
[1.424s] Invoked command in '/home/vboxuser/ros2_ws/src/vision' returned '0': PYTHONPATH=/home/vboxuser/ros2_ws/build/vision/prefix_override:/usr/lib/python3/dist-packages/colcon_core/task/python/colcon_distutils_commands:/home/vboxuser/ros2_ws/install/vision/lib/python3.8/site-packages:${PYTHONPATH} /usr/bin/python3 -W ignore:setup.py install is deprecated setup.py egg_info --egg-base ../../build/vision build --build-base /home/vboxuser/ros2_ws/build/vision/build install --record /home/vboxuser/ros2_ws/build/vision/install.log --install-scripts $base/lib/vision --single-version-externally-managed install_data
