[0.615s] Invoking command in '/home/vboxuser/ros2_ws/build/groot': CMAKE_PREFIX_PATH=${CMAKE_PREFIX_PATH}:/home/vboxuser/ros2_ws/install/vision:/home/vboxuser/ros2_ws/install/robot_control:/home/vboxuser/ros2_ws/install/kr_example_python:/home/vboxuser/ros2_ws/install/bt_pkg:/home/vboxuser/ros2_ws/install/action_tutorials_py:/home/vboxuser/ros2_ws/install/action_pkg:/opt/ros/foxy /usr/bin/cmake --build /home/vboxuser/ros2_ws/build/groot -- -j8 -l8
[0.875s] [  1%] [34m[1mAutomatic MOC and UIC for target QtNodeEditor[0m
[0.875s] [  1%] Built target QtNodeEditor_autogen
[0.876s] [ 57%] Built target QtNodeEditor
[0.876s] [ 58%] [34m[1mAutomatic MOC and UIC for target behavior_tree_editor[0m
[0.876s] [ 58%] Built target behavior_tree_editor_autogen
[0.889s] [ 74%] Built target behavior_tree_editor
[0.921s] [ 75%] [34m[1mAutomatic MOC and UIC for target editor_test[0m
[0.921s] [ 76%] [34m[1mAutomatic MOC and UIC for target Groot[0m
[0.922s] [ 76%] [34m[1mAutomatic MOC and UIC for target replay_test[0m
[0.955s] [ 76%] Built target editor_test_autogen
[0.955s] [ 76%] Built target Groot_autogen
[0.955s] [ 76%] Built target replay_test_autogen
[0.998s] [ 82%] Built target Groot
[1.005s] [100%] Built target replay_test
[1.005s] [100%] Built target editor_test
[1.145s] Invoked command in '/home/vboxuser/ros2_ws/build/groot' returned '0': CMAKE_PREFIX_PATH=${CMAKE_PREFIX_PATH}:/home/vboxuser/ros2_ws/install/vision:/home/vboxuser/ros2_ws/install/robot_control:/home/vboxuser/ros2_ws/install/kr_example_python:/home/vboxuser/ros2_ws/install/bt_pkg:/home/vboxuser/ros2_ws/install/action_tutorials_py:/home/vboxuser/ros2_ws/install/action_pkg:/opt/ros/foxy /usr/bin/cmake --build /home/vboxuser/ros2_ws/build/groot -- -j8 -l8
[1.333s] Invoking command in '/home/vboxuser/ros2_ws/build/groot': CMAKE_PREFIX_PATH=${CMAKE_PREFIX_PATH}:/home/vboxuser/ros2_ws/install/vision:/home/vboxuser/ros2_ws/install/robot_control:/home/vboxuser/ros2_ws/install/kr_example_python:/home/vboxuser/ros2_ws/install/bt_pkg:/home/vboxuser/ros2_ws/install/action_tutorials_py:/home/vboxuser/ros2_ws/install/action_pkg:/opt/ros/foxy /usr/bin/cmake --install /home/vboxuser/ros2_ws/build/groot
[1.352s] -- Install configuration: ""
[1.353s] -- Execute custom install script
[1.354s] -- Up-to-date symlink: /home/vboxuser/ros2_ws/install/groot/lib/libbehavior_tree_editor.so
[1.354s] -- Up-to-date symlink: /home/vboxuser/ros2_ws/install/groot/lib/groot/Groot
[1.355s] -- Up-to-date symlink: /home/vboxuser/ros2_ws/install/groot/share/groot/environment/library_path.sh
[1.355s] -- Up-to-date symlink: /home/vboxuser/ros2_ws/install/groot/share/groot/environment/library_path.dsv
[1.356s] -- Up-to-date symlink: /home/vboxuser/ros2_ws/install/groot/share/ament_index/resource_index/package_run_dependencies/groot
[1.356s] -- Up-to-date symlink: /home/vboxuser/ros2_ws/install/groot/share/ament_index/resource_index/parent_prefix_path/groot
[1.356s] -- Up-to-date symlink: /home/vboxuser/ros2_ws/install/groot/share/groot/environment/ament_prefix_path.sh
[1.357s] -- Up-to-date symlink: /home/vboxuser/ros2_ws/install/groot/share/groot/environment/ament_prefix_path.dsv
[1.358s] -- Up-to-date symlink: /home/vboxuser/ros2_ws/install/groot/share/groot/environment/path.sh
[1.358s] -- Up-to-date symlink: /home/vboxuser/ros2_ws/install/groot/share/groot/environment/path.dsv
[1.358s] -- Up-to-date symlink: /home/vboxuser/ros2_ws/install/groot/share/groot/local_setup.bash
[1.358s] -- Up-to-date symlink: /home/vboxuser/ros2_ws/install/groot/share/groot/local_setup.sh
[1.359s] -- Up-to-date symlink: /home/vboxuser/ros2_ws/install/groot/share/groot/local_setup.zsh
[1.359s] -- Up-to-date symlink: /home/vboxuser/ros2_ws/install/groot/share/groot/local_setup.dsv
[1.359s] -- Symlinking: /home/vboxuser/ros2_ws/install/groot/share/groot/package.dsv
[1.373s] -- Up-to-date symlink: /home/vboxuser/ros2_ws/install/groot/share/ament_index/resource_index/packages/groot
[1.374s] -- Up-to-date symlink: /home/vboxuser/ros2_ws/install/groot/share/groot/cmake/ament_cmake_export_include_directories-extras.cmake
[1.374s] -- Up-to-date symlink: /home/vboxuser/ros2_ws/install/groot/share/groot/cmake/ament_cmake_export_dependencies-extras.cmake
[1.374s] -- Up-to-date symlink: /home/vboxuser/ros2_ws/install/groot/share/groot/cmake/ament_cmake_export_libraries-extras.cmake
[1.375s] -- Up-to-date symlink: /home/vboxuser/ros2_ws/install/groot/share/groot/cmake/grootConfig.cmake
[1.375s] -- Up-to-date symlink: /home/vboxuser/ros2_ws/install/groot/share/groot/cmake/grootConfig-version.cmake
[1.376s] -- Up-to-date symlink: /home/vboxuser/ros2_ws/install/groot/share/groot/package.xml
[1.383s] Invoked command in '/home/vboxuser/ros2_ws/build/groot' returned '0': CMAKE_PREFIX_PATH=${CMAKE_PREFIX_PATH}:/home/vboxuser/ros2_ws/install/vision:/home/vboxuser/ros2_ws/install/robot_control:/home/vboxuser/ros2_ws/install/kr_example_python:/home/vboxuser/ros2_ws/install/bt_pkg:/home/vboxuser/ros2_ws/install/action_tutorials_py:/home/vboxuser/ros2_ws/install/action_pkg:/opt/ros/foxy /usr/bin/cmake --install /home/vboxuser/ros2_ws/build/groot
