[1.794s] Invoking command in '/home/mo/Thesis/src/robot_control': CMAKE_PREFIX_PATH=/home/mo/Thesis/install/action_interfaces:/home/mo/Thesis/install/kr_example_cpp:/home/mo/Thesis/install/kr_msgs LD_LIBRARY_PATH=/home/mo/Thesis/install/action_interfaces/lib:/home/mo/Thesis/install/kr_msgs/lib:/opt/ros/foxy/opt/yaml_cpp_vendor/lib:/opt/ros/foxy/opt/rviz_ogre_vendor/lib:/opt/ros/foxy/lib/x86_64-linux-gnu:/opt/ros/foxy/lib PYTHONPATH=/home/mo/Thesis/build/robot_control/prefix_override:/usr/lib/python3/dist-packages/colcon_core/task/python/colcon_distutils_commands:/home/mo/Thesis/install/robot_control/lib/python3.8/site-packages:/home/mo/Thesis/install/action_interfaces/lib/python3.8/site-packages:/home/mo/Thesis/install/vision/lib/python3.8/site-packages:/home/mo/Thesis/install/vcnanoz/lib/python3.8/site-packages:/home/mo/Thesis/install/sensopart_visor/lib/python3.8/site-packages:/home/mo/Thesis/install/robot_control/lib/python3.8/site-packages:/home/mo/Thesis/install/kr_example_python/lib/python3.8/site-packages:/home/mo/Thesis/install/kr_msgs/lib/python3.8/site-packages:/home/mo/Thesis/install/action_servers/lib/python3.8/site-packages:/opt/ros/foxy/lib/python3.8/site-packages /usr/bin/python3 -W ignore:setup.py install is deprecated -W ignore:easy_install command is deprecated setup.py egg_info --egg-base ../../build/robot_control build --build-base /home/mo/Thesis/build/robot_control/build install --record /home/mo/Thesis/build/robot_control/install.log --single-version-externally-managed install_data
[2.099s] running egg_info
[2.116s] writing ../../build/robot_control/robot_control.egg-info/PKG-INFO
[2.117s] writing dependency_links to ../../build/robot_control/robot_control.egg-info/dependency_links.txt
[2.117s] writing entry points to ../../build/robot_control/robot_control.egg-info/entry_points.txt
[2.117s] writing requirements to ../../build/robot_control/robot_control.egg-info/requires.txt
[2.118s] writing top-level names to ../../build/robot_control/robot_control.egg-info/top_level.txt
[2.265s] reading manifest file '../../build/robot_control/robot_control.egg-info/SOURCES.txt'
[2.267s] writing manifest file '../../build/robot_control/robot_control.egg-info/SOURCES.txt'
[2.267s] running build
[2.267s] running build_py
[2.267s] copying robot_control/set_working_frame_qr.py -> /home/mo/Thesis/build/robot_control/build/lib/robot_control
[2.268s] copying robot_control/define_working_frame_needle.py -> /home/mo/Thesis/build/robot_control/build/lib/robot_control
[2.268s] copying robot_control/MoveTcpAlongAxis_action_client.py -> /home/mo/Thesis/build/robot_control/build/lib/robot_control
[2.268s] copying robot_control/ibvs_2d.py -> /home/mo/Thesis/build/robot_control/build/lib/robot_control
[2.268s] copying robot_control/tf_frames_publisher.py -> /home/mo/Thesis/build/robot_control/build/lib/robot_control
[2.269s] copying robot_control/move_lin_by_key.py -> /home/mo/Thesis/build/robot_control/build/lib/robot_control
[2.269s] copying robot_control/tcp_frame_listener.py -> /home/mo/Thesis/build/robot_control/build/lib/robot_control
[2.269s] copying robot_control/transform_action_client.py -> /home/mo/Thesis/build/robot_control/build/lib/robot_control
[2.269s] copying robot_control/scan_bar.py -> /home/mo/Thesis/build/robot_control/build/lib/robot_control
[2.269s] copying robot_control/__init__.py -> /home/mo/Thesis/build/robot_control/build/lib/robot_control
[2.270s] copying FC/FC_tf_helper.py -> /home/mo/Thesis/build/robot_control/build/lib/FC
[2.270s] copying FC/FC_quaternion_to_euler.py -> /home/mo/Thesis/build/robot_control/build/lib/FC
[2.270s] copying FC/FC_call_move_spline_service.py -> /home/mo/Thesis/build/robot_control/build/lib/FC
[2.271s] copying FC/FC_call_move_linear_service.py -> /home/mo/Thesis/build/robot_control/build/lib/FC
[2.271s] copying FC/FC_frame_handler.py -> /home/mo/Thesis/build/robot_control/build/lib/FC
[2.271s] copying FC/FC_dict_receive_processing.py -> /home/mo/Thesis/build/robot_control/build/lib/FC
[2.271s] copying FC/__init__.py -> /home/mo/Thesis/build/robot_control/build/lib/FC
[2.271s] copying FC/FC_stereo_triangulation.py -> /home/mo/Thesis/build/robot_control/build/lib/FC
[2.271s] copying FC/FC_edge_detector.py -> /home/mo/Thesis/build/robot_control/build/lib/FC
[2.272s] running install
[2.276s] running install_lib
[2.296s] copying /home/mo/Thesis/build/robot_control/build/lib/robot_control/scan_bar.py -> /home/mo/Thesis/install/robot_control/lib/python3.8/site-packages/robot_control
[2.298s] byte-compiling /home/mo/Thesis/install/robot_control/lib/python3.8/site-packages/robot_control/scan_bar.py to scan_bar.cpython-38.pyc
[2.301s] running install_data
[2.302s] copying resource/robot_control -> /home/mo/Thesis/install/robot_control/share/ament_index/resource_index/packages
[2.302s] copying package.xml -> /home/mo/Thesis/install/robot_control/share/robot_control
[2.302s] running install_egg_info
[2.324s] removing '/home/mo/Thesis/install/robot_control/lib/python3.8/site-packages/robot_control-0.0.0-py3.8.egg-info' (and everything under it)
[2.324s] Copying ../../build/robot_control/robot_control.egg-info to /home/mo/Thesis/install/robot_control/lib/python3.8/site-packages/robot_control-0.0.0-py3.8.egg-info
[2.325s] running install_scripts
[2.381s] Installing MoveTcpAlongAxis_action_client script to /home/mo/Thesis/install/robot_control/lib/robot_control
[2.381s] Installing define_working_frame_needle script to /home/mo/Thesis/install/robot_control/lib/robot_control
[2.381s] Installing ibvs_2d script to /home/mo/Thesis/install/robot_control/lib/robot_control
[2.382s] Installing move_lin_by_key script to /home/mo/Thesis/install/robot_control/lib/robot_control
[2.382s] Installing scan_bar script to /home/mo/Thesis/install/robot_control/lib/robot_control
[2.382s] Installing set_working_frame_qr script to /home/mo/Thesis/install/robot_control/lib/robot_control
[2.382s] Installing tcp_frame_listener script to /home/mo/Thesis/install/robot_control/lib/robot_control
[2.383s] Installing tf_frames_publisher script to /home/mo/Thesis/install/robot_control/lib/robot_control
[2.383s] Installing transform_action_client script to /home/mo/Thesis/install/robot_control/lib/robot_control
[2.384s] writing list of installed files to '/home/mo/Thesis/build/robot_control/install.log'
[2.450s] Invoked command in '/home/mo/Thesis/src/robot_control' returned '0': CMAKE_PREFIX_PATH=/home/mo/Thesis/install/action_interfaces:/home/mo/Thesis/install/kr_example_cpp:/home/mo/Thesis/install/kr_msgs LD_LIBRARY_PATH=/home/mo/Thesis/install/action_interfaces/lib:/home/mo/Thesis/install/kr_msgs/lib:/opt/ros/foxy/opt/yaml_cpp_vendor/lib:/opt/ros/foxy/opt/rviz_ogre_vendor/lib:/opt/ros/foxy/lib/x86_64-linux-gnu:/opt/ros/foxy/lib PYTHONPATH=/home/mo/Thesis/build/robot_control/prefix_override:/usr/lib/python3/dist-packages/colcon_core/task/python/colcon_distutils_commands:/home/mo/Thesis/install/robot_control/lib/python3.8/site-packages:/home/mo/Thesis/install/action_interfaces/lib/python3.8/site-packages:/home/mo/Thesis/install/vision/lib/python3.8/site-packages:/home/mo/Thesis/install/vcnanoz/lib/python3.8/site-packages:/home/mo/Thesis/install/sensopart_visor/lib/python3.8/site-packages:/home/mo/Thesis/install/robot_control/lib/python3.8/site-packages:/home/mo/Thesis/install/kr_example_python/lib/python3.8/site-packages:/home/mo/Thesis/install/kr_msgs/lib/python3.8/site-packages:/home/mo/Thesis/install/action_servers/lib/python3.8/site-packages:/opt/ros/foxy/lib/python3.8/site-packages /usr/bin/python3 -W ignore:setup.py install is deprecated -W ignore:easy_install command is deprecated setup.py egg_info --egg-base ../../build/robot_control build --build-base /home/mo/Thesis/build/robot_control/build install --record /home/mo/Thesis/build/robot_control/install.log --single-version-externally-managed install_data
