[0.076s] Invoking command in '/home/vboxuser/ros2_ws/build/realsense2_description': CMAKE_PREFIX_PATH=/home/vboxuser/ros2_ws/install/realsense2_camera_msgs:/home/vboxuser/ros2_ws/install/realsense2_description:/home/vboxuser/ros2_ws/install/realsense2_camera:/home/vboxuser/ros2_ws/install/kr_example_cpp:/home/vboxuser/ros2_ws/install/kr_msgs:/home/vboxuser/ros2_ws/install/vision:/home/vboxuser/ros2_ws/install/kr_example_python:/opt/ros/foxy LD_LIBRARY_PATH=/home/vboxuser/ros2_ws/install/realsense2_camera_msgs/lib:/home/vboxuser/ros2_ws/install/realsense2_camera/lib:/home/vboxuser/ros2_ws/install/kr_msgs/lib:/opt/ros/foxy/opt/yaml_cpp_vendor/lib:/opt/ros/foxy/opt/rviz_ogre_vendor/lib:/opt/ros/foxy/lib/x86_64-linux-gnu:/opt/ros/foxy/lib PYTHONPATH=/home/vboxuser/ros2_ws/install/realsense2_camera_msgs/lib/python3.8/site-packages:/home/vboxuser/ros2_ws/install/vision/lib/python3.8/site-packages:/home/vboxuser/ros2_ws/install/kr_example_python/lib/python3.8/site-packages:/home/vboxuser/ros2_ws/install/kr_msgs/lib/python3.8/site-packages:/opt/ros/foxy/lib/python3.8/site-packages /usr/bin/cmake --build /home/vboxuser/ros2_ws/build/realsense2_description -- -j8 -l8
[0.247s] Invoked command in '/home/vboxuser/ros2_ws/build/realsense2_description' returned '0': CMAKE_PREFIX_PATH=/home/vboxuser/ros2_ws/install/realsense2_camera_msgs:/home/vboxuser/ros2_ws/install/realsense2_description:/home/vboxuser/ros2_ws/install/realsense2_camera:/home/vboxuser/ros2_ws/install/kr_example_cpp:/home/vboxuser/ros2_ws/install/kr_msgs:/home/vboxuser/ros2_ws/install/vision:/home/vboxuser/ros2_ws/install/kr_example_python:/opt/ros/foxy LD_LIBRARY_PATH=/home/vboxuser/ros2_ws/install/realsense2_camera_msgs/lib:/home/vboxuser/ros2_ws/install/realsense2_camera/lib:/home/vboxuser/ros2_ws/install/kr_msgs/lib:/opt/ros/foxy/opt/yaml_cpp_vendor/lib:/opt/ros/foxy/opt/rviz_ogre_vendor/lib:/opt/ros/foxy/lib/x86_64-linux-gnu:/opt/ros/foxy/lib PYTHONPATH=/home/vboxuser/ros2_ws/install/realsense2_camera_msgs/lib/python3.8/site-packages:/home/vboxuser/ros2_ws/install/vision/lib/python3.8/site-packages:/home/vboxuser/ros2_ws/install/kr_example_python/lib/python3.8/site-packages:/home/vboxuser/ros2_ws/install/kr_msgs/lib/python3.8/site-packages:/opt/ros/foxy/lib/python3.8/site-packages /usr/bin/cmake --build /home/vboxuser/ros2_ws/build/realsense2_description -- -j8 -l8
[0.371s] Invoking command in '/home/vboxuser/ros2_ws/build/realsense2_description': CMAKE_PREFIX_PATH=/home/vboxuser/ros2_ws/install/realsense2_camera_msgs:/home/vboxuser/ros2_ws/install/realsense2_description:/home/vboxuser/ros2_ws/install/realsense2_camera:/home/vboxuser/ros2_ws/install/kr_example_cpp:/home/vboxuser/ros2_ws/install/kr_msgs:/home/vboxuser/ros2_ws/install/vision:/home/vboxuser/ros2_ws/install/kr_example_python:/opt/ros/foxy LD_LIBRARY_PATH=/home/vboxuser/ros2_ws/install/realsense2_camera_msgs/lib:/home/vboxuser/ros2_ws/install/realsense2_camera/lib:/home/vboxuser/ros2_ws/install/kr_msgs/lib:/opt/ros/foxy/opt/yaml_cpp_vendor/lib:/opt/ros/foxy/opt/rviz_ogre_vendor/lib:/opt/ros/foxy/lib/x86_64-linux-gnu:/opt/ros/foxy/lib PYTHONPATH=/home/vboxuser/ros2_ws/install/realsense2_camera_msgs/lib/python3.8/site-packages:/home/vboxuser/ros2_ws/install/vision/lib/python3.8/site-packages:/home/vboxuser/ros2_ws/install/kr_example_python/lib/python3.8/site-packages:/home/vboxuser/ros2_ws/install/kr_msgs/lib/python3.8/site-packages:/opt/ros/foxy/lib/python3.8/site-packages /usr/bin/cmake --install /home/vboxuser/ros2_ws/build/realsense2_description
[0.424s] -- Install configuration: ""
[0.427s] -- Execute custom install script
[0.428s] -- Up-to-date symlink: /home/vboxuser/ros2_ws/install/realsense2_description/share/realsense2_description/launch/launch_utils.py
[0.430s] -- Up-to-date symlink: /home/vboxuser/ros2_ws/install/realsense2_description/share/realsense2_description/launch/view_model.launch.py
[0.431s] -- Up-to-date symlink: /home/vboxuser/ros2_ws/install/realsense2_description/share/realsense2_description/meshes/d405.stl
[0.432s] -- Up-to-date symlink: /home/vboxuser/ros2_ws/install/realsense2_description/share/realsense2_description/meshes/d415.stl
[0.433s] -- Up-to-date symlink: /home/vboxuser/ros2_ws/install/realsense2_description/share/realsense2_description/meshes/d435.dae
[0.436s] -- Up-to-date symlink: /home/vboxuser/ros2_ws/install/realsense2_description/share/realsense2_description/meshes/d455.stl
[0.437s] -- Up-to-date symlink: /home/vboxuser/ros2_ws/install/realsense2_description/share/realsense2_description/meshes/l515.dae
[0.438s] -- Up-to-date symlink: /home/vboxuser/ros2_ws/install/realsense2_description/share/realsense2_description/meshes/plug.stl
[0.439s] -- Up-to-date symlink: /home/vboxuser/ros2_ws/install/realsense2_description/share/realsense2_description/meshes/plug_collision.stl
[0.440s] -- Up-to-date symlink: /home/vboxuser/ros2_ws/install/realsense2_description/share/realsense2_description/rviz/urdf.rviz
[0.441s] -- Up-to-date symlink: /home/vboxuser/ros2_ws/install/realsense2_description/share/realsense2_description/urdf/_d405.urdf.xacro
[0.449s] -- Up-to-date symlink: /home/vboxuser/ros2_ws/install/realsense2_description/share/realsense2_description/urdf/_d415.urdf.xacro
[0.450s] -- Up-to-date symlink: /home/vboxuser/ros2_ws/install/realsense2_description/share/realsense2_description/urdf/_d435.urdf.xacro
[0.450s] -- Up-to-date symlink: /home/vboxuser/ros2_ws/install/realsense2_description/share/realsense2_description/urdf/_d435i.urdf.xacro
[0.452s] -- Up-to-date symlink: /home/vboxuser/ros2_ws/install/realsense2_description/share/realsense2_description/urdf/_d435i_imu_modules.urdf.xacro
[0.452s] -- Up-to-date symlink: /home/vboxuser/ros2_ws/install/realsense2_description/share/realsense2_description/urdf/_d455.urdf.xacro
[0.453s] -- Up-to-date symlink: /home/vboxuser/ros2_ws/install/realsense2_description/share/realsense2_description/urdf/_materials.urdf.xacro
[0.454s] -- Up-to-date symlink: /home/vboxuser/ros2_ws/install/realsense2_description/share/realsense2_description/urdf/_r410.urdf.xacro
[0.455s] -- Up-to-date symlink: /home/vboxuser/ros2_ws/install/realsense2_description/share/realsense2_description/urdf/_r430.urdf.xacro
[0.465s] -- Up-to-date symlink: /home/vboxuser/ros2_ws/install/realsense2_description/share/realsense2_description/urdf/_usb_plug.urdf.xacro
[0.465s] -- Up-to-date symlink: /home/vboxuser/ros2_ws/install/realsense2_description/share/realsense2_description/urdf/test_d405_camera.urdf.xacro
[0.466s] -- Up-to-date symlink: /home/vboxuser/ros2_ws/install/realsense2_description/share/realsense2_description/urdf/test_d415_camera.urdf.xacro
[0.466s] -- Up-to-date symlink: /home/vboxuser/ros2_ws/install/realsense2_description/share/realsense2_description/urdf/test_d435_camera.urdf.xacro
[0.466s] -- Up-to-date symlink: /home/vboxuser/ros2_ws/install/realsense2_description/share/realsense2_description/urdf/test_d435_multiple_cameras.urdf.xacro
[0.467s] -- Up-to-date symlink: /home/vboxuser/ros2_ws/install/realsense2_description/share/realsense2_description/urdf/test_d435i_camera.urdf.xacro
[0.467s] -- Up-to-date symlink: /home/vboxuser/ros2_ws/install/realsense2_description/share/realsense2_description/urdf/test_d455_camera.urdf.xacro
[0.467s] -- Up-to-date symlink: /home/vboxuser/ros2_ws/install/realsense2_description/share/realsense2_description/urdf/test_r410_camera.urdf.xacro
[0.468s] -- Up-to-date symlink: /home/vboxuser/ros2_ws/install/realsense2_description/share/realsense2_description/urdf/test_r430_camera.urdf.xacro
[0.468s] -- Up-to-date symlink: /home/vboxuser/ros2_ws/install/realsense2_description/share/ament_index/resource_index/package_run_dependencies/realsense2_description
[0.469s] -- Up-to-date symlink: /home/vboxuser/ros2_ws/install/realsense2_description/share/ament_index/resource_index/parent_prefix_path/realsense2_description
[0.470s] -- Up-to-date symlink: /home/vboxuser/ros2_ws/install/realsense2_description/share/realsense2_description/environment/ament_prefix_path.sh
[0.471s] -- Up-to-date symlink: /home/vboxuser/ros2_ws/install/realsense2_description/share/realsense2_description/environment/ament_prefix_path.dsv
[0.471s] -- Up-to-date symlink: /home/vboxuser/ros2_ws/install/realsense2_description/share/realsense2_description/environment/path.sh
[0.472s] -- Up-to-date symlink: /home/vboxuser/ros2_ws/install/realsense2_description/share/realsense2_description/environment/path.dsv
[0.472s] -- Up-to-date symlink: /home/vboxuser/ros2_ws/install/realsense2_description/share/realsense2_description/local_setup.bash
[0.473s] -- Up-to-date symlink: /home/vboxuser/ros2_ws/install/realsense2_description/share/realsense2_description/local_setup.sh
[0.473s] -- Up-to-date symlink: /home/vboxuser/ros2_ws/install/realsense2_description/share/realsense2_description/local_setup.zsh
[0.474s] -- Up-to-date symlink: /home/vboxuser/ros2_ws/install/realsense2_description/share/realsense2_description/local_setup.dsv
[0.474s] -- Symlinking: /home/vboxuser/ros2_ws/install/realsense2_description/share/realsense2_description/package.dsv
[0.476s] -- Up-to-date symlink: /home/vboxuser/ros2_ws/install/realsense2_description/share/ament_index/resource_index/packages/realsense2_description
[0.476s] -- Up-to-date symlink: /home/vboxuser/ros2_ws/install/realsense2_description/share/realsense2_description/cmake/realsense2_descriptionConfig.cmake
[0.477s] -- Up-to-date symlink: /home/vboxuser/ros2_ws/install/realsense2_description/share/realsense2_description/cmake/realsense2_descriptionConfig-version.cmake
[0.477s] -- Up-to-date symlink: /home/vboxuser/ros2_ws/install/realsense2_description/share/realsense2_description/package.xml
[0.478s] Invoked command in '/home/vboxuser/ros2_ws/build/realsense2_description' returned '0': CMAKE_PREFIX_PATH=/home/vboxuser/ros2_ws/install/realsense2_camera_msgs:/home/vboxuser/ros2_ws/install/realsense2_description:/home/vboxuser/ros2_ws/install/realsense2_camera:/home/vboxuser/ros2_ws/install/kr_example_cpp:/home/vboxuser/ros2_ws/install/kr_msgs:/home/vboxuser/ros2_ws/install/vision:/home/vboxuser/ros2_ws/install/kr_example_python:/opt/ros/foxy LD_LIBRARY_PATH=/home/vboxuser/ros2_ws/install/realsense2_camera_msgs/lib:/home/vboxuser/ros2_ws/install/realsense2_camera/lib:/home/vboxuser/ros2_ws/install/kr_msgs/lib:/opt/ros/foxy/opt/yaml_cpp_vendor/lib:/opt/ros/foxy/opt/rviz_ogre_vendor/lib:/opt/ros/foxy/lib/x86_64-linux-gnu:/opt/ros/foxy/lib PYTHONPATH=/home/vboxuser/ros2_ws/install/realsense2_camera_msgs/lib/python3.8/site-packages:/home/vboxuser/ros2_ws/install/vision/lib/python3.8/site-packages:/home/vboxuser/ros2_ws/install/kr_example_python/lib/python3.8/site-packages:/home/vboxuser/ros2_ws/install/kr_msgs/lib/python3.8/site-packages:/opt/ros/foxy/lib/python3.8/site-packages /usr/bin/cmake --install /home/vboxuser/ros2_ws/build/realsense2_description
