[1.591s] Invoking command in '/home/vboxuser/Thesis/build/vcnanoz': PYTHONPATH=/home/vboxuser/Thesis/build/vcnanoz/prefix_override:/usr/lib/python3/dist-packages/colcon_core/task/python/colcon_distutils_commands:/home/vboxuser/Thesis/install/vcnanoz/lib/python3.8/site-packages:${PYTHONPATH} /usr/bin/python3 -W ignore:setup.py install is deprecated setup.py develop --uninstall --editable --build-directory /home/vboxuser/Thesis/build/vcnanoz/build
[1.952s] running develop
[2.167s] Removing /home/vboxuser/Thesis/install/vcnanoz/lib/python3.8/site-packages/vcnanoz.egg-link (link to .)
[2.263s] Invoked command in '/home/vboxuser/Thesis/build/vcnanoz' returned '0': PYTHONPATH=/home/vboxuser/Thesis/build/vcnanoz/prefix_override:/usr/lib/python3/dist-packages/colcon_core/task/python/colcon_distutils_commands:/home/vboxuser/Thesis/install/vcnanoz/lib/python3.8/site-packages:${PYTHONPATH} /usr/bin/python3 -W ignore:setup.py install is deprecated setup.py develop --uninstall --editable --build-directory /home/vboxuser/Thesis/build/vcnanoz/build
[2.264s] Invoking command in '/home/vboxuser/Thesis/src/vcnanoz': PYTHONPATH=/home/vboxuser/Thesis/build/vcnanoz/prefix_override:/usr/lib/python3/dist-packages/colcon_core/task/python/colcon_distutils_commands:/home/vboxuser/Thesis/install/vcnanoz/lib/python3.8/site-packages:${PYTHONPATH} /usr/bin/python3 -W ignore:setup.py install is deprecated setup.py egg_info --egg-base ../../build/vcnanoz build --build-base /home/vboxuser/Thesis/build/vcnanoz/build install --record /home/vboxuser/Thesis/build/vcnanoz/install.log --install-scripts $base/lib/vcnanoz --single-version-externally-managed install_data --force
[2.588s] running egg_info
[2.589s] writing ../../build/vcnanoz/vcnanoz.egg-info/PKG-INFO
[2.590s] writing dependency_links to ../../build/vcnanoz/vcnanoz.egg-info/dependency_links.txt
[2.591s] writing entry points to ../../build/vcnanoz/vcnanoz.egg-info/entry_points.txt
[2.593s] writing requirements to ../../build/vcnanoz/vcnanoz.egg-info/requires.txt
[2.594s] writing top-level names to ../../build/vcnanoz/vcnanoz.egg-info/top_level.txt
[2.634s] reading manifest file '../../build/vcnanoz/vcnanoz.egg-info/SOURCES.txt'
[2.635s] writing manifest file '../../build/vcnanoz/vcnanoz.egg-info/SOURCES.txt'
[2.636s] running build
[2.636s] running build_py
[2.637s] creating /home/vboxuser/Thesis/build/vcnanoz/build
[2.638s] creating /home/vboxuser/Thesis/build/vcnanoz/build/lib
[2.638s] creating /home/vboxuser/Thesis/build/vcnanoz/build/lib/vcnanoz
[2.638s] copying vcnanoz/vc_startup.py -> /home/vboxuser/Thesis/build/vcnanoz/build/lib/vcnanoz
[2.639s] copying vcnanoz/vc_img_receiver.py -> /home/vboxuser/Thesis/build/vcnanoz/build/lib/vcnanoz
[2.640s] copying vcnanoz/__init__.py -> /home/vboxuser/Thesis/build/vcnanoz/build/lib/vcnanoz
[2.641s] copying vcnanoz/srvServer_vc_startup.py -> /home/vboxuser/Thesis/build/vcnanoz/build/lib/vcnanoz
[2.642s] copying vcnanoz/srvClient_vc_startup.py -> /home/vboxuser/Thesis/build/vcnanoz/build/lib/vcnanoz
[2.657s] running install
[2.658s] running install_lib
[2.658s] creating /home/vboxuser/Thesis/install/vcnanoz/lib/python3.8/site-packages/vcnanoz
[2.658s] copying /home/vboxuser/Thesis/build/vcnanoz/build/lib/vcnanoz/vc_startup.py -> /home/vboxuser/Thesis/install/vcnanoz/lib/python3.8/site-packages/vcnanoz
[2.658s] copying /home/vboxuser/Thesis/build/vcnanoz/build/lib/vcnanoz/vc_img_receiver.py -> /home/vboxuser/Thesis/install/vcnanoz/lib/python3.8/site-packages/vcnanoz
[2.658s] copying /home/vboxuser/Thesis/build/vcnanoz/build/lib/vcnanoz/__init__.py -> /home/vboxuser/Thesis/install/vcnanoz/lib/python3.8/site-packages/vcnanoz
[2.658s] copying /home/vboxuser/Thesis/build/vcnanoz/build/lib/vcnanoz/srvServer_vc_startup.py -> /home/vboxuser/Thesis/install/vcnanoz/lib/python3.8/site-packages/vcnanoz
[2.659s] copying /home/vboxuser/Thesis/build/vcnanoz/build/lib/vcnanoz/srvClient_vc_startup.py -> /home/vboxuser/Thesis/install/vcnanoz/lib/python3.8/site-packages/vcnanoz
[2.659s] byte-compiling /home/vboxuser/Thesis/install/vcnanoz/lib/python3.8/site-packages/vcnanoz/vc_startup.py to vc_startup.cpython-38.pyc
[2.660s] byte-compiling /home/vboxuser/Thesis/install/vcnanoz/lib/python3.8/site-packages/vcnanoz/vc_img_receiver.py to vc_img_receiver.cpython-38.pyc
[2.664s] byte-compiling /home/vboxuser/Thesis/install/vcnanoz/lib/python3.8/site-packages/vcnanoz/__init__.py to __init__.cpython-38.pyc
[2.664s] byte-compiling /home/vboxuser/Thesis/install/vcnanoz/lib/python3.8/site-packages/vcnanoz/srvServer_vc_startup.py to srvServer_vc_startup.cpython-38.pyc
[2.665s] byte-compiling /home/vboxuser/Thesis/install/vcnanoz/lib/python3.8/site-packages/vcnanoz/srvClient_vc_startup.py to srvClient_vc_startup.cpython-38.pyc
[2.666s] running install_data
[2.668s] copying resource/vcnanoz -> /home/vboxuser/Thesis/install/vcnanoz/share/ament_index/resource_index/packages
[2.669s] copying package.xml -> /home/vboxuser/Thesis/install/vcnanoz/share/vcnanoz
[2.670s] running install_egg_info
[2.670s] Copying ../../build/vcnanoz/vcnanoz.egg-info to /home/vboxuser/Thesis/install/vcnanoz/lib/python3.8/site-packages/vcnanoz-0.0.0-py3.8.egg-info
[2.675s] running install_scripts
[2.683s] Installing srvClient_vc_startup script to /home/vboxuser/Thesis/install/vcnanoz/lib/vcnanoz
[2.686s] Installing srvServer_vc_startup script to /home/vboxuser/Thesis/install/vcnanoz/lib/vcnanoz
[2.686s] Installing vc_img_receiver script to /home/vboxuser/Thesis/install/vcnanoz/lib/vcnanoz
[2.686s] Installing vc_startup script to /home/vboxuser/Thesis/install/vcnanoz/lib/vcnanoz
[2.687s] writing list of installed files to '/home/vboxuser/Thesis/build/vcnanoz/install.log'
[2.728s] Invoked command in '/home/vboxuser/Thesis/src/vcnanoz' returned '0': PYTHONPATH=/home/vboxuser/Thesis/build/vcnanoz/prefix_override:/usr/lib/python3/dist-packages/colcon_core/task/python/colcon_distutils_commands:/home/vboxuser/Thesis/install/vcnanoz/lib/python3.8/site-packages:${PYTHONPATH} /usr/bin/python3 -W ignore:setup.py install is deprecated setup.py egg_info --egg-base ../../build/vcnanoz build --build-base /home/vboxuser/Thesis/build/vcnanoz/build install --record /home/vboxuser/Thesis/build/vcnanoz/install.log --install-scripts $base/lib/vcnanoz --single-version-externally-managed install_data --force
