[0.079s] Invoking command in '/home/vboxuser/ros2_ws/build/action_tutorial_interfaces': CMAKE_PREFIX_PATH=${CMAKE_PREFIX_PATH}:/home/vboxuser/ros2_ws/install/vision:/home/vboxuser/ros2_ws/install/robot_control:/home/vboxuser/ros2_ws/install/kr_example_python:/home/vboxuser/ros2_ws/install/bt_pkg:/home/vboxuser/ros2_ws/install/action_pkg:/opt/ros/foxy /usr/bin/cmake --build /home/vboxuser/ros2_ws/build/action_tutorial_interfaces -- -j8 -l8
[0.593s] [  3%] Built target action_tutorial_interfaces__cpp
[0.593s] [ 12%] Built target action_tutorial_interfaces__rosidl_generator_c
[0.593s] [ 22%] Built target action_tutorial_interfaces__rosidl_typesupport_introspection_cpp
[0.593s] [ 32%] Built target action_tutorial_interfaces__rosidl_typesupport_cpp
[0.593s] [ 41%] Built target action_tutorial_interfaces__rosidl_typesupport_fastrtps_cpp
[0.593s] [ 58%] Built target action_tutorial_interfaces__rosidl_typesupport_introspection_c
[0.593s] [ 61%] Built target action_tutorial_interfaces__rosidl_typesupport_c
[0.593s] [ 70%] Built target action_tutorial_interfaces__rosidl_typesupport_fastrtps_c
[0.593s] [ 70%] Built target action_tutorial_interfaces
[0.593s] [ 74%] Built target action_tutorial_interfaces__py
[0.593s] [ 80%] Built target action_tutorial_interfaces__python
[0.593s] [ 90%] Built target action_tutorial_interfaces__rosidl_typesupport_c__pyext
[0.594s] [ 93%] Built target action_tutorial_interfaces__rosidl_typesupport_fastrtps_c__pyext
[0.594s] [100%] Built target action_tutorial_interfaces__rosidl_typesupport_introspection_c__pyext
[0.848s] Invoked command in '/home/vboxuser/ros2_ws/build/action_tutorial_interfaces' returned '0': CMAKE_PREFIX_PATH=${CMAKE_PREFIX_PATH}:/home/vboxuser/ros2_ws/install/vision:/home/vboxuser/ros2_ws/install/robot_control:/home/vboxuser/ros2_ws/install/kr_example_python:/home/vboxuser/ros2_ws/install/bt_pkg:/home/vboxuser/ros2_ws/install/action_pkg:/opt/ros/foxy /usr/bin/cmake --build /home/vboxuser/ros2_ws/build/action_tutorial_interfaces -- -j8 -l8
[0.965s] Invoking command in '/home/vboxuser/ros2_ws/build/action_tutorial_interfaces': CMAKE_PREFIX_PATH=${CMAKE_PREFIX_PATH}:/home/vboxuser/ros2_ws/install/vision:/home/vboxuser/ros2_ws/install/robot_control:/home/vboxuser/ros2_ws/install/kr_example_python:/home/vboxuser/ros2_ws/install/bt_pkg:/home/vboxuser/ros2_ws/install/action_pkg:/opt/ros/foxy /usr/bin/cmake --install /home/vboxuser/ros2_ws/build/action_tutorial_interfaces
[0.975s] -- Install configuration: ""
[0.976s] -- Up-to-date: /home/vboxuser/ros2_ws/install/action_tutorial_interfaces/share/ament_index/resource_index/rosidl_interfaces/action_tutorial_interfaces
[0.976s] -- Up-to-date: /home/vboxuser/ros2_ws/install/action_tutorial_interfaces/include/action_tutorial_interfaces
[0.976s] -- Up-to-date: /home/vboxuser/ros2_ws/install/action_tutorial_interfaces/include/action_tutorial_interfaces/action
[0.976s] -- Up-to-date: /home/vboxuser/ros2_ws/install/action_tutorial_interfaces/include/action_tutorial_interfaces/action/detail
[0.976s] -- Up-to-date: /home/vboxuser/ros2_ws/install/action_tutorial_interfaces/include/action_tutorial_interfaces/action/detail/fibonacci__functions.h
[0.976s] -- Up-to-date: /home/vboxuser/ros2_ws/install/action_tutorial_interfaces/include/action_tutorial_interfaces/action/detail/fibonacci__functions.c
[0.976s] -- Up-to-date: /home/vboxuser/ros2_ws/install/action_tutorial_interfaces/include/action_tutorial_interfaces/action/detail/fibonacci__struct.h
[0.976s] -- Up-to-date: /home/vboxuser/ros2_ws/install/action_tutorial_interfaces/include/action_tutorial_interfaces/action/detail/fibonacci__type_support.h
[0.976s] -- Up-to-date: /home/vboxuser/ros2_ws/install/action_tutorial_interfaces/include/action_tutorial_interfaces/action/fibonacci.h
[0.976s] -- Up-to-date: /home/vboxuser/ros2_ws/install/action_tutorial_interfaces/include/action_tutorial_interfaces/msg
[0.976s] -- Up-to-date: /home/vboxuser/ros2_ws/install/action_tutorial_interfaces/include/action_tutorial_interfaces/msg/rosidl_generator_c__visibility_control.h
[0.976s] -- Up-to-date: /home/vboxuser/ros2_ws/install/action_tutorial_interfaces/share/action_tutorial_interfaces/environment/library_path.sh
[0.976s] -- Up-to-date: /home/vboxuser/ros2_ws/install/action_tutorial_interfaces/share/action_tutorial_interfaces/environment/library_path.dsv
[0.977s] -- Up-to-date: /home/vboxuser/ros2_ws/install/action_tutorial_interfaces/lib/libaction_tutorial_interfaces__rosidl_generator_c.so
[0.977s] -- Up-to-date: /home/vboxuser/ros2_ws/install/action_tutorial_interfaces/include/action_tutorial_interfaces
[0.977s] -- Up-to-date: /home/vboxuser/ros2_ws/install/action_tutorial_interfaces/include/action_tutorial_interfaces/action
[0.977s] -- Up-to-date: /home/vboxuser/ros2_ws/install/action_tutorial_interfaces/include/action_tutorial_interfaces/action/detail
[0.977s] -- Up-to-date: /home/vboxuser/ros2_ws/install/action_tutorial_interfaces/include/action_tutorial_interfaces/action/detail/fibonacci__rosidl_typesupport_fastrtps_c.h
[0.977s] -- Up-to-date: /home/vboxuser/ros2_ws/install/action_tutorial_interfaces/include/action_tutorial_interfaces/msg
[0.977s] -- Up-to-date: /home/vboxuser/ros2_ws/install/action_tutorial_interfaces/include/action_tutorial_interfaces/msg/rosidl_typesupport_fastrtps_c__visibility_control.h
[0.977s] -- Up-to-date: /home/vboxuser/ros2_ws/install/action_tutorial_interfaces/lib/libaction_tutorial_interfaces__rosidl_typesupport_fastrtps_c.so
[0.977s] -- Up-to-date: /home/vboxuser/ros2_ws/install/action_tutorial_interfaces/include/action_tutorial_interfaces
[0.977s] -- Up-to-date: /home/vboxuser/ros2_ws/install/action_tutorial_interfaces/include/action_tutorial_interfaces/action
[0.977s] -- Up-to-date: /home/vboxuser/ros2_ws/install/action_tutorial_interfaces/include/action_tutorial_interfaces/action/detail
[0.977s] -- Up-to-date: /home/vboxuser/ros2_ws/install/action_tutorial_interfaces/include/action_tutorial_interfaces/action/detail/fibonacci__rosidl_typesupport_fastrtps_cpp.hpp
[0.977s] -- Up-to-date: /home/vboxuser/ros2_ws/install/action_tutorial_interfaces/include/action_tutorial_interfaces/action/detail/dds_fastrtps
[0.978s] -- Up-to-date: /home/vboxuser/ros2_ws/install/action_tutorial_interfaces/include/action_tutorial_interfaces/msg
[0.978s] -- Up-to-date: /home/vboxuser/ros2_ws/install/action_tutorial_interfaces/include/action_tutorial_interfaces/msg/rosidl_typesupport_fastrtps_cpp__visibility_control.h
[0.979s] -- Up-to-date: /home/vboxuser/ros2_ws/install/action_tutorial_interfaces/lib/libaction_tutorial_interfaces__rosidl_typesupport_fastrtps_cpp.so
[0.979s] -- Up-to-date: /home/vboxuser/ros2_ws/install/action_tutorial_interfaces/include/action_tutorial_interfaces
[0.979s] -- Up-to-date: /home/vboxuser/ros2_ws/install/action_tutorial_interfaces/include/action_tutorial_interfaces/action
[0.979s] -- Up-to-date: /home/vboxuser/ros2_ws/install/action_tutorial_interfaces/include/action_tutorial_interfaces/action/detail
[0.979s] -- Up-to-date: /home/vboxuser/ros2_ws/install/action_tutorial_interfaces/include/action_tutorial_interfaces/action/detail/fibonacci__type_support.c
[0.979s] -- Up-to-date: /home/vboxuser/ros2_ws/install/action_tutorial_interfaces/include/action_tutorial_interfaces/action/detail/fibonacci__rosidl_typesupport_introspection_c.h
[0.979s] -- Up-to-date: /home/vboxuser/ros2_ws/install/action_tutorial_interfaces/include/action_tutorial_interfaces/msg
[0.979s] -- Up-to-date: /home/vboxuser/ros2_ws/install/action_tutorial_interfaces/include/action_tutorial_interfaces/msg/rosidl_typesupport_introspection_c__visibility_control.h
[0.979s] -- Up-to-date: /home/vboxuser/ros2_ws/install/action_tutorial_interfaces/lib/libaction_tutorial_interfaces__rosidl_typesupport_introspection_c.so
[0.980s] -- Up-to-date: /home/vboxuser/ros2_ws/install/action_tutorial_interfaces/lib/libaction_tutorial_interfaces__rosidl_typesupport_c.so
[0.981s] -- Up-to-date: /home/vboxuser/ros2_ws/install/action_tutorial_interfaces/include/action_tutorial_interfaces
[0.981s] -- Up-to-date: /home/vboxuser/ros2_ws/install/action_tutorial_interfaces/include/action_tutorial_interfaces/action
[0.981s] -- Up-to-date: /home/vboxuser/ros2_ws/install/action_tutorial_interfaces/include/action_tutorial_interfaces/action/fibonacci.hpp
[0.982s] -- Up-to-date: /home/vboxuser/ros2_ws/install/action_tutorial_interfaces/include/action_tutorial_interfaces/action/detail
[0.982s] -- Up-to-date: /home/vboxuser/ros2_ws/install/action_tutorial_interfaces/include/action_tutorial_interfaces/action/detail/fibonacci__traits.hpp
[0.982s] -- Up-to-date: /home/vboxuser/ros2_ws/install/action_tutorial_interfaces/include/action_tutorial_interfaces/action/detail/fibonacci__builder.hpp
[0.982s] -- Up-to-date: /home/vboxuser/ros2_ws/install/action_tutorial_interfaces/include/action_tutorial_interfaces/action/detail/fibonacci__type_support.hpp
[0.982s] -- Up-to-date: /home/vboxuser/ros2_ws/install/action_tutorial_interfaces/include/action_tutorial_interfaces/action/detail/fibonacci__struct.hpp
[0.982s] -- Up-to-date: /home/vboxuser/ros2_ws/install/action_tutorial_interfaces/include/action_tutorial_interfaces/msg
[0.982s] -- Up-to-date: /home/vboxuser/ros2_ws/install/action_tutorial_interfaces/include/action_tutorial_interfaces/msg/rosidl_generator_cpp__visibility_control.hpp
[0.982s] -- Up-to-date: /home/vboxuser/ros2_ws/install/action_tutorial_interfaces/include/action_tutorial_interfaces
[0.982s] -- Up-to-date: /home/vboxuser/ros2_ws/install/action_tutorial_interfaces/include/action_tutorial_interfaces/action
[0.983s] -- Up-to-date: /home/vboxuser/ros2_ws/install/action_tutorial_interfaces/include/action_tutorial_interfaces/action/detail
[0.983s] -- Up-to-date: /home/vboxuser/ros2_ws/install/action_tutorial_interfaces/include/action_tutorial_interfaces/action/detail/fibonacci__rosidl_typesupport_introspection_cpp.hpp
[0.983s] -- Up-to-date: /home/vboxuser/ros2_ws/install/action_tutorial_interfaces/include/action_tutorial_interfaces/action/detail/fibonacci__type_support.cpp
[0.983s] -- Up-to-date: /home/vboxuser/ros2_ws/install/action_tutorial_interfaces/lib/libaction_tutorial_interfaces__rosidl_typesupport_introspection_cpp.so
[0.983s] -- Up-to-date: /home/vboxuser/ros2_ws/install/action_tutorial_interfaces/lib/libaction_tutorial_interfaces__rosidl_typesupport_cpp.so
[0.983s] -- Up-to-date: /home/vboxuser/ros2_ws/install/action_tutorial_interfaces/share/action_tutorial_interfaces/environment/pythonpath.sh
[0.983s] -- Up-to-date: /home/vboxuser/ros2_ws/install/action_tutorial_interfaces/share/action_tutorial_interfaces/environment/pythonpath.dsv
[0.983s] -- Up-to-date: /home/vboxuser/ros2_ws/install/action_tutorial_interfaces/lib/python3.8/site-packages/action_tutorial_interfaces/__init__.py
[1.019s] -- Up-to-date: /home/vboxuser/ros2_ws/install/action_tutorial_interfaces/lib/python3.8/site-packages/action_tutorial_interfaces/action
[1.019s] -- Up-to-date: /home/vboxuser/ros2_ws/install/action_tutorial_interfaces/lib/python3.8/site-packages/action_tutorial_interfaces/action/_fibonacci.py
[1.019s] -- Up-to-date: /home/vboxuser/ros2_ws/install/action_tutorial_interfaces/lib/python3.8/site-packages/action_tutorial_interfaces/action/_fibonacci_s.c
[1.020s] -- Up-to-date: /home/vboxuser/ros2_ws/install/action_tutorial_interfaces/lib/python3.8/site-packages/action_tutorial_interfaces/action/__init__.py
[1.020s] -- Up-to-date: /home/vboxuser/ros2_ws/install/action_tutorial_interfaces/lib/python3.8/site-packages/action_tutorial_interfaces/action_tutorial_interfaces_s__rosidl_typesupport_fastrtps_c.cpython-38-x86_64-linux-gnu.so
[1.020s] -- Up-to-date: /home/vboxuser/ros2_ws/install/action_tutorial_interfaces/lib/python3.8/site-packages/action_tutorial_interfaces/action_tutorial_interfaces_s__rosidl_typesupport_introspection_c.cpython-38-x86_64-linux-gnu.so
[1.023s] -- Up-to-date: /home/vboxuser/ros2_ws/install/action_tutorial_interfaces/lib/python3.8/site-packages/action_tutorial_interfaces/action_tutorial_interfaces_s__rosidl_typesupport_c.cpython-38-x86_64-linux-gnu.so
[1.024s] -- Up-to-date: /home/vboxuser/ros2_ws/install/action_tutorial_interfaces/lib/libaction_tutorial_interfaces__python.so
[1.025s] -- Up-to-date: /home/vboxuser/ros2_ws/install/action_tutorial_interfaces/share/action_tutorial_interfaces/action/Fibonacci.idl
[1.025s] -- Up-to-date: /home/vboxuser/ros2_ws/install/action_tutorial_interfaces/share/action_tutorial_interfaces/action/Fibonacci.action
[1.026s] -- Installing: /home/vboxuser/ros2_ws/install/action_tutorial_interfaces/lib/action_tutorial_interfaces/action_server.py
[1.026s] -- Installing: /home/vboxuser/ros2_ws/install/action_tutorial_interfaces/lib/action_tutorial_interfaces/action_client.py
[1.026s] -- Up-to-date: /home/vboxuser/ros2_ws/install/action_tutorial_interfaces/share/ament_index/resource_index/package_run_dependencies/action_tutorial_interfaces
[1.026s] -- Up-to-date: /home/vboxuser/ros2_ws/install/action_tutorial_interfaces/share/ament_index/resource_index/parent_prefix_path/action_tutorial_interfaces
[1.026s] -- Up-to-date: /home/vboxuser/ros2_ws/install/action_tutorial_interfaces/share/action_tutorial_interfaces/environment/ament_prefix_path.sh
[1.026s] -- Up-to-date: /home/vboxuser/ros2_ws/install/action_tutorial_interfaces/share/action_tutorial_interfaces/environment/ament_prefix_path.dsv
[1.026s] -- Up-to-date: /home/vboxuser/ros2_ws/install/action_tutorial_interfaces/share/action_tutorial_interfaces/environment/path.sh
[1.026s] -- Up-to-date: /home/vboxuser/ros2_ws/install/action_tutorial_interfaces/share/action_tutorial_interfaces/environment/path.dsv
[1.026s] -- Up-to-date: /home/vboxuser/ros2_ws/install/action_tutorial_interfaces/share/action_tutorial_interfaces/local_setup.bash
[1.026s] -- Up-to-date: /home/vboxuser/ros2_ws/install/action_tutorial_interfaces/share/action_tutorial_interfaces/local_setup.sh
[1.026s] -- Up-to-date: /home/vboxuser/ros2_ws/install/action_tutorial_interfaces/share/action_tutorial_interfaces/local_setup.zsh
[1.026s] -- Up-to-date: /home/vboxuser/ros2_ws/install/action_tutorial_interfaces/share/action_tutorial_interfaces/local_setup.dsv
[1.026s] -- Up-to-date: /home/vboxuser/ros2_ws/install/action_tutorial_interfaces/share/action_tutorial_interfaces/package.dsv
[1.026s] -- Up-to-date: /home/vboxuser/ros2_ws/install/action_tutorial_interfaces/share/ament_index/resource_index/packages/action_tutorial_interfaces
[1.026s] -- Up-to-date: /home/vboxuser/ros2_ws/install/action_tutorial_interfaces/share/action_tutorial_interfaces/cmake/action_tutorial_interfaces__rosidl_generator_cExport.cmake
[1.026s] -- Up-to-date: /home/vboxuser/ros2_ws/install/action_tutorial_interfaces/share/action_tutorial_interfaces/cmake/action_tutorial_interfaces__rosidl_generator_cExport-noconfig.cmake
[1.027s] -- Up-to-date: /home/vboxuser/ros2_ws/install/action_tutorial_interfaces/share/action_tutorial_interfaces/cmake/action_tutorial_interfaces__rosidl_typesupport_introspection_cExport.cmake
[1.030s] -- Up-to-date: /home/vboxuser/ros2_ws/install/action_tutorial_interfaces/share/action_tutorial_interfaces/cmake/action_tutorial_interfaces__rosidl_typesupport_introspection_cExport-noconfig.cmake
[1.030s] -- Up-to-date: /home/vboxuser/ros2_ws/install/action_tutorial_interfaces/share/action_tutorial_interfaces/cmake/action_tutorial_interfaces__rosidl_typesupport_cExport.cmake
[1.030s] -- Up-to-date: /home/vboxuser/ros2_ws/install/action_tutorial_interfaces/share/action_tutorial_interfaces/cmake/action_tutorial_interfaces__rosidl_typesupport_cExport-noconfig.cmake
[1.030s] -- Up-to-date: /home/vboxuser/ros2_ws/install/action_tutorial_interfaces/share/action_tutorial_interfaces/cmake/action_tutorial_interfaces__rosidl_generator_cppExport.cmake
[1.030s] -- Up-to-date: /home/vboxuser/ros2_ws/install/action_tutorial_interfaces/share/action_tutorial_interfaces/cmake/action_tutorial_interfaces__rosidl_typesupport_introspection_cppExport.cmake
[1.030s] -- Up-to-date: /home/vboxuser/ros2_ws/install/action_tutorial_interfaces/share/action_tutorial_interfaces/cmake/action_tutorial_interfaces__rosidl_typesupport_introspection_cppExport-noconfig.cmake
[1.030s] -- Up-to-date: /home/vboxuser/ros2_ws/install/action_tutorial_interfaces/share/action_tutorial_interfaces/cmake/action_tutorial_interfaces__rosidl_typesupport_cppExport.cmake
[1.030s] -- Up-to-date: /home/vboxuser/ros2_ws/install/action_tutorial_interfaces/share/action_tutorial_interfaces/cmake/action_tutorial_interfaces__rosidl_typesupport_cppExport-noconfig.cmake
[1.031s] -- Up-to-date: /home/vboxuser/ros2_ws/install/action_tutorial_interfaces/share/action_tutorial_interfaces/cmake/rosidl_cmake-extras.cmake
[1.031s] -- Up-to-date: /home/vboxuser/ros2_ws/install/action_tutorial_interfaces/share/action_tutorial_interfaces/cmake/ament_cmake_export_dependencies-extras.cmake
[1.031s] -- Up-to-date: /home/vboxuser/ros2_ws/install/action_tutorial_interfaces/share/action_tutorial_interfaces/cmake/ament_cmake_export_libraries-extras.cmake
[1.031s] -- Up-to-date: /home/vboxuser/ros2_ws/install/action_tutorial_interfaces/share/action_tutorial_interfaces/cmake/ament_cmake_export_targets-extras.cmake
[1.031s] -- Up-to-date: /home/vboxuser/ros2_ws/install/action_tutorial_interfaces/share/action_tutorial_interfaces/cmake/ament_cmake_export_include_directories-extras.cmake
[1.031s] -- Up-to-date: /home/vboxuser/ros2_ws/install/action_tutorial_interfaces/share/action_tutorial_interfaces/cmake/rosidl_cmake_export_typesupport_libraries-extras.cmake
[1.031s] -- Up-to-date: /home/vboxuser/ros2_ws/install/action_tutorial_interfaces/share/action_tutorial_interfaces/cmake/rosidl_cmake_export_typesupport_targets-extras.cmake
[1.031s] -- Up-to-date: /home/vboxuser/ros2_ws/install/action_tutorial_interfaces/share/action_tutorial_interfaces/cmake/action_tutorial_interfacesConfig.cmake
[1.031s] -- Up-to-date: /home/vboxuser/ros2_ws/install/action_tutorial_interfaces/share/action_tutorial_interfaces/cmake/action_tutorial_interfacesConfig-version.cmake
[1.031s] -- Up-to-date: /home/vboxuser/ros2_ws/install/action_tutorial_interfaces/share/action_tutorial_interfaces/package.xml
[1.075s] Invoked command in '/home/vboxuser/ros2_ws/build/action_tutorial_interfaces' returned '0': CMAKE_PREFIX_PATH=${CMAKE_PREFIX_PATH}:/home/vboxuser/ros2_ws/install/vision:/home/vboxuser/ros2_ws/install/robot_control:/home/vboxuser/ros2_ws/install/kr_example_python:/home/vboxuser/ros2_ws/install/bt_pkg:/home/vboxuser/ros2_ws/install/action_pkg:/opt/ros/foxy /usr/bin/cmake --install /home/vboxuser/ros2_ws/build/action_tutorial_interfaces
