[1.847s] Invoking command in '/home/mo/Thesis/src/vision': PYTHONPATH=/home/mo/Thesis/build/vision/prefix_override:/usr/lib/python3/dist-packages/colcon_core/task/python/colcon_distutils_commands:/home/mo/Thesis/install/vision/lib/python3.8/site-packages:${PYTHONPATH} /usr/bin/python3 -W ignore:setup.py install is deprecated -W ignore:easy_install command is deprecated setup.py egg_info --egg-base ../../build/vision build --build-base /home/mo/Thesis/build/vision/build install --record /home/mo/Thesis/build/vision/install.log --install-scripts $base/lib/vision --single-version-externally-managed install_data
[2.112s] running egg_info
[2.112s] writing ../../build/vision/vision.egg-info/PKG-INFO
[2.113s] writing dependency_links to ../../build/vision/vision.egg-info/dependency_links.txt
[2.113s] writing entry points to ../../build/vision/vision.egg-info/entry_points.txt
[2.113s] writing requirements to ../../build/vision/vision.egg-info/requires.txt
[2.113s] writing top-level names to ../../build/vision/vision.egg-info/top_level.txt
[2.141s] reading manifest file '../../build/vision/vision.egg-info/SOURCES.txt'
[2.142s] writing manifest file '../../build/vision/vision.egg-info/SOURCES.txt'
[2.142s] running build
[2.142s] running build_py
[2.143s] copying vision/yolov8_inference.py -> /home/mo/Thesis/build/vision/build/lib/vision
[2.143s] running install
[2.144s] running install_lib
[2.145s] copying /home/mo/Thesis/build/vision/build/lib/vision/yolov8_inference.py -> /home/mo/Thesis/install/vision/lib/python3.8/site-packages/vision
[2.146s] byte-compiling /home/mo/Thesis/install/vision/lib/python3.8/site-packages/vision/yolov8_inference.py to yolov8_inference.cpython-38.pyc
[2.149s] running install_data
[2.149s] running install_egg_info
[2.151s] removing '/home/mo/Thesis/install/vision/lib/python3.8/site-packages/vision-0.0.0-py3.8.egg-info' (and everything under it)
[2.151s] Copying ../../build/vision/vision.egg-info to /home/mo/Thesis/install/vision/lib/python3.8/site-packages/vision-0.0.0-py3.8.egg-info
[2.152s] running install_scripts
[2.167s] Installing calibration script to /home/mo/Thesis/install/vision/lib/vision
[2.167s] Installing hook_detector script to /home/mo/Thesis/install/vision/lib/vision
[2.167s] Installing hook_subscriber_node script to /home/mo/Thesis/install/vision/lib/vision
[2.167s] Installing image_filters script to /home/mo/Thesis/install/vision/lib/vision
[2.167s] Installing image_receiver script to /home/mo/Thesis/install/vision/lib/vision
[2.168s] Installing maskrcnn_inference script to /home/mo/Thesis/install/vision/lib/vision
[2.168s] Installing point_finder_2d script to /home/mo/Thesis/install/vision/lib/vision
[2.168s] Installing point_finder_3d script to /home/mo/Thesis/install/vision/lib/vision
[2.168s] Installing process_nn_output script to /home/mo/Thesis/install/vision/lib/vision
[2.168s] Installing stereo_triangulation script to /home/mo/Thesis/install/vision/lib/vision
[2.168s] Installing stereo_triangulation_with_robot script to /home/mo/Thesis/install/vision/lib/vision
[2.168s] Installing test_node script to /home/mo/Thesis/install/vision/lib/vision
[2.168s] Installing yolov8_inference script to /home/mo/Thesis/install/vision/lib/vision
[2.169s] writing list of installed files to '/home/mo/Thesis/build/vision/install.log'
[2.263s] Invoked command in '/home/mo/Thesis/src/vision' returned '0': PYTHONPATH=/home/mo/Thesis/build/vision/prefix_override:/usr/lib/python3/dist-packages/colcon_core/task/python/colcon_distutils_commands:/home/mo/Thesis/install/vision/lib/python3.8/site-packages:${PYTHONPATH} /usr/bin/python3 -W ignore:setup.py install is deprecated -W ignore:easy_install command is deprecated setup.py egg_info --egg-base ../../build/vision build --build-base /home/mo/Thesis/build/vision/build install --record /home/mo/Thesis/build/vision/install.log --install-scripts $base/lib/vision --single-version-externally-managed install_data
