[0.334s] Invoking command in '/home/vboxuser/ros2_ws/build/groot': CMAKE_PREFIX_PATH=${CMAKE_PREFIX_PATH}:/home/vboxuser/ros2_ws/install/vision:/home/vboxuser/ros2_ws/install/vcnanoz:/home/vboxuser/ros2_ws/install/robot_control:/home/vboxuser/ros2_ws/install/kr_example_python:/home/vboxuser/ros2_ws/install/bt_pkg:/home/vboxuser/ros2_ws/install/action_servers:/opt/ros/foxy /usr/bin/cmake --build /home/vboxuser/ros2_ws/build/groot -- -j8 -l8
[0.611s] [  1%] [34m[1mAutomatic MOC and UIC for target QtNodeEditor[0m
[0.611s] [  1%] Built target QtNodeEditor_autogen
[0.611s] [ 57%] Built target QtNodeEditor
[0.611s] [ 58%] [34m[1mAutomatic MOC and UIC for target behavior_tree_editor[0m
[0.612s] [ 58%] Built target behavior_tree_editor_autogen
[0.613s] [ 74%] Built target behavior_tree_editor
[0.640s] [ 75%] [34m[1mAutomatic MOC and UIC for target editor_test[0m
[0.640s] [ 76%] [34m[1mAutomatic MOC and UIC for target replay_test[0m
[0.640s] [ 76%] [34m[1mAutomatic MOC and UIC for target Groot[0m
[0.669s] [ 76%] Built target editor_test_autogen
[0.669s] [ 76%] Built target Groot_autogen
[0.669s] [ 76%] Built target replay_test_autogen
[0.711s] [ 82%] Built target Groot
[0.717s] [ 91%] Built target replay_test
[0.718s] [100%] Built target editor_test
[0.887s] Invoked command in '/home/vboxuser/ros2_ws/build/groot' returned '0': CMAKE_PREFIX_PATH=${CMAKE_PREFIX_PATH}:/home/vboxuser/ros2_ws/install/vision:/home/vboxuser/ros2_ws/install/vcnanoz:/home/vboxuser/ros2_ws/install/robot_control:/home/vboxuser/ros2_ws/install/kr_example_python:/home/vboxuser/ros2_ws/install/bt_pkg:/home/vboxuser/ros2_ws/install/action_servers:/opt/ros/foxy /usr/bin/cmake --build /home/vboxuser/ros2_ws/build/groot -- -j8 -l8
[0.972s] Invoking command in '/home/vboxuser/ros2_ws/build/groot': CMAKE_PREFIX_PATH=${CMAKE_PREFIX_PATH}:/home/vboxuser/ros2_ws/install/vision:/home/vboxuser/ros2_ws/install/vcnanoz:/home/vboxuser/ros2_ws/install/robot_control:/home/vboxuser/ros2_ws/install/kr_example_python:/home/vboxuser/ros2_ws/install/bt_pkg:/home/vboxuser/ros2_ws/install/action_servers:/opt/ros/foxy /usr/bin/cmake --install /home/vboxuser/ros2_ws/build/groot
[1.362s] -- Install configuration: ""
[1.362s] -- Up-to-date: /home/vboxuser/ros2_ws/install/groot/lib/libbehavior_tree_editor.so
[1.362s] -- Up-to-date: /home/vboxuser/ros2_ws/install/groot/lib/groot/Groot
[1.363s] -- Up-to-date: /home/vboxuser/ros2_ws/install/groot/share/groot/environment/library_path.sh
[1.363s] -- Up-to-date: /home/vboxuser/ros2_ws/install/groot/share/groot/environment/library_path.dsv
[1.363s] -- Up-to-date: /home/vboxuser/ros2_ws/install/groot/share/ament_index/resource_index/package_run_dependencies/groot
[1.364s] -- Up-to-date: /home/vboxuser/ros2_ws/install/groot/share/ament_index/resource_index/parent_prefix_path/groot
[1.364s] -- Up-to-date: /home/vboxuser/ros2_ws/install/groot/share/groot/environment/ament_prefix_path.sh
[1.364s] -- Up-to-date: /home/vboxuser/ros2_ws/install/groot/share/groot/environment/ament_prefix_path.dsv
[1.365s] -- Up-to-date: /home/vboxuser/ros2_ws/install/groot/share/groot/environment/path.sh
[1.365s] -- Up-to-date: /home/vboxuser/ros2_ws/install/groot/share/groot/environment/path.dsv
[1.366s] -- Up-to-date: /home/vboxuser/ros2_ws/install/groot/share/groot/local_setup.bash
[1.367s] -- Up-to-date: /home/vboxuser/ros2_ws/install/groot/share/groot/local_setup.sh
[1.367s] -- Up-to-date: /home/vboxuser/ros2_ws/install/groot/share/groot/local_setup.zsh
[1.368s] -- Up-to-date: /home/vboxuser/ros2_ws/install/groot/share/groot/local_setup.dsv
[1.368s] -- Installing: /home/vboxuser/ros2_ws/install/groot/share/groot/package.dsv
[1.369s] -- Up-to-date: /home/vboxuser/ros2_ws/install/groot/share/ament_index/resource_index/packages/groot
[1.369s] -- Up-to-date: /home/vboxuser/ros2_ws/install/groot/share/groot/cmake/ament_cmake_export_include_directories-extras.cmake
[1.369s] -- Up-to-date: /home/vboxuser/ros2_ws/install/groot/share/groot/cmake/ament_cmake_export_dependencies-extras.cmake
[1.370s] -- Up-to-date: /home/vboxuser/ros2_ws/install/groot/share/groot/cmake/ament_cmake_export_libraries-extras.cmake
[1.371s] -- Up-to-date: /home/vboxuser/ros2_ws/install/groot/share/groot/cmake/grootConfig.cmake
[1.371s] -- Up-to-date: /home/vboxuser/ros2_ws/install/groot/share/groot/cmake/grootConfig-version.cmake
[1.371s] -- Up-to-date: /home/vboxuser/ros2_ws/install/groot/share/groot/package.xml
[1.460s] Invoked command in '/home/vboxuser/ros2_ws/build/groot' returned '0': CMAKE_PREFIX_PATH=${CMAKE_PREFIX_PATH}:/home/vboxuser/ros2_ws/install/vision:/home/vboxuser/ros2_ws/install/vcnanoz:/home/vboxuser/ros2_ws/install/robot_control:/home/vboxuser/ros2_ws/install/kr_example_python:/home/vboxuser/ros2_ws/install/bt_pkg:/home/vboxuser/ros2_ws/install/action_servers:/opt/ros/foxy /usr/bin/cmake --install /home/vboxuser/ros2_ws/build/groot
