[1.033s] Invoking command in '/home/vboxuser/ros2_ws/src/vision': PYTHONPATH=/home/vboxuser/ros2_ws/build/vision/prefix_override:/usr/lib/python3/dist-packages/colcon_core/task/python/colcon_distutils_commands:/home/vboxuser/ros2_ws/install/vision/lib/python3.8/site-packages:${PYTHONPATH} /usr/bin/python3 -W ignore:setup.py install is deprecated setup.py egg_info --egg-base ../../build/vision build --build-base /home/vboxuser/ros2_ws/build/vision/build install --record /home/vboxuser/ros2_ws/build/vision/install.log --install-scripts $base/lib/vision --single-version-externally-managed install_data
[1.371s] running egg_info
[1.373s] writing ../../build/vision/vision.egg-info/PKG-INFO
[1.375s] writing dependency_links to ../../build/vision/vision.egg-info/dependency_links.txt
[1.375s] writing entry points to ../../build/vision/vision.egg-info/entry_points.txt
[1.376s] writing requirements to ../../build/vision/vision.egg-info/requires.txt
[1.376s] writing top-level names to ../../build/vision/vision.egg-info/top_level.txt
[1.409s] reading manifest file '../../build/vision/vision.egg-info/SOURCES.txt'
[1.410s] writing manifest file '../../build/vision/vision.egg-info/SOURCES.txt'
[1.410s] running build
[1.411s] running build_py
[1.411s] running install
[1.413s] running install_lib
[1.415s] running install_data
[1.415s] running install_egg_info
[1.420s] removing '/home/vboxuser/ros2_ws/install/vision/lib/python3.8/site-packages/vision-0.0.0-py3.8.egg-info' (and everything under it)
[1.423s] Copying ../../build/vision/vision.egg-info to /home/vboxuser/ros2_ws/install/vision/lib/python3.8/site-packages/vision-0.0.0-py3.8.egg-info
[1.424s] running install_scripts
[1.448s] Installing calibration script to /home/vboxuser/ros2_ws/install/vision/lib/vision
[1.448s] Installing image_filters script to /home/vboxuser/ros2_ws/install/vision/lib/vision
[1.449s] Installing image_receiver script to /home/vboxuser/ros2_ws/install/vision/lib/vision
[1.452s] Installing point_finder_2d script to /home/vboxuser/ros2_ws/install/vision/lib/vision
[1.452s] Installing point_finder_3d script to /home/vboxuser/ros2_ws/install/vision/lib/vision
[1.452s] Installing stereo_triangulation script to /home/vboxuser/ros2_ws/install/vision/lib/vision
[1.453s] Installing test_node script to /home/vboxuser/ros2_ws/install/vision/lib/vision
[1.453s] writing list of installed files to '/home/vboxuser/ros2_ws/build/vision/install.log'
[1.486s] Invoked command in '/home/vboxuser/ros2_ws/src/vision' returned '0': PYTHONPATH=/home/vboxuser/ros2_ws/build/vision/prefix_override:/usr/lib/python3/dist-packages/colcon_core/task/python/colcon_distutils_commands:/home/vboxuser/ros2_ws/install/vision/lib/python3.8/site-packages:${PYTHONPATH} /usr/bin/python3 -W ignore:setup.py install is deprecated setup.py egg_info --egg-base ../../build/vision build --build-base /home/vboxuser/ros2_ws/build/vision/build install --record /home/vboxuser/ros2_ws/build/vision/install.log --install-scripts $base/lib/vision --single-version-externally-managed install_data
