[2.272s] Invoking command in '/home/vboxuser/ros2_ws/src/vcnanoz_ros2': PYTHONPATH=/home/vboxuser/ros2_ws/build/vcnanoz_ros2/prefix_override:/usr/lib/python3/dist-packages/colcon_core/task/python/colcon_distutils_commands:/home/vboxuser/ros2_ws/install/vcnanoz_ros2/lib/python3.8/site-packages:${PYTHONPATH} /usr/bin/python3 -W ignore:setup.py install is deprecated -W ignore:easy_install command is deprecated setup.py egg_info --egg-base ../../build/vcnanoz_ros2 build --build-base /home/vboxuser/ros2_ws/build/vcnanoz_ros2/build install --record /home/vboxuser/ros2_ws/build/vcnanoz_ros2/install.log --install-scripts $base/lib/vcnanoz_ros2 --single-version-externally-managed install_data
[2.623s] running egg_info
[2.625s] writing ../../build/vcnanoz_ros2/vcnanoz_ros2.egg-info/PKG-INFO
[2.626s] writing dependency_links to ../../build/vcnanoz_ros2/vcnanoz_ros2.egg-info/dependency_links.txt
[2.627s] writing entry points to ../../build/vcnanoz_ros2/vcnanoz_ros2.egg-info/entry_points.txt
[2.628s] writing requirements to ../../build/vcnanoz_ros2/vcnanoz_ros2.egg-info/requires.txt
[2.629s] writing top-level names to ../../build/vcnanoz_ros2/vcnanoz_ros2.egg-info/top_level.txt
[2.672s] reading manifest file '../../build/vcnanoz_ros2/vcnanoz_ros2.egg-info/SOURCES.txt'
[2.677s] writing manifest file '../../build/vcnanoz_ros2/vcnanoz_ros2.egg-info/SOURCES.txt'
[2.678s] running build
[2.679s] running build_py
[2.680s] copying vcnanoz_ros2/vc_img_receiver.py -> /home/vboxuser/ros2_ws/build/vcnanoz_ros2/build/lib/vcnanoz_ros2
[2.680s] running install
[2.682s] running install_lib
[2.684s] copying /home/vboxuser/ros2_ws/build/vcnanoz_ros2/build/lib/vcnanoz_ros2/vc_img_receiver.py -> /home/vboxuser/ros2_ws/install/vcnanoz_ros2/lib/python3.8/site-packages/vcnanoz_ros2
[2.685s] byte-compiling /home/vboxuser/ros2_ws/install/vcnanoz_ros2/lib/python3.8/site-packages/vcnanoz_ros2/vc_img_receiver.py to vc_img_receiver.cpython-38.pyc
[2.688s] running install_data
[2.689s] running install_egg_info
[2.691s] removing '/home/vboxuser/ros2_ws/install/vcnanoz_ros2/lib/python3.8/site-packages/vcnanoz_ros2-0.0.0-py3.8.egg-info' (and everything under it)
[2.696s] Copying ../../build/vcnanoz_ros2/vcnanoz_ros2.egg-info to /home/vboxuser/ros2_ws/install/vcnanoz_ros2/lib/python3.8/site-packages/vcnanoz_ros2-0.0.0-py3.8.egg-info
[2.697s] running install_scripts
[2.729s] Installing vc_img_receiver script to /home/vboxuser/ros2_ws/install/vcnanoz_ros2/lib/vcnanoz_ros2
[2.730s] writing list of installed files to '/home/vboxuser/ros2_ws/build/vcnanoz_ros2/install.log'
[2.829s] Invoked command in '/home/vboxuser/ros2_ws/src/vcnanoz_ros2' returned '0': PYTHONPATH=/home/vboxuser/ros2_ws/build/vcnanoz_ros2/prefix_override:/usr/lib/python3/dist-packages/colcon_core/task/python/colcon_distutils_commands:/home/vboxuser/ros2_ws/install/vcnanoz_ros2/lib/python3.8/site-packages:${PYTHONPATH} /usr/bin/python3 -W ignore:setup.py install is deprecated -W ignore:easy_install command is deprecated setup.py egg_info --egg-base ../../build/vcnanoz_ros2 build --build-base /home/vboxuser/ros2_ws/build/vcnanoz_ros2/build install --record /home/vboxuser/ros2_ws/build/vcnanoz_ros2/install.log --install-scripts $base/lib/vcnanoz_ros2 --single-version-externally-managed install_data
