[0.039s] Invoking command in '/home/mo/Thesis/build/kr_example_cpp': CMAKE_PREFIX_PATH=/home/mo/Thesis/install/kr_msgs:/home/mo/Thesis/install/kr_example_cpp:/home/mo/Thesis/install/action_interfaces:/home/mo/Thesis/install/vision:/home/mo/Thesis/install/vcnanoz:/home/mo/Thesis/install/sensopart_visor:/home/mo/Thesis/install/robot_control:/home/mo/Thesis/install/kr_example_python:/home/mo/Thesis/install/action_servers:/opt/ros/foxy PYTHONPATH=/home/mo/Thesis/install/kr_msgs/lib/python3.8/site-packages:/home/mo/Thesis/build/vision:/home/mo/Thesis/build/vcnanoz:/home/mo/Thesis/build/sensopart_visor:/home/mo/Thesis/build/robot_control:/home/mo/Thesis/build/kr_example_python:/home/mo/Thesis/build/action_servers:/home/mo/Thesis/install/vision/lib/python3.8/site-packages:/home/mo/Thesis/install/vcnanoz/lib/python3.8/site-packages:/home/mo/Thesis/install/sensopart_visor/lib/python3.8/site-packages:/home/mo/Thesis/install/robot_control/lib/python3.8/site-packages:/home/mo/Thesis/install/kr_example_python/lib/python3.8/site-packages:/home/mo/Thesis/install/action_servers/lib/python3.8/site-packages:/home/mo/Thesis/install/action_interfaces/lib/python3.8/site-packages:/opt/ros/foxy/lib/python3.8/site-packages /usr/bin/cmake --build /home/mo/Thesis/build/kr_example_cpp -- -j16 -l16
[0.102s] [ 40%] Built target self_motion
[0.102s] [ 40%] Built target follow_joint
[0.113s] [ 80%] Built target robot_state
[0.113s] [ 80%] Built target move_joint
[0.114s] [100%] Built target jog_linear
[0.312s] Invoked command in '/home/mo/Thesis/build/kr_example_cpp' returned '0': CMAKE_PREFIX_PATH=/home/mo/Thesis/install/kr_msgs:/home/mo/Thesis/install/kr_example_cpp:/home/mo/Thesis/install/action_interfaces:/home/mo/Thesis/install/vision:/home/mo/Thesis/install/vcnanoz:/home/mo/Thesis/install/sensopart_visor:/home/mo/Thesis/install/robot_control:/home/mo/Thesis/install/kr_example_python:/home/mo/Thesis/install/action_servers:/opt/ros/foxy PYTHONPATH=/home/mo/Thesis/install/kr_msgs/lib/python3.8/site-packages:/home/mo/Thesis/build/vision:/home/mo/Thesis/build/vcnanoz:/home/mo/Thesis/build/sensopart_visor:/home/mo/Thesis/build/robot_control:/home/mo/Thesis/build/kr_example_python:/home/mo/Thesis/build/action_servers:/home/mo/Thesis/install/vision/lib/python3.8/site-packages:/home/mo/Thesis/install/vcnanoz/lib/python3.8/site-packages:/home/mo/Thesis/install/sensopart_visor/lib/python3.8/site-packages:/home/mo/Thesis/install/robot_control/lib/python3.8/site-packages:/home/mo/Thesis/install/kr_example_python/lib/python3.8/site-packages:/home/mo/Thesis/install/action_servers/lib/python3.8/site-packages:/home/mo/Thesis/install/action_interfaces/lib/python3.8/site-packages:/opt/ros/foxy/lib/python3.8/site-packages /usr/bin/cmake --build /home/mo/Thesis/build/kr_example_cpp -- -j16 -l16
[0.319s] Invoking command in '/home/mo/Thesis/build/kr_example_cpp': CMAKE_PREFIX_PATH=/home/mo/Thesis/install/kr_msgs:/home/mo/Thesis/install/kr_example_cpp:/home/mo/Thesis/install/action_interfaces:/home/mo/Thesis/install/vision:/home/mo/Thesis/install/vcnanoz:/home/mo/Thesis/install/sensopart_visor:/home/mo/Thesis/install/robot_control:/home/mo/Thesis/install/kr_example_python:/home/mo/Thesis/install/action_servers:/opt/ros/foxy PYTHONPATH=/home/mo/Thesis/install/kr_msgs/lib/python3.8/site-packages:/home/mo/Thesis/build/vision:/home/mo/Thesis/build/vcnanoz:/home/mo/Thesis/build/sensopart_visor:/home/mo/Thesis/build/robot_control:/home/mo/Thesis/build/kr_example_python:/home/mo/Thesis/build/action_servers:/home/mo/Thesis/install/vision/lib/python3.8/site-packages:/home/mo/Thesis/install/vcnanoz/lib/python3.8/site-packages:/home/mo/Thesis/install/sensopart_visor/lib/python3.8/site-packages:/home/mo/Thesis/install/robot_control/lib/python3.8/site-packages:/home/mo/Thesis/install/kr_example_python/lib/python3.8/site-packages:/home/mo/Thesis/install/action_servers/lib/python3.8/site-packages:/home/mo/Thesis/install/action_interfaces/lib/python3.8/site-packages:/opt/ros/foxy/lib/python3.8/site-packages /usr/bin/cmake --install /home/mo/Thesis/build/kr_example_cpp
[0.328s] -- Install configuration: ""
[0.329s] -- Execute custom install script
[0.330s] -- Up-to-date symlink: /home/mo/Thesis/install/kr_example_cpp/lib/kr_example_cpp/robot_state
[0.330s] -- Up-to-date symlink: /home/mo/Thesis/install/kr_example_cpp/lib/kr_example_cpp/follow_joint
[0.330s] -- Up-to-date symlink: /home/mo/Thesis/install/kr_example_cpp/lib/kr_example_cpp/move_joint
[0.331s] -- Up-to-date symlink: /home/mo/Thesis/install/kr_example_cpp/lib/kr_example_cpp/jog_linear
[0.331s] -- Up-to-date symlink: /home/mo/Thesis/install/kr_example_cpp/lib/kr_example_cpp/self_motion
[0.331s] -- Up-to-date symlink: /home/mo/Thesis/install/kr_example_cpp/share/ament_index/resource_index/package_run_dependencies/kr_example_cpp
[0.331s] -- Up-to-date symlink: /home/mo/Thesis/install/kr_example_cpp/share/ament_index/resource_index/parent_prefix_path/kr_example_cpp
[0.332s] -- Up-to-date symlink: /home/mo/Thesis/install/kr_example_cpp/share/kr_example_cpp/environment/ament_prefix_path.sh
[0.332s] -- Up-to-date symlink: /home/mo/Thesis/install/kr_example_cpp/share/kr_example_cpp/environment/ament_prefix_path.dsv
[0.332s] -- Up-to-date symlink: /home/mo/Thesis/install/kr_example_cpp/share/kr_example_cpp/environment/path.sh
[0.333s] -- Up-to-date symlink: /home/mo/Thesis/install/kr_example_cpp/share/kr_example_cpp/environment/path.dsv
[0.333s] -- Up-to-date symlink: /home/mo/Thesis/install/kr_example_cpp/share/kr_example_cpp/local_setup.bash
[0.333s] -- Up-to-date symlink: /home/mo/Thesis/install/kr_example_cpp/share/kr_example_cpp/local_setup.sh
[0.333s] -- Up-to-date symlink: /home/mo/Thesis/install/kr_example_cpp/share/kr_example_cpp/local_setup.zsh
[0.334s] -- Up-to-date symlink: /home/mo/Thesis/install/kr_example_cpp/share/kr_example_cpp/local_setup.dsv
[0.334s] -- Symlinking: /home/mo/Thesis/install/kr_example_cpp/share/kr_example_cpp/package.dsv
[0.347s] -- Up-to-date symlink: /home/mo/Thesis/install/kr_example_cpp/share/ament_index/resource_index/packages/kr_example_cpp
[0.348s] -- Up-to-date symlink: /home/mo/Thesis/install/kr_example_cpp/share/kr_example_cpp/cmake/kr_example_cppConfig.cmake
[0.348s] -- Up-to-date symlink: /home/mo/Thesis/install/kr_example_cpp/share/kr_example_cpp/cmake/kr_example_cppConfig-version.cmake
[0.348s] -- Up-to-date symlink: /home/mo/Thesis/install/kr_example_cpp/share/kr_example_cpp/package.xml
[0.361s] Invoked command in '/home/mo/Thesis/build/kr_example_cpp' returned '0': CMAKE_PREFIX_PATH=/home/mo/Thesis/install/kr_msgs:/home/mo/Thesis/install/kr_example_cpp:/home/mo/Thesis/install/action_interfaces:/home/mo/Thesis/install/vision:/home/mo/Thesis/install/vcnanoz:/home/mo/Thesis/install/sensopart_visor:/home/mo/Thesis/install/robot_control:/home/mo/Thesis/install/kr_example_python:/home/mo/Thesis/install/action_servers:/opt/ros/foxy PYTHONPATH=/home/mo/Thesis/install/kr_msgs/lib/python3.8/site-packages:/home/mo/Thesis/build/vision:/home/mo/Thesis/build/vcnanoz:/home/mo/Thesis/build/sensopart_visor:/home/mo/Thesis/build/robot_control:/home/mo/Thesis/build/kr_example_python:/home/mo/Thesis/build/action_servers:/home/mo/Thesis/install/vision/lib/python3.8/site-packages:/home/mo/Thesis/install/vcnanoz/lib/python3.8/site-packages:/home/mo/Thesis/install/sensopart_visor/lib/python3.8/site-packages:/home/mo/Thesis/install/robot_control/lib/python3.8/site-packages:/home/mo/Thesis/install/kr_example_python/lib/python3.8/site-packages:/home/mo/Thesis/install/action_servers/lib/python3.8/site-packages:/home/mo/Thesis/install/action_interfaces/lib/python3.8/site-packages:/opt/ros/foxy/lib/python3.8/site-packages /usr/bin/cmake --install /home/mo/Thesis/build/kr_example_cpp
