[1.873s] Invoking command in '/home/mo/Thesis/src/vision': PYTHONPATH=/home/mo/Thesis/build/vision/prefix_override:/usr/lib/python3/dist-packages/colcon_core/task/python/colcon_distutils_commands:/home/mo/Thesis/install/vision/lib/python3.8/site-packages:${PYTHONPATH} /usr/bin/python3 -W ignore:setup.py install is deprecated -W ignore:easy_install command is deprecated setup.py egg_info --egg-base ../../build/vision build --build-base /home/mo/Thesis/build/vision/build install --record /home/mo/Thesis/build/vision/install.log --install-scripts $base/lib/vision --single-version-externally-managed install_data
[2.154s] running egg_info
[2.155s] writing ../../build/vision/vision.egg-info/PKG-INFO
[2.155s] writing dependency_links to ../../build/vision/vision.egg-info/dependency_links.txt
[2.155s] writing entry points to ../../build/vision/vision.egg-info/entry_points.txt
[2.156s] writing requirements to ../../build/vision/vision.egg-info/requires.txt
[2.156s] writing top-level names to ../../build/vision/vision.egg-info/top_level.txt
[2.187s] reading manifest file '../../build/vision/vision.egg-info/SOURCES.txt'
[2.188s] writing manifest file '../../build/vision/vision.egg-info/SOURCES.txt'
[2.188s] running build
[2.188s] running build_py
[2.188s] running install
[2.189s] running install_lib
[2.192s] running install_data
[2.192s] running install_egg_info
[2.195s] removing '/home/mo/Thesis/install/vision/lib/python3.8/site-packages/vision-0.0.0-py3.8.egg-info' (and everything under it)
[2.197s] Copying ../../build/vision/vision.egg-info to /home/mo/Thesis/install/vision/lib/python3.8/site-packages/vision-0.0.0-py3.8.egg-info
[2.207s] running install_scripts
[2.252s] Installing calibration script to /home/mo/Thesis/install/vision/lib/vision
[2.252s] Installing hook_detector script to /home/mo/Thesis/install/vision/lib/vision
[2.252s] Installing image_filters script to /home/mo/Thesis/install/vision/lib/vision
[2.253s] Installing image_receiver script to /home/mo/Thesis/install/vision/lib/vision
[2.253s] Installing lucas_kanade_tracking script to /home/mo/Thesis/install/vision/lib/vision
[2.253s] Installing maskrcnn_inference script to /home/mo/Thesis/install/vision/lib/vision
[2.253s] Installing nn_output_processor script to /home/mo/Thesis/install/vision/lib/vision
[2.253s] Installing point_finder_2d script to /home/mo/Thesis/install/vision/lib/vision
[2.253s] Installing point_finder_3d script to /home/mo/Thesis/install/vision/lib/vision
[2.253s] Installing stereo_triangulation script to /home/mo/Thesis/install/vision/lib/vision
[2.254s] Installing stereo_triangulation_with_robot script to /home/mo/Thesis/install/vision/lib/vision
[2.254s] Installing test_node script to /home/mo/Thesis/install/vision/lib/vision
[2.254s] Installing yolov8_inference script to /home/mo/Thesis/install/vision/lib/vision
[2.255s] writing list of installed files to '/home/mo/Thesis/build/vision/install.log'
[2.299s] Invoked command in '/home/mo/Thesis/src/vision' returned '0': PYTHONPATH=/home/mo/Thesis/build/vision/prefix_override:/usr/lib/python3/dist-packages/colcon_core/task/python/colcon_distutils_commands:/home/mo/Thesis/install/vision/lib/python3.8/site-packages:${PYTHONPATH} /usr/bin/python3 -W ignore:setup.py install is deprecated -W ignore:easy_install command is deprecated setup.py egg_info --egg-base ../../build/vision build --build-base /home/mo/Thesis/build/vision/build install --record /home/mo/Thesis/build/vision/install.log --install-scripts $base/lib/vision --single-version-externally-managed install_data
