[1.452s] Invoking command in '/home/vboxuser/ros2_ws/src/robot_control': PYTHONPATH=/home/vboxuser/ros2_ws/build/robot_control/prefix_override:/usr/lib/python3/dist-packages/colcon_core/task/python/colcon_distutils_commands:/home/vboxuser/ros2_ws/install/robot_control/lib/python3.8/site-packages:${PYTHONPATH} /usr/bin/python3 -W ignore:setup.py install is deprecated setup.py egg_info --egg-base ../../build/robot_control build --build-base /home/vboxuser/ros2_ws/build/robot_control/build install --record /home/vboxuser/ros2_ws/build/robot_control/install.log --install-scripts $base/lib/robot_control --single-version-externally-managed install_data
[1.719s] running egg_info
[1.721s] writing ../../build/robot_control/robot_control.egg-info/PKG-INFO
[1.721s] writing dependency_links to ../../build/robot_control/robot_control.egg-info/dependency_links.txt
[1.722s] writing entry points to ../../build/robot_control/robot_control.egg-info/entry_points.txt
[1.723s] writing requirements to ../../build/robot_control/robot_control.egg-info/requires.txt
[1.723s] writing top-level names to ../../build/robot_control/robot_control.egg-info/top_level.txt
[1.757s] reading manifest file '../../build/robot_control/robot_control.egg-info/SOURCES.txt'
[1.758s] writing manifest file '../../build/robot_control/robot_control.egg-info/SOURCES.txt'
[1.758s] running build
[1.758s] running build_py
[1.759s] copying robot_control/move_tcp_along_axis_action_client.py -> /home/vboxuser/ros2_ws/build/robot_control/build/lib/robot_control
[1.759s] copying robot_control/move_tcp_along_axis_action_server.py -> /home/vboxuser/ros2_ws/build/robot_control/build/lib/robot_control
[1.760s] running install
[1.761s] running install_lib
[1.762s] copying /home/vboxuser/ros2_ws/build/robot_control/build/lib/robot_control/move_tcp_along_axis_action_client.py -> /home/vboxuser/ros2_ws/install/robot_control/lib/python3.8/site-packages/robot_control
[1.763s] copying /home/vboxuser/ros2_ws/build/robot_control/build/lib/robot_control/move_tcp_along_axis_action_server.py -> /home/vboxuser/ros2_ws/install/robot_control/lib/python3.8/site-packages/robot_control
[1.764s] byte-compiling /home/vboxuser/ros2_ws/install/robot_control/lib/python3.8/site-packages/robot_control/move_tcp_along_axis_action_client.py to move_tcp_along_axis_action_client.cpython-38.pyc
[1.766s] byte-compiling /home/vboxuser/ros2_ws/install/robot_control/lib/python3.8/site-packages/robot_control/move_tcp_along_axis_action_server.py to move_tcp_along_axis_action_server.cpython-38.pyc
[1.768s] running install_data
[1.768s] copying package.xml -> /home/vboxuser/ros2_ws/install/robot_control/share/robot_control
[1.769s] running install_egg_info
[1.771s] removing '/home/vboxuser/ros2_ws/install/robot_control/lib/python3.8/site-packages/robot_control-0.0.0-py3.8.egg-info' (and everything under it)
[1.784s] Copying ../../build/robot_control/robot_control.egg-info to /home/vboxuser/ros2_ws/install/robot_control/lib/python3.8/site-packages/robot_control-0.0.0-py3.8.egg-info
[1.786s] running install_scripts
[1.797s] Installing hello_node script to /home/vboxuser/ros2_ws/install/robot_control/lib/robot_control
[1.797s] Installing move_lin_by_key script to /home/vboxuser/ros2_ws/install/robot_control/lib/robot_control
[1.797s] Installing move_tcp_along_axis_action_client script to /home/vboxuser/ros2_ws/install/robot_control/lib/robot_control
[1.798s] Installing move_tcp_along_axis_action_server script to /home/vboxuser/ros2_ws/install/robot_control/lib/robot_control
[1.798s] Installing print_frames script to /home/vboxuser/ros2_ws/install/robot_control/lib/robot_control
[1.798s] Installing print_tcp_pose script to /home/vboxuser/ros2_ws/install/robot_control/lib/robot_control
[1.799s] Installing read_transformation_delta script to /home/vboxuser/ros2_ws/install/robot_control/lib/robot_control
[1.799s] Installing read_transformation_snapshot script to /home/vboxuser/ros2_ws/install/robot_control/lib/robot_control
[1.799s] Installing set_frame_client script to /home/vboxuser/ros2_ws/install/robot_control/lib/robot_control
[1.800s] Installing transformation_delta script to /home/vboxuser/ros2_ws/install/robot_control/lib/robot_control
[1.800s] Installing transformation_snapshot script to /home/vboxuser/ros2_ws/install/robot_control/lib/robot_control
[1.801s] writing list of installed files to '/home/vboxuser/ros2_ws/build/robot_control/install.log'
[1.832s] Invoked command in '/home/vboxuser/ros2_ws/src/robot_control' returned '0': PYTHONPATH=/home/vboxuser/ros2_ws/build/robot_control/prefix_override:/usr/lib/python3/dist-packages/colcon_core/task/python/colcon_distutils_commands:/home/vboxuser/ros2_ws/install/robot_control/lib/python3.8/site-packages:${PYTHONPATH} /usr/bin/python3 -W ignore:setup.py install is deprecated setup.py egg_info --egg-base ../../build/robot_control build --build-base /home/vboxuser/ros2_ws/build/robot_control/build install --record /home/vboxuser/ros2_ws/build/robot_control/install.log --install-scripts $base/lib/robot_control --single-version-externally-managed install_data
