running egg_info
writing ../../build/action_servers/action_servers.egg-info/PKG-INFO
writing dependency_links to ../../build/action_servers/action_servers.egg-info/dependency_links.txt
writing entry points to ../../build/action_servers/action_servers.egg-info/entry_points.txt
writing requirements to ../../build/action_servers/action_servers.egg-info/requires.txt
writing top-level names to ../../build/action_servers/action_servers.egg-info/top_level.txt
reading manifest file '../../build/action_servers/action_servers.egg-info/SOURCES.txt'
writing manifest file '../../build/action_servers/action_servers.egg-info/SOURCES.txt'
running build
running build_py
copying action_servers/MoveTcpAlongAxis_action_server.py -> /home/mo/Thesis/build/action_servers/build/lib/action_servers
copying action_servers/fibonacci_action_server.py -> /home/mo/Thesis/build/action_servers/build/lib/action_servers
copying action_servers/__init__.py -> /home/mo/Thesis/build/action_servers/build/lib/action_servers
running install
running install_lib
running install_data
running install_egg_info
removing '/home/mo/Thesis/install/action_servers/lib/python3.8/site-packages/action_servers-0.0.0-py3.8.egg-info' (and everything under it)
Copying ../../build/action_servers/action_servers.egg-info to /home/mo/Thesis/install/action_servers/lib/python3.8/site-packages/action_servers-0.0.0-py3.8.egg-info
running install_scripts
Installing MoveTcpAlongAxis_action_server script to /home/mo/Thesis/install/action_servers/lib/action_servers
Installing fibonacci_action_server script to /home/mo/Thesis/install/action_servers/lib/action_servers
writing list of installed files to '/home/mo/Thesis/build/action_servers/install.log'
