[0.798s] Invoking command in '/home/vboxuser/ros2_ws/build/kr_example_python': CMAKE_PREFIX_PATH=/home/vboxuser/ros2_ws/install/kr_msgs:/home/vboxuser/ros2_ws/install/kr_example_cpp:/home/vboxuser/ros2_ws/install/realsense2_description:/home/vboxuser/ros2_ws/install/realsense2_camera:/home/vboxuser/ros2_ws/install/realsense2_camera_msgs:/home/vboxuser/install/kr_example_cpp:/home/vboxuser/install/kr_msgs PYTHONPATH=/home/vboxuser/ros2_ws/build/kr_example_python/prefix_override:/usr/lib/python3/dist-packages/colcon_core/task/python/colcon_distutils_commands:/home/vboxuser/ros2_ws/install/kr_example_python/lib/python3.8/site-packages:/home/vboxuser/ros2_ws/install/kr_msgs/lib/python3.8/site-packages:/home/vboxuser/ros2_ws/build/vision:/home/vboxuser/ros2_ws/install/vision/lib/python3.8/site-packages:/home/vboxuser/ros2_ws/build/kr_example_python:/home/vboxuser/ros2_ws/install/kr_example_python/lib/python3.8/site-packages:/home/vboxuser/ros2_ws/install/realsense2_camera_msgs/lib/python3.8/site-packages:/home/vboxuser/install/kr_example_python/lib/python3.8/site-packages:/home/vboxuser/install/kr_msgs/lib/python3.8/site-packages:/opt/ros/foxy/lib/python3.8/site-packages /usr/bin/python3 -W ignore:setup.py install is deprecated setup.py develop --editable --build-directory /home/vboxuser/ros2_ws/build/kr_example_python/build --no-deps symlink_data
[1.046s] running develop
[1.184s] running egg_info
[1.185s] writing kr_example_python.egg-info/PKG-INFO
[1.189s] writing dependency_links to kr_example_python.egg-info/dependency_links.txt
[1.189s] writing entry points to kr_example_python.egg-info/entry_points.txt
[1.190s] writing requirements to kr_example_python.egg-info/requires.txt
[1.190s] writing top-level names to kr_example_python.egg-info/top_level.txt
[1.216s] reading manifest file 'kr_example_python.egg-info/SOURCES.txt'
[1.217s] writing manifest file 'kr_example_python.egg-info/SOURCES.txt'
[1.256s] running build_ext
[1.257s] Creating /home/vboxuser/ros2_ws/install/kr_example_python/lib/python3.8/site-packages/kr-example-python.egg-link (link to .)
[1.258s] Installing follow_joint script to /home/vboxuser/ros2_ws/install/kr_example_python/lib/kr_example_python
[1.259s] Installing jog_linear script to /home/vboxuser/ros2_ws/install/kr_example_python/lib/kr_example_python
[1.259s] Installing move_joint script to /home/vboxuser/ros2_ws/install/kr_example_python/lib/kr_example_python
[1.259s] Installing robot_state script to /home/vboxuser/ros2_ws/install/kr_example_python/lib/kr_example_python
[1.259s] Installing self_motion script to /home/vboxuser/ros2_ws/install/kr_example_python/lib/kr_example_python
[1.259s] 
[1.259s] Installed /home/vboxuser/ros2_ws/build/kr_example_python
[1.259s] running symlink_data
[1.299s] Invoked command in '/home/vboxuser/ros2_ws/build/kr_example_python' returned '0': CMAKE_PREFIX_PATH=/home/vboxuser/ros2_ws/install/kr_msgs:/home/vboxuser/ros2_ws/install/kr_example_cpp:/home/vboxuser/ros2_ws/install/realsense2_description:/home/vboxuser/ros2_ws/install/realsense2_camera:/home/vboxuser/ros2_ws/install/realsense2_camera_msgs:/home/vboxuser/install/kr_example_cpp:/home/vboxuser/install/kr_msgs PYTHONPATH=/home/vboxuser/ros2_ws/build/kr_example_python/prefix_override:/usr/lib/python3/dist-packages/colcon_core/task/python/colcon_distutils_commands:/home/vboxuser/ros2_ws/install/kr_example_python/lib/python3.8/site-packages:/home/vboxuser/ros2_ws/install/kr_msgs/lib/python3.8/site-packages:/home/vboxuser/ros2_ws/build/vision:/home/vboxuser/ros2_ws/install/vision/lib/python3.8/site-packages:/home/vboxuser/ros2_ws/build/kr_example_python:/home/vboxuser/ros2_ws/install/kr_example_python/lib/python3.8/site-packages:/home/vboxuser/ros2_ws/install/realsense2_camera_msgs/lib/python3.8/site-packages:/home/vboxuser/install/kr_example_python/lib/python3.8/site-packages:/home/vboxuser/install/kr_msgs/lib/python3.8/site-packages:/opt/ros/foxy/lib/python3.8/site-packages /usr/bin/python3 -W ignore:setup.py install is deprecated setup.py develop --editable --build-directory /home/vboxuser/ros2_ws/build/kr_example_python/build --no-deps symlink_data
