[0.077s] Invoking command in '/home/vboxuser/ros2_ws/build/action_tutorials_interfaces': CMAKE_PREFIX_PATH=/opt/ros/foxy /usr/bin/cmake --build /home/vboxuser/ros2_ws/build/action_tutorials_interfaces -- -j8 -l8
[0.858s] [  3%] Built target action_tutorials_interfaces__cpp
[0.858s] [ 12%] Built target action_tutorials_interfaces__rosidl_generator_c
[0.858s] [ 22%] Built target action_tutorials_interfaces__rosidl_typesupport_fastrtps_cpp
[0.858s] [ 32%] Built target action_tutorials_interfaces__rosidl_typesupport_introspection_cpp
[0.858s] [ 45%] Built target action_tutorials_interfaces__rosidl_typesupport_cpp
[0.858s] [ 51%] Built target action_tutorials_interfaces__rosidl_typesupport_introspection_c
[0.858s] [ 61%] Built target action_tutorials_interfaces__rosidl_typesupport_c
[0.858s] [ 70%] Built target action_tutorials_interfaces__rosidl_typesupport_fastrtps_c
[0.859s] [ 70%] Built target action_tutorials_interfaces
[0.859s] [ 74%] Built target action_tutorials_interfaces__py
[0.859s] [ 80%] Built target action_tutorials_interfaces__python
[0.859s] [ 90%] Built target action_tutorials_interfaces__rosidl_typesupport_introspection_c__pyext
[0.859s] [ 93%] Built target action_tutorials_interfaces__rosidl_typesupport_fastrtps_c__pyext
[0.859s] [100%] Built target action_tutorials_interfaces__rosidl_typesupport_c__pyext
[0.860s] Invoked command in '/home/vboxuser/ros2_ws/build/action_tutorials_interfaces' returned '0': CMAKE_PREFIX_PATH=/opt/ros/foxy /usr/bin/cmake --build /home/vboxuser/ros2_ws/build/action_tutorials_interfaces -- -j8 -l8
[0.985s] Invoking command in '/home/vboxuser/ros2_ws/build/action_tutorials_interfaces': CMAKE_PREFIX_PATH=/opt/ros/foxy /usr/bin/cmake --install /home/vboxuser/ros2_ws/build/action_tutorials_interfaces
[1.001s] -- Install configuration: ""
[1.002s] -- Up-to-date: /home/vboxuser/ros2_ws/install/action_tutorials_interfaces/share/ament_index/resource_index/rosidl_interfaces/action_tutorials_interfaces
[1.003s] -- Up-to-date: /home/vboxuser/ros2_ws/install/action_tutorials_interfaces/include/action_tutorials_interfaces
[1.004s] -- Up-to-date: /home/vboxuser/ros2_ws/install/action_tutorials_interfaces/include/action_tutorials_interfaces/action
[1.008s] -- Up-to-date: /home/vboxuser/ros2_ws/install/action_tutorials_interfaces/include/action_tutorials_interfaces/action/detail
[1.008s] -- Up-to-date: /home/vboxuser/ros2_ws/install/action_tutorials_interfaces/include/action_tutorials_interfaces/action/detail/fibonacci__functions.h
[1.009s] -- Up-to-date: /home/vboxuser/ros2_ws/install/action_tutorials_interfaces/include/action_tutorials_interfaces/action/detail/fibonacci__functions.c
[1.010s] -- Up-to-date: /home/vboxuser/ros2_ws/install/action_tutorials_interfaces/include/action_tutorials_interfaces/action/detail/fibonacci__struct.h
[1.011s] -- Up-to-date: /home/vboxuser/ros2_ws/install/action_tutorials_interfaces/include/action_tutorials_interfaces/action/detail/fibonacci__type_support.h
[1.013s] -- Up-to-date: /home/vboxuser/ros2_ws/install/action_tutorials_interfaces/include/action_tutorials_interfaces/action/fibonacci.h
[1.015s] -- Up-to-date: /home/vboxuser/ros2_ws/install/action_tutorials_interfaces/include/action_tutorials_interfaces/msg
[1.018s] -- Up-to-date: /home/vboxuser/ros2_ws/install/action_tutorials_interfaces/include/action_tutorials_interfaces/msg/rosidl_generator_c__visibility_control.h
[1.018s] -- Up-to-date: /home/vboxuser/ros2_ws/install/action_tutorials_interfaces/share/action_tutorials_interfaces/environment/library_path.sh
[1.019s] -- Up-to-date: /home/vboxuser/ros2_ws/install/action_tutorials_interfaces/share/action_tutorials_interfaces/environment/library_path.dsv
[1.019s] -- Up-to-date: /home/vboxuser/ros2_ws/install/action_tutorials_interfaces/lib/libaction_tutorials_interfaces__rosidl_generator_c.so
[1.020s] -- Up-to-date: /home/vboxuser/ros2_ws/install/action_tutorials_interfaces/include/action_tutorials_interfaces
[1.020s] -- Up-to-date: /home/vboxuser/ros2_ws/install/action_tutorials_interfaces/include/action_tutorials_interfaces/action
[1.020s] -- Up-to-date: /home/vboxuser/ros2_ws/install/action_tutorials_interfaces/include/action_tutorials_interfaces/action/detail
[1.021s] -- Up-to-date: /home/vboxuser/ros2_ws/install/action_tutorials_interfaces/include/action_tutorials_interfaces/action/detail/fibonacci__rosidl_typesupport_fastrtps_c.h
[1.021s] -- Up-to-date: /home/vboxuser/ros2_ws/install/action_tutorials_interfaces/include/action_tutorials_interfaces/msg
[1.022s] -- Up-to-date: /home/vboxuser/ros2_ws/install/action_tutorials_interfaces/include/action_tutorials_interfaces/msg/rosidl_typesupport_fastrtps_c__visibility_control.h
[1.022s] -- Up-to-date: /home/vboxuser/ros2_ws/install/action_tutorials_interfaces/lib/libaction_tutorials_interfaces__rosidl_typesupport_fastrtps_c.so
[1.023s] -- Up-to-date: /home/vboxuser/ros2_ws/install/action_tutorials_interfaces/include/action_tutorials_interfaces
[1.024s] -- Up-to-date: /home/vboxuser/ros2_ws/install/action_tutorials_interfaces/include/action_tutorials_interfaces/action
[1.024s] -- Up-to-date: /home/vboxuser/ros2_ws/install/action_tutorials_interfaces/include/action_tutorials_interfaces/action/detail
[1.025s] -- Up-to-date: /home/vboxuser/ros2_ws/install/action_tutorials_interfaces/include/action_tutorials_interfaces/action/detail/fibonacci__rosidl_typesupport_fastrtps_cpp.hpp
[1.026s] -- Up-to-date: /home/vboxuser/ros2_ws/install/action_tutorials_interfaces/include/action_tutorials_interfaces/action/detail/dds_fastrtps
[1.039s] -- Up-to-date: /home/vboxuser/ros2_ws/install/action_tutorials_interfaces/include/action_tutorials_interfaces/msg
[1.039s] -- Up-to-date: /home/vboxuser/ros2_ws/install/action_tutorials_interfaces/include/action_tutorials_interfaces/msg/rosidl_typesupport_fastrtps_cpp__visibility_control.h
[1.040s] -- Up-to-date: /home/vboxuser/ros2_ws/install/action_tutorials_interfaces/lib/libaction_tutorials_interfaces__rosidl_typesupport_fastrtps_cpp.so
[1.040s] -- Up-to-date: /home/vboxuser/ros2_ws/install/action_tutorials_interfaces/include/action_tutorials_interfaces
[1.040s] -- Up-to-date: /home/vboxuser/ros2_ws/install/action_tutorials_interfaces/include/action_tutorials_interfaces/action
[1.040s] -- Up-to-date: /home/vboxuser/ros2_ws/install/action_tutorials_interfaces/include/action_tutorials_interfaces/action/detail
[1.040s] -- Up-to-date: /home/vboxuser/ros2_ws/install/action_tutorials_interfaces/include/action_tutorials_interfaces/action/detail/fibonacci__type_support.c
[1.040s] -- Up-to-date: /home/vboxuser/ros2_ws/install/action_tutorials_interfaces/include/action_tutorials_interfaces/action/detail/fibonacci__rosidl_typesupport_introspection_c.h
[1.040s] -- Up-to-date: /home/vboxuser/ros2_ws/install/action_tutorials_interfaces/include/action_tutorials_interfaces/msg
[1.040s] -- Up-to-date: /home/vboxuser/ros2_ws/install/action_tutorials_interfaces/include/action_tutorials_interfaces/msg/rosidl_typesupport_introspection_c__visibility_control.h
[1.040s] -- Up-to-date: /home/vboxuser/ros2_ws/install/action_tutorials_interfaces/lib/libaction_tutorials_interfaces__rosidl_typesupport_introspection_c.so
[1.040s] -- Up-to-date: /home/vboxuser/ros2_ws/install/action_tutorials_interfaces/lib/libaction_tutorials_interfaces__rosidl_typesupport_c.so
[1.040s] -- Up-to-date: /home/vboxuser/ros2_ws/install/action_tutorials_interfaces/include/action_tutorials_interfaces
[1.040s] -- Up-to-date: /home/vboxuser/ros2_ws/install/action_tutorials_interfaces/include/action_tutorials_interfaces/action
[1.040s] -- Up-to-date: /home/vboxuser/ros2_ws/install/action_tutorials_interfaces/include/action_tutorials_interfaces/action/fibonacci.hpp
[1.040s] -- Up-to-date: /home/vboxuser/ros2_ws/install/action_tutorials_interfaces/include/action_tutorials_interfaces/action/detail
[1.040s] -- Up-to-date: /home/vboxuser/ros2_ws/install/action_tutorials_interfaces/include/action_tutorials_interfaces/action/detail/fibonacci__traits.hpp
[1.040s] -- Up-to-date: /home/vboxuser/ros2_ws/install/action_tutorials_interfaces/include/action_tutorials_interfaces/action/detail/fibonacci__builder.hpp
[1.041s] -- Up-to-date: /home/vboxuser/ros2_ws/install/action_tutorials_interfaces/include/action_tutorials_interfaces/action/detail/fibonacci__type_support.hpp
[1.041s] -- Up-to-date: /home/vboxuser/ros2_ws/install/action_tutorials_interfaces/include/action_tutorials_interfaces/action/detail/fibonacci__struct.hpp
[1.041s] -- Up-to-date: /home/vboxuser/ros2_ws/install/action_tutorials_interfaces/include/action_tutorials_interfaces/msg
[1.041s] -- Up-to-date: /home/vboxuser/ros2_ws/install/action_tutorials_interfaces/include/action_tutorials_interfaces/msg/rosidl_generator_cpp__visibility_control.hpp
[1.041s] -- Up-to-date: /home/vboxuser/ros2_ws/install/action_tutorials_interfaces/include/action_tutorials_interfaces
[1.042s] -- Up-to-date: /home/vboxuser/ros2_ws/install/action_tutorials_interfaces/include/action_tutorials_interfaces/action
[1.042s] -- Up-to-date: /home/vboxuser/ros2_ws/install/action_tutorials_interfaces/include/action_tutorials_interfaces/action/detail
[1.042s] -- Up-to-date: /home/vboxuser/ros2_ws/install/action_tutorials_interfaces/include/action_tutorials_interfaces/action/detail/fibonacci__rosidl_typesupport_introspection_cpp.hpp
[1.042s] -- Up-to-date: /home/vboxuser/ros2_ws/install/action_tutorials_interfaces/include/action_tutorials_interfaces/action/detail/fibonacci__type_support.cpp
[1.042s] -- Up-to-date: /home/vboxuser/ros2_ws/install/action_tutorials_interfaces/lib/libaction_tutorials_interfaces__rosidl_typesupport_introspection_cpp.so
[1.042s] -- Up-to-date: /home/vboxuser/ros2_ws/install/action_tutorials_interfaces/lib/libaction_tutorials_interfaces__rosidl_typesupport_cpp.so
[1.042s] -- Up-to-date: /home/vboxuser/ros2_ws/install/action_tutorials_interfaces/share/action_tutorials_interfaces/environment/pythonpath.sh
[1.042s] -- Up-to-date: /home/vboxuser/ros2_ws/install/action_tutorials_interfaces/share/action_tutorials_interfaces/environment/pythonpath.dsv
[1.042s] -- Up-to-date: /home/vboxuser/ros2_ws/install/action_tutorials_interfaces/lib/python3.8/site-packages/action_tutorials_interfaces/__init__.py
[1.051s] -- Up-to-date: /home/vboxuser/ros2_ws/install/action_tutorials_interfaces/lib/python3.8/site-packages/action_tutorials_interfaces/action
[1.051s] -- Up-to-date: /home/vboxuser/ros2_ws/install/action_tutorials_interfaces/lib/python3.8/site-packages/action_tutorials_interfaces/action/_fibonacci.py
[1.051s] -- Up-to-date: /home/vboxuser/ros2_ws/install/action_tutorials_interfaces/lib/python3.8/site-packages/action_tutorials_interfaces/action/_fibonacci_s.c
[1.051s] -- Up-to-date: /home/vboxuser/ros2_ws/install/action_tutorials_interfaces/lib/python3.8/site-packages/action_tutorials_interfaces/action/__init__.py
[1.051s] -- Up-to-date: /home/vboxuser/ros2_ws/install/action_tutorials_interfaces/lib/python3.8/site-packages/action_tutorials_interfaces/action_tutorials_interfaces_s__rosidl_typesupport_fastrtps_c.cpython-38-x86_64-linux-gnu.so
[1.051s] -- Up-to-date: /home/vboxuser/ros2_ws/install/action_tutorials_interfaces/lib/python3.8/site-packages/action_tutorials_interfaces/action_tutorials_interfaces_s__rosidl_typesupport_introspection_c.cpython-38-x86_64-linux-gnu.so
[1.051s] -- Up-to-date: /home/vboxuser/ros2_ws/install/action_tutorials_interfaces/lib/python3.8/site-packages/action_tutorials_interfaces/action_tutorials_interfaces_s__rosidl_typesupport_c.cpython-38-x86_64-linux-gnu.so
[1.051s] -- Up-to-date: /home/vboxuser/ros2_ws/install/action_tutorials_interfaces/lib/libaction_tutorials_interfaces__python.so
[1.051s] -- Up-to-date: /home/vboxuser/ros2_ws/install/action_tutorials_interfaces/share/action_tutorials_interfaces/action/Fibonacci.idl
[1.052s] -- Up-to-date: /home/vboxuser/ros2_ws/install/action_tutorials_interfaces/share/action_tutorials_interfaces/action/Fibonacci.action
[1.052s] -- Up-to-date: /home/vboxuser/ros2_ws/install/action_tutorials_interfaces/share/ament_index/resource_index/package_run_dependencies/action_tutorials_interfaces
[1.052s] -- Up-to-date: /home/vboxuser/ros2_ws/install/action_tutorials_interfaces/share/ament_index/resource_index/parent_prefix_path/action_tutorials_interfaces
[1.052s] -- Up-to-date: /home/vboxuser/ros2_ws/install/action_tutorials_interfaces/share/action_tutorials_interfaces/environment/ament_prefix_path.sh
[1.052s] -- Up-to-date: /home/vboxuser/ros2_ws/install/action_tutorials_interfaces/share/action_tutorials_interfaces/environment/ament_prefix_path.dsv
[1.052s] -- Up-to-date: /home/vboxuser/ros2_ws/install/action_tutorials_interfaces/share/action_tutorials_interfaces/environment/path.sh
[1.052s] -- Up-to-date: /home/vboxuser/ros2_ws/install/action_tutorials_interfaces/share/action_tutorials_interfaces/environment/path.dsv
[1.052s] -- Up-to-date: /home/vboxuser/ros2_ws/install/action_tutorials_interfaces/share/action_tutorials_interfaces/local_setup.bash
[1.052s] -- Up-to-date: /home/vboxuser/ros2_ws/install/action_tutorials_interfaces/share/action_tutorials_interfaces/local_setup.sh
[1.052s] -- Up-to-date: /home/vboxuser/ros2_ws/install/action_tutorials_interfaces/share/action_tutorials_interfaces/local_setup.zsh
[1.052s] -- Up-to-date: /home/vboxuser/ros2_ws/install/action_tutorials_interfaces/share/action_tutorials_interfaces/local_setup.dsv
[1.052s] -- Installing: /home/vboxuser/ros2_ws/install/action_tutorials_interfaces/share/action_tutorials_interfaces/package.dsv
[1.052s] -- Up-to-date: /home/vboxuser/ros2_ws/install/action_tutorials_interfaces/share/ament_index/resource_index/packages/action_tutorials_interfaces
[1.052s] -- Up-to-date: /home/vboxuser/ros2_ws/install/action_tutorials_interfaces/share/action_tutorials_interfaces/cmake/action_tutorials_interfaces__rosidl_generator_cExport.cmake
[1.052s] -- Up-to-date: /home/vboxuser/ros2_ws/install/action_tutorials_interfaces/share/action_tutorials_interfaces/cmake/action_tutorials_interfaces__rosidl_generator_cExport-noconfig.cmake
[1.052s] -- Up-to-date: /home/vboxuser/ros2_ws/install/action_tutorials_interfaces/share/action_tutorials_interfaces/cmake/action_tutorials_interfaces__rosidl_typesupport_introspection_cExport.cmake
[1.052s] -- Up-to-date: /home/vboxuser/ros2_ws/install/action_tutorials_interfaces/share/action_tutorials_interfaces/cmake/action_tutorials_interfaces__rosidl_typesupport_introspection_cExport-noconfig.cmake
[1.053s] -- Up-to-date: /home/vboxuser/ros2_ws/install/action_tutorials_interfaces/share/action_tutorials_interfaces/cmake/action_tutorials_interfaces__rosidl_typesupport_cExport.cmake
[1.053s] -- Up-to-date: /home/vboxuser/ros2_ws/install/action_tutorials_interfaces/share/action_tutorials_interfaces/cmake/action_tutorials_interfaces__rosidl_typesupport_cExport-noconfig.cmake
[1.053s] -- Up-to-date: /home/vboxuser/ros2_ws/install/action_tutorials_interfaces/share/action_tutorials_interfaces/cmake/action_tutorials_interfaces__rosidl_generator_cppExport.cmake
[1.053s] -- Up-to-date: /home/vboxuser/ros2_ws/install/action_tutorials_interfaces/share/action_tutorials_interfaces/cmake/action_tutorials_interfaces__rosidl_typesupport_introspection_cppExport.cmake
[1.053s] -- Up-to-date: /home/vboxuser/ros2_ws/install/action_tutorials_interfaces/share/action_tutorials_interfaces/cmake/action_tutorials_interfaces__rosidl_typesupport_introspection_cppExport-noconfig.cmake
[1.053s] -- Up-to-date: /home/vboxuser/ros2_ws/install/action_tutorials_interfaces/share/action_tutorials_interfaces/cmake/action_tutorials_interfaces__rosidl_typesupport_cppExport.cmake
[1.053s] -- Up-to-date: /home/vboxuser/ros2_ws/install/action_tutorials_interfaces/share/action_tutorials_interfaces/cmake/action_tutorials_interfaces__rosidl_typesupport_cppExport-noconfig.cmake
[1.053s] -- Up-to-date: /home/vboxuser/ros2_ws/install/action_tutorials_interfaces/share/action_tutorials_interfaces/cmake/rosidl_cmake-extras.cmake
[1.053s] -- Up-to-date: /home/vboxuser/ros2_ws/install/action_tutorials_interfaces/share/action_tutorials_interfaces/cmake/ament_cmake_export_dependencies-extras.cmake
[1.053s] -- Up-to-date: /home/vboxuser/ros2_ws/install/action_tutorials_interfaces/share/action_tutorials_interfaces/cmake/ament_cmake_export_libraries-extras.cmake
[1.053s] -- Up-to-date: /home/vboxuser/ros2_ws/install/action_tutorials_interfaces/share/action_tutorials_interfaces/cmake/ament_cmake_export_targets-extras.cmake
[1.053s] -- Up-to-date: /home/vboxuser/ros2_ws/install/action_tutorials_interfaces/share/action_tutorials_interfaces/cmake/ament_cmake_export_include_directories-extras.cmake
[1.053s] -- Up-to-date: /home/vboxuser/ros2_ws/install/action_tutorials_interfaces/share/action_tutorials_interfaces/cmake/rosidl_cmake_export_typesupport_libraries-extras.cmake
[1.053s] -- Up-to-date: /home/vboxuser/ros2_ws/install/action_tutorials_interfaces/share/action_tutorials_interfaces/cmake/rosidl_cmake_export_typesupport_targets-extras.cmake
[1.053s] -- Up-to-date: /home/vboxuser/ros2_ws/install/action_tutorials_interfaces/share/action_tutorials_interfaces/cmake/action_tutorials_interfacesConfig.cmake
[1.053s] -- Up-to-date: /home/vboxuser/ros2_ws/install/action_tutorials_interfaces/share/action_tutorials_interfaces/cmake/action_tutorials_interfacesConfig-version.cmake
[1.053s] -- Up-to-date: /home/vboxuser/ros2_ws/install/action_tutorials_interfaces/share/action_tutorials_interfaces/package.xml
[1.063s] Invoked command in '/home/vboxuser/ros2_ws/build/action_tutorials_interfaces' returned '0': CMAKE_PREFIX_PATH=/opt/ros/foxy /usr/bin/cmake --install /home/vboxuser/ros2_ws/build/action_tutorials_interfaces
