[1.563s] Invoking command in '/home/vboxuser/ros2_ws/src/bt_pkg': PYTHONPATH=/home/vboxuser/ros2_ws/build/bt_pkg/prefix_override:/usr/lib/python3/dist-packages/colcon_core/task/python/colcon_distutils_commands:/home/vboxuser/ros2_ws/install/bt_pkg/lib/python3.8/site-packages:${PYTHONPATH} /usr/bin/python3 -W ignore:setup.py install is deprecated setup.py egg_info --egg-base ../../build/bt_pkg build --build-base /home/vboxuser/ros2_ws/build/bt_pkg/build install --record /home/vboxuser/ros2_ws/build/bt_pkg/install.log --install-scripts $base/lib/bt_pkg --single-version-externally-managed install_data
[1.807s] running egg_info
[1.807s] creating ../../build/bt_pkg/bt_pkg.egg-info
[1.807s] writing ../../build/bt_pkg/bt_pkg.egg-info/PKG-INFO
[1.808s] writing dependency_links to ../../build/bt_pkg/bt_pkg.egg-info/dependency_links.txt
[1.808s] writing entry points to ../../build/bt_pkg/bt_pkg.egg-info/entry_points.txt
[1.809s] writing requirements to ../../build/bt_pkg/bt_pkg.egg-info/requires.txt
[1.809s] writing top-level names to ../../build/bt_pkg/bt_pkg.egg-info/top_level.txt
[1.809s] writing manifest file '../../build/bt_pkg/bt_pkg.egg-info/SOURCES.txt'
[1.836s] reading manifest file '../../build/bt_pkg/bt_pkg.egg-info/SOURCES.txt'
[1.836s] writing manifest file '../../build/bt_pkg/bt_pkg.egg-info/SOURCES.txt'
[1.837s] running build
[1.837s] running build_py
[1.837s] creating /home/vboxuser/ros2_ws/build/bt_pkg/build
[1.838s] creating /home/vboxuser/ros2_ws/build/bt_pkg/build/lib
[1.838s] creating /home/vboxuser/ros2_ws/build/bt_pkg/build/lib/bt_pkg
[1.838s] copying bt_pkg/bt_example_tree.py -> /home/vboxuser/ros2_ws/build/bt_pkg/build/lib/bt_pkg
[1.838s] copying bt_pkg/__init__.py -> /home/vboxuser/ros2_ws/build/bt_pkg/build/lib/bt_pkg
[1.838s] running install
[1.839s] running install_lib
[1.840s] creating /home/vboxuser/ros2_ws/install/bt_pkg/lib/python3.8/site-packages/bt_pkg
[1.840s] copying /home/vboxuser/ros2_ws/build/bt_pkg/build/lib/bt_pkg/bt_example_tree.py -> /home/vboxuser/ros2_ws/install/bt_pkg/lib/python3.8/site-packages/bt_pkg
[1.840s] copying /home/vboxuser/ros2_ws/build/bt_pkg/build/lib/bt_pkg/__init__.py -> /home/vboxuser/ros2_ws/install/bt_pkg/lib/python3.8/site-packages/bt_pkg
[1.840s] byte-compiling /home/vboxuser/ros2_ws/install/bt_pkg/lib/python3.8/site-packages/bt_pkg/bt_example_tree.py to bt_example_tree.cpython-38.pyc
[1.843s] byte-compiling /home/vboxuser/ros2_ws/install/bt_pkg/lib/python3.8/site-packages/bt_pkg/__init__.py to __init__.cpython-38.pyc
[1.843s] running install_data
[1.843s] creating /home/vboxuser/ros2_ws/install/bt_pkg/share/ament_index
[1.843s] creating /home/vboxuser/ros2_ws/install/bt_pkg/share/ament_index/resource_index
[1.843s] creating /home/vboxuser/ros2_ws/install/bt_pkg/share/ament_index/resource_index/packages
[1.843s] copying resource/bt_pkg -> /home/vboxuser/ros2_ws/install/bt_pkg/share/ament_index/resource_index/packages
[1.844s] copying package.xml -> /home/vboxuser/ros2_ws/install/bt_pkg/share/bt_pkg
[1.844s] running install_egg_info
[1.845s] Copying ../../build/bt_pkg/bt_pkg.egg-info to /home/vboxuser/ros2_ws/install/bt_pkg/lib/python3.8/site-packages/bt_pkg-0.0.0-py3.8.egg-info
[1.846s] running install_scripts
[1.866s] Installing bt_example_tree script to /home/vboxuser/ros2_ws/install/bt_pkg/lib/bt_pkg
[1.867s] Installing bt_scan_hookstrip script to /home/vboxuser/ros2_ws/install/bt_pkg/lib/bt_pkg
[1.867s] writing list of installed files to '/home/vboxuser/ros2_ws/build/bt_pkg/install.log'
[1.892s] Invoked command in '/home/vboxuser/ros2_ws/src/bt_pkg' returned '0': PYTHONPATH=/home/vboxuser/ros2_ws/build/bt_pkg/prefix_override:/usr/lib/python3/dist-packages/colcon_core/task/python/colcon_distutils_commands:/home/vboxuser/ros2_ws/install/bt_pkg/lib/python3.8/site-packages:${PYTHONPATH} /usr/bin/python3 -W ignore:setup.py install is deprecated setup.py egg_info --egg-base ../../build/bt_pkg build --build-base /home/vboxuser/ros2_ws/build/bt_pkg/build install --record /home/vboxuser/ros2_ws/build/bt_pkg/install.log --install-scripts $base/lib/bt_pkg --single-version-externally-managed install_data
