[1.392s] Invoking command in '/home/vboxuser/ros2_ws/src/vision': PYTHONPATH=/home/vboxuser/ros2_ws/build/vision/prefix_override:/usr/lib/python3/dist-packages/colcon_core/task/python/colcon_distutils_commands:/home/vboxuser/ros2_ws/install/vision/lib/python3.8/site-packages:${PYTHONPATH} /usr/bin/python3 -W ignore:setup.py install is deprecated setup.py egg_info --egg-base ../../build/vision build --build-base /home/vboxuser/ros2_ws/build/vision/build install --record /home/vboxuser/ros2_ws/build/vision/install.log --install-scripts $base/lib/vision --single-version-externally-managed install_data
[1.636s] running egg_info
[1.637s] writing ../../build/vision/vision.egg-info/PKG-INFO
[1.637s] writing dependency_links to ../../build/vision/vision.egg-info/dependency_links.txt
[1.638s] writing entry points to ../../build/vision/vision.egg-info/entry_points.txt
[1.638s] writing requirements to ../../build/vision/vision.egg-info/requires.txt
[1.639s] writing top-level names to ../../build/vision/vision.egg-info/top_level.txt
[1.674s] reading manifest file '../../build/vision/vision.egg-info/SOURCES.txt'
[1.675s] writing manifest file '../../build/vision/vision.egg-info/SOURCES.txt'
[1.675s] running build
[1.675s] running build_py
[1.676s] running install
[1.677s] running install_lib
[1.679s] running install_data
[1.680s] running install_egg_info
[1.683s] removing '/home/vboxuser/ros2_ws/install/vision/lib/python3.8/site-packages/vision-0.0.0-py3.8.egg-info' (and everything under it)
[1.683s] Copying ../../build/vision/vision.egg-info to /home/vboxuser/ros2_ws/install/vision/lib/python3.8/site-packages/vision-0.0.0-py3.8.egg-info
[1.685s] running install_scripts
[1.705s] Installing calibration script to /home/vboxuser/ros2_ws/install/vision/lib/vision
[1.706s] Installing image_filters script to /home/vboxuser/ros2_ws/install/vision/lib/vision
[1.711s] Installing image_receiver script to /home/vboxuser/ros2_ws/install/vision/lib/vision
[1.711s] Installing point_finder_2d script to /home/vboxuser/ros2_ws/install/vision/lib/vision
[1.711s] Installing point_finder_3d script to /home/vboxuser/ros2_ws/install/vision/lib/vision
[1.716s] Installing stereo_triangulation script to /home/vboxuser/ros2_ws/install/vision/lib/vision
[1.723s] Installing stereo_triangulation_with_robot script to /home/vboxuser/ros2_ws/install/vision/lib/vision
[1.723s] Installing test_node script to /home/vboxuser/ros2_ws/install/vision/lib/vision
[1.723s] writing list of installed files to '/home/vboxuser/ros2_ws/build/vision/install.log'
[1.754s] Invoked command in '/home/vboxuser/ros2_ws/src/vision' returned '0': PYTHONPATH=/home/vboxuser/ros2_ws/build/vision/prefix_override:/usr/lib/python3/dist-packages/colcon_core/task/python/colcon_distutils_commands:/home/vboxuser/ros2_ws/install/vision/lib/python3.8/site-packages:${PYTHONPATH} /usr/bin/python3 -W ignore:setup.py install is deprecated setup.py egg_info --egg-base ../../build/vision build --build-base /home/vboxuser/ros2_ws/build/vision/build install --record /home/vboxuser/ros2_ws/build/vision/install.log --install-scripts $base/lib/vision --single-version-externally-managed install_data
