[0.169s] Invoking command in '/home/vboxuser/ros2_ws/build/realsense2_description': CMAKE_PREFIX_PATH=/home/vboxuser/ros2_ws/install/realsense2_camera_msgs:/home/vboxuser/ros2_ws/install/realsense2_description:/home/vboxuser/ros2_ws/install/realsense2_camera:/home/vboxuser/ros2_ws/install/kr_example_cpp:/home/vboxuser/ros2_ws/install/kr_msgs:/home/vboxuser/ros2_ws/install/groot:/home/vboxuser/ros2_ws/install/action_tutorials_interfaces:/home/vboxuser/ros2_ws/install/action_tutorial_interfaces:/home/vboxuser/ros2_ws/install/action_interfaces:/home/vboxuser/ros2_ws/install/vision:/home/vboxuser/ros2_ws/install/robot_control:/home/vboxuser/ros2_ws/install/kr_example_python:/home/vboxuser/ros2_ws/install/bt_pkg:/home/vboxuser/ros2_ws/install/action_tutorials_py:/home/vboxuser/ros2_ws/install/action_pkg:/opt/ros/foxy LD_LIBRARY_PATH=/home/vboxuser/ros2_ws/install/realsense2_camera_msgs/lib:/home/vboxuser/ros2_ws/install/realsense2_camera/lib:/home/vboxuser/ros2_ws/install/kr_msgs/lib:/home/vboxuser/ros2_ws/install/groot/lib:/home/vboxuser/ros2_ws/install/action_tutorials_interfaces/lib:/home/vboxuser/ros2_ws/install/action_tutorial_interfaces/lib:/home/vboxuser/ros2_ws/install/action_interfaces/lib:/opt/ros/foxy/opt/yaml_cpp_vendor/lib:/opt/ros/foxy/opt/rviz_ogre_vendor/lib:/opt/ros/foxy/lib/x86_64-linux-gnu:/opt/ros/foxy/lib PYTHONPATH=/home/vboxuser/ros2_ws/install/realsense2_camera_msgs/lib/python3.8/site-packages:/home/vboxuser/ros2_ws/install/vision/lib/python3.8/site-packages:/home/vboxuser/ros2_ws/install/robot_control/lib/python3.8/site-packages:/home/vboxuser/ros2_ws/install/kr_example_python/lib/python3.8/site-packages:/home/vboxuser/ros2_ws/install/kr_msgs/lib/python3.8/site-packages:/home/vboxuser/ros2_ws/install/bt_pkg/lib/python3.8/site-packages:/home/vboxuser/ros2_ws/install/action_tutorials_py/lib/python3.8/site-packages:/home/vboxuser/ros2_ws/install/action_tutorials_interfaces/lib/python3.8/site-packages:/home/vboxuser/ros2_ws/install/action_tutorial_interfaces/lib/python3.8/site-packages:/home/vboxuser/ros2_ws/install/action_pkg/lib/python3.8/site-packages:/home/vboxuser/ros2_ws/install/action_interfaces/lib/python3.8/site-packages:/opt/ros/foxy/lib/python3.8/site-packages /usr/bin/cmake /home/vboxuser/ros2_ws/src/realsense-ros/realsense2_description -DCMAKE_INSTALL_PREFIX=/home/vboxuser/ros2_ws/install/realsense2_description
[0.557s] -- The C compiler identification is GNU 9.4.0
[0.818s] -- The CXX compiler identification is GNU 9.4.0
[0.828s] -- Check for working C compiler: /usr/bin/cc
[1.025s] -- Check for working C compiler: /usr/bin/cc -- works
[1.026s] -- Detecting C compiler ABI info
[2.497s] -- Detecting C compiler ABI info - done
[2.562s] -- Detecting C compile features
[2.563s] -- Detecting C compile features - done
[2.582s] -- Check for working CXX compiler: /usr/bin/c++
[2.744s] -- Check for working CXX compiler: /usr/bin/c++ -- works
[2.745s] -- Detecting CXX compiler ABI info
[2.977s] -- Detecting CXX compiler ABI info - done
[2.979s] -- Detecting CXX compile features
[2.981s] -- Detecting CXX compile features - done
[2.986s] -- Found ament_cmake: 0.9.12 (/opt/ros/foxy/share/ament_cmake/cmake)
[3.020s] -- Found PythonInterp: /usr/bin/python3 (found suitable version "3.8.10", minimum required is "3") 
[3.020s] -- Using PYTHON_EXECUTABLE: /usr/bin/python3
[3.339s] -- Configuring done
[3.341s] -- Generating done
[3.342s] -- Build files have been written to: /home/vboxuser/ros2_ws/build/realsense2_description
[3.353s] Invoked command in '/home/vboxuser/ros2_ws/build/realsense2_description' returned '0': CMAKE_PREFIX_PATH=/home/vboxuser/ros2_ws/install/realsense2_camera_msgs:/home/vboxuser/ros2_ws/install/realsense2_description:/home/vboxuser/ros2_ws/install/realsense2_camera:/home/vboxuser/ros2_ws/install/kr_example_cpp:/home/vboxuser/ros2_ws/install/kr_msgs:/home/vboxuser/ros2_ws/install/groot:/home/vboxuser/ros2_ws/install/action_tutorials_interfaces:/home/vboxuser/ros2_ws/install/action_tutorial_interfaces:/home/vboxuser/ros2_ws/install/action_interfaces:/home/vboxuser/ros2_ws/install/vision:/home/vboxuser/ros2_ws/install/robot_control:/home/vboxuser/ros2_ws/install/kr_example_python:/home/vboxuser/ros2_ws/install/bt_pkg:/home/vboxuser/ros2_ws/install/action_tutorials_py:/home/vboxuser/ros2_ws/install/action_pkg:/opt/ros/foxy LD_LIBRARY_PATH=/home/vboxuser/ros2_ws/install/realsense2_camera_msgs/lib:/home/vboxuser/ros2_ws/install/realsense2_camera/lib:/home/vboxuser/ros2_ws/install/kr_msgs/lib:/home/vboxuser/ros2_ws/install/groot/lib:/home/vboxuser/ros2_ws/install/action_tutorials_interfaces/lib:/home/vboxuser/ros2_ws/install/action_tutorial_interfaces/lib:/home/vboxuser/ros2_ws/install/action_interfaces/lib:/opt/ros/foxy/opt/yaml_cpp_vendor/lib:/opt/ros/foxy/opt/rviz_ogre_vendor/lib:/opt/ros/foxy/lib/x86_64-linux-gnu:/opt/ros/foxy/lib PYTHONPATH=/home/vboxuser/ros2_ws/install/realsense2_camera_msgs/lib/python3.8/site-packages:/home/vboxuser/ros2_ws/install/vision/lib/python3.8/site-packages:/home/vboxuser/ros2_ws/install/robot_control/lib/python3.8/site-packages:/home/vboxuser/ros2_ws/install/kr_example_python/lib/python3.8/site-packages:/home/vboxuser/ros2_ws/install/kr_msgs/lib/python3.8/site-packages:/home/vboxuser/ros2_ws/install/bt_pkg/lib/python3.8/site-packages:/home/vboxuser/ros2_ws/install/action_tutorials_py/lib/python3.8/site-packages:/home/vboxuser/ros2_ws/install/action_tutorials_interfaces/lib/python3.8/site-packages:/home/vboxuser/ros2_ws/install/action_tutorial_interfaces/lib/python3.8/site-packages:/home/vboxuser/ros2_ws/install/action_pkg/lib/python3.8/site-packages:/home/vboxuser/ros2_ws/install/action_interfaces/lib/python3.8/site-packages:/opt/ros/foxy/lib/python3.8/site-packages /usr/bin/cmake /home/vboxuser/ros2_ws/src/realsense-ros/realsense2_description -DCMAKE_INSTALL_PREFIX=/home/vboxuser/ros2_ws/install/realsense2_description
[3.354s] Invoking command in '/home/vboxuser/ros2_ws/build/realsense2_description': CMAKE_PREFIX_PATH=/home/vboxuser/ros2_ws/install/realsense2_camera_msgs:/home/vboxuser/ros2_ws/install/realsense2_description:/home/vboxuser/ros2_ws/install/realsense2_camera:/home/vboxuser/ros2_ws/install/kr_example_cpp:/home/vboxuser/ros2_ws/install/kr_msgs:/home/vboxuser/ros2_ws/install/groot:/home/vboxuser/ros2_ws/install/action_tutorials_interfaces:/home/vboxuser/ros2_ws/install/action_tutorial_interfaces:/home/vboxuser/ros2_ws/install/action_interfaces:/home/vboxuser/ros2_ws/install/vision:/home/vboxuser/ros2_ws/install/robot_control:/home/vboxuser/ros2_ws/install/kr_example_python:/home/vboxuser/ros2_ws/install/bt_pkg:/home/vboxuser/ros2_ws/install/action_tutorials_py:/home/vboxuser/ros2_ws/install/action_pkg:/opt/ros/foxy LD_LIBRARY_PATH=/home/vboxuser/ros2_ws/install/realsense2_camera_msgs/lib:/home/vboxuser/ros2_ws/install/realsense2_camera/lib:/home/vboxuser/ros2_ws/install/kr_msgs/lib:/home/vboxuser/ros2_ws/install/groot/lib:/home/vboxuser/ros2_ws/install/action_tutorials_interfaces/lib:/home/vboxuser/ros2_ws/install/action_tutorial_interfaces/lib:/home/vboxuser/ros2_ws/install/action_interfaces/lib:/opt/ros/foxy/opt/yaml_cpp_vendor/lib:/opt/ros/foxy/opt/rviz_ogre_vendor/lib:/opt/ros/foxy/lib/x86_64-linux-gnu:/opt/ros/foxy/lib PYTHONPATH=/home/vboxuser/ros2_ws/install/realsense2_camera_msgs/lib/python3.8/site-packages:/home/vboxuser/ros2_ws/install/vision/lib/python3.8/site-packages:/home/vboxuser/ros2_ws/install/robot_control/lib/python3.8/site-packages:/home/vboxuser/ros2_ws/install/kr_example_python/lib/python3.8/site-packages:/home/vboxuser/ros2_ws/install/kr_msgs/lib/python3.8/site-packages:/home/vboxuser/ros2_ws/install/bt_pkg/lib/python3.8/site-packages:/home/vboxuser/ros2_ws/install/action_tutorials_py/lib/python3.8/site-packages:/home/vboxuser/ros2_ws/install/action_tutorials_interfaces/lib/python3.8/site-packages:/home/vboxuser/ros2_ws/install/action_tutorial_interfaces/lib/python3.8/site-packages:/home/vboxuser/ros2_ws/install/action_pkg/lib/python3.8/site-packages:/home/vboxuser/ros2_ws/install/action_interfaces/lib/python3.8/site-packages:/opt/ros/foxy/lib/python3.8/site-packages /usr/bin/cmake --build /home/vboxuser/ros2_ws/build/realsense2_description -- -j8 -l8
[3.414s] Invoked command in '/home/vboxuser/ros2_ws/build/realsense2_description' returned '0': CMAKE_PREFIX_PATH=/home/vboxuser/ros2_ws/install/realsense2_camera_msgs:/home/vboxuser/ros2_ws/install/realsense2_description:/home/vboxuser/ros2_ws/install/realsense2_camera:/home/vboxuser/ros2_ws/install/kr_example_cpp:/home/vboxuser/ros2_ws/install/kr_msgs:/home/vboxuser/ros2_ws/install/groot:/home/vboxuser/ros2_ws/install/action_tutorials_interfaces:/home/vboxuser/ros2_ws/install/action_tutorial_interfaces:/home/vboxuser/ros2_ws/install/action_interfaces:/home/vboxuser/ros2_ws/install/vision:/home/vboxuser/ros2_ws/install/robot_control:/home/vboxuser/ros2_ws/install/kr_example_python:/home/vboxuser/ros2_ws/install/bt_pkg:/home/vboxuser/ros2_ws/install/action_tutorials_py:/home/vboxuser/ros2_ws/install/action_pkg:/opt/ros/foxy LD_LIBRARY_PATH=/home/vboxuser/ros2_ws/install/realsense2_camera_msgs/lib:/home/vboxuser/ros2_ws/install/realsense2_camera/lib:/home/vboxuser/ros2_ws/install/kr_msgs/lib:/home/vboxuser/ros2_ws/install/groot/lib:/home/vboxuser/ros2_ws/install/action_tutorials_interfaces/lib:/home/vboxuser/ros2_ws/install/action_tutorial_interfaces/lib:/home/vboxuser/ros2_ws/install/action_interfaces/lib:/opt/ros/foxy/opt/yaml_cpp_vendor/lib:/opt/ros/foxy/opt/rviz_ogre_vendor/lib:/opt/ros/foxy/lib/x86_64-linux-gnu:/opt/ros/foxy/lib PYTHONPATH=/home/vboxuser/ros2_ws/install/realsense2_camera_msgs/lib/python3.8/site-packages:/home/vboxuser/ros2_ws/install/vision/lib/python3.8/site-packages:/home/vboxuser/ros2_ws/install/robot_control/lib/python3.8/site-packages:/home/vboxuser/ros2_ws/install/kr_example_python/lib/python3.8/site-packages:/home/vboxuser/ros2_ws/install/kr_msgs/lib/python3.8/site-packages:/home/vboxuser/ros2_ws/install/bt_pkg/lib/python3.8/site-packages:/home/vboxuser/ros2_ws/install/action_tutorials_py/lib/python3.8/site-packages:/home/vboxuser/ros2_ws/install/action_tutorials_interfaces/lib/python3.8/site-packages:/home/vboxuser/ros2_ws/install/action_tutorial_interfaces/lib/python3.8/site-packages:/home/vboxuser/ros2_ws/install/action_pkg/lib/python3.8/site-packages:/home/vboxuser/ros2_ws/install/action_interfaces/lib/python3.8/site-packages:/opt/ros/foxy/lib/python3.8/site-packages /usr/bin/cmake --build /home/vboxuser/ros2_ws/build/realsense2_description -- -j8 -l8
[3.463s] Invoking command in '/home/vboxuser/ros2_ws/build/realsense2_description': CMAKE_PREFIX_PATH=/home/vboxuser/ros2_ws/install/realsense2_camera_msgs:/home/vboxuser/ros2_ws/install/realsense2_description:/home/vboxuser/ros2_ws/install/realsense2_camera:/home/vboxuser/ros2_ws/install/kr_example_cpp:/home/vboxuser/ros2_ws/install/kr_msgs:/home/vboxuser/ros2_ws/install/groot:/home/vboxuser/ros2_ws/install/action_tutorials_interfaces:/home/vboxuser/ros2_ws/install/action_tutorial_interfaces:/home/vboxuser/ros2_ws/install/action_interfaces:/home/vboxuser/ros2_ws/install/vision:/home/vboxuser/ros2_ws/install/robot_control:/home/vboxuser/ros2_ws/install/kr_example_python:/home/vboxuser/ros2_ws/install/bt_pkg:/home/vboxuser/ros2_ws/install/action_tutorials_py:/home/vboxuser/ros2_ws/install/action_pkg:/opt/ros/foxy LD_LIBRARY_PATH=/home/vboxuser/ros2_ws/install/realsense2_camera_msgs/lib:/home/vboxuser/ros2_ws/install/realsense2_camera/lib:/home/vboxuser/ros2_ws/install/kr_msgs/lib:/home/vboxuser/ros2_ws/install/groot/lib:/home/vboxuser/ros2_ws/install/action_tutorials_interfaces/lib:/home/vboxuser/ros2_ws/install/action_tutorial_interfaces/lib:/home/vboxuser/ros2_ws/install/action_interfaces/lib:/opt/ros/foxy/opt/yaml_cpp_vendor/lib:/opt/ros/foxy/opt/rviz_ogre_vendor/lib:/opt/ros/foxy/lib/x86_64-linux-gnu:/opt/ros/foxy/lib PYTHONPATH=/home/vboxuser/ros2_ws/install/realsense2_camera_msgs/lib/python3.8/site-packages:/home/vboxuser/ros2_ws/install/vision/lib/python3.8/site-packages:/home/vboxuser/ros2_ws/install/robot_control/lib/python3.8/site-packages:/home/vboxuser/ros2_ws/install/kr_example_python/lib/python3.8/site-packages:/home/vboxuser/ros2_ws/install/kr_msgs/lib/python3.8/site-packages:/home/vboxuser/ros2_ws/install/bt_pkg/lib/python3.8/site-packages:/home/vboxuser/ros2_ws/install/action_tutorials_py/lib/python3.8/site-packages:/home/vboxuser/ros2_ws/install/action_tutorials_interfaces/lib/python3.8/site-packages:/home/vboxuser/ros2_ws/install/action_tutorial_interfaces/lib/python3.8/site-packages:/home/vboxuser/ros2_ws/install/action_pkg/lib/python3.8/site-packages:/home/vboxuser/ros2_ws/install/action_interfaces/lib/python3.8/site-packages:/opt/ros/foxy/lib/python3.8/site-packages /usr/bin/cmake --install /home/vboxuser/ros2_ws/build/realsense2_description
[3.476s] -- Install configuration: ""
[3.476s] -- Installing: /home/vboxuser/ros2_ws/install/realsense2_description/share/realsense2_description/launch
[3.476s] -- Installing: /home/vboxuser/ros2_ws/install/realsense2_description/share/realsense2_description/launch/launch_utils.py
[3.476s] -- Installing: /home/vboxuser/ros2_ws/install/realsense2_description/share/realsense2_description/launch/view_model.launch.py
[3.476s] -- Installing: /home/vboxuser/ros2_ws/install/realsense2_description/share/realsense2_description/meshes
[3.476s] -- Installing: /home/vboxuser/ros2_ws/install/realsense2_description/share/realsense2_description/meshes/d435.dae
[3.506s] -- Installing: /home/vboxuser/ros2_ws/install/realsense2_description/share/realsense2_description/meshes/l515.dae
[3.561s] -- Installing: /home/vboxuser/ros2_ws/install/realsense2_description/share/realsense2_description/meshes/d405.stl
[3.561s] -- Installing: /home/vboxuser/ros2_ws/install/realsense2_description/share/realsense2_description/meshes/d455.stl
[3.566s] -- Installing: /home/vboxuser/ros2_ws/install/realsense2_description/share/realsense2_description/meshes/plug_collision.stl
[3.566s] -- Installing: /home/vboxuser/ros2_ws/install/realsense2_description/share/realsense2_description/meshes/plug.stl
[3.566s] -- Installing: /home/vboxuser/ros2_ws/install/realsense2_description/share/realsense2_description/meshes/d415.stl
[3.599s] -- Installing: /home/vboxuser/ros2_ws/install/realsense2_description/share/realsense2_description/rviz
[3.600s] -- Installing: /home/vboxuser/ros2_ws/install/realsense2_description/share/realsense2_description/rviz/urdf.rviz
[3.600s] -- Installing: /home/vboxuser/ros2_ws/install/realsense2_description/share/realsense2_description/urdf
[3.600s] -- Installing: /home/vboxuser/ros2_ws/install/realsense2_description/share/realsense2_description/urdf/_materials.urdf.xacro
[3.601s] -- Installing: /home/vboxuser/ros2_ws/install/realsense2_description/share/realsense2_description/urdf/_d415.urdf.xacro
[3.601s] -- Installing: /home/vboxuser/ros2_ws/install/realsense2_description/share/realsense2_description/urdf/_d455.urdf.xacro
[3.601s] -- Installing: /home/vboxuser/ros2_ws/install/realsense2_description/share/realsense2_description/urdf/test_d435i_camera.urdf.xacro
[3.602s] -- Installing: /home/vboxuser/ros2_ws/install/realsense2_description/share/realsense2_description/urdf/test_d415_camera.urdf.xacro
[3.602s] -- Installing: /home/vboxuser/ros2_ws/install/realsense2_description/share/realsense2_description/urdf/test_d435_multiple_cameras.urdf.xacro
[3.602s] -- Installing: /home/vboxuser/ros2_ws/install/realsense2_description/share/realsense2_description/urdf/test_d435_camera.urdf.xacro
[3.602s] -- Installing: /home/vboxuser/ros2_ws/install/realsense2_description/share/realsense2_description/urdf/_r410.urdf.xacro
[3.603s] -- Installing: /home/vboxuser/ros2_ws/install/realsense2_description/share/realsense2_description/urdf/_d435i.urdf.xacro
[3.603s] -- Installing: /home/vboxuser/ros2_ws/install/realsense2_description/share/realsense2_description/urdf/_d435.urdf.xacro
[3.603s] -- Installing: /home/vboxuser/ros2_ws/install/realsense2_description/share/realsense2_description/urdf/test_r430_camera.urdf.xacro
[3.604s] -- Installing: /home/vboxuser/ros2_ws/install/realsense2_description/share/realsense2_description/urdf/_d405.urdf.xacro
[3.604s] -- Installing: /home/vboxuser/ros2_ws/install/realsense2_description/share/realsense2_description/urdf/_d435i_imu_modules.urdf.xacro
[3.604s] -- Installing: /home/vboxuser/ros2_ws/install/realsense2_description/share/realsense2_description/urdf/_r430.urdf.xacro
[3.605s] -- Installing: /home/vboxuser/ros2_ws/install/realsense2_description/share/realsense2_description/urdf/_usb_plug.urdf.xacro
[3.605s] -- Installing: /home/vboxuser/ros2_ws/install/realsense2_description/share/realsense2_description/urdf/test_d405_camera.urdf.xacro
[3.605s] -- Installing: /home/vboxuser/ros2_ws/install/realsense2_description/share/realsense2_description/urdf/test_r410_camera.urdf.xacro
[3.605s] -- Installing: /home/vboxuser/ros2_ws/install/realsense2_description/share/realsense2_description/urdf/test_d455_camera.urdf.xacro
[3.606s] -- Installing: /home/vboxuser/ros2_ws/install/realsense2_description/share/ament_index/resource_index/package_run_dependencies/realsense2_description
[3.606s] -- Installing: /home/vboxuser/ros2_ws/install/realsense2_description/share/ament_index/resource_index/parent_prefix_path/realsense2_description
[3.607s] -- Installing: /home/vboxuser/ros2_ws/install/realsense2_description/share/realsense2_description/environment/ament_prefix_path.sh
[3.607s] -- Installing: /home/vboxuser/ros2_ws/install/realsense2_description/share/realsense2_description/environment/ament_prefix_path.dsv
[3.607s] -- Installing: /home/vboxuser/ros2_ws/install/realsense2_description/share/realsense2_description/environment/path.sh
[3.608s] -- Installing: /home/vboxuser/ros2_ws/install/realsense2_description/share/realsense2_description/environment/path.dsv
[3.608s] -- Installing: /home/vboxuser/ros2_ws/install/realsense2_description/share/realsense2_description/local_setup.bash
[3.608s] -- Installing: /home/vboxuser/ros2_ws/install/realsense2_description/share/realsense2_description/local_setup.sh
[3.609s] -- Installing: /home/vboxuser/ros2_ws/install/realsense2_description/share/realsense2_description/local_setup.zsh
[3.609s] -- Installing: /home/vboxuser/ros2_ws/install/realsense2_description/share/realsense2_description/local_setup.dsv
[3.609s] -- Installing: /home/vboxuser/ros2_ws/install/realsense2_description/share/realsense2_description/package.dsv
[3.610s] -- Installing: /home/vboxuser/ros2_ws/install/realsense2_description/share/ament_index/resource_index/packages/realsense2_description
[3.610s] -- Installing: /home/vboxuser/ros2_ws/install/realsense2_description/share/realsense2_description/cmake/realsense2_descriptionConfig.cmake
[3.610s] -- Installing: /home/vboxuser/ros2_ws/install/realsense2_description/share/realsense2_description/cmake/realsense2_descriptionConfig-version.cmake
[3.610s] -- Installing: /home/vboxuser/ros2_ws/install/realsense2_description/share/realsense2_description/package.xml
[3.620s] Invoked command in '/home/vboxuser/ros2_ws/build/realsense2_description' returned '0': CMAKE_PREFIX_PATH=/home/vboxuser/ros2_ws/install/realsense2_camera_msgs:/home/vboxuser/ros2_ws/install/realsense2_description:/home/vboxuser/ros2_ws/install/realsense2_camera:/home/vboxuser/ros2_ws/install/kr_example_cpp:/home/vboxuser/ros2_ws/install/kr_msgs:/home/vboxuser/ros2_ws/install/groot:/home/vboxuser/ros2_ws/install/action_tutorials_interfaces:/home/vboxuser/ros2_ws/install/action_tutorial_interfaces:/home/vboxuser/ros2_ws/install/action_interfaces:/home/vboxuser/ros2_ws/install/vision:/home/vboxuser/ros2_ws/install/robot_control:/home/vboxuser/ros2_ws/install/kr_example_python:/home/vboxuser/ros2_ws/install/bt_pkg:/home/vboxuser/ros2_ws/install/action_tutorials_py:/home/vboxuser/ros2_ws/install/action_pkg:/opt/ros/foxy LD_LIBRARY_PATH=/home/vboxuser/ros2_ws/install/realsense2_camera_msgs/lib:/home/vboxuser/ros2_ws/install/realsense2_camera/lib:/home/vboxuser/ros2_ws/install/kr_msgs/lib:/home/vboxuser/ros2_ws/install/groot/lib:/home/vboxuser/ros2_ws/install/action_tutorials_interfaces/lib:/home/vboxuser/ros2_ws/install/action_tutorial_interfaces/lib:/home/vboxuser/ros2_ws/install/action_interfaces/lib:/opt/ros/foxy/opt/yaml_cpp_vendor/lib:/opt/ros/foxy/opt/rviz_ogre_vendor/lib:/opt/ros/foxy/lib/x86_64-linux-gnu:/opt/ros/foxy/lib PYTHONPATH=/home/vboxuser/ros2_ws/install/realsense2_camera_msgs/lib/python3.8/site-packages:/home/vboxuser/ros2_ws/install/vision/lib/python3.8/site-packages:/home/vboxuser/ros2_ws/install/robot_control/lib/python3.8/site-packages:/home/vboxuser/ros2_ws/install/kr_example_python/lib/python3.8/site-packages:/home/vboxuser/ros2_ws/install/kr_msgs/lib/python3.8/site-packages:/home/vboxuser/ros2_ws/install/bt_pkg/lib/python3.8/site-packages:/home/vboxuser/ros2_ws/install/action_tutorials_py/lib/python3.8/site-packages:/home/vboxuser/ros2_ws/install/action_tutorials_interfaces/lib/python3.8/site-packages:/home/vboxuser/ros2_ws/install/action_tutorial_interfaces/lib/python3.8/site-packages:/home/vboxuser/ros2_ws/install/action_pkg/lib/python3.8/site-packages:/home/vboxuser/ros2_ws/install/action_interfaces/lib/python3.8/site-packages:/opt/ros/foxy/lib/python3.8/site-packages /usr/bin/cmake --install /home/vboxuser/ros2_ws/build/realsense2_description
