[1.403s] Invoking command in '/home/mo/Thesis/src/sensopart_visor': PYTHONPATH=/home/mo/Thesis/build/sensopart_visor/prefix_override:/usr/lib/python3/dist-packages/colcon_core/task/python/colcon_distutils_commands:/home/mo/Thesis/install/sensopart_visor/lib/python3.8/site-packages:${PYTHONPATH} /usr/bin/python3 -W ignore:setup.py install is deprecated -W ignore:easy_install command is deprecated setup.py egg_info --egg-base ../../build/sensopart_visor build --build-base /home/mo/Thesis/build/sensopart_visor/build install --record /home/mo/Thesis/build/sensopart_visor/install.log --single-version-externally-managed install_data
[1.656s] running egg_info
[1.674s] writing ../../build/sensopart_visor/sensopart_visor.egg-info/PKG-INFO
[1.674s] writing dependency_links to ../../build/sensopart_visor/sensopart_visor.egg-info/dependency_links.txt
[1.675s] writing entry points to ../../build/sensopart_visor/sensopart_visor.egg-info/entry_points.txt
[1.675s] writing requirements to ../../build/sensopart_visor/sensopart_visor.egg-info/requires.txt
[1.675s] writing top-level names to ../../build/sensopart_visor/sensopart_visor.egg-info/top_level.txt
[1.814s] reading manifest file '../../build/sensopart_visor/sensopart_visor.egg-info/SOURCES.txt'
[1.816s] writing manifest file '../../build/sensopart_visor/sensopart_visor.egg-info/SOURCES.txt'
[1.816s] running build
[1.816s] running build_py
[1.817s] copying sensopart_visor/visor_shutdown.py -> /home/mo/Thesis/build/sensopart_visor/build/lib/sensopart_visor
[1.817s] copying sensopart_visor/visor_startup.py -> /home/mo/Thesis/build/sensopart_visor/build/lib/sensopart_visor
[1.817s] copying sensopart_visor/__init__.py -> /home/mo/Thesis/build/sensopart_visor/build/lib/sensopart_visor
[1.818s] running install
[1.827s] running install_lib
[1.878s] running install_data
[1.880s] copying resource/sensopart_visor -> /home/mo/Thesis/install/sensopart_visor/share/ament_index/resource_index/packages
[1.881s] copying package.xml -> /home/mo/Thesis/install/sensopart_visor/share/sensopart_visor
[1.881s] running install_egg_info
[1.922s] removing '/home/mo/Thesis/install/sensopart_visor/lib/python3.8/site-packages/sensopart_visor-0.0.0-py3.8.egg-info' (and everything under it)
[1.923s] Copying ../../build/sensopart_visor/sensopart_visor.egg-info to /home/mo/Thesis/install/sensopart_visor/lib/python3.8/site-packages/sensopart_visor-0.0.0-py3.8.egg-info
[1.924s] running install_scripts
[1.988s] Installing visor_shutdown script to /home/mo/Thesis/install/sensopart_visor/lib/sensopart_visor
[1.989s] Installing visor_startup script to /home/mo/Thesis/install/sensopart_visor/lib/sensopart_visor
[1.989s] writing list of installed files to '/home/mo/Thesis/build/sensopart_visor/install.log'
[2.019s] Invoked command in '/home/mo/Thesis/src/sensopart_visor' returned '0': PYTHONPATH=/home/mo/Thesis/build/sensopart_visor/prefix_override:/usr/lib/python3/dist-packages/colcon_core/task/python/colcon_distutils_commands:/home/mo/Thesis/install/sensopart_visor/lib/python3.8/site-packages:${PYTHONPATH} /usr/bin/python3 -W ignore:setup.py install is deprecated -W ignore:easy_install command is deprecated setup.py egg_info --egg-base ../../build/sensopart_visor build --build-base /home/mo/Thesis/build/sensopart_visor/build install --record /home/mo/Thesis/build/sensopart_visor/install.log --single-version-externally-managed install_data
