[1.418s] Invoking command in '/home/vboxuser/ros2_ws/build/vision': PYTHONPATH=/home/vboxuser/ros2_ws/build/vision/prefix_override:/usr/lib/python3/dist-packages/colcon_core/task/python/colcon_distutils_commands:/home/vboxuser/ros2_ws/install/vision/lib/python3.8/site-packages:${PYTHONPATH} /usr/bin/python3 -W ignore:setup.py install is deprecated setup.py develop --editable --build-directory /home/vboxuser/ros2_ws/build/vision/build --no-deps symlink_data --force
[1.706s] running develop
[1.889s] running egg_info
[1.889s] writing vision.egg-info/PKG-INFO
[1.889s] writing dependency_links to vision.egg-info/dependency_links.txt
[1.889s] writing entry points to vision.egg-info/entry_points.txt
[1.890s] writing requirements to vision.egg-info/requires.txt
[1.890s] writing top-level names to vision.egg-info/top_level.txt
[1.922s] reading manifest file 'vision.egg-info/SOURCES.txt'
[1.924s] writing manifest file 'vision.egg-info/SOURCES.txt'
[1.983s] running build_ext
[1.983s] Creating /home/vboxuser/ros2_ws/install/vision/lib/python3.8/site-packages/vision.egg-link (link to .)
[1.984s] Installing calibration script to /home/vboxuser/ros2_ws/install/vision/lib/vision
[1.984s] Installing image_filters script to /home/vboxuser/ros2_ws/install/vision/lib/vision
[1.984s] Installing image_receiver script to /home/vboxuser/ros2_ws/install/vision/lib/vision
[1.985s] Installing point_finder_2d script to /home/vboxuser/ros2_ws/install/vision/lib/vision
[1.985s] Installing point_finder_3d script to /home/vboxuser/ros2_ws/install/vision/lib/vision
[1.985s] Installing stereo_triangulation script to /home/vboxuser/ros2_ws/install/vision/lib/vision
[1.985s] Installing stereo_triangulation_with_robot script to /home/vboxuser/ros2_ws/install/vision/lib/vision
[1.985s] Installing test_node script to /home/vboxuser/ros2_ws/install/vision/lib/vision
[1.985s] 
[1.986s] Installed /home/vboxuser/ros2_ws/build/vision
[1.986s] running symlink_data
[1.986s] symbolically linking /home/vboxuser/ros2_ws/build/vision/resource/vision -> /home/vboxuser/ros2_ws/install/vision/share/ament_index/resource_index/packages
[1.986s] symbolically linking /home/vboxuser/ros2_ws/build/vision/package.xml -> /home/vboxuser/ros2_ws/install/vision/share/vision
[2.053s] Invoked command in '/home/vboxuser/ros2_ws/build/vision' returned '0': PYTHONPATH=/home/vboxuser/ros2_ws/build/vision/prefix_override:/usr/lib/python3/dist-packages/colcon_core/task/python/colcon_distutils_commands:/home/vboxuser/ros2_ws/install/vision/lib/python3.8/site-packages:${PYTHONPATH} /usr/bin/python3 -W ignore:setup.py install is deprecated setup.py develop --editable --build-directory /home/vboxuser/ros2_ws/build/vision/build --no-deps symlink_data --force
