[1.565s] Invoking command in '/home/vboxuser/ros2_ws/build/bt_pkg': PYTHONPATH=/home/vboxuser/ros2_ws/build/bt_pkg/prefix_override:/usr/lib/python3/dist-packages/colcon_core/task/python/colcon_distutils_commands:/home/vboxuser/ros2_ws/install/bt_pkg/lib/python3.8/site-packages:${PYTHONPATH} /usr/bin/python3 -W ignore:setup.py install is deprecated setup.py develop --uninstall --editable --build-directory /home/vboxuser/ros2_ws/build/bt_pkg/build
[1.889s] running develop
[2.060s] Removing /home/vboxuser/ros2_ws/install/bt_pkg/lib/python3.8/site-packages/bt-pkg.egg-link (link to .)
[2.098s] Invoked command in '/home/vboxuser/ros2_ws/build/bt_pkg' returned '0': PYTHONPATH=/home/vboxuser/ros2_ws/build/bt_pkg/prefix_override:/usr/lib/python3/dist-packages/colcon_core/task/python/colcon_distutils_commands:/home/vboxuser/ros2_ws/install/bt_pkg/lib/python3.8/site-packages:${PYTHONPATH} /usr/bin/python3 -W ignore:setup.py install is deprecated setup.py develop --uninstall --editable --build-directory /home/vboxuser/ros2_ws/build/bt_pkg/build
[2.099s] Invoking command in '/home/vboxuser/ros2_ws/src/bt_pkg': PYTHONPATH=/home/vboxuser/ros2_ws/build/bt_pkg/prefix_override:/usr/lib/python3/dist-packages/colcon_core/task/python/colcon_distutils_commands:/home/vboxuser/ros2_ws/install/bt_pkg/lib/python3.8/site-packages:${PYTHONPATH} /usr/bin/python3 -W ignore:setup.py install is deprecated setup.py egg_info --egg-base ../../build/bt_pkg build --build-base /home/vboxuser/ros2_ws/build/bt_pkg/build install --record /home/vboxuser/ros2_ws/build/bt_pkg/install.log --install-scripts $base/lib/bt_pkg --single-version-externally-managed install_data --force
[2.370s] running egg_info
[2.373s] writing ../../build/bt_pkg/bt_pkg.egg-info/PKG-INFO
[2.373s] writing dependency_links to ../../build/bt_pkg/bt_pkg.egg-info/dependency_links.txt
[2.374s] writing entry points to ../../build/bt_pkg/bt_pkg.egg-info/entry_points.txt
[2.374s] writing requirements to ../../build/bt_pkg/bt_pkg.egg-info/requires.txt
[2.375s] writing top-level names to ../../build/bt_pkg/bt_pkg.egg-info/top_level.txt
[2.403s] reading manifest file '../../build/bt_pkg/bt_pkg.egg-info/SOURCES.txt'
[2.403s] writing manifest file '../../build/bt_pkg/bt_pkg.egg-info/SOURCES.txt'
[2.403s] running build
[2.403s] running build_py
[2.403s] running install
[2.403s] running install_lib
[2.404s] creating /home/vboxuser/ros2_ws/install/bt_pkg/lib/python3.8/site-packages/bt_pkg
[2.405s] copying /home/vboxuser/ros2_ws/build/bt_pkg/build/lib/bt_pkg/bt_example_tree.py -> /home/vboxuser/ros2_ws/install/bt_pkg/lib/python3.8/site-packages/bt_pkg
[2.405s] copying /home/vboxuser/ros2_ws/build/bt_pkg/build/lib/bt_pkg/__init__.py -> /home/vboxuser/ros2_ws/install/bt_pkg/lib/python3.8/site-packages/bt_pkg
[2.406s] byte-compiling /home/vboxuser/ros2_ws/install/bt_pkg/lib/python3.8/site-packages/bt_pkg/bt_example_tree.py to bt_example_tree.cpython-38.pyc
[2.408s] byte-compiling /home/vboxuser/ros2_ws/install/bt_pkg/lib/python3.8/site-packages/bt_pkg/__init__.py to __init__.cpython-38.pyc
[2.408s] running install_data
[2.408s] copying resource/bt_pkg -> /home/vboxuser/ros2_ws/install/bt_pkg/share/ament_index/resource_index/packages
[2.409s] copying package.xml -> /home/vboxuser/ros2_ws/install/bt_pkg/share/bt_pkg
[2.409s] running install_egg_info
[2.410s] Copying ../../build/bt_pkg/bt_pkg.egg-info to /home/vboxuser/ros2_ws/install/bt_pkg/lib/python3.8/site-packages/bt_pkg-0.0.0-py3.8.egg-info
[2.412s] running install_scripts
[2.427s] Installing bt_example_tree script to /home/vboxuser/ros2_ws/install/bt_pkg/lib/bt_pkg
[2.430s] Installing bt_scan_hookstrip script to /home/vboxuser/ros2_ws/install/bt_pkg/lib/bt_pkg
[2.430s] writing list of installed files to '/home/vboxuser/ros2_ws/build/bt_pkg/install.log'
[2.461s] Invoked command in '/home/vboxuser/ros2_ws/src/bt_pkg' returned '0': PYTHONPATH=/home/vboxuser/ros2_ws/build/bt_pkg/prefix_override:/usr/lib/python3/dist-packages/colcon_core/task/python/colcon_distutils_commands:/home/vboxuser/ros2_ws/install/bt_pkg/lib/python3.8/site-packages:${PYTHONPATH} /usr/bin/python3 -W ignore:setup.py install is deprecated setup.py egg_info --egg-base ../../build/bt_pkg build --build-base /home/vboxuser/ros2_ws/build/bt_pkg/build install --record /home/vboxuser/ros2_ws/build/bt_pkg/install.log --install-scripts $base/lib/bt_pkg --single-version-externally-managed install_data --force
