[0.082s] Invoking command in '/home/vboxuser/ros2_ws/build/realsense2_camera': AMENT_PREFIX_PATH=/home/vboxuser/ros2_ws/install/realsense2_camera_msgs:${AMENT_PREFIX_PATH} CMAKE_PREFIX_PATH=/home/vboxuser/ros2_ws/install/realsense2_camera_msgs:/opt/ros/foxy LD_LIBRARY_PATH=/home/vboxuser/ros2_ws/install/realsense2_camera_msgs/lib:${LD_LIBRARY_PATH} PYTHONPATH=/home/vboxuser/ros2_ws/install/realsense2_camera_msgs/lib/python3.8/site-packages:${PYTHONPATH} /usr/bin/cmake --build /home/vboxuser/ros2_ws/build/realsense2_camera -- -j8 -l8
[0.584s] [  9%] Built target gtest
[0.590s] [ 18%] Built target gtest_main
[0.743s] [ 27%] Built target gtest_template
[0.778s] [ 36%] Built target realsense2_camera_node
[1.077s] [100%] Built target realsense2_camera
[1.213s] Invoked command in '/home/vboxuser/ros2_ws/build/realsense2_camera' returned '0': AMENT_PREFIX_PATH=/home/vboxuser/ros2_ws/install/realsense2_camera_msgs:${AMENT_PREFIX_PATH} CMAKE_PREFIX_PATH=/home/vboxuser/ros2_ws/install/realsense2_camera_msgs:/opt/ros/foxy LD_LIBRARY_PATH=/home/vboxuser/ros2_ws/install/realsense2_camera_msgs/lib:${LD_LIBRARY_PATH} PYTHONPATH=/home/vboxuser/ros2_ws/install/realsense2_camera_msgs/lib/python3.8/site-packages:${PYTHONPATH} /usr/bin/cmake --build /home/vboxuser/ros2_ws/build/realsense2_camera -- -j8 -l8
[1.546s] Invoking command in '/home/vboxuser/ros2_ws/build/realsense2_camera': AMENT_PREFIX_PATH=/home/vboxuser/ros2_ws/install/realsense2_camera_msgs:${AMENT_PREFIX_PATH} CMAKE_PREFIX_PATH=/home/vboxuser/ros2_ws/install/realsense2_camera_msgs:/opt/ros/foxy LD_LIBRARY_PATH=/home/vboxuser/ros2_ws/install/realsense2_camera_msgs/lib:${LD_LIBRARY_PATH} PYTHONPATH=/home/vboxuser/ros2_ws/install/realsense2_camera_msgs/lib/python3.8/site-packages:${PYTHONPATH} /usr/bin/cmake --install /home/vboxuser/ros2_ws/build/realsense2_camera
[1.580s] -- Install configuration: "Release"
[1.594s] -- Execute custom install script
[1.605s] -- Up-to-date symlink: /home/vboxuser/ros2_ws/install/realsense2_camera/lib/realsense2_camera/realsense2_camera_node
[1.630s] -- Up-to-date symlink: /home/vboxuser/ros2_ws/install/realsense2_camera/lib/librealsense2_camera.so
[1.630s] -- Up-to-date symlink: /home/vboxuser/ros2_ws/install/realsense2_camera/include/base_realsense_node.h
[1.632s] -- Up-to-date symlink: /home/vboxuser/ros2_ws/install/realsense2_camera/include/constants.h
[1.638s] -- Up-to-date symlink: /home/vboxuser/ros2_ws/install/realsense2_camera/include/dynamic_params.h
[1.640s] -- Up-to-date symlink: /home/vboxuser/ros2_ws/install/realsense2_camera/include/gl_window.h
[1.648s] -- Up-to-date symlink: /home/vboxuser/ros2_ws/install/realsense2_camera/include/image_publisher.h
[1.654s] -- Up-to-date symlink: /home/vboxuser/ros2_ws/install/realsense2_camera/include/named_filter.h
[1.659s] -- Up-to-date symlink: /home/vboxuser/ros2_ws/install/realsense2_camera/include/profile_manager.h
[1.662s] -- Up-to-date symlink: /home/vboxuser/ros2_ws/install/realsense2_camera/include/realsense_node_factory.h
[1.665s] -- Up-to-date symlink: /home/vboxuser/ros2_ws/install/realsense2_camera/include/ros_param_backend.h
[1.669s] -- Up-to-date symlink: /home/vboxuser/ros2_ws/install/realsense2_camera/include/ros_sensor.h
[1.677s] -- Up-to-date symlink: /home/vboxuser/ros2_ws/install/realsense2_camera/include/ros_utils.h
[1.687s] -- Up-to-date symlink: /home/vboxuser/ros2_ws/install/realsense2_camera/include/sensor_params.h
[1.724s] -- Up-to-date symlink: /home/vboxuser/ros2_ws/install/realsense2_camera/share/realsense2_camera/launch/default.rviz
[1.727s] -- Up-to-date symlink: /home/vboxuser/ros2_ws/install/realsense2_camera/share/realsense2_camera/launch/rs_intra_process_demo_launch.py
[1.729s] -- Up-to-date symlink: /home/vboxuser/ros2_ws/install/realsense2_camera/share/realsense2_camera/launch/rs_launch.py
[1.736s] -- Up-to-date symlink: /home/vboxuser/ros2_ws/install/realsense2_camera/share/realsense2_camera/launch/rs_multi_camera_launch.py
[1.786s] -- Up-to-date symlink: /home/vboxuser/ros2_ws/install/realsense2_camera/share/realsense2_camera/examples/align_depth/README.md
[1.790s] -- Up-to-date symlink: /home/vboxuser/ros2_ws/install/realsense2_camera/share/realsense2_camera/examples/align_depth/rs_align_depth_launch.py
[1.794s] -- Up-to-date symlink: /home/vboxuser/ros2_ws/install/realsense2_camera/share/realsense2_camera/examples/dual_camera/README.md
[1.811s] -- Up-to-date symlink: /home/vboxuser/ros2_ws/install/realsense2_camera/share/realsense2_camera/examples/dual_camera/rs_dual_camera_launch.py
[1.831s] -- Up-to-date symlink: /home/vboxuser/ros2_ws/install/realsense2_camera/share/realsense2_camera/examples/dual_camera/rviz/dual_camera_pointcloud.rviz
[1.841s] -- Up-to-date symlink: /home/vboxuser/ros2_ws/install/realsense2_camera/share/realsense2_camera/examples/launch_from_rosbag/README.md
[1.846s] -- Up-to-date symlink: /home/vboxuser/ros2_ws/install/realsense2_camera/share/realsense2_camera/examples/launch_from_rosbag/rs_launch_from_rosbag.py
[1.849s] -- Up-to-date symlink: /home/vboxuser/ros2_ws/install/realsense2_camera/share/realsense2_camera/examples/launch_params_from_file/README.md
[1.858s] -- Up-to-date symlink: /home/vboxuser/ros2_ws/install/realsense2_camera/share/realsense2_camera/examples/launch_params_from_file/config/config.yaml
[1.861s] -- Up-to-date symlink: /home/vboxuser/ros2_ws/install/realsense2_camera/share/realsense2_camera/examples/launch_params_from_file/rs_launch_get_params_from_yaml.py
[1.868s] -- Up-to-date symlink: /home/vboxuser/ros2_ws/install/realsense2_camera/share/realsense2_camera/examples/pointcloud/README.md
[1.872s] -- Up-to-date symlink: /home/vboxuser/ros2_ws/install/realsense2_camera/share/realsense2_camera/examples/pointcloud/rs_d405_pointcloud_launch.py
[1.884s] -- Up-to-date symlink: /home/vboxuser/ros2_ws/install/realsense2_camera/share/realsense2_camera/examples/pointcloud/rs_d455_pointcloud_launch.py
[1.902s] -- Up-to-date symlink: /home/vboxuser/ros2_ws/install/realsense2_camera/share/realsense2_camera/examples/pointcloud/rs_pointcloud_launch.py
[1.921s] -- Up-to-date symlink: /home/vboxuser/ros2_ws/install/realsense2_camera/share/realsense2_camera/examples/pointcloud/rviz/pointcloud.rviz
[1.934s] -- Up-to-date symlink: /home/vboxuser/ros2_ws/install/realsense2_camera/share/realsense2_camera/examples/pointcloud/rviz/urdf_pointcloud.rviz
[1.973s] -- Up-to-date symlink: /home/vboxuser/ros2_ws/install/realsense2_camera/share/realsense2_camera/environment/library_path.sh
[1.974s] -- Up-to-date symlink: /home/vboxuser/ros2_ws/install/realsense2_camera/share/realsense2_camera/environment/library_path.dsv
[2.002s] -- Up-to-date symlink: /home/vboxuser/ros2_ws/install/realsense2_camera/share/ament_index/resource_index/package_run_dependencies/realsense2_camera
[2.024s] -- Up-to-date symlink: /home/vboxuser/ros2_ws/install/realsense2_camera/share/ament_index/resource_index/parent_prefix_path/realsense2_camera
[2.028s] -- Up-to-date symlink: /home/vboxuser/ros2_ws/install/realsense2_camera/share/realsense2_camera/environment/ament_prefix_path.sh
[2.030s] -- Up-to-date symlink: /home/vboxuser/ros2_ws/install/realsense2_camera/share/realsense2_camera/environment/ament_prefix_path.dsv
[2.047s] -- Up-to-date symlink: /home/vboxuser/ros2_ws/install/realsense2_camera/share/realsense2_camera/environment/path.sh
[2.055s] -- Up-to-date symlink: /home/vboxuser/ros2_ws/install/realsense2_camera/share/realsense2_camera/environment/path.dsv
[2.061s] -- Up-to-date symlink: /home/vboxuser/ros2_ws/install/realsense2_camera/share/realsense2_camera/local_setup.bash
[2.063s] -- Up-to-date symlink: /home/vboxuser/ros2_ws/install/realsense2_camera/share/realsense2_camera/local_setup.sh
[2.070s] -- Up-to-date symlink: /home/vboxuser/ros2_ws/install/realsense2_camera/share/realsense2_camera/local_setup.zsh
[2.076s] -- Up-to-date symlink: /home/vboxuser/ros2_ws/install/realsense2_camera/share/realsense2_camera/local_setup.dsv
[2.077s] -- Symlinking: /home/vboxuser/ros2_ws/install/realsense2_camera/share/realsense2_camera/package.dsv
[2.135s] -- Up-to-date symlink: /home/vboxuser/ros2_ws/install/realsense2_camera/share/ament_index/resource_index/packages/realsense2_camera
[2.150s] -- Up-to-date symlink: /home/vboxuser/ros2_ws/install/realsense2_camera/share/ament_index/resource_index/rclcpp_components/realsense2_camera
[2.153s] -- Up-to-date symlink: /home/vboxuser/ros2_ws/install/realsense2_camera/share/realsense2_camera/cmake/ament_cmake_export_include_directories-extras.cmake
[2.156s] -- Up-to-date symlink: /home/vboxuser/ros2_ws/install/realsense2_camera/share/realsense2_camera/cmake/ament_cmake_export_libraries-extras.cmake
[2.163s] -- Up-to-date symlink: /home/vboxuser/ros2_ws/install/realsense2_camera/share/realsense2_camera/cmake/ament_cmake_export_dependencies-extras.cmake
[2.170s] -- Up-to-date symlink: /home/vboxuser/ros2_ws/install/realsense2_camera/share/realsense2_camera/cmake/realsense2_cameraConfig.cmake
[2.187s] -- Up-to-date symlink: /home/vboxuser/ros2_ws/install/realsense2_camera/share/realsense2_camera/cmake/realsense2_cameraConfig-version.cmake
[2.202s] -- Up-to-date symlink: /home/vboxuser/ros2_ws/install/realsense2_camera/share/realsense2_camera/package.xml
[2.211s] Invoked command in '/home/vboxuser/ros2_ws/build/realsense2_camera' returned '0': AMENT_PREFIX_PATH=/home/vboxuser/ros2_ws/install/realsense2_camera_msgs:${AMENT_PREFIX_PATH} CMAKE_PREFIX_PATH=/home/vboxuser/ros2_ws/install/realsense2_camera_msgs:/opt/ros/foxy LD_LIBRARY_PATH=/home/vboxuser/ros2_ws/install/realsense2_camera_msgs/lib:${LD_LIBRARY_PATH} PYTHONPATH=/home/vboxuser/ros2_ws/install/realsense2_camera_msgs/lib/python3.8/site-packages:${PYTHONPATH} /usr/bin/cmake --install /home/vboxuser/ros2_ws/build/realsense2_camera
