[1.321s] Invoking command in '/home/vboxuser/Thesis/src/robot_control': CMAKE_PREFIX_PATH=/home/vboxuser/Thesis/install/action_interfaces:/home/vboxuser/Thesis/install/realsense2_description:/home/vboxuser/Thesis/install/realsense2_camera:/home/vboxuser/Thesis/install/realsense2_camera_msgs:/home/vboxuser/Thesis/install/kr_example_cpp:/home/vboxuser/Thesis/install/kr_msgs LD_LIBRARY_PATH=/home/vboxuser/Thesis/install/action_interfaces/lib:/home/vboxuser/Thesis/install/realsense2_camera/lib:/home/vboxuser/Thesis/install/realsense2_camera_msgs/lib:/home/vboxuser/Thesis/install/kr_msgs/lib:/opt/ros/foxy/opt/yaml_cpp_vendor/lib:/opt/ros/foxy/opt/rviz_ogre_vendor/lib:/opt/ros/foxy/lib/x86_64-linux-gnu:/opt/ros/foxy/lib PYTHONPATH=/home/vboxuser/Thesis/build/robot_control/prefix_override:/usr/lib/python3/dist-packages/colcon_core/task/python/colcon_distutils_commands:/home/vboxuser/Thesis/install/robot_control/lib/python3.8/site-packages:/home/vboxuser/Thesis/install/action_interfaces/lib/python3.8/site-packages:/home/vboxuser/Thesis/install/vision/lib/python3.8/site-packages:/home/vboxuser/Thesis/install/vcnanoz/lib/python3.8/site-packages:/home/vboxuser/Thesis/install/sensopart_visor/lib/python3.8/site-packages:/home/vboxuser/Thesis/install/robot_control/lib/python3.8/site-packages:/home/vboxuser/Thesis/install/realsense2_camera_msgs/lib/python3.8/site-packages:/home/vboxuser/Thesis/install/kr_example_python/lib/python3.8/site-packages:/home/vboxuser/Thesis/install/kr_msgs/lib/python3.8/site-packages:/home/vboxuser/Thesis/install/bt_pkg/lib/python3.8/site-packages:/home/vboxuser/Thesis/install/action_servers/lib/python3.8/site-packages:/opt/ros/foxy/lib/python3.8/site-packages /usr/bin/python3 -W ignore:setup.py install is deprecated setup.py egg_info --egg-base ../../build/robot_control build --build-base /home/vboxuser/Thesis/build/robot_control/build install --record /home/vboxuser/Thesis/build/robot_control/install.log --install-scripts $base/lib/robot_control --single-version-externally-managed install_data
[1.557s] running egg_info
[1.558s] writing ../../build/robot_control/robot_control.egg-info/PKG-INFO
[1.559s] writing dependency_links to ../../build/robot_control/robot_control.egg-info/dependency_links.txt
[1.560s] writing entry points to ../../build/robot_control/robot_control.egg-info/entry_points.txt
[1.560s] writing requirements to ../../build/robot_control/robot_control.egg-info/requires.txt
[1.560s] writing top-level names to ../../build/robot_control/robot_control.egg-info/top_level.txt
[1.599s] reading manifest file '../../build/robot_control/robot_control.egg-info/SOURCES.txt'
[1.599s] writing manifest file '../../build/robot_control/robot_control.egg-info/SOURCES.txt'
[1.600s] running build
[1.600s] running build_py
[1.600s] copying robot_control/tf_test_transformation.py -> /home/vboxuser/Thesis/build/robot_control/build/lib/robot_control
[1.601s] running install
[1.602s] running install_lib
[1.602s] copying /home/vboxuser/Thesis/build/robot_control/build/lib/robot_control/tf_test_transformation.py -> /home/vboxuser/Thesis/install/robot_control/lib/python3.8/site-packages/robot_control
[1.602s] byte-compiling /home/vboxuser/Thesis/install/robot_control/lib/python3.8/site-packages/robot_control/tf_test_transformation.py to tf_test_transformation.cpython-38.pyc
[1.604s] running install_data
[1.605s] running install_egg_info
[1.608s] removing '/home/vboxuser/Thesis/install/robot_control/lib/python3.8/site-packages/robot_control-0.0.0-py3.8.egg-info' (and everything under it)
[1.609s] Copying ../../build/robot_control/robot_control.egg-info to /home/vboxuser/Thesis/install/robot_control/lib/python3.8/site-packages/robot_control-0.0.0-py3.8.egg-info
[1.609s] running install_scripts
[1.625s] Installing MoveTcpAlongAxis_action_client script to /home/vboxuser/Thesis/install/robot_control/lib/robot_control
[1.633s] Installing fibonacci_action_client script to /home/vboxuser/Thesis/install/robot_control/lib/robot_control
[1.633s] Installing get_robot_pose_node script to /home/vboxuser/Thesis/install/robot_control/lib/robot_control
[1.633s] Installing hello_node script to /home/vboxuser/Thesis/install/robot_control/lib/robot_control
[1.638s] Installing move_along_baseline_client script to /home/vboxuser/Thesis/install/robot_control/lib/robot_control
[1.638s] Installing move_lin_by_key script to /home/vboxuser/Thesis/install/robot_control/lib/robot_control
[1.638s] Installing print_frames script to /home/vboxuser/Thesis/install/robot_control/lib/robot_control
[1.638s] Installing print_tcp_pose script to /home/vboxuser/Thesis/install/robot_control/lib/robot_control
[1.640s] Installing read_transformation_delta script to /home/vboxuser/Thesis/install/robot_control/lib/robot_control
[1.640s] Installing read_transformation_snapshot script to /home/vboxuser/Thesis/install/robot_control/lib/robot_control
[1.640s] Installing robot_TcpPose_node script to /home/vboxuser/Thesis/install/robot_control/lib/robot_control
[1.640s] Installing set_frame_client script to /home/vboxuser/Thesis/install/robot_control/lib/robot_control
[1.645s] Installing tf_frames_publisher script to /home/vboxuser/Thesis/install/robot_control/lib/robot_control
[1.646s] Installing tf_test_transformation script to /home/vboxuser/Thesis/install/robot_control/lib/robot_control
[1.646s] Installing transformation_delta script to /home/vboxuser/Thesis/install/robot_control/lib/robot_control
[1.646s] Installing transformation_snapshot script to /home/vboxuser/Thesis/install/robot_control/lib/robot_control
[1.646s] writing list of installed files to '/home/vboxuser/Thesis/build/robot_control/install.log'
[1.674s] Invoked command in '/home/vboxuser/Thesis/src/robot_control' returned '0': CMAKE_PREFIX_PATH=/home/vboxuser/Thesis/install/action_interfaces:/home/vboxuser/Thesis/install/realsense2_description:/home/vboxuser/Thesis/install/realsense2_camera:/home/vboxuser/Thesis/install/realsense2_camera_msgs:/home/vboxuser/Thesis/install/kr_example_cpp:/home/vboxuser/Thesis/install/kr_msgs LD_LIBRARY_PATH=/home/vboxuser/Thesis/install/action_interfaces/lib:/home/vboxuser/Thesis/install/realsense2_camera/lib:/home/vboxuser/Thesis/install/realsense2_camera_msgs/lib:/home/vboxuser/Thesis/install/kr_msgs/lib:/opt/ros/foxy/opt/yaml_cpp_vendor/lib:/opt/ros/foxy/opt/rviz_ogre_vendor/lib:/opt/ros/foxy/lib/x86_64-linux-gnu:/opt/ros/foxy/lib PYTHONPATH=/home/vboxuser/Thesis/build/robot_control/prefix_override:/usr/lib/python3/dist-packages/colcon_core/task/python/colcon_distutils_commands:/home/vboxuser/Thesis/install/robot_control/lib/python3.8/site-packages:/home/vboxuser/Thesis/install/action_interfaces/lib/python3.8/site-packages:/home/vboxuser/Thesis/install/vision/lib/python3.8/site-packages:/home/vboxuser/Thesis/install/vcnanoz/lib/python3.8/site-packages:/home/vboxuser/Thesis/install/sensopart_visor/lib/python3.8/site-packages:/home/vboxuser/Thesis/install/robot_control/lib/python3.8/site-packages:/home/vboxuser/Thesis/install/realsense2_camera_msgs/lib/python3.8/site-packages:/home/vboxuser/Thesis/install/kr_example_python/lib/python3.8/site-packages:/home/vboxuser/Thesis/install/kr_msgs/lib/python3.8/site-packages:/home/vboxuser/Thesis/install/bt_pkg/lib/python3.8/site-packages:/home/vboxuser/Thesis/install/action_servers/lib/python3.8/site-packages:/opt/ros/foxy/lib/python3.8/site-packages /usr/bin/python3 -W ignore:setup.py install is deprecated setup.py egg_info --egg-base ../../build/robot_control build --build-base /home/vboxuser/Thesis/build/robot_control/build install --record /home/vboxuser/Thesis/build/robot_control/install.log --install-scripts $base/lib/robot_control --single-version-externally-managed install_data
