[2.277s] Invoking command in '/home/vboxuser/ros2_ws/src/VCnanoZ_ros2': PYTHONPATH=/home/vboxuser/ros2_ws/build/VCnanoZ_ros2/prefix_override:/usr/lib/python3/dist-packages/colcon_core/task/python/colcon_distutils_commands:/home/vboxuser/ros2_ws/install/VCnanoZ_ros2/lib/python3.8/site-packages:${PYTHONPATH} /usr/bin/python3 -W ignore:setup.py install is deprecated -W ignore:easy_install command is deprecated setup.py egg_info --egg-base ../../build/VCnanoZ_ros2 build --build-base /home/vboxuser/ros2_ws/build/VCnanoZ_ros2/build install --record /home/vboxuser/ros2_ws/build/VCnanoZ_ros2/install.log --install-scripts $base/lib/VCnanoZ_ros2 --single-version-externally-managed install_data
[2.589s] running egg_info
[2.590s] creating ../../build/VCnanoZ_ros2/VCnanoZ_ros2.egg-info
[2.590s] writing ../../build/VCnanoZ_ros2/VCnanoZ_ros2.egg-info/PKG-INFO
[2.591s] writing dependency_links to ../../build/VCnanoZ_ros2/VCnanoZ_ros2.egg-info/dependency_links.txt
[2.591s] writing entry points to ../../build/VCnanoZ_ros2/VCnanoZ_ros2.egg-info/entry_points.txt
[2.591s] writing requirements to ../../build/VCnanoZ_ros2/VCnanoZ_ros2.egg-info/requires.txt
[2.591s] writing top-level names to ../../build/VCnanoZ_ros2/VCnanoZ_ros2.egg-info/top_level.txt
[2.594s] writing manifest file '../../build/VCnanoZ_ros2/VCnanoZ_ros2.egg-info/SOURCES.txt'
[2.661s] reading manifest file '../../build/VCnanoZ_ros2/VCnanoZ_ros2.egg-info/SOURCES.txt'
[2.664s] writing manifest file '../../build/VCnanoZ_ros2/VCnanoZ_ros2.egg-info/SOURCES.txt'
[2.666s] running build
[2.667s] running build_py
[2.667s] creating /home/vboxuser/ros2_ws/build/VCnanoZ_ros2/build
[2.667s] creating /home/vboxuser/ros2_ws/build/VCnanoZ_ros2/build/lib
[2.667s] creating /home/vboxuser/ros2_ws/build/VCnanoZ_ros2/build/lib/VCnanoZ_ros2
[2.667s] copying VCnanoZ_ros2/__init__.py -> /home/vboxuser/ros2_ws/build/VCnanoZ_ros2/build/lib/VCnanoZ_ros2
[2.668s] running install
[2.669s] running install_lib
[2.671s] creating /home/vboxuser/ros2_ws/install/VCnanoZ_ros2/lib/python3.8/site-packages/VCnanoZ_ros2
[2.671s] copying /home/vboxuser/ros2_ws/build/VCnanoZ_ros2/build/lib/VCnanoZ_ros2/__init__.py -> /home/vboxuser/ros2_ws/install/VCnanoZ_ros2/lib/python3.8/site-packages/VCnanoZ_ros2
[2.673s] byte-compiling /home/vboxuser/ros2_ws/install/VCnanoZ_ros2/lib/python3.8/site-packages/VCnanoZ_ros2/__init__.py to __init__.cpython-38.pyc
[2.681s] running install_data
[2.681s] creating /home/vboxuser/ros2_ws/install/VCnanoZ_ros2/share/ament_index
[2.681s] creating /home/vboxuser/ros2_ws/install/VCnanoZ_ros2/share/ament_index/resource_index
[2.682s] creating /home/vboxuser/ros2_ws/install/VCnanoZ_ros2/share/ament_index/resource_index/packages
[2.682s] copying resource/VCnanoZ_ros2 -> /home/vboxuser/ros2_ws/install/VCnanoZ_ros2/share/ament_index/resource_index/packages
[2.682s] copying package.xml -> /home/vboxuser/ros2_ws/install/VCnanoZ_ros2/share/VCnanoZ_ros2
[2.682s] running install_egg_info
[2.685s] Copying ../../build/VCnanoZ_ros2/VCnanoZ_ros2.egg-info to /home/vboxuser/ros2_ws/install/VCnanoZ_ros2/lib/python3.8/site-packages/VCnanoZ_ros2-0.0.0-py3.8.egg-info
[2.688s] running install_scripts
[2.713s] writing list of installed files to '/home/vboxuser/ros2_ws/build/VCnanoZ_ros2/install.log'
[2.749s] Invoked command in '/home/vboxuser/ros2_ws/src/VCnanoZ_ros2' returned '0': PYTHONPATH=/home/vboxuser/ros2_ws/build/VCnanoZ_ros2/prefix_override:/usr/lib/python3/dist-packages/colcon_core/task/python/colcon_distutils_commands:/home/vboxuser/ros2_ws/install/VCnanoZ_ros2/lib/python3.8/site-packages:${PYTHONPATH} /usr/bin/python3 -W ignore:setup.py install is deprecated -W ignore:easy_install command is deprecated setup.py egg_info --egg-base ../../build/VCnanoZ_ros2 build --build-base /home/vboxuser/ros2_ws/build/VCnanoZ_ros2/build install --record /home/vboxuser/ros2_ws/build/VCnanoZ_ros2/install.log --install-scripts $base/lib/VCnanoZ_ros2 --single-version-externally-managed install_data
