[1.703s] Invoking command in '/home/mo/Thesis/src/vision': PYTHONPATH=/home/mo/Thesis/build/vision/prefix_override:/usr/lib/python3/dist-packages/colcon_core/task/python/colcon_distutils_commands:/home/mo/Thesis/install/vision/lib/python3.8/site-packages:${PYTHONPATH} /usr/bin/python3 -W ignore:setup.py install is deprecated -W ignore:easy_install command is deprecated setup.py egg_info --egg-base ../../build/vision build --build-base /home/mo/Thesis/build/vision/build install --record /home/mo/Thesis/build/vision/install.log --install-scripts $base/lib/vision --single-version-externally-managed install_data
[1.956s] running egg_info
[1.956s] writing ../../build/vision/vision.egg-info/PKG-INFO
[1.956s] writing dependency_links to ../../build/vision/vision.egg-info/dependency_links.txt
[1.956s] writing entry points to ../../build/vision/vision.egg-info/entry_points.txt
[1.956s] writing requirements to ../../build/vision/vision.egg-info/requires.txt
[1.956s] writing top-level names to ../../build/vision/vision.egg-info/top_level.txt
[1.957s] reading manifest file '../../build/vision/vision.egg-info/SOURCES.txt'
[1.957s] writing manifest file '../../build/vision/vision.egg-info/SOURCES.txt'
[1.957s] running build
[1.960s] running build_py
[1.961s] running install
[1.962s] running install_lib
[1.963s] running install_data
[1.963s] running install_egg_info
[1.977s] removing '/home/mo/Thesis/install/vision/lib/python3.8/site-packages/vision-0.0.0-py3.8.egg-info' (and everything under it)
[1.977s] Copying ../../build/vision/vision.egg-info to /home/mo/Thesis/install/vision/lib/python3.8/site-packages/vision-0.0.0-py3.8.egg-info
[1.982s] running install_scripts
[1.987s] Installing calibration script to /home/mo/Thesis/install/vision/lib/vision
[1.987s] Installing hook_detector script to /home/mo/Thesis/install/vision/lib/vision
[1.987s] Installing image_filters script to /home/mo/Thesis/install/vision/lib/vision
[1.987s] Installing image_receiver script to /home/mo/Thesis/install/vision/lib/vision
[1.987s] Installing maskrcnn_inference script to /home/mo/Thesis/install/vision/lib/vision
[1.987s] Installing point_finder_2d script to /home/mo/Thesis/install/vision/lib/vision
[1.987s] Installing point_finder_3d script to /home/mo/Thesis/install/vision/lib/vision
[1.988s] Installing stereo_triangulation script to /home/mo/Thesis/install/vision/lib/vision
[1.988s] Installing stereo_triangulation_with_robot script to /home/mo/Thesis/install/vision/lib/vision
[1.988s] Installing test_node script to /home/mo/Thesis/install/vision/lib/vision
[1.988s] Installing yolov8_inference script to /home/mo/Thesis/install/vision/lib/vision
[1.988s] writing list of installed files to '/home/mo/Thesis/build/vision/install.log'
[2.014s] Invoked command in '/home/mo/Thesis/src/vision' returned '0': PYTHONPATH=/home/mo/Thesis/build/vision/prefix_override:/usr/lib/python3/dist-packages/colcon_core/task/python/colcon_distutils_commands:/home/mo/Thesis/install/vision/lib/python3.8/site-packages:${PYTHONPATH} /usr/bin/python3 -W ignore:setup.py install is deprecated -W ignore:easy_install command is deprecated setup.py egg_info --egg-base ../../build/vision build --build-base /home/mo/Thesis/build/vision/build install --record /home/mo/Thesis/build/vision/install.log --install-scripts $base/lib/vision --single-version-externally-managed install_data
