[0.740s] Invoking command in '/home/vboxuser/ros2_ws/src/vision': PYTHONPATH=/home/vboxuser/ros2_ws/build/vision/prefix_override:/usr/lib/python3/dist-packages/colcon_core/task/python/colcon_distutils_commands:/home/vboxuser/ros2_ws/install/vision/lib/python3.8/site-packages:${PYTHONPATH} /usr/bin/python3 -W ignore:setup.py install is deprecated setup.py egg_info --egg-base ../../build/vision build --build-base /home/vboxuser/ros2_ws/build/vision/build install --record /home/vboxuser/ros2_ws/build/vision/install.log --install-scripts $base/lib/vision --single-version-externally-managed install_data
[0.957s] running egg_info
[0.957s] writing ../../build/vision/vision.egg-info/PKG-INFO
[0.958s] writing dependency_links to ../../build/vision/vision.egg-info/dependency_links.txt
[0.958s] writing entry points to ../../build/vision/vision.egg-info/entry_points.txt
[0.958s] writing requirements to ../../build/vision/vision.egg-info/requires.txt
[0.959s] writing top-level names to ../../build/vision/vision.egg-info/top_level.txt
[0.994s] reading manifest file '../../build/vision/vision.egg-info/SOURCES.txt'
[0.994s] writing manifest file '../../build/vision/vision.egg-info/SOURCES.txt'
[0.994s] running build
[0.995s] running build_py
[0.995s] copying vision/point_finder_3d.py -> /home/vboxuser/ros2_ws/build/vision/build/lib/vision
[0.995s] running install
[0.995s] running install_lib
[0.995s] copying /home/vboxuser/ros2_ws/build/vision/build/lib/vision/point_finder_3d.py -> /home/vboxuser/ros2_ws/install/vision/lib/python3.8/site-packages/vision
[0.995s] byte-compiling /home/vboxuser/ros2_ws/install/vision/lib/python3.8/site-packages/vision/point_finder_3d.py to point_finder_3d.cpython-38.pyc
[0.995s] running install_data
[0.995s] running install_egg_info
[0.998s] removing '/home/vboxuser/ros2_ws/install/vision/lib/python3.8/site-packages/vision-0.0.0-py3.8.egg-info' (and everything under it)
[0.998s] Copying ../../build/vision/vision.egg-info to /home/vboxuser/ros2_ws/install/vision/lib/python3.8/site-packages/vision-0.0.0-py3.8.egg-info
[0.999s] running install_scripts
[1.016s] Installing calibration script to /home/vboxuser/ros2_ws/install/vision/lib/vision
[1.017s] Installing image_receiver script to /home/vboxuser/ros2_ws/install/vision/lib/vision
[1.018s] Installing point_finder_2d script to /home/vboxuser/ros2_ws/install/vision/lib/vision
[1.018s] Installing point_finder_3d script to /home/vboxuser/ros2_ws/install/vision/lib/vision
[1.018s] Installing test_node script to /home/vboxuser/ros2_ws/install/vision/lib/vision
[1.019s] writing list of installed files to '/home/vboxuser/ros2_ws/build/vision/install.log'
[1.060s] Invoked command in '/home/vboxuser/ros2_ws/src/vision' returned '0': PYTHONPATH=/home/vboxuser/ros2_ws/build/vision/prefix_override:/usr/lib/python3/dist-packages/colcon_core/task/python/colcon_distutils_commands:/home/vboxuser/ros2_ws/install/vision/lib/python3.8/site-packages:${PYTHONPATH} /usr/bin/python3 -W ignore:setup.py install is deprecated setup.py egg_info --egg-base ../../build/vision build --build-base /home/vboxuser/ros2_ws/build/vision/build install --record /home/vboxuser/ros2_ws/build/vision/install.log --install-scripts $base/lib/vision --single-version-externally-managed install_data
