[1.809s] Invoking command in '/home/vboxuser/ros2_ws/build/bt_pkg': PYTHONPATH=/home/vboxuser/ros2_ws/build/bt_pkg/prefix_override:/usr/lib/python3/dist-packages/colcon_core/task/python/colcon_distutils_commands:/home/vboxuser/ros2_ws/install/bt_pkg/lib/python3.8/site-packages:${PYTHONPATH} /usr/bin/python3 -W ignore:setup.py install is deprecated setup.py develop --uninstall --editable --build-directory /home/vboxuser/ros2_ws/build/bt_pkg/build
[2.119s] running develop
[2.296s] Removing /home/vboxuser/ros2_ws/install/bt_pkg/lib/python3.8/site-packages/bt-pkg.egg-link (link to .)
[2.330s] Invoked command in '/home/vboxuser/ros2_ws/build/bt_pkg' returned '0': PYTHONPATH=/home/vboxuser/ros2_ws/build/bt_pkg/prefix_override:/usr/lib/python3/dist-packages/colcon_core/task/python/colcon_distutils_commands:/home/vboxuser/ros2_ws/install/bt_pkg/lib/python3.8/site-packages:${PYTHONPATH} /usr/bin/python3 -W ignore:setup.py install is deprecated setup.py develop --uninstall --editable --build-directory /home/vboxuser/ros2_ws/build/bt_pkg/build
[2.337s] Invoking command in '/home/vboxuser/ros2_ws/src/bt_pkg': PYTHONPATH=/home/vboxuser/ros2_ws/build/bt_pkg/prefix_override:/usr/lib/python3/dist-packages/colcon_core/task/python/colcon_distutils_commands:/home/vboxuser/ros2_ws/install/bt_pkg/lib/python3.8/site-packages:${PYTHONPATH} /usr/bin/python3 -W ignore:setup.py install is deprecated setup.py egg_info --egg-base ../../build/bt_pkg build --build-base /home/vboxuser/ros2_ws/build/bt_pkg/build install --record /home/vboxuser/ros2_ws/build/bt_pkg/install.log --install-scripts $base/lib/bt_pkg --single-version-externally-managed install_data --force
[2.662s] running egg_info
[2.662s] writing ../../build/bt_pkg/bt_pkg.egg-info/PKG-INFO
[2.662s] writing dependency_links to ../../build/bt_pkg/bt_pkg.egg-info/dependency_links.txt
[2.663s] writing entry points to ../../build/bt_pkg/bt_pkg.egg-info/entry_points.txt
[2.663s] writing requirements to ../../build/bt_pkg/bt_pkg.egg-info/requires.txt
[2.663s] writing top-level names to ../../build/bt_pkg/bt_pkg.egg-info/top_level.txt
[2.704s] reading manifest file '../../build/bt_pkg/bt_pkg.egg-info/SOURCES.txt'
[2.705s] writing manifest file '../../build/bt_pkg/bt_pkg.egg-info/SOURCES.txt'
[2.705s] running build
[2.705s] running build_py
[2.706s] creating /home/vboxuser/ros2_ws/build/bt_pkg/build
[2.709s] creating /home/vboxuser/ros2_ws/build/bt_pkg/build/lib
[2.710s] creating /home/vboxuser/ros2_ws/build/bt_pkg/build/lib/bt_pkg
[2.710s] copying bt_pkg/bt_example_tree.py -> /home/vboxuser/ros2_ws/build/bt_pkg/build/lib/bt_pkg
[2.710s] copying bt_pkg/__init__.py -> /home/vboxuser/ros2_ws/build/bt_pkg/build/lib/bt_pkg
[2.710s] running install
[2.710s] running install_lib
[2.711s] creating /home/vboxuser/ros2_ws/install/bt_pkg/lib/python3.8/site-packages/bt_pkg
[2.711s] copying /home/vboxuser/ros2_ws/build/bt_pkg/build/lib/bt_pkg/bt_example_tree.py -> /home/vboxuser/ros2_ws/install/bt_pkg/lib/python3.8/site-packages/bt_pkg
[2.711s] copying /home/vboxuser/ros2_ws/build/bt_pkg/build/lib/bt_pkg/__init__.py -> /home/vboxuser/ros2_ws/install/bt_pkg/lib/python3.8/site-packages/bt_pkg
[2.713s] byte-compiling /home/vboxuser/ros2_ws/install/bt_pkg/lib/python3.8/site-packages/bt_pkg/bt_example_tree.py to bt_example_tree.cpython-38.pyc
[2.718s] byte-compiling /home/vboxuser/ros2_ws/install/bt_pkg/lib/python3.8/site-packages/bt_pkg/__init__.py to __init__.cpython-38.pyc
[2.719s] running install_data
[2.720s] copying resource/bt_pkg -> /home/vboxuser/ros2_ws/install/bt_pkg/share/ament_index/resource_index/packages
[2.720s] copying package.xml -> /home/vboxuser/ros2_ws/install/bt_pkg/share/bt_pkg
[2.722s] running install_egg_info
[2.726s] Copying ../../build/bt_pkg/bt_pkg.egg-info to /home/vboxuser/ros2_ws/install/bt_pkg/lib/python3.8/site-packages/bt_pkg-0.0.0-py3.8.egg-info
[2.729s] running install_scripts
[2.753s] Installing bt_example_tree script to /home/vboxuser/ros2_ws/install/bt_pkg/lib/bt_pkg
[2.753s] Installing bt_scan_hookstrip script to /home/vboxuser/ros2_ws/install/bt_pkg/lib/bt_pkg
[2.753s] writing list of installed files to '/home/vboxuser/ros2_ws/build/bt_pkg/install.log'
[2.808s] Invoked command in '/home/vboxuser/ros2_ws/src/bt_pkg' returned '0': PYTHONPATH=/home/vboxuser/ros2_ws/build/bt_pkg/prefix_override:/usr/lib/python3/dist-packages/colcon_core/task/python/colcon_distutils_commands:/home/vboxuser/ros2_ws/install/bt_pkg/lib/python3.8/site-packages:${PYTHONPATH} /usr/bin/python3 -W ignore:setup.py install is deprecated setup.py egg_info --egg-base ../../build/bt_pkg build --build-base /home/vboxuser/ros2_ws/build/bt_pkg/build install --record /home/vboxuser/ros2_ws/build/bt_pkg/install.log --install-scripts $base/lib/bt_pkg --single-version-externally-managed install_data --force
