[2.030s] Invoking command in '/home/vboxuser/ros2_ws/src/vision': PYTHONPATH=/home/vboxuser/ros2_ws/build/vision/prefix_override:/usr/lib/python3/dist-packages/colcon_core/task/python/colcon_distutils_commands:/home/vboxuser/ros2_ws/install/vision/lib/python3.8/site-packages:${PYTHONPATH} /usr/bin/python3 -W ignore:setup.py install is deprecated -W ignore:easy_install command is deprecated setup.py egg_info --egg-base ../../build/vision build --build-base /home/vboxuser/ros2_ws/build/vision/build install --record /home/vboxuser/ros2_ws/build/vision/install.log --install-scripts $base/lib/vision --single-version-externally-managed install_data
[2.356s] running egg_info
[2.358s] writing ../../build/vision/vision.egg-info/PKG-INFO
[2.360s] writing dependency_links to ../../build/vision/vision.egg-info/dependency_links.txt
[2.360s] writing entry points to ../../build/vision/vision.egg-info/entry_points.txt
[2.360s] writing requirements to ../../build/vision/vision.egg-info/requires.txt
[2.360s] writing top-level names to ../../build/vision/vision.egg-info/top_level.txt
[2.392s] reading manifest file '../../build/vision/vision.egg-info/SOURCES.txt'
[2.392s] writing manifest file '../../build/vision/vision.egg-info/SOURCES.txt'
[2.393s] running build
[2.393s] running build_py
[2.394s] running install
[2.395s] running install_lib
[2.397s] running install_data
[2.397s] running install_egg_info
[2.399s] removing '/home/vboxuser/ros2_ws/install/vision/lib/python3.8/site-packages/vision-0.0.0-py3.8.egg-info' (and everything under it)
[2.400s] Copying ../../build/vision/vision.egg-info to /home/vboxuser/ros2_ws/install/vision/lib/python3.8/site-packages/vision-0.0.0-py3.8.egg-info
[2.401s] running install_scripts
[2.424s] Installing calibration script to /home/vboxuser/ros2_ws/install/vision/lib/vision
[2.429s] Installing image_filters script to /home/vboxuser/ros2_ws/install/vision/lib/vision
[2.429s] Installing image_receiver script to /home/vboxuser/ros2_ws/install/vision/lib/vision
[2.429s] Installing point_finder_2d script to /home/vboxuser/ros2_ws/install/vision/lib/vision
[2.429s] Installing point_finder_3d script to /home/vboxuser/ros2_ws/install/vision/lib/vision
[2.429s] Installing stereo_triangulation script to /home/vboxuser/ros2_ws/install/vision/lib/vision
[2.430s] Installing stereo_triangulation_with_robot script to /home/vboxuser/ros2_ws/install/vision/lib/vision
[2.430s] Installing test_node script to /home/vboxuser/ros2_ws/install/vision/lib/vision
[2.430s] writing list of installed files to '/home/vboxuser/ros2_ws/build/vision/install.log'
[2.608s] Invoked command in '/home/vboxuser/ros2_ws/src/vision' returned '0': PYTHONPATH=/home/vboxuser/ros2_ws/build/vision/prefix_override:/usr/lib/python3/dist-packages/colcon_core/task/python/colcon_distutils_commands:/home/vboxuser/ros2_ws/install/vision/lib/python3.8/site-packages:${PYTHONPATH} /usr/bin/python3 -W ignore:setup.py install is deprecated -W ignore:easy_install command is deprecated setup.py egg_info --egg-base ../../build/vision build --build-base /home/vboxuser/ros2_ws/build/vision/build install --record /home/vboxuser/ros2_ws/build/vision/install.log --install-scripts $base/lib/vision --single-version-externally-managed install_data
