[1.919s] Invoking command in '/home/vboxuser/Thesis/build/vision': PYTHONPATH=/home/vboxuser/Thesis/build/vision/prefix_override:/usr/lib/python3/dist-packages/colcon_core/task/python/colcon_distutils_commands:/home/vboxuser/Thesis/install/vision/lib/python3.8/site-packages:${PYTHONPATH} /usr/bin/python3 -W ignore:setup.py install is deprecated setup.py develop --editable --build-directory /home/vboxuser/Thesis/build/vision/build --no-deps symlink_data
[2.234s] running develop
[2.347s] running egg_info
[2.352s] writing vision.egg-info/PKG-INFO
[2.352s] writing dependency_links to vision.egg-info/dependency_links.txt
[2.352s] writing entry points to vision.egg-info/entry_points.txt
[2.352s] writing requirements to vision.egg-info/requires.txt
[2.352s] writing top-level names to vision.egg-info/top_level.txt
[2.380s] reading manifest file 'vision.egg-info/SOURCES.txt'
[2.382s] writing manifest file 'vision.egg-info/SOURCES.txt'
[2.456s] running build_ext
[2.456s] Creating /home/vboxuser/Thesis/install/vision/lib/python3.8/site-packages/vision.egg-link (link to .)
[2.456s] Installing calibration script to /home/vboxuser/Thesis/install/vision/lib/vision
[2.456s] Installing hook_detector script to /home/vboxuser/Thesis/install/vision/lib/vision
[2.456s] Installing image_filters script to /home/vboxuser/Thesis/install/vision/lib/vision
[2.456s] Installing image_receiver script to /home/vboxuser/Thesis/install/vision/lib/vision
[2.457s] Installing point_finder_2d script to /home/vboxuser/Thesis/install/vision/lib/vision
[2.457s] Installing point_finder_3d script to /home/vboxuser/Thesis/install/vision/lib/vision
[2.457s] Installing stereo_triangulation script to /home/vboxuser/Thesis/install/vision/lib/vision
[2.457s] Installing stereo_triangulation_with_robot script to /home/vboxuser/Thesis/install/vision/lib/vision
[2.462s] Installing test_node script to /home/vboxuser/Thesis/install/vision/lib/vision
[2.462s] 
[2.462s] Installed /home/vboxuser/Thesis/build/vision
[2.462s] running symlink_data
[2.549s] Invoked command in '/home/vboxuser/Thesis/build/vision' returned '0': PYTHONPATH=/home/vboxuser/Thesis/build/vision/prefix_override:/usr/lib/python3/dist-packages/colcon_core/task/python/colcon_distutils_commands:/home/vboxuser/Thesis/install/vision/lib/python3.8/site-packages:${PYTHONPATH} /usr/bin/python3 -W ignore:setup.py install is deprecated setup.py develop --editable --build-directory /home/vboxuser/Thesis/build/vision/build --no-deps symlink_data
