[0.028s] Invoking command in '/home/vboxuser/ros2_ws/build/kr_example_cpp': CMAKE_PREFIX_PATH=/home/vboxuser/ros2_ws/install/kr_msgs:/home/vboxuser/ros2_ws/install/realsense2_description:/home/vboxuser/ros2_ws/install/realsense2_camera:/home/vboxuser/ros2_ws/install/realsense2_camera_msgs:/home/vboxuser/ros2_ws/install/kr_example_cpp:/home/vboxuser/ros2_ws/install/groot:/home/vboxuser/ros2_ws/install/action_interfaces:/home/vboxuser/ros2_ws/install/vision:/home/vboxuser/ros2_ws/install/robot_control:/home/vboxuser/ros2_ws/install/kr_example_python:/home/vboxuser/ros2_ws/install/bt_pkg:/home/vboxuser/ros2_ws/install/action_tutorials_py:/opt/ros/foxy LD_LIBRARY_PATH=/home/vboxuser/ros2_ws/install/kr_msgs/lib:/home/vboxuser/ros2_ws/install/realsense2_camera/lib:/home/vboxuser/ros2_ws/install/realsense2_camera_msgs/lib:/home/vboxuser/ros2_ws/install/groot/lib:/home/vboxuser/ros2_ws/install/action_tutorials_interfaces/lib:/home/vboxuser/ros2_ws/install/action_tutorial_interfaces/lib:/home/vboxuser/ros2_ws/install/action_interfaces/lib:/opt/ros/foxy/opt/yaml_cpp_vendor/lib:/opt/ros/foxy/opt/rviz_ogre_vendor/lib:/opt/ros/foxy/lib/x86_64-linux-gnu:/opt/ros/foxy/lib PYTHONPATH=/home/vboxuser/ros2_ws/install/kr_msgs/lib/python3.8/site-packages:/home/vboxuser/ros2_ws/install/vision/lib/python3.8/site-packages:/home/vboxuser/ros2_ws/install/robot_control/lib/python3.8/site-packages:/home/vboxuser/ros2_ws/install/realsense2_camera_msgs/lib/python3.8/site-packages:/home/vboxuser/ros2_ws/install/kr_example_python/lib/python3.8/site-packages:/home/vboxuser/ros2_ws/install/bt_pkg/lib/python3.8/site-packages:/home/vboxuser/ros2_ws/install/action_tutorials_py/lib/python3.8/site-packages:/home/vboxuser/ros2_ws/install/action_tutorials_interfaces/lib/python3.8/site-packages:/home/vboxuser/ros2_ws/install/action_tutorial_interfaces/lib/python3.8/site-packages:/home/vboxuser/ros2_ws/install/action_pkg/lib/python3.8/site-packages:/home/vboxuser/ros2_ws/install/action_interfaces/lib/python3.8/site-packages:/opt/ros/foxy/lib/python3.8/site-packages /usr/bin/cmake /home/vboxuser/ros2_ws/src/orange-ros2/kr_example/cpp -DAMENT_CMAKE_SYMLINK_INSTALL=1 -DCMAKE_INSTALL_PREFIX=/home/vboxuser/ros2_ws/install/kr_example_cpp
[0.129s] -- The C compiler identification is GNU 9.4.0
[0.190s] -- The CXX compiler identification is GNU 9.4.0
[0.195s] -- Check for working C compiler: /usr/bin/cc
[0.288s] -- Check for working C compiler: /usr/bin/cc -- works
[0.288s] -- Detecting C compiler ABI info
[0.385s] -- Detecting C compiler ABI info - done
[0.395s] -- Detecting C compile features
[0.395s] -- Detecting C compile features - done
[0.397s] -- Check for working CXX compiler: /usr/bin/c++
[0.499s] -- Check for working CXX compiler: /usr/bin/c++ -- works
[0.500s] -- Detecting CXX compiler ABI info
[0.608s] -- Detecting CXX compiler ABI info - done
[0.619s] -- Detecting CXX compile features
[0.619s] -- Detecting CXX compile features - done
[0.624s] -- Found ament_cmake: 0.9.12 (/opt/ros/foxy/share/ament_cmake/cmake)
[0.663s] -- Found PythonInterp: /usr/bin/python3 (found suitable version "3.8.10", minimum required is "3") 
[0.664s] -- Using PYTHON_EXECUTABLE: /usr/bin/python3
[0.857s] -- Override CMake install command with custom implementation using symlinks instead of copying resources
[0.899s] -- Found rclcpp: 2.4.3 (/opt/ros/foxy/share/rclcpp/cmake)
[0.958s] -- Using all available rosidl_typesupport_c: rosidl_typesupport_fastrtps_c;rosidl_typesupport_introspection_c
[0.969s] -- Found rosidl_adapter: 1.3.1 (/opt/ros/foxy/share/rosidl_adapter/cmake)
[1.092s] -- Found OpenSSL: /usr/lib/x86_64-linux-gnu/libcrypto.so (found version "1.1.1f")  
[1.126s] -- Found FastRTPS: /opt/ros/foxy/include  
[1.215s] -- Using all available rosidl_typesupport_cpp: rosidl_typesupport_fastrtps_cpp;rosidl_typesupport_introspection_cpp
[1.281s] -- Found rmw_implementation_cmake: 1.0.4 (/opt/ros/foxy/share/rmw_implementation_cmake/cmake)
[1.282s] -- Using RMW implementation 'rmw_fastrtps_cpp' as default
[1.283s] -- Looking for pthread.h
[1.392s] -- Looking for pthread.h - found
[1.393s] -- Performing Test CMAKE_HAVE_LIBC_PTHREAD
[1.493s] -- Performing Test CMAKE_HAVE_LIBC_PTHREAD - Failed
[1.493s] -- Looking for pthread_create in pthreads
[1.580s] -- Looking for pthread_create in pthreads - not found
[1.580s] -- Looking for pthread_create in pthread
[1.677s] -- Looking for pthread_create in pthread - found
[1.679s] -- Found Threads: TRUE  
[1.829s] -- Found kr_msgs: 0.0.0 (/home/vboxuser/ros2_ws/install/kr_msgs/share/kr_msgs/cmake)
[1.986s] -- Configuring done
[2.014s] -- Generating done
[2.018s] -- Build files have been written to: /home/vboxuser/ros2_ws/build/kr_example_cpp
[2.034s] Invoked command in '/home/vboxuser/ros2_ws/build/kr_example_cpp' returned '0': CMAKE_PREFIX_PATH=/home/vboxuser/ros2_ws/install/kr_msgs:/home/vboxuser/ros2_ws/install/realsense2_description:/home/vboxuser/ros2_ws/install/realsense2_camera:/home/vboxuser/ros2_ws/install/realsense2_camera_msgs:/home/vboxuser/ros2_ws/install/kr_example_cpp:/home/vboxuser/ros2_ws/install/groot:/home/vboxuser/ros2_ws/install/action_interfaces:/home/vboxuser/ros2_ws/install/vision:/home/vboxuser/ros2_ws/install/robot_control:/home/vboxuser/ros2_ws/install/kr_example_python:/home/vboxuser/ros2_ws/install/bt_pkg:/home/vboxuser/ros2_ws/install/action_tutorials_py:/opt/ros/foxy LD_LIBRARY_PATH=/home/vboxuser/ros2_ws/install/kr_msgs/lib:/home/vboxuser/ros2_ws/install/realsense2_camera/lib:/home/vboxuser/ros2_ws/install/realsense2_camera_msgs/lib:/home/vboxuser/ros2_ws/install/groot/lib:/home/vboxuser/ros2_ws/install/action_tutorials_interfaces/lib:/home/vboxuser/ros2_ws/install/action_tutorial_interfaces/lib:/home/vboxuser/ros2_ws/install/action_interfaces/lib:/opt/ros/foxy/opt/yaml_cpp_vendor/lib:/opt/ros/foxy/opt/rviz_ogre_vendor/lib:/opt/ros/foxy/lib/x86_64-linux-gnu:/opt/ros/foxy/lib PYTHONPATH=/home/vboxuser/ros2_ws/install/kr_msgs/lib/python3.8/site-packages:/home/vboxuser/ros2_ws/install/vision/lib/python3.8/site-packages:/home/vboxuser/ros2_ws/install/robot_control/lib/python3.8/site-packages:/home/vboxuser/ros2_ws/install/realsense2_camera_msgs/lib/python3.8/site-packages:/home/vboxuser/ros2_ws/install/kr_example_python/lib/python3.8/site-packages:/home/vboxuser/ros2_ws/install/bt_pkg/lib/python3.8/site-packages:/home/vboxuser/ros2_ws/install/action_tutorials_py/lib/python3.8/site-packages:/home/vboxuser/ros2_ws/install/action_tutorials_interfaces/lib/python3.8/site-packages:/home/vboxuser/ros2_ws/install/action_tutorial_interfaces/lib/python3.8/site-packages:/home/vboxuser/ros2_ws/install/action_pkg/lib/python3.8/site-packages:/home/vboxuser/ros2_ws/install/action_interfaces/lib/python3.8/site-packages:/opt/ros/foxy/lib/python3.8/site-packages /usr/bin/cmake /home/vboxuser/ros2_ws/src/orange-ros2/kr_example/cpp -DAMENT_CMAKE_SYMLINK_INSTALL=1 -DCMAKE_INSTALL_PREFIX=/home/vboxuser/ros2_ws/install/kr_example_cpp
[2.035s] Invoking command in '/home/vboxuser/ros2_ws/build/kr_example_cpp': CMAKE_PREFIX_PATH=/home/vboxuser/ros2_ws/install/kr_msgs:/home/vboxuser/ros2_ws/install/realsense2_description:/home/vboxuser/ros2_ws/install/realsense2_camera:/home/vboxuser/ros2_ws/install/realsense2_camera_msgs:/home/vboxuser/ros2_ws/install/kr_example_cpp:/home/vboxuser/ros2_ws/install/groot:/home/vboxuser/ros2_ws/install/action_interfaces:/home/vboxuser/ros2_ws/install/vision:/home/vboxuser/ros2_ws/install/robot_control:/home/vboxuser/ros2_ws/install/kr_example_python:/home/vboxuser/ros2_ws/install/bt_pkg:/home/vboxuser/ros2_ws/install/action_tutorials_py:/opt/ros/foxy LD_LIBRARY_PATH=/home/vboxuser/ros2_ws/install/kr_msgs/lib:/home/vboxuser/ros2_ws/install/realsense2_camera/lib:/home/vboxuser/ros2_ws/install/realsense2_camera_msgs/lib:/home/vboxuser/ros2_ws/install/groot/lib:/home/vboxuser/ros2_ws/install/action_tutorials_interfaces/lib:/home/vboxuser/ros2_ws/install/action_tutorial_interfaces/lib:/home/vboxuser/ros2_ws/install/action_interfaces/lib:/opt/ros/foxy/opt/yaml_cpp_vendor/lib:/opt/ros/foxy/opt/rviz_ogre_vendor/lib:/opt/ros/foxy/lib/x86_64-linux-gnu:/opt/ros/foxy/lib PYTHONPATH=/home/vboxuser/ros2_ws/install/kr_msgs/lib/python3.8/site-packages:/home/vboxuser/ros2_ws/install/vision/lib/python3.8/site-packages:/home/vboxuser/ros2_ws/install/robot_control/lib/python3.8/site-packages:/home/vboxuser/ros2_ws/install/realsense2_camera_msgs/lib/python3.8/site-packages:/home/vboxuser/ros2_ws/install/kr_example_python/lib/python3.8/site-packages:/home/vboxuser/ros2_ws/install/bt_pkg/lib/python3.8/site-packages:/home/vboxuser/ros2_ws/install/action_tutorials_py/lib/python3.8/site-packages:/home/vboxuser/ros2_ws/install/action_tutorials_interfaces/lib/python3.8/site-packages:/home/vboxuser/ros2_ws/install/action_tutorial_interfaces/lib/python3.8/site-packages:/home/vboxuser/ros2_ws/install/action_pkg/lib/python3.8/site-packages:/home/vboxuser/ros2_ws/install/action_interfaces/lib/python3.8/site-packages:/opt/ros/foxy/lib/python3.8/site-packages /usr/bin/cmake --build /home/vboxuser/ros2_ws/build/kr_example_cpp -- -j8 -l8
[2.089s] [35m[1mScanning dependencies of target self_motion[0m
[2.091s] [35m[1mScanning dependencies of target follow_joint[0m
[2.091s] [35m[1mScanning dependencies of target jog_linear[0m
[2.091s] [35m[1mScanning dependencies of target robot_state[0m
[2.124s] [35m[1mScanning dependencies of target move_joint[0m
[2.138s] [ 60%] Built target self_motion
[2.138s] [ 60%] Built target follow_joint
[2.138s] [ 60%] Built target jog_linear
[2.174s] [ 80%] Built target move_joint
[2.419s] [100%] Built target robot_state
[2.446s] Invoked command in '/home/vboxuser/ros2_ws/build/kr_example_cpp' returned '0': CMAKE_PREFIX_PATH=/home/vboxuser/ros2_ws/install/kr_msgs:/home/vboxuser/ros2_ws/install/realsense2_description:/home/vboxuser/ros2_ws/install/realsense2_camera:/home/vboxuser/ros2_ws/install/realsense2_camera_msgs:/home/vboxuser/ros2_ws/install/kr_example_cpp:/home/vboxuser/ros2_ws/install/groot:/home/vboxuser/ros2_ws/install/action_interfaces:/home/vboxuser/ros2_ws/install/vision:/home/vboxuser/ros2_ws/install/robot_control:/home/vboxuser/ros2_ws/install/kr_example_python:/home/vboxuser/ros2_ws/install/bt_pkg:/home/vboxuser/ros2_ws/install/action_tutorials_py:/opt/ros/foxy LD_LIBRARY_PATH=/home/vboxuser/ros2_ws/install/kr_msgs/lib:/home/vboxuser/ros2_ws/install/realsense2_camera/lib:/home/vboxuser/ros2_ws/install/realsense2_camera_msgs/lib:/home/vboxuser/ros2_ws/install/groot/lib:/home/vboxuser/ros2_ws/install/action_tutorials_interfaces/lib:/home/vboxuser/ros2_ws/install/action_tutorial_interfaces/lib:/home/vboxuser/ros2_ws/install/action_interfaces/lib:/opt/ros/foxy/opt/yaml_cpp_vendor/lib:/opt/ros/foxy/opt/rviz_ogre_vendor/lib:/opt/ros/foxy/lib/x86_64-linux-gnu:/opt/ros/foxy/lib PYTHONPATH=/home/vboxuser/ros2_ws/install/kr_msgs/lib/python3.8/site-packages:/home/vboxuser/ros2_ws/install/vision/lib/python3.8/site-packages:/home/vboxuser/ros2_ws/install/robot_control/lib/python3.8/site-packages:/home/vboxuser/ros2_ws/install/realsense2_camera_msgs/lib/python3.8/site-packages:/home/vboxuser/ros2_ws/install/kr_example_python/lib/python3.8/site-packages:/home/vboxuser/ros2_ws/install/bt_pkg/lib/python3.8/site-packages:/home/vboxuser/ros2_ws/install/action_tutorials_py/lib/python3.8/site-packages:/home/vboxuser/ros2_ws/install/action_tutorials_interfaces/lib/python3.8/site-packages:/home/vboxuser/ros2_ws/install/action_tutorial_interfaces/lib/python3.8/site-packages:/home/vboxuser/ros2_ws/install/action_pkg/lib/python3.8/site-packages:/home/vboxuser/ros2_ws/install/action_interfaces/lib/python3.8/site-packages:/opt/ros/foxy/lib/python3.8/site-packages /usr/bin/cmake --build /home/vboxuser/ros2_ws/build/kr_example_cpp -- -j8 -l8
[2.533s] Invoking command in '/home/vboxuser/ros2_ws/build/kr_example_cpp': CMAKE_PREFIX_PATH=/home/vboxuser/ros2_ws/install/kr_msgs:/home/vboxuser/ros2_ws/install/realsense2_description:/home/vboxuser/ros2_ws/install/realsense2_camera:/home/vboxuser/ros2_ws/install/realsense2_camera_msgs:/home/vboxuser/ros2_ws/install/kr_example_cpp:/home/vboxuser/ros2_ws/install/groot:/home/vboxuser/ros2_ws/install/action_interfaces:/home/vboxuser/ros2_ws/install/vision:/home/vboxuser/ros2_ws/install/robot_control:/home/vboxuser/ros2_ws/install/kr_example_python:/home/vboxuser/ros2_ws/install/bt_pkg:/home/vboxuser/ros2_ws/install/action_tutorials_py:/opt/ros/foxy LD_LIBRARY_PATH=/home/vboxuser/ros2_ws/install/kr_msgs/lib:/home/vboxuser/ros2_ws/install/realsense2_camera/lib:/home/vboxuser/ros2_ws/install/realsense2_camera_msgs/lib:/home/vboxuser/ros2_ws/install/groot/lib:/home/vboxuser/ros2_ws/install/action_tutorials_interfaces/lib:/home/vboxuser/ros2_ws/install/action_tutorial_interfaces/lib:/home/vboxuser/ros2_ws/install/action_interfaces/lib:/opt/ros/foxy/opt/yaml_cpp_vendor/lib:/opt/ros/foxy/opt/rviz_ogre_vendor/lib:/opt/ros/foxy/lib/x86_64-linux-gnu:/opt/ros/foxy/lib PYTHONPATH=/home/vboxuser/ros2_ws/install/kr_msgs/lib/python3.8/site-packages:/home/vboxuser/ros2_ws/install/vision/lib/python3.8/site-packages:/home/vboxuser/ros2_ws/install/robot_control/lib/python3.8/site-packages:/home/vboxuser/ros2_ws/install/realsense2_camera_msgs/lib/python3.8/site-packages:/home/vboxuser/ros2_ws/install/kr_example_python/lib/python3.8/site-packages:/home/vboxuser/ros2_ws/install/bt_pkg/lib/python3.8/site-packages:/home/vboxuser/ros2_ws/install/action_tutorials_py/lib/python3.8/site-packages:/home/vboxuser/ros2_ws/install/action_tutorials_interfaces/lib/python3.8/site-packages:/home/vboxuser/ros2_ws/install/action_tutorial_interfaces/lib/python3.8/site-packages:/home/vboxuser/ros2_ws/install/action_pkg/lib/python3.8/site-packages:/home/vboxuser/ros2_ws/install/action_interfaces/lib/python3.8/site-packages:/opt/ros/foxy/lib/python3.8/site-packages /usr/bin/cmake --install /home/vboxuser/ros2_ws/build/kr_example_cpp
[2.545s] -- Install configuration: ""
[2.545s] -- Execute custom install script
[2.547s] -- Up-to-date symlink: /home/vboxuser/ros2_ws/install/kr_example_cpp/lib/kr_example_cpp/robot_state
[2.547s] -- Up-to-date symlink: /home/vboxuser/ros2_ws/install/kr_example_cpp/lib/kr_example_cpp/follow_joint
[2.547s] -- Up-to-date symlink: /home/vboxuser/ros2_ws/install/kr_example_cpp/lib/kr_example_cpp/move_joint
[2.547s] -- Up-to-date symlink: /home/vboxuser/ros2_ws/install/kr_example_cpp/lib/kr_example_cpp/jog_linear
[2.547s] -- Up-to-date symlink: /home/vboxuser/ros2_ws/install/kr_example_cpp/lib/kr_example_cpp/self_motion
[2.548s] -- Up-to-date symlink: /home/vboxuser/ros2_ws/install/kr_example_cpp/share/ament_index/resource_index/package_run_dependencies/kr_example_cpp
[2.548s] -- Up-to-date symlink: /home/vboxuser/ros2_ws/install/kr_example_cpp/share/ament_index/resource_index/parent_prefix_path/kr_example_cpp
[2.548s] -- Up-to-date symlink: /home/vboxuser/ros2_ws/install/kr_example_cpp/share/kr_example_cpp/environment/ament_prefix_path.sh
[2.548s] -- Up-to-date symlink: /home/vboxuser/ros2_ws/install/kr_example_cpp/share/kr_example_cpp/environment/ament_prefix_path.dsv
[2.549s] -- Up-to-date symlink: /home/vboxuser/ros2_ws/install/kr_example_cpp/share/kr_example_cpp/environment/path.sh
[2.549s] -- Up-to-date symlink: /home/vboxuser/ros2_ws/install/kr_example_cpp/share/kr_example_cpp/environment/path.dsv
[2.550s] -- Up-to-date symlink: /home/vboxuser/ros2_ws/install/kr_example_cpp/share/kr_example_cpp/local_setup.bash
[2.552s] -- Up-to-date symlink: /home/vboxuser/ros2_ws/install/kr_example_cpp/share/kr_example_cpp/local_setup.sh
[2.552s] -- Up-to-date symlink: /home/vboxuser/ros2_ws/install/kr_example_cpp/share/kr_example_cpp/local_setup.zsh
[2.552s] -- Up-to-date symlink: /home/vboxuser/ros2_ws/install/kr_example_cpp/share/kr_example_cpp/local_setup.dsv
[2.552s] -- Symlinking: /home/vboxuser/ros2_ws/install/kr_example_cpp/share/kr_example_cpp/package.dsv
[2.565s] -- Up-to-date symlink: /home/vboxuser/ros2_ws/install/kr_example_cpp/share/ament_index/resource_index/packages/kr_example_cpp
[2.565s] -- Up-to-date symlink: /home/vboxuser/ros2_ws/install/kr_example_cpp/share/kr_example_cpp/cmake/kr_example_cppConfig.cmake
[2.565s] -- Up-to-date symlink: /home/vboxuser/ros2_ws/install/kr_example_cpp/share/kr_example_cpp/cmake/kr_example_cppConfig-version.cmake
[2.566s] -- Up-to-date symlink: /home/vboxuser/ros2_ws/install/kr_example_cpp/share/kr_example_cpp/package.xml
[2.569s] Invoked command in '/home/vboxuser/ros2_ws/build/kr_example_cpp' returned '0': CMAKE_PREFIX_PATH=/home/vboxuser/ros2_ws/install/kr_msgs:/home/vboxuser/ros2_ws/install/realsense2_description:/home/vboxuser/ros2_ws/install/realsense2_camera:/home/vboxuser/ros2_ws/install/realsense2_camera_msgs:/home/vboxuser/ros2_ws/install/kr_example_cpp:/home/vboxuser/ros2_ws/install/groot:/home/vboxuser/ros2_ws/install/action_interfaces:/home/vboxuser/ros2_ws/install/vision:/home/vboxuser/ros2_ws/install/robot_control:/home/vboxuser/ros2_ws/install/kr_example_python:/home/vboxuser/ros2_ws/install/bt_pkg:/home/vboxuser/ros2_ws/install/action_tutorials_py:/opt/ros/foxy LD_LIBRARY_PATH=/home/vboxuser/ros2_ws/install/kr_msgs/lib:/home/vboxuser/ros2_ws/install/realsense2_camera/lib:/home/vboxuser/ros2_ws/install/realsense2_camera_msgs/lib:/home/vboxuser/ros2_ws/install/groot/lib:/home/vboxuser/ros2_ws/install/action_tutorials_interfaces/lib:/home/vboxuser/ros2_ws/install/action_tutorial_interfaces/lib:/home/vboxuser/ros2_ws/install/action_interfaces/lib:/opt/ros/foxy/opt/yaml_cpp_vendor/lib:/opt/ros/foxy/opt/rviz_ogre_vendor/lib:/opt/ros/foxy/lib/x86_64-linux-gnu:/opt/ros/foxy/lib PYTHONPATH=/home/vboxuser/ros2_ws/install/kr_msgs/lib/python3.8/site-packages:/home/vboxuser/ros2_ws/install/vision/lib/python3.8/site-packages:/home/vboxuser/ros2_ws/install/robot_control/lib/python3.8/site-packages:/home/vboxuser/ros2_ws/install/realsense2_camera_msgs/lib/python3.8/site-packages:/home/vboxuser/ros2_ws/install/kr_example_python/lib/python3.8/site-packages:/home/vboxuser/ros2_ws/install/bt_pkg/lib/python3.8/site-packages:/home/vboxuser/ros2_ws/install/action_tutorials_py/lib/python3.8/site-packages:/home/vboxuser/ros2_ws/install/action_tutorials_interfaces/lib/python3.8/site-packages:/home/vboxuser/ros2_ws/install/action_tutorial_interfaces/lib/python3.8/site-packages:/home/vboxuser/ros2_ws/install/action_pkg/lib/python3.8/site-packages:/home/vboxuser/ros2_ws/install/action_interfaces/lib/python3.8/site-packages:/opt/ros/foxy/lib/python3.8/site-packages /usr/bin/cmake --install /home/vboxuser/ros2_ws/build/kr_example_cpp
