[1.672s] Invoking command in '/home/vboxuser/Thesis/src/action_servers': CMAKE_PREFIX_PATH=/home/vboxuser/Thesis/install/action_interfaces:/home/vboxuser/Thesis/install/realsense2_description:/home/vboxuser/Thesis/install/realsense2_camera:/home/vboxuser/Thesis/install/realsense2_camera_msgs:/home/vboxuser/Thesis/install/kr_example_cpp:/home/vboxuser/Thesis/install/kr_msgs LD_LIBRARY_PATH=/home/vboxuser/Thesis/install/action_interfaces/lib:/home/vboxuser/Thesis/install/realsense2_camera/lib:/home/vboxuser/Thesis/install/realsense2_camera_msgs/lib:/home/vboxuser/Thesis/install/kr_msgs/lib:/opt/ros/foxy/opt/yaml_cpp_vendor/lib:/opt/ros/foxy/opt/rviz_ogre_vendor/lib:/opt/ros/foxy/lib/x86_64-linux-gnu:/opt/ros/foxy/lib PYTHONPATH=/home/vboxuser/Thesis/build/action_servers/prefix_override:/usr/lib/python3/dist-packages/colcon_core/task/python/colcon_distutils_commands:/home/vboxuser/Thesis/install/action_servers/lib/python3.8/site-packages:/home/vboxuser/Thesis/install/action_interfaces/lib/python3.8/site-packages:/home/vboxuser/Thesis/build/vision:/home/vboxuser/Thesis/install/vision/lib/python3.8/site-packages:/home/vboxuser/Thesis/build/vcnanoz:/home/vboxuser/Thesis/install/vcnanoz/lib/python3.8/site-packages:/home/vboxuser/Thesis/build/sensopart_visor:/home/vboxuser/Thesis/install/sensopart_visor/lib/python3.8/site-packages:/home/vboxuser/Thesis/build/robot_control:/home/vboxuser/Thesis/install/robot_control/lib/python3.8/site-packages:/home/vboxuser/Thesis/install/realsense2_camera_msgs/lib/python3.8/site-packages:/home/vboxuser/Thesis/build/kr_example_python:/home/vboxuser/Thesis/install/kr_example_python/lib/python3.8/site-packages:/home/vboxuser/Thesis/install/kr_msgs/lib/python3.8/site-packages:/home/vboxuser/Thesis/build/bt_pkg:/home/vboxuser/Thesis/install/bt_pkg/lib/python3.8/site-packages:/home/vboxuser/Thesis/build/action_servers:/home/vboxuser/Thesis/install/action_servers/lib/python3.8/site-packages:/opt/ros/foxy/lib/python3.8/site-packages /usr/bin/python3 -W ignore:setup.py install is deprecated setup.py egg_info --egg-base ../../build/action_servers build --build-base /home/vboxuser/Thesis/build/action_servers/build install --record /home/vboxuser/Thesis/build/action_servers/install.log --install-scripts $base/lib/action_servers --single-version-externally-managed install_data
[1.996s] running egg_info
[1.999s] writing ../../build/action_servers/action_servers.egg-info/PKG-INFO
[2.009s] writing dependency_links to ../../build/action_servers/action_servers.egg-info/dependency_links.txt
[2.010s] writing entry points to ../../build/action_servers/action_servers.egg-info/entry_points.txt
[2.010s] writing requirements to ../../build/action_servers/action_servers.egg-info/requires.txt
[2.019s] writing top-level names to ../../build/action_servers/action_servers.egg-info/top_level.txt
[2.093s] reading manifest file '../../build/action_servers/action_servers.egg-info/SOURCES.txt'
[2.093s] writing manifest file '../../build/action_servers/action_servers.egg-info/SOURCES.txt'
[2.093s] running build
[2.093s] running build_py
[2.094s] running install
[2.095s] running install_lib
[2.096s] running install_data
[2.096s] running install_egg_info
[2.099s] removing '/home/vboxuser/Thesis/install/action_servers/lib/python3.8/site-packages/action_servers-0.0.0-py3.8.egg-info' (and everything under it)
[2.099s] Copying ../../build/action_servers/action_servers.egg-info to /home/vboxuser/Thesis/install/action_servers/lib/python3.8/site-packages/action_servers-0.0.0-py3.8.egg-info
[2.101s] running install_scripts
[2.131s] Installing MoveTcpAlongAxis_action_server script to /home/vboxuser/Thesis/install/action_servers/lib/action_servers
[2.132s] Installing fibonacci_action_server script to /home/vboxuser/Thesis/install/action_servers/lib/action_servers
[2.132s] writing list of installed files to '/home/vboxuser/Thesis/build/action_servers/install.log'
[2.203s] Invoked command in '/home/vboxuser/Thesis/src/action_servers' returned '0': CMAKE_PREFIX_PATH=/home/vboxuser/Thesis/install/action_interfaces:/home/vboxuser/Thesis/install/realsense2_description:/home/vboxuser/Thesis/install/realsense2_camera:/home/vboxuser/Thesis/install/realsense2_camera_msgs:/home/vboxuser/Thesis/install/kr_example_cpp:/home/vboxuser/Thesis/install/kr_msgs LD_LIBRARY_PATH=/home/vboxuser/Thesis/install/action_interfaces/lib:/home/vboxuser/Thesis/install/realsense2_camera/lib:/home/vboxuser/Thesis/install/realsense2_camera_msgs/lib:/home/vboxuser/Thesis/install/kr_msgs/lib:/opt/ros/foxy/opt/yaml_cpp_vendor/lib:/opt/ros/foxy/opt/rviz_ogre_vendor/lib:/opt/ros/foxy/lib/x86_64-linux-gnu:/opt/ros/foxy/lib PYTHONPATH=/home/vboxuser/Thesis/build/action_servers/prefix_override:/usr/lib/python3/dist-packages/colcon_core/task/python/colcon_distutils_commands:/home/vboxuser/Thesis/install/action_servers/lib/python3.8/site-packages:/home/vboxuser/Thesis/install/action_interfaces/lib/python3.8/site-packages:/home/vboxuser/Thesis/build/vision:/home/vboxuser/Thesis/install/vision/lib/python3.8/site-packages:/home/vboxuser/Thesis/build/vcnanoz:/home/vboxuser/Thesis/install/vcnanoz/lib/python3.8/site-packages:/home/vboxuser/Thesis/build/sensopart_visor:/home/vboxuser/Thesis/install/sensopart_visor/lib/python3.8/site-packages:/home/vboxuser/Thesis/build/robot_control:/home/vboxuser/Thesis/install/robot_control/lib/python3.8/site-packages:/home/vboxuser/Thesis/install/realsense2_camera_msgs/lib/python3.8/site-packages:/home/vboxuser/Thesis/build/kr_example_python:/home/vboxuser/Thesis/install/kr_example_python/lib/python3.8/site-packages:/home/vboxuser/Thesis/install/kr_msgs/lib/python3.8/site-packages:/home/vboxuser/Thesis/build/bt_pkg:/home/vboxuser/Thesis/install/bt_pkg/lib/python3.8/site-packages:/home/vboxuser/Thesis/build/action_servers:/home/vboxuser/Thesis/install/action_servers/lib/python3.8/site-packages:/opt/ros/foxy/lib/python3.8/site-packages /usr/bin/python3 -W ignore:setup.py install is deprecated setup.py egg_info --egg-base ../../build/action_servers build --build-base /home/vboxuser/Thesis/build/action_servers/build install --record /home/vboxuser/Thesis/build/action_servers/install.log --install-scripts $base/lib/action_servers --single-version-externally-managed install_data
