[3.299s] Invoking command in '/home/vboxuser/ros2_ws/src/bt_pkg': PYTHONPATH=/home/vboxuser/ros2_ws/build/bt_pkg/prefix_override:/usr/lib/python3/dist-packages/colcon_core/task/python/colcon_distutils_commands:/home/vboxuser/ros2_ws/install/bt_pkg/lib/python3.8/site-packages:${PYTHONPATH} /usr/bin/python3 -W ignore:setup.py install is deprecated setup.py egg_info --egg-base ../../build/bt_pkg build --build-base /home/vboxuser/ros2_ws/build/bt_pkg/build install --record /home/vboxuser/ros2_ws/build/bt_pkg/install.log --install-scripts $base/lib/bt_pkg --single-version-externally-managed install_data
[3.671s] running egg_info
[3.673s] writing ../../build/bt_pkg/bt_pkg.egg-info/PKG-INFO
[3.674s] writing dependency_links to ../../build/bt_pkg/bt_pkg.egg-info/dependency_links.txt
[3.675s] writing entry points to ../../build/bt_pkg/bt_pkg.egg-info/entry_points.txt
[3.676s] writing requirements to ../../build/bt_pkg/bt_pkg.egg-info/requires.txt
[3.677s] writing top-level names to ../../build/bt_pkg/bt_pkg.egg-info/top_level.txt
[3.700s] reading manifest file '../../build/bt_pkg/bt_pkg.egg-info/SOURCES.txt'
[3.701s] writing manifest file '../../build/bt_pkg/bt_pkg.egg-info/SOURCES.txt'
[3.701s] running build
[3.702s] running build_py
[3.702s] running install
[3.703s] running install_lib
[3.703s] running install_data
[3.704s] running install_egg_info
[3.706s] removing '/home/vboxuser/ros2_ws/install/bt_pkg/lib/python3.8/site-packages/bt_pkg-0.0.0-py3.8.egg-info' (and everything under it)
[3.706s] Copying ../../build/bt_pkg/bt_pkg.egg-info to /home/vboxuser/ros2_ws/install/bt_pkg/lib/python3.8/site-packages/bt_pkg-0.0.0-py3.8.egg-info
[3.707s] running install_scripts
[3.725s] Installing bt_example_tree script to /home/vboxuser/ros2_ws/install/bt_pkg/lib/bt_pkg
[3.726s] Installing bt_scan_hookstrip script to /home/vboxuser/ros2_ws/install/bt_pkg/lib/bt_pkg
[3.726s] writing list of installed files to '/home/vboxuser/ros2_ws/build/bt_pkg/install.log'
[3.820s] Invoked command in '/home/vboxuser/ros2_ws/src/bt_pkg' returned '0': PYTHONPATH=/home/vboxuser/ros2_ws/build/bt_pkg/prefix_override:/usr/lib/python3/dist-packages/colcon_core/task/python/colcon_distutils_commands:/home/vboxuser/ros2_ws/install/bt_pkg/lib/python3.8/site-packages:${PYTHONPATH} /usr/bin/python3 -W ignore:setup.py install is deprecated setup.py egg_info --egg-base ../../build/bt_pkg build --build-base /home/vboxuser/ros2_ws/build/bt_pkg/build install --record /home/vboxuser/ros2_ws/build/bt_pkg/install.log --install-scripts $base/lib/bt_pkg --single-version-externally-managed install_data
