[1.787s] Invoking command in '/home/mo/Thesis/src/orange-ros2/kr_example/python': CMAKE_PREFIX_PATH=/home/mo/Thesis/install/kr_msgs:/home/mo/Thesis/install/kr_example_cpp:/home/mo/Thesis/install/kdl_parser:/home/mo/Thesis/install/action_interfaces PYTHONPATH=/home/mo/Thesis/build/kr_example_python/prefix_override:/usr/lib/python3/dist-packages/colcon_core/task/python/colcon_distutils_commands:/home/mo/Thesis/install/kr_example_python/lib/python3.8/site-packages:/home/mo/Thesis/install/kr_msgs/lib/python3.8/site-packages:/home/mo/Thesis/install/vision/lib/python3.8/site-packages:/home/mo/Thesis/install/vcnanoz/lib/python3.8/site-packages:/home/mo/Thesis/install/sensopart_visor/lib/python3.8/site-packages:/home/mo/Thesis/install/robot_control/lib/python3.8/site-packages:/home/mo/Thesis/install/kr_example_python/lib/python3.8/site-packages:/home/mo/Thesis/install/action_servers/lib/python3.8/site-packages:/home/mo/Thesis/install/action_interfaces/lib/python3.8/site-packages:/opt/ros/foxy/lib/python3.8/site-packages /usr/bin/python3 -W ignore:setup.py install is deprecated -W ignore:easy_install command is deprecated setup.py egg_info --egg-base ../../../../build/kr_example_python build --build-base /home/mo/Thesis/build/kr_example_python/build install --record /home/mo/Thesis/build/kr_example_python/install.log --single-version-externally-managed install_data
[2.096s] running egg_info
[2.117s] writing ../../../../build/kr_example_python/kr_example_python.egg-info/PKG-INFO
[2.117s] writing dependency_links to ../../../../build/kr_example_python/kr_example_python.egg-info/dependency_links.txt
[2.117s] writing entry points to ../../../../build/kr_example_python/kr_example_python.egg-info/entry_points.txt
[2.118s] writing requirements to ../../../../build/kr_example_python/kr_example_python.egg-info/requires.txt
[2.118s] writing top-level names to ../../../../build/kr_example_python/kr_example_python.egg-info/top_level.txt
[2.279s] reading manifest file '../../../../build/kr_example_python/kr_example_python.egg-info/SOURCES.txt'
[2.281s] writing manifest file '../../../../build/kr_example_python/kr_example_python.egg-info/SOURCES.txt'
[2.281s] running build
[2.281s] running build_py
[2.281s] copying kr_example_python/jog_linear.py -> /home/mo/Thesis/build/kr_example_python/build/lib/kr_example_python
[2.281s] copying kr_example_python/follow_joint.py -> /home/mo/Thesis/build/kr_example_python/build/lib/kr_example_python
[2.282s] copying kr_example_python/robot_state.py -> /home/mo/Thesis/build/kr_example_python/build/lib/kr_example_python
[2.282s] copying kr_example_python/move_joint.py -> /home/mo/Thesis/build/kr_example_python/build/lib/kr_example_python
[2.282s] copying kr_example_python/self_motion.py -> /home/mo/Thesis/build/kr_example_python/build/lib/kr_example_python
[2.283s] copying kr_example_python/__init__.py -> /home/mo/Thesis/build/kr_example_python/build/lib/kr_example_python
[2.283s] running install
[2.289s] running install_lib
[2.316s] running install_data
[2.316s] copying resource/kr_example_python -> /home/mo/Thesis/install/kr_example_python/share/ament_index/resource_index/packages
[2.317s] copying package.xml -> /home/mo/Thesis/install/kr_example_python/share/kr_example_python
[2.317s] running install_egg_info
[2.340s] removing '/home/mo/Thesis/install/kr_example_python/lib/python3.8/site-packages/kr_example_python-0.0.0-py3.8.egg-info' (and everything under it)
[2.341s] Copying ../../../../build/kr_example_python/kr_example_python.egg-info to /home/mo/Thesis/install/kr_example_python/lib/python3.8/site-packages/kr_example_python-0.0.0-py3.8.egg-info
[2.342s] running install_scripts
[2.388s] Installing follow_joint script to /home/mo/Thesis/install/kr_example_python/lib/kr_example_python
[2.388s] Installing jog_linear script to /home/mo/Thesis/install/kr_example_python/lib/kr_example_python
[2.388s] Installing move_joint script to /home/mo/Thesis/install/kr_example_python/lib/kr_example_python
[2.388s] Installing robot_state script to /home/mo/Thesis/install/kr_example_python/lib/kr_example_python
[2.389s] Installing self_motion script to /home/mo/Thesis/install/kr_example_python/lib/kr_example_python
[2.389s] writing list of installed files to '/home/mo/Thesis/build/kr_example_python/install.log'
[2.409s] Invoked command in '/home/mo/Thesis/src/orange-ros2/kr_example/python' returned '0': CMAKE_PREFIX_PATH=/home/mo/Thesis/install/kr_msgs:/home/mo/Thesis/install/kr_example_cpp:/home/mo/Thesis/install/kdl_parser:/home/mo/Thesis/install/action_interfaces PYTHONPATH=/home/mo/Thesis/build/kr_example_python/prefix_override:/usr/lib/python3/dist-packages/colcon_core/task/python/colcon_distutils_commands:/home/mo/Thesis/install/kr_example_python/lib/python3.8/site-packages:/home/mo/Thesis/install/kr_msgs/lib/python3.8/site-packages:/home/mo/Thesis/install/vision/lib/python3.8/site-packages:/home/mo/Thesis/install/vcnanoz/lib/python3.8/site-packages:/home/mo/Thesis/install/sensopart_visor/lib/python3.8/site-packages:/home/mo/Thesis/install/robot_control/lib/python3.8/site-packages:/home/mo/Thesis/install/kr_example_python/lib/python3.8/site-packages:/home/mo/Thesis/install/action_servers/lib/python3.8/site-packages:/home/mo/Thesis/install/action_interfaces/lib/python3.8/site-packages:/opt/ros/foxy/lib/python3.8/site-packages /usr/bin/python3 -W ignore:setup.py install is deprecated -W ignore:easy_install command is deprecated setup.py egg_info --egg-base ../../../../build/kr_example_python build --build-base /home/mo/Thesis/build/kr_example_python/build install --record /home/mo/Thesis/build/kr_example_python/install.log --single-version-externally-managed install_data
