[0.035s] Invoking command in '/home/mo/Thesis/build/kr_example_cpp': CMAKE_PREFIX_PATH=/home/mo/Thesis/install/kr_msgs:/home/mo/Thesis/install/kr_example_cpp:/home/mo/Thesis/install/action_interfaces:/home/mo/Thesis/install/vision:/home/mo/Thesis/install/vcnanoz:/home/mo/Thesis/install/sensopart_visor:/home/mo/Thesis/install/robot_control:/home/mo/Thesis/install/kr_example_python:/home/mo/Thesis/install/action_servers:/opt/ros/foxy PYTHONPATH=/home/mo/Thesis/install/kr_msgs/lib/python3.8/site-packages:/home/mo/Thesis/build/vision:/home/mo/Thesis/build/vcnanoz:/home/mo/Thesis/build/sensopart_visor:/home/mo/Thesis/build/robot_control:/home/mo/Thesis/build/kr_example_python:/home/mo/Thesis/build/action_servers:/home/mo/Thesis/install/vision/lib/python3.8/site-packages:/home/mo/Thesis/install/vcnanoz/lib/python3.8/site-packages:/home/mo/Thesis/install/sensopart_visor/lib/python3.8/site-packages:/home/mo/Thesis/install/robot_control/lib/python3.8/site-packages:/home/mo/Thesis/install/kr_example_python/lib/python3.8/site-packages:/home/mo/Thesis/install/action_servers/lib/python3.8/site-packages:/home/mo/Thesis/install/action_interfaces/lib/python3.8/site-packages:/opt/ros/foxy/lib/python3.8/site-packages /usr/bin/cmake --build /home/mo/Thesis/build/kr_example_cpp -- -j16 -l16
[0.390s] [ 20%] Built target follow_joint
[0.391s] [ 40%] Built target move_joint
[0.391s] [ 60%] Built target robot_state
[0.391s] [ 80%] Built target self_motion
[0.392s] [100%] Built target jog_linear
[0.392s] Invoked command in '/home/mo/Thesis/build/kr_example_cpp' returned '0': CMAKE_PREFIX_PATH=/home/mo/Thesis/install/kr_msgs:/home/mo/Thesis/install/kr_example_cpp:/home/mo/Thesis/install/action_interfaces:/home/mo/Thesis/install/vision:/home/mo/Thesis/install/vcnanoz:/home/mo/Thesis/install/sensopart_visor:/home/mo/Thesis/install/robot_control:/home/mo/Thesis/install/kr_example_python:/home/mo/Thesis/install/action_servers:/opt/ros/foxy PYTHONPATH=/home/mo/Thesis/install/kr_msgs/lib/python3.8/site-packages:/home/mo/Thesis/build/vision:/home/mo/Thesis/build/vcnanoz:/home/mo/Thesis/build/sensopart_visor:/home/mo/Thesis/build/robot_control:/home/mo/Thesis/build/kr_example_python:/home/mo/Thesis/build/action_servers:/home/mo/Thesis/install/vision/lib/python3.8/site-packages:/home/mo/Thesis/install/vcnanoz/lib/python3.8/site-packages:/home/mo/Thesis/install/sensopart_visor/lib/python3.8/site-packages:/home/mo/Thesis/install/robot_control/lib/python3.8/site-packages:/home/mo/Thesis/install/kr_example_python/lib/python3.8/site-packages:/home/mo/Thesis/install/action_servers/lib/python3.8/site-packages:/home/mo/Thesis/install/action_interfaces/lib/python3.8/site-packages:/opt/ros/foxy/lib/python3.8/site-packages /usr/bin/cmake --build /home/mo/Thesis/build/kr_example_cpp -- -j16 -l16
[0.395s] Invoking command in '/home/mo/Thesis/build/kr_example_cpp': CMAKE_PREFIX_PATH=/home/mo/Thesis/install/kr_msgs:/home/mo/Thesis/install/kr_example_cpp:/home/mo/Thesis/install/action_interfaces:/home/mo/Thesis/install/vision:/home/mo/Thesis/install/vcnanoz:/home/mo/Thesis/install/sensopart_visor:/home/mo/Thesis/install/robot_control:/home/mo/Thesis/install/kr_example_python:/home/mo/Thesis/install/action_servers:/opt/ros/foxy PYTHONPATH=/home/mo/Thesis/install/kr_msgs/lib/python3.8/site-packages:/home/mo/Thesis/build/vision:/home/mo/Thesis/build/vcnanoz:/home/mo/Thesis/build/sensopart_visor:/home/mo/Thesis/build/robot_control:/home/mo/Thesis/build/kr_example_python:/home/mo/Thesis/build/action_servers:/home/mo/Thesis/install/vision/lib/python3.8/site-packages:/home/mo/Thesis/install/vcnanoz/lib/python3.8/site-packages:/home/mo/Thesis/install/sensopart_visor/lib/python3.8/site-packages:/home/mo/Thesis/install/robot_control/lib/python3.8/site-packages:/home/mo/Thesis/install/kr_example_python/lib/python3.8/site-packages:/home/mo/Thesis/install/action_servers/lib/python3.8/site-packages:/home/mo/Thesis/install/action_interfaces/lib/python3.8/site-packages:/opt/ros/foxy/lib/python3.8/site-packages /usr/bin/cmake --install /home/mo/Thesis/build/kr_example_cpp
[0.415s] -- Install configuration: ""
[0.417s] -- Execute custom install script
[0.418s] -- Up-to-date symlink: /home/mo/Thesis/install/kr_example_cpp/lib/kr_example_cpp/robot_state
[0.418s] -- Up-to-date symlink: /home/mo/Thesis/install/kr_example_cpp/lib/kr_example_cpp/follow_joint
[0.418s] -- Up-to-date symlink: /home/mo/Thesis/install/kr_example_cpp/lib/kr_example_cpp/move_joint
[0.420s] -- Up-to-date symlink: /home/mo/Thesis/install/kr_example_cpp/lib/kr_example_cpp/jog_linear
[0.421s] -- Up-to-date symlink: /home/mo/Thesis/install/kr_example_cpp/lib/kr_example_cpp/self_motion
[0.421s] -- Up-to-date symlink: /home/mo/Thesis/install/kr_example_cpp/share/ament_index/resource_index/package_run_dependencies/kr_example_cpp
[0.421s] -- Up-to-date symlink: /home/mo/Thesis/install/kr_example_cpp/share/ament_index/resource_index/parent_prefix_path/kr_example_cpp
[0.421s] -- Up-to-date symlink: /home/mo/Thesis/install/kr_example_cpp/share/kr_example_cpp/environment/ament_prefix_path.sh
[0.422s] -- Up-to-date symlink: /home/mo/Thesis/install/kr_example_cpp/share/kr_example_cpp/environment/ament_prefix_path.dsv
[0.423s] -- Up-to-date symlink: /home/mo/Thesis/install/kr_example_cpp/share/kr_example_cpp/environment/path.sh
[0.423s] -- Up-to-date symlink: /home/mo/Thesis/install/kr_example_cpp/share/kr_example_cpp/environment/path.dsv
[0.423s] -- Up-to-date symlink: /home/mo/Thesis/install/kr_example_cpp/share/kr_example_cpp/local_setup.bash
[0.423s] -- Up-to-date symlink: /home/mo/Thesis/install/kr_example_cpp/share/kr_example_cpp/local_setup.sh
[0.423s] -- Up-to-date symlink: /home/mo/Thesis/install/kr_example_cpp/share/kr_example_cpp/local_setup.zsh
[0.423s] -- Up-to-date symlink: /home/mo/Thesis/install/kr_example_cpp/share/kr_example_cpp/local_setup.dsv
[0.423s] -- Symlinking: /home/mo/Thesis/install/kr_example_cpp/share/kr_example_cpp/package.dsv
[0.423s] -- Up-to-date symlink: /home/mo/Thesis/install/kr_example_cpp/share/ament_index/resource_index/packages/kr_example_cpp
[0.423s] -- Up-to-date symlink: /home/mo/Thesis/install/kr_example_cpp/share/kr_example_cpp/cmake/kr_example_cppConfig.cmake
[0.424s] -- Up-to-date symlink: /home/mo/Thesis/install/kr_example_cpp/share/kr_example_cpp/cmake/kr_example_cppConfig-version.cmake
[0.424s] -- Up-to-date symlink: /home/mo/Thesis/install/kr_example_cpp/share/kr_example_cpp/package.xml
[0.429s] Invoked command in '/home/mo/Thesis/build/kr_example_cpp' returned '0': CMAKE_PREFIX_PATH=/home/mo/Thesis/install/kr_msgs:/home/mo/Thesis/install/kr_example_cpp:/home/mo/Thesis/install/action_interfaces:/home/mo/Thesis/install/vision:/home/mo/Thesis/install/vcnanoz:/home/mo/Thesis/install/sensopart_visor:/home/mo/Thesis/install/robot_control:/home/mo/Thesis/install/kr_example_python:/home/mo/Thesis/install/action_servers:/opt/ros/foxy PYTHONPATH=/home/mo/Thesis/install/kr_msgs/lib/python3.8/site-packages:/home/mo/Thesis/build/vision:/home/mo/Thesis/build/vcnanoz:/home/mo/Thesis/build/sensopart_visor:/home/mo/Thesis/build/robot_control:/home/mo/Thesis/build/kr_example_python:/home/mo/Thesis/build/action_servers:/home/mo/Thesis/install/vision/lib/python3.8/site-packages:/home/mo/Thesis/install/vcnanoz/lib/python3.8/site-packages:/home/mo/Thesis/install/sensopart_visor/lib/python3.8/site-packages:/home/mo/Thesis/install/robot_control/lib/python3.8/site-packages:/home/mo/Thesis/install/kr_example_python/lib/python3.8/site-packages:/home/mo/Thesis/install/action_servers/lib/python3.8/site-packages:/home/mo/Thesis/install/action_interfaces/lib/python3.8/site-packages:/opt/ros/foxy/lib/python3.8/site-packages /usr/bin/cmake --install /home/mo/Thesis/build/kr_example_cpp
