[0.823s] Invoking command in '/home/mo/Thesis/build/kr_example_python': CMAKE_PREFIX_PATH=/home/mo/Thesis/install/kr_msgs:/home/mo/Thesis/install/kr_example_cpp:/home/mo/Thesis/install/action_interfaces PYTHONPATH=/home/mo/Thesis/build/kr_example_python/prefix_override:/usr/lib/python3/dist-packages/colcon_core/task/python/colcon_distutils_commands:/home/mo/Thesis/install/kr_example_python/lib/python3.8/site-packages:/home/mo/Thesis/install/kr_msgs/lib/python3.8/site-packages:/home/mo/Thesis/build/vision:/home/mo/Thesis/build/vcnanoz:/home/mo/Thesis/build/sensopart_visor:/home/mo/Thesis/build/robot_control:/home/mo/Thesis/build/kr_example_python:/home/mo/Thesis/build/action_servers:/home/mo/Thesis/install/vision/lib/python3.8/site-packages:/home/mo/Thesis/install/vcnanoz/lib/python3.8/site-packages:/home/mo/Thesis/install/sensopart_visor/lib/python3.8/site-packages:/home/mo/Thesis/install/robot_control/lib/python3.8/site-packages:/home/mo/Thesis/install/kr_example_python/lib/python3.8/site-packages:/home/mo/Thesis/install/action_servers/lib/python3.8/site-packages:/home/mo/Thesis/install/action_interfaces/lib/python3.8/site-packages:/opt/ros/foxy/lib/python3.8/site-packages /usr/bin/python3 -W ignore:setup.py install is deprecated -W ignore:easy_install command is deprecated setup.py develop --editable --build-directory /home/mo/Thesis/build/kr_example_python/build --no-deps symlink_data
[1.061s] running develop
[1.209s] running egg_info
[1.209s] creating kr_example_python.egg-info
[1.209s] writing kr_example_python.egg-info/PKG-INFO
[1.210s] writing dependency_links to kr_example_python.egg-info/dependency_links.txt
[1.210s] writing entry points to kr_example_python.egg-info/entry_points.txt
[1.210s] writing requirements to kr_example_python.egg-info/requires.txt
[1.210s] writing top-level names to kr_example_python.egg-info/top_level.txt
[1.211s] writing manifest file 'kr_example_python.egg-info/SOURCES.txt'
[1.236s] reading manifest file 'kr_example_python.egg-info/SOURCES.txt'
[1.236s] writing manifest file 'kr_example_python.egg-info/SOURCES.txt'
[1.266s] running build_ext
[1.266s] Creating /home/mo/Thesis/install/kr_example_python/lib/python3.8/site-packages/site.py
[1.268s] Creating /home/mo/Thesis/install/kr_example_python/lib/python3.8/site-packages/kr-example-python.egg-link (link to .)
[1.268s] Installing follow_joint script to /home/mo/Thesis/install/kr_example_python/lib/kr_example_python
[1.268s] Installing jog_linear script to /home/mo/Thesis/install/kr_example_python/lib/kr_example_python
[1.269s] Installing move_joint script to /home/mo/Thesis/install/kr_example_python/lib/kr_example_python
[1.269s] Installing robot_state script to /home/mo/Thesis/install/kr_example_python/lib/kr_example_python
[1.269s] Installing self_motion script to /home/mo/Thesis/install/kr_example_python/lib/kr_example_python
[1.269s] 
[1.269s] Installed /home/mo/Thesis/build/kr_example_python
[1.269s] running symlink_data
[1.269s] creating /home/mo/Thesis/install/kr_example_python/share/ament_index
[1.269s] creating /home/mo/Thesis/install/kr_example_python/share/ament_index/resource_index
[1.269s] creating /home/mo/Thesis/install/kr_example_python/share/ament_index/resource_index/packages
[1.269s] symbolically linking /home/mo/Thesis/build/kr_example_python/resource/kr_example_python -> /home/mo/Thesis/install/kr_example_python/share/ament_index/resource_index/packages
[1.269s] symbolically linking /home/mo/Thesis/build/kr_example_python/package.xml -> /home/mo/Thesis/install/kr_example_python/share/kr_example_python
[1.298s] Invoked command in '/home/mo/Thesis/build/kr_example_python' returned '0': CMAKE_PREFIX_PATH=/home/mo/Thesis/install/kr_msgs:/home/mo/Thesis/install/kr_example_cpp:/home/mo/Thesis/install/action_interfaces PYTHONPATH=/home/mo/Thesis/build/kr_example_python/prefix_override:/usr/lib/python3/dist-packages/colcon_core/task/python/colcon_distutils_commands:/home/mo/Thesis/install/kr_example_python/lib/python3.8/site-packages:/home/mo/Thesis/install/kr_msgs/lib/python3.8/site-packages:/home/mo/Thesis/build/vision:/home/mo/Thesis/build/vcnanoz:/home/mo/Thesis/build/sensopart_visor:/home/mo/Thesis/build/robot_control:/home/mo/Thesis/build/kr_example_python:/home/mo/Thesis/build/action_servers:/home/mo/Thesis/install/vision/lib/python3.8/site-packages:/home/mo/Thesis/install/vcnanoz/lib/python3.8/site-packages:/home/mo/Thesis/install/sensopart_visor/lib/python3.8/site-packages:/home/mo/Thesis/install/robot_control/lib/python3.8/site-packages:/home/mo/Thesis/install/kr_example_python/lib/python3.8/site-packages:/home/mo/Thesis/install/action_servers/lib/python3.8/site-packages:/home/mo/Thesis/install/action_interfaces/lib/python3.8/site-packages:/opt/ros/foxy/lib/python3.8/site-packages /usr/bin/python3 -W ignore:setup.py install is deprecated -W ignore:easy_install command is deprecated setup.py develop --editable --build-directory /home/mo/Thesis/build/kr_example_python/build --no-deps symlink_data
