[1.580s] Invoking command in '/home/mo/Thesis/src/vcnanoz': PYTHONPATH=/home/mo/Thesis/build/vcnanoz/prefix_override:/usr/lib/python3/dist-packages/colcon_core/task/python/colcon_distutils_commands:/home/mo/Thesis/install/vcnanoz/lib/python3.8/site-packages:${PYTHONPATH} /usr/bin/python3 -W ignore:setup.py install is deprecated -W ignore:easy_install command is deprecated setup.py egg_info --egg-base ../../build/vcnanoz build --build-base /home/mo/Thesis/build/vcnanoz/build install --record /home/mo/Thesis/build/vcnanoz/install.log --install-scripts $base/lib/vcnanoz --single-version-externally-managed install_data
[1.808s] running egg_info
[1.808s] writing ../../build/vcnanoz/vcnanoz.egg-info/PKG-INFO
[1.808s] writing dependency_links to ../../build/vcnanoz/vcnanoz.egg-info/dependency_links.txt
[1.808s] writing entry points to ../../build/vcnanoz/vcnanoz.egg-info/entry_points.txt
[1.809s] writing requirements to ../../build/vcnanoz/vcnanoz.egg-info/requires.txt
[1.809s] writing top-level names to ../../build/vcnanoz/vcnanoz.egg-info/top_level.txt
[1.838s] reading manifest file '../../build/vcnanoz/vcnanoz.egg-info/SOURCES.txt'
[1.839s] writing manifest file '../../build/vcnanoz/vcnanoz.egg-info/SOURCES.txt'
[1.839s] running build
[1.839s] running build_py
[1.840s] running install
[1.840s] running install_lib
[1.842s] running install_data
[1.842s] running install_egg_info
[1.844s] removing '/home/mo/Thesis/install/vcnanoz/lib/python3.8/site-packages/vcnanoz-0.0.0-py3.8.egg-info' (and everything under it)
[1.844s] Copying ../../build/vcnanoz/vcnanoz.egg-info to /home/mo/Thesis/install/vcnanoz/lib/python3.8/site-packages/vcnanoz-0.0.0-py3.8.egg-info
[1.845s] running install_scripts
[1.863s] Installing srvClient_vc_startup script to /home/mo/Thesis/install/vcnanoz/lib/vcnanoz
[1.863s] Installing srvServer_vc_startup script to /home/mo/Thesis/install/vcnanoz/lib/vcnanoz
[1.863s] Installing vc_img_receiver script to /home/mo/Thesis/install/vcnanoz/lib/vcnanoz
[1.863s] Installing vc_shutdown script to /home/mo/Thesis/install/vcnanoz/lib/vcnanoz
[1.863s] Installing vc_startup script to /home/mo/Thesis/install/vcnanoz/lib/vcnanoz
[1.864s] writing list of installed files to '/home/mo/Thesis/build/vcnanoz/install.log'
[1.892s] Invoked command in '/home/mo/Thesis/src/vcnanoz' returned '0': PYTHONPATH=/home/mo/Thesis/build/vcnanoz/prefix_override:/usr/lib/python3/dist-packages/colcon_core/task/python/colcon_distutils_commands:/home/mo/Thesis/install/vcnanoz/lib/python3.8/site-packages:${PYTHONPATH} /usr/bin/python3 -W ignore:setup.py install is deprecated -W ignore:easy_install command is deprecated setup.py egg_info --egg-base ../../build/vcnanoz build --build-base /home/mo/Thesis/build/vcnanoz/build install --record /home/mo/Thesis/build/vcnanoz/install.log --install-scripts $base/lib/vcnanoz --single-version-externally-managed install_data
