[0.064s] Invoking command in '/home/mo/Thesis/build/action_interfaces': CMAKE_PREFIX_PATH=${CMAKE_PREFIX_PATH}:/home/mo/Thesis/install/vision:/home/mo/Thesis/install/vcnanoz:/home/mo/Thesis/install/sensopart_visor:/home/mo/Thesis/install/robot_control:/home/mo/Thesis/install/kr_example_python:/home/mo/Thesis/install/action_servers:/opt/ros/foxy /usr/bin/cmake --build /home/mo/Thesis/build/action_interfaces -- -j16 -l16
[0.585s] [  1%] Built target action_interfaces__cpp
[0.586s] [ 12%] Built target action_interfaces__rosidl_generator_c
[0.587s] [ 24%] Built target action_interfaces__rosidl_typesupport_cpp
[0.589s] [ 35%] Built target action_interfaces__rosidl_typesupport_c
[0.589s] [ 47%] Built target action_interfaces__rosidl_typesupport_introspection_cpp
[0.589s] [ 70%] Built target action_interfaces__rosidl_typesupport_fastrtps_cpp
[0.590s] [ 70%] Built target action_interfaces__rosidl_typesupport_introspection_c
[0.590s] [ 81%] Built target action_interfaces__rosidl_typesupport_fastrtps_c
[0.590s] [ 81%] Built target action_interfaces
[0.590s] [ 82%] Built target action_interfaces__py
[0.590s] [ 93%] Built target action_interfaces__python
[0.590s] [ 97%] Built target action_interfaces__rosidl_typesupport_c__pyext
[0.590s] [ 97%] Built target action_interfaces__rosidl_typesupport_introspection_c__pyext
[0.590s] [100%] Built target action_interfaces__rosidl_typesupport_fastrtps_c__pyext
[0.837s] Invoked command in '/home/mo/Thesis/build/action_interfaces' returned '0': CMAKE_PREFIX_PATH=${CMAKE_PREFIX_PATH}:/home/mo/Thesis/install/vision:/home/mo/Thesis/install/vcnanoz:/home/mo/Thesis/install/sensopart_visor:/home/mo/Thesis/install/robot_control:/home/mo/Thesis/install/kr_example_python:/home/mo/Thesis/install/action_servers:/opt/ros/foxy /usr/bin/cmake --build /home/mo/Thesis/build/action_interfaces -- -j16 -l16
[0.857s] Invoking command in '/home/mo/Thesis/build/action_interfaces': CMAKE_PREFIX_PATH=${CMAKE_PREFIX_PATH}:/home/mo/Thesis/install/vision:/home/mo/Thesis/install/vcnanoz:/home/mo/Thesis/install/sensopart_visor:/home/mo/Thesis/install/robot_control:/home/mo/Thesis/install/kr_example_python:/home/mo/Thesis/install/action_servers:/opt/ros/foxy /usr/bin/cmake --install /home/mo/Thesis/build/action_interfaces
[0.872s] -- Install configuration: ""
[0.872s] -- Up-to-date: /home/mo/Thesis/install/action_interfaces/share/ament_index/resource_index/rosidl_interfaces/action_interfaces
[0.873s] -- Up-to-date: /home/mo/Thesis/install/action_interfaces/include/action_interfaces
[0.873s] -- Up-to-date: /home/mo/Thesis/install/action_interfaces/include/action_interfaces/action
[0.873s] -- Up-to-date: /home/mo/Thesis/install/action_interfaces/include/action_interfaces/action/fibonacci.h
[0.874s] -- Up-to-date: /home/mo/Thesis/install/action_interfaces/include/action_interfaces/action/detail
[0.877s] -- Up-to-date: /home/mo/Thesis/install/action_interfaces/include/action_interfaces/action/detail/move_tcp_along_axis__type_support.h
[0.879s] -- Up-to-date: /home/mo/Thesis/install/action_interfaces/include/action_interfaces/action/detail/transform_action__functions.c
[0.880s] -- Up-to-date: /home/mo/Thesis/install/action_interfaces/include/action_interfaces/action/detail/move_tcp_along_axis__struct.h
[0.880s] -- Up-to-date: /home/mo/Thesis/install/action_interfaces/include/action_interfaces/action/detail/transform_action__functions.h
[0.881s] -- Up-to-date: /home/mo/Thesis/install/action_interfaces/include/action_interfaces/action/detail/transform_action__type_support.h
[0.881s] -- Up-to-date: /home/mo/Thesis/install/action_interfaces/include/action_interfaces/action/detail/fibonacci__type_support.h
[0.881s] -- Up-to-date: /home/mo/Thesis/install/action_interfaces/include/action_interfaces/action/detail/transform_action__struct.h
[0.882s] -- Up-to-date: /home/mo/Thesis/install/action_interfaces/include/action_interfaces/action/detail/fibonacci__functions.h
[0.883s] -- Up-to-date: /home/mo/Thesis/install/action_interfaces/include/action_interfaces/action/detail/move_tcp_along_axis__functions.c
[0.885s] -- Up-to-date: /home/mo/Thesis/install/action_interfaces/include/action_interfaces/action/detail/fibonacci__struct.h
[0.886s] -- Up-to-date: /home/mo/Thesis/install/action_interfaces/include/action_interfaces/action/detail/move_tcp_along_axis__functions.h
[0.887s] -- Up-to-date: /home/mo/Thesis/install/action_interfaces/include/action_interfaces/action/detail/fibonacci__functions.c
[0.889s] -- Up-to-date: /home/mo/Thesis/install/action_interfaces/include/action_interfaces/action/transform_action.h
[0.889s] -- Up-to-date: /home/mo/Thesis/install/action_interfaces/include/action_interfaces/action/move_tcp_along_axis.h
[0.889s] -- Up-to-date: /home/mo/Thesis/install/action_interfaces/include/action_interfaces/msg
[0.890s] -- Up-to-date: /home/mo/Thesis/install/action_interfaces/include/action_interfaces/msg/rosidl_generator_c__visibility_control.h
[0.891s] -- Up-to-date: /home/mo/Thesis/install/action_interfaces/include/action_interfaces/msg/hook_data.h
[0.893s] -- Up-to-date: /home/mo/Thesis/install/action_interfaces/include/action_interfaces/msg/xyz.h
[0.895s] -- Up-to-date: /home/mo/Thesis/install/action_interfaces/include/action_interfaces/msg/bounding_box.h
[0.896s] -- Up-to-date: /home/mo/Thesis/install/action_interfaces/include/action_interfaces/msg/detail
[0.898s] -- Up-to-date: /home/mo/Thesis/install/action_interfaces/include/action_interfaces/msg/detail/xyz__functions.c
[0.898s] -- Up-to-date: /home/mo/Thesis/install/action_interfaces/include/action_interfaces/msg/detail/hook__functions.h
[0.899s] -- Up-to-date: /home/mo/Thesis/install/action_interfaces/include/action_interfaces/msg/detail/bounding_box__type_support.h
[0.899s] -- Up-to-date: /home/mo/Thesis/install/action_interfaces/include/action_interfaces/msg/detail/bounding_box__struct.h
[0.899s] -- Up-to-date: /home/mo/Thesis/install/action_interfaces/include/action_interfaces/msg/detail/bounding_box__functions.c
[0.899s] -- Up-to-date: /home/mo/Thesis/install/action_interfaces/include/action_interfaces/msg/detail/xyz__type_support.h
[0.900s] -- Up-to-date: /home/mo/Thesis/install/action_interfaces/include/action_interfaces/msg/detail/uv__functions.h
[0.900s] -- Up-to-date: /home/mo/Thesis/install/action_interfaces/include/action_interfaces/msg/detail/bounding_box__functions.h
[0.901s] -- Up-to-date: /home/mo/Thesis/install/action_interfaces/include/action_interfaces/msg/detail/xyz__struct.h
[0.901s] -- Up-to-date: /home/mo/Thesis/install/action_interfaces/include/action_interfaces/msg/detail/hook_data__functions.c
[0.902s] -- Up-to-date: /home/mo/Thesis/install/action_interfaces/include/action_interfaces/msg/detail/xyz__functions.h
[0.902s] -- Up-to-date: /home/mo/Thesis/install/action_interfaces/include/action_interfaces/msg/detail/hook_data__functions.h
[0.903s] -- Up-to-date: /home/mo/Thesis/install/action_interfaces/include/action_interfaces/msg/detail/hook__functions.c
[0.903s] -- Up-to-date: /home/mo/Thesis/install/action_interfaces/include/action_interfaces/msg/detail/uv__type_support.h
[0.903s] -- Up-to-date: /home/mo/Thesis/install/action_interfaces/include/action_interfaces/msg/detail/hook__struct.h
[0.903s] -- Up-to-date: /home/mo/Thesis/install/action_interfaces/include/action_interfaces/msg/detail/hook_data__struct.h
[0.903s] -- Up-to-date: /home/mo/Thesis/install/action_interfaces/include/action_interfaces/msg/detail/hook__type_support.h
[0.903s] -- Up-to-date: /home/mo/Thesis/install/action_interfaces/include/action_interfaces/msg/detail/uv__struct.h
[0.904s] -- Up-to-date: /home/mo/Thesis/install/action_interfaces/include/action_interfaces/msg/detail/uv__functions.c
[0.905s] -- Up-to-date: /home/mo/Thesis/install/action_interfaces/include/action_interfaces/msg/detail/hook_data__type_support.h
[0.905s] -- Up-to-date: /home/mo/Thesis/install/action_interfaces/include/action_interfaces/msg/uv.h
[0.905s] -- Up-to-date: /home/mo/Thesis/install/action_interfaces/include/action_interfaces/msg/hook.h
[0.905s] -- Up-to-date: /home/mo/Thesis/install/action_interfaces/share/action_interfaces/environment/library_path.sh
[0.905s] -- Up-to-date: /home/mo/Thesis/install/action_interfaces/share/action_interfaces/environment/library_path.dsv
[0.905s] -- Up-to-date: /home/mo/Thesis/install/action_interfaces/lib/libaction_interfaces__rosidl_generator_c.so
[0.906s] -- Up-to-date: /home/mo/Thesis/install/action_interfaces/include/action_interfaces
[0.906s] -- Up-to-date: /home/mo/Thesis/install/action_interfaces/include/action_interfaces/action
[0.906s] -- Up-to-date: /home/mo/Thesis/install/action_interfaces/include/action_interfaces/action/detail
[0.906s] -- Up-to-date: /home/mo/Thesis/install/action_interfaces/include/action_interfaces/action/detail/move_tcp_along_axis__rosidl_typesupport_fastrtps_c.h
[0.906s] -- Up-to-date: /home/mo/Thesis/install/action_interfaces/include/action_interfaces/action/detail/transform_action__rosidl_typesupport_fastrtps_c.h
[0.906s] -- Up-to-date: /home/mo/Thesis/install/action_interfaces/include/action_interfaces/action/detail/fibonacci__rosidl_typesupport_fastrtps_c.h
[0.906s] -- Up-to-date: /home/mo/Thesis/install/action_interfaces/include/action_interfaces/msg
[0.906s] -- Up-to-date: /home/mo/Thesis/install/action_interfaces/include/action_interfaces/msg/detail
[0.906s] -- Up-to-date: /home/mo/Thesis/install/action_interfaces/include/action_interfaces/msg/detail/bounding_box__rosidl_typesupport_fastrtps_c.h
[0.906s] -- Up-to-date: /home/mo/Thesis/install/action_interfaces/include/action_interfaces/msg/detail/xyz__rosidl_typesupport_fastrtps_c.h
[0.907s] -- Up-to-date: /home/mo/Thesis/install/action_interfaces/include/action_interfaces/msg/detail/hook__rosidl_typesupport_fastrtps_c.h
[0.907s] -- Up-to-date: /home/mo/Thesis/install/action_interfaces/include/action_interfaces/msg/detail/uv__rosidl_typesupport_fastrtps_c.h
[0.908s] -- Up-to-date: /home/mo/Thesis/install/action_interfaces/include/action_interfaces/msg/detail/hook_data__rosidl_typesupport_fastrtps_c.h
[0.908s] -- Up-to-date: /home/mo/Thesis/install/action_interfaces/include/action_interfaces/msg/rosidl_typesupport_fastrtps_c__visibility_control.h
[0.908s] -- Up-to-date: /home/mo/Thesis/install/action_interfaces/lib/libaction_interfaces__rosidl_typesupport_fastrtps_c.so
[0.909s] -- Up-to-date: /home/mo/Thesis/install/action_interfaces/include/action_interfaces
[0.909s] -- Up-to-date: /home/mo/Thesis/install/action_interfaces/include/action_interfaces/action
[0.909s] -- Up-to-date: /home/mo/Thesis/install/action_interfaces/include/action_interfaces/action/detail
[0.909s] -- Up-to-date: /home/mo/Thesis/install/action_interfaces/include/action_interfaces/action/detail/transform_action__rosidl_typesupport_fastrtps_cpp.hpp
[0.910s] -- Up-to-date: /home/mo/Thesis/install/action_interfaces/include/action_interfaces/action/detail/move_tcp_along_axis__rosidl_typesupport_fastrtps_cpp.hpp
[0.910s] -- Up-to-date: /home/mo/Thesis/install/action_interfaces/include/action_interfaces/action/detail/fibonacci__rosidl_typesupport_fastrtps_cpp.hpp
[0.911s] -- Up-to-date: /home/mo/Thesis/install/action_interfaces/include/action_interfaces/action/detail/dds_fastrtps
[0.911s] -- Up-to-date: /home/mo/Thesis/install/action_interfaces/include/action_interfaces/msg
[0.912s] -- Up-to-date: /home/mo/Thesis/install/action_interfaces/include/action_interfaces/msg/rosidl_typesupport_fastrtps_cpp__visibility_control.h
[0.912s] -- Up-to-date: /home/mo/Thesis/install/action_interfaces/include/action_interfaces/msg/detail
[0.912s] -- Up-to-date: /home/mo/Thesis/install/action_interfaces/include/action_interfaces/msg/detail/xyz__rosidl_typesupport_fastrtps_cpp.hpp
[0.913s] -- Up-to-date: /home/mo/Thesis/install/action_interfaces/include/action_interfaces/msg/detail/uv__rosidl_typesupport_fastrtps_cpp.hpp
[0.913s] -- Up-to-date: /home/mo/Thesis/install/action_interfaces/include/action_interfaces/msg/detail/bounding_box__rosidl_typesupport_fastrtps_cpp.hpp
[0.913s] -- Up-to-date: /home/mo/Thesis/install/action_interfaces/include/action_interfaces/msg/detail/hook_data__rosidl_typesupport_fastrtps_cpp.hpp
[0.913s] -- Up-to-date: /home/mo/Thesis/install/action_interfaces/include/action_interfaces/msg/detail/hook__rosidl_typesupport_fastrtps_cpp.hpp
[0.913s] -- Up-to-date: /home/mo/Thesis/install/action_interfaces/include/action_interfaces/msg/detail/dds_fastrtps
[0.914s] -- Up-to-date: /home/mo/Thesis/install/action_interfaces/lib/libaction_interfaces__rosidl_typesupport_fastrtps_cpp.so
[0.915s] -- Up-to-date: /home/mo/Thesis/install/action_interfaces/include/action_interfaces
[0.916s] -- Up-to-date: /home/mo/Thesis/install/action_interfaces/include/action_interfaces/action
[0.916s] -- Up-to-date: /home/mo/Thesis/install/action_interfaces/include/action_interfaces/action/detail
[0.916s] -- Up-to-date: /home/mo/Thesis/install/action_interfaces/include/action_interfaces/action/detail/transform_action__rosidl_typesupport_introspection_c.h
[0.917s] -- Up-to-date: /home/mo/Thesis/install/action_interfaces/include/action_interfaces/action/detail/move_tcp_along_axis__rosidl_typesupport_introspection_c.h
[0.917s] -- Up-to-date: /home/mo/Thesis/install/action_interfaces/include/action_interfaces/action/detail/transform_action__type_support.c
[0.918s] -- Up-to-date: /home/mo/Thesis/install/action_interfaces/include/action_interfaces/action/detail/fibonacci__rosidl_typesupport_introspection_c.h
[0.919s] -- Up-to-date: /home/mo/Thesis/install/action_interfaces/include/action_interfaces/action/detail/fibonacci__type_support.c
[0.919s] -- Up-to-date: /home/mo/Thesis/install/action_interfaces/include/action_interfaces/action/detail/move_tcp_along_axis__type_support.c
[0.919s] -- Up-to-date: /home/mo/Thesis/install/action_interfaces/include/action_interfaces/msg
[0.920s] -- Up-to-date: /home/mo/Thesis/install/action_interfaces/include/action_interfaces/msg/detail
[0.920s] -- Up-to-date: /home/mo/Thesis/install/action_interfaces/include/action_interfaces/msg/detail/hook__type_support.c
[0.921s] -- Up-to-date: /home/mo/Thesis/install/action_interfaces/include/action_interfaces/msg/detail/xyz__type_support.c
[0.921s] -- Up-to-date: /home/mo/Thesis/install/action_interfaces/include/action_interfaces/msg/detail/bounding_box__rosidl_typesupport_introspection_c.h
[0.921s] -- Up-to-date: /home/mo/Thesis/install/action_interfaces/include/action_interfaces/msg/detail/hook_data__rosidl_typesupport_introspection_c.h
[0.922s] -- Up-to-date: /home/mo/Thesis/install/action_interfaces/include/action_interfaces/msg/detail/hook__rosidl_typesupport_introspection_c.h
[0.922s] -- Up-to-date: /home/mo/Thesis/install/action_interfaces/include/action_interfaces/msg/detail/xyz__rosidl_typesupport_introspection_c.h
[0.922s] -- Up-to-date: /home/mo/Thesis/install/action_interfaces/include/action_interfaces/msg/detail/bounding_box__type_support.c
[0.923s] -- Up-to-date: /home/mo/Thesis/install/action_interfaces/include/action_interfaces/msg/detail/hook_data__type_support.c
[0.923s] -- Up-to-date: /home/mo/Thesis/install/action_interfaces/include/action_interfaces/msg/detail/uv__rosidl_typesupport_introspection_c.h
[0.923s] -- Up-to-date: /home/mo/Thesis/install/action_interfaces/include/action_interfaces/msg/detail/uv__type_support.c
[0.925s] -- Up-to-date: /home/mo/Thesis/install/action_interfaces/include/action_interfaces/msg/rosidl_typesupport_introspection_c__visibility_control.h
[0.925s] -- Up-to-date: /home/mo/Thesis/install/action_interfaces/lib/libaction_interfaces__rosidl_typesupport_introspection_c.so
[0.925s] -- Up-to-date: /home/mo/Thesis/install/action_interfaces/lib/libaction_interfaces__rosidl_typesupport_c.so
[0.947s] -- Up-to-date: /home/mo/Thesis/install/action_interfaces/include/action_interfaces
[0.947s] -- Up-to-date: /home/mo/Thesis/install/action_interfaces/include/action_interfaces/action
[0.947s] -- Up-to-date: /home/mo/Thesis/install/action_interfaces/include/action_interfaces/action/transform_action.hpp
[0.947s] -- Up-to-date: /home/mo/Thesis/install/action_interfaces/include/action_interfaces/action/fibonacci.hpp
[0.947s] -- Up-to-date: /home/mo/Thesis/install/action_interfaces/include/action_interfaces/action/move_tcp_along_axis.hpp
[0.947s] -- Up-to-date: /home/mo/Thesis/install/action_interfaces/include/action_interfaces/action/detail
[0.947s] -- Up-to-date: /home/mo/Thesis/install/action_interfaces/include/action_interfaces/action/detail/move_tcp_along_axis__builder.hpp
[0.947s] -- Up-to-date: /home/mo/Thesis/install/action_interfaces/include/action_interfaces/action/detail/fibonacci__traits.hpp
[0.947s] -- Up-to-date: /home/mo/Thesis/install/action_interfaces/include/action_interfaces/action/detail/fibonacci__type_support.hpp
[0.948s] -- Up-to-date: /home/mo/Thesis/install/action_interfaces/include/action_interfaces/action/detail/move_tcp_along_axis__traits.hpp
[0.948s] -- Up-to-date: /home/mo/Thesis/install/action_interfaces/include/action_interfaces/action/detail/move_tcp_along_axis__type_support.hpp
[0.948s] -- Up-to-date: /home/mo/Thesis/install/action_interfaces/include/action_interfaces/action/detail/transform_action__type_support.hpp
[0.948s] -- Up-to-date: /home/mo/Thesis/install/action_interfaces/include/action_interfaces/action/detail/fibonacci__struct.hpp
[0.948s] -- Up-to-date: /home/mo/Thesis/install/action_interfaces/include/action_interfaces/action/detail/transform_action__struct.hpp
[0.948s] -- Up-to-date: /home/mo/Thesis/install/action_interfaces/include/action_interfaces/action/detail/move_tcp_along_axis__struct.hpp
[0.948s] -- Up-to-date: /home/mo/Thesis/install/action_interfaces/include/action_interfaces/action/detail/transform_action__builder.hpp
[0.948s] -- Up-to-date: /home/mo/Thesis/install/action_interfaces/include/action_interfaces/action/detail/fibonacci__builder.hpp
[0.949s] -- Up-to-date: /home/mo/Thesis/install/action_interfaces/include/action_interfaces/action/detail/transform_action__traits.hpp
[0.949s] -- Up-to-date: /home/mo/Thesis/install/action_interfaces/include/action_interfaces/msg
[0.950s] -- Up-to-date: /home/mo/Thesis/install/action_interfaces/include/action_interfaces/msg/bounding_box.hpp
[0.950s] -- Up-to-date: /home/mo/Thesis/install/action_interfaces/include/action_interfaces/msg/hook_data.hpp
[0.950s] -- Up-to-date: /home/mo/Thesis/install/action_interfaces/include/action_interfaces/msg/rosidl_generator_cpp__visibility_control.hpp
[0.950s] -- Up-to-date: /home/mo/Thesis/install/action_interfaces/include/action_interfaces/msg/xyz.hpp
[0.950s] -- Up-to-date: /home/mo/Thesis/install/action_interfaces/include/action_interfaces/msg/uv.hpp
[0.951s] -- Up-to-date: /home/mo/Thesis/install/action_interfaces/include/action_interfaces/msg/hook.hpp
[0.951s] -- Up-to-date: /home/mo/Thesis/install/action_interfaces/include/action_interfaces/msg/detail
[0.951s] -- Up-to-date: /home/mo/Thesis/install/action_interfaces/include/action_interfaces/msg/detail/bounding_box__type_support.hpp
[0.951s] -- Up-to-date: /home/mo/Thesis/install/action_interfaces/include/action_interfaces/msg/detail/bounding_box__builder.hpp
[0.951s] -- Up-to-date: /home/mo/Thesis/install/action_interfaces/include/action_interfaces/msg/detail/uv__builder.hpp
[0.952s] -- Up-to-date: /home/mo/Thesis/install/action_interfaces/include/action_interfaces/msg/detail/uv__traits.hpp
[0.952s] -- Up-to-date: /home/mo/Thesis/install/action_interfaces/include/action_interfaces/msg/detail/xyz__traits.hpp
[0.952s] -- Up-to-date: /home/mo/Thesis/install/action_interfaces/include/action_interfaces/msg/detail/hook_data__builder.hpp
[0.953s] -- Up-to-date: /home/mo/Thesis/install/action_interfaces/include/action_interfaces/msg/detail/xyz__struct.hpp
[0.953s] -- Up-to-date: /home/mo/Thesis/install/action_interfaces/include/action_interfaces/msg/detail/uv__struct.hpp
[0.953s] -- Up-to-date: /home/mo/Thesis/install/action_interfaces/include/action_interfaces/msg/detail/bounding_box__traits.hpp
[0.953s] -- Up-to-date: /home/mo/Thesis/install/action_interfaces/include/action_interfaces/msg/detail/uv__type_support.hpp
[0.954s] -- Up-to-date: /home/mo/Thesis/install/action_interfaces/include/action_interfaces/msg/detail/hook__builder.hpp
[0.954s] -- Up-to-date: /home/mo/Thesis/install/action_interfaces/include/action_interfaces/msg/detail/hook__traits.hpp
[0.954s] -- Up-to-date: /home/mo/Thesis/install/action_interfaces/include/action_interfaces/msg/detail/xyz__type_support.hpp
[0.955s] -- Up-to-date: /home/mo/Thesis/install/action_interfaces/include/action_interfaces/msg/detail/hook__type_support.hpp
[0.956s] -- Up-to-date: /home/mo/Thesis/install/action_interfaces/include/action_interfaces/msg/detail/hook_data__struct.hpp
[0.956s] -- Up-to-date: /home/mo/Thesis/install/action_interfaces/include/action_interfaces/msg/detail/xyz__builder.hpp
[0.956s] -- Up-to-date: /home/mo/Thesis/install/action_interfaces/include/action_interfaces/msg/detail/bounding_box__struct.hpp
[0.957s] -- Up-to-date: /home/mo/Thesis/install/action_interfaces/include/action_interfaces/msg/detail/hook_data__type_support.hpp
[0.957s] -- Up-to-date: /home/mo/Thesis/install/action_interfaces/include/action_interfaces/msg/detail/hook_data__traits.hpp
[0.957s] -- Up-to-date: /home/mo/Thesis/install/action_interfaces/include/action_interfaces/msg/detail/hook__struct.hpp
[0.957s] -- Up-to-date: /home/mo/Thesis/install/action_interfaces/include/action_interfaces
[0.957s] -- Up-to-date: /home/mo/Thesis/install/action_interfaces/include/action_interfaces/action
[0.958s] -- Up-to-date: /home/mo/Thesis/install/action_interfaces/include/action_interfaces/action/detail
[0.958s] -- Up-to-date: /home/mo/Thesis/install/action_interfaces/include/action_interfaces/action/detail/move_tcp_along_axis__type_support.cpp
[0.958s] -- Up-to-date: /home/mo/Thesis/install/action_interfaces/include/action_interfaces/action/detail/move_tcp_along_axis__rosidl_typesupport_introspection_cpp.hpp
[0.958s] -- Up-to-date: /home/mo/Thesis/install/action_interfaces/include/action_interfaces/action/detail/transform_action__rosidl_typesupport_introspection_cpp.hpp
[0.959s] -- Up-to-date: /home/mo/Thesis/install/action_interfaces/include/action_interfaces/action/detail/fibonacci__type_support.cpp
[0.959s] -- Up-to-date: /home/mo/Thesis/install/action_interfaces/include/action_interfaces/action/detail/fibonacci__rosidl_typesupport_introspection_cpp.hpp
[0.959s] -- Up-to-date: /home/mo/Thesis/install/action_interfaces/include/action_interfaces/action/detail/transform_action__type_support.cpp
[0.959s] -- Up-to-date: /home/mo/Thesis/install/action_interfaces/include/action_interfaces/msg
[0.959s] -- Up-to-date: /home/mo/Thesis/install/action_interfaces/include/action_interfaces/msg/detail
[0.959s] -- Up-to-date: /home/mo/Thesis/install/action_interfaces/include/action_interfaces/msg/detail/xyz__type_support.cpp
[0.960s] -- Up-to-date: /home/mo/Thesis/install/action_interfaces/include/action_interfaces/msg/detail/hook__type_support.cpp
[0.960s] -- Up-to-date: /home/mo/Thesis/install/action_interfaces/include/action_interfaces/msg/detail/uv__rosidl_typesupport_introspection_cpp.hpp
[0.961s] -- Up-to-date: /home/mo/Thesis/install/action_interfaces/include/action_interfaces/msg/detail/bounding_box__type_support.cpp
[0.962s] -- Up-to-date: /home/mo/Thesis/install/action_interfaces/include/action_interfaces/msg/detail/uv__type_support.cpp
[0.962s] -- Up-to-date: /home/mo/Thesis/install/action_interfaces/include/action_interfaces/msg/detail/hook_data__type_support.cpp
[0.962s] -- Up-to-date: /home/mo/Thesis/install/action_interfaces/include/action_interfaces/msg/detail/bounding_box__rosidl_typesupport_introspection_cpp.hpp
[0.963s] -- Up-to-date: /home/mo/Thesis/install/action_interfaces/include/action_interfaces/msg/detail/hook_data__rosidl_typesupport_introspection_cpp.hpp
[0.963s] -- Up-to-date: /home/mo/Thesis/install/action_interfaces/include/action_interfaces/msg/detail/xyz__rosidl_typesupport_introspection_cpp.hpp
[0.963s] -- Up-to-date: /home/mo/Thesis/install/action_interfaces/include/action_interfaces/msg/detail/hook__rosidl_typesupport_introspection_cpp.hpp
[0.964s] -- Up-to-date: /home/mo/Thesis/install/action_interfaces/lib/libaction_interfaces__rosidl_typesupport_introspection_cpp.so
[0.964s] -- Up-to-date: /home/mo/Thesis/install/action_interfaces/lib/libaction_interfaces__rosidl_typesupport_cpp.so
[0.964s] -- Up-to-date: /home/mo/Thesis/install/action_interfaces/share/action_interfaces/environment/pythonpath.sh
[0.964s] -- Up-to-date: /home/mo/Thesis/install/action_interfaces/share/action_interfaces/environment/pythonpath.dsv
[0.965s] -- Up-to-date: /home/mo/Thesis/install/action_interfaces/lib/python3.8/site-packages/action_interfaces/__init__.py
[1.114s] -- Up-to-date: /home/mo/Thesis/install/action_interfaces/lib/python3.8/site-packages/action_interfaces/action
[1.115s] -- Up-to-date: /home/mo/Thesis/install/action_interfaces/lib/python3.8/site-packages/action_interfaces/action/_transform_action_s.c
[1.115s] -- Up-to-date: /home/mo/Thesis/install/action_interfaces/lib/python3.8/site-packages/action_interfaces/action/_move_tcp_along_axis.py
[1.115s] -- Up-to-date: /home/mo/Thesis/install/action_interfaces/lib/python3.8/site-packages/action_interfaces/action/_move_tcp_along_axis_s.c
[1.115s] -- Up-to-date: /home/mo/Thesis/install/action_interfaces/lib/python3.8/site-packages/action_interfaces/action/_fibonacci_s.c
[1.115s] -- Up-to-date: /home/mo/Thesis/install/action_interfaces/lib/python3.8/site-packages/action_interfaces/action/_fibonacci.py
[1.115s] -- Up-to-date: /home/mo/Thesis/install/action_interfaces/lib/python3.8/site-packages/action_interfaces/action/_transform_action.py
[1.115s] -- Up-to-date: /home/mo/Thesis/install/action_interfaces/lib/python3.8/site-packages/action_interfaces/action/__init__.py
[1.115s] -- Up-to-date: /home/mo/Thesis/install/action_interfaces/lib/python3.8/site-packages/action_interfaces/msg
[1.115s] -- Up-to-date: /home/mo/Thesis/install/action_interfaces/lib/python3.8/site-packages/action_interfaces/msg/_xyz.py
[1.115s] -- Up-to-date: /home/mo/Thesis/install/action_interfaces/lib/python3.8/site-packages/action_interfaces/msg/_xyz_s.c
[1.115s] -- Up-to-date: /home/mo/Thesis/install/action_interfaces/lib/python3.8/site-packages/action_interfaces/msg/_hook_s.c
[1.115s] -- Up-to-date: /home/mo/Thesis/install/action_interfaces/lib/python3.8/site-packages/action_interfaces/msg/_bounding_box.py
[1.115s] -- Up-to-date: /home/mo/Thesis/install/action_interfaces/lib/python3.8/site-packages/action_interfaces/msg/_uv.py
[1.115s] -- Up-to-date: /home/mo/Thesis/install/action_interfaces/lib/python3.8/site-packages/action_interfaces/msg/_bounding_box_s.c
[1.116s] -- Up-to-date: /home/mo/Thesis/install/action_interfaces/lib/python3.8/site-packages/action_interfaces/msg/_uv_s.c
[1.116s] -- Up-to-date: /home/mo/Thesis/install/action_interfaces/lib/python3.8/site-packages/action_interfaces/msg/_hook_data.py
[1.116s] -- Up-to-date: /home/mo/Thesis/install/action_interfaces/lib/python3.8/site-packages/action_interfaces/msg/__init__.py
[1.116s] -- Up-to-date: /home/mo/Thesis/install/action_interfaces/lib/python3.8/site-packages/action_interfaces/msg/_hook_data_s.c
[1.116s] -- Up-to-date: /home/mo/Thesis/install/action_interfaces/lib/python3.8/site-packages/action_interfaces/msg/_hook.py
[1.116s] -- Up-to-date: /home/mo/Thesis/install/action_interfaces/lib/python3.8/site-packages/action_interfaces/action_interfaces_s__rosidl_typesupport_fastrtps_c.cpython-38-x86_64-linux-gnu.so
[1.116s] -- Up-to-date: /home/mo/Thesis/install/action_interfaces/lib/python3.8/site-packages/action_interfaces/action_interfaces_s__rosidl_typesupport_introspection_c.cpython-38-x86_64-linux-gnu.so
[1.116s] -- Up-to-date: /home/mo/Thesis/install/action_interfaces/lib/python3.8/site-packages/action_interfaces/action_interfaces_s__rosidl_typesupport_c.cpython-38-x86_64-linux-gnu.so
[1.116s] -- Up-to-date: /home/mo/Thesis/install/action_interfaces/lib/libaction_interfaces__python.so
[1.116s] -- Up-to-date: /home/mo/Thesis/install/action_interfaces/share/action_interfaces/action/Fibonacci.idl
[1.116s] -- Up-to-date: /home/mo/Thesis/install/action_interfaces/share/action_interfaces/action/MoveTcpAlongAxis.idl
[1.116s] -- Up-to-date: /home/mo/Thesis/install/action_interfaces/share/action_interfaces/action/TransformAction.idl
[1.116s] -- Up-to-date: /home/mo/Thesis/install/action_interfaces/share/action_interfaces/msg/BoundingBox.idl
[1.117s] -- Up-to-date: /home/mo/Thesis/install/action_interfaces/share/action_interfaces/msg/Hook.idl
[1.117s] -- Up-to-date: /home/mo/Thesis/install/action_interfaces/share/action_interfaces/msg/HookData.idl
[1.117s] -- Up-to-date: /home/mo/Thesis/install/action_interfaces/share/action_interfaces/msg/UV.idl
[1.117s] -- Up-to-date: /home/mo/Thesis/install/action_interfaces/share/action_interfaces/msg/XYZ.idl
[1.117s] -- Up-to-date: /home/mo/Thesis/install/action_interfaces/share/action_interfaces/action/Fibonacci.action
[1.117s] -- Up-to-date: /home/mo/Thesis/install/action_interfaces/share/action_interfaces/action/MoveTcpAlongAxis.action
[1.117s] -- Up-to-date: /home/mo/Thesis/install/action_interfaces/share/action_interfaces/action/TransformAction.action
[1.117s] -- Up-to-date: /home/mo/Thesis/install/action_interfaces/share/action_interfaces/msg/BoundingBox.msg
[1.117s] -- Up-to-date: /home/mo/Thesis/install/action_interfaces/share/action_interfaces/msg/Hook.msg
[1.117s] -- Up-to-date: /home/mo/Thesis/install/action_interfaces/share/action_interfaces/msg/HookData.msg
[1.117s] -- Up-to-date: /home/mo/Thesis/install/action_interfaces/share/action_interfaces/msg/UV.msg
[1.117s] -- Up-to-date: /home/mo/Thesis/install/action_interfaces/share/action_interfaces/msg/XYZ.msg
[1.117s] -- Up-to-date: /home/mo/Thesis/install/action_interfaces/share/ament_index/resource_index/package_run_dependencies/action_interfaces
[1.117s] -- Up-to-date: /home/mo/Thesis/install/action_interfaces/share/ament_index/resource_index/parent_prefix_path/action_interfaces
[1.118s] -- Up-to-date: /home/mo/Thesis/install/action_interfaces/share/action_interfaces/environment/ament_prefix_path.sh
[1.118s] -- Up-to-date: /home/mo/Thesis/install/action_interfaces/share/action_interfaces/environment/ament_prefix_path.dsv
[1.118s] -- Up-to-date: /home/mo/Thesis/install/action_interfaces/share/action_interfaces/environment/path.sh
[1.118s] -- Up-to-date: /home/mo/Thesis/install/action_interfaces/share/action_interfaces/environment/path.dsv
[1.118s] -- Up-to-date: /home/mo/Thesis/install/action_interfaces/share/action_interfaces/local_setup.bash
[1.118s] -- Up-to-date: /home/mo/Thesis/install/action_interfaces/share/action_interfaces/local_setup.sh
[1.118s] -- Up-to-date: /home/mo/Thesis/install/action_interfaces/share/action_interfaces/local_setup.zsh
[1.118s] -- Up-to-date: /home/mo/Thesis/install/action_interfaces/share/action_interfaces/local_setup.dsv
[1.118s] -- Installing: /home/mo/Thesis/install/action_interfaces/share/action_interfaces/package.dsv
[1.118s] -- Up-to-date: /home/mo/Thesis/install/action_interfaces/share/ament_index/resource_index/packages/action_interfaces
[1.118s] -- Up-to-date: /home/mo/Thesis/install/action_interfaces/share/action_interfaces/cmake/action_interfaces__rosidl_generator_cExport.cmake
[1.118s] -- Up-to-date: /home/mo/Thesis/install/action_interfaces/share/action_interfaces/cmake/action_interfaces__rosidl_generator_cExport-noconfig.cmake
[1.118s] -- Up-to-date: /home/mo/Thesis/install/action_interfaces/share/action_interfaces/cmake/action_interfaces__rosidl_typesupport_introspection_cExport.cmake
[1.119s] -- Up-to-date: /home/mo/Thesis/install/action_interfaces/share/action_interfaces/cmake/action_interfaces__rosidl_typesupport_introspection_cExport-noconfig.cmake
[1.119s] -- Up-to-date: /home/mo/Thesis/install/action_interfaces/share/action_interfaces/cmake/action_interfaces__rosidl_typesupport_cExport.cmake
[1.119s] -- Up-to-date: /home/mo/Thesis/install/action_interfaces/share/action_interfaces/cmake/action_interfaces__rosidl_typesupport_cExport-noconfig.cmake
[1.119s] -- Up-to-date: /home/mo/Thesis/install/action_interfaces/share/action_interfaces/cmake/action_interfaces__rosidl_generator_cppExport.cmake
[1.119s] -- Up-to-date: /home/mo/Thesis/install/action_interfaces/share/action_interfaces/cmake/action_interfaces__rosidl_typesupport_introspection_cppExport.cmake
[1.119s] -- Up-to-date: /home/mo/Thesis/install/action_interfaces/share/action_interfaces/cmake/action_interfaces__rosidl_typesupport_introspection_cppExport-noconfig.cmake
[1.119s] -- Up-to-date: /home/mo/Thesis/install/action_interfaces/share/action_interfaces/cmake/action_interfaces__rosidl_typesupport_cppExport.cmake
[1.119s] -- Up-to-date: /home/mo/Thesis/install/action_interfaces/share/action_interfaces/cmake/action_interfaces__rosidl_typesupport_cppExport-noconfig.cmake
[1.119s] -- Up-to-date: /home/mo/Thesis/install/action_interfaces/share/action_interfaces/cmake/rosidl_cmake-extras.cmake
[1.119s] -- Up-to-date: /home/mo/Thesis/install/action_interfaces/share/action_interfaces/cmake/ament_cmake_export_dependencies-extras.cmake
[1.119s] -- Up-to-date: /home/mo/Thesis/install/action_interfaces/share/action_interfaces/cmake/ament_cmake_export_libraries-extras.cmake
[1.119s] -- Up-to-date: /home/mo/Thesis/install/action_interfaces/share/action_interfaces/cmake/ament_cmake_export_targets-extras.cmake
[1.119s] -- Up-to-date: /home/mo/Thesis/install/action_interfaces/share/action_interfaces/cmake/ament_cmake_export_include_directories-extras.cmake
[1.120s] -- Up-to-date: /home/mo/Thesis/install/action_interfaces/share/action_interfaces/cmake/rosidl_cmake_export_typesupport_libraries-extras.cmake
[1.120s] -- Up-to-date: /home/mo/Thesis/install/action_interfaces/share/action_interfaces/cmake/rosidl_cmake_export_typesupport_targets-extras.cmake
[1.120s] -- Up-to-date: /home/mo/Thesis/install/action_interfaces/share/action_interfaces/cmake/action_interfacesConfig.cmake
[1.120s] -- Up-to-date: /home/mo/Thesis/install/action_interfaces/share/action_interfaces/cmake/action_interfacesConfig-version.cmake
[1.120s] -- Up-to-date: /home/mo/Thesis/install/action_interfaces/share/action_interfaces/package.xml
[1.121s] Invoked command in '/home/mo/Thesis/build/action_interfaces' returned '0': CMAKE_PREFIX_PATH=${CMAKE_PREFIX_PATH}:/home/mo/Thesis/install/vision:/home/mo/Thesis/install/vcnanoz:/home/mo/Thesis/install/sensopart_visor:/home/mo/Thesis/install/robot_control:/home/mo/Thesis/install/kr_example_python:/home/mo/Thesis/install/action_servers:/opt/ros/foxy /usr/bin/cmake --install /home/mo/Thesis/build/action_interfaces
