[1.982s] Invoking command in '/home/vboxuser/Thesis/src/sensopart_visor': PYTHONPATH=/home/vboxuser/Thesis/build/sensopart_visor/prefix_override:/usr/lib/python3/dist-packages/colcon_core/task/python/colcon_distutils_commands:/home/vboxuser/Thesis/install/sensopart_visor/lib/python3.8/site-packages:${PYTHONPATH} /usr/bin/python3 -W ignore:setup.py install is deprecated setup.py egg_info --egg-base ../../build/sensopart_visor build --build-base /home/vboxuser/Thesis/build/sensopart_visor/build install --record /home/vboxuser/Thesis/build/sensopart_visor/install.log --install-scripts $base/lib/sensopart_visor --single-version-externally-managed install_data
[2.329s] running egg_info
[2.330s] writing ../../build/sensopart_visor/sensopart_visor.egg-info/PKG-INFO
[2.335s] writing dependency_links to ../../build/sensopart_visor/sensopart_visor.egg-info/dependency_links.txt
[2.335s] writing entry points to ../../build/sensopart_visor/sensopart_visor.egg-info/entry_points.txt
[2.336s] writing requirements to ../../build/sensopart_visor/sensopart_visor.egg-info/requires.txt
[2.336s] writing top-level names to ../../build/sensopart_visor/sensopart_visor.egg-info/top_level.txt
[2.336s] reading manifest file '../../build/sensopart_visor/sensopart_visor.egg-info/SOURCES.txt'
[2.337s] writing manifest file '../../build/sensopart_visor/sensopart_visor.egg-info/SOURCES.txt'
[2.337s] running build
[2.338s] running build_py
[2.338s] running install
[2.338s] running install_lib
[2.338s] running install_data
[2.338s] running install_egg_info
[2.353s] removing '/home/vboxuser/Thesis/install/sensopart_visor/lib/python3.8/site-packages/sensopart_visor-0.0.0-py3.8.egg-info' (and everything under it)
[2.353s] Copying ../../build/sensopart_visor/sensopart_visor.egg-info to /home/vboxuser/Thesis/install/sensopart_visor/lib/python3.8/site-packages/sensopart_visor-0.0.0-py3.8.egg-info
[2.371s] running install_scripts
[2.371s] Installing visor_shutdown script to /home/vboxuser/Thesis/install/sensopart_visor/lib/sensopart_visor
[2.374s] Installing visor_startup script to /home/vboxuser/Thesis/install/sensopart_visor/lib/sensopart_visor
[2.374s] writing list of installed files to '/home/vboxuser/Thesis/build/sensopart_visor/install.log'
[2.454s] Invoked command in '/home/vboxuser/Thesis/src/sensopart_visor' returned '0': PYTHONPATH=/home/vboxuser/Thesis/build/sensopart_visor/prefix_override:/usr/lib/python3/dist-packages/colcon_core/task/python/colcon_distutils_commands:/home/vboxuser/Thesis/install/sensopart_visor/lib/python3.8/site-packages:${PYTHONPATH} /usr/bin/python3 -W ignore:setup.py install is deprecated setup.py egg_info --egg-base ../../build/sensopart_visor build --build-base /home/vboxuser/Thesis/build/sensopart_visor/build install --record /home/vboxuser/Thesis/build/sensopart_visor/install.log --install-scripts $base/lib/sensopart_visor --single-version-externally-managed install_data
