[0.076s] Invoking command in '/home/vboxuser/Thesis/build/realsense2_camera_msgs': CMAKE_PREFIX_PATH=${CMAKE_PREFIX_PATH}:/home/vboxuser/Thesis/install/vision:/home/vboxuser/Thesis/install/vcnanoz:/home/vboxuser/Thesis/install/sensopart_visor:/home/vboxuser/Thesis/install/robot_control:/home/vboxuser/Thesis/install/kr_example_python:/home/vboxuser/Thesis/install/bt_pkg:/home/vboxuser/Thesis/install/action_servers:/opt/ros/foxy /usr/bin/cmake --build /home/vboxuser/Thesis/build/realsense2_camera_msgs -- -j8 -l8
[0.899s] [  1%] Built target realsense2_camera_msgs__cpp
[0.899s] [ 12%] Built target realsense2_camera_msgs__rosidl_typesupport_introspection_cpp
[0.899s] [ 23%] Built target realsense2_camera_msgs__rosidl_typesupport_cpp
[0.899s] [ 34%] Built target realsense2_camera_msgs__rosidl_generator_c
[0.899s] [ 46%] Built target realsense2_camera_msgs__rosidl_typesupport_fastrtps_cpp
[0.899s] [ 57%] Built target realsense2_camera_msgs__rosidl_typesupport_c
[0.899s] [ 68%] Built target realsense2_camera_msgs__rosidl_typesupport_introspection_c
[0.899s] [ 79%] Built target realsense2_camera_msgs__rosidl_typesupport_fastrtps_c
[0.899s] [ 79%] Built target realsense2_camera_msgs
[0.899s] [ 80%] Built target realsense2_camera_msgs__py
[0.899s] [ 90%] Built target realsense2_camera_msgs__python
[0.899s] [ 98%] Built target realsense2_camera_msgs__rosidl_typesupport_c__pyext
[0.899s] [ 98%] Built target realsense2_camera_msgs__rosidl_typesupport_introspection_c__pyext
[0.899s] [100%] Built target realsense2_camera_msgs__rosidl_typesupport_fastrtps_c__pyext
[1.142s] Invoked command in '/home/vboxuser/Thesis/build/realsense2_camera_msgs' returned '0': CMAKE_PREFIX_PATH=${CMAKE_PREFIX_PATH}:/home/vboxuser/Thesis/install/vision:/home/vboxuser/Thesis/install/vcnanoz:/home/vboxuser/Thesis/install/sensopart_visor:/home/vboxuser/Thesis/install/robot_control:/home/vboxuser/Thesis/install/kr_example_python:/home/vboxuser/Thesis/install/bt_pkg:/home/vboxuser/Thesis/install/action_servers:/opt/ros/foxy /usr/bin/cmake --build /home/vboxuser/Thesis/build/realsense2_camera_msgs -- -j8 -l8
[1.387s] Invoking command in '/home/vboxuser/Thesis/build/realsense2_camera_msgs': CMAKE_PREFIX_PATH=${CMAKE_PREFIX_PATH}:/home/vboxuser/Thesis/install/vision:/home/vboxuser/Thesis/install/vcnanoz:/home/vboxuser/Thesis/install/sensopart_visor:/home/vboxuser/Thesis/install/robot_control:/home/vboxuser/Thesis/install/kr_example_python:/home/vboxuser/Thesis/install/bt_pkg:/home/vboxuser/Thesis/install/action_servers:/opt/ros/foxy /usr/bin/cmake --install /home/vboxuser/Thesis/build/realsense2_camera_msgs
[1.403s] -- Install configuration: ""
[1.404s] -- Execute custom install script
[1.406s] -- Up-to-date symlink: /home/vboxuser/Thesis/install/realsense2_camera_msgs/share/ament_index/resource_index/rosidl_interfaces/realsense2_camera_msgs
[1.408s] -- Up-to-date symlink: /home/vboxuser/Thesis/install/realsense2_camera_msgs/include/realsense2_camera_msgs/msg/detail/extrinsics__functions.h
[1.408s] -- Up-to-date symlink: /home/vboxuser/Thesis/install/realsense2_camera_msgs/include/realsense2_camera_msgs/msg/detail/extrinsics__struct.h
[1.408s] -- Up-to-date symlink: /home/vboxuser/Thesis/install/realsense2_camera_msgs/include/realsense2_camera_msgs/msg/detail/extrinsics__type_support.h
[1.408s] -- Up-to-date symlink: /home/vboxuser/Thesis/install/realsense2_camera_msgs/include/realsense2_camera_msgs/msg/detail/imu_info__functions.h
[1.408s] -- Up-to-date symlink: /home/vboxuser/Thesis/install/realsense2_camera_msgs/include/realsense2_camera_msgs/msg/detail/imu_info__struct.h
[1.408s] -- Up-to-date symlink: /home/vboxuser/Thesis/install/realsense2_camera_msgs/include/realsense2_camera_msgs/msg/detail/imu_info__type_support.h
[1.409s] -- Up-to-date symlink: /home/vboxuser/Thesis/install/realsense2_camera_msgs/include/realsense2_camera_msgs/msg/detail/metadata__functions.h
[1.409s] -- Up-to-date symlink: /home/vboxuser/Thesis/install/realsense2_camera_msgs/include/realsense2_camera_msgs/msg/detail/metadata__struct.h
[1.409s] -- Up-to-date symlink: /home/vboxuser/Thesis/install/realsense2_camera_msgs/include/realsense2_camera_msgs/msg/detail/metadata__type_support.h
[1.409s] -- Up-to-date symlink: /home/vboxuser/Thesis/install/realsense2_camera_msgs/include/realsense2_camera_msgs/msg/detail/rgbd__functions.h
[1.411s] -- Up-to-date symlink: /home/vboxuser/Thesis/install/realsense2_camera_msgs/include/realsense2_camera_msgs/msg/detail/rgbd__struct.h
[1.411s] -- Up-to-date symlink: /home/vboxuser/Thesis/install/realsense2_camera_msgs/include/realsense2_camera_msgs/msg/detail/rgbd__type_support.h
[1.411s] -- Up-to-date symlink: /home/vboxuser/Thesis/install/realsense2_camera_msgs/include/realsense2_camera_msgs/msg/extrinsics.h
[1.411s] -- Up-to-date symlink: /home/vboxuser/Thesis/install/realsense2_camera_msgs/include/realsense2_camera_msgs/msg/imu_info.h
[1.411s] -- Up-to-date symlink: /home/vboxuser/Thesis/install/realsense2_camera_msgs/include/realsense2_camera_msgs/msg/metadata.h
[1.411s] -- Up-to-date symlink: /home/vboxuser/Thesis/install/realsense2_camera_msgs/include/realsense2_camera_msgs/msg/rgbd.h
[1.412s] -- Up-to-date symlink: /home/vboxuser/Thesis/install/realsense2_camera_msgs/include/realsense2_camera_msgs/msg/rosidl_generator_c__visibility_control.h
[1.412s] -- Up-to-date symlink: /home/vboxuser/Thesis/install/realsense2_camera_msgs/include/realsense2_camera_msgs/srv/detail/device_info__functions.h
[1.412s] -- Up-to-date symlink: /home/vboxuser/Thesis/install/realsense2_camera_msgs/include/realsense2_camera_msgs/srv/detail/device_info__struct.h
[1.413s] -- Up-to-date symlink: /home/vboxuser/Thesis/install/realsense2_camera_msgs/include/realsense2_camera_msgs/srv/detail/device_info__type_support.h
[1.413s] -- Up-to-date symlink: /home/vboxuser/Thesis/install/realsense2_camera_msgs/include/realsense2_camera_msgs/srv/device_info.h
[1.415s] -- Up-to-date symlink: /home/vboxuser/Thesis/install/realsense2_camera_msgs/share/realsense2_camera_msgs/environment/library_path.sh
[1.415s] -- Up-to-date symlink: /home/vboxuser/Thesis/install/realsense2_camera_msgs/share/realsense2_camera_msgs/environment/library_path.dsv
[1.415s] -- Up-to-date symlink: /home/vboxuser/Thesis/install/realsense2_camera_msgs/include/realsense2_camera_msgs/msg/detail/extrinsics__rosidl_typesupport_fastrtps_c.h
[1.416s] -- Up-to-date symlink: /home/vboxuser/Thesis/install/realsense2_camera_msgs/include/realsense2_camera_msgs/msg/detail/imu_info__rosidl_typesupport_fastrtps_c.h
[1.416s] -- Up-to-date symlink: /home/vboxuser/Thesis/install/realsense2_camera_msgs/include/realsense2_camera_msgs/msg/detail/metadata__rosidl_typesupport_fastrtps_c.h
[1.417s] -- Up-to-date symlink: /home/vboxuser/Thesis/install/realsense2_camera_msgs/include/realsense2_camera_msgs/msg/detail/rgbd__rosidl_typesupport_fastrtps_c.h
[1.417s] -- Up-to-date symlink: /home/vboxuser/Thesis/install/realsense2_camera_msgs/include/realsense2_camera_msgs/msg/rosidl_typesupport_fastrtps_c__visibility_control.h
[1.417s] -- Up-to-date symlink: /home/vboxuser/Thesis/install/realsense2_camera_msgs/include/realsense2_camera_msgs/srv/detail/device_info__rosidl_typesupport_fastrtps_c.h
[1.418s] -- Up-to-date symlink: /home/vboxuser/Thesis/install/realsense2_camera_msgs/lib/librealsense2_camera_msgs__rosidl_typesupport_fastrtps_c.so
[1.419s] -- Up-to-date symlink: /home/vboxuser/Thesis/install/realsense2_camera_msgs/include/realsense2_camera_msgs/msg/detail/extrinsics__rosidl_typesupport_fastrtps_cpp.hpp
[1.420s] -- Up-to-date symlink: /home/vboxuser/Thesis/install/realsense2_camera_msgs/include/realsense2_camera_msgs/msg/detail/imu_info__rosidl_typesupport_fastrtps_cpp.hpp
[1.420s] -- Up-to-date symlink: /home/vboxuser/Thesis/install/realsense2_camera_msgs/include/realsense2_camera_msgs/msg/detail/metadata__rosidl_typesupport_fastrtps_cpp.hpp
[1.420s] -- Up-to-date symlink: /home/vboxuser/Thesis/install/realsense2_camera_msgs/include/realsense2_camera_msgs/msg/detail/rgbd__rosidl_typesupport_fastrtps_cpp.hpp
[1.420s] -- Up-to-date symlink: /home/vboxuser/Thesis/install/realsense2_camera_msgs/include/realsense2_camera_msgs/msg/rosidl_typesupport_fastrtps_cpp__visibility_control.h
[1.421s] -- Up-to-date symlink: /home/vboxuser/Thesis/install/realsense2_camera_msgs/include/realsense2_camera_msgs/srv/detail/device_info__rosidl_typesupport_fastrtps_cpp.hpp
[1.421s] -- Up-to-date symlink: /home/vboxuser/Thesis/install/realsense2_camera_msgs/lib/librealsense2_camera_msgs__rosidl_typesupport_fastrtps_cpp.so
[1.422s] -- Up-to-date symlink: /home/vboxuser/Thesis/install/realsense2_camera_msgs/include/realsense2_camera_msgs/msg/detail/extrinsics__rosidl_typesupport_introspection_c.h
[1.423s] -- Up-to-date symlink: /home/vboxuser/Thesis/install/realsense2_camera_msgs/include/realsense2_camera_msgs/msg/detail/imu_info__rosidl_typesupport_introspection_c.h
[1.423s] -- Up-to-date symlink: /home/vboxuser/Thesis/install/realsense2_camera_msgs/include/realsense2_camera_msgs/msg/detail/metadata__rosidl_typesupport_introspection_c.h
[1.424s] -- Up-to-date symlink: /home/vboxuser/Thesis/install/realsense2_camera_msgs/include/realsense2_camera_msgs/msg/detail/rgbd__rosidl_typesupport_introspection_c.h
[1.424s] -- Up-to-date symlink: /home/vboxuser/Thesis/install/realsense2_camera_msgs/include/realsense2_camera_msgs/msg/rosidl_typesupport_introspection_c__visibility_control.h
[1.424s] -- Up-to-date symlink: /home/vboxuser/Thesis/install/realsense2_camera_msgs/include/realsense2_camera_msgs/srv/detail/device_info__rosidl_typesupport_introspection_c.h
[1.426s] -- Up-to-date symlink: /home/vboxuser/Thesis/install/realsense2_camera_msgs/include/realsense2_camera_msgs/msg/detail/extrinsics__builder.hpp
[1.426s] -- Up-to-date symlink: /home/vboxuser/Thesis/install/realsense2_camera_msgs/include/realsense2_camera_msgs/msg/detail/extrinsics__struct.hpp
[1.427s] -- Up-to-date symlink: /home/vboxuser/Thesis/install/realsense2_camera_msgs/include/realsense2_camera_msgs/msg/detail/extrinsics__traits.hpp
[1.427s] -- Up-to-date symlink: /home/vboxuser/Thesis/install/realsense2_camera_msgs/include/realsense2_camera_msgs/msg/detail/extrinsics__type_support.hpp
[1.428s] -- Up-to-date symlink: /home/vboxuser/Thesis/install/realsense2_camera_msgs/include/realsense2_camera_msgs/msg/detail/imu_info__builder.hpp
[1.428s] -- Up-to-date symlink: /home/vboxuser/Thesis/install/realsense2_camera_msgs/include/realsense2_camera_msgs/msg/detail/imu_info__struct.hpp
[1.429s] -- Up-to-date symlink: /home/vboxuser/Thesis/install/realsense2_camera_msgs/include/realsense2_camera_msgs/msg/detail/imu_info__traits.hpp
[1.430s] -- Up-to-date symlink: /home/vboxuser/Thesis/install/realsense2_camera_msgs/include/realsense2_camera_msgs/msg/detail/imu_info__type_support.hpp
[1.433s] -- Up-to-date symlink: /home/vboxuser/Thesis/install/realsense2_camera_msgs/include/realsense2_camera_msgs/msg/detail/metadata__builder.hpp
[1.436s] -- Up-to-date symlink: /home/vboxuser/Thesis/install/realsense2_camera_msgs/include/realsense2_camera_msgs/msg/detail/metadata__struct.hpp
[1.436s] -- Up-to-date symlink: /home/vboxuser/Thesis/install/realsense2_camera_msgs/include/realsense2_camera_msgs/msg/detail/metadata__traits.hpp
[1.436s] -- Up-to-date symlink: /home/vboxuser/Thesis/install/realsense2_camera_msgs/include/realsense2_camera_msgs/msg/detail/metadata__type_support.hpp
[1.437s] -- Up-to-date symlink: /home/vboxuser/Thesis/install/realsense2_camera_msgs/include/realsense2_camera_msgs/msg/detail/rgbd__builder.hpp
[1.437s] -- Up-to-date symlink: /home/vboxuser/Thesis/install/realsense2_camera_msgs/include/realsense2_camera_msgs/msg/detail/rgbd__struct.hpp
[1.437s] -- Up-to-date symlink: /home/vboxuser/Thesis/install/realsense2_camera_msgs/include/realsense2_camera_msgs/msg/detail/rgbd__traits.hpp
[1.438s] -- Up-to-date symlink: /home/vboxuser/Thesis/install/realsense2_camera_msgs/include/realsense2_camera_msgs/msg/detail/rgbd__type_support.hpp
[1.438s] -- Up-to-date symlink: /home/vboxuser/Thesis/install/realsense2_camera_msgs/include/realsense2_camera_msgs/msg/extrinsics.hpp
[1.438s] -- Up-to-date symlink: /home/vboxuser/Thesis/install/realsense2_camera_msgs/include/realsense2_camera_msgs/msg/imu_info.hpp
[1.438s] -- Up-to-date symlink: /home/vboxuser/Thesis/install/realsense2_camera_msgs/include/realsense2_camera_msgs/msg/metadata.hpp
[1.439s] -- Up-to-date symlink: /home/vboxuser/Thesis/install/realsense2_camera_msgs/include/realsense2_camera_msgs/msg/rgbd.hpp
[1.439s] -- Up-to-date symlink: /home/vboxuser/Thesis/install/realsense2_camera_msgs/include/realsense2_camera_msgs/msg/rosidl_generator_cpp__visibility_control.hpp
[1.440s] -- Up-to-date symlink: /home/vboxuser/Thesis/install/realsense2_camera_msgs/include/realsense2_camera_msgs/srv/detail/device_info__builder.hpp
[1.440s] -- Up-to-date symlink: /home/vboxuser/Thesis/install/realsense2_camera_msgs/include/realsense2_camera_msgs/srv/detail/device_info__struct.hpp
[1.441s] -- Up-to-date symlink: /home/vboxuser/Thesis/install/realsense2_camera_msgs/include/realsense2_camera_msgs/srv/detail/device_info__traits.hpp
[1.441s] -- Up-to-date symlink: /home/vboxuser/Thesis/install/realsense2_camera_msgs/include/realsense2_camera_msgs/srv/detail/device_info__type_support.hpp
[1.442s] -- Up-to-date symlink: /home/vboxuser/Thesis/install/realsense2_camera_msgs/include/realsense2_camera_msgs/srv/device_info.hpp
[1.446s] -- Up-to-date symlink: /home/vboxuser/Thesis/install/realsense2_camera_msgs/include/realsense2_camera_msgs/msg/detail/extrinsics__rosidl_typesupport_introspection_cpp.hpp
[1.446s] -- Up-to-date symlink: /home/vboxuser/Thesis/install/realsense2_camera_msgs/include/realsense2_camera_msgs/msg/detail/imu_info__rosidl_typesupport_introspection_cpp.hpp
[1.446s] -- Up-to-date symlink: /home/vboxuser/Thesis/install/realsense2_camera_msgs/include/realsense2_camera_msgs/msg/detail/metadata__rosidl_typesupport_introspection_cpp.hpp
[1.446s] -- Up-to-date symlink: /home/vboxuser/Thesis/install/realsense2_camera_msgs/include/realsense2_camera_msgs/msg/detail/rgbd__rosidl_typesupport_introspection_cpp.hpp
[1.448s] -- Up-to-date symlink: /home/vboxuser/Thesis/install/realsense2_camera_msgs/include/realsense2_camera_msgs/srv/detail/device_info__rosidl_typesupport_introspection_cpp.hpp
[1.448s] -- Up-to-date symlink: /home/vboxuser/Thesis/install/realsense2_camera_msgs/share/realsense2_camera_msgs/environment/pythonpath.sh
[1.449s] -- Up-to-date symlink: /home/vboxuser/Thesis/install/realsense2_camera_msgs/share/realsense2_camera_msgs/environment/pythonpath.dsv
[1.449s] -- Up-to-date symlink: /home/vboxuser/Thesis/install/realsense2_camera_msgs/lib/python3.8/site-packages/realsense2_camera_msgs/__init__.py
[1.450s] -- Up-to-date symlink: /home/vboxuser/Thesis/install/realsense2_camera_msgs/lib/python3.8/site-packages/realsense2_camera_msgs/msg/__init__.py
[1.451s] -- Up-to-date symlink: /home/vboxuser/Thesis/install/realsense2_camera_msgs/lib/python3.8/site-packages/realsense2_camera_msgs/msg/_extrinsics.py
[1.451s] -- Up-to-date symlink: /home/vboxuser/Thesis/install/realsense2_camera_msgs/lib/python3.8/site-packages/realsense2_camera_msgs/msg/_imu_info.py
[1.452s] -- Up-to-date symlink: /home/vboxuser/Thesis/install/realsense2_camera_msgs/lib/python3.8/site-packages/realsense2_camera_msgs/msg/_metadata.py
[1.452s] -- Up-to-date symlink: /home/vboxuser/Thesis/install/realsense2_camera_msgs/lib/python3.8/site-packages/realsense2_camera_msgs/msg/_rgbd.py
[1.453s] -- Up-to-date symlink: /home/vboxuser/Thesis/install/realsense2_camera_msgs/lib/python3.8/site-packages/realsense2_camera_msgs/srv/__init__.py
[1.453s] -- Up-to-date symlink: /home/vboxuser/Thesis/install/realsense2_camera_msgs/lib/python3.8/site-packages/realsense2_camera_msgs/srv/_device_info.py
[1.454s] -- Up-to-date symlink: /home/vboxuser/Thesis/install/realsense2_camera_msgs/lib/python3.8/site-packages/realsense2_camera_msgs/realsense2_camera_msgs_s__rosidl_typesupport_fastrtps_c.cpython-38-x86_64-linux-gnu.so
[1.454s] -- Up-to-date symlink: /home/vboxuser/Thesis/install/realsense2_camera_msgs/lib/python3.8/site-packages/realsense2_camera_msgs/realsense2_camera_msgs_s__rosidl_typesupport_introspection_c.cpython-38-x86_64-linux-gnu.so
[1.455s] -- Up-to-date symlink: /home/vboxuser/Thesis/install/realsense2_camera_msgs/lib/python3.8/site-packages/realsense2_camera_msgs/realsense2_camera_msgs_s__rosidl_typesupport_c.cpython-38-x86_64-linux-gnu.so
[1.456s] -- Up-to-date symlink: /home/vboxuser/Thesis/install/realsense2_camera_msgs/lib/librealsense2_camera_msgs__python.so
[1.456s] -- Up-to-date symlink: /home/vboxuser/Thesis/install/realsense2_camera_msgs/share/realsense2_camera_msgs/msg/IMUInfo.idl
[1.457s] -- Up-to-date symlink: /home/vboxuser/Thesis/install/realsense2_camera_msgs/share/realsense2_camera_msgs/msg/Extrinsics.idl
[1.458s] -- Up-to-date symlink: /home/vboxuser/Thesis/install/realsense2_camera_msgs/share/realsense2_camera_msgs/msg/Metadata.idl
[1.458s] -- Up-to-date symlink: /home/vboxuser/Thesis/install/realsense2_camera_msgs/share/realsense2_camera_msgs/msg/RGBD.idl
[1.459s] -- Up-to-date symlink: /home/vboxuser/Thesis/install/realsense2_camera_msgs/share/realsense2_camera_msgs/srv/DeviceInfo.idl
[1.460s] -- Up-to-date symlink: /home/vboxuser/Thesis/install/realsense2_camera_msgs/share/realsense2_camera_msgs/msg/IMUInfo.msg
[1.460s] -- Up-to-date symlink: /home/vboxuser/Thesis/install/realsense2_camera_msgs/share/realsense2_camera_msgs/msg/Extrinsics.msg
[1.461s] -- Up-to-date symlink: /home/vboxuser/Thesis/install/realsense2_camera_msgs/share/realsense2_camera_msgs/msg/Metadata.msg
[1.461s] -- Up-to-date symlink: /home/vboxuser/Thesis/install/realsense2_camera_msgs/share/realsense2_camera_msgs/msg/RGBD.msg
[1.462s] -- Up-to-date symlink: /home/vboxuser/Thesis/install/realsense2_camera_msgs/share/realsense2_camera_msgs/srv/DeviceInfo.srv
[1.463s] -- Up-to-date symlink: /home/vboxuser/Thesis/install/realsense2_camera_msgs/share/realsense2_camera_msgs/srv/DeviceInfo_Request.msg
[1.463s] -- Up-to-date symlink: /home/vboxuser/Thesis/install/realsense2_camera_msgs/share/realsense2_camera_msgs/srv/DeviceInfo_Response.msg
[1.464s] -- Up-to-date symlink: /home/vboxuser/Thesis/install/realsense2_camera_msgs/share/ament_index/resource_index/package_run_dependencies/realsense2_camera_msgs
[1.465s] -- Up-to-date symlink: /home/vboxuser/Thesis/install/realsense2_camera_msgs/share/ament_index/resource_index/parent_prefix_path/realsense2_camera_msgs
[1.465s] -- Up-to-date symlink: /home/vboxuser/Thesis/install/realsense2_camera_msgs/share/realsense2_camera_msgs/environment/ament_prefix_path.sh
[1.466s] -- Up-to-date symlink: /home/vboxuser/Thesis/install/realsense2_camera_msgs/share/realsense2_camera_msgs/environment/ament_prefix_path.dsv
[1.466s] -- Up-to-date symlink: /home/vboxuser/Thesis/install/realsense2_camera_msgs/share/realsense2_camera_msgs/environment/path.sh
[1.467s] -- Up-to-date symlink: /home/vboxuser/Thesis/install/realsense2_camera_msgs/share/realsense2_camera_msgs/environment/path.dsv
[1.468s] -- Up-to-date symlink: /home/vboxuser/Thesis/install/realsense2_camera_msgs/share/realsense2_camera_msgs/local_setup.bash
[1.468s] -- Up-to-date symlink: /home/vboxuser/Thesis/install/realsense2_camera_msgs/share/realsense2_camera_msgs/local_setup.sh
[1.469s] -- Up-to-date symlink: /home/vboxuser/Thesis/install/realsense2_camera_msgs/share/realsense2_camera_msgs/local_setup.zsh
[1.470s] -- Up-to-date symlink: /home/vboxuser/Thesis/install/realsense2_camera_msgs/share/realsense2_camera_msgs/local_setup.dsv
[1.470s] -- Symlinking: /home/vboxuser/Thesis/install/realsense2_camera_msgs/share/realsense2_camera_msgs/package.dsv
[1.495s] -- Up-to-date symlink: /home/vboxuser/Thesis/install/realsense2_camera_msgs/share/ament_index/resource_index/packages/realsense2_camera_msgs
[1.496s] -- Up-to-date symlink: /home/vboxuser/Thesis/install/realsense2_camera_msgs/share/realsense2_camera_msgs/cmake/rosidl_cmake-extras.cmake
[1.497s] -- Up-to-date symlink: /home/vboxuser/Thesis/install/realsense2_camera_msgs/share/realsense2_camera_msgs/cmake/ament_cmake_export_dependencies-extras.cmake
[1.498s] -- Up-to-date symlink: /home/vboxuser/Thesis/install/realsense2_camera_msgs/share/realsense2_camera_msgs/cmake/ament_cmake_export_libraries-extras.cmake
[1.499s] -- Up-to-date symlink: /home/vboxuser/Thesis/install/realsense2_camera_msgs/share/realsense2_camera_msgs/cmake/ament_cmake_export_targets-extras.cmake
[1.499s] -- Up-to-date symlink: /home/vboxuser/Thesis/install/realsense2_camera_msgs/share/realsense2_camera_msgs/cmake/ament_cmake_export_include_directories-extras.cmake
[1.500s] -- Up-to-date symlink: /home/vboxuser/Thesis/install/realsense2_camera_msgs/share/realsense2_camera_msgs/cmake/rosidl_cmake_export_typesupport_libraries-extras.cmake
[1.501s] -- Up-to-date symlink: /home/vboxuser/Thesis/install/realsense2_camera_msgs/share/realsense2_camera_msgs/cmake/rosidl_cmake_export_typesupport_targets-extras.cmake
[1.501s] -- Up-to-date symlink: /home/vboxuser/Thesis/install/realsense2_camera_msgs/share/realsense2_camera_msgs/cmake/realsense2_camera_msgsConfig.cmake
[1.502s] -- Up-to-date symlink: /home/vboxuser/Thesis/install/realsense2_camera_msgs/share/realsense2_camera_msgs/cmake/realsense2_camera_msgsConfig-version.cmake
[1.503s] -- Up-to-date symlink: /home/vboxuser/Thesis/install/realsense2_camera_msgs/share/realsense2_camera_msgs/package.xml
[1.504s] -- Up-to-date: /home/vboxuser/Thesis/install/realsense2_camera_msgs/lib/librealsense2_camera_msgs__rosidl_generator_c.so
[1.505s] -- Up-to-date: /home/vboxuser/Thesis/install/realsense2_camera_msgs/lib/librealsense2_camera_msgs__rosidl_typesupport_introspection_c.so
[1.505s] -- Up-to-date: /home/vboxuser/Thesis/install/realsense2_camera_msgs/lib/librealsense2_camera_msgs__rosidl_typesupport_c.so
[1.506s] -- Up-to-date: /home/vboxuser/Thesis/install/realsense2_camera_msgs/lib/librealsense2_camera_msgs__rosidl_typesupport_introspection_cpp.so
[1.508s] -- Up-to-date: /home/vboxuser/Thesis/install/realsense2_camera_msgs/lib/librealsense2_camera_msgs__rosidl_typesupport_cpp.so
[1.561s] -- Up-to-date: /home/vboxuser/Thesis/install/realsense2_camera_msgs/share/realsense2_camera_msgs/cmake/realsense2_camera_msgs__rosidl_generator_cExport.cmake
[1.561s] -- Up-to-date: /home/vboxuser/Thesis/install/realsense2_camera_msgs/share/realsense2_camera_msgs/cmake/realsense2_camera_msgs__rosidl_generator_cExport-noconfig.cmake
[1.562s] -- Up-to-date: /home/vboxuser/Thesis/install/realsense2_camera_msgs/share/realsense2_camera_msgs/cmake/realsense2_camera_msgs__rosidl_typesupport_introspection_cExport.cmake
[1.562s] -- Up-to-date: /home/vboxuser/Thesis/install/realsense2_camera_msgs/share/realsense2_camera_msgs/cmake/realsense2_camera_msgs__rosidl_typesupport_introspection_cExport-noconfig.cmake
[1.563s] -- Up-to-date: /home/vboxuser/Thesis/install/realsense2_camera_msgs/share/realsense2_camera_msgs/cmake/realsense2_camera_msgs__rosidl_typesupport_cExport.cmake
[1.563s] -- Up-to-date: /home/vboxuser/Thesis/install/realsense2_camera_msgs/share/realsense2_camera_msgs/cmake/realsense2_camera_msgs__rosidl_typesupport_cExport-noconfig.cmake
[1.563s] -- Up-to-date: /home/vboxuser/Thesis/install/realsense2_camera_msgs/share/realsense2_camera_msgs/cmake/realsense2_camera_msgs__rosidl_generator_cppExport.cmake
[1.564s] -- Up-to-date: /home/vboxuser/Thesis/install/realsense2_camera_msgs/share/realsense2_camera_msgs/cmake/realsense2_camera_msgs__rosidl_typesupport_introspection_cppExport.cmake
[1.564s] -- Up-to-date: /home/vboxuser/Thesis/install/realsense2_camera_msgs/share/realsense2_camera_msgs/cmake/realsense2_camera_msgs__rosidl_typesupport_introspection_cppExport-noconfig.cmake
[1.564s] -- Up-to-date: /home/vboxuser/Thesis/install/realsense2_camera_msgs/share/realsense2_camera_msgs/cmake/realsense2_camera_msgs__rosidl_typesupport_cppExport.cmake
[1.565s] -- Up-to-date: /home/vboxuser/Thesis/install/realsense2_camera_msgs/share/realsense2_camera_msgs/cmake/realsense2_camera_msgs__rosidl_typesupport_cppExport-noconfig.cmake
[1.572s] Invoked command in '/home/vboxuser/Thesis/build/realsense2_camera_msgs' returned '0': CMAKE_PREFIX_PATH=${CMAKE_PREFIX_PATH}:/home/vboxuser/Thesis/install/vision:/home/vboxuser/Thesis/install/vcnanoz:/home/vboxuser/Thesis/install/sensopart_visor:/home/vboxuser/Thesis/install/robot_control:/home/vboxuser/Thesis/install/kr_example_python:/home/vboxuser/Thesis/install/bt_pkg:/home/vboxuser/Thesis/install/action_servers:/opt/ros/foxy /usr/bin/cmake --install /home/vboxuser/Thesis/build/realsense2_camera_msgs
