[1.145s] DEBUG:colcon:Command line arguments: ['/usr/bin/colcon', 'build']
[1.145s] DEBUG:colcon:Parsed command line arguments: Namespace(allow_overriding=[], ament_cmake_args=None, base_paths=['.'], build_base='build', catkin_cmake_args=None, catkin_skip_building_tests=False, cmake_args=None, cmake_clean_cache=False, cmake_clean_first=False, cmake_force_configure=False, cmake_target=None, cmake_target_skip_unavailable=False, continue_on_error=False, event_handlers=None, executor='parallel', ignore_user_meta=False, install_base='install', log_base=None, log_level=None, main=<bound method BuildVerb.main of <colcon_core.verb.build.BuildVerb object at 0x7f2f483365e0>>, merge_install=False, metas=['./colcon.meta'], mixin=None, mixin_files=None, mixin_verb=('build',), packages_above=None, packages_above_and_dependencies=None, packages_above_depth=None, packages_end=None, packages_ignore=None, packages_ignore_regex=None, packages_select=None, packages_select_build_failed=False, packages_select_by_dep=None, packages_select_regex=None, packages_select_test_failures=False, packages_skip=None, packages_skip_build_finished=False, packages_skip_by_dep=None, packages_skip_regex=None, packages_skip_test_passed=False, packages_skip_up_to=None, packages_start=None, packages_up_to=None, packages_up_to_regex=None, parallel_workers=8, paths=None, symlink_install=False, test_result_base=None, verb_extension=<colcon_core.verb.build.BuildVerb object at 0x7f2f483365e0>, verb_name='build', verb_parser=<colcon_mixin.mixin.mixin_argument.MixinArgumentDecorator object at 0x7f2f48292a00>)
[1.425s] Level 1:colcon.colcon_core.package_discovery:discover_packages(colcon_meta) check parameters
[1.425s] Level 1:colcon.colcon_core.package_discovery:discover_packages(recursive) check parameters
[1.425s] Level 1:colcon.colcon_core.package_discovery:discover_packages(ignore) check parameters
[1.425s] Level 1:colcon.colcon_core.package_discovery:discover_packages(path) check parameters
[1.425s] Level 1:colcon.colcon_core.package_discovery:discover_packages(colcon_meta) discover
[1.425s] Level 1:colcon.colcon_core.package_discovery:discover_packages(recursive) discover
[1.425s] INFO:colcon.colcon_core.package_discovery:Crawling recursively for packages in '/home/vboxuser/ros2_ws'
[1.425s] Level 1:colcon.colcon_core.package_identification:_identify(.) by extensions ['ignore', 'ignore_ament_install']
[1.425s] Level 1:colcon.colcon_core.package_identification:_identify(.) by extension 'ignore'
[1.426s] Level 1:colcon.colcon_core.package_identification:_identify(.) by extension 'ignore_ament_install'
[1.426s] Level 1:colcon.colcon_core.package_identification:_identify(.) by extensions ['colcon_pkg']
[1.426s] Level 1:colcon.colcon_core.package_identification:_identify(.) by extension 'colcon_pkg'
[1.426s] Level 1:colcon.colcon_core.package_identification:_identify(.) by extensions ['colcon_meta']
[1.426s] Level 1:colcon.colcon_core.package_identification:_identify(.) by extension 'colcon_meta'
[1.426s] Level 1:colcon.colcon_core.package_identification:_identify(.) by extensions ['ros']
[1.426s] Level 1:colcon.colcon_core.package_identification:_identify(.) by extension 'ros'
[1.448s] Level 1:colcon.colcon_core.package_identification:_identify(.) by extensions ['cmake', 'python']
[1.448s] Level 1:colcon.colcon_core.package_identification:_identify(.) by extension 'cmake'
[1.448s] Level 1:colcon.colcon_core.package_identification:_identify(.) by extension 'python'
[1.449s] Level 1:colcon.colcon_core.package_identification:_identify(.) by extensions ['python_setup_py']
[1.449s] Level 1:colcon.colcon_core.package_identification:_identify(.) by extension 'python_setup_py'
[1.449s] Level 1:colcon.colcon_core.package_identification:_identify(build) by extensions ['ignore', 'ignore_ament_install']
[1.449s] Level 1:colcon.colcon_core.package_identification:_identify(build) by extension 'ignore'
[1.449s] Level 1:colcon.colcon_core.package_identification:_identify(build) ignored
[1.449s] Level 1:colcon.colcon_core.package_identification:_identify(install) by extensions ['ignore', 'ignore_ament_install']
[1.449s] Level 1:colcon.colcon_core.package_identification:_identify(install) by extension 'ignore'
[1.449s] Level 1:colcon.colcon_core.package_identification:_identify(install) ignored
[1.455s] Level 1:colcon.colcon_core.package_identification:_identify(log) by extensions ['ignore', 'ignore_ament_install']
[1.455s] Level 1:colcon.colcon_core.package_identification:_identify(log) by extension 'ignore'
[1.455s] Level 1:colcon.colcon_core.package_identification:_identify(log) ignored
[1.456s] Level 1:colcon.colcon_core.package_identification:_identify(src) by extensions ['ignore', 'ignore_ament_install']
[1.456s] Level 1:colcon.colcon_core.package_identification:_identify(src) by extension 'ignore'
[1.456s] Level 1:colcon.colcon_core.package_identification:_identify(src) by extension 'ignore_ament_install'
[1.456s] Level 1:colcon.colcon_core.package_identification:_identify(src) by extensions ['colcon_pkg']
[1.456s] Level 1:colcon.colcon_core.package_identification:_identify(src) by extension 'colcon_pkg'
[1.456s] Level 1:colcon.colcon_core.package_identification:_identify(src) by extensions ['colcon_meta']
[1.456s] Level 1:colcon.colcon_core.package_identification:_identify(src) by extension 'colcon_meta'
[1.456s] Level 1:colcon.colcon_core.package_identification:_identify(src) by extensions ['ros']
[1.456s] Level 1:colcon.colcon_core.package_identification:_identify(src) by extension 'ros'
[1.456s] Level 1:colcon.colcon_core.package_identification:_identify(src) by extensions ['cmake', 'python']
[1.456s] Level 1:colcon.colcon_core.package_identification:_identify(src) by extension 'cmake'
[1.456s] Level 1:colcon.colcon_core.package_identification:_identify(src) by extension 'python'
[1.456s] Level 1:colcon.colcon_core.package_identification:_identify(src) by extensions ['python_setup_py']
[1.456s] Level 1:colcon.colcon_core.package_identification:_identify(src) by extension 'python_setup_py'
[1.457s] Level 1:colcon.colcon_core.package_identification:_identify(src/orange-ros2) by extensions ['ignore', 'ignore_ament_install']
[1.457s] Level 1:colcon.colcon_core.package_identification:_identify(src/orange-ros2) by extension 'ignore'
[1.457s] Level 1:colcon.colcon_core.package_identification:_identify(src/orange-ros2) by extension 'ignore_ament_install'
[1.457s] Level 1:colcon.colcon_core.package_identification:_identify(src/orange-ros2) by extensions ['colcon_pkg']
[1.457s] Level 1:colcon.colcon_core.package_identification:_identify(src/orange-ros2) by extension 'colcon_pkg'
[1.457s] Level 1:colcon.colcon_core.package_identification:_identify(src/orange-ros2) by extensions ['colcon_meta']
[1.457s] Level 1:colcon.colcon_core.package_identification:_identify(src/orange-ros2) by extension 'colcon_meta'
[1.458s] Level 1:colcon.colcon_core.package_identification:_identify(src/orange-ros2) by extensions ['ros']
[1.458s] Level 1:colcon.colcon_core.package_identification:_identify(src/orange-ros2) by extension 'ros'
[1.458s] Level 1:colcon.colcon_core.package_identification:_identify(src/orange-ros2) by extensions ['cmake', 'python']
[1.458s] Level 1:colcon.colcon_core.package_identification:_identify(src/orange-ros2) by extension 'cmake'
[1.458s] Level 1:colcon.colcon_core.package_identification:_identify(src/orange-ros2) by extension 'python'
[1.458s] Level 1:colcon.colcon_core.package_identification:_identify(src/orange-ros2) by extensions ['python_setup_py']
[1.458s] Level 1:colcon.colcon_core.package_identification:_identify(src/orange-ros2) by extension 'python_setup_py'
[1.459s] Level 1:colcon.colcon_core.package_identification:_identify(src/orange-ros2/kr_example) by extensions ['ignore', 'ignore_ament_install']
[1.459s] Level 1:colcon.colcon_core.package_identification:_identify(src/orange-ros2/kr_example) by extension 'ignore'
[1.459s] Level 1:colcon.colcon_core.package_identification:_identify(src/orange-ros2/kr_example) by extension 'ignore_ament_install'
[1.459s] Level 1:colcon.colcon_core.package_identification:_identify(src/orange-ros2/kr_example) by extensions ['colcon_pkg']
[1.459s] Level 1:colcon.colcon_core.package_identification:_identify(src/orange-ros2/kr_example) by extension 'colcon_pkg'
[1.459s] Level 1:colcon.colcon_core.package_identification:_identify(src/orange-ros2/kr_example) by extensions ['colcon_meta']
[1.459s] Level 1:colcon.colcon_core.package_identification:_identify(src/orange-ros2/kr_example) by extension 'colcon_meta'
[1.459s] Level 1:colcon.colcon_core.package_identification:_identify(src/orange-ros2/kr_example) by extensions ['ros']
[1.459s] Level 1:colcon.colcon_core.package_identification:_identify(src/orange-ros2/kr_example) by extension 'ros'
[1.459s] Level 1:colcon.colcon_core.package_identification:_identify(src/orange-ros2/kr_example) by extensions ['cmake', 'python']
[1.459s] Level 1:colcon.colcon_core.package_identification:_identify(src/orange-ros2/kr_example) by extension 'cmake'
[1.460s] Level 1:colcon.colcon_core.package_identification:_identify(src/orange-ros2/kr_example) by extension 'python'
[1.460s] Level 1:colcon.colcon_core.package_identification:_identify(src/orange-ros2/kr_example) by extensions ['python_setup_py']
[1.460s] Level 1:colcon.colcon_core.package_identification:_identify(src/orange-ros2/kr_example) by extension 'python_setup_py'
[1.460s] Level 1:colcon.colcon_core.package_identification:_identify(src/orange-ros2/kr_example/cpp) by extensions ['ignore', 'ignore_ament_install']
[1.460s] Level 1:colcon.colcon_core.package_identification:_identify(src/orange-ros2/kr_example/cpp) by extension 'ignore'
[1.460s] Level 1:colcon.colcon_core.package_identification:_identify(src/orange-ros2/kr_example/cpp) by extension 'ignore_ament_install'
[1.460s] Level 1:colcon.colcon_core.package_identification:_identify(src/orange-ros2/kr_example/cpp) by extensions ['colcon_pkg']
[1.461s] Level 1:colcon.colcon_core.package_identification:_identify(src/orange-ros2/kr_example/cpp) by extension 'colcon_pkg'
[1.461s] Level 1:colcon.colcon_core.package_identification:_identify(src/orange-ros2/kr_example/cpp) by extensions ['colcon_meta']
[1.461s] Level 1:colcon.colcon_core.package_identification:_identify(src/orange-ros2/kr_example/cpp) by extension 'colcon_meta'
[1.461s] Level 1:colcon.colcon_core.package_identification:_identify(src/orange-ros2/kr_example/cpp) by extensions ['ros']
[1.461s] Level 1:colcon.colcon_core.package_identification:_identify(src/orange-ros2/kr_example/cpp) by extension 'ros'
[1.466s] DEBUG:colcon.colcon_core.package_identification:Package 'src/orange-ros2/kr_example/cpp' with type 'ros.ament_cmake' and name 'kr_example_cpp'
[1.467s] Level 1:colcon.colcon_core.package_identification:_identify(src/orange-ros2/kr_example/python) by extensions ['ignore', 'ignore_ament_install']
[1.467s] Level 1:colcon.colcon_core.package_identification:_identify(src/orange-ros2/kr_example/python) by extension 'ignore'
[1.467s] Level 1:colcon.colcon_core.package_identification:_identify(src/orange-ros2/kr_example/python) by extension 'ignore_ament_install'
[1.467s] Level 1:colcon.colcon_core.package_identification:_identify(src/orange-ros2/kr_example/python) by extensions ['colcon_pkg']
[1.467s] Level 1:colcon.colcon_core.package_identification:_identify(src/orange-ros2/kr_example/python) by extension 'colcon_pkg'
[1.467s] Level 1:colcon.colcon_core.package_identification:_identify(src/orange-ros2/kr_example/python) by extensions ['colcon_meta']
[1.467s] Level 1:colcon.colcon_core.package_identification:_identify(src/orange-ros2/kr_example/python) by extension 'colcon_meta'
[1.467s] Level 1:colcon.colcon_core.package_identification:_identify(src/orange-ros2/kr_example/python) by extensions ['ros']
[1.467s] Level 1:colcon.colcon_core.package_identification:_identify(src/orange-ros2/kr_example/python) by extension 'ros'
[1.469s] DEBUG:colcon.colcon_core.package_identification:Package 'src/orange-ros2/kr_example/python' with type 'ros.ament_python' and name 'kr_example_python'
[1.470s] Level 1:colcon.colcon_core.package_identification:_identify(src/orange-ros2/kr_msgs) by extensions ['ignore', 'ignore_ament_install']
[1.470s] Level 1:colcon.colcon_core.package_identification:_identify(src/orange-ros2/kr_msgs) by extension 'ignore'
[1.470s] Level 1:colcon.colcon_core.package_identification:_identify(src/orange-ros2/kr_msgs) by extension 'ignore_ament_install'
[1.470s] Level 1:colcon.colcon_core.package_identification:_identify(src/orange-ros2/kr_msgs) by extensions ['colcon_pkg']
[1.470s] Level 1:colcon.colcon_core.package_identification:_identify(src/orange-ros2/kr_msgs) by extension 'colcon_pkg'
[1.470s] Level 1:colcon.colcon_core.package_identification:_identify(src/orange-ros2/kr_msgs) by extensions ['colcon_meta']
[1.470s] Level 1:colcon.colcon_core.package_identification:_identify(src/orange-ros2/kr_msgs) by extension 'colcon_meta'
[1.470s] Level 1:colcon.colcon_core.package_identification:_identify(src/orange-ros2/kr_msgs) by extensions ['ros']
[1.470s] Level 1:colcon.colcon_core.package_identification:_identify(src/orange-ros2/kr_msgs) by extension 'ros'
[1.472s] DEBUG:colcon.colcon_core.package_identification:Package 'src/orange-ros2/kr_msgs' with type 'ros.ament_cmake' and name 'kr_msgs'
[1.472s] Level 1:colcon.colcon_core.package_identification:_identify(src/realsense-ros) by extensions ['ignore', 'ignore_ament_install']
[1.473s] Level 1:colcon.colcon_core.package_identification:_identify(src/realsense-ros) by extension 'ignore'
[1.473s] Level 1:colcon.colcon_core.package_identification:_identify(src/realsense-ros) by extension 'ignore_ament_install'
[1.473s] Level 1:colcon.colcon_core.package_identification:_identify(src/realsense-ros) by extensions ['colcon_pkg']
[1.473s] Level 1:colcon.colcon_core.package_identification:_identify(src/realsense-ros) by extension 'colcon_pkg'
[1.473s] Level 1:colcon.colcon_core.package_identification:_identify(src/realsense-ros) by extensions ['colcon_meta']
[1.473s] Level 1:colcon.colcon_core.package_identification:_identify(src/realsense-ros) by extension 'colcon_meta'
[1.473s] Level 1:colcon.colcon_core.package_identification:_identify(src/realsense-ros) by extensions ['ros']
[1.473s] Level 1:colcon.colcon_core.package_identification:_identify(src/realsense-ros) by extension 'ros'
[1.473s] Level 1:colcon.colcon_core.package_identification:_identify(src/realsense-ros) by extensions ['cmake', 'python']
[1.473s] Level 1:colcon.colcon_core.package_identification:_identify(src/realsense-ros) by extension 'cmake'
[1.473s] Level 1:colcon.colcon_core.package_identification:_identify(src/realsense-ros) by extension 'python'
[1.473s] Level 1:colcon.colcon_core.package_identification:_identify(src/realsense-ros) by extensions ['python_setup_py']
[1.473s] Level 1:colcon.colcon_core.package_identification:_identify(src/realsense-ros) by extension 'python_setup_py'
[1.474s] Level 1:colcon.colcon_core.package_identification:_identify(src/realsense-ros/realsense2_camera) by extensions ['ignore', 'ignore_ament_install']
[1.474s] Level 1:colcon.colcon_core.package_identification:_identify(src/realsense-ros/realsense2_camera) by extension 'ignore'
[1.474s] Level 1:colcon.colcon_core.package_identification:_identify(src/realsense-ros/realsense2_camera) by extension 'ignore_ament_install'
[1.474s] Level 1:colcon.colcon_core.package_identification:_identify(src/realsense-ros/realsense2_camera) by extensions ['colcon_pkg']
[1.474s] Level 1:colcon.colcon_core.package_identification:_identify(src/realsense-ros/realsense2_camera) by extension 'colcon_pkg'
[1.474s] Level 1:colcon.colcon_core.package_identification:_identify(src/realsense-ros/realsense2_camera) by extensions ['colcon_meta']
[1.475s] Level 1:colcon.colcon_core.package_identification:_identify(src/realsense-ros/realsense2_camera) by extension 'colcon_meta'
[1.475s] Level 1:colcon.colcon_core.package_identification:_identify(src/realsense-ros/realsense2_camera) by extensions ['ros']
[1.475s] Level 1:colcon.colcon_core.package_identification:_identify(src/realsense-ros/realsense2_camera) by extension 'ros'
[1.482s] DEBUG:colcon.colcon_core.package_identification:Package 'src/realsense-ros/realsense2_camera' with type 'ros.ament_cmake' and name 'realsense2_camera'
[1.483s] Level 1:colcon.colcon_core.package_identification:_identify(src/realsense-ros/realsense2_camera_msgs) by extensions ['ignore', 'ignore_ament_install']
[1.483s] Level 1:colcon.colcon_core.package_identification:_identify(src/realsense-ros/realsense2_camera_msgs) by extension 'ignore'
[1.483s] Level 1:colcon.colcon_core.package_identification:_identify(src/realsense-ros/realsense2_camera_msgs) by extension 'ignore_ament_install'
[1.484s] Level 1:colcon.colcon_core.package_identification:_identify(src/realsense-ros/realsense2_camera_msgs) by extensions ['colcon_pkg']
[1.484s] Level 1:colcon.colcon_core.package_identification:_identify(src/realsense-ros/realsense2_camera_msgs) by extension 'colcon_pkg'
[1.484s] Level 1:colcon.colcon_core.package_identification:_identify(src/realsense-ros/realsense2_camera_msgs) by extensions ['colcon_meta']
[1.484s] Level 1:colcon.colcon_core.package_identification:_identify(src/realsense-ros/realsense2_camera_msgs) by extension 'colcon_meta'
[1.484s] Level 1:colcon.colcon_core.package_identification:_identify(src/realsense-ros/realsense2_camera_msgs) by extensions ['ros']
[1.484s] Level 1:colcon.colcon_core.package_identification:_identify(src/realsense-ros/realsense2_camera_msgs) by extension 'ros'
[1.486s] DEBUG:colcon.colcon_core.package_identification:Package 'src/realsense-ros/realsense2_camera_msgs' with type 'ros.ament_cmake' and name 'realsense2_camera_msgs'
[1.486s] Level 1:colcon.colcon_core.package_identification:_identify(src/realsense-ros/realsense2_description) by extensions ['ignore', 'ignore_ament_install']
[1.486s] Level 1:colcon.colcon_core.package_identification:_identify(src/realsense-ros/realsense2_description) by extension 'ignore'
[1.486s] Level 1:colcon.colcon_core.package_identification:_identify(src/realsense-ros/realsense2_description) by extension 'ignore_ament_install'
[1.486s] Level 1:colcon.colcon_core.package_identification:_identify(src/realsense-ros/realsense2_description) by extensions ['colcon_pkg']
[1.486s] Level 1:colcon.colcon_core.package_identification:_identify(src/realsense-ros/realsense2_description) by extension 'colcon_pkg'
[1.486s] Level 1:colcon.colcon_core.package_identification:_identify(src/realsense-ros/realsense2_description) by extensions ['colcon_meta']
[1.487s] Level 1:colcon.colcon_core.package_identification:_identify(src/realsense-ros/realsense2_description) by extension 'colcon_meta'
[1.487s] Level 1:colcon.colcon_core.package_identification:_identify(src/realsense-ros/realsense2_description) by extensions ['ros']
[1.487s] Level 1:colcon.colcon_core.package_identification:_identify(src/realsense-ros/realsense2_description) by extension 'ros'
[1.489s] DEBUG:colcon.colcon_core.package_identification:Package 'src/realsense-ros/realsense2_description' with type 'ros.ament_cmake' and name 'realsense2_description'
[1.489s] Level 1:colcon.colcon_core.package_identification:_identify(src/realsense-ros/scripts) by extensions ['ignore', 'ignore_ament_install']
[1.489s] Level 1:colcon.colcon_core.package_identification:_identify(src/realsense-ros/scripts) by extension 'ignore'
[1.490s] Level 1:colcon.colcon_core.package_identification:_identify(src/realsense-ros/scripts) by extension 'ignore_ament_install'
[1.490s] Level 1:colcon.colcon_core.package_identification:_identify(src/realsense-ros/scripts) by extensions ['colcon_pkg']
[1.490s] Level 1:colcon.colcon_core.package_identification:_identify(src/realsense-ros/scripts) by extension 'colcon_pkg'
[1.490s] Level 1:colcon.colcon_core.package_identification:_identify(src/realsense-ros/scripts) by extensions ['colcon_meta']
[1.490s] Level 1:colcon.colcon_core.package_identification:_identify(src/realsense-ros/scripts) by extension 'colcon_meta'
[1.490s] Level 1:colcon.colcon_core.package_identification:_identify(src/realsense-ros/scripts) by extensions ['ros']
[1.490s] Level 1:colcon.colcon_core.package_identification:_identify(src/realsense-ros/scripts) by extension 'ros'
[1.490s] Level 1:colcon.colcon_core.package_identification:_identify(src/realsense-ros/scripts) by extensions ['cmake', 'python']
[1.490s] Level 1:colcon.colcon_core.package_identification:_identify(src/realsense-ros/scripts) by extension 'cmake'
[1.490s] Level 1:colcon.colcon_core.package_identification:_identify(src/realsense-ros/scripts) by extension 'python'
[1.490s] Level 1:colcon.colcon_core.package_identification:_identify(src/realsense-ros/scripts) by extensions ['python_setup_py']
[1.490s] Level 1:colcon.colcon_core.package_identification:_identify(src/realsense-ros/scripts) by extension 'python_setup_py'
[1.491s] Level 1:colcon.colcon_core.package_identification:_identify(src/vision) by extensions ['ignore', 'ignore_ament_install']
[1.491s] Level 1:colcon.colcon_core.package_identification:_identify(src/vision) by extension 'ignore'
[1.491s] Level 1:colcon.colcon_core.package_identification:_identify(src/vision) by extension 'ignore_ament_install'
[1.491s] Level 1:colcon.colcon_core.package_identification:_identify(src/vision) by extensions ['colcon_pkg']
[1.491s] Level 1:colcon.colcon_core.package_identification:_identify(src/vision) by extension 'colcon_pkg'
[1.491s] Level 1:colcon.colcon_core.package_identification:_identify(src/vision) by extensions ['colcon_meta']
[1.491s] Level 1:colcon.colcon_core.package_identification:_identify(src/vision) by extension 'colcon_meta'
[1.491s] Level 1:colcon.colcon_core.package_identification:_identify(src/vision) by extensions ['ros']
[1.491s] Level 1:colcon.colcon_core.package_identification:_identify(src/vision) by extension 'ros'
[1.492s] DEBUG:colcon.colcon_core.package_identification:Package 'src/vision' with type 'ros.ament_python' and name 'vision'
[1.492s] Level 1:colcon.colcon_core.package_discovery:discover_packages(recursive) using defaults
[1.492s] Level 1:colcon.colcon_core.package_discovery:discover_packages(ignore) discover
[1.492s] Level 1:colcon.colcon_core.package_discovery:discover_packages(ignore) using defaults
[1.492s] Level 1:colcon.colcon_core.package_discovery:discover_packages(path) discover
[1.492s] Level 1:colcon.colcon_core.package_discovery:discover_packages(path) using defaults
[1.552s] Level 1:colcon.colcon_core.package_discovery:discover_packages(prefix_path) check parameters
[1.553s] Level 1:colcon.colcon_core.package_discovery:discover_packages(prefix_path) discover
[1.562s] DEBUG:colcon.colcon_installed_package_information.package_discovery:Found 260 installed packages in /opt/ros/foxy
[1.564s] Level 1:colcon.colcon_core.package_discovery:discover_packages(prefix_path) using defaults
[1.678s] Level 5:colcon.colcon_core.verb:set package 'kr_msgs' build argument 'cmake_args' from command line to 'None'
[1.678s] Level 5:colcon.colcon_core.verb:set package 'kr_msgs' build argument 'cmake_target' from command line to 'None'
[1.678s] Level 5:colcon.colcon_core.verb:set package 'kr_msgs' build argument 'cmake_target_skip_unavailable' from command line to 'False'
[1.678s] Level 5:colcon.colcon_core.verb:set package 'kr_msgs' build argument 'cmake_clean_cache' from command line to 'False'
[1.678s] Level 5:colcon.colcon_core.verb:set package 'kr_msgs' build argument 'cmake_clean_first' from command line to 'False'
[1.678s] Level 5:colcon.colcon_core.verb:set package 'kr_msgs' build argument 'cmake_force_configure' from command line to 'False'
[1.678s] Level 5:colcon.colcon_core.verb:set package 'kr_msgs' build argument 'ament_cmake_args' from command line to 'None'
[1.678s] Level 5:colcon.colcon_core.verb:set package 'kr_msgs' build argument 'catkin_cmake_args' from command line to 'None'
[1.678s] Level 5:colcon.colcon_core.verb:set package 'kr_msgs' build argument 'catkin_skip_building_tests' from command line to 'False'
[1.679s] DEBUG:colcon.colcon_core.verb:Building package 'kr_msgs' with the following arguments: {'ament_cmake_args': None, 'build_base': '/home/vboxuser/ros2_ws/build/kr_msgs', 'catkin_cmake_args': None, 'catkin_skip_building_tests': False, 'cmake_args': None, 'cmake_clean_cache': False, 'cmake_clean_first': False, 'cmake_force_configure': False, 'cmake_target': None, 'cmake_target_skip_unavailable': False, 'install_base': '/home/vboxuser/ros2_ws/install/kr_msgs', 'merge_install': False, 'path': '/home/vboxuser/ros2_ws/src/orange-ros2/kr_msgs', 'symlink_install': False, 'test_result_base': None}
[1.679s] Level 5:colcon.colcon_core.verb:set package 'realsense2_camera_msgs' build argument 'cmake_args' from command line to 'None'
[1.679s] Level 5:colcon.colcon_core.verb:set package 'realsense2_camera_msgs' build argument 'cmake_target' from command line to 'None'
[1.679s] Level 5:colcon.colcon_core.verb:set package 'realsense2_camera_msgs' build argument 'cmake_target_skip_unavailable' from command line to 'False'
[1.679s] Level 5:colcon.colcon_core.verb:set package 'realsense2_camera_msgs' build argument 'cmake_clean_cache' from command line to 'False'
[1.679s] Level 5:colcon.colcon_core.verb:set package 'realsense2_camera_msgs' build argument 'cmake_clean_first' from command line to 'False'
[1.679s] Level 5:colcon.colcon_core.verb:set package 'realsense2_camera_msgs' build argument 'cmake_force_configure' from command line to 'False'
[1.679s] Level 5:colcon.colcon_core.verb:set package 'realsense2_camera_msgs' build argument 'ament_cmake_args' from command line to 'None'
[1.679s] Level 5:colcon.colcon_core.verb:set package 'realsense2_camera_msgs' build argument 'catkin_cmake_args' from command line to 'None'
[1.679s] Level 5:colcon.colcon_core.verb:set package 'realsense2_camera_msgs' build argument 'catkin_skip_building_tests' from command line to 'False'
[1.679s] DEBUG:colcon.colcon_core.verb:Building package 'realsense2_camera_msgs' with the following arguments: {'ament_cmake_args': None, 'build_base': '/home/vboxuser/ros2_ws/build/realsense2_camera_msgs', 'catkin_cmake_args': None, 'catkin_skip_building_tests': False, 'cmake_args': None, 'cmake_clean_cache': False, 'cmake_clean_first': False, 'cmake_force_configure': False, 'cmake_target': None, 'cmake_target_skip_unavailable': False, 'install_base': '/home/vboxuser/ros2_ws/install/realsense2_camera_msgs', 'merge_install': False, 'path': '/home/vboxuser/ros2_ws/src/realsense-ros/realsense2_camera_msgs', 'symlink_install': False, 'test_result_base': None}
[1.680s] Level 5:colcon.colcon_core.verb:set package 'vision' build argument 'cmake_args' from command line to 'None'
[1.680s] Level 5:colcon.colcon_core.verb:set package 'vision' build argument 'cmake_target' from command line to 'None'
[1.680s] Level 5:colcon.colcon_core.verb:set package 'vision' build argument 'cmake_target_skip_unavailable' from command line to 'False'
[1.680s] Level 5:colcon.colcon_core.verb:set package 'vision' build argument 'cmake_clean_cache' from command line to 'False'
[1.680s] Level 5:colcon.colcon_core.verb:set package 'vision' build argument 'cmake_clean_first' from command line to 'False'
[1.680s] Level 5:colcon.colcon_core.verb:set package 'vision' build argument 'cmake_force_configure' from command line to 'False'
[1.680s] Level 5:colcon.colcon_core.verb:set package 'vision' build argument 'ament_cmake_args' from command line to 'None'
[1.680s] Level 5:colcon.colcon_core.verb:set package 'vision' build argument 'catkin_cmake_args' from command line to 'None'
[1.680s] Level 5:colcon.colcon_core.verb:set package 'vision' build argument 'catkin_skip_building_tests' from command line to 'False'
[1.680s] DEBUG:colcon.colcon_core.verb:Building package 'vision' with the following arguments: {'ament_cmake_args': None, 'build_base': '/home/vboxuser/ros2_ws/build/vision', 'catkin_cmake_args': None, 'catkin_skip_building_tests': False, 'cmake_args': None, 'cmake_clean_cache': False, 'cmake_clean_first': False, 'cmake_force_configure': False, 'cmake_target': None, 'cmake_target_skip_unavailable': False, 'install_base': '/home/vboxuser/ros2_ws/install/vision', 'merge_install': False, 'path': '/home/vboxuser/ros2_ws/src/vision', 'symlink_install': False, 'test_result_base': None}
[1.680s] Level 5:colcon.colcon_core.verb:set package 'kr_example_cpp' build argument 'cmake_args' from command line to 'None'
[1.680s] Level 5:colcon.colcon_core.verb:set package 'kr_example_cpp' build argument 'cmake_target' from command line to 'None'
[1.680s] Level 5:colcon.colcon_core.verb:set package 'kr_example_cpp' build argument 'cmake_target_skip_unavailable' from command line to 'False'
[1.680s] Level 5:colcon.colcon_core.verb:set package 'kr_example_cpp' build argument 'cmake_clean_cache' from command line to 'False'
[1.680s] Level 5:colcon.colcon_core.verb:set package 'kr_example_cpp' build argument 'cmake_clean_first' from command line to 'False'
[1.680s] Level 5:colcon.colcon_core.verb:set package 'kr_example_cpp' build argument 'cmake_force_configure' from command line to 'False'
[1.680s] Level 5:colcon.colcon_core.verb:set package 'kr_example_cpp' build argument 'ament_cmake_args' from command line to 'None'
[1.680s] Level 5:colcon.colcon_core.verb:set package 'kr_example_cpp' build argument 'catkin_cmake_args' from command line to 'None'
[1.680s] Level 5:colcon.colcon_core.verb:set package 'kr_example_cpp' build argument 'catkin_skip_building_tests' from command line to 'False'
[1.680s] DEBUG:colcon.colcon_core.verb:Building package 'kr_example_cpp' with the following arguments: {'ament_cmake_args': None, 'build_base': '/home/vboxuser/ros2_ws/build/kr_example_cpp', 'catkin_cmake_args': None, 'catkin_skip_building_tests': False, 'cmake_args': None, 'cmake_clean_cache': False, 'cmake_clean_first': False, 'cmake_force_configure': False, 'cmake_target': None, 'cmake_target_skip_unavailable': False, 'install_base': '/home/vboxuser/ros2_ws/install/kr_example_cpp', 'merge_install': False, 'path': '/home/vboxuser/ros2_ws/src/orange-ros2/kr_example/cpp', 'symlink_install': False, 'test_result_base': None}
[1.681s] Level 5:colcon.colcon_core.verb:set package 'kr_example_python' build argument 'cmake_args' from command line to 'None'
[1.681s] Level 5:colcon.colcon_core.verb:set package 'kr_example_python' build argument 'cmake_target' from command line to 'None'
[1.681s] Level 5:colcon.colcon_core.verb:set package 'kr_example_python' build argument 'cmake_target_skip_unavailable' from command line to 'False'
[1.681s] Level 5:colcon.colcon_core.verb:set package 'kr_example_python' build argument 'cmake_clean_cache' from command line to 'False'
[1.681s] Level 5:colcon.colcon_core.verb:set package 'kr_example_python' build argument 'cmake_clean_first' from command line to 'False'
[1.681s] Level 5:colcon.colcon_core.verb:set package 'kr_example_python' build argument 'cmake_force_configure' from command line to 'False'
[1.681s] Level 5:colcon.colcon_core.verb:set package 'kr_example_python' build argument 'ament_cmake_args' from command line to 'None'
[1.681s] Level 5:colcon.colcon_core.verb:set package 'kr_example_python' build argument 'catkin_cmake_args' from command line to 'None'
[1.681s] Level 5:colcon.colcon_core.verb:set package 'kr_example_python' build argument 'catkin_skip_building_tests' from command line to 'False'
[1.681s] DEBUG:colcon.colcon_core.verb:Building package 'kr_example_python' with the following arguments: {'ament_cmake_args': None, 'build_base': '/home/vboxuser/ros2_ws/build/kr_example_python', 'catkin_cmake_args': None, 'catkin_skip_building_tests': False, 'cmake_args': None, 'cmake_clean_cache': False, 'cmake_clean_first': False, 'cmake_force_configure': False, 'cmake_target': None, 'cmake_target_skip_unavailable': False, 'install_base': '/home/vboxuser/ros2_ws/install/kr_example_python', 'merge_install': False, 'path': '/home/vboxuser/ros2_ws/src/orange-ros2/kr_example/python', 'symlink_install': False, 'test_result_base': None}
[1.681s] Level 5:colcon.colcon_core.verb:set package 'realsense2_camera' build argument 'cmake_args' from command line to 'None'
[1.681s] Level 5:colcon.colcon_core.verb:set package 'realsense2_camera' build argument 'cmake_target' from command line to 'None'
[1.681s] Level 5:colcon.colcon_core.verb:set package 'realsense2_camera' build argument 'cmake_target_skip_unavailable' from command line to 'False'
[1.681s] Level 5:colcon.colcon_core.verb:set package 'realsense2_camera' build argument 'cmake_clean_cache' from command line to 'False'
[1.682s] Level 5:colcon.colcon_core.verb:set package 'realsense2_camera' build argument 'cmake_clean_first' from command line to 'False'
[1.682s] Level 5:colcon.colcon_core.verb:set package 'realsense2_camera' build argument 'cmake_force_configure' from command line to 'False'
[1.682s] Level 5:colcon.colcon_core.verb:set package 'realsense2_camera' build argument 'ament_cmake_args' from command line to 'None'
[1.682s] Level 5:colcon.colcon_core.verb:set package 'realsense2_camera' build argument 'catkin_cmake_args' from command line to 'None'
[1.682s] Level 5:colcon.colcon_core.verb:set package 'realsense2_camera' build argument 'catkin_skip_building_tests' from command line to 'False'
[1.682s] DEBUG:colcon.colcon_core.verb:Building package 'realsense2_camera' with the following arguments: {'ament_cmake_args': None, 'build_base': '/home/vboxuser/ros2_ws/build/realsense2_camera', 'catkin_cmake_args': None, 'catkin_skip_building_tests': False, 'cmake_args': None, 'cmake_clean_cache': False, 'cmake_clean_first': False, 'cmake_force_configure': False, 'cmake_target': None, 'cmake_target_skip_unavailable': False, 'install_base': '/home/vboxuser/ros2_ws/install/realsense2_camera', 'merge_install': False, 'path': '/home/vboxuser/ros2_ws/src/realsense-ros/realsense2_camera', 'symlink_install': False, 'test_result_base': None}
[1.682s] Level 5:colcon.colcon_core.verb:set package 'realsense2_description' build argument 'cmake_args' from command line to 'None'
[1.682s] Level 5:colcon.colcon_core.verb:set package 'realsense2_description' build argument 'cmake_target' from command line to 'None'
[1.682s] Level 5:colcon.colcon_core.verb:set package 'realsense2_description' build argument 'cmake_target_skip_unavailable' from command line to 'False'
[1.682s] Level 5:colcon.colcon_core.verb:set package 'realsense2_description' build argument 'cmake_clean_cache' from command line to 'False'
[1.682s] Level 5:colcon.colcon_core.verb:set package 'realsense2_description' build argument 'cmake_clean_first' from command line to 'False'
[1.682s] Level 5:colcon.colcon_core.verb:set package 'realsense2_description' build argument 'cmake_force_configure' from command line to 'False'
[1.682s] Level 5:colcon.colcon_core.verb:set package 'realsense2_description' build argument 'ament_cmake_args' from command line to 'None'
[1.682s] Level 5:colcon.colcon_core.verb:set package 'realsense2_description' build argument 'catkin_cmake_args' from command line to 'None'
[1.682s] Level 5:colcon.colcon_core.verb:set package 'realsense2_description' build argument 'catkin_skip_building_tests' from command line to 'False'
[1.682s] DEBUG:colcon.colcon_core.verb:Building package 'realsense2_description' with the following arguments: {'ament_cmake_args': None, 'build_base': '/home/vboxuser/ros2_ws/build/realsense2_description', 'catkin_cmake_args': None, 'catkin_skip_building_tests': False, 'cmake_args': None, 'cmake_clean_cache': False, 'cmake_clean_first': False, 'cmake_force_configure': False, 'cmake_target': None, 'cmake_target_skip_unavailable': False, 'install_base': '/home/vboxuser/ros2_ws/install/realsense2_description', 'merge_install': False, 'path': '/home/vboxuser/ros2_ws/src/realsense-ros/realsense2_description', 'symlink_install': False, 'test_result_base': None}
[1.682s] INFO:colcon.colcon_core.executor:Executing jobs using 'parallel' executor
[1.684s] DEBUG:colcon.colcon_parallel_executor.executor.parallel:run_until_complete
[1.684s] INFO:colcon.colcon_ros.task.ament_cmake.build:Building ROS package in '/home/vboxuser/ros2_ws/src/orange-ros2/kr_msgs' with build type 'ament_cmake'
[1.684s] INFO:colcon.colcon_cmake.task.cmake.build:Building CMake package in '/home/vboxuser/ros2_ws/src/orange-ros2/kr_msgs'
[1.698s] INFO:colcon.colcon_core.plugin_system:Skipping extension 'colcon_core.shell.bat': Not used on non-Windows systems
[1.698s] INFO:colcon.colcon_core.shell:Skip shell extension 'powershell' for command environment: Not usable outside of PowerShell
[1.698s] DEBUG:colcon.colcon_core.shell:Skip shell extension 'dsv' for command environment
[1.706s] INFO:colcon.colcon_ros.task.ament_cmake.build:Building ROS package in '/home/vboxuser/ros2_ws/src/realsense-ros/realsense2_camera_msgs' with build type 'ament_cmake'
[1.707s] INFO:colcon.colcon_cmake.task.cmake.build:Building CMake package in '/home/vboxuser/ros2_ws/src/realsense-ros/realsense2_camera_msgs'
[1.707s] INFO:colcon.colcon_core.shell:Skip shell extension 'powershell' for command environment: Not usable outside of PowerShell
[1.707s] DEBUG:colcon.colcon_core.shell:Skip shell extension 'dsv' for command environment
[1.715s] INFO:colcon.colcon_ros.task.ament_python.build:Building ROS package in '/home/vboxuser/ros2_ws/src/vision' with build type 'ament_python'
[1.716s] Level 1:colcon.colcon_core.shell:create_environment_hook('vision', 'ament_prefix_path')
[1.716s] INFO:colcon.colcon_core.shell:Creating environment hook '/home/vboxuser/ros2_ws/install/vision/share/vision/hook/ament_prefix_path.ps1'
[1.721s] INFO:colcon.colcon_core.shell:Creating environment descriptor '/home/vboxuser/ros2_ws/install/vision/share/vision/hook/ament_prefix_path.dsv'
[1.722s] INFO:colcon.colcon_core.shell:Creating environment hook '/home/vboxuser/ros2_ws/install/vision/share/vision/hook/ament_prefix_path.sh'
[1.724s] INFO:colcon.colcon_core.shell:Skip shell extension 'powershell' for command environment: Not usable outside of PowerShell
[1.724s] DEBUG:colcon.colcon_core.shell:Skip shell extension 'dsv' for command environment
[1.738s] DEBUG:colcon.colcon_core.event_handler.log_command:Invoking command in '/home/vboxuser/ros2_ws/build/kr_msgs': CMAKE_PREFIX_PATH=/opt/ros/foxy /usr/bin/cmake --build /home/vboxuser/ros2_ws/build/kr_msgs -- -j8 -l8
[1.759s] DEBUG:colcon.colcon_core.event_handler.log_command:Invoking command in '/home/vboxuser/ros2_ws/build/realsense2_camera_msgs': CMAKE_PREFIX_PATH=/opt/ros/foxy /usr/bin/cmake --build /home/vboxuser/ros2_ws/build/realsense2_camera_msgs -- -j8 -l8
[2.087s] INFO:colcon.colcon_core.task.python.build:Building Python package in '/home/vboxuser/ros2_ws/src/vision'
[2.088s] INFO:colcon.colcon_core.shell:Skip shell extension 'powershell' for command environment: Not usable outside of PowerShell
[2.088s] DEBUG:colcon.colcon_core.shell:Skip shell extension 'dsv' for command environment
[2.441s] DEBUG:colcon.colcon_core.event_handler.log_command:Invoked command in '/home/vboxuser/ros2_ws/build/realsense2_camera_msgs' returned '0': CMAKE_PREFIX_PATH=/opt/ros/foxy /usr/bin/cmake --build /home/vboxuser/ros2_ws/build/realsense2_camera_msgs -- -j8 -l8
[2.518s] DEBUG:colcon.colcon_core.event_handler.log_command:Invoked command in '/home/vboxuser/ros2_ws/build/kr_msgs' returned '0': CMAKE_PREFIX_PATH=/opt/ros/foxy /usr/bin/cmake --build /home/vboxuser/ros2_ws/build/kr_msgs -- -j8 -l8
[2.692s] DEBUG:colcon.colcon_core.event_handler.log_command:Invoking command in '/home/vboxuser/ros2_ws/build/realsense2_camera_msgs': CMAKE_PREFIX_PATH=/opt/ros/foxy /usr/bin/cmake --install /home/vboxuser/ros2_ws/build/realsense2_camera_msgs
[2.963s] Level 1:colcon.colcon_core.environment:create_environment_scripts_only(realsense2_camera_msgs)
[2.964s] DEBUG:colcon.colcon_core.event_handler.log_command:Invoked command in '/home/vboxuser/ros2_ws/build/realsense2_camera_msgs' returned '0': CMAKE_PREFIX_PATH=/opt/ros/foxy /usr/bin/cmake --install /home/vboxuser/ros2_ws/build/realsense2_camera_msgs
[2.985s] Level 1:colcon.colcon_core.environment:checking '/home/vboxuser/ros2_ws/install/realsense2_camera_msgs' for CMake module files
[2.986s] Level 1:colcon.colcon_core.environment:checking '/home/vboxuser/ros2_ws/install/realsense2_camera_msgs' for CMake config files
[2.986s] Level 1:colcon.colcon_core.shell:create_environment_hook('realsense2_camera_msgs', 'cmake_prefix_path')
[2.986s] INFO:colcon.colcon_core.shell:Creating environment hook '/home/vboxuser/ros2_ws/install/realsense2_camera_msgs/share/realsense2_camera_msgs/hook/cmake_prefix_path.ps1'
[2.988s] INFO:colcon.colcon_core.shell:Creating environment descriptor '/home/vboxuser/ros2_ws/install/realsense2_camera_msgs/share/realsense2_camera_msgs/hook/cmake_prefix_path.dsv'
[2.988s] INFO:colcon.colcon_core.shell:Creating environment hook '/home/vboxuser/ros2_ws/install/realsense2_camera_msgs/share/realsense2_camera_msgs/hook/cmake_prefix_path.sh'
[2.989s] Level 1:colcon.colcon_core.environment:checking '/home/vboxuser/ros2_ws/install/realsense2_camera_msgs/lib'
[2.989s] Level 1:colcon.colcon_core.shell:create_environment_hook('realsense2_camera_msgs', 'ld_library_path_lib')
[2.989s] INFO:colcon.colcon_core.shell:Creating environment hook '/home/vboxuser/ros2_ws/install/realsense2_camera_msgs/share/realsense2_camera_msgs/hook/ld_library_path_lib.ps1'
[2.990s] INFO:colcon.colcon_core.shell:Creating environment descriptor '/home/vboxuser/ros2_ws/install/realsense2_camera_msgs/share/realsense2_camera_msgs/hook/ld_library_path_lib.dsv'
[2.990s] INFO:colcon.colcon_core.shell:Creating environment hook '/home/vboxuser/ros2_ws/install/realsense2_camera_msgs/share/realsense2_camera_msgs/hook/ld_library_path_lib.sh'
[2.991s] Level 1:colcon.colcon_core.environment:checking '/home/vboxuser/ros2_ws/install/realsense2_camera_msgs/bin'
[2.991s] Level 1:colcon.colcon_core.environment:checking '/home/vboxuser/ros2_ws/install/realsense2_camera_msgs/lib/pkgconfig/realsense2_camera_msgs.pc'
[2.991s] Level 1:colcon.colcon_core.environment:checking '/home/vboxuser/ros2_ws/install/realsense2_camera_msgs/lib/python3.8/site-packages'
[2.991s] Level 1:colcon.colcon_core.shell:create_environment_hook('realsense2_camera_msgs', 'pythonpath')
[2.992s] INFO:colcon.colcon_core.shell:Creating environment hook '/home/vboxuser/ros2_ws/install/realsense2_camera_msgs/share/realsense2_camera_msgs/hook/pythonpath.ps1'
[2.992s] INFO:colcon.colcon_core.shell:Creating environment descriptor '/home/vboxuser/ros2_ws/install/realsense2_camera_msgs/share/realsense2_camera_msgs/hook/pythonpath.dsv'
[2.993s] INFO:colcon.colcon_core.shell:Creating environment hook '/home/vboxuser/ros2_ws/install/realsense2_camera_msgs/share/realsense2_camera_msgs/hook/pythonpath.sh'
[2.993s] Level 1:colcon.colcon_core.environment:checking '/home/vboxuser/ros2_ws/install/realsense2_camera_msgs/bin'
[2.994s] INFO:colcon.colcon_core.shell:Creating package script '/home/vboxuser/ros2_ws/install/realsense2_camera_msgs/share/realsense2_camera_msgs/package.ps1'
[2.996s] INFO:colcon.colcon_core.shell:Creating package descriptor '/home/vboxuser/ros2_ws/install/realsense2_camera_msgs/share/realsense2_camera_msgs/package.dsv'
[2.997s] INFO:colcon.colcon_core.shell:Creating package script '/home/vboxuser/ros2_ws/install/realsense2_camera_msgs/share/realsense2_camera_msgs/package.sh'
[2.998s] INFO:colcon.colcon_core.shell:Creating package script '/home/vboxuser/ros2_ws/install/realsense2_camera_msgs/share/realsense2_camera_msgs/package.bash'
[3.003s] INFO:colcon.colcon_core.shell:Creating package script '/home/vboxuser/ros2_ws/install/realsense2_camera_msgs/share/realsense2_camera_msgs/package.zsh'
[3.006s] Level 1:colcon.colcon_core.environment:create_file_with_runtime_dependencies(/home/vboxuser/ros2_ws/install/realsense2_camera_msgs/share/colcon-core/packages/realsense2_camera_msgs)
[3.057s] DEBUG:colcon.colcon_core.event_handler.log_command:Invoking command in '/home/vboxuser/ros2_ws/src/vision': PYTHONPATH=/home/vboxuser/ros2_ws/build/vision/prefix_override:/usr/lib/python3/dist-packages/colcon_core/task/python/colcon_distutils_commands:/home/vboxuser/ros2_ws/install/vision/lib/python3.8/site-packages:${PYTHONPATH} /usr/bin/python3 -W ignore:setup.py install is deprecated setup.py egg_info --egg-base ../../build/vision build --build-base /home/vboxuser/ros2_ws/build/vision/build install --record /home/vboxuser/ros2_ws/build/vision/install.log --install-scripts $base/lib/vision --single-version-externally-managed install_data
[3.236s] Level 1:colcon.colcon_core.environment:create_environment_scripts_only(realsense2_camera_msgs)
[3.236s] Level 1:colcon.colcon_core.environment:checking '/home/vboxuser/ros2_ws/install/realsense2_camera_msgs' for CMake module files
[3.236s] Level 1:colcon.colcon_core.environment:checking '/home/vboxuser/ros2_ws/install/realsense2_camera_msgs' for CMake config files
[3.237s] Level 1:colcon.colcon_core.shell:create_environment_hook('realsense2_camera_msgs', 'cmake_prefix_path')
[3.237s] INFO:colcon.colcon_core.shell:Creating environment hook '/home/vboxuser/ros2_ws/install/realsense2_camera_msgs/share/realsense2_camera_msgs/hook/cmake_prefix_path.ps1'
[3.237s] INFO:colcon.colcon_core.shell:Creating environment descriptor '/home/vboxuser/ros2_ws/install/realsense2_camera_msgs/share/realsense2_camera_msgs/hook/cmake_prefix_path.dsv'
[3.238s] INFO:colcon.colcon_core.shell:Creating environment hook '/home/vboxuser/ros2_ws/install/realsense2_camera_msgs/share/realsense2_camera_msgs/hook/cmake_prefix_path.sh'
[3.239s] Level 1:colcon.colcon_core.environment:checking '/home/vboxuser/ros2_ws/install/realsense2_camera_msgs/lib'
[3.239s] Level 1:colcon.colcon_core.shell:create_environment_hook('realsense2_camera_msgs', 'ld_library_path_lib')
[3.239s] INFO:colcon.colcon_core.shell:Creating environment hook '/home/vboxuser/ros2_ws/install/realsense2_camera_msgs/share/realsense2_camera_msgs/hook/ld_library_path_lib.ps1'
[3.240s] INFO:colcon.colcon_core.shell:Creating environment descriptor '/home/vboxuser/ros2_ws/install/realsense2_camera_msgs/share/realsense2_camera_msgs/hook/ld_library_path_lib.dsv'
[3.240s] INFO:colcon.colcon_core.shell:Creating environment hook '/home/vboxuser/ros2_ws/install/realsense2_camera_msgs/share/realsense2_camera_msgs/hook/ld_library_path_lib.sh'
[3.241s] Level 1:colcon.colcon_core.environment:checking '/home/vboxuser/ros2_ws/install/realsense2_camera_msgs/bin'
[3.241s] Level 1:colcon.colcon_core.environment:checking '/home/vboxuser/ros2_ws/install/realsense2_camera_msgs/lib/pkgconfig/realsense2_camera_msgs.pc'
[3.241s] Level 1:colcon.colcon_core.environment:checking '/home/vboxuser/ros2_ws/install/realsense2_camera_msgs/lib/python3.8/site-packages'
[3.241s] Level 1:colcon.colcon_core.shell:create_environment_hook('realsense2_camera_msgs', 'pythonpath')
[3.241s] INFO:colcon.colcon_core.shell:Creating environment hook '/home/vboxuser/ros2_ws/install/realsense2_camera_msgs/share/realsense2_camera_msgs/hook/pythonpath.ps1'
[3.241s] INFO:colcon.colcon_core.shell:Creating environment descriptor '/home/vboxuser/ros2_ws/install/realsense2_camera_msgs/share/realsense2_camera_msgs/hook/pythonpath.dsv'
[3.242s] INFO:colcon.colcon_core.shell:Creating environment hook '/home/vboxuser/ros2_ws/install/realsense2_camera_msgs/share/realsense2_camera_msgs/hook/pythonpath.sh'
[3.243s] Level 1:colcon.colcon_core.environment:checking '/home/vboxuser/ros2_ws/install/realsense2_camera_msgs/bin'
[3.243s] INFO:colcon.colcon_core.shell:Creating package script '/home/vboxuser/ros2_ws/install/realsense2_camera_msgs/share/realsense2_camera_msgs/package.ps1'
[3.243s] INFO:colcon.colcon_core.shell:Creating package descriptor '/home/vboxuser/ros2_ws/install/realsense2_camera_msgs/share/realsense2_camera_msgs/package.dsv'
[3.244s] INFO:colcon.colcon_core.shell:Creating package script '/home/vboxuser/ros2_ws/install/realsense2_camera_msgs/share/realsense2_camera_msgs/package.sh'
[3.244s] INFO:colcon.colcon_core.shell:Creating package script '/home/vboxuser/ros2_ws/install/realsense2_camera_msgs/share/realsense2_camera_msgs/package.bash'
[3.245s] INFO:colcon.colcon_core.shell:Creating package script '/home/vboxuser/ros2_ws/install/realsense2_camera_msgs/share/realsense2_camera_msgs/package.zsh'
[3.245s] Level 1:colcon.colcon_core.environment:create_file_with_runtime_dependencies(/home/vboxuser/ros2_ws/install/realsense2_camera_msgs/share/colcon-core/packages/realsense2_camera_msgs)
[3.246s] INFO:colcon.colcon_ros.task.ament_cmake.build:Building ROS package in '/home/vboxuser/ros2_ws/src/realsense-ros/realsense2_camera' with build type 'ament_cmake'
[3.246s] INFO:colcon.colcon_cmake.task.cmake.build:Building CMake package in '/home/vboxuser/ros2_ws/src/realsense-ros/realsense2_camera'
[3.246s] INFO:colcon.colcon_core.shell:Skip shell extension 'powershell' for command environment: Not usable outside of PowerShell
[3.247s] DEBUG:colcon.colcon_core.shell:Skip shell extension 'dsv' for command environment
[3.253s] INFO:colcon.colcon_ros.task.ament_cmake.build:Building ROS package in '/home/vboxuser/ros2_ws/src/realsense-ros/realsense2_description' with build type 'ament_cmake'
[3.254s] INFO:colcon.colcon_cmake.task.cmake.build:Building CMake package in '/home/vboxuser/ros2_ws/src/realsense-ros/realsense2_description'
[3.254s] INFO:colcon.colcon_core.shell:Skip shell extension 'powershell' for command environment: Not usable outside of PowerShell
[3.255s] DEBUG:colcon.colcon_core.shell:Skip shell extension 'dsv' for command environment
[3.272s] DEBUG:colcon.colcon_core.event_handler.log_command:Invoking command in '/home/vboxuser/ros2_ws/build/realsense2_camera': AMENT_PREFIX_PATH=/home/vboxuser/ros2_ws/install/realsense2_camera_msgs:${AMENT_PREFIX_PATH} CMAKE_PREFIX_PATH=/home/vboxuser/ros2_ws/install/realsense2_camera_msgs:/opt/ros/foxy LD_LIBRARY_PATH=/home/vboxuser/ros2_ws/install/realsense2_camera_msgs/lib:${LD_LIBRARY_PATH} PYTHONPATH=/home/vboxuser/ros2_ws/install/realsense2_camera_msgs/lib/python3.8/site-packages:${PYTHONPATH} /usr/bin/cmake --build /home/vboxuser/ros2_ws/build/realsense2_camera -- -j8 -l8
[3.292s] DEBUG:colcon.colcon_core.event_handler.log_command:Invoking command in '/home/vboxuser/ros2_ws/build/realsense2_description': AMENT_PREFIX_PATH=/home/vboxuser/ros2_ws/install/realsense2_camera_msgs:${AMENT_PREFIX_PATH} CMAKE_PREFIX_PATH=/home/vboxuser/ros2_ws/install/realsense2_camera_msgs:/opt/ros/foxy LD_LIBRARY_PATH=/home/vboxuser/ros2_ws/install/realsense2_camera_msgs/lib:${LD_LIBRARY_PATH} PYTHONPATH=/home/vboxuser/ros2_ws/install/realsense2_camera_msgs/lib/python3.8/site-packages:${PYTHONPATH} /usr/bin/cmake --build /home/vboxuser/ros2_ws/build/realsense2_description -- -j8 -l8
[3.363s] DEBUG:colcon.colcon_core.event_handler.log_command:Invoked command in '/home/vboxuser/ros2_ws/build/realsense2_description' returned '0': AMENT_PREFIX_PATH=/home/vboxuser/ros2_ws/install/realsense2_camera_msgs:${AMENT_PREFIX_PATH} CMAKE_PREFIX_PATH=/home/vboxuser/ros2_ws/install/realsense2_camera_msgs:/opt/ros/foxy LD_LIBRARY_PATH=/home/vboxuser/ros2_ws/install/realsense2_camera_msgs/lib:${LD_LIBRARY_PATH} PYTHONPATH=/home/vboxuser/ros2_ws/install/realsense2_camera_msgs/lib/python3.8/site-packages:${PYTHONPATH} /usr/bin/cmake --build /home/vboxuser/ros2_ws/build/realsense2_description -- -j8 -l8
[3.410s] DEBUG:colcon.colcon_core.event_handler.log_command:Invoking command in '/home/vboxuser/ros2_ws/build/realsense2_description': AMENT_PREFIX_PATH=/home/vboxuser/ros2_ws/install/realsense2_camera_msgs:${AMENT_PREFIX_PATH} CMAKE_PREFIX_PATH=/home/vboxuser/ros2_ws/install/realsense2_camera_msgs:/opt/ros/foxy LD_LIBRARY_PATH=/home/vboxuser/ros2_ws/install/realsense2_camera_msgs/lib:${LD_LIBRARY_PATH} PYTHONPATH=/home/vboxuser/ros2_ws/install/realsense2_camera_msgs/lib/python3.8/site-packages:${PYTHONPATH} /usr/bin/cmake --install /home/vboxuser/ros2_ws/build/realsense2_description
[3.413s] Level 1:colcon.colcon_core.environment:checking '/home/vboxuser/ros2_ws/install/vision' for CMake module files
[3.415s] DEBUG:colcon.colcon_core.event_handler.log_command:Invoked command in '/home/vboxuser/ros2_ws/src/vision' returned '0': PYTHONPATH=/home/vboxuser/ros2_ws/build/vision/prefix_override:/usr/lib/python3/dist-packages/colcon_core/task/python/colcon_distutils_commands:/home/vboxuser/ros2_ws/install/vision/lib/python3.8/site-packages:${PYTHONPATH} /usr/bin/python3 -W ignore:setup.py install is deprecated setup.py egg_info --egg-base ../../build/vision build --build-base /home/vboxuser/ros2_ws/build/vision/build install --record /home/vboxuser/ros2_ws/build/vision/install.log --install-scripts $base/lib/vision --single-version-externally-managed install_data
[3.415s] Level 1:colcon.colcon_core.environment:checking '/home/vboxuser/ros2_ws/install/vision' for CMake config files
[3.417s] Level 1:colcon.colcon_core.environment:checking '/home/vboxuser/ros2_ws/install/vision/lib'
[3.418s] Level 1:colcon.colcon_core.environment:checking '/home/vboxuser/ros2_ws/install/vision/bin'
[3.418s] Level 1:colcon.colcon_core.environment:checking '/home/vboxuser/ros2_ws/install/vision/lib/pkgconfig/vision.pc'
[3.418s] Level 1:colcon.colcon_core.environment:checking '/home/vboxuser/ros2_ws/install/vision/lib/python3.8/site-packages'
[3.419s] Level 1:colcon.colcon_core.shell:create_environment_hook('vision', 'pythonpath')
[3.419s] INFO:colcon.colcon_core.shell:Creating environment hook '/home/vboxuser/ros2_ws/install/vision/share/vision/hook/pythonpath.ps1'
[3.420s] INFO:colcon.colcon_core.shell:Creating environment descriptor '/home/vboxuser/ros2_ws/install/vision/share/vision/hook/pythonpath.dsv'
[3.421s] INFO:colcon.colcon_core.shell:Creating environment hook '/home/vboxuser/ros2_ws/install/vision/share/vision/hook/pythonpath.sh'
[3.422s] Level 1:colcon.colcon_core.environment:checking '/home/vboxuser/ros2_ws/install/vision/bin'
[3.423s] Level 1:colcon.colcon_core.environment:create_environment_scripts_only(vision)
[3.423s] INFO:colcon.colcon_core.shell:Creating package script '/home/vboxuser/ros2_ws/install/vision/share/vision/package.ps1'
[3.424s] INFO:colcon.colcon_core.shell:Creating package descriptor '/home/vboxuser/ros2_ws/install/vision/share/vision/package.dsv'
[3.425s] INFO:colcon.colcon_core.shell:Creating package script '/home/vboxuser/ros2_ws/install/vision/share/vision/package.sh'
[3.429s] INFO:colcon.colcon_core.shell:Creating package script '/home/vboxuser/ros2_ws/install/vision/share/vision/package.bash'
[3.432s] INFO:colcon.colcon_core.shell:Creating package script '/home/vboxuser/ros2_ws/install/vision/share/vision/package.zsh'
[3.435s] Level 1:colcon.colcon_core.environment:create_file_with_runtime_dependencies(/home/vboxuser/ros2_ws/install/vision/share/colcon-core/packages/vision)
[3.511s] Level 1:colcon.colcon_core.environment:create_environment_scripts_only(realsense2_description)
[3.511s] Level 1:colcon.colcon_core.environment:checking '/home/vboxuser/ros2_ws/install/realsense2_description' for CMake module files
[3.512s] DEBUG:colcon.colcon_core.event_handler.log_command:Invoked command in '/home/vboxuser/ros2_ws/build/realsense2_description' returned '0': AMENT_PREFIX_PATH=/home/vboxuser/ros2_ws/install/realsense2_camera_msgs:${AMENT_PREFIX_PATH} CMAKE_PREFIX_PATH=/home/vboxuser/ros2_ws/install/realsense2_camera_msgs:/opt/ros/foxy LD_LIBRARY_PATH=/home/vboxuser/ros2_ws/install/realsense2_camera_msgs/lib:${LD_LIBRARY_PATH} PYTHONPATH=/home/vboxuser/ros2_ws/install/realsense2_camera_msgs/lib/python3.8/site-packages:${PYTHONPATH} /usr/bin/cmake --install /home/vboxuser/ros2_ws/build/realsense2_description
[3.512s] Level 1:colcon.colcon_core.environment:checking '/home/vboxuser/ros2_ws/install/realsense2_description' for CMake config files
[3.515s] Level 1:colcon.colcon_core.shell:create_environment_hook('realsense2_description', 'cmake_prefix_path')
[3.515s] INFO:colcon.colcon_core.shell:Creating environment hook '/home/vboxuser/ros2_ws/install/realsense2_description/share/realsense2_description/hook/cmake_prefix_path.ps1'
[3.516s] INFO:colcon.colcon_core.shell:Creating environment descriptor '/home/vboxuser/ros2_ws/install/realsense2_description/share/realsense2_description/hook/cmake_prefix_path.dsv'
[3.517s] INFO:colcon.colcon_core.shell:Creating environment hook '/home/vboxuser/ros2_ws/install/realsense2_description/share/realsense2_description/hook/cmake_prefix_path.sh'
[3.517s] Level 1:colcon.colcon_core.environment:checking '/home/vboxuser/ros2_ws/install/realsense2_description/bin'
[3.517s] Level 1:colcon.colcon_core.environment:checking '/home/vboxuser/ros2_ws/install/realsense2_description/lib/pkgconfig/realsense2_description.pc'
[3.518s] Level 1:colcon.colcon_core.environment:checking '/home/vboxuser/ros2_ws/install/realsense2_description/lib/python3.8/site-packages'
[3.518s] Level 1:colcon.colcon_core.environment:checking '/home/vboxuser/ros2_ws/install/realsense2_description/bin'
[3.518s] INFO:colcon.colcon_core.shell:Creating package script '/home/vboxuser/ros2_ws/install/realsense2_description/share/realsense2_description/package.ps1'
[3.519s] INFO:colcon.colcon_core.shell:Creating package descriptor '/home/vboxuser/ros2_ws/install/realsense2_description/share/realsense2_description/package.dsv'
[3.519s] INFO:colcon.colcon_core.shell:Creating package script '/home/vboxuser/ros2_ws/install/realsense2_description/share/realsense2_description/package.sh'
[3.520s] INFO:colcon.colcon_core.shell:Creating package script '/home/vboxuser/ros2_ws/install/realsense2_description/share/realsense2_description/package.bash'
[3.521s] INFO:colcon.colcon_core.shell:Creating package script '/home/vboxuser/ros2_ws/install/realsense2_description/share/realsense2_description/package.zsh'
[3.521s] Level 1:colcon.colcon_core.environment:create_file_with_runtime_dependencies(/home/vboxuser/ros2_ws/install/realsense2_description/share/colcon-core/packages/realsense2_description)
[3.547s] DEBUG:colcon.colcon_core.event_handler.log_command:Invoked command in '/home/vboxuser/ros2_ws/build/realsense2_camera' returned '0': AMENT_PREFIX_PATH=/home/vboxuser/ros2_ws/install/realsense2_camera_msgs:${AMENT_PREFIX_PATH} CMAKE_PREFIX_PATH=/home/vboxuser/ros2_ws/install/realsense2_camera_msgs:/opt/ros/foxy LD_LIBRARY_PATH=/home/vboxuser/ros2_ws/install/realsense2_camera_msgs/lib:${LD_LIBRARY_PATH} PYTHONPATH=/home/vboxuser/ros2_ws/install/realsense2_camera_msgs/lib/python3.8/site-packages:${PYTHONPATH} /usr/bin/cmake --build /home/vboxuser/ros2_ws/build/realsense2_camera -- -j8 -l8
[3.557s] Level 1:colcon.colcon_core.environment:create_environment_scripts_only(realsense2_description)
[3.557s] Level 1:colcon.colcon_core.environment:checking '/home/vboxuser/ros2_ws/install/realsense2_description' for CMake module files
[3.558s] Level 1:colcon.colcon_core.environment:checking '/home/vboxuser/ros2_ws/install/realsense2_description' for CMake config files
[3.558s] Level 1:colcon.colcon_core.shell:create_environment_hook('realsense2_description', 'cmake_prefix_path')
[3.559s] INFO:colcon.colcon_core.shell:Creating environment hook '/home/vboxuser/ros2_ws/install/realsense2_description/share/realsense2_description/hook/cmake_prefix_path.ps1'
[3.559s] INFO:colcon.colcon_core.shell:Creating environment descriptor '/home/vboxuser/ros2_ws/install/realsense2_description/share/realsense2_description/hook/cmake_prefix_path.dsv'
[3.560s] INFO:colcon.colcon_core.shell:Creating environment hook '/home/vboxuser/ros2_ws/install/realsense2_description/share/realsense2_description/hook/cmake_prefix_path.sh'
[3.560s] Level 1:colcon.colcon_core.environment:checking '/home/vboxuser/ros2_ws/install/realsense2_description/bin'
[3.560s] Level 1:colcon.colcon_core.environment:checking '/home/vboxuser/ros2_ws/install/realsense2_description/lib/pkgconfig/realsense2_description.pc'
[3.561s] Level 1:colcon.colcon_core.environment:checking '/home/vboxuser/ros2_ws/install/realsense2_description/lib/python3.8/site-packages'
[3.561s] Level 1:colcon.colcon_core.environment:checking '/home/vboxuser/ros2_ws/install/realsense2_description/bin'
[3.561s] INFO:colcon.colcon_core.shell:Creating package script '/home/vboxuser/ros2_ws/install/realsense2_description/share/realsense2_description/package.ps1'
[3.562s] INFO:colcon.colcon_core.shell:Creating package descriptor '/home/vboxuser/ros2_ws/install/realsense2_description/share/realsense2_description/package.dsv'
[3.562s] INFO:colcon.colcon_core.shell:Creating package script '/home/vboxuser/ros2_ws/install/realsense2_description/share/realsense2_description/package.sh'
[3.563s] INFO:colcon.colcon_core.shell:Creating package script '/home/vboxuser/ros2_ws/install/realsense2_description/share/realsense2_description/package.bash'
[3.563s] INFO:colcon.colcon_core.shell:Creating package script '/home/vboxuser/ros2_ws/install/realsense2_description/share/realsense2_description/package.zsh'
[3.564s] Level 1:colcon.colcon_core.environment:create_file_with_runtime_dependencies(/home/vboxuser/ros2_ws/install/realsense2_description/share/colcon-core/packages/realsense2_description)
[3.650s] DEBUG:colcon.colcon_core.event_handler.log_command:Invoking command in '/home/vboxuser/ros2_ws/build/realsense2_camera': AMENT_PREFIX_PATH=/home/vboxuser/ros2_ws/install/realsense2_camera_msgs:${AMENT_PREFIX_PATH} CMAKE_PREFIX_PATH=/home/vboxuser/ros2_ws/install/realsense2_camera_msgs:/opt/ros/foxy LD_LIBRARY_PATH=/home/vboxuser/ros2_ws/install/realsense2_camera_msgs/lib:${LD_LIBRARY_PATH} PYTHONPATH=/home/vboxuser/ros2_ws/install/realsense2_camera_msgs/lib/python3.8/site-packages:${PYTHONPATH} /usr/bin/cmake --install /home/vboxuser/ros2_ws/build/realsense2_camera
[3.757s] Level 1:colcon.colcon_core.environment:create_environment_scripts_only(realsense2_camera)
[3.757s] Level 1:colcon.colcon_core.environment:checking '/home/vboxuser/ros2_ws/install/realsense2_camera' for CMake module files
[3.758s] DEBUG:colcon.colcon_core.event_handler.log_command:Invoked command in '/home/vboxuser/ros2_ws/build/realsense2_camera' returned '0': AMENT_PREFIX_PATH=/home/vboxuser/ros2_ws/install/realsense2_camera_msgs:${AMENT_PREFIX_PATH} CMAKE_PREFIX_PATH=/home/vboxuser/ros2_ws/install/realsense2_camera_msgs:/opt/ros/foxy LD_LIBRARY_PATH=/home/vboxuser/ros2_ws/install/realsense2_camera_msgs/lib:${LD_LIBRARY_PATH} PYTHONPATH=/home/vboxuser/ros2_ws/install/realsense2_camera_msgs/lib/python3.8/site-packages:${PYTHONPATH} /usr/bin/cmake --install /home/vboxuser/ros2_ws/build/realsense2_camera
[3.759s] Level 1:colcon.colcon_core.environment:checking '/home/vboxuser/ros2_ws/install/realsense2_camera' for CMake config files
[3.760s] Level 1:colcon.colcon_core.shell:create_environment_hook('realsense2_camera', 'cmake_prefix_path')
[3.760s] INFO:colcon.colcon_core.shell:Creating environment hook '/home/vboxuser/ros2_ws/install/realsense2_camera/share/realsense2_camera/hook/cmake_prefix_path.ps1'
[3.762s] INFO:colcon.colcon_core.shell:Creating environment descriptor '/home/vboxuser/ros2_ws/install/realsense2_camera/share/realsense2_camera/hook/cmake_prefix_path.dsv'
[3.762s] INFO:colcon.colcon_core.shell:Creating environment hook '/home/vboxuser/ros2_ws/install/realsense2_camera/share/realsense2_camera/hook/cmake_prefix_path.sh'
[3.763s] Level 1:colcon.colcon_core.environment:checking '/home/vboxuser/ros2_ws/install/realsense2_camera/lib'
[3.763s] Level 1:colcon.colcon_core.shell:create_environment_hook('realsense2_camera', 'ld_library_path_lib')
[3.763s] INFO:colcon.colcon_core.shell:Creating environment hook '/home/vboxuser/ros2_ws/install/realsense2_camera/share/realsense2_camera/hook/ld_library_path_lib.ps1'
[3.764s] INFO:colcon.colcon_core.shell:Creating environment descriptor '/home/vboxuser/ros2_ws/install/realsense2_camera/share/realsense2_camera/hook/ld_library_path_lib.dsv'
[3.764s] INFO:colcon.colcon_core.shell:Creating environment hook '/home/vboxuser/ros2_ws/install/realsense2_camera/share/realsense2_camera/hook/ld_library_path_lib.sh'
[3.765s] Level 1:colcon.colcon_core.environment:checking '/home/vboxuser/ros2_ws/install/realsense2_camera/bin'
[3.765s] Level 1:colcon.colcon_core.environment:checking '/home/vboxuser/ros2_ws/install/realsense2_camera/lib/pkgconfig/realsense2_camera.pc'
[3.765s] Level 1:colcon.colcon_core.environment:checking '/home/vboxuser/ros2_ws/install/realsense2_camera/lib/python3.8/site-packages'
[3.765s] Level 1:colcon.colcon_core.environment:checking '/home/vboxuser/ros2_ws/install/realsense2_camera/bin'
[3.766s] INFO:colcon.colcon_core.shell:Creating package script '/home/vboxuser/ros2_ws/install/realsense2_camera/share/realsense2_camera/package.ps1'
[3.766s] INFO:colcon.colcon_core.shell:Creating package descriptor '/home/vboxuser/ros2_ws/install/realsense2_camera/share/realsense2_camera/package.dsv'
[3.767s] INFO:colcon.colcon_core.shell:Creating package script '/home/vboxuser/ros2_ws/install/realsense2_camera/share/realsense2_camera/package.sh'
[3.767s] INFO:colcon.colcon_core.shell:Creating package script '/home/vboxuser/ros2_ws/install/realsense2_camera/share/realsense2_camera/package.bash'
[3.768s] INFO:colcon.colcon_core.shell:Creating package script '/home/vboxuser/ros2_ws/install/realsense2_camera/share/realsense2_camera/package.zsh'
[3.768s] Level 1:colcon.colcon_core.environment:create_file_with_runtime_dependencies(/home/vboxuser/ros2_ws/install/realsense2_camera/share/colcon-core/packages/realsense2_camera)
[3.863s] Level 1:colcon.colcon_core.environment:create_environment_scripts_only(realsense2_camera)
[3.864s] Level 1:colcon.colcon_core.environment:checking '/home/vboxuser/ros2_ws/install/realsense2_camera' for CMake module files
[3.864s] Level 1:colcon.colcon_core.environment:checking '/home/vboxuser/ros2_ws/install/realsense2_camera' for CMake config files
[3.864s] Level 1:colcon.colcon_core.shell:create_environment_hook('realsense2_camera', 'cmake_prefix_path')
[3.865s] INFO:colcon.colcon_core.shell:Creating environment hook '/home/vboxuser/ros2_ws/install/realsense2_camera/share/realsense2_camera/hook/cmake_prefix_path.ps1'
[3.865s] INFO:colcon.colcon_core.shell:Creating environment descriptor '/home/vboxuser/ros2_ws/install/realsense2_camera/share/realsense2_camera/hook/cmake_prefix_path.dsv'
[3.866s] INFO:colcon.colcon_core.shell:Creating environment hook '/home/vboxuser/ros2_ws/install/realsense2_camera/share/realsense2_camera/hook/cmake_prefix_path.sh'
[3.867s] Level 1:colcon.colcon_core.environment:checking '/home/vboxuser/ros2_ws/install/realsense2_camera/lib'
[3.867s] Level 1:colcon.colcon_core.shell:create_environment_hook('realsense2_camera', 'ld_library_path_lib')
[3.867s] INFO:colcon.colcon_core.shell:Creating environment hook '/home/vboxuser/ros2_ws/install/realsense2_camera/share/realsense2_camera/hook/ld_library_path_lib.ps1'
[3.867s] INFO:colcon.colcon_core.shell:Creating environment descriptor '/home/vboxuser/ros2_ws/install/realsense2_camera/share/realsense2_camera/hook/ld_library_path_lib.dsv'
[3.868s] INFO:colcon.colcon_core.shell:Creating environment hook '/home/vboxuser/ros2_ws/install/realsense2_camera/share/realsense2_camera/hook/ld_library_path_lib.sh'
[3.868s] Level 1:colcon.colcon_core.environment:checking '/home/vboxuser/ros2_ws/install/realsense2_camera/bin'
[3.868s] Level 1:colcon.colcon_core.environment:checking '/home/vboxuser/ros2_ws/install/realsense2_camera/lib/pkgconfig/realsense2_camera.pc'
[3.868s] Level 1:colcon.colcon_core.environment:checking '/home/vboxuser/ros2_ws/install/realsense2_camera/lib/python3.8/site-packages'
[3.869s] Level 1:colcon.colcon_core.environment:checking '/home/vboxuser/ros2_ws/install/realsense2_camera/bin'
[3.869s] INFO:colcon.colcon_core.shell:Creating package script '/home/vboxuser/ros2_ws/install/realsense2_camera/share/realsense2_camera/package.ps1'
[3.870s] INFO:colcon.colcon_core.shell:Creating package descriptor '/home/vboxuser/ros2_ws/install/realsense2_camera/share/realsense2_camera/package.dsv'
[3.870s] INFO:colcon.colcon_core.shell:Creating package script '/home/vboxuser/ros2_ws/install/realsense2_camera/share/realsense2_camera/package.sh'
[3.871s] INFO:colcon.colcon_core.shell:Creating package script '/home/vboxuser/ros2_ws/install/realsense2_camera/share/realsense2_camera/package.bash'
[3.871s] INFO:colcon.colcon_core.shell:Creating package script '/home/vboxuser/ros2_ws/install/realsense2_camera/share/realsense2_camera/package.zsh'
[3.871s] Level 1:colcon.colcon_core.environment:create_file_with_runtime_dependencies(/home/vboxuser/ros2_ws/install/realsense2_camera/share/colcon-core/packages/realsense2_camera)
[4.402s] DEBUG:colcon.colcon_core.event_handler.log_command:Invoking command in '/home/vboxuser/ros2_ws/build/kr_msgs': CMAKE_PREFIX_PATH=/opt/ros/foxy /usr/bin/cmake --install /home/vboxuser/ros2_ws/build/kr_msgs
[5.362s] Level 1:colcon.colcon_core.environment:create_environment_scripts_only(kr_msgs)
[5.363s] Level 1:colcon.colcon_core.environment:checking '/home/vboxuser/ros2_ws/install/kr_msgs' for CMake module files
[5.364s] DEBUG:colcon.colcon_core.event_handler.log_command:Invoked command in '/home/vboxuser/ros2_ws/build/kr_msgs' returned '0': CMAKE_PREFIX_PATH=/opt/ros/foxy /usr/bin/cmake --install /home/vboxuser/ros2_ws/build/kr_msgs
[5.365s] Level 1:colcon.colcon_core.environment:checking '/home/vboxuser/ros2_ws/install/kr_msgs' for CMake config files
[5.367s] Level 1:colcon.colcon_core.shell:create_environment_hook('kr_msgs', 'cmake_prefix_path')
[5.367s] INFO:colcon.colcon_core.shell:Creating environment hook '/home/vboxuser/ros2_ws/install/kr_msgs/share/kr_msgs/hook/cmake_prefix_path.ps1'
[5.371s] INFO:colcon.colcon_core.shell:Creating environment descriptor '/home/vboxuser/ros2_ws/install/kr_msgs/share/kr_msgs/hook/cmake_prefix_path.dsv'
[5.371s] INFO:colcon.colcon_core.shell:Creating environment hook '/home/vboxuser/ros2_ws/install/kr_msgs/share/kr_msgs/hook/cmake_prefix_path.sh'
[5.372s] Level 1:colcon.colcon_core.environment:checking '/home/vboxuser/ros2_ws/install/kr_msgs/lib'
[5.372s] Level 1:colcon.colcon_core.shell:create_environment_hook('kr_msgs', 'ld_library_path_lib')
[5.372s] INFO:colcon.colcon_core.shell:Creating environment hook '/home/vboxuser/ros2_ws/install/kr_msgs/share/kr_msgs/hook/ld_library_path_lib.ps1'
[5.372s] INFO:colcon.colcon_core.shell:Creating environment descriptor '/home/vboxuser/ros2_ws/install/kr_msgs/share/kr_msgs/hook/ld_library_path_lib.dsv'
[5.373s] INFO:colcon.colcon_core.shell:Creating environment hook '/home/vboxuser/ros2_ws/install/kr_msgs/share/kr_msgs/hook/ld_library_path_lib.sh'
[5.373s] Level 1:colcon.colcon_core.environment:checking '/home/vboxuser/ros2_ws/install/kr_msgs/bin'
[5.373s] Level 1:colcon.colcon_core.environment:checking '/home/vboxuser/ros2_ws/install/kr_msgs/lib/pkgconfig/kr_msgs.pc'
[5.374s] Level 1:colcon.colcon_core.environment:checking '/home/vboxuser/ros2_ws/install/kr_msgs/lib/python3.8/site-packages'
[5.374s] Level 1:colcon.colcon_core.shell:create_environment_hook('kr_msgs', 'pythonpath')
[5.374s] INFO:colcon.colcon_core.shell:Creating environment hook '/home/vboxuser/ros2_ws/install/kr_msgs/share/kr_msgs/hook/pythonpath.ps1'
[5.374s] INFO:colcon.colcon_core.shell:Creating environment descriptor '/home/vboxuser/ros2_ws/install/kr_msgs/share/kr_msgs/hook/pythonpath.dsv'
[5.375s] INFO:colcon.colcon_core.shell:Creating environment hook '/home/vboxuser/ros2_ws/install/kr_msgs/share/kr_msgs/hook/pythonpath.sh'
[5.375s] Level 1:colcon.colcon_core.environment:checking '/home/vboxuser/ros2_ws/install/kr_msgs/bin'
[5.375s] INFO:colcon.colcon_core.shell:Creating package script '/home/vboxuser/ros2_ws/install/kr_msgs/share/kr_msgs/package.ps1'
[5.376s] INFO:colcon.colcon_core.shell:Creating package descriptor '/home/vboxuser/ros2_ws/install/kr_msgs/share/kr_msgs/package.dsv'
[5.376s] INFO:colcon.colcon_core.shell:Creating package script '/home/vboxuser/ros2_ws/install/kr_msgs/share/kr_msgs/package.sh'
[5.377s] INFO:colcon.colcon_core.shell:Creating package script '/home/vboxuser/ros2_ws/install/kr_msgs/share/kr_msgs/package.bash'
[5.377s] INFO:colcon.colcon_core.shell:Creating package script '/home/vboxuser/ros2_ws/install/kr_msgs/share/kr_msgs/package.zsh'
[5.377s] Level 1:colcon.colcon_core.environment:create_file_with_runtime_dependencies(/home/vboxuser/ros2_ws/install/kr_msgs/share/colcon-core/packages/kr_msgs)
[7.376s] Level 1:colcon.colcon_core.environment:create_environment_scripts_only(kr_msgs)
[7.376s] Level 1:colcon.colcon_core.environment:checking '/home/vboxuser/ros2_ws/install/kr_msgs' for CMake module files
[7.377s] Level 1:colcon.colcon_core.environment:checking '/home/vboxuser/ros2_ws/install/kr_msgs' for CMake config files
[7.378s] Level 1:colcon.colcon_core.shell:create_environment_hook('kr_msgs', 'cmake_prefix_path')
[7.378s] INFO:colcon.colcon_core.shell:Creating environment hook '/home/vboxuser/ros2_ws/install/kr_msgs/share/kr_msgs/hook/cmake_prefix_path.ps1'
[7.379s] INFO:colcon.colcon_core.shell:Creating environment descriptor '/home/vboxuser/ros2_ws/install/kr_msgs/share/kr_msgs/hook/cmake_prefix_path.dsv'
[7.379s] INFO:colcon.colcon_core.shell:Creating environment hook '/home/vboxuser/ros2_ws/install/kr_msgs/share/kr_msgs/hook/cmake_prefix_path.sh'
[7.380s] Level 1:colcon.colcon_core.environment:checking '/home/vboxuser/ros2_ws/install/kr_msgs/lib'
[7.380s] Level 1:colcon.colcon_core.shell:create_environment_hook('kr_msgs', 'ld_library_path_lib')
[7.381s] INFO:colcon.colcon_core.shell:Creating environment hook '/home/vboxuser/ros2_ws/install/kr_msgs/share/kr_msgs/hook/ld_library_path_lib.ps1'
[7.382s] INFO:colcon.colcon_core.shell:Creating environment descriptor '/home/vboxuser/ros2_ws/install/kr_msgs/share/kr_msgs/hook/ld_library_path_lib.dsv'
[7.382s] INFO:colcon.colcon_core.shell:Creating environment hook '/home/vboxuser/ros2_ws/install/kr_msgs/share/kr_msgs/hook/ld_library_path_lib.sh'
[7.383s] Level 1:colcon.colcon_core.environment:checking '/home/vboxuser/ros2_ws/install/kr_msgs/bin'
[7.383s] Level 1:colcon.colcon_core.environment:checking '/home/vboxuser/ros2_ws/install/kr_msgs/lib/pkgconfig/kr_msgs.pc'
[7.383s] Level 1:colcon.colcon_core.environment:checking '/home/vboxuser/ros2_ws/install/kr_msgs/lib/python3.8/site-packages'
[7.383s] Level 1:colcon.colcon_core.shell:create_environment_hook('kr_msgs', 'pythonpath')
[7.383s] INFO:colcon.colcon_core.shell:Creating environment hook '/home/vboxuser/ros2_ws/install/kr_msgs/share/kr_msgs/hook/pythonpath.ps1'
[7.384s] INFO:colcon.colcon_core.shell:Creating environment descriptor '/home/vboxuser/ros2_ws/install/kr_msgs/share/kr_msgs/hook/pythonpath.dsv'
[7.384s] INFO:colcon.colcon_core.shell:Creating environment hook '/home/vboxuser/ros2_ws/install/kr_msgs/share/kr_msgs/hook/pythonpath.sh'
[7.385s] Level 1:colcon.colcon_core.environment:checking '/home/vboxuser/ros2_ws/install/kr_msgs/bin'
[7.385s] INFO:colcon.colcon_core.shell:Creating package script '/home/vboxuser/ros2_ws/install/kr_msgs/share/kr_msgs/package.ps1'
[7.387s] INFO:colcon.colcon_core.shell:Creating package descriptor '/home/vboxuser/ros2_ws/install/kr_msgs/share/kr_msgs/package.dsv'
[7.387s] INFO:colcon.colcon_core.shell:Creating package script '/home/vboxuser/ros2_ws/install/kr_msgs/share/kr_msgs/package.sh'
[7.388s] INFO:colcon.colcon_core.shell:Creating package script '/home/vboxuser/ros2_ws/install/kr_msgs/share/kr_msgs/package.bash'
[7.388s] INFO:colcon.colcon_core.shell:Creating package script '/home/vboxuser/ros2_ws/install/kr_msgs/share/kr_msgs/package.zsh'
[7.389s] Level 1:colcon.colcon_core.environment:create_file_with_runtime_dependencies(/home/vboxuser/ros2_ws/install/kr_msgs/share/colcon-core/packages/kr_msgs)
[7.391s] INFO:colcon.colcon_ros.task.ament_cmake.build:Building ROS package in '/home/vboxuser/ros2_ws/src/orange-ros2/kr_example/cpp' with build type 'ament_cmake'
[7.391s] INFO:colcon.colcon_cmake.task.cmake.build:Building CMake package in '/home/vboxuser/ros2_ws/src/orange-ros2/kr_example/cpp'
[7.391s] INFO:colcon.colcon_core.shell:Skip shell extension 'powershell' for command environment: Not usable outside of PowerShell
[7.391s] DEBUG:colcon.colcon_core.shell:Skip shell extension 'dsv' for command environment
[7.400s] INFO:colcon.colcon_ros.task.ament_python.build:Building ROS package in '/home/vboxuser/ros2_ws/src/orange-ros2/kr_example/python' with build type 'ament_python'
[7.400s] Level 1:colcon.colcon_core.shell:create_environment_hook('kr_example_python', 'ament_prefix_path')
[7.403s] INFO:colcon.colcon_core.shell:Creating environment hook '/home/vboxuser/ros2_ws/install/kr_example_python/share/kr_example_python/hook/ament_prefix_path.ps1'
[7.407s] INFO:colcon.colcon_core.shell:Creating environment descriptor '/home/vboxuser/ros2_ws/install/kr_example_python/share/kr_example_python/hook/ament_prefix_path.dsv'
[7.408s] INFO:colcon.colcon_core.shell:Creating environment hook '/home/vboxuser/ros2_ws/install/kr_example_python/share/kr_example_python/hook/ament_prefix_path.sh'
[7.408s] INFO:colcon.colcon_core.shell:Skip shell extension 'powershell' for command environment: Not usable outside of PowerShell
[7.408s] DEBUG:colcon.colcon_core.shell:Skip shell extension 'dsv' for command environment
[7.432s] DEBUG:colcon.colcon_core.event_handler.log_command:Invoking command in '/home/vboxuser/ros2_ws/build/kr_example_cpp': AMENT_PREFIX_PATH=/home/vboxuser/ros2_ws/install/kr_msgs:${AMENT_PREFIX_PATH} CMAKE_PREFIX_PATH=/home/vboxuser/ros2_ws/install/kr_msgs:/opt/ros/foxy LD_LIBRARY_PATH=/home/vboxuser/ros2_ws/install/kr_msgs/lib:${LD_LIBRARY_PATH} PYTHONPATH=/home/vboxuser/ros2_ws/install/kr_msgs/lib/python3.8/site-packages:${PYTHONPATH} /usr/bin/cmake --build /home/vboxuser/ros2_ws/build/kr_example_cpp -- -j8 -l8
[7.665s] INFO:colcon.colcon_core.task.python.build:Building Python package in '/home/vboxuser/ros2_ws/src/orange-ros2/kr_example/python'
[7.665s] INFO:colcon.colcon_core.shell:Skip shell extension 'powershell' for command environment: Not usable outside of PowerShell
[7.665s] DEBUG:colcon.colcon_core.shell:Skip shell extension 'dsv' for command environment
[7.674s] DEBUG:colcon.colcon_core.event_handler.log_command:Invoked command in '/home/vboxuser/ros2_ws/build/kr_example_cpp' returned '0': AMENT_PREFIX_PATH=/home/vboxuser/ros2_ws/install/kr_msgs:${AMENT_PREFIX_PATH} CMAKE_PREFIX_PATH=/home/vboxuser/ros2_ws/install/kr_msgs:/opt/ros/foxy LD_LIBRARY_PATH=/home/vboxuser/ros2_ws/install/kr_msgs/lib:${LD_LIBRARY_PATH} PYTHONPATH=/home/vboxuser/ros2_ws/install/kr_msgs/lib/python3.8/site-packages:${PYTHONPATH} /usr/bin/cmake --build /home/vboxuser/ros2_ws/build/kr_example_cpp -- -j8 -l8
[7.736s] DEBUG:colcon.colcon_core.event_handler.log_command:Invoking command in '/home/vboxuser/ros2_ws/build/kr_example_cpp': AMENT_PREFIX_PATH=/home/vboxuser/ros2_ws/install/kr_msgs:${AMENT_PREFIX_PATH} CMAKE_PREFIX_PATH=/home/vboxuser/ros2_ws/install/kr_msgs:/opt/ros/foxy LD_LIBRARY_PATH=/home/vboxuser/ros2_ws/install/kr_msgs/lib:${LD_LIBRARY_PATH} PYTHONPATH=/home/vboxuser/ros2_ws/install/kr_msgs/lib/python3.8/site-packages:${PYTHONPATH} /usr/bin/cmake --install /home/vboxuser/ros2_ws/build/kr_example_cpp
[7.786s] Level 1:colcon.colcon_core.environment:create_environment_scripts_only(kr_example_cpp)
[7.787s] Level 1:colcon.colcon_core.environment:checking '/home/vboxuser/ros2_ws/install/kr_example_cpp' for CMake module files
[7.788s] DEBUG:colcon.colcon_core.event_handler.log_command:Invoked command in '/home/vboxuser/ros2_ws/build/kr_example_cpp' returned '0': AMENT_PREFIX_PATH=/home/vboxuser/ros2_ws/install/kr_msgs:${AMENT_PREFIX_PATH} CMAKE_PREFIX_PATH=/home/vboxuser/ros2_ws/install/kr_msgs:/opt/ros/foxy LD_LIBRARY_PATH=/home/vboxuser/ros2_ws/install/kr_msgs/lib:${LD_LIBRARY_PATH} PYTHONPATH=/home/vboxuser/ros2_ws/install/kr_msgs/lib/python3.8/site-packages:${PYTHONPATH} /usr/bin/cmake --install /home/vboxuser/ros2_ws/build/kr_example_cpp
[7.788s] Level 1:colcon.colcon_core.environment:checking '/home/vboxuser/ros2_ws/install/kr_example_cpp' for CMake config files
[7.790s] Level 1:colcon.colcon_core.shell:create_environment_hook('kr_example_cpp', 'cmake_prefix_path')
[7.790s] INFO:colcon.colcon_core.shell:Creating environment hook '/home/vboxuser/ros2_ws/install/kr_example_cpp/share/kr_example_cpp/hook/cmake_prefix_path.ps1'
[7.792s] INFO:colcon.colcon_core.shell:Creating environment descriptor '/home/vboxuser/ros2_ws/install/kr_example_cpp/share/kr_example_cpp/hook/cmake_prefix_path.dsv'
[7.792s] INFO:colcon.colcon_core.shell:Creating environment hook '/home/vboxuser/ros2_ws/install/kr_example_cpp/share/kr_example_cpp/hook/cmake_prefix_path.sh'
[7.793s] Level 1:colcon.colcon_core.environment:checking '/home/vboxuser/ros2_ws/install/kr_example_cpp/lib'
[7.793s] Level 1:colcon.colcon_core.environment:checking '/home/vboxuser/ros2_ws/install/kr_example_cpp/bin'
[7.793s] Level 1:colcon.colcon_core.environment:checking '/home/vboxuser/ros2_ws/install/kr_example_cpp/lib/pkgconfig/kr_example_cpp.pc'
[7.793s] Level 1:colcon.colcon_core.environment:checking '/home/vboxuser/ros2_ws/install/kr_example_cpp/lib/python3.8/site-packages'
[7.793s] Level 1:colcon.colcon_core.environment:checking '/home/vboxuser/ros2_ws/install/kr_example_cpp/bin'
[7.793s] INFO:colcon.colcon_core.shell:Creating package script '/home/vboxuser/ros2_ws/install/kr_example_cpp/share/kr_example_cpp/package.ps1'
[7.794s] INFO:colcon.colcon_core.shell:Creating package descriptor '/home/vboxuser/ros2_ws/install/kr_example_cpp/share/kr_example_cpp/package.dsv'
[7.795s] INFO:colcon.colcon_core.shell:Creating package script '/home/vboxuser/ros2_ws/install/kr_example_cpp/share/kr_example_cpp/package.sh'
[7.795s] INFO:colcon.colcon_core.shell:Creating package script '/home/vboxuser/ros2_ws/install/kr_example_cpp/share/kr_example_cpp/package.bash'
[7.796s] INFO:colcon.colcon_core.shell:Creating package script '/home/vboxuser/ros2_ws/install/kr_example_cpp/share/kr_example_cpp/package.zsh'
[7.796s] Level 1:colcon.colcon_core.environment:create_file_with_runtime_dependencies(/home/vboxuser/ros2_ws/install/kr_example_cpp/share/colcon-core/packages/kr_example_cpp)
[7.858s] Level 1:colcon.colcon_core.environment:create_environment_scripts_only(kr_example_cpp)
[7.859s] Level 1:colcon.colcon_core.environment:checking '/home/vboxuser/ros2_ws/install/kr_example_cpp' for CMake module files
[7.859s] Level 1:colcon.colcon_core.environment:checking '/home/vboxuser/ros2_ws/install/kr_example_cpp' for CMake config files
[7.860s] Level 1:colcon.colcon_core.shell:create_environment_hook('kr_example_cpp', 'cmake_prefix_path')
[7.860s] INFO:colcon.colcon_core.shell:Creating environment hook '/home/vboxuser/ros2_ws/install/kr_example_cpp/share/kr_example_cpp/hook/cmake_prefix_path.ps1'
[7.860s] INFO:colcon.colcon_core.shell:Creating environment descriptor '/home/vboxuser/ros2_ws/install/kr_example_cpp/share/kr_example_cpp/hook/cmake_prefix_path.dsv'
[7.861s] INFO:colcon.colcon_core.shell:Creating environment hook '/home/vboxuser/ros2_ws/install/kr_example_cpp/share/kr_example_cpp/hook/cmake_prefix_path.sh'
[7.862s] Level 1:colcon.colcon_core.environment:checking '/home/vboxuser/ros2_ws/install/kr_example_cpp/lib'
[7.862s] Level 1:colcon.colcon_core.environment:checking '/home/vboxuser/ros2_ws/install/kr_example_cpp/bin'
[7.862s] Level 1:colcon.colcon_core.environment:checking '/home/vboxuser/ros2_ws/install/kr_example_cpp/lib/pkgconfig/kr_example_cpp.pc'
[7.862s] Level 1:colcon.colcon_core.environment:checking '/home/vboxuser/ros2_ws/install/kr_example_cpp/lib/python3.8/site-packages'
[7.862s] Level 1:colcon.colcon_core.environment:checking '/home/vboxuser/ros2_ws/install/kr_example_cpp/bin'
[7.862s] INFO:colcon.colcon_core.shell:Creating package script '/home/vboxuser/ros2_ws/install/kr_example_cpp/share/kr_example_cpp/package.ps1'
[7.863s] INFO:colcon.colcon_core.shell:Creating package descriptor '/home/vboxuser/ros2_ws/install/kr_example_cpp/share/kr_example_cpp/package.dsv'
[7.863s] INFO:colcon.colcon_core.shell:Creating package script '/home/vboxuser/ros2_ws/install/kr_example_cpp/share/kr_example_cpp/package.sh'
[7.864s] INFO:colcon.colcon_core.shell:Creating package script '/home/vboxuser/ros2_ws/install/kr_example_cpp/share/kr_example_cpp/package.bash'
[7.864s] INFO:colcon.colcon_core.shell:Creating package script '/home/vboxuser/ros2_ws/install/kr_example_cpp/share/kr_example_cpp/package.zsh'
[7.865s] Level 1:colcon.colcon_core.environment:create_file_with_runtime_dependencies(/home/vboxuser/ros2_ws/install/kr_example_cpp/share/colcon-core/packages/kr_example_cpp)
[8.137s] DEBUG:colcon.colcon_core.event_handler.log_command:Invoking command in '/home/vboxuser/ros2_ws/src/orange-ros2/kr_example/python': AMENT_PREFIX_PATH=/home/vboxuser/ros2_ws/install/kr_msgs:${AMENT_PREFIX_PATH} CMAKE_PREFIX_PATH=/home/vboxuser/ros2_ws/install/kr_msgs LD_LIBRARY_PATH=/home/vboxuser/ros2_ws/install/kr_msgs/lib:${LD_LIBRARY_PATH} PYTHONPATH=/home/vboxuser/ros2_ws/build/kr_example_python/prefix_override:/usr/lib/python3/dist-packages/colcon_core/task/python/colcon_distutils_commands:/home/vboxuser/ros2_ws/install/kr_example_python/lib/python3.8/site-packages:/home/vboxuser/ros2_ws/install/kr_msgs/lib/python3.8/site-packages:${PYTHONPATH} /usr/bin/python3 -W ignore:setup.py install is deprecated setup.py egg_info --egg-base ../../../../build/kr_example_python build --build-base /home/vboxuser/ros2_ws/build/kr_example_python/build install --record /home/vboxuser/ros2_ws/build/kr_example_python/install.log --install-scripts $base/lib/kr_example_python --single-version-externally-managed install_data
[8.431s] Level 1:colcon.colcon_core.environment:checking '/home/vboxuser/ros2_ws/install/kr_example_python' for CMake module files
[8.432s] DEBUG:colcon.colcon_core.event_handler.log_command:Invoked command in '/home/vboxuser/ros2_ws/src/orange-ros2/kr_example/python' returned '0': AMENT_PREFIX_PATH=/home/vboxuser/ros2_ws/install/kr_msgs:${AMENT_PREFIX_PATH} CMAKE_PREFIX_PATH=/home/vboxuser/ros2_ws/install/kr_msgs LD_LIBRARY_PATH=/home/vboxuser/ros2_ws/install/kr_msgs/lib:${LD_LIBRARY_PATH} PYTHONPATH=/home/vboxuser/ros2_ws/build/kr_example_python/prefix_override:/usr/lib/python3/dist-packages/colcon_core/task/python/colcon_distutils_commands:/home/vboxuser/ros2_ws/install/kr_example_python/lib/python3.8/site-packages:/home/vboxuser/ros2_ws/install/kr_msgs/lib/python3.8/site-packages:${PYTHONPATH} /usr/bin/python3 -W ignore:setup.py install is deprecated setup.py egg_info --egg-base ../../../../build/kr_example_python build --build-base /home/vboxuser/ros2_ws/build/kr_example_python/build install --record /home/vboxuser/ros2_ws/build/kr_example_python/install.log --install-scripts $base/lib/kr_example_python --single-version-externally-managed install_data
[8.433s] Level 1:colcon.colcon_core.environment:checking '/home/vboxuser/ros2_ws/install/kr_example_python' for CMake config files
[8.435s] Level 1:colcon.colcon_core.environment:checking '/home/vboxuser/ros2_ws/install/kr_example_python/lib'
[8.435s] Level 1:colcon.colcon_core.environment:checking '/home/vboxuser/ros2_ws/install/kr_example_python/bin'
[8.435s] Level 1:colcon.colcon_core.environment:checking '/home/vboxuser/ros2_ws/install/kr_example_python/lib/pkgconfig/kr_example_python.pc'
[8.435s] Level 1:colcon.colcon_core.environment:checking '/home/vboxuser/ros2_ws/install/kr_example_python/lib/python3.8/site-packages'
[8.435s] Level 1:colcon.colcon_core.shell:create_environment_hook('kr_example_python', 'pythonpath')
[8.436s] INFO:colcon.colcon_core.shell:Creating environment hook '/home/vboxuser/ros2_ws/install/kr_example_python/share/kr_example_python/hook/pythonpath.ps1'
[8.436s] INFO:colcon.colcon_core.shell:Creating environment descriptor '/home/vboxuser/ros2_ws/install/kr_example_python/share/kr_example_python/hook/pythonpath.dsv'
[8.437s] INFO:colcon.colcon_core.shell:Creating environment hook '/home/vboxuser/ros2_ws/install/kr_example_python/share/kr_example_python/hook/pythonpath.sh'
[8.437s] Level 1:colcon.colcon_core.environment:checking '/home/vboxuser/ros2_ws/install/kr_example_python/bin'
[8.437s] Level 1:colcon.colcon_core.environment:create_environment_scripts_only(kr_example_python)
[8.438s] INFO:colcon.colcon_core.shell:Creating package script '/home/vboxuser/ros2_ws/install/kr_example_python/share/kr_example_python/package.ps1'
[8.438s] INFO:colcon.colcon_core.shell:Creating package descriptor '/home/vboxuser/ros2_ws/install/kr_example_python/share/kr_example_python/package.dsv'
[8.439s] INFO:colcon.colcon_core.shell:Creating package script '/home/vboxuser/ros2_ws/install/kr_example_python/share/kr_example_python/package.sh'
[8.439s] INFO:colcon.colcon_core.shell:Creating package script '/home/vboxuser/ros2_ws/install/kr_example_python/share/kr_example_python/package.bash'
[8.439s] INFO:colcon.colcon_core.shell:Creating package script '/home/vboxuser/ros2_ws/install/kr_example_python/share/kr_example_python/package.zsh'
[8.440s] Level 1:colcon.colcon_core.environment:create_file_with_runtime_dependencies(/home/vboxuser/ros2_ws/install/kr_example_python/share/colcon-core/packages/kr_example_python)
[8.440s] DEBUG:colcon.colcon_parallel_executor.executor.parallel:closing loop
[8.441s] DEBUG:colcon.colcon_parallel_executor.executor.parallel:loop closed
[8.441s] DEBUG:colcon.colcon_parallel_executor.executor.parallel:run_until_complete finished with '0'
[8.441s] DEBUG:colcon.colcon_core.event_reactor:joining thread
[8.452s] INFO:colcon.colcon_core.plugin_system:Skipping extension 'colcon_notification.desktop_notification.terminal_notifier': Not used on non-Darwin systems
[8.452s] INFO:colcon.colcon_core.plugin_system:Skipping extension 'colcon_notification.desktop_notification.win32': Not used on non-Windows systems
[8.452s] INFO:colcon.colcon_notification.desktop_notification:Sending desktop notification using 'notify2'
[8.478s] DEBUG:colcon.colcon_core.event_reactor:joined thread
[8.478s] INFO:colcon.colcon_core.shell:Creating prefix script '/home/vboxuser/ros2_ws/install/local_setup.ps1'
[8.480s] INFO:colcon.colcon_core.shell:Creating prefix util module '/home/vboxuser/ros2_ws/install/_local_setup_util_ps1.py'
[8.482s] INFO:colcon.colcon_core.shell:Creating prefix chain script '/home/vboxuser/ros2_ws/install/setup.ps1'
[8.483s] INFO:colcon.colcon_core.shell:Creating prefix script '/home/vboxuser/ros2_ws/install/local_setup.sh'
[8.485s] INFO:colcon.colcon_core.shell:Creating prefix util module '/home/vboxuser/ros2_ws/install/_local_setup_util_sh.py'
[8.485s] INFO:colcon.colcon_core.shell:Creating prefix chain script '/home/vboxuser/ros2_ws/install/setup.sh'
[8.491s] INFO:colcon.colcon_core.shell:Creating prefix script '/home/vboxuser/ros2_ws/install/local_setup.bash'
[8.492s] INFO:colcon.colcon_core.shell:Creating prefix chain script '/home/vboxuser/ros2_ws/install/setup.bash'
[8.494s] INFO:colcon.colcon_core.shell:Creating prefix script '/home/vboxuser/ros2_ws/install/local_setup.zsh'
[8.495s] INFO:colcon.colcon_core.shell:Creating prefix chain script '/home/vboxuser/ros2_ws/install/setup.zsh'
