[0.018s] Invoking command in '/home/mo/Thesis/build/kdl_parser': CMAKE_PREFIX_PATH=${CMAKE_PREFIX_PATH}:/home/mo/Thesis/install/vision:/home/mo/Thesis/install/vcnanoz:/home/mo/Thesis/install/sensopart_visor:/home/mo/Thesis/install/robot_control:/home/mo/Thesis/install/kr_example_python:/home/mo/Thesis/install/action_servers:/opt/ros/foxy /usr/bin/cmake --build /home/mo/Thesis/build/kdl_parser -- -j16 -l16
[0.048s] -- Found ament_cmake_ros: 0.9.2 (/opt/ros/foxy/share/ament_cmake_ros/cmake)
[0.076s] -- Using PYTHON_EXECUTABLE: /usr/bin/python3
[0.280s] -- Found eigen3_cmake_module: 0.1.1 (/opt/ros/foxy/share/eigen3_cmake_module/cmake)
[0.282s] -- Found tinyxml_vendor: 0.8.2 (/opt/ros/foxy/share/tinyxml_vendor/cmake)
[0.296s] -- Found urdf: 2.4.0 (/opt/ros/foxy/share/urdf/cmake)
[0.303s] -- Found ament_lint_auto: 0.9.8 (/opt/ros/foxy/share/ament_lint_auto/cmake)
[0.390s] -- Added test 'cppcheck' to perform static code analysis on C / C++ code
[0.390s] -- Configured cppcheck include dirs: $<BUILD_INTERFACE:/home/mo/Thesis/src/kdl_parser/kdl_parser/include>
[0.390s] -- Configured cppcheck exclude dirs and/or files: 
[0.391s] -- Added test 'cpplint' to check C / C++ code against the Google style
[0.391s] -- Configured cpplint exclude dirs and/or files: 
[0.392s] -- Added test 'lint_cmake' to check CMake code style
[0.393s] -- Added test 'uncrustify' to check C / C++ code style
[0.393s] -- Configured uncrustify additional arguments: 
[0.394s] -- Added test 'xmllint' to check XML markup files
[0.396s] -- Configuring done
[0.401s] -- Generating done
[0.402s] -- Build files have been written to: /home/mo/Thesis/build/kdl_parser
[0.437s] [35m[1mScanning dependencies of target kdl_parser[0m
[0.457s] [ 50%] [32mBuilding CXX object CMakeFiles/kdl_parser.dir/src/kdl_parser.cpp.o[0m
[1.427s] [100%] [32m[1mLinking CXX shared library libkdl_parser.so[0m
[1.508s] [100%] Built target kdl_parser
[1.527s] Invoked command in '/home/mo/Thesis/build/kdl_parser' returned '0': CMAKE_PREFIX_PATH=${CMAKE_PREFIX_PATH}:/home/mo/Thesis/install/vision:/home/mo/Thesis/install/vcnanoz:/home/mo/Thesis/install/sensopart_visor:/home/mo/Thesis/install/robot_control:/home/mo/Thesis/install/kr_example_python:/home/mo/Thesis/install/action_servers:/opt/ros/foxy /usr/bin/cmake --build /home/mo/Thesis/build/kdl_parser -- -j16 -l16
[1.546s] Invoking command in '/home/mo/Thesis/build/kdl_parser': CMAKE_PREFIX_PATH=${CMAKE_PREFIX_PATH}:/home/mo/Thesis/install/vision:/home/mo/Thesis/install/vcnanoz:/home/mo/Thesis/install/sensopart_visor:/home/mo/Thesis/install/robot_control:/home/mo/Thesis/install/kr_example_python:/home/mo/Thesis/install/action_servers:/opt/ros/foxy /usr/bin/cmake --install /home/mo/Thesis/build/kdl_parser
[1.554s] -- Install configuration: ""
[1.554s] -- Installing: /home/mo/Thesis/install/kdl_parser/lib/libkdl_parser.so
[1.554s] -- Set runtime path of "/home/mo/Thesis/install/kdl_parser/lib/libkdl_parser.so" to ""
[1.554s] -- Up-to-date: /home/mo/Thesis/install/kdl_parser/include/kdl_parser
[1.555s] -- Installing: /home/mo/Thesis/install/kdl_parser/include/kdl_parser/kdl_parser.hpp
[1.555s] -- Installing: /home/mo/Thesis/install/kdl_parser/include/kdl_parser/visibility_control.hpp
[1.555s] -- Up-to-date: /home/mo/Thesis/install/kdl_parser/share/kdl_parser/environment/library_path.sh
[1.555s] -- Installing: /home/mo/Thesis/install/kdl_parser/share/kdl_parser/environment/library_path.dsv
[1.555s] -- Up-to-date: /home/mo/Thesis/install/kdl_parser/share/ament_index/resource_index/package_run_dependencies/kdl_parser
[1.555s] -- Installing: /home/mo/Thesis/install/kdl_parser/share/ament_index/resource_index/parent_prefix_path/kdl_parser
[1.555s] -- Up-to-date: /home/mo/Thesis/install/kdl_parser/share/kdl_parser/environment/ament_prefix_path.sh
[1.555s] -- Installing: /home/mo/Thesis/install/kdl_parser/share/kdl_parser/environment/ament_prefix_path.dsv
[1.555s] -- Up-to-date: /home/mo/Thesis/install/kdl_parser/share/kdl_parser/environment/path.sh
[1.556s] -- Installing: /home/mo/Thesis/install/kdl_parser/share/kdl_parser/environment/path.dsv
[1.556s] -- Up-to-date: /home/mo/Thesis/install/kdl_parser/share/kdl_parser/local_setup.bash
[1.556s] -- Up-to-date: /home/mo/Thesis/install/kdl_parser/share/kdl_parser/local_setup.sh
[1.556s] -- Up-to-date: /home/mo/Thesis/install/kdl_parser/share/kdl_parser/local_setup.zsh
[1.556s] -- Installing: /home/mo/Thesis/install/kdl_parser/share/kdl_parser/local_setup.dsv
[1.556s] -- Installing: /home/mo/Thesis/install/kdl_parser/share/kdl_parser/package.dsv
[1.556s] -- Up-to-date: /home/mo/Thesis/install/kdl_parser/share/ament_index/resource_index/packages/kdl_parser
[1.556s] -- Up-to-date: /home/mo/Thesis/install/kdl_parser/share/kdl_parser/cmake/kdl_parserExport.cmake
[1.556s] -- Installing: /home/mo/Thesis/install/kdl_parser/share/kdl_parser/cmake/kdl_parserExport-noconfig.cmake
[1.556s] -- Up-to-date: /home/mo/Thesis/install/kdl_parser/share/kdl_parser/cmake/ament_cmake_export_dependencies-extras.cmake
[1.557s] -- Up-to-date: /home/mo/Thesis/install/kdl_parser/share/kdl_parser/cmake/ament_cmake_export_include_directories-extras.cmake
[1.557s] -- Up-to-date: /home/mo/Thesis/install/kdl_parser/share/kdl_parser/cmake/ament_cmake_export_libraries-extras.cmake
[1.557s] -- Up-to-date: /home/mo/Thesis/install/kdl_parser/share/kdl_parser/cmake/ament_cmake_export_targets-extras.cmake
[1.557s] -- Up-to-date: /home/mo/Thesis/install/kdl_parser/share/kdl_parser/cmake/kdl_parserConfig.cmake
[1.557s] -- Up-to-date: /home/mo/Thesis/install/kdl_parser/share/kdl_parser/cmake/kdl_parserConfig-version.cmake
[1.557s] -- Installing: /home/mo/Thesis/install/kdl_parser/share/kdl_parser/package.xml
[1.559s] Invoked command in '/home/mo/Thesis/build/kdl_parser' returned '0': CMAKE_PREFIX_PATH=${CMAKE_PREFIX_PATH}:/home/mo/Thesis/install/vision:/home/mo/Thesis/install/vcnanoz:/home/mo/Thesis/install/sensopart_visor:/home/mo/Thesis/install/robot_control:/home/mo/Thesis/install/kr_example_python:/home/mo/Thesis/install/action_servers:/opt/ros/foxy /usr/bin/cmake --install /home/mo/Thesis/build/kdl_parser
