[1.423s] Invoking command in '/home/vboxuser/ros2_ws/src/robot_control': PYTHONPATH=/home/vboxuser/ros2_ws/build/robot_control/prefix_override:/usr/lib/python3/dist-packages/colcon_core/task/python/colcon_distutils_commands:/home/vboxuser/ros2_ws/install/robot_control/lib/python3.8/site-packages:${PYTHONPATH} /usr/bin/python3 -W ignore:setup.py install is deprecated setup.py egg_info --egg-base ../../build/robot_control build --build-base /home/vboxuser/ros2_ws/build/robot_control/build install --record /home/vboxuser/ros2_ws/build/robot_control/install.log --install-scripts $base/lib/robot_control --single-version-externally-managed install_data
[1.672s] running egg_info
[1.672s] writing ../../build/robot_control/robot_control.egg-info/PKG-INFO
[1.672s] writing dependency_links to ../../build/robot_control/robot_control.egg-info/dependency_links.txt
[1.672s] writing entry points to ../../build/robot_control/robot_control.egg-info/entry_points.txt
[1.672s] writing requirements to ../../build/robot_control/robot_control.egg-info/requires.txt
[1.672s] writing top-level names to ../../build/robot_control/robot_control.egg-info/top_level.txt
[1.705s] reading manifest file '../../build/robot_control/robot_control.egg-info/SOURCES.txt'
[1.707s] writing manifest file '../../build/robot_control/robot_control.egg-info/SOURCES.txt'
[1.707s] running build
[1.708s] running build_py
[1.709s] running install
[1.710s] running install_lib
[1.712s] running install_data
[1.713s] running install_egg_info
[1.715s] removing '/home/vboxuser/ros2_ws/install/robot_control/lib/python3.8/site-packages/robot_control-0.0.0-py3.8.egg-info' (and everything under it)
[1.716s] Copying ../../build/robot_control/robot_control.egg-info to /home/vboxuser/ros2_ws/install/robot_control/lib/python3.8/site-packages/robot_control-0.0.0-py3.8.egg-info
[1.717s] running install_scripts
[1.762s] Installing hello_node script to /home/vboxuser/ros2_ws/install/robot_control/lib/robot_control
[1.762s] Installing move_lin_by_key script to /home/vboxuser/ros2_ws/install/robot_control/lib/robot_control
[1.766s] Installing print_frames script to /home/vboxuser/ros2_ws/install/robot_control/lib/robot_control
[1.766s] Installing print_tcp_pose script to /home/vboxuser/ros2_ws/install/robot_control/lib/robot_control
[1.766s] Installing read_transformation_delta = robot_control.read_transformation_delta:mainfibonacci_action_server script to /home/vboxuser/ros2_ws/install/robot_control/lib/robot_control
[1.767s] Installing read_transformation_snapshot script to /home/vboxuser/ros2_ws/install/robot_control/lib/robot_control
[1.767s] Installing set_frame_client script to /home/vboxuser/ros2_ws/install/robot_control/lib/robot_control
[1.768s] Installing transformation_delta script to /home/vboxuser/ros2_ws/install/robot_control/lib/robot_control
[1.773s] Installing transformation_snapshot script to /home/vboxuser/ros2_ws/install/robot_control/lib/robot_control
[1.773s] writing list of installed files to '/home/vboxuser/ros2_ws/build/robot_control/install.log'
[1.814s] Invoked command in '/home/vboxuser/ros2_ws/src/robot_control' returned '0': PYTHONPATH=/home/vboxuser/ros2_ws/build/robot_control/prefix_override:/usr/lib/python3/dist-packages/colcon_core/task/python/colcon_distutils_commands:/home/vboxuser/ros2_ws/install/robot_control/lib/python3.8/site-packages:${PYTHONPATH} /usr/bin/python3 -W ignore:setup.py install is deprecated setup.py egg_info --egg-base ../../build/robot_control build --build-base /home/vboxuser/ros2_ws/build/robot_control/build install --record /home/vboxuser/ros2_ws/build/robot_control/install.log --install-scripts $base/lib/robot_control --single-version-externally-managed install_data
