[1.336s] Invoking command in '/home/mo/Thesis/src/action_servers': CMAKE_PREFIX_PATH=/home/mo/Thesis/install/action_interfaces:/home/mo/Thesis/install/kr_example_cpp:/home/mo/Thesis/install/kr_msgs LD_LIBRARY_PATH=/home/mo/Thesis/install/action_interfaces/lib:/home/mo/Thesis/install/kr_msgs/lib:/opt/ros/foxy/opt/yaml_cpp_vendor/lib:/opt/ros/foxy/opt/rviz_ogre_vendor/lib:/opt/ros/foxy/lib/x86_64-linux-gnu:/opt/ros/foxy/lib PYTHONPATH=/home/mo/Thesis/build/action_servers/prefix_override:/usr/lib/python3/dist-packages/colcon_core/task/python/colcon_distutils_commands:/home/mo/Thesis/install/action_servers/lib/python3.8/site-packages:/home/mo/Thesis/install/action_interfaces/lib/python3.8/site-packages:/home/mo/Thesis/install/vision/lib/python3.8/site-packages:/home/mo/Thesis/install/vcnanoz/lib/python3.8/site-packages:/home/mo/Thesis/install/sensopart_visor/lib/python3.8/site-packages:/home/mo/Thesis/install/robot_control/lib/python3.8/site-packages:/home/mo/Thesis/install/kr_example_python/lib/python3.8/site-packages:/home/mo/Thesis/install/kr_msgs/lib/python3.8/site-packages:/home/mo/Thesis/install/bt_pkg/lib/python3.8/site-packages:/home/mo/Thesis/install/action_servers/lib/python3.8/site-packages:/opt/ros/foxy/lib/python3.8/site-packages /usr/bin/python3 -W ignore:setup.py install is deprecated -W ignore:easy_install command is deprecated setup.py egg_info --egg-base ../../build/action_servers build --build-base /home/mo/Thesis/build/action_servers/build install --record /home/mo/Thesis/build/action_servers/install.log --install-scripts $base/lib/action_servers --single-version-externally-managed install_data
[1.579s] running egg_info
[1.579s] writing ../../build/action_servers/action_servers.egg-info/PKG-INFO
[1.580s] writing dependency_links to ../../build/action_servers/action_servers.egg-info/dependency_links.txt
[1.580s] writing entry points to ../../build/action_servers/action_servers.egg-info/entry_points.txt
[1.580s] writing requirements to ../../build/action_servers/action_servers.egg-info/requires.txt
[1.580s] writing top-level names to ../../build/action_servers/action_servers.egg-info/top_level.txt
[1.607s] reading manifest file '../../build/action_servers/action_servers.egg-info/SOURCES.txt'
[1.608s] writing manifest file '../../build/action_servers/action_servers.egg-info/SOURCES.txt'
[1.608s] running build
[1.608s] running build_py
[1.609s] running install
[1.609s] running install_lib
[1.611s] running install_data
[1.611s] running install_egg_info
[1.612s] removing '/home/mo/Thesis/install/action_servers/lib/python3.8/site-packages/action_servers-0.0.0-py3.8.egg-info' (and everything under it)
[1.612s] Copying ../../build/action_servers/action_servers.egg-info to /home/mo/Thesis/install/action_servers/lib/python3.8/site-packages/action_servers-0.0.0-py3.8.egg-info
[1.615s] running install_scripts
[1.627s] Installing MoveTcpAlongAxis_action_server script to /home/mo/Thesis/install/action_servers/lib/action_servers
[1.627s] Installing fibonacci_action_server script to /home/mo/Thesis/install/action_servers/lib/action_servers
[1.627s] writing list of installed files to '/home/mo/Thesis/build/action_servers/install.log'
[1.649s] Invoked command in '/home/mo/Thesis/src/action_servers' returned '0': CMAKE_PREFIX_PATH=/home/mo/Thesis/install/action_interfaces:/home/mo/Thesis/install/kr_example_cpp:/home/mo/Thesis/install/kr_msgs LD_LIBRARY_PATH=/home/mo/Thesis/install/action_interfaces/lib:/home/mo/Thesis/install/kr_msgs/lib:/opt/ros/foxy/opt/yaml_cpp_vendor/lib:/opt/ros/foxy/opt/rviz_ogre_vendor/lib:/opt/ros/foxy/lib/x86_64-linux-gnu:/opt/ros/foxy/lib PYTHONPATH=/home/mo/Thesis/build/action_servers/prefix_override:/usr/lib/python3/dist-packages/colcon_core/task/python/colcon_distutils_commands:/home/mo/Thesis/install/action_servers/lib/python3.8/site-packages:/home/mo/Thesis/install/action_interfaces/lib/python3.8/site-packages:/home/mo/Thesis/install/vision/lib/python3.8/site-packages:/home/mo/Thesis/install/vcnanoz/lib/python3.8/site-packages:/home/mo/Thesis/install/sensopart_visor/lib/python3.8/site-packages:/home/mo/Thesis/install/robot_control/lib/python3.8/site-packages:/home/mo/Thesis/install/kr_example_python/lib/python3.8/site-packages:/home/mo/Thesis/install/kr_msgs/lib/python3.8/site-packages:/home/mo/Thesis/install/bt_pkg/lib/python3.8/site-packages:/home/mo/Thesis/install/action_servers/lib/python3.8/site-packages:/opt/ros/foxy/lib/python3.8/site-packages /usr/bin/python3 -W ignore:setup.py install is deprecated -W ignore:easy_install command is deprecated setup.py egg_info --egg-base ../../build/action_servers build --build-base /home/mo/Thesis/build/action_servers/build install --record /home/mo/Thesis/build/action_servers/install.log --install-scripts $base/lib/action_servers --single-version-externally-managed install_data
