[0.059s] Invoking command in '/home/mo/Thesis/build/kdl_parser': CMAKE_PREFIX_PATH=${CMAKE_PREFIX_PATH}:/home/mo/Thesis/install/vision:/home/mo/Thesis/install/vcnanoz:/home/mo/Thesis/install/sensopart_visor:/home/mo/Thesis/install/robot_control:/home/mo/Thesis/install/kr_example_python:/home/mo/Thesis/install/action_servers:/opt/ros/foxy /usr/bin/cmake --build /home/mo/Thesis/build/kdl_parser -- -j16 -l16
[0.923s] [100%] Built target kdl_parser
[0.942s] Invoked command in '/home/mo/Thesis/build/kdl_parser' returned '0': CMAKE_PREFIX_PATH=${CMAKE_PREFIX_PATH}:/home/mo/Thesis/install/vision:/home/mo/Thesis/install/vcnanoz:/home/mo/Thesis/install/sensopart_visor:/home/mo/Thesis/install/robot_control:/home/mo/Thesis/install/kr_example_python:/home/mo/Thesis/install/action_servers:/opt/ros/foxy /usr/bin/cmake --build /home/mo/Thesis/build/kdl_parser -- -j16 -l16
[0.945s] Invoking command in '/home/mo/Thesis/build/kdl_parser': CMAKE_PREFIX_PATH=${CMAKE_PREFIX_PATH}:/home/mo/Thesis/install/vision:/home/mo/Thesis/install/vcnanoz:/home/mo/Thesis/install/sensopart_visor:/home/mo/Thesis/install/robot_control:/home/mo/Thesis/install/kr_example_python:/home/mo/Thesis/install/action_servers:/opt/ros/foxy /usr/bin/cmake --install /home/mo/Thesis/build/kdl_parser
[0.978s] -- Install configuration: ""
[1.010s] -- Up-to-date: /home/mo/Thesis/install/kdl_parser/lib/libkdl_parser.so
[1.011s] -- Up-to-date: /home/mo/Thesis/install/kdl_parser/include/kdl_parser
[1.012s] -- Up-to-date: /home/mo/Thesis/install/kdl_parser/include/kdl_parser/kdl_parser.hpp
[1.012s] -- Up-to-date: /home/mo/Thesis/install/kdl_parser/include/kdl_parser/visibility_control.hpp
[1.012s] -- Up-to-date: /home/mo/Thesis/install/kdl_parser/share/kdl_parser/environment/library_path.sh
[1.012s] -- Up-to-date: /home/mo/Thesis/install/kdl_parser/share/kdl_parser/environment/library_path.dsv
[1.017s] -- Up-to-date: /home/mo/Thesis/install/kdl_parser/share/ament_index/resource_index/package_run_dependencies/kdl_parser
[1.018s] -- Up-to-date: /home/mo/Thesis/install/kdl_parser/share/ament_index/resource_index/parent_prefix_path/kdl_parser
[1.018s] -- Up-to-date: /home/mo/Thesis/install/kdl_parser/share/kdl_parser/environment/ament_prefix_path.sh
[1.021s] -- Up-to-date: /home/mo/Thesis/install/kdl_parser/share/kdl_parser/environment/ament_prefix_path.dsv
[1.021s] -- Up-to-date: /home/mo/Thesis/install/kdl_parser/share/kdl_parser/environment/path.sh
[1.021s] -- Up-to-date: /home/mo/Thesis/install/kdl_parser/share/kdl_parser/environment/path.dsv
[1.021s] -- Up-to-date: /home/mo/Thesis/install/kdl_parser/share/kdl_parser/local_setup.bash
[1.022s] -- Up-to-date: /home/mo/Thesis/install/kdl_parser/share/kdl_parser/local_setup.sh
[1.022s] -- Up-to-date: /home/mo/Thesis/install/kdl_parser/share/kdl_parser/local_setup.zsh
[1.022s] -- Up-to-date: /home/mo/Thesis/install/kdl_parser/share/kdl_parser/local_setup.dsv
[1.024s] -- Installing: /home/mo/Thesis/install/kdl_parser/share/kdl_parser/package.dsv
[1.028s] -- Up-to-date: /home/mo/Thesis/install/kdl_parser/share/ament_index/resource_index/packages/kdl_parser
[1.028s] -- Up-to-date: /home/mo/Thesis/install/kdl_parser/share/kdl_parser/cmake/kdl_parserExport.cmake
[1.029s] -- Up-to-date: /home/mo/Thesis/install/kdl_parser/share/kdl_parser/cmake/kdl_parserExport-noconfig.cmake
[1.029s] -- Up-to-date: /home/mo/Thesis/install/kdl_parser/share/kdl_parser/cmake/ament_cmake_export_dependencies-extras.cmake
[1.066s] -- Up-to-date: /home/mo/Thesis/install/kdl_parser/share/kdl_parser/cmake/ament_cmake_export_include_directories-extras.cmake
[1.066s] -- Up-to-date: /home/mo/Thesis/install/kdl_parser/share/kdl_parser/cmake/ament_cmake_export_libraries-extras.cmake
[1.066s] -- Up-to-date: /home/mo/Thesis/install/kdl_parser/share/kdl_parser/cmake/ament_cmake_export_targets-extras.cmake
[1.066s] -- Up-to-date: /home/mo/Thesis/install/kdl_parser/share/kdl_parser/cmake/kdl_parserConfig.cmake
[1.066s] -- Up-to-date: /home/mo/Thesis/install/kdl_parser/share/kdl_parser/cmake/kdl_parserConfig-version.cmake
[1.066s] -- Up-to-date: /home/mo/Thesis/install/kdl_parser/share/kdl_parser/package.xml
[1.137s] Invoked command in '/home/mo/Thesis/build/kdl_parser' returned '0': CMAKE_PREFIX_PATH=${CMAKE_PREFIX_PATH}:/home/mo/Thesis/install/vision:/home/mo/Thesis/install/vcnanoz:/home/mo/Thesis/install/sensopart_visor:/home/mo/Thesis/install/robot_control:/home/mo/Thesis/install/kr_example_python:/home/mo/Thesis/install/action_servers:/opt/ros/foxy /usr/bin/cmake --install /home/mo/Thesis/build/kdl_parser
