[1.474s] Invoking command in '/home/mo/Thesis/build/vision': PYTHONPATH=/home/mo/Thesis/build/vision/prefix_override:/usr/lib/python3/dist-packages/colcon_core/task/python/colcon_distutils_commands:/home/mo/Thesis/install/vision/lib/python3.8/site-packages:${PYTHONPATH} /usr/bin/python3 -W ignore:setup.py install is deprecated -W ignore:easy_install command is deprecated setup.py develop --editable --build-directory /home/mo/Thesis/build/vision/build --no-deps symlink_data --force
[1.838s] running develop
[2.111s] running egg_info
[2.132s] writing vision.egg-info/PKG-INFO
[2.134s] writing dependency_links to vision.egg-info/dependency_links.txt
[2.135s] writing entry points to vision.egg-info/entry_points.txt
[2.135s] writing requirements to vision.egg-info/requires.txt
[2.136s] writing top-level names to vision.egg-info/top_level.txt
[2.188s] reading manifest file 'vision.egg-info/SOURCES.txt'
[2.191s] writing manifest file 'vision.egg-info/SOURCES.txt'
[2.275s] running build_ext
[2.275s] Creating /home/mo/Thesis/install/vision/lib/python3.8/site-packages/vision.egg-link (link to .)
[2.276s] Installing calibration script to /home/mo/Thesis/install/vision/lib/vision
[2.276s] Installing hook_detector script to /home/mo/Thesis/install/vision/lib/vision
[2.276s] Installing image_filters script to /home/mo/Thesis/install/vision/lib/vision
[2.276s] Installing image_receiver script to /home/mo/Thesis/install/vision/lib/vision
[2.276s] Installing light_controller script to /home/mo/Thesis/install/vision/lib/vision
[2.277s] Installing maskrcnn_inference script to /home/mo/Thesis/install/vision/lib/vision
[2.277s] Installing nn_output_processor script to /home/mo/Thesis/install/vision/lib/vision
[2.277s] Installing point_finder_2d script to /home/mo/Thesis/install/vision/lib/vision
[2.277s] Installing point_finder_3d script to /home/mo/Thesis/install/vision/lib/vision
[2.277s] Installing stereo_triangulation script to /home/mo/Thesis/install/vision/lib/vision
[2.277s] Installing stereo_triangulation_with_robot script to /home/mo/Thesis/install/vision/lib/vision
[2.277s] Installing test_node script to /home/mo/Thesis/install/vision/lib/vision
[2.278s] Installing yolov8_dualcam_inference script to /home/mo/Thesis/install/vision/lib/vision
[2.278s] Installing yolov8_inference script to /home/mo/Thesis/install/vision/lib/vision
[2.278s] 
[2.278s] Installed /home/mo/Thesis/build/vision
[2.278s] running symlink_data
[2.278s] symbolically linking /home/mo/Thesis/build/vision/resource/vision -> /home/mo/Thesis/install/vision/share/ament_index/resource_index/packages
[2.279s] symbolically linking /home/mo/Thesis/build/vision/package.xml -> /home/mo/Thesis/install/vision/share/vision
[2.470s] Invoked command in '/home/mo/Thesis/build/vision' returned '0': PYTHONPATH=/home/mo/Thesis/build/vision/prefix_override:/usr/lib/python3/dist-packages/colcon_core/task/python/colcon_distutils_commands:/home/mo/Thesis/install/vision/lib/python3.8/site-packages:${PYTHONPATH} /usr/bin/python3 -W ignore:setup.py install is deprecated -W ignore:easy_install command is deprecated setup.py develop --editable --build-directory /home/mo/Thesis/build/vision/build --no-deps symlink_data --force
