[2.238s] Invoking command in '/home/mo/Thesis/src/vcnanoz': PYTHONPATH=/home/mo/Thesis/build/vcnanoz/prefix_override:/usr/lib/python3/dist-packages/colcon_core/task/python/colcon_distutils_commands:/home/mo/Thesis/install/vcnanoz/lib/python3.8/site-packages:${PYTHONPATH} /usr/bin/python3 -W ignore:setup.py install is deprecated -W ignore:easy_install command is deprecated setup.py egg_info --egg-base ../../build/vcnanoz build --build-base /home/mo/Thesis/build/vcnanoz/build install --record /home/mo/Thesis/build/vcnanoz/install.log --install-scripts $base/lib/vcnanoz --single-version-externally-managed install_data
[2.604s] running egg_info
[2.609s] writing ../../build/vcnanoz/vcnanoz.egg-info/PKG-INFO
[2.609s] writing dependency_links to ../../build/vcnanoz/vcnanoz.egg-info/dependency_links.txt
[2.609s] writing entry points to ../../build/vcnanoz/vcnanoz.egg-info/entry_points.txt
[2.610s] writing requirements to ../../build/vcnanoz/vcnanoz.egg-info/requires.txt
[2.610s] writing top-level names to ../../build/vcnanoz/vcnanoz.egg-info/top_level.txt
[2.610s] reading manifest file '../../build/vcnanoz/vcnanoz.egg-info/SOURCES.txt'
[2.610s] writing manifest file '../../build/vcnanoz/vcnanoz.egg-info/SOURCES.txt'
[2.611s] running build
[2.611s] running build_py
[2.612s] copying vcnanoz/vc_startup.py -> /home/mo/Thesis/build/vcnanoz/build/lib/vcnanoz
[2.614s] running install
[2.614s] running install_lib
[2.614s] copying /home/mo/Thesis/build/vcnanoz/build/lib/vcnanoz/vc_startup.py -> /home/mo/Thesis/install/vcnanoz/lib/python3.8/site-packages/vcnanoz
[2.615s] byte-compiling /home/mo/Thesis/install/vcnanoz/lib/python3.8/site-packages/vcnanoz/vc_startup.py to vc_startup.cpython-38.pyc
[2.615s] running install_data
[2.619s] running install_egg_info
[2.619s] removing '/home/mo/Thesis/install/vcnanoz/lib/python3.8/site-packages/vcnanoz-0.0.0-py3.8.egg-info' (and everything under it)
[2.620s] Copying ../../build/vcnanoz/vcnanoz.egg-info to /home/mo/Thesis/install/vcnanoz/lib/python3.8/site-packages/vcnanoz-0.0.0-py3.8.egg-info
[2.632s] running install_scripts
[2.635s] Installing srvClient_vc_startup script to /home/mo/Thesis/install/vcnanoz/lib/vcnanoz
[2.635s] Installing srvServer_vc_startup script to /home/mo/Thesis/install/vcnanoz/lib/vcnanoz
[2.636s] Installing vc_img_receiver script to /home/mo/Thesis/install/vcnanoz/lib/vcnanoz
[2.636s] Installing vc_shutdown script to /home/mo/Thesis/install/vcnanoz/lib/vcnanoz
[2.636s] Installing vc_startup script to /home/mo/Thesis/install/vcnanoz/lib/vcnanoz
[2.636s] writing list of installed files to '/home/mo/Thesis/build/vcnanoz/install.log'
[2.678s] Invoked command in '/home/mo/Thesis/src/vcnanoz' returned '0': PYTHONPATH=/home/mo/Thesis/build/vcnanoz/prefix_override:/usr/lib/python3/dist-packages/colcon_core/task/python/colcon_distutils_commands:/home/mo/Thesis/install/vcnanoz/lib/python3.8/site-packages:${PYTHONPATH} /usr/bin/python3 -W ignore:setup.py install is deprecated -W ignore:easy_install command is deprecated setup.py egg_info --egg-base ../../build/vcnanoz build --build-base /home/mo/Thesis/build/vcnanoz/build install --record /home/mo/Thesis/build/vcnanoz/install.log --install-scripts $base/lib/vcnanoz --single-version-externally-managed install_data
