[2.582s] Invoking command in '/home/vboxuser/ros2_ws/src/bt_pkg': PYTHONPATH=/home/vboxuser/ros2_ws/build/bt_pkg/prefix_override:/usr/lib/python3/dist-packages/colcon_core/task/python/colcon_distutils_commands:/home/vboxuser/ros2_ws/install/bt_pkg/lib/python3.8/site-packages:${PYTHONPATH} /usr/bin/python3 -W ignore:setup.py install is deprecated -W ignore:easy_install command is deprecated setup.py egg_info --egg-base ../../build/bt_pkg build --build-base /home/vboxuser/ros2_ws/build/bt_pkg/build install --record /home/vboxuser/ros2_ws/build/bt_pkg/install.log --install-scripts $base/lib/bt_pkg --single-version-externally-managed install_data
[2.843s] running egg_info
[2.843s] writing ../../build/bt_pkg/bt_pkg.egg-info/PKG-INFO
[2.844s] writing dependency_links to ../../build/bt_pkg/bt_pkg.egg-info/dependency_links.txt
[2.844s] writing entry points to ../../build/bt_pkg/bt_pkg.egg-info/entry_points.txt
[2.845s] writing requirements to ../../build/bt_pkg/bt_pkg.egg-info/requires.txt
[2.845s] writing top-level names to ../../build/bt_pkg/bt_pkg.egg-info/top_level.txt
[2.883s] reading manifest file '../../build/bt_pkg/bt_pkg.egg-info/SOURCES.txt'
[2.884s] writing manifest file '../../build/bt_pkg/bt_pkg.egg-info/SOURCES.txt'
[2.884s] running build
[2.884s] running build_py
[2.884s] copying bt_pkg/bt_example_tree.py -> /home/vboxuser/ros2_ws/build/bt_pkg/build/lib/bt_pkg
[2.885s] running install
[2.886s] running install_lib
[2.891s] copying /home/vboxuser/ros2_ws/build/bt_pkg/build/lib/bt_pkg/bt_example_tree.py -> /home/vboxuser/ros2_ws/install/bt_pkg/lib/python3.8/site-packages/bt_pkg
[2.892s] byte-compiling /home/vboxuser/ros2_ws/install/bt_pkg/lib/python3.8/site-packages/bt_pkg/bt_example_tree.py to bt_example_tree.cpython-38.pyc
[2.896s] running install_data
[2.896s] running install_egg_info
[2.900s] removing '/home/vboxuser/ros2_ws/install/bt_pkg/lib/python3.8/site-packages/bt_pkg-0.0.0-py3.8.egg-info' (and everything under it)
[2.901s] Copying ../../build/bt_pkg/bt_pkg.egg-info to /home/vboxuser/ros2_ws/install/bt_pkg/lib/python3.8/site-packages/bt_pkg-0.0.0-py3.8.egg-info
[2.914s] running install_scripts
[2.934s] Installing bt_example_tree script to /home/vboxuser/ros2_ws/install/bt_pkg/lib/bt_pkg
[2.935s] Installing bt_scan_hookstrip script to /home/vboxuser/ros2_ws/install/bt_pkg/lib/bt_pkg
[2.935s] Installing srv_call script to /home/vboxuser/ros2_ws/install/bt_pkg/lib/bt_pkg
[2.937s] writing list of installed files to '/home/vboxuser/ros2_ws/build/bt_pkg/install.log'
[3.090s] Invoked command in '/home/vboxuser/ros2_ws/src/bt_pkg' returned '0': PYTHONPATH=/home/vboxuser/ros2_ws/build/bt_pkg/prefix_override:/usr/lib/python3/dist-packages/colcon_core/task/python/colcon_distutils_commands:/home/vboxuser/ros2_ws/install/bt_pkg/lib/python3.8/site-packages:${PYTHONPATH} /usr/bin/python3 -W ignore:setup.py install is deprecated -W ignore:easy_install command is deprecated setup.py egg_info --egg-base ../../build/bt_pkg build --build-base /home/vboxuser/ros2_ws/build/bt_pkg/build install --record /home/vboxuser/ros2_ws/build/bt_pkg/install.log --install-scripts $base/lib/bt_pkg --single-version-externally-managed install_data
