[1.921s] Invoking command in '/home/mo/Thesis/src/bt_pkg': PYTHONPATH=/home/mo/Thesis/build/bt_pkg/prefix_override:/usr/lib/python3/dist-packages/colcon_core/task/python/colcon_distutils_commands:/home/mo/Thesis/install/bt_pkg/lib/python3.8/site-packages:${PYTHONPATH} /usr/bin/python3 -W ignore:setup.py install is deprecated -W ignore:easy_install command is deprecated setup.py egg_info --egg-base ../../build/bt_pkg build --build-base /home/mo/Thesis/build/bt_pkg/build install --record /home/mo/Thesis/build/bt_pkg/install.log --install-scripts $base/lib/bt_pkg --single-version-externally-managed install_data
[2.210s] running egg_info
[2.211s] writing ../../build/bt_pkg/bt_pkg.egg-info/PKG-INFO
[2.211s] writing dependency_links to ../../build/bt_pkg/bt_pkg.egg-info/dependency_links.txt
[2.211s] writing entry points to ../../build/bt_pkg/bt_pkg.egg-info/entry_points.txt
[2.211s] writing requirements to ../../build/bt_pkg/bt_pkg.egg-info/requires.txt
[2.211s] writing top-level names to ../../build/bt_pkg/bt_pkg.egg-info/top_level.txt
[2.248s] reading manifest file '../../build/bt_pkg/bt_pkg.egg-info/SOURCES.txt'
[2.249s] writing manifest file '../../build/bt_pkg/bt_pkg.egg-info/SOURCES.txt'
[2.249s] running build
[2.249s] running build_py
[2.250s] running install
[2.250s] running install_lib
[2.252s] running install_data
[2.253s] running install_egg_info
[2.255s] removing '/home/mo/Thesis/install/bt_pkg/lib/python3.8/site-packages/bt_pkg-0.0.0-py3.8.egg-info' (and everything under it)
[2.255s] Copying ../../build/bt_pkg/bt_pkg.egg-info to /home/mo/Thesis/install/bt_pkg/lib/python3.8/site-packages/bt_pkg-0.0.0-py3.8.egg-info
[2.256s] running install_scripts
[2.275s] Installing bt_example_tree script to /home/mo/Thesis/install/bt_pkg/lib/bt_pkg
[2.275s] Installing bt_scan_hookstrip script to /home/mo/Thesis/install/bt_pkg/lib/bt_pkg
[2.275s] Installing srv_call script to /home/mo/Thesis/install/bt_pkg/lib/bt_pkg
[2.276s] writing list of installed files to '/home/mo/Thesis/build/bt_pkg/install.log'
[2.410s] Invoked command in '/home/mo/Thesis/src/bt_pkg' returned '0': PYTHONPATH=/home/mo/Thesis/build/bt_pkg/prefix_override:/usr/lib/python3/dist-packages/colcon_core/task/python/colcon_distutils_commands:/home/mo/Thesis/install/bt_pkg/lib/python3.8/site-packages:${PYTHONPATH} /usr/bin/python3 -W ignore:setup.py install is deprecated -W ignore:easy_install command is deprecated setup.py egg_info --egg-base ../../build/bt_pkg build --build-base /home/mo/Thesis/build/bt_pkg/build install --record /home/mo/Thesis/build/bt_pkg/install.log --install-scripts $base/lib/bt_pkg --single-version-externally-managed install_data
