[0.717s] Invoking command in '/home/vboxuser/ros2_ws/src/vision': PYTHONPATH=/home/vboxuser/ros2_ws/build/vision/prefix_override:/usr/lib/python3/dist-packages/colcon_core/task/python/colcon_distutils_commands:/home/vboxuser/ros2_ws/install/vision/lib/python3.8/site-packages:${PYTHONPATH} /usr/bin/python3 -W ignore:setup.py install is deprecated setup.py egg_info --egg-base ../../build/vision build --build-base /home/vboxuser/ros2_ws/build/vision/build install --record /home/vboxuser/ros2_ws/build/vision/install.log --install-scripts $base/lib/vision --single-version-externally-managed install_data
[0.912s] running egg_info
[0.916s] writing ../../build/vision/vision.egg-info/PKG-INFO
[0.916s] writing dependency_links to ../../build/vision/vision.egg-info/dependency_links.txt
[0.917s] writing entry points to ../../build/vision/vision.egg-info/entry_points.txt
[0.917s] writing requirements to ../../build/vision/vision.egg-info/requires.txt
[0.917s] writing top-level names to ../../build/vision/vision.egg-info/top_level.txt
[0.944s] reading manifest file '../../build/vision/vision.egg-info/SOURCES.txt'
[0.947s] writing manifest file '../../build/vision/vision.egg-info/SOURCES.txt'
[0.947s] running build
[0.947s] running build_py
[0.947s] running install
[0.948s] running install_lib
[0.949s] running install_data
[0.949s] running install_egg_info
[0.951s] removing '/home/vboxuser/ros2_ws/install/vision/lib/python3.8/site-packages/vision-0.0.0-py3.8.egg-info' (and everything under it)
[0.952s] Copying ../../build/vision/vision.egg-info to /home/vboxuser/ros2_ws/install/vision/lib/python3.8/site-packages/vision-0.0.0-py3.8.egg-info
[0.952s] running install_scripts
[0.968s] Installing image_receiver script to /home/vboxuser/ros2_ws/install/vision/lib/vision
[0.969s] writing list of installed files to '/home/vboxuser/ros2_ws/build/vision/install.log'
[1.015s] Invoked command in '/home/vboxuser/ros2_ws/src/vision' returned '0': PYTHONPATH=/home/vboxuser/ros2_ws/build/vision/prefix_override:/usr/lib/python3/dist-packages/colcon_core/task/python/colcon_distutils_commands:/home/vboxuser/ros2_ws/install/vision/lib/python3.8/site-packages:${PYTHONPATH} /usr/bin/python3 -W ignore:setup.py install is deprecated setup.py egg_info --egg-base ../../build/vision build --build-base /home/vboxuser/ros2_ws/build/vision/build install --record /home/vboxuser/ros2_ws/build/vision/install.log --install-scripts $base/lib/vision --single-version-externally-managed install_data
