[1.433s] Invoking command in '/home/vboxuser/ros2_ws/src/vision': PYTHONPATH=/home/vboxuser/ros2_ws/build/vision/prefix_override:/usr/lib/python3/dist-packages/colcon_core/task/python/colcon_distutils_commands:/home/vboxuser/ros2_ws/install/vision/lib/python3.8/site-packages:${PYTHONPATH} /usr/bin/python3 -W ignore:setup.py install is deprecated setup.py egg_info --egg-base ../../build/vision build --build-base /home/vboxuser/ros2_ws/build/vision/build install --record /home/vboxuser/ros2_ws/build/vision/install.log --install-scripts $base/lib/vision --single-version-externally-managed install_data
[1.696s] running egg_info
[1.696s] writing ../../build/vision/vision.egg-info/PKG-INFO
[1.697s] writing dependency_links to ../../build/vision/vision.egg-info/dependency_links.txt
[1.697s] writing entry points to ../../build/vision/vision.egg-info/entry_points.txt
[1.697s] writing requirements to ../../build/vision/vision.egg-info/requires.txt
[1.697s] writing top-level names to ../../build/vision/vision.egg-info/top_level.txt
[1.733s] reading manifest file '../../build/vision/vision.egg-info/SOURCES.txt'
[1.733s] writing manifest file '../../build/vision/vision.egg-info/SOURCES.txt'
[1.733s] running build
[1.734s] running build_py
[1.734s] running install
[1.734s] running install_lib
[1.736s] running install_data
[1.737s] running install_egg_info
[1.740s] removing '/home/vboxuser/ros2_ws/install/vision/lib/python3.8/site-packages/vision-0.0.0-py3.8.egg-info' (and everything under it)
[1.742s] Copying ../../build/vision/vision.egg-info to /home/vboxuser/ros2_ws/install/vision/lib/python3.8/site-packages/vision-0.0.0-py3.8.egg-info
[1.744s] running install_scripts
[1.764s] Installing calibration script to /home/vboxuser/ros2_ws/install/vision/lib/vision
[1.765s] Installing image_filters script to /home/vboxuser/ros2_ws/install/vision/lib/vision
[1.768s] Installing image_receiver script to /home/vboxuser/ros2_ws/install/vision/lib/vision
[1.768s] Installing point_finder_2d script to /home/vboxuser/ros2_ws/install/vision/lib/vision
[1.768s] Installing point_finder_3d script to /home/vboxuser/ros2_ws/install/vision/lib/vision
[1.769s] Installing stereo_triangulation script to /home/vboxuser/ros2_ws/install/vision/lib/vision
[1.769s] Installing stereo_triangulation_with_robot script to /home/vboxuser/ros2_ws/install/vision/lib/vision
[1.769s] Installing test_node script to /home/vboxuser/ros2_ws/install/vision/lib/vision
[1.770s] writing list of installed files to '/home/vboxuser/ros2_ws/build/vision/install.log'
[1.830s] Invoked command in '/home/vboxuser/ros2_ws/src/vision' returned '0': PYTHONPATH=/home/vboxuser/ros2_ws/build/vision/prefix_override:/usr/lib/python3/dist-packages/colcon_core/task/python/colcon_distutils_commands:/home/vboxuser/ros2_ws/install/vision/lib/python3.8/site-packages:${PYTHONPATH} /usr/bin/python3 -W ignore:setup.py install is deprecated setup.py egg_info --egg-base ../../build/vision build --build-base /home/vboxuser/ros2_ws/build/vision/build install --record /home/vboxuser/ros2_ws/build/vision/install.log --install-scripts $base/lib/vision --single-version-externally-managed install_data
