[0.100s] Invoking command in '/home/vboxuser/Thesis/build/realsense2_camera_msgs': CMAKE_PREFIX_PATH=${CMAKE_PREFIX_PATH}:/home/vboxuser/Thesis/install/vision:/home/vboxuser/Thesis/install/vcnanoz:/home/vboxuser/Thesis/install/sensopart_visor:/home/vboxuser/Thesis/install/robot_control:/home/vboxuser/Thesis/install/kr_example_python:/home/vboxuser/Thesis/install/bt_pkg:/home/vboxuser/Thesis/install/action_servers:/opt/ros/foxy /usr/bin/cmake --build /home/vboxuser/Thesis/build/realsense2_camera_msgs -- -j8 -l8
[1.182s] [  1%] Built target realsense2_camera_msgs__cpp
[1.183s] [ 12%] Built target realsense2_camera_msgs__rosidl_generator_c
[1.185s] [ 23%] Built target realsense2_camera_msgs__rosidl_typesupport_cpp
[1.185s] [ 34%] Built target realsense2_camera_msgs__rosidl_typesupport_introspection_cpp
[1.186s] [ 46%] Built target realsense2_camera_msgs__rosidl_typesupport_fastrtps_cpp
[1.186s] [ 57%] Built target realsense2_camera_msgs__rosidl_typesupport_c
[1.189s] [ 68%] Built target realsense2_camera_msgs__rosidl_typesupport_introspection_c
[1.190s] [ 79%] Built target realsense2_camera_msgs__rosidl_typesupport_fastrtps_c
[1.190s] [ 79%] Built target realsense2_camera_msgs
[1.190s] [ 80%] Built target realsense2_camera_msgs__py
[1.190s] [ 90%] Built target realsense2_camera_msgs__python
[1.192s] [ 96%] Built target realsense2_camera_msgs__rosidl_typesupport_fastrtps_c__pyext
[1.193s] [ 96%] Built target realsense2_camera_msgs__rosidl_typesupport_introspection_c__pyext
[1.193s] [100%] Built target realsense2_camera_msgs__rosidl_typesupport_c__pyext
[1.195s] Invoked command in '/home/vboxuser/Thesis/build/realsense2_camera_msgs' returned '0': CMAKE_PREFIX_PATH=${CMAKE_PREFIX_PATH}:/home/vboxuser/Thesis/install/vision:/home/vboxuser/Thesis/install/vcnanoz:/home/vboxuser/Thesis/install/sensopart_visor:/home/vboxuser/Thesis/install/robot_control:/home/vboxuser/Thesis/install/kr_example_python:/home/vboxuser/Thesis/install/bt_pkg:/home/vboxuser/Thesis/install/action_servers:/opt/ros/foxy /usr/bin/cmake --build /home/vboxuser/Thesis/build/realsense2_camera_msgs -- -j8 -l8
[1.451s] Invoking command in '/home/vboxuser/Thesis/build/realsense2_camera_msgs': CMAKE_PREFIX_PATH=${CMAKE_PREFIX_PATH}:/home/vboxuser/Thesis/install/vision:/home/vboxuser/Thesis/install/vcnanoz:/home/vboxuser/Thesis/install/sensopart_visor:/home/vboxuser/Thesis/install/robot_control:/home/vboxuser/Thesis/install/kr_example_python:/home/vboxuser/Thesis/install/bt_pkg:/home/vboxuser/Thesis/install/action_servers:/opt/ros/foxy /usr/bin/cmake --install /home/vboxuser/Thesis/build/realsense2_camera_msgs
[1.467s] -- Install configuration: ""
[1.474s] -- Execute custom install script
[1.476s] -- Up-to-date symlink: /home/vboxuser/Thesis/install/realsense2_camera_msgs/share/ament_index/resource_index/rosidl_interfaces/realsense2_camera_msgs
[1.481s] -- Up-to-date symlink: /home/vboxuser/Thesis/install/realsense2_camera_msgs/include/realsense2_camera_msgs/msg/detail/extrinsics__functions.h
[1.482s] -- Up-to-date symlink: /home/vboxuser/Thesis/install/realsense2_camera_msgs/include/realsense2_camera_msgs/msg/detail/extrinsics__struct.h
[1.484s] -- Up-to-date symlink: /home/vboxuser/Thesis/install/realsense2_camera_msgs/include/realsense2_camera_msgs/msg/detail/extrinsics__type_support.h
[1.484s] -- Up-to-date symlink: /home/vboxuser/Thesis/install/realsense2_camera_msgs/include/realsense2_camera_msgs/msg/detail/imu_info__functions.h
[1.485s] -- Up-to-date symlink: /home/vboxuser/Thesis/install/realsense2_camera_msgs/include/realsense2_camera_msgs/msg/detail/imu_info__struct.h
[1.486s] -- Up-to-date symlink: /home/vboxuser/Thesis/install/realsense2_camera_msgs/include/realsense2_camera_msgs/msg/detail/imu_info__type_support.h
[1.487s] -- Up-to-date symlink: /home/vboxuser/Thesis/install/realsense2_camera_msgs/include/realsense2_camera_msgs/msg/detail/metadata__functions.h
[1.488s] -- Up-to-date symlink: /home/vboxuser/Thesis/install/realsense2_camera_msgs/include/realsense2_camera_msgs/msg/detail/metadata__struct.h
[1.492s] -- Up-to-date symlink: /home/vboxuser/Thesis/install/realsense2_camera_msgs/include/realsense2_camera_msgs/msg/detail/metadata__type_support.h
[1.493s] -- Up-to-date symlink: /home/vboxuser/Thesis/install/realsense2_camera_msgs/include/realsense2_camera_msgs/msg/detail/rgbd__functions.h
[1.494s] -- Up-to-date symlink: /home/vboxuser/Thesis/install/realsense2_camera_msgs/include/realsense2_camera_msgs/msg/detail/rgbd__struct.h
[1.495s] -- Up-to-date symlink: /home/vboxuser/Thesis/install/realsense2_camera_msgs/include/realsense2_camera_msgs/msg/detail/rgbd__type_support.h
[1.498s] -- Up-to-date symlink: /home/vboxuser/Thesis/install/realsense2_camera_msgs/include/realsense2_camera_msgs/msg/extrinsics.h
[1.499s] -- Up-to-date symlink: /home/vboxuser/Thesis/install/realsense2_camera_msgs/include/realsense2_camera_msgs/msg/imu_info.h
[1.499s] -- Up-to-date symlink: /home/vboxuser/Thesis/install/realsense2_camera_msgs/include/realsense2_camera_msgs/msg/metadata.h
[1.500s] -- Up-to-date symlink: /home/vboxuser/Thesis/install/realsense2_camera_msgs/include/realsense2_camera_msgs/msg/rgbd.h
[1.501s] -- Up-to-date symlink: /home/vboxuser/Thesis/install/realsense2_camera_msgs/include/realsense2_camera_msgs/msg/rosidl_generator_c__visibility_control.h
[1.503s] -- Up-to-date symlink: /home/vboxuser/Thesis/install/realsense2_camera_msgs/include/realsense2_camera_msgs/srv/detail/device_info__functions.h
[1.505s] -- Up-to-date symlink: /home/vboxuser/Thesis/install/realsense2_camera_msgs/include/realsense2_camera_msgs/srv/detail/device_info__struct.h
[1.505s] -- Up-to-date symlink: /home/vboxuser/Thesis/install/realsense2_camera_msgs/include/realsense2_camera_msgs/srv/detail/device_info__type_support.h
[1.506s] -- Up-to-date symlink: /home/vboxuser/Thesis/install/realsense2_camera_msgs/include/realsense2_camera_msgs/srv/device_info.h
[1.508s] -- Up-to-date symlink: /home/vboxuser/Thesis/install/realsense2_camera_msgs/share/realsense2_camera_msgs/environment/library_path.sh
[1.508s] -- Up-to-date symlink: /home/vboxuser/Thesis/install/realsense2_camera_msgs/share/realsense2_camera_msgs/environment/library_path.dsv
[1.510s] -- Up-to-date symlink: /home/vboxuser/Thesis/install/realsense2_camera_msgs/include/realsense2_camera_msgs/msg/detail/extrinsics__rosidl_typesupport_fastrtps_c.h
[1.510s] -- Up-to-date symlink: /home/vboxuser/Thesis/install/realsense2_camera_msgs/include/realsense2_camera_msgs/msg/detail/imu_info__rosidl_typesupport_fastrtps_c.h
[1.511s] -- Up-to-date symlink: /home/vboxuser/Thesis/install/realsense2_camera_msgs/include/realsense2_camera_msgs/msg/detail/metadata__rosidl_typesupport_fastrtps_c.h
[1.512s] -- Up-to-date symlink: /home/vboxuser/Thesis/install/realsense2_camera_msgs/include/realsense2_camera_msgs/msg/detail/rgbd__rosidl_typesupport_fastrtps_c.h
[1.513s] -- Up-to-date symlink: /home/vboxuser/Thesis/install/realsense2_camera_msgs/include/realsense2_camera_msgs/msg/rosidl_typesupport_fastrtps_c__visibility_control.h
[1.514s] -- Up-to-date symlink: /home/vboxuser/Thesis/install/realsense2_camera_msgs/include/realsense2_camera_msgs/srv/detail/device_info__rosidl_typesupport_fastrtps_c.h
[1.515s] -- Up-to-date symlink: /home/vboxuser/Thesis/install/realsense2_camera_msgs/lib/librealsense2_camera_msgs__rosidl_typesupport_fastrtps_c.so
[1.517s] -- Up-to-date symlink: /home/vboxuser/Thesis/install/realsense2_camera_msgs/include/realsense2_camera_msgs/msg/detail/extrinsics__rosidl_typesupport_fastrtps_cpp.hpp
[1.518s] -- Up-to-date symlink: /home/vboxuser/Thesis/install/realsense2_camera_msgs/include/realsense2_camera_msgs/msg/detail/imu_info__rosidl_typesupport_fastrtps_cpp.hpp
[1.519s] -- Up-to-date symlink: /home/vboxuser/Thesis/install/realsense2_camera_msgs/include/realsense2_camera_msgs/msg/detail/metadata__rosidl_typesupport_fastrtps_cpp.hpp
[1.520s] -- Up-to-date symlink: /home/vboxuser/Thesis/install/realsense2_camera_msgs/include/realsense2_camera_msgs/msg/detail/rgbd__rosidl_typesupport_fastrtps_cpp.hpp
[1.521s] -- Up-to-date symlink: /home/vboxuser/Thesis/install/realsense2_camera_msgs/include/realsense2_camera_msgs/msg/rosidl_typesupport_fastrtps_cpp__visibility_control.h
[1.522s] -- Up-to-date symlink: /home/vboxuser/Thesis/install/realsense2_camera_msgs/include/realsense2_camera_msgs/srv/detail/device_info__rosidl_typesupport_fastrtps_cpp.hpp
[1.523s] -- Up-to-date symlink: /home/vboxuser/Thesis/install/realsense2_camera_msgs/lib/librealsense2_camera_msgs__rosidl_typesupport_fastrtps_cpp.so
[1.525s] -- Up-to-date symlink: /home/vboxuser/Thesis/install/realsense2_camera_msgs/include/realsense2_camera_msgs/msg/detail/extrinsics__rosidl_typesupport_introspection_c.h
[1.526s] -- Up-to-date symlink: /home/vboxuser/Thesis/install/realsense2_camera_msgs/include/realsense2_camera_msgs/msg/detail/imu_info__rosidl_typesupport_introspection_c.h
[1.526s] -- Up-to-date symlink: /home/vboxuser/Thesis/install/realsense2_camera_msgs/include/realsense2_camera_msgs/msg/detail/metadata__rosidl_typesupport_introspection_c.h
[1.527s] -- Up-to-date symlink: /home/vboxuser/Thesis/install/realsense2_camera_msgs/include/realsense2_camera_msgs/msg/detail/rgbd__rosidl_typesupport_introspection_c.h
[1.528s] -- Up-to-date symlink: /home/vboxuser/Thesis/install/realsense2_camera_msgs/include/realsense2_camera_msgs/msg/rosidl_typesupport_introspection_c__visibility_control.h
[1.529s] -- Up-to-date symlink: /home/vboxuser/Thesis/install/realsense2_camera_msgs/include/realsense2_camera_msgs/srv/detail/device_info__rosidl_typesupport_introspection_c.h
[1.531s] -- Up-to-date symlink: /home/vboxuser/Thesis/install/realsense2_camera_msgs/include/realsense2_camera_msgs/msg/detail/extrinsics__builder.hpp
[1.532s] -- Up-to-date symlink: /home/vboxuser/Thesis/install/realsense2_camera_msgs/include/realsense2_camera_msgs/msg/detail/extrinsics__struct.hpp
[1.533s] -- Up-to-date symlink: /home/vboxuser/Thesis/install/realsense2_camera_msgs/include/realsense2_camera_msgs/msg/detail/extrinsics__traits.hpp
[1.534s] -- Up-to-date symlink: /home/vboxuser/Thesis/install/realsense2_camera_msgs/include/realsense2_camera_msgs/msg/detail/extrinsics__type_support.hpp
[1.535s] -- Up-to-date symlink: /home/vboxuser/Thesis/install/realsense2_camera_msgs/include/realsense2_camera_msgs/msg/detail/imu_info__builder.hpp
[1.536s] -- Up-to-date symlink: /home/vboxuser/Thesis/install/realsense2_camera_msgs/include/realsense2_camera_msgs/msg/detail/imu_info__struct.hpp
[1.536s] -- Up-to-date symlink: /home/vboxuser/Thesis/install/realsense2_camera_msgs/include/realsense2_camera_msgs/msg/detail/imu_info__traits.hpp
[1.537s] -- Up-to-date symlink: /home/vboxuser/Thesis/install/realsense2_camera_msgs/include/realsense2_camera_msgs/msg/detail/imu_info__type_support.hpp
[1.539s] -- Up-to-date symlink: /home/vboxuser/Thesis/install/realsense2_camera_msgs/include/realsense2_camera_msgs/msg/detail/metadata__builder.hpp
[1.547s] -- Up-to-date symlink: /home/vboxuser/Thesis/install/realsense2_camera_msgs/include/realsense2_camera_msgs/msg/detail/metadata__struct.hpp
[1.548s] -- Up-to-date symlink: /home/vboxuser/Thesis/install/realsense2_camera_msgs/include/realsense2_camera_msgs/msg/detail/metadata__traits.hpp
[1.551s] -- Up-to-date symlink: /home/vboxuser/Thesis/install/realsense2_camera_msgs/include/realsense2_camera_msgs/msg/detail/metadata__type_support.hpp
[1.553s] -- Up-to-date symlink: /home/vboxuser/Thesis/install/realsense2_camera_msgs/include/realsense2_camera_msgs/msg/detail/rgbd__builder.hpp
[1.555s] -- Up-to-date symlink: /home/vboxuser/Thesis/install/realsense2_camera_msgs/include/realsense2_camera_msgs/msg/detail/rgbd__struct.hpp
[1.560s] -- Up-to-date symlink: /home/vboxuser/Thesis/install/realsense2_camera_msgs/include/realsense2_camera_msgs/msg/detail/rgbd__traits.hpp
[1.561s] -- Up-to-date symlink: /home/vboxuser/Thesis/install/realsense2_camera_msgs/include/realsense2_camera_msgs/msg/detail/rgbd__type_support.hpp
[1.562s] -- Up-to-date symlink: /home/vboxuser/Thesis/install/realsense2_camera_msgs/include/realsense2_camera_msgs/msg/extrinsics.hpp
[1.563s] -- Up-to-date symlink: /home/vboxuser/Thesis/install/realsense2_camera_msgs/include/realsense2_camera_msgs/msg/imu_info.hpp
[1.564s] -- Up-to-date symlink: /home/vboxuser/Thesis/install/realsense2_camera_msgs/include/realsense2_camera_msgs/msg/metadata.hpp
[1.567s] -- Up-to-date symlink: /home/vboxuser/Thesis/install/realsense2_camera_msgs/include/realsense2_camera_msgs/msg/rgbd.hpp
[1.567s] -- Up-to-date symlink: /home/vboxuser/Thesis/install/realsense2_camera_msgs/include/realsense2_camera_msgs/msg/rosidl_generator_cpp__visibility_control.hpp
[1.571s] -- Up-to-date symlink: /home/vboxuser/Thesis/install/realsense2_camera_msgs/include/realsense2_camera_msgs/srv/detail/device_info__builder.hpp
[1.572s] -- Up-to-date symlink: /home/vboxuser/Thesis/install/realsense2_camera_msgs/include/realsense2_camera_msgs/srv/detail/device_info__struct.hpp
[1.573s] -- Up-to-date symlink: /home/vboxuser/Thesis/install/realsense2_camera_msgs/include/realsense2_camera_msgs/srv/detail/device_info__traits.hpp
[1.573s] -- Up-to-date symlink: /home/vboxuser/Thesis/install/realsense2_camera_msgs/include/realsense2_camera_msgs/srv/detail/device_info__type_support.hpp
[1.577s] -- Up-to-date symlink: /home/vboxuser/Thesis/install/realsense2_camera_msgs/include/realsense2_camera_msgs/srv/device_info.hpp
[1.581s] -- Up-to-date symlink: /home/vboxuser/Thesis/install/realsense2_camera_msgs/include/realsense2_camera_msgs/msg/detail/extrinsics__rosidl_typesupport_introspection_cpp.hpp
[1.582s] -- Up-to-date symlink: /home/vboxuser/Thesis/install/realsense2_camera_msgs/include/realsense2_camera_msgs/msg/detail/imu_info__rosidl_typesupport_introspection_cpp.hpp
[1.583s] -- Up-to-date symlink: /home/vboxuser/Thesis/install/realsense2_camera_msgs/include/realsense2_camera_msgs/msg/detail/metadata__rosidl_typesupport_introspection_cpp.hpp
[1.583s] -- Up-to-date symlink: /home/vboxuser/Thesis/install/realsense2_camera_msgs/include/realsense2_camera_msgs/msg/detail/rgbd__rosidl_typesupport_introspection_cpp.hpp
[1.584s] -- Up-to-date symlink: /home/vboxuser/Thesis/install/realsense2_camera_msgs/include/realsense2_camera_msgs/srv/detail/device_info__rosidl_typesupport_introspection_cpp.hpp
[1.588s] -- Up-to-date symlink: /home/vboxuser/Thesis/install/realsense2_camera_msgs/share/realsense2_camera_msgs/environment/pythonpath.sh
[1.592s] -- Up-to-date symlink: /home/vboxuser/Thesis/install/realsense2_camera_msgs/share/realsense2_camera_msgs/environment/pythonpath.dsv
[1.593s] -- Up-to-date symlink: /home/vboxuser/Thesis/install/realsense2_camera_msgs/lib/python3.8/site-packages/realsense2_camera_msgs/__init__.py
[1.597s] -- Up-to-date symlink: /home/vboxuser/Thesis/install/realsense2_camera_msgs/lib/python3.8/site-packages/realsense2_camera_msgs/msg/__init__.py
[1.600s] -- Up-to-date symlink: /home/vboxuser/Thesis/install/realsense2_camera_msgs/lib/python3.8/site-packages/realsense2_camera_msgs/msg/_extrinsics.py
[1.601s] -- Up-to-date symlink: /home/vboxuser/Thesis/install/realsense2_camera_msgs/lib/python3.8/site-packages/realsense2_camera_msgs/msg/_imu_info.py
[1.602s] -- Up-to-date symlink: /home/vboxuser/Thesis/install/realsense2_camera_msgs/lib/python3.8/site-packages/realsense2_camera_msgs/msg/_metadata.py
[1.603s] -- Up-to-date symlink: /home/vboxuser/Thesis/install/realsense2_camera_msgs/lib/python3.8/site-packages/realsense2_camera_msgs/msg/_rgbd.py
[1.605s] -- Up-to-date symlink: /home/vboxuser/Thesis/install/realsense2_camera_msgs/lib/python3.8/site-packages/realsense2_camera_msgs/srv/__init__.py
[1.607s] -- Up-to-date symlink: /home/vboxuser/Thesis/install/realsense2_camera_msgs/lib/python3.8/site-packages/realsense2_camera_msgs/srv/_device_info.py
[1.609s] -- Up-to-date symlink: /home/vboxuser/Thesis/install/realsense2_camera_msgs/lib/python3.8/site-packages/realsense2_camera_msgs/realsense2_camera_msgs_s__rosidl_typesupport_fastrtps_c.cpython-38-x86_64-linux-gnu.so
[1.611s] -- Up-to-date symlink: /home/vboxuser/Thesis/install/realsense2_camera_msgs/lib/python3.8/site-packages/realsense2_camera_msgs/realsense2_camera_msgs_s__rosidl_typesupport_introspection_c.cpython-38-x86_64-linux-gnu.so
[1.613s] -- Up-to-date symlink: /home/vboxuser/Thesis/install/realsense2_camera_msgs/lib/python3.8/site-packages/realsense2_camera_msgs/realsense2_camera_msgs_s__rosidl_typesupport_c.cpython-38-x86_64-linux-gnu.so
[1.618s] -- Up-to-date symlink: /home/vboxuser/Thesis/install/realsense2_camera_msgs/lib/librealsense2_camera_msgs__python.so
[1.619s] -- Up-to-date symlink: /home/vboxuser/Thesis/install/realsense2_camera_msgs/share/realsense2_camera_msgs/msg/IMUInfo.idl
[1.619s] -- Up-to-date symlink: /home/vboxuser/Thesis/install/realsense2_camera_msgs/share/realsense2_camera_msgs/msg/Extrinsics.idl
[1.624s] -- Up-to-date symlink: /home/vboxuser/Thesis/install/realsense2_camera_msgs/share/realsense2_camera_msgs/msg/Metadata.idl
[1.626s] -- Up-to-date symlink: /home/vboxuser/Thesis/install/realsense2_camera_msgs/share/realsense2_camera_msgs/msg/RGBD.idl
[1.629s] -- Up-to-date symlink: /home/vboxuser/Thesis/install/realsense2_camera_msgs/share/realsense2_camera_msgs/srv/DeviceInfo.idl
[1.629s] -- Up-to-date symlink: /home/vboxuser/Thesis/install/realsense2_camera_msgs/share/realsense2_camera_msgs/msg/IMUInfo.msg
[1.639s] -- Up-to-date symlink: /home/vboxuser/Thesis/install/realsense2_camera_msgs/share/realsense2_camera_msgs/msg/Extrinsics.msg
[1.639s] -- Up-to-date symlink: /home/vboxuser/Thesis/install/realsense2_camera_msgs/share/realsense2_camera_msgs/msg/Metadata.msg
[1.639s] -- Up-to-date symlink: /home/vboxuser/Thesis/install/realsense2_camera_msgs/share/realsense2_camera_msgs/msg/RGBD.msg
[1.640s] -- Up-to-date symlink: /home/vboxuser/Thesis/install/realsense2_camera_msgs/share/realsense2_camera_msgs/srv/DeviceInfo.srv
[1.643s] -- Up-to-date symlink: /home/vboxuser/Thesis/install/realsense2_camera_msgs/share/realsense2_camera_msgs/srv/DeviceInfo_Request.msg
[1.646s] -- Up-to-date symlink: /home/vboxuser/Thesis/install/realsense2_camera_msgs/share/realsense2_camera_msgs/srv/DeviceInfo_Response.msg
[1.646s] -- Up-to-date symlink: /home/vboxuser/Thesis/install/realsense2_camera_msgs/share/ament_index/resource_index/package_run_dependencies/realsense2_camera_msgs
[1.648s] -- Up-to-date symlink: /home/vboxuser/Thesis/install/realsense2_camera_msgs/share/ament_index/resource_index/parent_prefix_path/realsense2_camera_msgs
[1.652s] -- Up-to-date symlink: /home/vboxuser/Thesis/install/realsense2_camera_msgs/share/realsense2_camera_msgs/environment/ament_prefix_path.sh
[1.652s] -- Up-to-date symlink: /home/vboxuser/Thesis/install/realsense2_camera_msgs/share/realsense2_camera_msgs/environment/ament_prefix_path.dsv
[1.653s] -- Up-to-date symlink: /home/vboxuser/Thesis/install/realsense2_camera_msgs/share/realsense2_camera_msgs/environment/path.sh
[1.654s] -- Up-to-date symlink: /home/vboxuser/Thesis/install/realsense2_camera_msgs/share/realsense2_camera_msgs/environment/path.dsv
[1.656s] -- Up-to-date symlink: /home/vboxuser/Thesis/install/realsense2_camera_msgs/share/realsense2_camera_msgs/local_setup.bash
[1.657s] -- Up-to-date symlink: /home/vboxuser/Thesis/install/realsense2_camera_msgs/share/realsense2_camera_msgs/local_setup.sh
[1.657s] -- Up-to-date symlink: /home/vboxuser/Thesis/install/realsense2_camera_msgs/share/realsense2_camera_msgs/local_setup.zsh
[1.659s] -- Up-to-date symlink: /home/vboxuser/Thesis/install/realsense2_camera_msgs/share/realsense2_camera_msgs/local_setup.dsv
[1.659s] -- Symlinking: /home/vboxuser/Thesis/install/realsense2_camera_msgs/share/realsense2_camera_msgs/package.dsv
[1.675s] -- Up-to-date symlink: /home/vboxuser/Thesis/install/realsense2_camera_msgs/share/ament_index/resource_index/packages/realsense2_camera_msgs
[1.675s] -- Up-to-date symlink: /home/vboxuser/Thesis/install/realsense2_camera_msgs/share/realsense2_camera_msgs/cmake/rosidl_cmake-extras.cmake
[1.676s] -- Up-to-date symlink: /home/vboxuser/Thesis/install/realsense2_camera_msgs/share/realsense2_camera_msgs/cmake/ament_cmake_export_dependencies-extras.cmake
[1.679s] -- Up-to-date symlink: /home/vboxuser/Thesis/install/realsense2_camera_msgs/share/realsense2_camera_msgs/cmake/ament_cmake_export_libraries-extras.cmake
[1.682s] -- Up-to-date symlink: /home/vboxuser/Thesis/install/realsense2_camera_msgs/share/realsense2_camera_msgs/cmake/ament_cmake_export_targets-extras.cmake
[1.684s] -- Up-to-date symlink: /home/vboxuser/Thesis/install/realsense2_camera_msgs/share/realsense2_camera_msgs/cmake/ament_cmake_export_include_directories-extras.cmake
[1.685s] -- Up-to-date symlink: /home/vboxuser/Thesis/install/realsense2_camera_msgs/share/realsense2_camera_msgs/cmake/rosidl_cmake_export_typesupport_libraries-extras.cmake
[1.686s] -- Up-to-date symlink: /home/vboxuser/Thesis/install/realsense2_camera_msgs/share/realsense2_camera_msgs/cmake/rosidl_cmake_export_typesupport_targets-extras.cmake
[1.689s] -- Up-to-date symlink: /home/vboxuser/Thesis/install/realsense2_camera_msgs/share/realsense2_camera_msgs/cmake/realsense2_camera_msgsConfig.cmake
[1.691s] -- Up-to-date symlink: /home/vboxuser/Thesis/install/realsense2_camera_msgs/share/realsense2_camera_msgs/cmake/realsense2_camera_msgsConfig-version.cmake
[1.692s] -- Up-to-date symlink: /home/vboxuser/Thesis/install/realsense2_camera_msgs/share/realsense2_camera_msgs/package.xml
[1.696s] -- Up-to-date: /home/vboxuser/Thesis/install/realsense2_camera_msgs/lib/librealsense2_camera_msgs__rosidl_generator_c.so
[1.699s] -- Up-to-date: /home/vboxuser/Thesis/install/realsense2_camera_msgs/lib/librealsense2_camera_msgs__rosidl_typesupport_introspection_c.so
[1.702s] -- Up-to-date: /home/vboxuser/Thesis/install/realsense2_camera_msgs/lib/librealsense2_camera_msgs__rosidl_typesupport_c.so
[1.705s] -- Up-to-date: /home/vboxuser/Thesis/install/realsense2_camera_msgs/lib/librealsense2_camera_msgs__rosidl_typesupport_introspection_cpp.so
[1.707s] -- Up-to-date: /home/vboxuser/Thesis/install/realsense2_camera_msgs/lib/librealsense2_camera_msgs__rosidl_typesupport_cpp.so
[1.763s] -- Up-to-date: /home/vboxuser/Thesis/install/realsense2_camera_msgs/share/realsense2_camera_msgs/cmake/realsense2_camera_msgs__rosidl_generator_cExport.cmake
[1.764s] -- Up-to-date: /home/vboxuser/Thesis/install/realsense2_camera_msgs/share/realsense2_camera_msgs/cmake/realsense2_camera_msgs__rosidl_generator_cExport-noconfig.cmake
[1.765s] -- Up-to-date: /home/vboxuser/Thesis/install/realsense2_camera_msgs/share/realsense2_camera_msgs/cmake/realsense2_camera_msgs__rosidl_typesupport_introspection_cExport.cmake
[1.767s] -- Up-to-date: /home/vboxuser/Thesis/install/realsense2_camera_msgs/share/realsense2_camera_msgs/cmake/realsense2_camera_msgs__rosidl_typesupport_introspection_cExport-noconfig.cmake
[1.768s] -- Up-to-date: /home/vboxuser/Thesis/install/realsense2_camera_msgs/share/realsense2_camera_msgs/cmake/realsense2_camera_msgs__rosidl_typesupport_cExport.cmake
[1.768s] -- Up-to-date: /home/vboxuser/Thesis/install/realsense2_camera_msgs/share/realsense2_camera_msgs/cmake/realsense2_camera_msgs__rosidl_typesupport_cExport-noconfig.cmake
[1.770s] -- Up-to-date: /home/vboxuser/Thesis/install/realsense2_camera_msgs/share/realsense2_camera_msgs/cmake/realsense2_camera_msgs__rosidl_generator_cppExport.cmake
[1.772s] -- Up-to-date: /home/vboxuser/Thesis/install/realsense2_camera_msgs/share/realsense2_camera_msgs/cmake/realsense2_camera_msgs__rosidl_typesupport_introspection_cppExport.cmake
[1.772s] -- Up-to-date: /home/vboxuser/Thesis/install/realsense2_camera_msgs/share/realsense2_camera_msgs/cmake/realsense2_camera_msgs__rosidl_typesupport_introspection_cppExport-noconfig.cmake
[1.774s] -- Up-to-date: /home/vboxuser/Thesis/install/realsense2_camera_msgs/share/realsense2_camera_msgs/cmake/realsense2_camera_msgs__rosidl_typesupport_cppExport.cmake
[1.774s] -- Up-to-date: /home/vboxuser/Thesis/install/realsense2_camera_msgs/share/realsense2_camera_msgs/cmake/realsense2_camera_msgs__rosidl_typesupport_cppExport-noconfig.cmake
[1.780s] Invoked command in '/home/vboxuser/Thesis/build/realsense2_camera_msgs' returned '0': CMAKE_PREFIX_PATH=${CMAKE_PREFIX_PATH}:/home/vboxuser/Thesis/install/vision:/home/vboxuser/Thesis/install/vcnanoz:/home/vboxuser/Thesis/install/sensopart_visor:/home/vboxuser/Thesis/install/robot_control:/home/vboxuser/Thesis/install/kr_example_python:/home/vboxuser/Thesis/install/bt_pkg:/home/vboxuser/Thesis/install/action_servers:/opt/ros/foxy /usr/bin/cmake --install /home/vboxuser/Thesis/build/realsense2_camera_msgs
