[0.037s] Invoking command in '/home/mo/Thesis/build/action_interfaces': CMAKE_PREFIX_PATH=${CMAKE_PREFIX_PATH}:/home/mo/Thesis/install/vision:/home/mo/Thesis/install/vcnanoz:/home/mo/Thesis/install/sensopart_visor:/home/mo/Thesis/install/robot_control:/home/mo/Thesis/install/kr_example_python:/home/mo/Thesis/install/action_servers:/opt/ros/foxy /usr/bin/cmake --build /home/mo/Thesis/build/action_interfaces -- -j16 -l16
[0.441s] -- Found ament_cmake: 0.9.12 (/opt/ros/foxy/share/ament_cmake/cmake)
[0.442s] -- Found PythonInterp: /usr/bin/python3 (found suitable version "3.8.10", minimum required is "3") 
[0.442s] -- Using PYTHON_EXECUTABLE: /usr/bin/python3
[0.443s] -- Override CMake install command with custom implementation using symlinks instead of copying resources
[0.443s] -- Found rosidl_default_generators: 1.0.1 (/opt/ros/foxy/share/rosidl_default_generators/cmake)
[0.445s] -- Using all available rosidl_typesupport_c: rosidl_typesupport_fastrtps_c;rosidl_typesupport_introspection_c
[0.445s] -- Found rosidl_adapter: 1.3.1 (/opt/ros/foxy/share/rosidl_adapter/cmake)
[0.445s] -- Using all available rosidl_typesupport_cpp: rosidl_typesupport_fastrtps_cpp;rosidl_typesupport_introspection_cpp
[0.449s] -- Found sensor_msgs: 2.0.5 (/opt/ros/foxy/share/sensor_msgs/cmake)
[0.600s] -- Found PythonInterp: /usr/bin/python3 (found version "3.8.10") 
[0.908s] -- Found ament_cmake_ros: 0.9.2 (/opt/ros/foxy/share/ament_cmake_ros/cmake)
[1.274s] -- Using all available rosidl_typesupport_c: rosidl_typesupport_fastrtps_c;rosidl_typesupport_introspection_c
[1.408s] -- Using all available rosidl_typesupport_cpp: rosidl_typesupport_fastrtps_cpp;rosidl_typesupport_introspection_cpp
[1.438s] -- Found PythonInterp: /usr/bin/python3 (found suitable version "3.8.10", minimum required is "3.5") 
[1.438s] -- Found python_cmake_module: 0.8.1 (/opt/ros/foxy/share/python_cmake_module/cmake)
[1.467s] -- Using PYTHON_EXECUTABLE: /usr/bin/python3
[1.467s] -- Using PYTHON_INCLUDE_DIRS: /usr/include/python3.8
[1.467s] -- Using PYTHON_LIBRARIES: /usr/lib/x86_64-linux-gnu/libpython3.8.so
[1.533s] -- Found ament_lint_auto: 0.9.8 (/opt/ros/foxy/share/ament_lint_auto/cmake)
[1.544s] -- Added test 'copyright' to check source files copyright and LICENSE
[1.546s] -- Added test 'lint_cmake' to check CMake code style
[1.546s] -- Added test 'xmllint' to check XML markup files
[1.552s] -- Configuring done
[1.644s] -- Generating done
[1.685s] -- Build files have been written to: /home/mo/Thesis/build/action_interfaces
[1.732s] [  1%] [34m[1mGenerating C code for ROS interfaces[0m
[1.738s] [  2%] [34m[1mGenerating C++ code for ROS interfaces[0m
[2.571s] [  2%] Built target action_interfaces__cpp
[2.584s] [  5%] [34m[1mGenerating C++ type support for eProsima Fast-RTPS[0m
[2.584s] [  5%] [34m[1mGenerating C++ type support dispatch for ROS interfaces[0m
[2.584s] [  6%] [34m[1mGenerating C++ introspection for ROS interfaces[0m
[2.721s] [35m[1mScanning dependencies of target action_interfaces__rosidl_generator_c[0m
[2.741s] [  7%] [32mBuilding C object CMakeFiles/action_interfaces__rosidl_generator_c.dir/rosidl_generator_c/action_interfaces/msg/detail/bounding_box__functions.c.o[0m
[2.742s] [ 12%] [32mBuilding C object CMakeFiles/action_interfaces__rosidl_generator_c.dir/rosidl_generator_c/action_interfaces/action/detail/fibonacci__functions.c.o[0m
[2.742s] [ 12%] [32mBuilding C object CMakeFiles/action_interfaces__rosidl_generator_c.dir/rosidl_generator_c/action_interfaces/action/detail/move_tcp_along_axis__functions.c.o[0m
[2.743s] [ 12%] [32mBuilding C object CMakeFiles/action_interfaces__rosidl_generator_c.dir/rosidl_generator_c/action_interfaces/msg/detail/uv__functions.c.o[0m
[2.743s] [ 12%] [32mBuilding C object CMakeFiles/action_interfaces__rosidl_generator_c.dir/rosidl_generator_c/action_interfaces/action/detail/transform_action__functions.c.o[0m
[2.743s] [ 13%] [32mBuilding C object CMakeFiles/action_interfaces__rosidl_generator_c.dir/rosidl_generator_c/action_interfaces/msg/detail/hook__functions.c.o[0m
[2.744s] [ 15%] [32mBuilding C object CMakeFiles/action_interfaces__rosidl_generator_c.dir/rosidl_generator_c/action_interfaces/msg/detail/hook_data__functions.c.o[0m
[2.900s] [ 16%] [32m[1mLinking C shared library libaction_interfaces__rosidl_generator_c.so[0m
[2.946s] [ 16%] Built target action_interfaces__rosidl_generator_c
[2.958s] [ 17%] [34m[1mGenerating C type support dispatch for ROS interfaces[0m
[2.958s] [ 18%] [34m[1mGenerating C introspection for ROS interfaces[0m
[3.128s] [35m[1mScanning dependencies of target action_interfaces__rosidl_typesupport_cpp[0m
[3.148s] [ 21%] [32mBuilding CXX object CMakeFiles/action_interfaces__rosidl_typesupport_cpp.dir/rosidl_typesupport_cpp/action_interfaces/msg/hook__type_support.cpp.o[0m
[3.148s] [ 21%] [32mBuilding CXX object CMakeFiles/action_interfaces__rosidl_typesupport_cpp.dir/rosidl_typesupport_cpp/action_interfaces/action/transform_action__type_support.cpp.o[0m
[3.149s] [ 22%] [32mBuilding CXX object CMakeFiles/action_interfaces__rosidl_typesupport_cpp.dir/rosidl_typesupport_cpp/action_interfaces/action/fibonacci__type_support.cpp.o[0m
[3.149s] [ 24%] [32mBuilding CXX object CMakeFiles/action_interfaces__rosidl_typesupport_cpp.dir/rosidl_typesupport_cpp/action_interfaces/action/move_tcp_along_axis__type_support.cpp.o[0m
[3.150s] [ 25%] [32mBuilding CXX object CMakeFiles/action_interfaces__rosidl_typesupport_cpp.dir/rosidl_typesupport_cpp/action_interfaces/msg/hook_data__type_support.cpp.o[0m
[3.150s] [ 26%] [32mBuilding CXX object CMakeFiles/action_interfaces__rosidl_typesupport_cpp.dir/rosidl_typesupport_cpp/action_interfaces/msg/bounding_box__type_support.cpp.o[0m
[3.151s] [ 27%] [32mBuilding CXX object CMakeFiles/action_interfaces__rosidl_typesupport_cpp.dir/rosidl_typesupport_cpp/action_interfaces/msg/uv__type_support.cpp.o[0m
[3.363s] [35m[1mScanning dependencies of target action_interfaces__rosidl_typesupport_introspection_cpp[0m
[3.396s] [ 30%] [32mBuilding CXX object CMakeFiles/action_interfaces__rosidl_typesupport_introspection_cpp.dir/rosidl_typesupport_introspection_cpp/action_interfaces/action/detail/move_tcp_along_axis__type_support.cpp.o[0m
[3.396s] [ 30%] [32mBuilding CXX object CMakeFiles/action_interfaces__rosidl_typesupport_introspection_cpp.dir/rosidl_typesupport_introspection_cpp/action_interfaces/action/detail/fibonacci__type_support.cpp.o[0m
[3.397s] [ 31%] [32mBuilding CXX object CMakeFiles/action_interfaces__rosidl_typesupport_introspection_cpp.dir/rosidl_typesupport_introspection_cpp/action_interfaces/msg/detail/bounding_box__type_support.cpp.o[0m
[3.397s] [ 32%] [32mBuilding CXX object CMakeFiles/action_interfaces__rosidl_typesupport_introspection_cpp.dir/rosidl_typesupport_introspection_cpp/action_interfaces/msg/detail/hook__type_support.cpp.o[0m
[3.410s] [ 35%] [32mBuilding CXX object CMakeFiles/action_interfaces__rosidl_typesupport_introspection_cpp.dir/rosidl_typesupport_introspection_cpp/action_interfaces/action/detail/transform_action__type_support.cpp.o[0m
[3.411s] [ 35%] [32mBuilding CXX object CMakeFiles/action_interfaces__rosidl_typesupport_introspection_cpp.dir/rosidl_typesupport_introspection_cpp/action_interfaces/msg/detail/hook_data__type_support.cpp.o[0m
[3.446s] [ 36%] [32mBuilding CXX object CMakeFiles/action_interfaces__rosidl_typesupport_introspection_cpp.dir/rosidl_typesupport_introspection_cpp/action_interfaces/msg/detail/uv__type_support.cpp.o[0m
[3.572s] [35m[1mScanning dependencies of target action_interfaces__rosidl_typesupport_fastrtps_cpp[0m
[3.590s] [ 37%] [32m[1mLinking CXX shared library libaction_interfaces__rosidl_typesupport_cpp.so[0m
[3.613s] [ 41%] [32mBuilding CXX object CMakeFiles/action_interfaces__rosidl_typesupport_fastrtps_cpp.dir/rosidl_typesupport_fastrtps_cpp/action_interfaces/action/detail/dds_fastrtps/transform_action__type_support.cpp.o[0m
[3.613s] [ 41%] [32mBuilding CXX object CMakeFiles/action_interfaces__rosidl_typesupport_fastrtps_cpp.dir/rosidl_typesupport_fastrtps_cpp/action_interfaces/action/detail/dds_fastrtps/move_tcp_along_axis__type_support.cpp.o[0m
[3.614s] [ 41%] [32mBuilding CXX object CMakeFiles/action_interfaces__rosidl_typesupport_fastrtps_cpp.dir/rosidl_typesupport_fastrtps_cpp/action_interfaces/action/detail/dds_fastrtps/fibonacci__type_support.cpp.o[0m
[3.615s] [ 43%] [32mBuilding CXX object CMakeFiles/action_interfaces__rosidl_typesupport_fastrtps_cpp.dir/rosidl_typesupport_fastrtps_cpp/action_interfaces/msg/detail/dds_fastrtps/hook__type_support.cpp.o[0m
[3.615s] [ 44%] [32mBuilding CXX object CMakeFiles/action_interfaces__rosidl_typesupport_fastrtps_cpp.dir/rosidl_typesupport_fastrtps_cpp/action_interfaces/msg/detail/dds_fastrtps/hook_data__type_support.cpp.o[0m
[3.617s] [ 45%] [32mBuilding CXX object CMakeFiles/action_interfaces__rosidl_typesupport_fastrtps_cpp.dir/rosidl_typesupport_fastrtps_cpp/action_interfaces/msg/detail/dds_fastrtps/bounding_box__type_support.cpp.o[0m
[3.675s] [ 45%] Built target action_interfaces__rosidl_typesupport_cpp
[3.761s] [ 46%] [32mBuilding CXX object CMakeFiles/action_interfaces__rosidl_typesupport_fastrtps_cpp.dir/rosidl_typesupport_fastrtps_cpp/action_interfaces/msg/detail/dds_fastrtps/uv__type_support.cpp.o[0m
[3.763s] [35m[1mScanning dependencies of target action_interfaces__rosidl_typesupport_c[0m
[3.825s] [ 48%] [32mBuilding CXX object CMakeFiles/action_interfaces__rosidl_typesupport_c.dir/rosidl_typesupport_c/action_interfaces/action/move_tcp_along_axis__type_support.cpp.o[0m
[3.837s] [ 49%] [32mBuilding CXX object CMakeFiles/action_interfaces__rosidl_typesupport_c.dir/rosidl_typesupport_c/action_interfaces/action/fibonacci__type_support.cpp.o[0m
[3.919s] [ 50%] [32mBuilding CXX object CMakeFiles/action_interfaces__rosidl_typesupport_c.dir/rosidl_typesupport_c/action_interfaces/action/transform_action__type_support.cpp.o[0m
[3.923s] [ 51%] [32mBuilding CXX object CMakeFiles/action_interfaces__rosidl_typesupport_c.dir/rosidl_typesupport_c/action_interfaces/msg/bounding_box__type_support.cpp.o[0m
[3.926s] [ 53%] [32mBuilding CXX object CMakeFiles/action_interfaces__rosidl_typesupport_c.dir/rosidl_typesupport_c/action_interfaces/msg/hook__type_support.cpp.o[0m
[3.930s] [ 54%] [32mBuilding CXX object CMakeFiles/action_interfaces__rosidl_typesupport_c.dir/rosidl_typesupport_c/action_interfaces/msg/hook_data__type_support.cpp.o[0m
[3.937s] [ 55%] [32mBuilding CXX object CMakeFiles/action_interfaces__rosidl_typesupport_c.dir/rosidl_typesupport_c/action_interfaces/msg/uv__type_support.cpp.o[0m
[3.990s] [ 56%] [32m[1mLinking CXX shared library libaction_interfaces__rosidl_typesupport_introspection_cpp.so[0m
[4.012s] [ 58%] [32m[1mLinking CXX shared library libaction_interfaces__rosidl_typesupport_c.so[0m
[4.020s] [35m[1mScanning dependencies of target action_interfaces__rosidl_typesupport_introspection_c[0m
[4.047s] [ 60%] [32mBuilding C object CMakeFiles/action_interfaces__rosidl_typesupport_introspection_c.dir/rosidl_typesupport_introspection_c/action_interfaces/msg/detail/bounding_box__type_support.c.o[0m
[4.047s] [ 60%] [32mBuilding C object CMakeFiles/action_interfaces__rosidl_typesupport_introspection_c.dir/rosidl_typesupport_introspection_c/action_interfaces/action/detail/transform_action__type_support.c.o[0m
[4.052s] [ 62%] [32mBuilding C object CMakeFiles/action_interfaces__rosidl_typesupport_introspection_c.dir/rosidl_typesupport_introspection_c/action_interfaces/action/detail/move_tcp_along_axis__type_support.c.o[0m
[4.053s] [ 63%] [32mBuilding C object CMakeFiles/action_interfaces__rosidl_typesupport_introspection_c.dir/rosidl_typesupport_introspection_c/action_interfaces/action/detail/fibonacci__type_support.c.o[0m
[4.053s] [ 64%] [32mBuilding C object CMakeFiles/action_interfaces__rosidl_typesupport_introspection_c.dir/rosidl_typesupport_introspection_c/action_interfaces/msg/detail/hook__type_support.c.o[0m
[4.058s] [ 65%] [32mBuilding C object CMakeFiles/action_interfaces__rosidl_typesupport_introspection_c.dir/rosidl_typesupport_introspection_c/action_interfaces/msg/detail/hook_data__type_support.c.o[0m
[4.084s] [ 67%] [32mBuilding C object CMakeFiles/action_interfaces__rosidl_typesupport_introspection_c.dir/rosidl_typesupport_introspection_c/action_interfaces/msg/detail/uv__type_support.c.o[0m
[4.093s] [ 67%] Built target action_interfaces__rosidl_typesupport_c
[4.140s] [ 68%] [32m[1mLinking C shared library libaction_interfaces__rosidl_typesupport_introspection_c.so[0m
[4.146s] [ 68%] Built target action_interfaces__rosidl_typesupport_introspection_cpp
[4.182s] [ 68%] Built target action_interfaces__rosidl_typesupport_introspection_c
[4.359s] [ 69%] [32m[1mLinking CXX shared library libaction_interfaces__rosidl_typesupport_fastrtps_cpp.so[0m
[4.457s] [ 69%] Built target action_interfaces__rosidl_typesupport_fastrtps_cpp
[4.472s] [ 70%] [34m[1mGenerating C type support for eProsima Fast-RTPS[0m
[5.167s] [35m[1mScanning dependencies of target action_interfaces__rosidl_typesupport_fastrtps_c[0m
[5.200s] [ 72%] [32mBuilding CXX object CMakeFiles/action_interfaces__rosidl_typesupport_fastrtps_c.dir/rosidl_typesupport_fastrtps_c/action_interfaces/action/detail/move_tcp_along_axis__type_support_c.cpp.o[0m
[5.200s] [ 73%] [32mBuilding CXX object CMakeFiles/action_interfaces__rosidl_typesupport_fastrtps_c.dir/rosidl_typesupport_fastrtps_c/action_interfaces/action/detail/fibonacci__type_support_c.cpp.o[0m
[5.200s] [ 74%] [32mBuilding CXX object CMakeFiles/action_interfaces__rosidl_typesupport_fastrtps_c.dir/rosidl_typesupport_fastrtps_c/action_interfaces/action/detail/transform_action__type_support_c.cpp.o[0m
[5.201s] [ 75%] [32mBuilding CXX object CMakeFiles/action_interfaces__rosidl_typesupport_fastrtps_c.dir/rosidl_typesupport_fastrtps_c/action_interfaces/msg/detail/bounding_box__type_support_c.cpp.o[0m
[5.201s] [ 77%] [32mBuilding CXX object CMakeFiles/action_interfaces__rosidl_typesupport_fastrtps_c.dir/rosidl_typesupport_fastrtps_c/action_interfaces/msg/detail/hook__type_support_c.cpp.o[0m
[5.202s] [ 78%] [32mBuilding CXX object CMakeFiles/action_interfaces__rosidl_typesupport_fastrtps_c.dir/rosidl_typesupport_fastrtps_c/action_interfaces/msg/detail/uv__type_support_c.cpp.o[0m
[5.202s] [ 79%] [32mBuilding CXX object CMakeFiles/action_interfaces__rosidl_typesupport_fastrtps_c.dir/rosidl_typesupport_fastrtps_c/action_interfaces/msg/detail/hook_data__type_support_c.cpp.o[0m
[5.560s] [ 81%] [32m[1mLinking CXX shared library libaction_interfaces__rosidl_typesupport_fastrtps_c.so[0m
[5.655s] [ 81%] Built target action_interfaces__rosidl_typesupport_fastrtps_c
[5.690s] [ 81%] Built target action_interfaces
[5.713s] [ 82%] [34m[1mGenerating Python code for ROS interfaces[0m
[7.428s] [ 82%] Built target action_interfaces__py
[7.442s] [35m[1mScanning dependencies of target action_interfaces__python[0m
[7.476s] [ 84%] [32mBuilding C object CMakeFiles/action_interfaces__python.dir/rosidl_generator_py/action_interfaces/action/_move_tcp_along_axis_s.c.o[0m
[7.476s] [ 84%] [32mBuilding C object CMakeFiles/action_interfaces__python.dir/rosidl_generator_py/action_interfaces/action/_transform_action_s.c.o[0m
[7.477s] [ 86%] [32mBuilding C object CMakeFiles/action_interfaces__python.dir/rosidl_generator_py/action_interfaces/msg/_uv_s.c.o[0m
[7.477s] [ 88%] [32mBuilding C object CMakeFiles/action_interfaces__python.dir/rosidl_generator_py/action_interfaces/msg/_bounding_box_s.c.o[0m
[7.477s] [ 88%] [32mBuilding C object CMakeFiles/action_interfaces__python.dir/rosidl_generator_py/action_interfaces/action/_fibonacci_s.c.o[0m
[7.477s] [ 89%] [32mBuilding C object CMakeFiles/action_interfaces__python.dir/rosidl_generator_py/action_interfaces/msg/_hook_data_s.c.o[0m
[7.479s] [ 91%] [32mBuilding C object CMakeFiles/action_interfaces__python.dir/rosidl_generator_py/action_interfaces/msg/_hook_s.c.o[0m
[7.609s] [ 92%] [32m[1mLinking C shared library rosidl_generator_py/action_interfaces/libaction_interfaces__python.so[0m
[7.683s] [ 92%] Built target action_interfaces__python
[7.698s] [35m[1mScanning dependencies of target action_interfaces__rosidl_typesupport_introspection_c__pyext[0m
[7.698s] [35m[1mScanning dependencies of target action_interfaces__rosidl_typesupport_c__pyext[0m
[7.698s] [35m[1mScanning dependencies of target action_interfaces__rosidl_typesupport_fastrtps_c__pyext[0m
[7.717s] [ 93%] [32mBuilding C object CMakeFiles/action_interfaces__rosidl_typesupport_introspection_c__pyext.dir/rosidl_generator_py/action_interfaces/_action_interfaces_s.ep.rosidl_typesupport_introspection_c.c.o[0m
[7.719s] [ 94%] [32mBuilding C object CMakeFiles/action_interfaces__rosidl_typesupport_c__pyext.dir/rosidl_generator_py/action_interfaces/_action_interfaces_s.ep.rosidl_typesupport_c.c.o[0m
[7.721s] [ 96%] [32mBuilding C object CMakeFiles/action_interfaces__rosidl_typesupport_fastrtps_c__pyext.dir/rosidl_generator_py/action_interfaces/_action_interfaces_s.ep.rosidl_typesupport_fastrtps_c.c.o[0m
[7.854s] [ 97%] [32m[1mLinking C shared library rosidl_generator_py/action_interfaces/action_interfaces_s__rosidl_typesupport_introspection_c.cpython-38-x86_64-linux-gnu.so[0m
[7.859s] [ 98%] [32m[1mLinking CXX shared library rosidl_generator_py/action_interfaces/action_interfaces_s__rosidl_typesupport_fastrtps_c.cpython-38-x86_64-linux-gnu.so[0m
[7.874s] [100%] [32m[1mLinking C shared library rosidl_generator_py/action_interfaces/action_interfaces_s__rosidl_typesupport_c.cpython-38-x86_64-linux-gnu.so[0m
[7.901s] [100%] Built target action_interfaces__rosidl_typesupport_introspection_c__pyext
[7.921s] [100%] Built target action_interfaces__rosidl_typesupport_c__pyext
[7.931s] [100%] Built target action_interfaces__rosidl_typesupport_fastrtps_c__pyext
[7.954s] Invoked command in '/home/mo/Thesis/build/action_interfaces' returned '0': CMAKE_PREFIX_PATH=${CMAKE_PREFIX_PATH}:/home/mo/Thesis/install/vision:/home/mo/Thesis/install/vcnanoz:/home/mo/Thesis/install/sensopart_visor:/home/mo/Thesis/install/robot_control:/home/mo/Thesis/install/kr_example_python:/home/mo/Thesis/install/action_servers:/opt/ros/foxy /usr/bin/cmake --build /home/mo/Thesis/build/action_interfaces -- -j16 -l16
[7.959s] Invoking command in '/home/mo/Thesis/build/action_interfaces': CMAKE_PREFIX_PATH=${CMAKE_PREFIX_PATH}:/home/mo/Thesis/install/vision:/home/mo/Thesis/install/vcnanoz:/home/mo/Thesis/install/sensopart_visor:/home/mo/Thesis/install/robot_control:/home/mo/Thesis/install/kr_example_python:/home/mo/Thesis/install/action_servers:/opt/ros/foxy /usr/bin/cmake --install /home/mo/Thesis/build/action_interfaces
[7.970s] -- Install configuration: ""
[7.970s] -- Execute custom install script
[7.971s] -- Up-to-date symlink: /home/mo/Thesis/install/action_interfaces/share/ament_index/resource_index/rosidl_interfaces/action_interfaces
[7.971s] -- Up-to-date symlink: /home/mo/Thesis/install/action_interfaces/include/action_interfaces/action/detail/fibonacci__functions.h
[7.971s] -- Up-to-date symlink: /home/mo/Thesis/install/action_interfaces/include/action_interfaces/action/detail/fibonacci__struct.h
[7.972s] -- Up-to-date symlink: /home/mo/Thesis/install/action_interfaces/include/action_interfaces/action/detail/fibonacci__type_support.h
[7.972s] -- Up-to-date symlink: /home/mo/Thesis/install/action_interfaces/include/action_interfaces/action/detail/move_tcp_along_axis__functions.h
[7.972s] -- Up-to-date symlink: /home/mo/Thesis/install/action_interfaces/include/action_interfaces/action/detail/move_tcp_along_axis__struct.h
[7.972s] -- Up-to-date symlink: /home/mo/Thesis/install/action_interfaces/include/action_interfaces/action/detail/move_tcp_along_axis__type_support.h
[7.972s] -- Up-to-date symlink: /home/mo/Thesis/install/action_interfaces/include/action_interfaces/action/detail/transform_action__functions.h
[7.972s] -- Up-to-date symlink: /home/mo/Thesis/install/action_interfaces/include/action_interfaces/action/detail/transform_action__struct.h
[7.973s] -- Up-to-date symlink: /home/mo/Thesis/install/action_interfaces/include/action_interfaces/action/detail/transform_action__type_support.h
[7.973s] -- Up-to-date symlink: /home/mo/Thesis/install/action_interfaces/include/action_interfaces/action/fibonacci.h
[7.973s] -- Up-to-date symlink: /home/mo/Thesis/install/action_interfaces/include/action_interfaces/action/move_tcp_along_axis.h
[7.973s] -- Up-to-date symlink: /home/mo/Thesis/install/action_interfaces/include/action_interfaces/action/transform_action.h
[7.973s] -- Up-to-date symlink: /home/mo/Thesis/install/action_interfaces/include/action_interfaces/msg/bounding_box.h
[7.973s] -- Up-to-date symlink: /home/mo/Thesis/install/action_interfaces/include/action_interfaces/msg/detail/bounding_box__functions.h
[7.973s] -- Up-to-date symlink: /home/mo/Thesis/install/action_interfaces/include/action_interfaces/msg/detail/bounding_box__struct.h
[7.974s] -- Up-to-date symlink: /home/mo/Thesis/install/action_interfaces/include/action_interfaces/msg/detail/bounding_box__type_support.h
[7.974s] -- Up-to-date symlink: /home/mo/Thesis/install/action_interfaces/include/action_interfaces/msg/detail/hook__functions.h
[7.974s] -- Up-to-date symlink: /home/mo/Thesis/install/action_interfaces/include/action_interfaces/msg/detail/hook__struct.h
[7.974s] -- Up-to-date symlink: /home/mo/Thesis/install/action_interfaces/include/action_interfaces/msg/detail/hook__type_support.h
[7.974s] -- Up-to-date symlink: /home/mo/Thesis/install/action_interfaces/include/action_interfaces/msg/detail/hook_data__functions.h
[7.974s] -- Up-to-date symlink: /home/mo/Thesis/install/action_interfaces/include/action_interfaces/msg/detail/hook_data__struct.h
[7.975s] -- Up-to-date symlink: /home/mo/Thesis/install/action_interfaces/include/action_interfaces/msg/detail/hook_data__type_support.h
[7.975s] -- Up-to-date symlink: /home/mo/Thesis/install/action_interfaces/include/action_interfaces/msg/detail/uv__functions.h
[7.975s] -- Up-to-date symlink: /home/mo/Thesis/install/action_interfaces/include/action_interfaces/msg/detail/uv__struct.h
[7.975s] -- Up-to-date symlink: /home/mo/Thesis/install/action_interfaces/include/action_interfaces/msg/detail/uv__type_support.h
[7.975s] -- Up-to-date symlink: /home/mo/Thesis/install/action_interfaces/include/action_interfaces/msg/hook.h
[7.975s] -- Up-to-date symlink: /home/mo/Thesis/install/action_interfaces/include/action_interfaces/msg/hook_data.h
[7.976s] -- Up-to-date symlink: /home/mo/Thesis/install/action_interfaces/include/action_interfaces/msg/rosidl_generator_c__visibility_control.h
[7.976s] -- Up-to-date symlink: /home/mo/Thesis/install/action_interfaces/include/action_interfaces/msg/uv.h
[7.976s] -- Up-to-date symlink: /home/mo/Thesis/install/action_interfaces/share/action_interfaces/environment/library_path.sh
[7.976s] -- Up-to-date symlink: /home/mo/Thesis/install/action_interfaces/share/action_interfaces/environment/library_path.dsv
[7.977s] -- Up-to-date symlink: /home/mo/Thesis/install/action_interfaces/include/action_interfaces/action/detail/fibonacci__rosidl_typesupport_fastrtps_c.h
[7.977s] -- Up-to-date symlink: /home/mo/Thesis/install/action_interfaces/include/action_interfaces/action/detail/move_tcp_along_axis__rosidl_typesupport_fastrtps_c.h
[7.977s] -- Up-to-date symlink: /home/mo/Thesis/install/action_interfaces/include/action_interfaces/action/detail/transform_action__rosidl_typesupport_fastrtps_c.h
[7.978s] -- Up-to-date symlink: /home/mo/Thesis/install/action_interfaces/include/action_interfaces/msg/detail/bounding_box__rosidl_typesupport_fastrtps_c.h
[7.978s] -- Up-to-date symlink: /home/mo/Thesis/install/action_interfaces/include/action_interfaces/msg/detail/hook__rosidl_typesupport_fastrtps_c.h
[7.978s] -- Up-to-date symlink: /home/mo/Thesis/install/action_interfaces/include/action_interfaces/msg/detail/hook_data__rosidl_typesupport_fastrtps_c.h
[7.978s] -- Up-to-date symlink: /home/mo/Thesis/install/action_interfaces/include/action_interfaces/msg/detail/uv__rosidl_typesupport_fastrtps_c.h
[7.978s] -- Up-to-date symlink: /home/mo/Thesis/install/action_interfaces/include/action_interfaces/msg/rosidl_typesupport_fastrtps_c__visibility_control.h
[7.979s] -- Up-to-date symlink: /home/mo/Thesis/install/action_interfaces/lib/libaction_interfaces__rosidl_typesupport_fastrtps_c.so
[7.979s] -- Up-to-date symlink: /home/mo/Thesis/install/action_interfaces/include/action_interfaces/action/detail/fibonacci__rosidl_typesupport_fastrtps_cpp.hpp
[7.979s] -- Up-to-date symlink: /home/mo/Thesis/install/action_interfaces/include/action_interfaces/action/detail/move_tcp_along_axis__rosidl_typesupport_fastrtps_cpp.hpp
[7.980s] -- Up-to-date symlink: /home/mo/Thesis/install/action_interfaces/include/action_interfaces/action/detail/transform_action__rosidl_typesupport_fastrtps_cpp.hpp
[7.980s] -- Up-to-date symlink: /home/mo/Thesis/install/action_interfaces/include/action_interfaces/msg/detail/bounding_box__rosidl_typesupport_fastrtps_cpp.hpp
[7.980s] -- Up-to-date symlink: /home/mo/Thesis/install/action_interfaces/include/action_interfaces/msg/detail/hook__rosidl_typesupport_fastrtps_cpp.hpp
[7.980s] -- Up-to-date symlink: /home/mo/Thesis/install/action_interfaces/include/action_interfaces/msg/detail/hook_data__rosidl_typesupport_fastrtps_cpp.hpp
[7.980s] -- Up-to-date symlink: /home/mo/Thesis/install/action_interfaces/include/action_interfaces/msg/detail/uv__rosidl_typesupport_fastrtps_cpp.hpp
[7.980s] -- Up-to-date symlink: /home/mo/Thesis/install/action_interfaces/include/action_interfaces/msg/rosidl_typesupport_fastrtps_cpp__visibility_control.h
[7.981s] -- Up-to-date symlink: /home/mo/Thesis/install/action_interfaces/lib/libaction_interfaces__rosidl_typesupport_fastrtps_cpp.so
[7.981s] -- Up-to-date symlink: /home/mo/Thesis/install/action_interfaces/include/action_interfaces/action/detail/fibonacci__rosidl_typesupport_introspection_c.h
[7.981s] -- Up-to-date symlink: /home/mo/Thesis/install/action_interfaces/include/action_interfaces/action/detail/move_tcp_along_axis__rosidl_typesupport_introspection_c.h
[7.982s] -- Up-to-date symlink: /home/mo/Thesis/install/action_interfaces/include/action_interfaces/action/detail/transform_action__rosidl_typesupport_introspection_c.h
[7.982s] -- Up-to-date symlink: /home/mo/Thesis/install/action_interfaces/include/action_interfaces/msg/detail/bounding_box__rosidl_typesupport_introspection_c.h
[7.982s] -- Up-to-date symlink: /home/mo/Thesis/install/action_interfaces/include/action_interfaces/msg/detail/hook__rosidl_typesupport_introspection_c.h
[7.982s] -- Up-to-date symlink: /home/mo/Thesis/install/action_interfaces/include/action_interfaces/msg/detail/hook_data__rosidl_typesupport_introspection_c.h
[7.982s] -- Up-to-date symlink: /home/mo/Thesis/install/action_interfaces/include/action_interfaces/msg/detail/uv__rosidl_typesupport_introspection_c.h
[7.982s] -- Up-to-date symlink: /home/mo/Thesis/install/action_interfaces/include/action_interfaces/msg/rosidl_typesupport_introspection_c__visibility_control.h
[7.983s] -- Up-to-date symlink: /home/mo/Thesis/install/action_interfaces/include/action_interfaces/action/detail/fibonacci__builder.hpp
[7.983s] -- Up-to-date symlink: /home/mo/Thesis/install/action_interfaces/include/action_interfaces/action/detail/fibonacci__struct.hpp
[7.983s] -- Up-to-date symlink: /home/mo/Thesis/install/action_interfaces/include/action_interfaces/action/detail/fibonacci__traits.hpp
[7.984s] -- Up-to-date symlink: /home/mo/Thesis/install/action_interfaces/include/action_interfaces/action/detail/fibonacci__type_support.hpp
[7.984s] -- Up-to-date symlink: /home/mo/Thesis/install/action_interfaces/include/action_interfaces/action/detail/move_tcp_along_axis__builder.hpp
[7.984s] -- Up-to-date symlink: /home/mo/Thesis/install/action_interfaces/include/action_interfaces/action/detail/move_tcp_along_axis__struct.hpp
[7.984s] -- Up-to-date symlink: /home/mo/Thesis/install/action_interfaces/include/action_interfaces/action/detail/move_tcp_along_axis__traits.hpp
[7.984s] -- Up-to-date symlink: /home/mo/Thesis/install/action_interfaces/include/action_interfaces/action/detail/move_tcp_along_axis__type_support.hpp
[7.984s] -- Up-to-date symlink: /home/mo/Thesis/install/action_interfaces/include/action_interfaces/action/detail/transform_action__builder.hpp
[7.985s] -- Up-to-date symlink: /home/mo/Thesis/install/action_interfaces/include/action_interfaces/action/detail/transform_action__struct.hpp
[7.985s] -- Up-to-date symlink: /home/mo/Thesis/install/action_interfaces/include/action_interfaces/action/detail/transform_action__traits.hpp
[7.985s] -- Up-to-date symlink: /home/mo/Thesis/install/action_interfaces/include/action_interfaces/action/detail/transform_action__type_support.hpp
[7.985s] -- Up-to-date symlink: /home/mo/Thesis/install/action_interfaces/include/action_interfaces/action/fibonacci.hpp
[7.985s] -- Up-to-date symlink: /home/mo/Thesis/install/action_interfaces/include/action_interfaces/action/move_tcp_along_axis.hpp
[7.985s] -- Up-to-date symlink: /home/mo/Thesis/install/action_interfaces/include/action_interfaces/action/transform_action.hpp
[7.986s] -- Up-to-date symlink: /home/mo/Thesis/install/action_interfaces/include/action_interfaces/msg/bounding_box.hpp
[7.986s] -- Up-to-date symlink: /home/mo/Thesis/install/action_interfaces/include/action_interfaces/msg/detail/bounding_box__builder.hpp
[7.986s] -- Up-to-date symlink: /home/mo/Thesis/install/action_interfaces/include/action_interfaces/msg/detail/bounding_box__struct.hpp
[7.986s] -- Up-to-date symlink: /home/mo/Thesis/install/action_interfaces/include/action_interfaces/msg/detail/bounding_box__traits.hpp
[7.986s] -- Up-to-date symlink: /home/mo/Thesis/install/action_interfaces/include/action_interfaces/msg/detail/bounding_box__type_support.hpp
[7.986s] -- Up-to-date symlink: /home/mo/Thesis/install/action_interfaces/include/action_interfaces/msg/detail/hook__builder.hpp
[7.987s] -- Up-to-date symlink: /home/mo/Thesis/install/action_interfaces/include/action_interfaces/msg/detail/hook__struct.hpp
[7.987s] -- Up-to-date symlink: /home/mo/Thesis/install/action_interfaces/include/action_interfaces/msg/detail/hook__traits.hpp
[7.987s] -- Up-to-date symlink: /home/mo/Thesis/install/action_interfaces/include/action_interfaces/msg/detail/hook__type_support.hpp
[7.987s] -- Up-to-date symlink: /home/mo/Thesis/install/action_interfaces/include/action_interfaces/msg/detail/hook_data__builder.hpp
[7.987s] -- Up-to-date symlink: /home/mo/Thesis/install/action_interfaces/include/action_interfaces/msg/detail/hook_data__struct.hpp
[7.987s] -- Up-to-date symlink: /home/mo/Thesis/install/action_interfaces/include/action_interfaces/msg/detail/hook_data__traits.hpp
[7.988s] -- Up-to-date symlink: /home/mo/Thesis/install/action_interfaces/include/action_interfaces/msg/detail/hook_data__type_support.hpp
[7.988s] -- Up-to-date symlink: /home/mo/Thesis/install/action_interfaces/include/action_interfaces/msg/detail/uv__builder.hpp
[7.988s] -- Up-to-date symlink: /home/mo/Thesis/install/action_interfaces/include/action_interfaces/msg/detail/uv__struct.hpp
[7.988s] -- Up-to-date symlink: /home/mo/Thesis/install/action_interfaces/include/action_interfaces/msg/detail/uv__traits.hpp
[7.988s] -- Up-to-date symlink: /home/mo/Thesis/install/action_interfaces/include/action_interfaces/msg/detail/uv__type_support.hpp
[7.988s] -- Up-to-date symlink: /home/mo/Thesis/install/action_interfaces/include/action_interfaces/msg/hook.hpp
[7.989s] -- Up-to-date symlink: /home/mo/Thesis/install/action_interfaces/include/action_interfaces/msg/hook_data.hpp
[7.989s] -- Up-to-date symlink: /home/mo/Thesis/install/action_interfaces/include/action_interfaces/msg/rosidl_generator_cpp__visibility_control.hpp
[7.989s] -- Up-to-date symlink: /home/mo/Thesis/install/action_interfaces/include/action_interfaces/msg/uv.hpp
[7.989s] -- Up-to-date symlink: /home/mo/Thesis/install/action_interfaces/include/action_interfaces/action/detail/fibonacci__rosidl_typesupport_introspection_cpp.hpp
[7.990s] -- Up-to-date symlink: /home/mo/Thesis/install/action_interfaces/include/action_interfaces/action/detail/move_tcp_along_axis__rosidl_typesupport_introspection_cpp.hpp
[7.990s] -- Up-to-date symlink: /home/mo/Thesis/install/action_interfaces/include/action_interfaces/action/detail/transform_action__rosidl_typesupport_introspection_cpp.hpp
[7.990s] -- Up-to-date symlink: /home/mo/Thesis/install/action_interfaces/include/action_interfaces/msg/detail/bounding_box__rosidl_typesupport_introspection_cpp.hpp
[7.990s] -- Up-to-date symlink: /home/mo/Thesis/install/action_interfaces/include/action_interfaces/msg/detail/hook__rosidl_typesupport_introspection_cpp.hpp
[7.990s] -- Up-to-date symlink: /home/mo/Thesis/install/action_interfaces/include/action_interfaces/msg/detail/hook_data__rosidl_typesupport_introspection_cpp.hpp
[7.990s] -- Up-to-date symlink: /home/mo/Thesis/install/action_interfaces/include/action_interfaces/msg/detail/uv__rosidl_typesupport_introspection_cpp.hpp
[7.991s] -- Up-to-date symlink: /home/mo/Thesis/install/action_interfaces/share/action_interfaces/environment/pythonpath.sh
[7.991s] -- Up-to-date symlink: /home/mo/Thesis/install/action_interfaces/share/action_interfaces/environment/pythonpath.dsv
[7.991s] -- Up-to-date symlink: /home/mo/Thesis/install/action_interfaces/lib/python3.8/site-packages/action_interfaces/__init__.py
[7.991s] -- Up-to-date symlink: /home/mo/Thesis/install/action_interfaces/lib/python3.8/site-packages/action_interfaces/action/__init__.py
[7.992s] -- Up-to-date symlink: /home/mo/Thesis/install/action_interfaces/lib/python3.8/site-packages/action_interfaces/action/_fibonacci.py
[7.992s] -- Up-to-date symlink: /home/mo/Thesis/install/action_interfaces/lib/python3.8/site-packages/action_interfaces/action/_move_tcp_along_axis.py
[7.992s] -- Up-to-date symlink: /home/mo/Thesis/install/action_interfaces/lib/python3.8/site-packages/action_interfaces/action/_transform_action.py
[7.992s] -- Up-to-date symlink: /home/mo/Thesis/install/action_interfaces/lib/python3.8/site-packages/action_interfaces/msg/__init__.py
[7.992s] -- Up-to-date symlink: /home/mo/Thesis/install/action_interfaces/lib/python3.8/site-packages/action_interfaces/msg/_bounding_box.py
[7.993s] -- Up-to-date symlink: /home/mo/Thesis/install/action_interfaces/lib/python3.8/site-packages/action_interfaces/msg/_hook.py
[7.993s] -- Up-to-date symlink: /home/mo/Thesis/install/action_interfaces/lib/python3.8/site-packages/action_interfaces/msg/_hook_data.py
[7.993s] -- Up-to-date symlink: /home/mo/Thesis/install/action_interfaces/lib/python3.8/site-packages/action_interfaces/msg/_uv.py
[7.993s] -- Up-to-date symlink: /home/mo/Thesis/install/action_interfaces/lib/python3.8/site-packages/action_interfaces/action_interfaces_s__rosidl_typesupport_fastrtps_c.cpython-38-x86_64-linux-gnu.so
[7.994s] -- Up-to-date symlink: /home/mo/Thesis/install/action_interfaces/lib/python3.8/site-packages/action_interfaces/action_interfaces_s__rosidl_typesupport_introspection_c.cpython-38-x86_64-linux-gnu.so
[7.994s] -- Up-to-date symlink: /home/mo/Thesis/install/action_interfaces/lib/python3.8/site-packages/action_interfaces/action_interfaces_s__rosidl_typesupport_c.cpython-38-x86_64-linux-gnu.so
[7.994s] -- Up-to-date symlink: /home/mo/Thesis/install/action_interfaces/lib/libaction_interfaces__python.so
[7.995s] -- Up-to-date symlink: /home/mo/Thesis/install/action_interfaces/share/action_interfaces/action/Fibonacci.idl
[7.995s] -- Up-to-date symlink: /home/mo/Thesis/install/action_interfaces/share/action_interfaces/action/MoveTcpAlongAxis.idl
[7.995s] -- Up-to-date symlink: /home/mo/Thesis/install/action_interfaces/share/action_interfaces/action/TransformAction.idl
[7.995s] -- Up-to-date symlink: /home/mo/Thesis/install/action_interfaces/share/action_interfaces/msg/BoundingBox.idl
[7.995s] -- Up-to-date symlink: /home/mo/Thesis/install/action_interfaces/share/action_interfaces/msg/Hook.idl
[7.996s] -- Up-to-date symlink: /home/mo/Thesis/install/action_interfaces/share/action_interfaces/msg/HookData.idl
[7.996s] -- Up-to-date symlink: /home/mo/Thesis/install/action_interfaces/share/action_interfaces/msg/UV.idl
[7.996s] -- Up-to-date symlink: /home/mo/Thesis/install/action_interfaces/share/action_interfaces/action/Fibonacci.action
[7.996s] -- Up-to-date symlink: /home/mo/Thesis/install/action_interfaces/share/action_interfaces/action/MoveTcpAlongAxis.action
[7.997s] -- Up-to-date symlink: /home/mo/Thesis/install/action_interfaces/share/action_interfaces/action/TransformAction.action
[7.997s] -- Up-to-date symlink: /home/mo/Thesis/install/action_interfaces/share/action_interfaces/msg/BoundingBox.msg
[7.997s] -- Up-to-date symlink: /home/mo/Thesis/install/action_interfaces/share/action_interfaces/msg/Hook.msg
[7.997s] -- Up-to-date symlink: /home/mo/Thesis/install/action_interfaces/share/action_interfaces/msg/HookData.msg
[7.997s] -- Up-to-date symlink: /home/mo/Thesis/install/action_interfaces/share/action_interfaces/msg/UV.msg
[7.998s] -- Up-to-date symlink: /home/mo/Thesis/install/action_interfaces/share/ament_index/resource_index/package_run_dependencies/action_interfaces
[7.998s] -- Up-to-date symlink: /home/mo/Thesis/install/action_interfaces/share/ament_index/resource_index/parent_prefix_path/action_interfaces
[7.998s] -- Up-to-date symlink: /home/mo/Thesis/install/action_interfaces/share/action_interfaces/environment/ament_prefix_path.sh
[7.998s] -- Up-to-date symlink: /home/mo/Thesis/install/action_interfaces/share/action_interfaces/environment/ament_prefix_path.dsv
[7.999s] -- Up-to-date symlink: /home/mo/Thesis/install/action_interfaces/share/action_interfaces/environment/path.sh
[7.999s] -- Up-to-date symlink: /home/mo/Thesis/install/action_interfaces/share/action_interfaces/environment/path.dsv
[7.999s] -- Up-to-date symlink: /home/mo/Thesis/install/action_interfaces/share/action_interfaces/local_setup.bash
[7.999s] -- Up-to-date symlink: /home/mo/Thesis/install/action_interfaces/share/action_interfaces/local_setup.sh
[7.999s] -- Up-to-date symlink: /home/mo/Thesis/install/action_interfaces/share/action_interfaces/local_setup.zsh
[8.000s] -- Up-to-date symlink: /home/mo/Thesis/install/action_interfaces/share/action_interfaces/local_setup.dsv
[8.000s] -- Symlinking: /home/mo/Thesis/install/action_interfaces/share/action_interfaces/package.dsv
[8.015s] -- Up-to-date symlink: /home/mo/Thesis/install/action_interfaces/share/ament_index/resource_index/packages/action_interfaces
[8.015s] -- Up-to-date symlink: /home/mo/Thesis/install/action_interfaces/share/action_interfaces/cmake/rosidl_cmake-extras.cmake
[8.015s] -- Up-to-date symlink: /home/mo/Thesis/install/action_interfaces/share/action_interfaces/cmake/ament_cmake_export_dependencies-extras.cmake
[8.016s] -- Up-to-date symlink: /home/mo/Thesis/install/action_interfaces/share/action_interfaces/cmake/ament_cmake_export_libraries-extras.cmake
[8.017s] -- Up-to-date symlink: /home/mo/Thesis/install/action_interfaces/share/action_interfaces/cmake/ament_cmake_export_targets-extras.cmake
[8.018s] -- Up-to-date symlink: /home/mo/Thesis/install/action_interfaces/share/action_interfaces/cmake/ament_cmake_export_include_directories-extras.cmake
[8.018s] -- Up-to-date symlink: /home/mo/Thesis/install/action_interfaces/share/action_interfaces/cmake/rosidl_cmake_export_typesupport_libraries-extras.cmake
[8.019s] -- Up-to-date symlink: /home/mo/Thesis/install/action_interfaces/share/action_interfaces/cmake/rosidl_cmake_export_typesupport_targets-extras.cmake
[8.020s] -- Up-to-date symlink: /home/mo/Thesis/install/action_interfaces/share/action_interfaces/cmake/action_interfacesConfig.cmake
[8.020s] -- Up-to-date symlink: /home/mo/Thesis/install/action_interfaces/share/action_interfaces/cmake/action_interfacesConfig-version.cmake
[8.021s] -- Up-to-date symlink: /home/mo/Thesis/install/action_interfaces/share/action_interfaces/package.xml
[8.022s] -- Installing: /home/mo/Thesis/install/action_interfaces/lib/libaction_interfaces__rosidl_generator_c.so
[8.024s] -- Set runtime path of "/home/mo/Thesis/install/action_interfaces/lib/libaction_interfaces__rosidl_generator_c.so" to ""
[8.025s] -- Installing: /home/mo/Thesis/install/action_interfaces/lib/libaction_interfaces__rosidl_typesupport_introspection_c.so
[8.026s] -- Set runtime path of "/home/mo/Thesis/install/action_interfaces/lib/libaction_interfaces__rosidl_typesupport_introspection_c.so" to ""
[8.026s] -- Installing: /home/mo/Thesis/install/action_interfaces/lib/libaction_interfaces__rosidl_typesupport_c.so
[8.026s] -- Set runtime path of "/home/mo/Thesis/install/action_interfaces/lib/libaction_interfaces__rosidl_typesupport_c.so" to ""
[8.027s] -- Installing: /home/mo/Thesis/install/action_interfaces/lib/libaction_interfaces__rosidl_typesupport_introspection_cpp.so
[8.027s] -- Set runtime path of "/home/mo/Thesis/install/action_interfaces/lib/libaction_interfaces__rosidl_typesupport_introspection_cpp.so" to ""
[8.028s] -- Installing: /home/mo/Thesis/install/action_interfaces/lib/libaction_interfaces__rosidl_typesupport_cpp.so
[8.028s] -- Set runtime path of "/home/mo/Thesis/install/action_interfaces/lib/libaction_interfaces__rosidl_typesupport_cpp.so" to ""
[8.063s] Compiling '/home/mo/Thesis/install/action_interfaces/lib/python3.8/site-packages/action_interfaces/__init__.py'...
[8.066s] -- Up-to-date: /home/mo/Thesis/install/action_interfaces/share/action_interfaces/cmake/action_interfaces__rosidl_generator_cExport.cmake
[8.066s] -- Installing: /home/mo/Thesis/install/action_interfaces/share/action_interfaces/cmake/action_interfaces__rosidl_generator_cExport-noconfig.cmake
[8.066s] -- Up-to-date: /home/mo/Thesis/install/action_interfaces/share/action_interfaces/cmake/action_interfaces__rosidl_typesupport_introspection_cExport.cmake
[8.067s] -- Installing: /home/mo/Thesis/install/action_interfaces/share/action_interfaces/cmake/action_interfaces__rosidl_typesupport_introspection_cExport-noconfig.cmake
[8.067s] -- Up-to-date: /home/mo/Thesis/install/action_interfaces/share/action_interfaces/cmake/action_interfaces__rosidl_typesupport_cExport.cmake
[8.067s] -- Installing: /home/mo/Thesis/install/action_interfaces/share/action_interfaces/cmake/action_interfaces__rosidl_typesupport_cExport-noconfig.cmake
[8.067s] -- Up-to-date: /home/mo/Thesis/install/action_interfaces/share/action_interfaces/cmake/action_interfaces__rosidl_generator_cppExport.cmake
[8.068s] -- Up-to-date: /home/mo/Thesis/install/action_interfaces/share/action_interfaces/cmake/action_interfaces__rosidl_typesupport_introspection_cppExport.cmake
[8.068s] -- Installing: /home/mo/Thesis/install/action_interfaces/share/action_interfaces/cmake/action_interfaces__rosidl_typesupport_introspection_cppExport-noconfig.cmake
[8.069s] -- Up-to-date: /home/mo/Thesis/install/action_interfaces/share/action_interfaces/cmake/action_interfaces__rosidl_typesupport_cppExport.cmake
[8.069s] -- Installing: /home/mo/Thesis/install/action_interfaces/share/action_interfaces/cmake/action_interfaces__rosidl_typesupport_cppExport-noconfig.cmake
[8.075s] Invoked command in '/home/mo/Thesis/build/action_interfaces' returned '0': CMAKE_PREFIX_PATH=${CMAKE_PREFIX_PATH}:/home/mo/Thesis/install/vision:/home/mo/Thesis/install/vcnanoz:/home/mo/Thesis/install/sensopart_visor:/home/mo/Thesis/install/robot_control:/home/mo/Thesis/install/kr_example_python:/home/mo/Thesis/install/action_servers:/opt/ros/foxy /usr/bin/cmake --install /home/mo/Thesis/build/action_interfaces
