[1.603s] Invoking command in '/home/vboxuser/ros2_ws/src/robot_control': CMAKE_PREFIX_PATH=/home/vboxuser/ros2_ws/install/action_interfaces:/home/vboxuser/ros2_ws/install/realsense2_description:/home/vboxuser/ros2_ws/install/realsense2_camera:/home/vboxuser/ros2_ws/install/realsense2_camera_msgs:/home/vboxuser/ros2_ws/install/kr_example_cpp:/home/vboxuser/ros2_ws/install/kr_msgs:/home/vboxuser/ros2_ws/install/groot LD_LIBRARY_PATH=/home/vboxuser/ros2_ws/install/action_interfaces/lib:/home/vboxuser/ros2_ws/install/realsense2_camera/lib:/home/vboxuser/ros2_ws/install/realsense2_camera_msgs/lib:/home/vboxuser/ros2_ws/install/kr_msgs/lib:/home/vboxuser/ros2_ws/install/groot/lib:/opt/ros/foxy/opt/yaml_cpp_vendor/lib:/opt/ros/foxy/opt/rviz_ogre_vendor/lib:/opt/ros/foxy/lib/x86_64-linux-gnu:/opt/ros/foxy/lib PYTHONPATH=/home/vboxuser/ros2_ws/build/robot_control/prefix_override:/usr/lib/python3/dist-packages/colcon_core/task/python/colcon_distutils_commands:/home/vboxuser/ros2_ws/install/robot_control/lib/python3.8/site-packages:/home/vboxuser/ros2_ws/install/action_interfaces/lib/python3.8/site-packages:/home/vboxuser/ros2_ws/install/vision/lib/python3.8/site-packages:/home/vboxuser/ros2_ws/install/vcnanoz/lib/python3.8/site-packages:/home/vboxuser/ros2_ws/install/robot_control/lib/python3.8/site-packages:/home/vboxuser/ros2_ws/install/realsense2_camera_msgs/lib/python3.8/site-packages:/home/vboxuser/ros2_ws/install/kr_example_python/lib/python3.8/site-packages:/home/vboxuser/ros2_ws/install/kr_msgs/lib/python3.8/site-packages:/home/vboxuser/ros2_ws/install/bt_pkg/lib/python3.8/site-packages:/home/vboxuser/ros2_ws/install/action_servers/lib/python3.8/site-packages:/opt/ros/foxy/lib/python3.8/site-packages /usr/bin/python3 -W ignore:setup.py install is deprecated -W ignore:easy_install command is deprecated setup.py egg_info --egg-base ../../build/robot_control build --build-base /home/vboxuser/ros2_ws/build/robot_control/build install --record /home/vboxuser/ros2_ws/build/robot_control/install.log --install-scripts $base/lib/robot_control --single-version-externally-managed install_data
[1.904s] running egg_info
[1.905s] writing ../../build/robot_control/robot_control.egg-info/PKG-INFO
[1.909s] writing dependency_links to ../../build/robot_control/robot_control.egg-info/dependency_links.txt
[1.909s] writing entry points to ../../build/robot_control/robot_control.egg-info/entry_points.txt
[1.910s] writing requirements to ../../build/robot_control/robot_control.egg-info/requires.txt
[1.910s] writing top-level names to ../../build/robot_control/robot_control.egg-info/top_level.txt
[1.951s] reading manifest file '../../build/robot_control/robot_control.egg-info/SOURCES.txt'
[1.952s] writing manifest file '../../build/robot_control/robot_control.egg-info/SOURCES.txt'
[1.952s] running build
[1.957s] running build_py
[1.957s] running install
[1.957s] running install_lib
[1.958s] running install_data
[1.958s] running install_egg_info
[1.960s] removing '/home/vboxuser/ros2_ws/install/robot_control/lib/python3.8/site-packages/robot_control-0.0.0-py3.8.egg-info' (and everything under it)
[1.961s] Copying ../../build/robot_control/robot_control.egg-info to /home/vboxuser/ros2_ws/install/robot_control/lib/python3.8/site-packages/robot_control-0.0.0-py3.8.egg-info
[1.962s] running install_scripts
[1.981s] Installing MoveTcpAlongAxis_action_client script to /home/vboxuser/ros2_ws/install/robot_control/lib/robot_control
[1.983s] Installing fibonacci_action_client script to /home/vboxuser/ros2_ws/install/robot_control/lib/robot_control
[1.983s] Installing get_robot_pose_node script to /home/vboxuser/ros2_ws/install/robot_control/lib/robot_control
[1.983s] Installing hello_node script to /home/vboxuser/ros2_ws/install/robot_control/lib/robot_control
[1.983s] Installing move_along_baseline_client script to /home/vboxuser/ros2_ws/install/robot_control/lib/robot_control
[1.984s] Installing move_lin_by_key script to /home/vboxuser/ros2_ws/install/robot_control/lib/robot_control
[1.984s] Installing print_frames script to /home/vboxuser/ros2_ws/install/robot_control/lib/robot_control
[1.984s] Installing print_tcp_pose script to /home/vboxuser/ros2_ws/install/robot_control/lib/robot_control
[1.987s] Installing read_transformation_delta script to /home/vboxuser/ros2_ws/install/robot_control/lib/robot_control
[1.987s] Installing read_transformation_snapshot script to /home/vboxuser/ros2_ws/install/robot_control/lib/robot_control
[1.987s] Installing robot_TcpPose_node script to /home/vboxuser/ros2_ws/install/robot_control/lib/robot_control
[1.987s] Installing set_frame_client script to /home/vboxuser/ros2_ws/install/robot_control/lib/robot_control
[1.987s] Installing transformation_delta script to /home/vboxuser/ros2_ws/install/robot_control/lib/robot_control
[1.987s] Installing transformation_snapshot script to /home/vboxuser/ros2_ws/install/robot_control/lib/robot_control
[1.987s] writing list of installed files to '/home/vboxuser/ros2_ws/build/robot_control/install.log'
[2.020s] Invoked command in '/home/vboxuser/ros2_ws/src/robot_control' returned '0': CMAKE_PREFIX_PATH=/home/vboxuser/ros2_ws/install/action_interfaces:/home/vboxuser/ros2_ws/install/realsense2_description:/home/vboxuser/ros2_ws/install/realsense2_camera:/home/vboxuser/ros2_ws/install/realsense2_camera_msgs:/home/vboxuser/ros2_ws/install/kr_example_cpp:/home/vboxuser/ros2_ws/install/kr_msgs:/home/vboxuser/ros2_ws/install/groot LD_LIBRARY_PATH=/home/vboxuser/ros2_ws/install/action_interfaces/lib:/home/vboxuser/ros2_ws/install/realsense2_camera/lib:/home/vboxuser/ros2_ws/install/realsense2_camera_msgs/lib:/home/vboxuser/ros2_ws/install/kr_msgs/lib:/home/vboxuser/ros2_ws/install/groot/lib:/opt/ros/foxy/opt/yaml_cpp_vendor/lib:/opt/ros/foxy/opt/rviz_ogre_vendor/lib:/opt/ros/foxy/lib/x86_64-linux-gnu:/opt/ros/foxy/lib PYTHONPATH=/home/vboxuser/ros2_ws/build/robot_control/prefix_override:/usr/lib/python3/dist-packages/colcon_core/task/python/colcon_distutils_commands:/home/vboxuser/ros2_ws/install/robot_control/lib/python3.8/site-packages:/home/vboxuser/ros2_ws/install/action_interfaces/lib/python3.8/site-packages:/home/vboxuser/ros2_ws/install/vision/lib/python3.8/site-packages:/home/vboxuser/ros2_ws/install/vcnanoz/lib/python3.8/site-packages:/home/vboxuser/ros2_ws/install/robot_control/lib/python3.8/site-packages:/home/vboxuser/ros2_ws/install/realsense2_camera_msgs/lib/python3.8/site-packages:/home/vboxuser/ros2_ws/install/kr_example_python/lib/python3.8/site-packages:/home/vboxuser/ros2_ws/install/kr_msgs/lib/python3.8/site-packages:/home/vboxuser/ros2_ws/install/bt_pkg/lib/python3.8/site-packages:/home/vboxuser/ros2_ws/install/action_servers/lib/python3.8/site-packages:/opt/ros/foxy/lib/python3.8/site-packages /usr/bin/python3 -W ignore:setup.py install is deprecated -W ignore:easy_install command is deprecated setup.py egg_info --egg-base ../../build/robot_control build --build-base /home/vboxuser/ros2_ws/build/robot_control/build install --record /home/vboxuser/ros2_ws/build/robot_control/install.log --install-scripts $base/lib/robot_control --single-version-externally-managed install_data
