[1.974s] Invoking command in '/home/mo/Thesis/src/vision': PYTHONPATH=/home/mo/Thesis/build/vision/prefix_override:/usr/lib/python3/dist-packages/colcon_core/task/python/colcon_distutils_commands:/home/mo/Thesis/install/vision/lib/python3.8/site-packages:${PYTHONPATH} /usr/bin/python3 -W ignore:setup.py install is deprecated -W ignore:easy_install command is deprecated setup.py egg_info --egg-base ../../build/vision build --build-base /home/mo/Thesis/build/vision/build install --record /home/mo/Thesis/build/vision/install.log --single-version-externally-managed install_data
[2.374s] running egg_info
[2.396s] writing ../../build/vision/vision.egg-info/PKG-INFO
[2.396s] writing dependency_links to ../../build/vision/vision.egg-info/dependency_links.txt
[2.397s] writing entry points to ../../build/vision/vision.egg-info/entry_points.txt
[2.397s] writing requirements to ../../build/vision/vision.egg-info/requires.txt
[2.397s] writing top-level names to ../../build/vision/vision.egg-info/top_level.txt
[2.569s] reading manifest file '../../build/vision/vision.egg-info/SOURCES.txt'
[2.571s] writing manifest file '../../build/vision/vision.egg-info/SOURCES.txt'
[2.571s] running build
[2.572s] running build_py
[2.572s] copying vision/point_finder_3d.py -> /home/mo/Thesis/build/vision/build/lib/vision
[2.572s] copying vision/image_receiver.py -> /home/mo/Thesis/build/vision/build/lib/vision
[2.573s] copying vision/OLD_process_nn_output.py -> /home/mo/Thesis/build/vision/build/lib/vision
[2.573s] copying vision/img_filters.py -> /home/mo/Thesis/build/vision/build/lib/vision
[2.573s] copying vision/point_finder_2d.py -> /home/mo/Thesis/build/vision/build/lib/vision
[2.573s] copying vision/maskrcnn_inference.py -> /home/mo/Thesis/build/vision/build/lib/vision
[2.574s] copying vision/calibration.py -> /home/mo/Thesis/build/vision/build/lib/vision
[2.574s] copying vision/yolov8_inference.py -> /home/mo/Thesis/build/vision/build/lib/vision
[2.574s] copying vision/OLD_nn_output_processor.py -> /home/mo/Thesis/build/vision/build/lib/vision
[2.574s] copying vision/hook_detector.py -> /home/mo/Thesis/build/vision/build/lib/vision
[2.575s] copying vision/__init__.py -> /home/mo/Thesis/build/vision/build/lib/vision
[2.575s] copying vision/test_node.py -> /home/mo/Thesis/build/vision/build/lib/vision
[2.575s] copying FC_vision/FC_lowpass_filter.py -> /home/mo/Thesis/build/vision/build/lib/FC_vision
[2.575s] copying FC_vision/FC_ema_filter.py -> /home/mo/Thesis/build/vision/build/lib/FC_vision
[2.576s] copying FC_vision/FC_moving_avg_filter.py -> /home/mo/Thesis/build/vision/build/lib/FC_vision
[2.576s] copying FC_vision/__init__.py -> /home/mo/Thesis/build/vision/build/lib/FC_vision
[2.576s] copying FC_vision/FC_iir_buttoworth_filter.py -> /home/mo/Thesis/build/vision/build/lib/FC_vision
[2.577s] running install
[2.585s] running install_lib
[2.616s] running install_data
[2.617s] copying resource/vision -> /home/mo/Thesis/install/vision/share/ament_index/resource_index/packages
[2.617s] copying package.xml -> /home/mo/Thesis/install/vision/share/vision
[2.617s] running install_egg_info
[2.643s] removing '/home/mo/Thesis/install/vision/lib/python3.8/site-packages/vision-0.0.0-py3.8.egg-info' (and everything under it)
[2.644s] Copying ../../build/vision/vision.egg-info to /home/mo/Thesis/install/vision/lib/python3.8/site-packages/vision-0.0.0-py3.8.egg-info
[2.645s] running install_scripts
[2.704s] Installing calibration script to /home/mo/Thesis/install/vision/lib/vision
[2.704s] Installing hook_detector script to /home/mo/Thesis/install/vision/lib/vision
[2.705s] Installing image_filters script to /home/mo/Thesis/install/vision/lib/vision
[2.706s] Installing image_receiver script to /home/mo/Thesis/install/vision/lib/vision
[2.706s] Installing maskrcnn_inference script to /home/mo/Thesis/install/vision/lib/vision
[2.706s] Installing nn_output_processor script to /home/mo/Thesis/install/vision/lib/vision
[2.707s] Installing point_finder_2d script to /home/mo/Thesis/install/vision/lib/vision
[2.707s] Installing point_finder_3d script to /home/mo/Thesis/install/vision/lib/vision
[2.707s] Installing stereo_triangulation script to /home/mo/Thesis/install/vision/lib/vision
[2.707s] Installing stereo_triangulation_with_robot script to /home/mo/Thesis/install/vision/lib/vision
[2.707s] Installing test_node script to /home/mo/Thesis/install/vision/lib/vision
[2.708s] Installing yolov8_inference script to /home/mo/Thesis/install/vision/lib/vision
[2.708s] writing list of installed files to '/home/mo/Thesis/build/vision/install.log'
[2.769s] Invoked command in '/home/mo/Thesis/src/vision' returned '0': PYTHONPATH=/home/mo/Thesis/build/vision/prefix_override:/usr/lib/python3/dist-packages/colcon_core/task/python/colcon_distutils_commands:/home/mo/Thesis/install/vision/lib/python3.8/site-packages:${PYTHONPATH} /usr/bin/python3 -W ignore:setup.py install is deprecated -W ignore:easy_install command is deprecated setup.py egg_info --egg-base ../../build/vision build --build-base /home/mo/Thesis/build/vision/build install --record /home/mo/Thesis/build/vision/install.log --single-version-externally-managed install_data
