[0.017s] Invoking command in '/home/mo/Thesis/src/build/kr_example_cpp': AMENT_PREFIX_PATH=/home/mo/Thesis/src/install/kr_msgs:${AMENT_PREFIX_PATH} CMAKE_PREFIX_PATH=/home/mo/Thesis/src/install/kr_msgs:/home/mo/Thesis/install/kr_example_cpp:/home/mo/Thesis/install/kr_msgs:/home/mo/Thesis/install/kdl_parser:/home/mo/Thesis/install/action_interfaces:/home/mo/Thesis/install/vision:/home/mo/Thesis/install/vcnanoz:/home/mo/Thesis/install/sensopart_visor:/home/mo/Thesis/install/robot_control:/home/mo/Thesis/install/kr_example_python:/home/mo/Thesis/install/action_servers:/opt/ros/foxy LD_LIBRARY_PATH=/home/mo/Thesis/src/install/kr_msgs/lib:${LD_LIBRARY_PATH} PYTHONPATH=/home/mo/Thesis/src/install/kr_msgs/lib/python3.8/site-packages:${PYTHONPATH} /usr/bin/cmake /home/mo/Thesis/src/orange-ros2/kr_example/cpp -DCMAKE_INSTALL_PREFIX=/home/mo/Thesis/src/install/kr_example_cpp
[0.073s] -- The C compiler identification is GNU 9.4.0
[0.128s] -- The CXX compiler identification is GNU 9.4.0
[0.133s] -- Check for working C compiler: /usr/bin/cc
[0.205s] -- Check for working C compiler: /usr/bin/cc -- works
[0.206s] -- Detecting C compiler ABI info
[0.287s] -- Detecting C compiler ABI info - done
[0.297s] -- Detecting C compile features
[0.297s] -- Detecting C compile features - done
[0.299s] -- Check for working CXX compiler: /usr/bin/c++
[0.381s] -- Check for working CXX compiler: /usr/bin/c++ -- works
[0.382s] -- Detecting CXX compiler ABI info
[0.468s] -- Detecting CXX compiler ABI info - done
[0.478s] -- Detecting CXX compile features
[0.479s] -- Detecting CXX compile features - done
[0.482s] -- Found ament_cmake: 0.9.12 (/opt/ros/foxy/share/ament_cmake/cmake)
[0.509s] -- Found PythonInterp: /usr/bin/python3 (found suitable version "3.8.10", minimum required is "3") 
[0.509s] -- Using PYTHON_EXECUTABLE: /usr/bin/python3
[0.763s] -- Found rclcpp: 2.4.3 (/opt/ros/foxy/share/rclcpp/cmake)
[0.832s] -- Using all available rosidl_typesupport_c: rosidl_typesupport_fastrtps_c;rosidl_typesupport_introspection_c
[0.841s] -- Found rosidl_adapter: 1.3.1 (/opt/ros/foxy/share/rosidl_adapter/cmake)
[0.946s] -- Found OpenSSL: /usr/lib/x86_64-linux-gnu/libcrypto.so (found version "1.1.1f")  
[0.976s] -- Found FastRTPS: /opt/ros/foxy/include  
[1.053s] -- Using all available rosidl_typesupport_cpp: rosidl_typesupport_fastrtps_cpp;rosidl_typesupport_introspection_cpp
[1.119s] -- Found rmw_implementation_cmake: 1.0.4 (/opt/ros/foxy/share/rmw_implementation_cmake/cmake)
[1.121s] -- Using RMW implementation 'rmw_fastrtps_cpp' as default
[1.124s] -- Looking for pthread.h
[1.201s] -- Looking for pthread.h - found
[1.202s] -- Performing Test CMAKE_HAVE_LIBC_PTHREAD
[1.276s] -- Performing Test CMAKE_HAVE_LIBC_PTHREAD - Failed
[1.276s] -- Looking for pthread_create in pthreads
[1.346s] -- Looking for pthread_create in pthreads - not found
[1.346s] -- Looking for pthread_create in pthread
[1.425s] -- Looking for pthread_create in pthread - found
[1.426s] -- Found Threads: TRUE  
[1.589s] -- Found kr_msgs: 0.0.0 (/home/mo/Thesis/src/install/kr_msgs/share/kr_msgs/cmake)
[1.739s] -- Configuring done
[1.756s] -- Generating done
[1.764s] -- Build files have been written to: /home/mo/Thesis/src/build/kr_example_cpp
[1.771s] Invoked command in '/home/mo/Thesis/src/build/kr_example_cpp' returned '0': AMENT_PREFIX_PATH=/home/mo/Thesis/src/install/kr_msgs:${AMENT_PREFIX_PATH} CMAKE_PREFIX_PATH=/home/mo/Thesis/src/install/kr_msgs:/home/mo/Thesis/install/kr_example_cpp:/home/mo/Thesis/install/kr_msgs:/home/mo/Thesis/install/kdl_parser:/home/mo/Thesis/install/action_interfaces:/home/mo/Thesis/install/vision:/home/mo/Thesis/install/vcnanoz:/home/mo/Thesis/install/sensopart_visor:/home/mo/Thesis/install/robot_control:/home/mo/Thesis/install/kr_example_python:/home/mo/Thesis/install/action_servers:/opt/ros/foxy LD_LIBRARY_PATH=/home/mo/Thesis/src/install/kr_msgs/lib:${LD_LIBRARY_PATH} PYTHONPATH=/home/mo/Thesis/src/install/kr_msgs/lib/python3.8/site-packages:${PYTHONPATH} /usr/bin/cmake /home/mo/Thesis/src/orange-ros2/kr_example/cpp -DCMAKE_INSTALL_PREFIX=/home/mo/Thesis/src/install/kr_example_cpp
[1.773s] Invoking command in '/home/mo/Thesis/src/build/kr_example_cpp': AMENT_PREFIX_PATH=/home/mo/Thesis/src/install/kr_msgs:${AMENT_PREFIX_PATH} CMAKE_PREFIX_PATH=/home/mo/Thesis/src/install/kr_msgs:/home/mo/Thesis/install/kr_example_cpp:/home/mo/Thesis/install/kr_msgs:/home/mo/Thesis/install/kdl_parser:/home/mo/Thesis/install/action_interfaces:/home/mo/Thesis/install/vision:/home/mo/Thesis/install/vcnanoz:/home/mo/Thesis/install/sensopart_visor:/home/mo/Thesis/install/robot_control:/home/mo/Thesis/install/kr_example_python:/home/mo/Thesis/install/action_servers:/opt/ros/foxy LD_LIBRARY_PATH=/home/mo/Thesis/src/install/kr_msgs/lib:${LD_LIBRARY_PATH} PYTHONPATH=/home/mo/Thesis/src/install/kr_msgs/lib/python3.8/site-packages:${PYTHONPATH} /usr/bin/cmake --build /home/mo/Thesis/src/build/kr_example_cpp -- -j16 -l16
[1.823s] [35m[1mScanning dependencies of target move_joint[0m
[1.823s] [35m[1mScanning dependencies of target follow_joint[0m
[1.824s] [35m[1mScanning dependencies of target self_motion[0m
[1.824s] [35m[1mScanning dependencies of target jog_linear[0m
[1.824s] [35m[1mScanning dependencies of target robot_state[0m
[1.965s] [ 20%] [32mBuilding CXX object CMakeFiles/self_motion.dir/src/self_motion.cpp.o[0m
[1.965s] [ 20%] [32mBuilding CXX object CMakeFiles/follow_joint.dir/src/follow_joint.cpp.o[0m
[1.967s] [ 30%] [32mBuilding CXX object CMakeFiles/robot_state.dir/src/robot_state.cpp.o[0m
[1.968s] [ 40%] [32mBuilding CXX object CMakeFiles/move_joint.dir/src/move_joint.cpp.o[0m
[1.971s] [ 50%] [32mBuilding CXX object CMakeFiles/jog_linear.dir/src/jog_linear.cpp.o[0m
[4.305s] [ 60%] [32m[1mLinking CXX executable move_joint[0m
[4.441s] [ 60%] Built target move_joint
[4.694s] [ 70%] [32m[1mLinking CXX executable self_motion[0m
[4.719s] [ 80%] [32m[1mLinking CXX executable follow_joint[0m
[4.844s] [ 80%] Built target self_motion
[4.864s] [ 80%] Built target follow_joint
[5.111s] [ 90%] [32m[1mLinking CXX executable jog_linear[0m
[5.268s] [ 90%] Built target jog_linear
[6.003s] [100%] [32m[1mLinking CXX executable robot_state[0m
[6.198s] [100%] Built target robot_state
[6.215s] Invoked command in '/home/mo/Thesis/src/build/kr_example_cpp' returned '0': AMENT_PREFIX_PATH=/home/mo/Thesis/src/install/kr_msgs:${AMENT_PREFIX_PATH} CMAKE_PREFIX_PATH=/home/mo/Thesis/src/install/kr_msgs:/home/mo/Thesis/install/kr_example_cpp:/home/mo/Thesis/install/kr_msgs:/home/mo/Thesis/install/kdl_parser:/home/mo/Thesis/install/action_interfaces:/home/mo/Thesis/install/vision:/home/mo/Thesis/install/vcnanoz:/home/mo/Thesis/install/sensopart_visor:/home/mo/Thesis/install/robot_control:/home/mo/Thesis/install/kr_example_python:/home/mo/Thesis/install/action_servers:/opt/ros/foxy LD_LIBRARY_PATH=/home/mo/Thesis/src/install/kr_msgs/lib:${LD_LIBRARY_PATH} PYTHONPATH=/home/mo/Thesis/src/install/kr_msgs/lib/python3.8/site-packages:${PYTHONPATH} /usr/bin/cmake --build /home/mo/Thesis/src/build/kr_example_cpp -- -j16 -l16
[6.220s] Invoking command in '/home/mo/Thesis/src/build/kr_example_cpp': AMENT_PREFIX_PATH=/home/mo/Thesis/src/install/kr_msgs:${AMENT_PREFIX_PATH} CMAKE_PREFIX_PATH=/home/mo/Thesis/src/install/kr_msgs:/home/mo/Thesis/install/kr_example_cpp:/home/mo/Thesis/install/kr_msgs:/home/mo/Thesis/install/kdl_parser:/home/mo/Thesis/install/action_interfaces:/home/mo/Thesis/install/vision:/home/mo/Thesis/install/vcnanoz:/home/mo/Thesis/install/sensopart_visor:/home/mo/Thesis/install/robot_control:/home/mo/Thesis/install/kr_example_python:/home/mo/Thesis/install/action_servers:/opt/ros/foxy LD_LIBRARY_PATH=/home/mo/Thesis/src/install/kr_msgs/lib:${LD_LIBRARY_PATH} PYTHONPATH=/home/mo/Thesis/src/install/kr_msgs/lib/python3.8/site-packages:${PYTHONPATH} /usr/bin/cmake --install /home/mo/Thesis/src/build/kr_example_cpp
[6.234s] -- Install configuration: ""
[6.234s] -- Installing: /home/mo/Thesis/src/install/kr_example_cpp/lib/kr_example_cpp/robot_state
[6.236s] -- Set runtime path of "/home/mo/Thesis/src/install/kr_example_cpp/lib/kr_example_cpp/robot_state" to ""
[6.236s] -- Installing: /home/mo/Thesis/src/install/kr_example_cpp/lib/kr_example_cpp/follow_joint
[6.237s] -- Set runtime path of "/home/mo/Thesis/src/install/kr_example_cpp/lib/kr_example_cpp/follow_joint" to ""
[6.237s] -- Installing: /home/mo/Thesis/src/install/kr_example_cpp/lib/kr_example_cpp/move_joint
[6.238s] -- Set runtime path of "/home/mo/Thesis/src/install/kr_example_cpp/lib/kr_example_cpp/move_joint" to ""
[6.238s] -- Installing: /home/mo/Thesis/src/install/kr_example_cpp/lib/kr_example_cpp/jog_linear
[6.240s] -- Set runtime path of "/home/mo/Thesis/src/install/kr_example_cpp/lib/kr_example_cpp/jog_linear" to ""
[6.240s] -- Installing: /home/mo/Thesis/src/install/kr_example_cpp/lib/kr_example_cpp/self_motion
[6.241s] -- Set runtime path of "/home/mo/Thesis/src/install/kr_example_cpp/lib/kr_example_cpp/self_motion" to ""
[6.241s] -- Installing: /home/mo/Thesis/src/install/kr_example_cpp/share/ament_index/resource_index/package_run_dependencies/kr_example_cpp
[6.241s] -- Installing: /home/mo/Thesis/src/install/kr_example_cpp/share/ament_index/resource_index/parent_prefix_path/kr_example_cpp
[6.241s] -- Installing: /home/mo/Thesis/src/install/kr_example_cpp/share/kr_example_cpp/environment/ament_prefix_path.sh
[6.241s] -- Installing: /home/mo/Thesis/src/install/kr_example_cpp/share/kr_example_cpp/environment/ament_prefix_path.dsv
[6.242s] -- Installing: /home/mo/Thesis/src/install/kr_example_cpp/share/kr_example_cpp/environment/path.sh
[6.242s] -- Installing: /home/mo/Thesis/src/install/kr_example_cpp/share/kr_example_cpp/environment/path.dsv
[6.242s] -- Installing: /home/mo/Thesis/src/install/kr_example_cpp/share/kr_example_cpp/local_setup.bash
[6.242s] -- Installing: /home/mo/Thesis/src/install/kr_example_cpp/share/kr_example_cpp/local_setup.sh
[6.242s] -- Installing: /home/mo/Thesis/src/install/kr_example_cpp/share/kr_example_cpp/local_setup.zsh
[6.242s] -- Installing: /home/mo/Thesis/src/install/kr_example_cpp/share/kr_example_cpp/local_setup.dsv
[6.242s] -- Installing: /home/mo/Thesis/src/install/kr_example_cpp/share/kr_example_cpp/package.dsv
[6.243s] -- Installing: /home/mo/Thesis/src/install/kr_example_cpp/share/ament_index/resource_index/packages/kr_example_cpp
[6.243s] -- Installing: /home/mo/Thesis/src/install/kr_example_cpp/share/kr_example_cpp/cmake/kr_example_cppConfig.cmake
[6.243s] -- Installing: /home/mo/Thesis/src/install/kr_example_cpp/share/kr_example_cpp/cmake/kr_example_cppConfig-version.cmake
[6.243s] -- Installing: /home/mo/Thesis/src/install/kr_example_cpp/share/kr_example_cpp/package.xml
[6.245s] Invoked command in '/home/mo/Thesis/src/build/kr_example_cpp' returned '0': AMENT_PREFIX_PATH=/home/mo/Thesis/src/install/kr_msgs:${AMENT_PREFIX_PATH} CMAKE_PREFIX_PATH=/home/mo/Thesis/src/install/kr_msgs:/home/mo/Thesis/install/kr_example_cpp:/home/mo/Thesis/install/kr_msgs:/home/mo/Thesis/install/kdl_parser:/home/mo/Thesis/install/action_interfaces:/home/mo/Thesis/install/vision:/home/mo/Thesis/install/vcnanoz:/home/mo/Thesis/install/sensopart_visor:/home/mo/Thesis/install/robot_control:/home/mo/Thesis/install/kr_example_python:/home/mo/Thesis/install/action_servers:/opt/ros/foxy LD_LIBRARY_PATH=/home/mo/Thesis/src/install/kr_msgs/lib:${LD_LIBRARY_PATH} PYTHONPATH=/home/mo/Thesis/src/install/kr_msgs/lib/python3.8/site-packages:${PYTHONPATH} /usr/bin/cmake --install /home/mo/Thesis/src/build/kr_example_cpp
