[1.099s] Invoking command in '/home/mo/Thesis/src/robot_control': CMAKE_PREFIX_PATH=/home/mo/Thesis/install/action_interfaces:/home/mo/Thesis/install/kr_example_cpp:/home/mo/Thesis/install/kr_msgs LD_LIBRARY_PATH=/home/mo/Thesis/install/action_interfaces/lib:/home/mo/Thesis/install/kr_msgs/lib:/opt/ros/foxy/opt/yaml_cpp_vendor/lib:/opt/ros/foxy/opt/rviz_ogre_vendor/lib:/opt/ros/foxy/lib/x86_64-linux-gnu:/opt/ros/foxy/lib PYTHONPATH=/home/mo/Thesis/build/robot_control/prefix_override:/usr/lib/python3/dist-packages/colcon_core/task/python/colcon_distutils_commands:/home/mo/Thesis/install/robot_control/lib/python3.8/site-packages:/home/mo/Thesis/install/action_interfaces/lib/python3.8/site-packages:/home/mo/Thesis/install/vision/lib/python3.8/site-packages:/home/mo/Thesis/install/vcnanoz/lib/python3.8/site-packages:/home/mo/Thesis/install/sensopart_visor/lib/python3.8/site-packages:/home/mo/Thesis/install/robot_control/lib/python3.8/site-packages:/home/mo/Thesis/install/kr_example_python/lib/python3.8/site-packages:/home/mo/Thesis/install/kr_msgs/lib/python3.8/site-packages:/home/mo/Thesis/install/bt_pkg/lib/python3.8/site-packages:/home/mo/Thesis/install/action_servers/lib/python3.8/site-packages:/opt/ros/foxy/lib/python3.8/site-packages /usr/bin/python3 -W ignore:setup.py install is deprecated -W ignore:easy_install command is deprecated setup.py egg_info --egg-base ../../build/robot_control build --build-base /home/mo/Thesis/build/robot_control/build install --record /home/mo/Thesis/build/robot_control/install.log --install-scripts $base/lib/robot_control --single-version-externally-managed install_data
[1.295s] running egg_info
[1.295s] writing ../../build/robot_control/robot_control.egg-info/PKG-INFO
[1.295s] writing dependency_links to ../../build/robot_control/robot_control.egg-info/dependency_links.txt
[1.296s] writing entry points to ../../build/robot_control/robot_control.egg-info/entry_points.txt
[1.296s] writing requirements to ../../build/robot_control/robot_control.egg-info/requires.txt
[1.296s] writing top-level names to ../../build/robot_control/robot_control.egg-info/top_level.txt
[1.324s] reading manifest file '../../build/robot_control/robot_control.egg-info/SOURCES.txt'
[1.324s] writing manifest file '../../build/robot_control/robot_control.egg-info/SOURCES.txt'
[1.324s] running build
[1.325s] running build_py
[1.325s] running install
[1.326s] running install_lib
[1.328s] running install_data
[1.328s] running install_egg_info
[1.330s] removing '/home/mo/Thesis/install/robot_control/lib/python3.8/site-packages/robot_control-0.0.0-py3.8.egg-info' (and everything under it)
[1.330s] Copying ../../build/robot_control/robot_control.egg-info to /home/mo/Thesis/install/robot_control/lib/python3.8/site-packages/robot_control-0.0.0-py3.8.egg-info
[1.331s] running install_scripts
[1.346s] Installing MoveTcpAlongAxis_action_client script to /home/mo/Thesis/install/robot_control/lib/robot_control
[1.346s] Installing fibonacci_action_client script to /home/mo/Thesis/install/robot_control/lib/robot_control
[1.347s] Installing get_robot_pose_node script to /home/mo/Thesis/install/robot_control/lib/robot_control
[1.347s] Installing hello_node script to /home/mo/Thesis/install/robot_control/lib/robot_control
[1.347s] Installing move_along_baseline_client script to /home/mo/Thesis/install/robot_control/lib/robot_control
[1.347s] Installing move_lin_by_key script to /home/mo/Thesis/install/robot_control/lib/robot_control
[1.347s] Installing print_frames script to /home/mo/Thesis/install/robot_control/lib/robot_control
[1.347s] Installing print_tcp_pose script to /home/mo/Thesis/install/robot_control/lib/robot_control
[1.347s] Installing read_transformation_delta script to /home/mo/Thesis/install/robot_control/lib/robot_control
[1.347s] Installing read_transformation_snapshot script to /home/mo/Thesis/install/robot_control/lib/robot_control
[1.348s] Installing robot_TcpPose_node script to /home/mo/Thesis/install/robot_control/lib/robot_control
[1.348s] Installing set_frame_client script to /home/mo/Thesis/install/robot_control/lib/robot_control
[1.348s] Installing tcp_frame_listener script to /home/mo/Thesis/install/robot_control/lib/robot_control
[1.348s] Installing tf_frames_publisher script to /home/mo/Thesis/install/robot_control/lib/robot_control
[1.348s] Installing transformation_delta script to /home/mo/Thesis/install/robot_control/lib/robot_control
[1.348s] Installing transformation_snapshot script to /home/mo/Thesis/install/robot_control/lib/robot_control
[1.349s] writing list of installed files to '/home/mo/Thesis/build/robot_control/install.log'
[1.373s] Invoked command in '/home/mo/Thesis/src/robot_control' returned '0': CMAKE_PREFIX_PATH=/home/mo/Thesis/install/action_interfaces:/home/mo/Thesis/install/kr_example_cpp:/home/mo/Thesis/install/kr_msgs LD_LIBRARY_PATH=/home/mo/Thesis/install/action_interfaces/lib:/home/mo/Thesis/install/kr_msgs/lib:/opt/ros/foxy/opt/yaml_cpp_vendor/lib:/opt/ros/foxy/opt/rviz_ogre_vendor/lib:/opt/ros/foxy/lib/x86_64-linux-gnu:/opt/ros/foxy/lib PYTHONPATH=/home/mo/Thesis/build/robot_control/prefix_override:/usr/lib/python3/dist-packages/colcon_core/task/python/colcon_distutils_commands:/home/mo/Thesis/install/robot_control/lib/python3.8/site-packages:/home/mo/Thesis/install/action_interfaces/lib/python3.8/site-packages:/home/mo/Thesis/install/vision/lib/python3.8/site-packages:/home/mo/Thesis/install/vcnanoz/lib/python3.8/site-packages:/home/mo/Thesis/install/sensopart_visor/lib/python3.8/site-packages:/home/mo/Thesis/install/robot_control/lib/python3.8/site-packages:/home/mo/Thesis/install/kr_example_python/lib/python3.8/site-packages:/home/mo/Thesis/install/kr_msgs/lib/python3.8/site-packages:/home/mo/Thesis/install/bt_pkg/lib/python3.8/site-packages:/home/mo/Thesis/install/action_servers/lib/python3.8/site-packages:/opt/ros/foxy/lib/python3.8/site-packages /usr/bin/python3 -W ignore:setup.py install is deprecated -W ignore:easy_install command is deprecated setup.py egg_info --egg-base ../../build/robot_control build --build-base /home/mo/Thesis/build/robot_control/build install --record /home/mo/Thesis/build/robot_control/install.log --install-scripts $base/lib/robot_control --single-version-externally-managed install_data
