[1.936s] Invoking command in '/home/mo/Thesis/src/vcnanoz': PYTHONPATH=/home/mo/Thesis/build/vcnanoz/prefix_override:/usr/lib/python3/dist-packages/colcon_core/task/python/colcon_distutils_commands:/home/mo/Thesis/install/vcnanoz/lib/python3.8/site-packages:${PYTHONPATH} /usr/bin/python3 -W ignore:setup.py install is deprecated -W ignore:easy_install command is deprecated setup.py egg_info --egg-base ../../build/vcnanoz build --build-base /home/mo/Thesis/build/vcnanoz/build install --record /home/mo/Thesis/build/vcnanoz/install.log --single-version-externally-managed install_data
[2.285s] running egg_info
[2.303s] writing ../../build/vcnanoz/vcnanoz.egg-info/PKG-INFO
[2.303s] writing dependency_links to ../../build/vcnanoz/vcnanoz.egg-info/dependency_links.txt
[2.304s] writing entry points to ../../build/vcnanoz/vcnanoz.egg-info/entry_points.txt
[2.304s] writing requirements to ../../build/vcnanoz/vcnanoz.egg-info/requires.txt
[2.304s] writing top-level names to ../../build/vcnanoz/vcnanoz.egg-info/top_level.txt
[2.494s] reading manifest file '../../build/vcnanoz/vcnanoz.egg-info/SOURCES.txt'
[2.496s] writing manifest file '../../build/vcnanoz/vcnanoz.egg-info/SOURCES.txt'
[2.508s] running build
[2.509s] running build_py
[2.510s] copying vcnanoz/vc_startup.py -> /home/mo/Thesis/build/vcnanoz/build/lib/vcnanoz
[2.511s] copying vcnanoz/srvClient_vc_startup.py -> /home/mo/Thesis/build/vcnanoz/build/lib/vcnanoz
[2.512s] copying vcnanoz/vc_shutdown.py -> /home/mo/Thesis/build/vcnanoz/build/lib/vcnanoz
[2.513s] copying vcnanoz/srvServer_vc_startup.py -> /home/mo/Thesis/build/vcnanoz/build/lib/vcnanoz
[2.514s] copying vcnanoz/__init__.py -> /home/mo/Thesis/build/vcnanoz/build/lib/vcnanoz
[2.515s] copying vcnanoz/vc_img_receiver.py -> /home/mo/Thesis/build/vcnanoz/build/lib/vcnanoz
[2.517s] running install
[2.541s] running install_lib
[2.567s] running install_data
[2.567s] copying resource/vcnanoz -> /home/mo/Thesis/install/vcnanoz/share/ament_index/resource_index/packages
[2.568s] copying package.xml -> /home/mo/Thesis/install/vcnanoz/share/vcnanoz
[2.568s] running install_egg_info
[2.590s] removing '/home/mo/Thesis/install/vcnanoz/lib/python3.8/site-packages/vcnanoz-0.0.0-py3.8.egg-info' (and everything under it)
[2.591s] Copying ../../build/vcnanoz/vcnanoz.egg-info to /home/mo/Thesis/install/vcnanoz/lib/python3.8/site-packages/vcnanoz-0.0.0-py3.8.egg-info
[2.591s] running install_scripts
[2.637s] Installing srvClient_vc_startup script to /home/mo/Thesis/install/vcnanoz/lib/vcnanoz
[2.638s] Installing srvServer_vc_startup script to /home/mo/Thesis/install/vcnanoz/lib/vcnanoz
[2.638s] Installing vc_img_receiver script to /home/mo/Thesis/install/vcnanoz/lib/vcnanoz
[2.638s] Installing vc_shutdown script to /home/mo/Thesis/install/vcnanoz/lib/vcnanoz
[2.638s] Installing vc_startup script to /home/mo/Thesis/install/vcnanoz/lib/vcnanoz
[2.639s] writing list of installed files to '/home/mo/Thesis/build/vcnanoz/install.log'
[2.662s] Invoked command in '/home/mo/Thesis/src/vcnanoz' returned '0': PYTHONPATH=/home/mo/Thesis/build/vcnanoz/prefix_override:/usr/lib/python3/dist-packages/colcon_core/task/python/colcon_distutils_commands:/home/mo/Thesis/install/vcnanoz/lib/python3.8/site-packages:${PYTHONPATH} /usr/bin/python3 -W ignore:setup.py install is deprecated -W ignore:easy_install command is deprecated setup.py egg_info --egg-base ../../build/vcnanoz build --build-base /home/mo/Thesis/build/vcnanoz/build install --record /home/mo/Thesis/build/vcnanoz/install.log --single-version-externally-managed install_data
