[1.499s] Invoking command in '/home/vboxuser/ros2_ws/src/vcnanoz': PYTHONPATH=/home/vboxuser/ros2_ws/build/vcnanoz/prefix_override:/usr/lib/python3/dist-packages/colcon_core/task/python/colcon_distutils_commands:/home/vboxuser/ros2_ws/install/vcnanoz/lib/python3.8/site-packages:${PYTHONPATH} /usr/bin/python3 -W ignore:setup.py install is deprecated -W ignore:easy_install command is deprecated setup.py egg_info --egg-base ../../build/vcnanoz build --build-base /home/vboxuser/ros2_ws/build/vcnanoz/build install --record /home/vboxuser/ros2_ws/build/vcnanoz/install.log --install-scripts $base/lib/vcnanoz --single-version-externally-managed install_data
[1.749s] running egg_info
[1.749s] writing ../../build/vcnanoz/vcnanoz.egg-info/PKG-INFO
[1.749s] writing dependency_links to ../../build/vcnanoz/vcnanoz.egg-info/dependency_links.txt
[1.750s] writing entry points to ../../build/vcnanoz/vcnanoz.egg-info/entry_points.txt
[1.750s] writing requirements to ../../build/vcnanoz/vcnanoz.egg-info/requires.txt
[1.750s] writing top-level names to ../../build/vcnanoz/vcnanoz.egg-info/top_level.txt
[1.754s] reading manifest file '../../build/vcnanoz/vcnanoz.egg-info/SOURCES.txt'
[1.755s] writing manifest file '../../build/vcnanoz/vcnanoz.egg-info/SOURCES.txt'
[1.755s] running build
[1.756s] running build_py
[1.756s] copying vcnanoz/vc_img_receiver.py -> /home/vboxuser/ros2_ws/build/vcnanoz/build/lib/vcnanoz
[1.756s] running install
[1.757s] running install_lib
[1.757s] copying /home/vboxuser/ros2_ws/build/vcnanoz/build/lib/vcnanoz/vc_img_receiver.py -> /home/vboxuser/ros2_ws/install/vcnanoz/lib/python3.8/site-packages/vcnanoz
[1.757s] byte-compiling /home/vboxuser/ros2_ws/install/vcnanoz/lib/python3.8/site-packages/vcnanoz/vc_img_receiver.py to vc_img_receiver.cpython-38.pyc
[1.757s] running install_data
[1.758s] running install_egg_info
[1.758s] removing '/home/vboxuser/ros2_ws/install/vcnanoz/lib/python3.8/site-packages/vcnanoz-0.0.0-py3.8.egg-info' (and everything under it)
[1.758s] Copying ../../build/vcnanoz/vcnanoz.egg-info to /home/vboxuser/ros2_ws/install/vcnanoz/lib/python3.8/site-packages/vcnanoz-0.0.0-py3.8.egg-info
[1.768s] running install_scripts
[1.768s] Installing vc_img_receiver script to /home/vboxuser/ros2_ws/install/vcnanoz/lib/vcnanoz
[1.768s] writing list of installed files to '/home/vboxuser/ros2_ws/build/vcnanoz/install.log'
[2.047s] Invoked command in '/home/vboxuser/ros2_ws/src/vcnanoz' returned '0': PYTHONPATH=/home/vboxuser/ros2_ws/build/vcnanoz/prefix_override:/usr/lib/python3/dist-packages/colcon_core/task/python/colcon_distutils_commands:/home/vboxuser/ros2_ws/install/vcnanoz/lib/python3.8/site-packages:${PYTHONPATH} /usr/bin/python3 -W ignore:setup.py install is deprecated -W ignore:easy_install command is deprecated setup.py egg_info --egg-base ../../build/vcnanoz build --build-base /home/vboxuser/ros2_ws/build/vcnanoz/build install --record /home/vboxuser/ros2_ws/build/vcnanoz/install.log --install-scripts $base/lib/vcnanoz --single-version-externally-managed install_data
