[0.075s] Invoking command in '/home/vboxuser/ros2_ws/build/realsense2_camera_msgs': CMAKE_PREFIX_PATH=${CMAKE_PREFIX_PATH}:/home/vboxuser/ros2_ws/install/vision:/home/vboxuser/ros2_ws/install/robot_control:/home/vboxuser/ros2_ws/install/kr_example_python:/home/vboxuser/ros2_ws/install/bt_pkg:/opt/ros/foxy /usr/bin/cmake --build /home/vboxuser/ros2_ws/build/realsense2_camera_msgs -- -j8 -l8
[0.652s] [  1%] Built target realsense2_camera_msgs__cpp
[0.652s] [ 12%] Built target realsense2_camera_msgs__rosidl_generator_c
[0.653s] [ 23%] Built target realsense2_camera_msgs__rosidl_typesupport_introspection_cpp
[0.653s] [ 34%] Built target realsense2_camera_msgs__rosidl_typesupport_fastrtps_cpp
[0.653s] [ 46%] Built target realsense2_camera_msgs__rosidl_typesupport_cpp
[0.653s] [ 57%] Built target realsense2_camera_msgs__rosidl_typesupport_introspection_c
[0.653s] [ 68%] Built target realsense2_camera_msgs__rosidl_typesupport_fastrtps_c
[0.653s] [ 79%] Built target realsense2_camera_msgs__rosidl_typesupport_c
[0.653s] [ 79%] Built target realsense2_camera_msgs
[0.653s] [ 80%] Built target realsense2_camera_msgs__py
[0.653s] [ 90%] Built target realsense2_camera_msgs__python
[0.653s] [ 93%] Built target realsense2_camera_msgs__rosidl_typesupport_introspection_c__pyext
[0.653s] [ 96%] Built target realsense2_camera_msgs__rosidl_typesupport_c__pyext
[0.653s] [100%] Built target realsense2_camera_msgs__rosidl_typesupport_fastrtps_c__pyext
[0.654s] Invoked command in '/home/vboxuser/ros2_ws/build/realsense2_camera_msgs' returned '0': CMAKE_PREFIX_PATH=${CMAKE_PREFIX_PATH}:/home/vboxuser/ros2_ws/install/vision:/home/vboxuser/ros2_ws/install/robot_control:/home/vboxuser/ros2_ws/install/kr_example_python:/home/vboxuser/ros2_ws/install/bt_pkg:/opt/ros/foxy /usr/bin/cmake --build /home/vboxuser/ros2_ws/build/realsense2_camera_msgs -- -j8 -l8
[0.955s] Invoking command in '/home/vboxuser/ros2_ws/build/realsense2_camera_msgs': CMAKE_PREFIX_PATH=${CMAKE_PREFIX_PATH}:/home/vboxuser/ros2_ws/install/vision:/home/vboxuser/ros2_ws/install/robot_control:/home/vboxuser/ros2_ws/install/kr_example_python:/home/vboxuser/ros2_ws/install/bt_pkg:/opt/ros/foxy /usr/bin/cmake --install /home/vboxuser/ros2_ws/build/realsense2_camera_msgs
[0.966s] -- Install configuration: ""
[0.967s] -- Execute custom install script
[0.967s] -- Up-to-date symlink: /home/vboxuser/ros2_ws/install/realsense2_camera_msgs/share/ament_index/resource_index/rosidl_interfaces/realsense2_camera_msgs
[0.968s] -- Up-to-date symlink: /home/vboxuser/ros2_ws/install/realsense2_camera_msgs/include/realsense2_camera_msgs/msg/detail/extrinsics__functions.h
[0.968s] -- Up-to-date symlink: /home/vboxuser/ros2_ws/install/realsense2_camera_msgs/include/realsense2_camera_msgs/msg/detail/extrinsics__struct.h
[0.969s] -- Up-to-date symlink: /home/vboxuser/ros2_ws/install/realsense2_camera_msgs/include/realsense2_camera_msgs/msg/detail/extrinsics__type_support.h
[0.970s] -- Up-to-date symlink: /home/vboxuser/ros2_ws/install/realsense2_camera_msgs/include/realsense2_camera_msgs/msg/detail/imu_info__functions.h
[0.970s] -- Up-to-date symlink: /home/vboxuser/ros2_ws/install/realsense2_camera_msgs/include/realsense2_camera_msgs/msg/detail/imu_info__struct.h
[0.970s] -- Up-to-date symlink: /home/vboxuser/ros2_ws/install/realsense2_camera_msgs/include/realsense2_camera_msgs/msg/detail/imu_info__type_support.h
[0.970s] -- Up-to-date symlink: /home/vboxuser/ros2_ws/install/realsense2_camera_msgs/include/realsense2_camera_msgs/msg/detail/metadata__functions.h
[0.970s] -- Up-to-date symlink: /home/vboxuser/ros2_ws/install/realsense2_camera_msgs/include/realsense2_camera_msgs/msg/detail/metadata__struct.h
[0.970s] -- Up-to-date symlink: /home/vboxuser/ros2_ws/install/realsense2_camera_msgs/include/realsense2_camera_msgs/msg/detail/metadata__type_support.h
[0.971s] -- Up-to-date symlink: /home/vboxuser/ros2_ws/install/realsense2_camera_msgs/include/realsense2_camera_msgs/msg/detail/rgbd__functions.h
[0.971s] -- Up-to-date symlink: /home/vboxuser/ros2_ws/install/realsense2_camera_msgs/include/realsense2_camera_msgs/msg/detail/rgbd__struct.h
[0.971s] -- Up-to-date symlink: /home/vboxuser/ros2_ws/install/realsense2_camera_msgs/include/realsense2_camera_msgs/msg/detail/rgbd__type_support.h
[0.972s] -- Up-to-date symlink: /home/vboxuser/ros2_ws/install/realsense2_camera_msgs/include/realsense2_camera_msgs/msg/extrinsics.h
[0.972s] -- Up-to-date symlink: /home/vboxuser/ros2_ws/install/realsense2_camera_msgs/include/realsense2_camera_msgs/msg/imu_info.h
[0.972s] -- Up-to-date symlink: /home/vboxuser/ros2_ws/install/realsense2_camera_msgs/include/realsense2_camera_msgs/msg/metadata.h
[0.972s] -- Up-to-date symlink: /home/vboxuser/ros2_ws/install/realsense2_camera_msgs/include/realsense2_camera_msgs/msg/rgbd.h
[0.973s] -- Up-to-date symlink: /home/vboxuser/ros2_ws/install/realsense2_camera_msgs/include/realsense2_camera_msgs/msg/rosidl_generator_c__visibility_control.h
[0.973s] -- Up-to-date symlink: /home/vboxuser/ros2_ws/install/realsense2_camera_msgs/include/realsense2_camera_msgs/srv/detail/device_info__functions.h
[0.973s] -- Up-to-date symlink: /home/vboxuser/ros2_ws/install/realsense2_camera_msgs/include/realsense2_camera_msgs/srv/detail/device_info__struct.h
[0.973s] -- Up-to-date symlink: /home/vboxuser/ros2_ws/install/realsense2_camera_msgs/include/realsense2_camera_msgs/srv/detail/device_info__type_support.h
[0.974s] -- Up-to-date symlink: /home/vboxuser/ros2_ws/install/realsense2_camera_msgs/include/realsense2_camera_msgs/srv/device_info.h
[0.975s] -- Up-to-date symlink: /home/vboxuser/ros2_ws/install/realsense2_camera_msgs/share/realsense2_camera_msgs/environment/library_path.sh
[0.975s] -- Up-to-date symlink: /home/vboxuser/ros2_ws/install/realsense2_camera_msgs/share/realsense2_camera_msgs/environment/library_path.dsv
[0.975s] -- Up-to-date symlink: /home/vboxuser/ros2_ws/install/realsense2_camera_msgs/include/realsense2_camera_msgs/msg/detail/extrinsics__rosidl_typesupport_fastrtps_c.h
[0.976s] -- Up-to-date symlink: /home/vboxuser/ros2_ws/install/realsense2_camera_msgs/include/realsense2_camera_msgs/msg/detail/imu_info__rosidl_typesupport_fastrtps_c.h
[0.976s] -- Up-to-date symlink: /home/vboxuser/ros2_ws/install/realsense2_camera_msgs/include/realsense2_camera_msgs/msg/detail/metadata__rosidl_typesupport_fastrtps_c.h
[0.976s] -- Up-to-date symlink: /home/vboxuser/ros2_ws/install/realsense2_camera_msgs/include/realsense2_camera_msgs/msg/detail/rgbd__rosidl_typesupport_fastrtps_c.h
[0.976s] -- Up-to-date symlink: /home/vboxuser/ros2_ws/install/realsense2_camera_msgs/include/realsense2_camera_msgs/msg/rosidl_typesupport_fastrtps_c__visibility_control.h
[0.976s] -- Up-to-date symlink: /home/vboxuser/ros2_ws/install/realsense2_camera_msgs/include/realsense2_camera_msgs/srv/detail/device_info__rosidl_typesupport_fastrtps_c.h
[0.976s] -- Up-to-date symlink: /home/vboxuser/ros2_ws/install/realsense2_camera_msgs/lib/librealsense2_camera_msgs__rosidl_typesupport_fastrtps_c.so
[0.977s] -- Up-to-date symlink: /home/vboxuser/ros2_ws/install/realsense2_camera_msgs/include/realsense2_camera_msgs/msg/detail/extrinsics__rosidl_typesupport_fastrtps_cpp.hpp
[0.977s] -- Up-to-date symlink: /home/vboxuser/ros2_ws/install/realsense2_camera_msgs/include/realsense2_camera_msgs/msg/detail/imu_info__rosidl_typesupport_fastrtps_cpp.hpp
[0.978s] -- Up-to-date symlink: /home/vboxuser/ros2_ws/install/realsense2_camera_msgs/include/realsense2_camera_msgs/msg/detail/metadata__rosidl_typesupport_fastrtps_cpp.hpp
[0.978s] -- Up-to-date symlink: /home/vboxuser/ros2_ws/install/realsense2_camera_msgs/include/realsense2_camera_msgs/msg/detail/rgbd__rosidl_typesupport_fastrtps_cpp.hpp
[0.979s] -- Up-to-date symlink: /home/vboxuser/ros2_ws/install/realsense2_camera_msgs/include/realsense2_camera_msgs/msg/rosidl_typesupport_fastrtps_cpp__visibility_control.h
[0.979s] -- Up-to-date symlink: /home/vboxuser/ros2_ws/install/realsense2_camera_msgs/include/realsense2_camera_msgs/srv/detail/device_info__rosidl_typesupport_fastrtps_cpp.hpp
[0.979s] -- Up-to-date symlink: /home/vboxuser/ros2_ws/install/realsense2_camera_msgs/lib/librealsense2_camera_msgs__rosidl_typesupport_fastrtps_cpp.so
[0.979s] -- Up-to-date symlink: /home/vboxuser/ros2_ws/install/realsense2_camera_msgs/include/realsense2_camera_msgs/msg/detail/extrinsics__rosidl_typesupport_introspection_c.h
[0.980s] -- Up-to-date symlink: /home/vboxuser/ros2_ws/install/realsense2_camera_msgs/include/realsense2_camera_msgs/msg/detail/imu_info__rosidl_typesupport_introspection_c.h
[0.980s] -- Up-to-date symlink: /home/vboxuser/ros2_ws/install/realsense2_camera_msgs/include/realsense2_camera_msgs/msg/detail/metadata__rosidl_typesupport_introspection_c.h
[0.980s] -- Up-to-date symlink: /home/vboxuser/ros2_ws/install/realsense2_camera_msgs/include/realsense2_camera_msgs/msg/detail/rgbd__rosidl_typesupport_introspection_c.h
[0.980s] -- Up-to-date symlink: /home/vboxuser/ros2_ws/install/realsense2_camera_msgs/include/realsense2_camera_msgs/msg/rosidl_typesupport_introspection_c__visibility_control.h
[0.981s] -- Up-to-date symlink: /home/vboxuser/ros2_ws/install/realsense2_camera_msgs/include/realsense2_camera_msgs/srv/detail/device_info__rosidl_typesupport_introspection_c.h
[0.981s] -- Up-to-date symlink: /home/vboxuser/ros2_ws/install/realsense2_camera_msgs/include/realsense2_camera_msgs/msg/detail/extrinsics__builder.hpp
[0.981s] -- Up-to-date symlink: /home/vboxuser/ros2_ws/install/realsense2_camera_msgs/include/realsense2_camera_msgs/msg/detail/extrinsics__struct.hpp
[0.982s] -- Up-to-date symlink: /home/vboxuser/ros2_ws/install/realsense2_camera_msgs/include/realsense2_camera_msgs/msg/detail/extrinsics__traits.hpp
[0.982s] -- Up-to-date symlink: /home/vboxuser/ros2_ws/install/realsense2_camera_msgs/include/realsense2_camera_msgs/msg/detail/extrinsics__type_support.hpp
[0.983s] -- Up-to-date symlink: /home/vboxuser/ros2_ws/install/realsense2_camera_msgs/include/realsense2_camera_msgs/msg/detail/imu_info__builder.hpp
[0.983s] -- Up-to-date symlink: /home/vboxuser/ros2_ws/install/realsense2_camera_msgs/include/realsense2_camera_msgs/msg/detail/imu_info__struct.hpp
[0.983s] -- Up-to-date symlink: /home/vboxuser/ros2_ws/install/realsense2_camera_msgs/include/realsense2_camera_msgs/msg/detail/imu_info__traits.hpp
[0.983s] -- Up-to-date symlink: /home/vboxuser/ros2_ws/install/realsense2_camera_msgs/include/realsense2_camera_msgs/msg/detail/imu_info__type_support.hpp
[0.984s] -- Up-to-date symlink: /home/vboxuser/ros2_ws/install/realsense2_camera_msgs/include/realsense2_camera_msgs/msg/detail/metadata__builder.hpp
[0.985s] -- Up-to-date symlink: /home/vboxuser/ros2_ws/install/realsense2_camera_msgs/include/realsense2_camera_msgs/msg/detail/metadata__struct.hpp
[0.985s] -- Up-to-date symlink: /home/vboxuser/ros2_ws/install/realsense2_camera_msgs/include/realsense2_camera_msgs/msg/detail/metadata__traits.hpp
[0.985s] -- Up-to-date symlink: /home/vboxuser/ros2_ws/install/realsense2_camera_msgs/include/realsense2_camera_msgs/msg/detail/metadata__type_support.hpp
[0.985s] -- Up-to-date symlink: /home/vboxuser/ros2_ws/install/realsense2_camera_msgs/include/realsense2_camera_msgs/msg/detail/rgbd__builder.hpp
[0.985s] -- Up-to-date symlink: /home/vboxuser/ros2_ws/install/realsense2_camera_msgs/include/realsense2_camera_msgs/msg/detail/rgbd__struct.hpp
[0.985s] -- Up-to-date symlink: /home/vboxuser/ros2_ws/install/realsense2_camera_msgs/include/realsense2_camera_msgs/msg/detail/rgbd__traits.hpp
[0.985s] -- Up-to-date symlink: /home/vboxuser/ros2_ws/install/realsense2_camera_msgs/include/realsense2_camera_msgs/msg/detail/rgbd__type_support.hpp
[0.986s] -- Up-to-date symlink: /home/vboxuser/ros2_ws/install/realsense2_camera_msgs/include/realsense2_camera_msgs/msg/extrinsics.hpp
[0.986s] -- Up-to-date symlink: /home/vboxuser/ros2_ws/install/realsense2_camera_msgs/include/realsense2_camera_msgs/msg/imu_info.hpp
[0.986s] -- Up-to-date symlink: /home/vboxuser/ros2_ws/install/realsense2_camera_msgs/include/realsense2_camera_msgs/msg/metadata.hpp
[0.986s] -- Up-to-date symlink: /home/vboxuser/ros2_ws/install/realsense2_camera_msgs/include/realsense2_camera_msgs/msg/rgbd.hpp
[0.987s] -- Up-to-date symlink: /home/vboxuser/ros2_ws/install/realsense2_camera_msgs/include/realsense2_camera_msgs/msg/rosidl_generator_cpp__visibility_control.hpp
[0.987s] -- Up-to-date symlink: /home/vboxuser/ros2_ws/install/realsense2_camera_msgs/include/realsense2_camera_msgs/srv/detail/device_info__builder.hpp
[0.987s] -- Up-to-date symlink: /home/vboxuser/ros2_ws/install/realsense2_camera_msgs/include/realsense2_camera_msgs/srv/detail/device_info__struct.hpp
[0.987s] -- Up-to-date symlink: /home/vboxuser/ros2_ws/install/realsense2_camera_msgs/include/realsense2_camera_msgs/srv/detail/device_info__traits.hpp
[0.987s] -- Up-to-date symlink: /home/vboxuser/ros2_ws/install/realsense2_camera_msgs/include/realsense2_camera_msgs/srv/detail/device_info__type_support.hpp
[0.987s] -- Up-to-date symlink: /home/vboxuser/ros2_ws/install/realsense2_camera_msgs/include/realsense2_camera_msgs/srv/device_info.hpp
[0.988s] -- Up-to-date symlink: /home/vboxuser/ros2_ws/install/realsense2_camera_msgs/include/realsense2_camera_msgs/msg/detail/extrinsics__rosidl_typesupport_introspection_cpp.hpp
[0.988s] -- Up-to-date symlink: /home/vboxuser/ros2_ws/install/realsense2_camera_msgs/include/realsense2_camera_msgs/msg/detail/imu_info__rosidl_typesupport_introspection_cpp.hpp
[0.988s] -- Up-to-date symlink: /home/vboxuser/ros2_ws/install/realsense2_camera_msgs/include/realsense2_camera_msgs/msg/detail/metadata__rosidl_typesupport_introspection_cpp.hpp
[0.989s] -- Up-to-date symlink: /home/vboxuser/ros2_ws/install/realsense2_camera_msgs/include/realsense2_camera_msgs/msg/detail/rgbd__rosidl_typesupport_introspection_cpp.hpp
[0.989s] -- Up-to-date symlink: /home/vboxuser/ros2_ws/install/realsense2_camera_msgs/include/realsense2_camera_msgs/srv/detail/device_info__rosidl_typesupport_introspection_cpp.hpp
[0.989s] -- Up-to-date symlink: /home/vboxuser/ros2_ws/install/realsense2_camera_msgs/share/realsense2_camera_msgs/environment/pythonpath.sh
[0.990s] -- Up-to-date symlink: /home/vboxuser/ros2_ws/install/realsense2_camera_msgs/share/realsense2_camera_msgs/environment/pythonpath.dsv
[0.990s] -- Up-to-date symlink: /home/vboxuser/ros2_ws/install/realsense2_camera_msgs/lib/python3.8/site-packages/realsense2_camera_msgs/__init__.py
[0.991s] -- Up-to-date symlink: /home/vboxuser/ros2_ws/install/realsense2_camera_msgs/lib/python3.8/site-packages/realsense2_camera_msgs/msg/__init__.py
[0.991s] -- Up-to-date symlink: /home/vboxuser/ros2_ws/install/realsense2_camera_msgs/lib/python3.8/site-packages/realsense2_camera_msgs/msg/_extrinsics.py
[0.992s] -- Up-to-date symlink: /home/vboxuser/ros2_ws/install/realsense2_camera_msgs/lib/python3.8/site-packages/realsense2_camera_msgs/msg/_imu_info.py
[0.992s] -- Up-to-date symlink: /home/vboxuser/ros2_ws/install/realsense2_camera_msgs/lib/python3.8/site-packages/realsense2_camera_msgs/msg/_metadata.py
[0.992s] -- Up-to-date symlink: /home/vboxuser/ros2_ws/install/realsense2_camera_msgs/lib/python3.8/site-packages/realsense2_camera_msgs/msg/_rgbd.py
[0.992s] -- Up-to-date symlink: /home/vboxuser/ros2_ws/install/realsense2_camera_msgs/lib/python3.8/site-packages/realsense2_camera_msgs/srv/__init__.py
[0.993s] -- Up-to-date symlink: /home/vboxuser/ros2_ws/install/realsense2_camera_msgs/lib/python3.8/site-packages/realsense2_camera_msgs/srv/_device_info.py
[0.993s] -- Up-to-date symlink: /home/vboxuser/ros2_ws/install/realsense2_camera_msgs/lib/python3.8/site-packages/realsense2_camera_msgs/realsense2_camera_msgs_s__rosidl_typesupport_fastrtps_c.cpython-38-x86_64-linux-gnu.so
[0.994s] -- Up-to-date symlink: /home/vboxuser/ros2_ws/install/realsense2_camera_msgs/lib/python3.8/site-packages/realsense2_camera_msgs/realsense2_camera_msgs_s__rosidl_typesupport_introspection_c.cpython-38-x86_64-linux-gnu.so
[0.994s] -- Up-to-date symlink: /home/vboxuser/ros2_ws/install/realsense2_camera_msgs/lib/python3.8/site-packages/realsense2_camera_msgs/realsense2_camera_msgs_s__rosidl_typesupport_c.cpython-38-x86_64-linux-gnu.so
[0.995s] -- Up-to-date symlink: /home/vboxuser/ros2_ws/install/realsense2_camera_msgs/lib/librealsense2_camera_msgs__python.so
[0.996s] -- Up-to-date symlink: /home/vboxuser/ros2_ws/install/realsense2_camera_msgs/share/realsense2_camera_msgs/msg/IMUInfo.idl
[0.996s] -- Up-to-date symlink: /home/vboxuser/ros2_ws/install/realsense2_camera_msgs/share/realsense2_camera_msgs/msg/Extrinsics.idl
[0.996s] -- Up-to-date symlink: /home/vboxuser/ros2_ws/install/realsense2_camera_msgs/share/realsense2_camera_msgs/msg/Metadata.idl
[0.996s] -- Up-to-date symlink: /home/vboxuser/ros2_ws/install/realsense2_camera_msgs/share/realsense2_camera_msgs/msg/RGBD.idl
[0.997s] -- Up-to-date symlink: /home/vboxuser/ros2_ws/install/realsense2_camera_msgs/share/realsense2_camera_msgs/srv/DeviceInfo.idl
[0.997s] -- Up-to-date symlink: /home/vboxuser/ros2_ws/install/realsense2_camera_msgs/share/realsense2_camera_msgs/msg/IMUInfo.msg
[0.998s] -- Up-to-date symlink: /home/vboxuser/ros2_ws/install/realsense2_camera_msgs/share/realsense2_camera_msgs/msg/Extrinsics.msg
[0.998s] -- Up-to-date symlink: /home/vboxuser/ros2_ws/install/realsense2_camera_msgs/share/realsense2_camera_msgs/msg/Metadata.msg
[0.998s] -- Up-to-date symlink: /home/vboxuser/ros2_ws/install/realsense2_camera_msgs/share/realsense2_camera_msgs/msg/RGBD.msg
[0.999s] -- Up-to-date symlink: /home/vboxuser/ros2_ws/install/realsense2_camera_msgs/share/realsense2_camera_msgs/srv/DeviceInfo.srv
[0.999s] -- Up-to-date symlink: /home/vboxuser/ros2_ws/install/realsense2_camera_msgs/share/realsense2_camera_msgs/srv/DeviceInfo_Request.msg
[1.000s] -- Up-to-date symlink: /home/vboxuser/ros2_ws/install/realsense2_camera_msgs/share/realsense2_camera_msgs/srv/DeviceInfo_Response.msg
[1.001s] -- Up-to-date symlink: /home/vboxuser/ros2_ws/install/realsense2_camera_msgs/share/ament_index/resource_index/package_run_dependencies/realsense2_camera_msgs
[1.001s] -- Up-to-date symlink: /home/vboxuser/ros2_ws/install/realsense2_camera_msgs/share/ament_index/resource_index/parent_prefix_path/realsense2_camera_msgs
[1.001s] -- Up-to-date symlink: /home/vboxuser/ros2_ws/install/realsense2_camera_msgs/share/realsense2_camera_msgs/environment/ament_prefix_path.sh
[1.001s] -- Up-to-date symlink: /home/vboxuser/ros2_ws/install/realsense2_camera_msgs/share/realsense2_camera_msgs/environment/ament_prefix_path.dsv
[1.001s] -- Up-to-date symlink: /home/vboxuser/ros2_ws/install/realsense2_camera_msgs/share/realsense2_camera_msgs/environment/path.sh
[1.001s] -- Up-to-date symlink: /home/vboxuser/ros2_ws/install/realsense2_camera_msgs/share/realsense2_camera_msgs/environment/path.dsv
[1.001s] -- Up-to-date symlink: /home/vboxuser/ros2_ws/install/realsense2_camera_msgs/share/realsense2_camera_msgs/local_setup.bash
[1.002s] -- Up-to-date symlink: /home/vboxuser/ros2_ws/install/realsense2_camera_msgs/share/realsense2_camera_msgs/local_setup.sh
[1.002s] -- Up-to-date symlink: /home/vboxuser/ros2_ws/install/realsense2_camera_msgs/share/realsense2_camera_msgs/local_setup.zsh
[1.002s] -- Up-to-date symlink: /home/vboxuser/ros2_ws/install/realsense2_camera_msgs/share/realsense2_camera_msgs/local_setup.dsv
[1.003s] -- Symlinking: /home/vboxuser/ros2_ws/install/realsense2_camera_msgs/share/realsense2_camera_msgs/package.dsv
[1.015s] -- Up-to-date symlink: /home/vboxuser/ros2_ws/install/realsense2_camera_msgs/share/ament_index/resource_index/packages/realsense2_camera_msgs
[1.016s] -- Up-to-date symlink: /home/vboxuser/ros2_ws/install/realsense2_camera_msgs/share/realsense2_camera_msgs/cmake/rosidl_cmake-extras.cmake
[1.016s] -- Up-to-date symlink: /home/vboxuser/ros2_ws/install/realsense2_camera_msgs/share/realsense2_camera_msgs/cmake/ament_cmake_export_dependencies-extras.cmake
[1.017s] -- Up-to-date symlink: /home/vboxuser/ros2_ws/install/realsense2_camera_msgs/share/realsense2_camera_msgs/cmake/ament_cmake_export_libraries-extras.cmake
[1.017s] -- Up-to-date symlink: /home/vboxuser/ros2_ws/install/realsense2_camera_msgs/share/realsense2_camera_msgs/cmake/ament_cmake_export_targets-extras.cmake
[1.017s] -- Up-to-date symlink: /home/vboxuser/ros2_ws/install/realsense2_camera_msgs/share/realsense2_camera_msgs/cmake/ament_cmake_export_include_directories-extras.cmake
[1.018s] -- Up-to-date symlink: /home/vboxuser/ros2_ws/install/realsense2_camera_msgs/share/realsense2_camera_msgs/cmake/rosidl_cmake_export_typesupport_libraries-extras.cmake
[1.018s] -- Up-to-date symlink: /home/vboxuser/ros2_ws/install/realsense2_camera_msgs/share/realsense2_camera_msgs/cmake/rosidl_cmake_export_typesupport_targets-extras.cmake
[1.018s] -- Up-to-date symlink: /home/vboxuser/ros2_ws/install/realsense2_camera_msgs/share/realsense2_camera_msgs/cmake/realsense2_camera_msgsConfig.cmake
[1.019s] -- Up-to-date symlink: /home/vboxuser/ros2_ws/install/realsense2_camera_msgs/share/realsense2_camera_msgs/cmake/realsense2_camera_msgsConfig-version.cmake
[1.019s] -- Up-to-date symlink: /home/vboxuser/ros2_ws/install/realsense2_camera_msgs/share/realsense2_camera_msgs/package.xml
[1.019s] -- Up-to-date: /home/vboxuser/ros2_ws/install/realsense2_camera_msgs/lib/librealsense2_camera_msgs__rosidl_generator_c.so
[1.019s] -- Up-to-date: /home/vboxuser/ros2_ws/install/realsense2_camera_msgs/lib/librealsense2_camera_msgs__rosidl_typesupport_introspection_c.so
[1.020s] -- Up-to-date: /home/vboxuser/ros2_ws/install/realsense2_camera_msgs/lib/librealsense2_camera_msgs__rosidl_typesupport_c.so
[1.020s] -- Up-to-date: /home/vboxuser/ros2_ws/install/realsense2_camera_msgs/lib/librealsense2_camera_msgs__rosidl_typesupport_introspection_cpp.so
[1.021s] -- Up-to-date: /home/vboxuser/ros2_ws/install/realsense2_camera_msgs/lib/librealsense2_camera_msgs__rosidl_typesupport_cpp.so
[1.058s] -- Up-to-date: /home/vboxuser/ros2_ws/install/realsense2_camera_msgs/share/realsense2_camera_msgs/cmake/realsense2_camera_msgs__rosidl_generator_cExport.cmake
[1.058s] -- Up-to-date: /home/vboxuser/ros2_ws/install/realsense2_camera_msgs/share/realsense2_camera_msgs/cmake/realsense2_camera_msgs__rosidl_generator_cExport-noconfig.cmake
[1.058s] -- Up-to-date: /home/vboxuser/ros2_ws/install/realsense2_camera_msgs/share/realsense2_camera_msgs/cmake/realsense2_camera_msgs__rosidl_typesupport_introspection_cExport.cmake
[1.058s] -- Up-to-date: /home/vboxuser/ros2_ws/install/realsense2_camera_msgs/share/realsense2_camera_msgs/cmake/realsense2_camera_msgs__rosidl_typesupport_introspection_cExport-noconfig.cmake
[1.059s] -- Up-to-date: /home/vboxuser/ros2_ws/install/realsense2_camera_msgs/share/realsense2_camera_msgs/cmake/realsense2_camera_msgs__rosidl_typesupport_cExport.cmake
[1.059s] -- Up-to-date: /home/vboxuser/ros2_ws/install/realsense2_camera_msgs/share/realsense2_camera_msgs/cmake/realsense2_camera_msgs__rosidl_typesupport_cExport-noconfig.cmake
[1.059s] -- Up-to-date: /home/vboxuser/ros2_ws/install/realsense2_camera_msgs/share/realsense2_camera_msgs/cmake/realsense2_camera_msgs__rosidl_generator_cppExport.cmake
[1.059s] -- Up-to-date: /home/vboxuser/ros2_ws/install/realsense2_camera_msgs/share/realsense2_camera_msgs/cmake/realsense2_camera_msgs__rosidl_typesupport_introspection_cppExport.cmake
[1.060s] -- Up-to-date: /home/vboxuser/ros2_ws/install/realsense2_camera_msgs/share/realsense2_camera_msgs/cmake/realsense2_camera_msgs__rosidl_typesupport_introspection_cppExport-noconfig.cmake
[1.060s] -- Up-to-date: /home/vboxuser/ros2_ws/install/realsense2_camera_msgs/share/realsense2_camera_msgs/cmake/realsense2_camera_msgs__rosidl_typesupport_cppExport.cmake
[1.060s] -- Up-to-date: /home/vboxuser/ros2_ws/install/realsense2_camera_msgs/share/realsense2_camera_msgs/cmake/realsense2_camera_msgs__rosidl_typesupport_cppExport-noconfig.cmake
[1.064s] Invoked command in '/home/vboxuser/ros2_ws/build/realsense2_camera_msgs' returned '0': CMAKE_PREFIX_PATH=${CMAKE_PREFIX_PATH}:/home/vboxuser/ros2_ws/install/vision:/home/vboxuser/ros2_ws/install/robot_control:/home/vboxuser/ros2_ws/install/kr_example_python:/home/vboxuser/ros2_ws/install/bt_pkg:/opt/ros/foxy /usr/bin/cmake --install /home/vboxuser/ros2_ws/build/realsense2_camera_msgs
