[2.264s] Invoking command in '/home/vboxuser/ros2_ws/src/vcnanoz': PYTHONPATH=/home/vboxuser/ros2_ws/build/vcnanoz/prefix_override:/usr/lib/python3/dist-packages/colcon_core/task/python/colcon_distutils_commands:/home/vboxuser/ros2_ws/install/vcnanoz/lib/python3.8/site-packages:${PYTHONPATH} /usr/bin/python3 -W ignore:setup.py install is deprecated -W ignore:easy_install command is deprecated setup.py egg_info --egg-base ../../build/vcnanoz build --build-base /home/vboxuser/ros2_ws/build/vcnanoz/build install --record /home/vboxuser/ros2_ws/build/vcnanoz/install.log --install-scripts $base/lib/vcnanoz --single-version-externally-managed install_data
[2.522s] running egg_info
[2.522s] writing ../../build/vcnanoz/vcnanoz.egg-info/PKG-INFO
[2.522s] writing dependency_links to ../../build/vcnanoz/vcnanoz.egg-info/dependency_links.txt
[2.522s] writing entry points to ../../build/vcnanoz/vcnanoz.egg-info/entry_points.txt
[2.522s] writing requirements to ../../build/vcnanoz/vcnanoz.egg-info/requires.txt
[2.522s] writing top-level names to ../../build/vcnanoz/vcnanoz.egg-info/top_level.txt
[2.558s] reading manifest file '../../build/vcnanoz/vcnanoz.egg-info/SOURCES.txt'
[2.560s] writing manifest file '../../build/vcnanoz/vcnanoz.egg-info/SOURCES.txt'
[2.560s] running build
[2.561s] running build_py
[2.563s] running install
[2.564s] running install_lib
[2.567s] running install_data
[2.568s] running install_egg_info
[2.571s] removing '/home/vboxuser/ros2_ws/install/vcnanoz/lib/python3.8/site-packages/vcnanoz-0.0.0-py3.8.egg-info' (and everything under it)
[2.571s] Copying ../../build/vcnanoz/vcnanoz.egg-info to /home/vboxuser/ros2_ws/install/vcnanoz/lib/python3.8/site-packages/vcnanoz-0.0.0-py3.8.egg-info
[2.573s] running install_scripts
[2.592s] Installing vc_img_receiver script to /home/vboxuser/ros2_ws/install/vcnanoz/lib/vcnanoz
[2.594s] writing list of installed files to '/home/vboxuser/ros2_ws/build/vcnanoz/install.log'
[2.748s] Invoked command in '/home/vboxuser/ros2_ws/src/vcnanoz' returned '0': PYTHONPATH=/home/vboxuser/ros2_ws/build/vcnanoz/prefix_override:/usr/lib/python3/dist-packages/colcon_core/task/python/colcon_distutils_commands:/home/vboxuser/ros2_ws/install/vcnanoz/lib/python3.8/site-packages:${PYTHONPATH} /usr/bin/python3 -W ignore:setup.py install is deprecated -W ignore:easy_install command is deprecated setup.py egg_info --egg-base ../../build/vcnanoz build --build-base /home/vboxuser/ros2_ws/build/vcnanoz/build install --record /home/vboxuser/ros2_ws/build/vcnanoz/install.log --install-scripts $base/lib/vcnanoz --single-version-externally-managed install_data
