[1.353s] Invoking command in '/home/vboxuser/ros2_ws/src/robot_control': PYTHONPATH=/home/vboxuser/ros2_ws/build/robot_control/prefix_override:/usr/lib/python3/dist-packages/colcon_core/task/python/colcon_distutils_commands:/home/vboxuser/ros2_ws/install/robot_control/lib/python3.8/site-packages:${PYTHONPATH} /usr/bin/python3 -W ignore:setup.py install is deprecated setup.py egg_info --egg-base ../../build/robot_control build --build-base /home/vboxuser/ros2_ws/build/robot_control/build install --record /home/vboxuser/ros2_ws/build/robot_control/install.log --install-scripts $base/lib/robot_control --single-version-externally-managed install_data
[1.570s] running egg_info
[1.570s] writing ../../build/robot_control/robot_control.egg-info/PKG-INFO
[1.571s] writing dependency_links to ../../build/robot_control/robot_control.egg-info/dependency_links.txt
[1.571s] writing entry points to ../../build/robot_control/robot_control.egg-info/entry_points.txt
[1.572s] writing requirements to ../../build/robot_control/robot_control.egg-info/requires.txt
[1.575s] writing top-level names to ../../build/robot_control/robot_control.egg-info/top_level.txt
[1.616s] reading manifest file '../../build/robot_control/robot_control.egg-info/SOURCES.txt'
[1.616s] writing manifest file '../../build/robot_control/robot_control.egg-info/SOURCES.txt'
[1.618s] running build
[1.619s] running build_py
[1.619s] running install
[1.619s] running install_lib
[1.619s] running install_data
[1.619s] running install_egg_info
[1.621s] removing '/home/vboxuser/ros2_ws/install/robot_control/lib/python3.8/site-packages/robot_control-0.0.0-py3.8.egg-info' (and everything under it)
[1.628s] Copying ../../build/robot_control/robot_control.egg-info to /home/vboxuser/ros2_ws/install/robot_control/lib/python3.8/site-packages/robot_control-0.0.0-py3.8.egg-info
[1.633s] running install_scripts
[1.647s] Installing hello_node script to /home/vboxuser/ros2_ws/install/robot_control/lib/robot_control
[1.648s] Installing move_lin_by_key script to /home/vboxuser/ros2_ws/install/robot_control/lib/robot_control
[1.650s] Installing print_frames script to /home/vboxuser/ros2_ws/install/robot_control/lib/robot_control
[1.651s] Installing print_tcp_pose script to /home/vboxuser/ros2_ws/install/robot_control/lib/robot_control
[1.651s] Installing set_frame_client script to /home/vboxuser/ros2_ws/install/robot_control/lib/robot_control
[1.651s] writing list of installed files to '/home/vboxuser/ros2_ws/build/robot_control/install.log'
[1.680s] Invoked command in '/home/vboxuser/ros2_ws/src/robot_control' returned '0': PYTHONPATH=/home/vboxuser/ros2_ws/build/robot_control/prefix_override:/usr/lib/python3/dist-packages/colcon_core/task/python/colcon_distutils_commands:/home/vboxuser/ros2_ws/install/robot_control/lib/python3.8/site-packages:${PYTHONPATH} /usr/bin/python3 -W ignore:setup.py install is deprecated setup.py egg_info --egg-base ../../build/robot_control build --build-base /home/vboxuser/ros2_ws/build/robot_control/build install --record /home/vboxuser/ros2_ws/build/robot_control/install.log --install-scripts $base/lib/robot_control --single-version-externally-managed install_data
