[1.389s] Invoking command in '/home/mo/Thesis/build/action_servers': CMAKE_PREFIX_PATH=/home/mo/Thesis/install/action_interfaces:/home/mo/Thesis/install/kr_example_cpp:/home/mo/Thesis/install/kr_msgs LD_LIBRARY_PATH=/home/mo/Thesis/install/action_interfaces/lib:/home/mo/Thesis/install/kr_msgs/lib:/opt/ros/foxy/opt/yaml_cpp_vendor/lib:/opt/ros/foxy/opt/rviz_ogre_vendor/lib:/opt/ros/foxy/lib/x86_64-linux-gnu:/opt/ros/foxy/lib PYTHONPATH=/home/mo/Thesis/build/action_servers/prefix_override:/usr/lib/python3/dist-packages/colcon_core/task/python/colcon_distutils_commands:/home/mo/Thesis/install/action_servers/lib/python3.8/site-packages:/home/mo/Thesis/install/action_interfaces/lib/python3.8/site-packages:/home/mo/Thesis/install/vision/lib/python3.8/site-packages:/home/mo/Thesis/install/vcnanoz/lib/python3.8/site-packages:/home/mo/Thesis/install/sensopart_visor/lib/python3.8/site-packages:/home/mo/Thesis/install/robot_control/lib/python3.8/site-packages:/home/mo/Thesis/install/kr_example_python/lib/python3.8/site-packages:/home/mo/Thesis/install/kr_msgs/lib/python3.8/site-packages:/home/mo/Thesis/install/action_servers/lib/python3.8/site-packages:/opt/ros/foxy/lib/python3.8/site-packages /usr/bin/python3 -W ignore:setup.py install is deprecated -W ignore:easy_install command is deprecated setup.py develop --editable --build-directory /home/mo/Thesis/build/action_servers/build --no-deps symlink_data --force
[1.801s] running develop
[2.040s] running egg_info
[2.059s] writing action_servers.egg-info/PKG-INFO
[2.059s] writing dependency_links to action_servers.egg-info/dependency_links.txt
[2.059s] writing entry points to action_servers.egg-info/entry_points.txt
[2.059s] writing requirements to action_servers.egg-info/requires.txt
[2.060s] writing top-level names to action_servers.egg-info/top_level.txt
[2.100s] reading manifest file 'action_servers.egg-info/SOURCES.txt'
[2.101s] writing manifest file 'action_servers.egg-info/SOURCES.txt'
[2.169s] running build_ext
[2.169s] Creating /home/mo/Thesis/install/action_servers/lib/python3.8/site-packages/action-servers.egg-link (link to .)
[2.170s] Installing MoveTcpAlongAxis_action_server script to /home/mo/Thesis/install/action_servers/lib/action_servers
[2.170s] Installing fibonacci_action_server script to /home/mo/Thesis/install/action_servers/lib/action_servers
[2.170s] Installing transform_action_server script to /home/mo/Thesis/install/action_servers/lib/action_servers
[2.171s] 
[2.171s] Installed /home/mo/Thesis/build/action_servers
[2.171s] running symlink_data
[2.171s] symbolically linking /home/mo/Thesis/build/action_servers/resource/action_servers -> /home/mo/Thesis/install/action_servers/share/ament_index/resource_index/packages
[2.172s] symbolically linking /home/mo/Thesis/build/action_servers/package.xml -> /home/mo/Thesis/install/action_servers/share/action_servers
[2.219s] Invoked command in '/home/mo/Thesis/build/action_servers' returned '0': CMAKE_PREFIX_PATH=/home/mo/Thesis/install/action_interfaces:/home/mo/Thesis/install/kr_example_cpp:/home/mo/Thesis/install/kr_msgs LD_LIBRARY_PATH=/home/mo/Thesis/install/action_interfaces/lib:/home/mo/Thesis/install/kr_msgs/lib:/opt/ros/foxy/opt/yaml_cpp_vendor/lib:/opt/ros/foxy/opt/rviz_ogre_vendor/lib:/opt/ros/foxy/lib/x86_64-linux-gnu:/opt/ros/foxy/lib PYTHONPATH=/home/mo/Thesis/build/action_servers/prefix_override:/usr/lib/python3/dist-packages/colcon_core/task/python/colcon_distutils_commands:/home/mo/Thesis/install/action_servers/lib/python3.8/site-packages:/home/mo/Thesis/install/action_interfaces/lib/python3.8/site-packages:/home/mo/Thesis/install/vision/lib/python3.8/site-packages:/home/mo/Thesis/install/vcnanoz/lib/python3.8/site-packages:/home/mo/Thesis/install/sensopart_visor/lib/python3.8/site-packages:/home/mo/Thesis/install/robot_control/lib/python3.8/site-packages:/home/mo/Thesis/install/kr_example_python/lib/python3.8/site-packages:/home/mo/Thesis/install/kr_msgs/lib/python3.8/site-packages:/home/mo/Thesis/install/action_servers/lib/python3.8/site-packages:/opt/ros/foxy/lib/python3.8/site-packages /usr/bin/python3 -W ignore:setup.py install is deprecated -W ignore:easy_install command is deprecated setup.py develop --editable --build-directory /home/mo/Thesis/build/action_servers/build --no-deps symlink_data --force
