[1.244s] Invoking command in '/home/mo/Thesis/build/robot_control': CMAKE_PREFIX_PATH=/home/mo/Thesis/install/action_interfaces:/home/mo/Thesis/install/kr_example_cpp:/home/mo/Thesis/install/kr_msgs LD_LIBRARY_PATH=/home/mo/Thesis/install/action_interfaces/lib:/home/mo/Thesis/install/kr_msgs/lib:/opt/ros/foxy/opt/yaml_cpp_vendor/lib:/opt/ros/foxy/opt/rviz_ogre_vendor/lib:/opt/ros/foxy/lib/x86_64-linux-gnu:/opt/ros/foxy/lib PYTHONPATH=/home/mo/Thesis/build/robot_control/prefix_override:/usr/lib/python3/dist-packages/colcon_core/task/python/colcon_distutils_commands:/home/mo/Thesis/install/robot_control/lib/python3.8/site-packages:/home/mo/Thesis/install/action_interfaces/lib/python3.8/site-packages:/home/mo/Thesis/install/vision/lib/python3.8/site-packages:/home/mo/Thesis/install/vcnanoz/lib/python3.8/site-packages:/home/mo/Thesis/install/sensopart_visor/lib/python3.8/site-packages:/home/mo/Thesis/install/robot_control/lib/python3.8/site-packages:/home/mo/Thesis/install/kr_example_python/lib/python3.8/site-packages:/home/mo/Thesis/install/kr_msgs/lib/python3.8/site-packages:/home/mo/Thesis/install/action_servers/lib/python3.8/site-packages:/opt/ros/foxy/lib/python3.8/site-packages /usr/bin/python3 -W ignore:setup.py install is deprecated -W ignore:easy_install command is deprecated setup.py develop --uninstall --editable --build-directory /home/mo/Thesis/build/robot_control/build
[1.590s] running develop
[1.814s] Removing /home/mo/Thesis/install/robot_control/lib/python3.8/site-packages/robot-control.egg-link (link to .)
[1.858s] Invoked command in '/home/mo/Thesis/build/robot_control' returned '0': CMAKE_PREFIX_PATH=/home/mo/Thesis/install/action_interfaces:/home/mo/Thesis/install/kr_example_cpp:/home/mo/Thesis/install/kr_msgs LD_LIBRARY_PATH=/home/mo/Thesis/install/action_interfaces/lib:/home/mo/Thesis/install/kr_msgs/lib:/opt/ros/foxy/opt/yaml_cpp_vendor/lib:/opt/ros/foxy/opt/rviz_ogre_vendor/lib:/opt/ros/foxy/lib/x86_64-linux-gnu:/opt/ros/foxy/lib PYTHONPATH=/home/mo/Thesis/build/robot_control/prefix_override:/usr/lib/python3/dist-packages/colcon_core/task/python/colcon_distutils_commands:/home/mo/Thesis/install/robot_control/lib/python3.8/site-packages:/home/mo/Thesis/install/action_interfaces/lib/python3.8/site-packages:/home/mo/Thesis/install/vision/lib/python3.8/site-packages:/home/mo/Thesis/install/vcnanoz/lib/python3.8/site-packages:/home/mo/Thesis/install/sensopart_visor/lib/python3.8/site-packages:/home/mo/Thesis/install/robot_control/lib/python3.8/site-packages:/home/mo/Thesis/install/kr_example_python/lib/python3.8/site-packages:/home/mo/Thesis/install/kr_msgs/lib/python3.8/site-packages:/home/mo/Thesis/install/action_servers/lib/python3.8/site-packages:/opt/ros/foxy/lib/python3.8/site-packages /usr/bin/python3 -W ignore:setup.py install is deprecated -W ignore:easy_install command is deprecated setup.py develop --uninstall --editable --build-directory /home/mo/Thesis/build/robot_control/build
[1.861s] Invoking command in '/home/mo/Thesis/src/robot_control': CMAKE_PREFIX_PATH=/home/mo/Thesis/install/action_interfaces:/home/mo/Thesis/install/kr_example_cpp:/home/mo/Thesis/install/kr_msgs LD_LIBRARY_PATH=/home/mo/Thesis/install/action_interfaces/lib:/home/mo/Thesis/install/kr_msgs/lib:/opt/ros/foxy/opt/yaml_cpp_vendor/lib:/opt/ros/foxy/opt/rviz_ogre_vendor/lib:/opt/ros/foxy/lib/x86_64-linux-gnu:/opt/ros/foxy/lib PYTHONPATH=/home/mo/Thesis/build/robot_control/prefix_override:/usr/lib/python3/dist-packages/colcon_core/task/python/colcon_distutils_commands:/home/mo/Thesis/install/robot_control/lib/python3.8/site-packages:/home/mo/Thesis/install/action_interfaces/lib/python3.8/site-packages:/home/mo/Thesis/install/vision/lib/python3.8/site-packages:/home/mo/Thesis/install/vcnanoz/lib/python3.8/site-packages:/home/mo/Thesis/install/sensopart_visor/lib/python3.8/site-packages:/home/mo/Thesis/install/robot_control/lib/python3.8/site-packages:/home/mo/Thesis/install/kr_example_python/lib/python3.8/site-packages:/home/mo/Thesis/install/kr_msgs/lib/python3.8/site-packages:/home/mo/Thesis/install/action_servers/lib/python3.8/site-packages:/opt/ros/foxy/lib/python3.8/site-packages /usr/bin/python3 -W ignore:setup.py install is deprecated -W ignore:easy_install command is deprecated setup.py egg_info --egg-base ../../build/robot_control build --build-base /home/mo/Thesis/build/robot_control/build install --record /home/mo/Thesis/build/robot_control/install.log --single-version-externally-managed install_data --force
[2.184s] running egg_info
[2.205s] writing ../../build/robot_control/robot_control.egg-info/PKG-INFO
[2.205s] writing dependency_links to ../../build/robot_control/robot_control.egg-info/dependency_links.txt
[2.205s] writing entry points to ../../build/robot_control/robot_control.egg-info/entry_points.txt
[2.206s] writing requirements to ../../build/robot_control/robot_control.egg-info/requires.txt
[2.206s] writing top-level names to ../../build/robot_control/robot_control.egg-info/top_level.txt
[2.365s] reading manifest file '../../build/robot_control/robot_control.egg-info/SOURCES.txt'
[2.367s] writing manifest file '../../build/robot_control/robot_control.egg-info/SOURCES.txt'
[2.367s] running build
[2.367s] running build_py
[2.367s] copying robot_control/set_working_frame_qr.py -> /home/mo/Thesis/build/robot_control/build/lib/robot_control
[2.367s] copying robot_control/define_working_frame_needle.py -> /home/mo/Thesis/build/robot_control/build/lib/robot_control
[2.368s] copying robot_control/scan_bar_vertical_triangulation.py -> /home/mo/Thesis/build/robot_control/build/lib/robot_control
[2.368s] copying robot_control/MoveTcpAlongAxis_action_client.py -> /home/mo/Thesis/build/robot_control/build/lib/robot_control
[2.368s] copying robot_control/ibvs_2d.py -> /home/mo/Thesis/build/robot_control/build/lib/robot_control
[2.368s] copying robot_control/tf_frames_publisher.py -> /home/mo/Thesis/build/robot_control/build/lib/robot_control
[2.368s] copying robot_control/move_lin_by_key.py -> /home/mo/Thesis/build/robot_control/build/lib/robot_control
[2.369s] copying robot_control/tcp_frame_listener.py -> /home/mo/Thesis/build/robot_control/build/lib/robot_control
[2.369s] copying robot_control/transform_action_client.py -> /home/mo/Thesis/build/robot_control/build/lib/robot_control
[2.369s] copying robot_control/trajectory_control.py -> /home/mo/Thesis/build/robot_control/build/lib/robot_control
[2.369s] copying robot_control/scan_bar_combined_triangulation.py -> /home/mo/Thesis/build/robot_control/build/lib/robot_control
[2.369s] copying robot_control/scan_bar_horizontal_triangulation.py -> /home/mo/Thesis/build/robot_control/build/lib/robot_control
[2.369s] copying robot_control/visual_servoing_control.py -> /home/mo/Thesis/build/robot_control/build/lib/robot_control
[2.370s] copying robot_control/hook_data_listener.py -> /home/mo/Thesis/build/robot_control/build/lib/robot_control
[2.370s] copying robot_control/scan_bar.py -> /home/mo/Thesis/build/robot_control/build/lib/robot_control
[2.370s] copying robot_control/__init__.py -> /home/mo/Thesis/build/robot_control/build/lib/robot_control
[2.370s] copying FC/FC_gripper_handler.py -> /home/mo/Thesis/build/robot_control/build/lib/FC
[2.371s] copying FC/FC_tf_helper.py -> /home/mo/Thesis/build/robot_control/build/lib/FC
[2.371s] copying FC/FC_save_load_global_hook_dict.py -> /home/mo/Thesis/build/robot_control/build/lib/FC
[2.371s] copying FC/FC_hook_geometrics_handler.py -> /home/mo/Thesis/build/robot_control/build/lib/FC
[2.371s] copying FC/FC_quaternion_to_euler.py -> /home/mo/Thesis/build/robot_control/build/lib/FC
[2.371s] copying FC/FC_call_move_spline_service.py -> /home/mo/Thesis/build/robot_control/build/lib/FC
[2.371s] copying FC/FC_call_move_linear_service.py -> /home/mo/Thesis/build/robot_control/build/lib/FC
[2.372s] copying FC/FC_stereo_triangulation_processor.py -> /home/mo/Thesis/build/robot_control/build/lib/FC
[2.372s] copying FC/FC_frame_handler.py -> /home/mo/Thesis/build/robot_control/build/lib/FC
[2.372s] copying FC/FC_cam_geometrics_handler.py -> /home/mo/Thesis/build/robot_control/build/lib/FC
[2.372s] copying FC/FC_dict_receive_processing.py -> /home/mo/Thesis/build/robot_control/build/lib/FC
[2.372s] copying FC/FC_parameterized_cubic_spline.py -> /home/mo/Thesis/build/robot_control/build/lib/FC
[2.373s] copying FC/__init__.py -> /home/mo/Thesis/build/robot_control/build/lib/FC
[2.373s] copying FC/FC_attachment_controller.py -> /home/mo/Thesis/build/robot_control/build/lib/FC
[2.373s] copying FC/FC_edge_detector.py -> /home/mo/Thesis/build/robot_control/build/lib/FC
[2.374s] running install
[2.378s] running install_lib
[2.395s] copying /home/mo/Thesis/build/robot_control/build/lib/robot_control/set_working_frame_qr.py -> /home/mo/Thesis/install/robot_control/lib/python3.8/site-packages/robot_control
[2.396s] copying /home/mo/Thesis/build/robot_control/build/lib/robot_control/define_working_frame_needle.py -> /home/mo/Thesis/install/robot_control/lib/python3.8/site-packages/robot_control
[2.396s] copying /home/mo/Thesis/build/robot_control/build/lib/robot_control/scan_bar_vertical_triangulation.py -> /home/mo/Thesis/install/robot_control/lib/python3.8/site-packages/robot_control
[2.396s] copying /home/mo/Thesis/build/robot_control/build/lib/robot_control/MoveTcpAlongAxis_action_client.py -> /home/mo/Thesis/install/robot_control/lib/python3.8/site-packages/robot_control
[2.396s] copying /home/mo/Thesis/build/robot_control/build/lib/robot_control/ibvs_2d.py -> /home/mo/Thesis/install/robot_control/lib/python3.8/site-packages/robot_control
[2.396s] copying /home/mo/Thesis/build/robot_control/build/lib/robot_control/tf_frames_publisher.py -> /home/mo/Thesis/install/robot_control/lib/python3.8/site-packages/robot_control
[2.396s] copying /home/mo/Thesis/build/robot_control/build/lib/robot_control/move_lin_by_key.py -> /home/mo/Thesis/install/robot_control/lib/python3.8/site-packages/robot_control
[2.396s] copying /home/mo/Thesis/build/robot_control/build/lib/robot_control/tcp_frame_listener.py -> /home/mo/Thesis/install/robot_control/lib/python3.8/site-packages/robot_control
[2.397s] copying /home/mo/Thesis/build/robot_control/build/lib/robot_control/transform_action_client.py -> /home/mo/Thesis/install/robot_control/lib/python3.8/site-packages/robot_control
[2.397s] copying /home/mo/Thesis/build/robot_control/build/lib/robot_control/trajectory_control.py -> /home/mo/Thesis/install/robot_control/lib/python3.8/site-packages/robot_control
[2.397s] copying /home/mo/Thesis/build/robot_control/build/lib/robot_control/scan_bar_combined_triangulation.py -> /home/mo/Thesis/install/robot_control/lib/python3.8/site-packages/robot_control
[2.397s] copying /home/mo/Thesis/build/robot_control/build/lib/robot_control/scan_bar_horizontal_triangulation.py -> /home/mo/Thesis/install/robot_control/lib/python3.8/site-packages/robot_control
[2.397s] copying /home/mo/Thesis/build/robot_control/build/lib/robot_control/visual_servoing_control.py -> /home/mo/Thesis/install/robot_control/lib/python3.8/site-packages/robot_control
[2.397s] copying /home/mo/Thesis/build/robot_control/build/lib/robot_control/hook_data_listener.py -> /home/mo/Thesis/install/robot_control/lib/python3.8/site-packages/robot_control
[2.397s] copying /home/mo/Thesis/build/robot_control/build/lib/robot_control/scan_bar.py -> /home/mo/Thesis/install/robot_control/lib/python3.8/site-packages/robot_control
[2.398s] copying /home/mo/Thesis/build/robot_control/build/lib/robot_control/__init__.py -> /home/mo/Thesis/install/robot_control/lib/python3.8/site-packages/robot_control
[2.398s] copying /home/mo/Thesis/build/robot_control/build/lib/FC/FC_gripper_handler.py -> /home/mo/Thesis/install/robot_control/lib/python3.8/site-packages/FC
[2.398s] copying /home/mo/Thesis/build/robot_control/build/lib/FC/FC_tf_helper.py -> /home/mo/Thesis/install/robot_control/lib/python3.8/site-packages/FC
[2.398s] copying /home/mo/Thesis/build/robot_control/build/lib/FC/FC_save_load_global_hook_dict.py -> /home/mo/Thesis/install/robot_control/lib/python3.8/site-packages/FC
[2.398s] copying /home/mo/Thesis/build/robot_control/build/lib/FC/FC_hook_geometrics_handler.py -> /home/mo/Thesis/install/robot_control/lib/python3.8/site-packages/FC
[2.399s] copying /home/mo/Thesis/build/robot_control/build/lib/FC/FC_quaternion_to_euler.py -> /home/mo/Thesis/install/robot_control/lib/python3.8/site-packages/FC
[2.399s] copying /home/mo/Thesis/build/robot_control/build/lib/FC/FC_call_move_spline_service.py -> /home/mo/Thesis/install/robot_control/lib/python3.8/site-packages/FC
[2.399s] copying /home/mo/Thesis/build/robot_control/build/lib/FC/FC_call_move_linear_service.py -> /home/mo/Thesis/install/robot_control/lib/python3.8/site-packages/FC
[2.399s] copying /home/mo/Thesis/build/robot_control/build/lib/FC/FC_stereo_triangulation_processor.py -> /home/mo/Thesis/install/robot_control/lib/python3.8/site-packages/FC
[2.399s] copying /home/mo/Thesis/build/robot_control/build/lib/FC/FC_frame_handler.py -> /home/mo/Thesis/install/robot_control/lib/python3.8/site-packages/FC
[2.399s] copying /home/mo/Thesis/build/robot_control/build/lib/FC/FC_cam_geometrics_handler.py -> /home/mo/Thesis/install/robot_control/lib/python3.8/site-packages/FC
[2.399s] copying /home/mo/Thesis/build/robot_control/build/lib/FC/FC_dict_receive_processing.py -> /home/mo/Thesis/install/robot_control/lib/python3.8/site-packages/FC
[2.400s] copying /home/mo/Thesis/build/robot_control/build/lib/FC/FC_parameterized_cubic_spline.py -> /home/mo/Thesis/install/robot_control/lib/python3.8/site-packages/FC
[2.400s] copying /home/mo/Thesis/build/robot_control/build/lib/FC/__init__.py -> /home/mo/Thesis/install/robot_control/lib/python3.8/site-packages/FC
[2.400s] copying /home/mo/Thesis/build/robot_control/build/lib/FC/FC_attachment_controller.py -> /home/mo/Thesis/install/robot_control/lib/python3.8/site-packages/FC
[2.400s] copying /home/mo/Thesis/build/robot_control/build/lib/FC/FC_edge_detector.py -> /home/mo/Thesis/install/robot_control/lib/python3.8/site-packages/FC
[2.401s] byte-compiling /home/mo/Thesis/install/robot_control/lib/python3.8/site-packages/robot_control/set_working_frame_qr.py to set_working_frame_qr.cpython-38.pyc
[2.403s] byte-compiling /home/mo/Thesis/install/robot_control/lib/python3.8/site-packages/robot_control/define_working_frame_needle.py to define_working_frame_needle.cpython-38.pyc
[2.404s] byte-compiling /home/mo/Thesis/install/robot_control/lib/python3.8/site-packages/robot_control/scan_bar_vertical_triangulation.py to scan_bar_vertical_triangulation.cpython-38.pyc
[2.407s] byte-compiling /home/mo/Thesis/install/robot_control/lib/python3.8/site-packages/robot_control/MoveTcpAlongAxis_action_client.py to MoveTcpAlongAxis_action_client.cpython-38.pyc
[2.408s] byte-compiling /home/mo/Thesis/install/robot_control/lib/python3.8/site-packages/robot_control/ibvs_2d.py to ibvs_2d.cpython-38.pyc
[2.409s] byte-compiling /home/mo/Thesis/install/robot_control/lib/python3.8/site-packages/robot_control/tf_frames_publisher.py to tf_frames_publisher.cpython-38.pyc
[2.410s] byte-compiling /home/mo/Thesis/install/robot_control/lib/python3.8/site-packages/robot_control/move_lin_by_key.py to move_lin_by_key.cpython-38.pyc
[2.411s] byte-compiling /home/mo/Thesis/install/robot_control/lib/python3.8/site-packages/robot_control/tcp_frame_listener.py to tcp_frame_listener.cpython-38.pyc
[2.411s] byte-compiling /home/mo/Thesis/install/robot_control/lib/python3.8/site-packages/robot_control/transform_action_client.py to transform_action_client.cpython-38.pyc
[2.411s] byte-compiling /home/mo/Thesis/install/robot_control/lib/python3.8/site-packages/robot_control/trajectory_control.py to trajectory_control.cpython-38.pyc
[2.412s] byte-compiling /home/mo/Thesis/install/robot_control/lib/python3.8/site-packages/robot_control/scan_bar_combined_triangulation.py to scan_bar_combined_triangulation.cpython-38.pyc
[2.416s] byte-compiling /home/mo/Thesis/install/robot_control/lib/python3.8/site-packages/robot_control/scan_bar_horizontal_triangulation.py to scan_bar_horizontal_triangulation.cpython-38.pyc
[2.418s] byte-compiling /home/mo/Thesis/install/robot_control/lib/python3.8/site-packages/robot_control/visual_servoing_control.py to visual_servoing_control.cpython-38.pyc
[2.419s] byte-compiling /home/mo/Thesis/install/robot_control/lib/python3.8/site-packages/robot_control/hook_data_listener.py to hook_data_listener.cpython-38.pyc
[2.420s] byte-compiling /home/mo/Thesis/install/robot_control/lib/python3.8/site-packages/robot_control/scan_bar.py to scan_bar.cpython-38.pyc
[2.422s] byte-compiling /home/mo/Thesis/install/robot_control/lib/python3.8/site-packages/robot_control/__init__.py to __init__.cpython-38.pyc
[2.422s] byte-compiling /home/mo/Thesis/install/robot_control/lib/python3.8/site-packages/FC/FC_gripper_handler.py to FC_gripper_handler.cpython-38.pyc
[2.423s] byte-compiling /home/mo/Thesis/install/robot_control/lib/python3.8/site-packages/FC/FC_tf_helper.py to FC_tf_helper.cpython-38.pyc
[2.424s] byte-compiling /home/mo/Thesis/install/robot_control/lib/python3.8/site-packages/FC/FC_save_load_global_hook_dict.py to FC_save_load_global_hook_dict.cpython-38.pyc
[2.424s] byte-compiling /home/mo/Thesis/install/robot_control/lib/python3.8/site-packages/FC/FC_hook_geometrics_handler.py to FC_hook_geometrics_handler.cpython-38.pyc
[2.426s] byte-compiling /home/mo/Thesis/install/robot_control/lib/python3.8/site-packages/FC/FC_quaternion_to_euler.py to FC_quaternion_to_euler.cpython-38.pyc
[2.426s] byte-compiling /home/mo/Thesis/install/robot_control/lib/python3.8/site-packages/FC/FC_call_move_spline_service.py to FC_call_move_spline_service.cpython-38.pyc
[2.426s] byte-compiling /home/mo/Thesis/install/robot_control/lib/python3.8/site-packages/FC/FC_call_move_linear_service.py to FC_call_move_linear_service.cpython-38.pyc
[2.427s] byte-compiling /home/mo/Thesis/install/robot_control/lib/python3.8/site-packages/FC/FC_stereo_triangulation_processor.py to FC_stereo_triangulation_processor.cpython-38.pyc
[2.427s] byte-compiling /home/mo/Thesis/install/robot_control/lib/python3.8/site-packages/FC/FC_frame_handler.py to FC_frame_handler.cpython-38.pyc
[2.428s] byte-compiling /home/mo/Thesis/install/robot_control/lib/python3.8/site-packages/FC/FC_cam_geometrics_handler.py to FC_cam_geometrics_handler.cpython-38.pyc
[2.429s] byte-compiling /home/mo/Thesis/install/robot_control/lib/python3.8/site-packages/FC/FC_dict_receive_processing.py to FC_dict_receive_processing.cpython-38.pyc
[2.430s] byte-compiling /home/mo/Thesis/install/robot_control/lib/python3.8/site-packages/FC/FC_parameterized_cubic_spline.py to FC_parameterized_cubic_spline.cpython-38.pyc
[2.430s] byte-compiling /home/mo/Thesis/install/robot_control/lib/python3.8/site-packages/FC/__init__.py to __init__.cpython-38.pyc
[2.430s] byte-compiling /home/mo/Thesis/install/robot_control/lib/python3.8/site-packages/FC/FC_attachment_controller.py to FC_attachment_controller.cpython-38.pyc
[2.431s] byte-compiling /home/mo/Thesis/install/robot_control/lib/python3.8/site-packages/FC/FC_edge_detector.py to FC_edge_detector.cpython-38.pyc
[2.431s] running install_data
[2.432s] copying resource/robot_control -> /home/mo/Thesis/install/robot_control/share/ament_index/resource_index/packages
[2.432s] copying package.xml -> /home/mo/Thesis/install/robot_control/share/robot_control
[2.432s] copying launch/vc_vision_launch.py -> /home/mo/Thesis/install/robot_control/share/robot_control/launch
[2.433s] copying launch/scan_bar_launch.py -> /home/mo/Thesis/install/robot_control/share/robot_control/launch
[2.433s] copying config/vc_params.yaml -> /home/mo/Thesis/install/robot_control/share/robot_control/config
[2.433s] running install_egg_info
[2.456s] Copying ../../build/robot_control/robot_control.egg-info to /home/mo/Thesis/install/robot_control/lib/python3.8/site-packages/robot_control-0.0.0-py3.8.egg-info
[2.457s] running install_scripts
[2.507s] Installing MoveTcpAlongAxis_action_client script to /home/mo/Thesis/install/robot_control/lib/robot_control
[2.507s] Installing define_working_frame_needle script to /home/mo/Thesis/install/robot_control/lib/robot_control
[2.507s] Installing hook_data_listener script to /home/mo/Thesis/install/robot_control/lib/robot_control
[2.507s] Installing ibvs_2d script to /home/mo/Thesis/install/robot_control/lib/robot_control
[2.507s] Installing move_lin_by_key script to /home/mo/Thesis/install/robot_control/lib/robot_control
[2.508s] Installing scan_bar_combined_triangulation script to /home/mo/Thesis/install/robot_control/lib/robot_control
[2.508s] Installing scan_bar_horizontal_triangulation script to /home/mo/Thesis/install/robot_control/lib/robot_control
[2.508s] Installing scan_bar_vertical_triangulation script to /home/mo/Thesis/install/robot_control/lib/robot_control
[2.508s] Installing set_working_frame_qr script to /home/mo/Thesis/install/robot_control/lib/robot_control
[2.508s] Installing tcp_frame_listener script to /home/mo/Thesis/install/robot_control/lib/robot_control
[2.508s] Installing tf_frames_publisher script to /home/mo/Thesis/install/robot_control/lib/robot_control
[2.508s] Installing trajectory_control script to /home/mo/Thesis/install/robot_control/lib/robot_control
[2.509s] Installing transform_action_client script to /home/mo/Thesis/install/robot_control/lib/robot_control
[2.509s] writing list of installed files to '/home/mo/Thesis/build/robot_control/install.log'
[2.537s] Invoked command in '/home/mo/Thesis/src/robot_control' returned '0': CMAKE_PREFIX_PATH=/home/mo/Thesis/install/action_interfaces:/home/mo/Thesis/install/kr_example_cpp:/home/mo/Thesis/install/kr_msgs LD_LIBRARY_PATH=/home/mo/Thesis/install/action_interfaces/lib:/home/mo/Thesis/install/kr_msgs/lib:/opt/ros/foxy/opt/yaml_cpp_vendor/lib:/opt/ros/foxy/opt/rviz_ogre_vendor/lib:/opt/ros/foxy/lib/x86_64-linux-gnu:/opt/ros/foxy/lib PYTHONPATH=/home/mo/Thesis/build/robot_control/prefix_override:/usr/lib/python3/dist-packages/colcon_core/task/python/colcon_distutils_commands:/home/mo/Thesis/install/robot_control/lib/python3.8/site-packages:/home/mo/Thesis/install/action_interfaces/lib/python3.8/site-packages:/home/mo/Thesis/install/vision/lib/python3.8/site-packages:/home/mo/Thesis/install/vcnanoz/lib/python3.8/site-packages:/home/mo/Thesis/install/sensopart_visor/lib/python3.8/site-packages:/home/mo/Thesis/install/robot_control/lib/python3.8/site-packages:/home/mo/Thesis/install/kr_example_python/lib/python3.8/site-packages:/home/mo/Thesis/install/kr_msgs/lib/python3.8/site-packages:/home/mo/Thesis/install/action_servers/lib/python3.8/site-packages:/opt/ros/foxy/lib/python3.8/site-packages /usr/bin/python3 -W ignore:setup.py install is deprecated -W ignore:easy_install command is deprecated setup.py egg_info --egg-base ../../build/robot_control build --build-base /home/mo/Thesis/build/robot_control/build install --record /home/mo/Thesis/build/robot_control/install.log --single-version-externally-managed install_data --force
