[0.377s] Invoking command in '/home/vboxuser/ros2_ws/build/groot': CMAKE_PREFIX_PATH=${CMAKE_PREFIX_PATH}:/home/vboxuser/ros2_ws/install/vision:/home/vboxuser/ros2_ws/install/robot_control:/home/vboxuser/ros2_ws/install/kr_example_python:/home/vboxuser/ros2_ws/install/bt_pkg:/home/vboxuser/ros2_ws/install/action_tutorials_py:/home/vboxuser/ros2_ws/install/action_pkg:/opt/ros/foxy /usr/bin/cmake --build /home/vboxuser/ros2_ws/build/groot -- -j8 -l8
[0.734s] [  1%] [34m[1mAutomatic MOC and UIC for target QtNodeEditor[0m
[0.770s] [  1%] Built target QtNodeEditor_autogen
[1.073s] [ 57%] Built target QtNodeEditor
[1.125s] [ 58%] [34m[1mAutomatic MOC and UIC for target behavior_tree_editor[0m
[1.307s] [ 58%] Built target behavior_tree_editor_autogen
[1.625s] [ 74%] Built target behavior_tree_editor
[1.762s] [ 75%] [34m[1mAutomatic MOC and UIC for target Groot[0m
[1.762s] [ 76%] [34m[1mAutomatic MOC and UIC for target replay_test[0m
[1.783s] [ 76%] [34m[1mAutomatic MOC and UIC for target editor_test[0m
[1.868s] [ 76%] Built target Groot_autogen
[1.881s] [ 76%] Built target replay_test_autogen
[1.986s] [ 76%] Built target editor_test_autogen
[2.094s] [ 82%] Built target Groot
[2.099s] [ 91%] Built target editor_test
[2.112s] [100%] Built target replay_test
[2.149s] Invoked command in '/home/vboxuser/ros2_ws/build/groot' returned '0': CMAKE_PREFIX_PATH=${CMAKE_PREFIX_PATH}:/home/vboxuser/ros2_ws/install/vision:/home/vboxuser/ros2_ws/install/robot_control:/home/vboxuser/ros2_ws/install/kr_example_python:/home/vboxuser/ros2_ws/install/bt_pkg:/home/vboxuser/ros2_ws/install/action_tutorials_py:/home/vboxuser/ros2_ws/install/action_pkg:/opt/ros/foxy /usr/bin/cmake --build /home/vboxuser/ros2_ws/build/groot -- -j8 -l8
[3.349s] Invoking command in '/home/vboxuser/ros2_ws/build/groot': CMAKE_PREFIX_PATH=${CMAKE_PREFIX_PATH}:/home/vboxuser/ros2_ws/install/vision:/home/vboxuser/ros2_ws/install/robot_control:/home/vboxuser/ros2_ws/install/kr_example_python:/home/vboxuser/ros2_ws/install/bt_pkg:/home/vboxuser/ros2_ws/install/action_tutorials_py:/home/vboxuser/ros2_ws/install/action_pkg:/opt/ros/foxy /usr/bin/cmake --install /home/vboxuser/ros2_ws/build/groot
[3.369s] -- Install configuration: ""
[3.369s] -- Up-to-date: /home/vboxuser/ros2_ws/install/groot/lib/libbehavior_tree_editor.so
[3.371s] -- Up-to-date: /home/vboxuser/ros2_ws/install/groot/lib/groot/Groot
[3.373s] -- Up-to-date: /home/vboxuser/ros2_ws/install/groot/share/groot/environment/library_path.sh
[3.373s] -- Up-to-date: /home/vboxuser/ros2_ws/install/groot/share/groot/environment/library_path.dsv
[3.375s] -- Up-to-date: /home/vboxuser/ros2_ws/install/groot/share/ament_index/resource_index/package_run_dependencies/groot
[3.375s] -- Up-to-date: /home/vboxuser/ros2_ws/install/groot/share/ament_index/resource_index/parent_prefix_path/groot
[3.376s] -- Up-to-date: /home/vboxuser/ros2_ws/install/groot/share/groot/environment/ament_prefix_path.sh
[3.377s] -- Up-to-date: /home/vboxuser/ros2_ws/install/groot/share/groot/environment/ament_prefix_path.dsv
[3.377s] -- Up-to-date: /home/vboxuser/ros2_ws/install/groot/share/groot/environment/path.sh
[3.379s] -- Up-to-date: /home/vboxuser/ros2_ws/install/groot/share/groot/environment/path.dsv
[3.379s] -- Up-to-date: /home/vboxuser/ros2_ws/install/groot/share/groot/local_setup.bash
[3.379s] -- Up-to-date: /home/vboxuser/ros2_ws/install/groot/share/groot/local_setup.sh
[3.379s] -- Up-to-date: /home/vboxuser/ros2_ws/install/groot/share/groot/local_setup.zsh
[3.379s] -- Up-to-date: /home/vboxuser/ros2_ws/install/groot/share/groot/local_setup.dsv
[3.379s] -- Installing: /home/vboxuser/ros2_ws/install/groot/share/groot/package.dsv
[3.381s] -- Up-to-date: /home/vboxuser/ros2_ws/install/groot/share/ament_index/resource_index/packages/groot
[3.381s] -- Up-to-date: /home/vboxuser/ros2_ws/install/groot/share/groot/cmake/ament_cmake_export_include_directories-extras.cmake
[3.381s] -- Up-to-date: /home/vboxuser/ros2_ws/install/groot/share/groot/cmake/ament_cmake_export_dependencies-extras.cmake
[3.381s] -- Up-to-date: /home/vboxuser/ros2_ws/install/groot/share/groot/cmake/ament_cmake_export_libraries-extras.cmake
[3.381s] -- Up-to-date: /home/vboxuser/ros2_ws/install/groot/share/groot/cmake/grootConfig.cmake
[3.381s] -- Up-to-date: /home/vboxuser/ros2_ws/install/groot/share/groot/cmake/grootConfig-version.cmake
[3.381s] -- Up-to-date: /home/vboxuser/ros2_ws/install/groot/share/groot/package.xml
[3.386s] Invoked command in '/home/vboxuser/ros2_ws/build/groot' returned '0': CMAKE_PREFIX_PATH=${CMAKE_PREFIX_PATH}:/home/vboxuser/ros2_ws/install/vision:/home/vboxuser/ros2_ws/install/robot_control:/home/vboxuser/ros2_ws/install/kr_example_python:/home/vboxuser/ros2_ws/install/bt_pkg:/home/vboxuser/ros2_ws/install/action_tutorials_py:/home/vboxuser/ros2_ws/install/action_pkg:/opt/ros/foxy /usr/bin/cmake --install /home/vboxuser/ros2_ws/build/groot
