[2.639s] Invoking command in '/home/vboxuser/Thesis/src/bt_pkg': PYTHONPATH=/home/vboxuser/Thesis/build/bt_pkg/prefix_override:/usr/lib/python3/dist-packages/colcon_core/task/python/colcon_distutils_commands:/home/vboxuser/Thesis/install/bt_pkg/lib/python3.8/site-packages:${PYTHONPATH} /usr/bin/python3 -W ignore:setup.py install is deprecated setup.py egg_info --egg-base ../../build/bt_pkg build --build-base /home/vboxuser/Thesis/build/bt_pkg/build install --record /home/vboxuser/Thesis/build/bt_pkg/install.log --install-scripts $base/lib/bt_pkg --single-version-externally-managed install_data
[3.052s] running egg_info
[3.052s] writing ../../build/bt_pkg/bt_pkg.egg-info/PKG-INFO
[3.056s] writing dependency_links to ../../build/bt_pkg/bt_pkg.egg-info/dependency_links.txt
[3.057s] writing entry points to ../../build/bt_pkg/bt_pkg.egg-info/entry_points.txt
[3.057s] writing requirements to ../../build/bt_pkg/bt_pkg.egg-info/requires.txt
[3.059s] writing top-level names to ../../build/bt_pkg/bt_pkg.egg-info/top_level.txt
[3.100s] reading manifest file '../../build/bt_pkg/bt_pkg.egg-info/SOURCES.txt'
[3.102s] writing manifest file '../../build/bt_pkg/bt_pkg.egg-info/SOURCES.txt'
[3.103s] running build
[3.103s] running build_py
[3.103s] running install
[3.104s] running install_lib
[3.108s] running install_data
[3.109s] running install_egg_info
[3.112s] removing '/home/vboxuser/Thesis/install/bt_pkg/lib/python3.8/site-packages/bt_pkg-0.0.0-py3.8.egg-info' (and everything under it)
[3.113s] Copying ../../build/bt_pkg/bt_pkg.egg-info to /home/vboxuser/Thesis/install/bt_pkg/lib/python3.8/site-packages/bt_pkg-0.0.0-py3.8.egg-info
[3.113s] running install_scripts
[3.137s] Installing bt_example_tree script to /home/vboxuser/Thesis/install/bt_pkg/lib/bt_pkg
[3.137s] Installing bt_scan_hookstrip script to /home/vboxuser/Thesis/install/bt_pkg/lib/bt_pkg
[3.138s] Installing srv_call script to /home/vboxuser/Thesis/install/bt_pkg/lib/bt_pkg
[3.138s] writing list of installed files to '/home/vboxuser/Thesis/build/bt_pkg/install.log'
[3.229s] Invoked command in '/home/vboxuser/Thesis/src/bt_pkg' returned '0': PYTHONPATH=/home/vboxuser/Thesis/build/bt_pkg/prefix_override:/usr/lib/python3/dist-packages/colcon_core/task/python/colcon_distutils_commands:/home/vboxuser/Thesis/install/bt_pkg/lib/python3.8/site-packages:${PYTHONPATH} /usr/bin/python3 -W ignore:setup.py install is deprecated setup.py egg_info --egg-base ../../build/bt_pkg build --build-base /home/vboxuser/Thesis/build/bt_pkg/build install --record /home/vboxuser/Thesis/build/bt_pkg/install.log --install-scripts $base/lib/bt_pkg --single-version-externally-managed install_data
