[1.915s] Invoking command in '/home/vboxuser/ros2_ws/src/vcnanoz': PYTHONPATH=/home/vboxuser/ros2_ws/build/vcnanoz/prefix_override:/usr/lib/python3/dist-packages/colcon_core/task/python/colcon_distutils_commands:/home/vboxuser/ros2_ws/install/vcnanoz/lib/python3.8/site-packages:${PYTHONPATH} /usr/bin/python3 -W ignore:setup.py install is deprecated -W ignore:easy_install command is deprecated setup.py egg_info --egg-base ../../build/vcnanoz build --build-base /home/vboxuser/ros2_ws/build/vcnanoz/build install --record /home/vboxuser/ros2_ws/build/vcnanoz/install.log --install-scripts $base/lib/vcnanoz --single-version-externally-managed install_data
[2.132s] running egg_info
[2.133s] writing ../../build/vcnanoz/vcnanoz.egg-info/PKG-INFO
[2.133s] writing dependency_links to ../../build/vcnanoz/vcnanoz.egg-info/dependency_links.txt
[2.133s] writing entry points to ../../build/vcnanoz/vcnanoz.egg-info/entry_points.txt
[2.135s] writing requirements to ../../build/vcnanoz/vcnanoz.egg-info/requires.txt
[2.135s] writing top-level names to ../../build/vcnanoz/vcnanoz.egg-info/top_level.txt
[2.171s] reading manifest file '../../build/vcnanoz/vcnanoz.egg-info/SOURCES.txt'
[2.175s] writing manifest file '../../build/vcnanoz/vcnanoz.egg-info/SOURCES.txt'
[2.176s] running build
[2.176s] running build_py
[2.177s] running install
[2.180s] running install_lib
[2.181s] running install_data
[2.181s] running install_egg_info
[2.183s] removing '/home/vboxuser/ros2_ws/install/vcnanoz/lib/python3.8/site-packages/vcnanoz-0.0.0-py3.8.egg-info' (and everything under it)
[2.184s] Copying ../../build/vcnanoz/vcnanoz.egg-info to /home/vboxuser/ros2_ws/install/vcnanoz/lib/python3.8/site-packages/vcnanoz-0.0.0-py3.8.egg-info
[2.184s] running install_scripts
[2.194s] Installing vc_img_receiver script to /home/vboxuser/ros2_ws/install/vcnanoz/lib/vcnanoz
[2.198s] writing list of installed files to '/home/vboxuser/ros2_ws/build/vcnanoz/install.log'
[2.259s] Invoked command in '/home/vboxuser/ros2_ws/src/vcnanoz' returned '0': PYTHONPATH=/home/vboxuser/ros2_ws/build/vcnanoz/prefix_override:/usr/lib/python3/dist-packages/colcon_core/task/python/colcon_distutils_commands:/home/vboxuser/ros2_ws/install/vcnanoz/lib/python3.8/site-packages:${PYTHONPATH} /usr/bin/python3 -W ignore:setup.py install is deprecated -W ignore:easy_install command is deprecated setup.py egg_info --egg-base ../../build/vcnanoz build --build-base /home/vboxuser/ros2_ws/build/vcnanoz/build install --record /home/vboxuser/ros2_ws/build/vcnanoz/install.log --install-scripts $base/lib/vcnanoz --single-version-externally-managed install_data
