[1.802s] Invoking command in '/home/mo/Thesis/src/vision': PYTHONPATH=/home/mo/Thesis/build/vision/prefix_override:/usr/lib/python3/dist-packages/colcon_core/task/python/colcon_distutils_commands:/home/mo/Thesis/install/vision/lib/python3.8/site-packages:${PYTHONPATH} /usr/bin/python3 -W ignore:setup.py install is deprecated -W ignore:easy_install command is deprecated setup.py egg_info --egg-base ../../build/vision build --build-base /home/mo/Thesis/build/vision/build install --record /home/mo/Thesis/build/vision/install.log --single-version-externally-managed install_data
[2.143s] running egg_info
[2.164s] writing ../../build/vision/vision.egg-info/PKG-INFO
[2.165s] writing dependency_links to ../../build/vision/vision.egg-info/dependency_links.txt
[2.165s] writing entry points to ../../build/vision/vision.egg-info/entry_points.txt
[2.165s] writing requirements to ../../build/vision/vision.egg-info/requires.txt
[2.165s] writing top-level names to ../../build/vision/vision.egg-info/top_level.txt
[2.417s] reading manifest file '../../build/vision/vision.egg-info/SOURCES.txt'
[2.419s] writing manifest file '../../build/vision/vision.egg-info/SOURCES.txt'
[2.419s] running build
[2.419s] running build_py
[2.419s] copying vision/point_finder_3d.py -> /home/mo/Thesis/build/vision/build/lib/vision
[2.420s] copying vision/image_receiver.py -> /home/mo/Thesis/build/vision/build/lib/vision
[2.420s] copying vision/OLD_process_nn_output.py -> /home/mo/Thesis/build/vision/build/lib/vision
[2.420s] copying vision/img_filters.py -> /home/mo/Thesis/build/vision/build/lib/vision
[2.421s] copying vision/point_finder_2d.py -> /home/mo/Thesis/build/vision/build/lib/vision
[2.421s] copying vision/maskrcnn_inference.py -> /home/mo/Thesis/build/vision/build/lib/vision
[2.421s] copying vision/calibration.py -> /home/mo/Thesis/build/vision/build/lib/vision
[2.421s] copying vision/yolov8_inference.py -> /home/mo/Thesis/build/vision/build/lib/vision
[2.421s] copying vision/OLD_nn_output_processor.py -> /home/mo/Thesis/build/vision/build/lib/vision
[2.422s] copying vision/hook_detector.py -> /home/mo/Thesis/build/vision/build/lib/vision
[2.422s] copying vision/__init__.py -> /home/mo/Thesis/build/vision/build/lib/vision
[2.422s] copying vision/test_node.py -> /home/mo/Thesis/build/vision/build/lib/vision
[2.423s] running install
[2.431s] running install_lib
[2.462s] running install_data
[2.462s] copying resource/vision -> /home/mo/Thesis/install/vision/share/ament_index/resource_index/packages
[2.463s] copying package.xml -> /home/mo/Thesis/install/vision/share/vision
[2.463s] running install_egg_info
[2.489s] removing '/home/mo/Thesis/install/vision/lib/python3.8/site-packages/vision-0.0.0-py3.8.egg-info' (and everything under it)
[2.489s] Copying ../../build/vision/vision.egg-info to /home/mo/Thesis/install/vision/lib/python3.8/site-packages/vision-0.0.0-py3.8.egg-info
[2.490s] running install_scripts
[2.546s] Installing calibration script to /home/mo/Thesis/install/vision/lib/vision
[2.547s] Installing hook_detector script to /home/mo/Thesis/install/vision/lib/vision
[2.547s] Installing image_filters script to /home/mo/Thesis/install/vision/lib/vision
[2.547s] Installing image_receiver script to /home/mo/Thesis/install/vision/lib/vision
[2.547s] Installing maskrcnn_inference script to /home/mo/Thesis/install/vision/lib/vision
[2.547s] Installing nn_output_processor script to /home/mo/Thesis/install/vision/lib/vision
[2.548s] Installing point_finder_2d script to /home/mo/Thesis/install/vision/lib/vision
[2.548s] Installing point_finder_3d script to /home/mo/Thesis/install/vision/lib/vision
[2.548s] Installing stereo_triangulation script to /home/mo/Thesis/install/vision/lib/vision
[2.548s] Installing stereo_triangulation_with_robot script to /home/mo/Thesis/install/vision/lib/vision
[2.548s] Installing test_node script to /home/mo/Thesis/install/vision/lib/vision
[2.548s] Installing yolov8_inference script to /home/mo/Thesis/install/vision/lib/vision
[2.549s] writing list of installed files to '/home/mo/Thesis/build/vision/install.log'
[2.617s] Invoked command in '/home/mo/Thesis/src/vision' returned '0': PYTHONPATH=/home/mo/Thesis/build/vision/prefix_override:/usr/lib/python3/dist-packages/colcon_core/task/python/colcon_distutils_commands:/home/mo/Thesis/install/vision/lib/python3.8/site-packages:${PYTHONPATH} /usr/bin/python3 -W ignore:setup.py install is deprecated -W ignore:easy_install command is deprecated setup.py egg_info --egg-base ../../build/vision build --build-base /home/mo/Thesis/build/vision/build install --record /home/mo/Thesis/build/vision/install.log --single-version-externally-managed install_data
