[1.015s] Invoking command in '/home/vboxuser/ros2_ws/src/action_servers': AMENT_PREFIX_PATH=/home/vboxuser/ros2_ws/install/action_interfaces:${AMENT_PREFIX_PATH} CMAKE_PREFIX_PATH=/home/vboxuser/ros2_ws/install/action_interfaces LD_LIBRARY_PATH=/home/vboxuser/ros2_ws/install/action_interfaces/lib:${LD_LIBRARY_PATH} PYTHONPATH=/home/vboxuser/ros2_ws/build/action_servers/prefix_override:/usr/lib/python3/dist-packages/colcon_core/task/python/colcon_distutils_commands:/home/vboxuser/ros2_ws/install/action_servers/lib/python3.8/site-packages:/home/vboxuser/ros2_ws/install/action_interfaces/lib/python3.8/site-packages:${PYTHONPATH} /usr/bin/python3 -W ignore:setup.py install is deprecated -W ignore:easy_install command is deprecated setup.py egg_info --egg-base ../../build/action_servers build --build-base /home/vboxuser/ros2_ws/build/action_servers/build install --record /home/vboxuser/ros2_ws/build/action_servers/install.log --install-scripts $base/lib/action_servers --single-version-externally-managed install_data
[1.233s] running egg_info
[1.233s] creating ../../build/action_servers/action_servers.egg-info
[1.233s] writing ../../build/action_servers/action_servers.egg-info/PKG-INFO
[1.233s] writing dependency_links to ../../build/action_servers/action_servers.egg-info/dependency_links.txt
[1.233s] writing entry points to ../../build/action_servers/action_servers.egg-info/entry_points.txt
[1.234s] writing requirements to ../../build/action_servers/action_servers.egg-info/requires.txt
[1.234s] writing top-level names to ../../build/action_servers/action_servers.egg-info/top_level.txt
[1.235s] writing manifest file '../../build/action_servers/action_servers.egg-info/SOURCES.txt'
[1.264s] reading manifest file '../../build/action_servers/action_servers.egg-info/SOURCES.txt'
[1.264s] writing manifest file '../../build/action_servers/action_servers.egg-info/SOURCES.txt'
[1.264s] running build
[1.264s] running build_py
[1.264s] creating /home/vboxuser/ros2_ws/build/action_servers/build
[1.264s] creating /home/vboxuser/ros2_ws/build/action_servers/build/lib
[1.265s] creating /home/vboxuser/ros2_ws/build/action_servers/build/lib/action_servers
[1.265s] copying action_servers/fibonacci_action_server.py -> /home/vboxuser/ros2_ws/build/action_servers/build/lib/action_servers
[1.265s] copying action_servers/__init__.py -> /home/vboxuser/ros2_ws/build/action_servers/build/lib/action_servers
[1.265s] copying action_servers/MoveTcpAlongAxis_action_server.py.py -> /home/vboxuser/ros2_ws/build/action_servers/build/lib/action_servers
[1.265s] running install
[1.266s] running install_lib
[1.267s] creating /home/vboxuser/ros2_ws/install/action_servers/lib/python3.8/site-packages/action_servers
[1.267s] copying /home/vboxuser/ros2_ws/build/action_servers/build/lib/action_servers/fibonacci_action_server.py -> /home/vboxuser/ros2_ws/install/action_servers/lib/python3.8/site-packages/action_servers
[1.267s] copying /home/vboxuser/ros2_ws/build/action_servers/build/lib/action_servers/__init__.py -> /home/vboxuser/ros2_ws/install/action_servers/lib/python3.8/site-packages/action_servers
[1.267s] copying /home/vboxuser/ros2_ws/build/action_servers/build/lib/action_servers/MoveTcpAlongAxis_action_server.py.py -> /home/vboxuser/ros2_ws/install/action_servers/lib/python3.8/site-packages/action_servers
[1.267s] byte-compiling /home/vboxuser/ros2_ws/install/action_servers/lib/python3.8/site-packages/action_servers/fibonacci_action_server.py to fibonacci_action_server.cpython-38.pyc
[1.269s] byte-compiling /home/vboxuser/ros2_ws/install/action_servers/lib/python3.8/site-packages/action_servers/__init__.py to __init__.cpython-38.pyc
[1.269s] byte-compiling /home/vboxuser/ros2_ws/install/action_servers/lib/python3.8/site-packages/action_servers/MoveTcpAlongAxis_action_server.py.py to MoveTcpAlongAxis_action_server.py.cpython-38.pyc
[1.270s] running install_data
[1.270s] creating /home/vboxuser/ros2_ws/install/action_servers/share/ament_index
[1.270s] creating /home/vboxuser/ros2_ws/install/action_servers/share/ament_index/resource_index
[1.271s] creating /home/vboxuser/ros2_ws/install/action_servers/share/ament_index/resource_index/packages
[1.271s] copying resource/action_servers -> /home/vboxuser/ros2_ws/install/action_servers/share/ament_index/resource_index/packages
[1.271s] copying package.xml -> /home/vboxuser/ros2_ws/install/action_servers/share/action_servers
[1.271s] running install_egg_info
[1.272s] Copying ../../build/action_servers/action_servers.egg-info to /home/vboxuser/ros2_ws/install/action_servers/lib/python3.8/site-packages/action_servers-0.0.0-py3.8.egg-info
[1.273s] running install_scripts
[1.288s] Installing MoveTcpAlongAxis_action_server script to /home/vboxuser/ros2_ws/install/action_servers/lib/action_servers
[1.289s] Installing fibonacci_action_server script to /home/vboxuser/ros2_ws/install/action_servers/lib/action_servers
[1.289s] writing list of installed files to '/home/vboxuser/ros2_ws/build/action_servers/install.log'
[1.320s] Invoked command in '/home/vboxuser/ros2_ws/src/action_servers' returned '0': AMENT_PREFIX_PATH=/home/vboxuser/ros2_ws/install/action_interfaces:${AMENT_PREFIX_PATH} CMAKE_PREFIX_PATH=/home/vboxuser/ros2_ws/install/action_interfaces LD_LIBRARY_PATH=/home/vboxuser/ros2_ws/install/action_interfaces/lib:${LD_LIBRARY_PATH} PYTHONPATH=/home/vboxuser/ros2_ws/build/action_servers/prefix_override:/usr/lib/python3/dist-packages/colcon_core/task/python/colcon_distutils_commands:/home/vboxuser/ros2_ws/install/action_servers/lib/python3.8/site-packages:/home/vboxuser/ros2_ws/install/action_interfaces/lib/python3.8/site-packages:${PYTHONPATH} /usr/bin/python3 -W ignore:setup.py install is deprecated -W ignore:easy_install command is deprecated setup.py egg_info --egg-base ../../build/action_servers build --build-base /home/vboxuser/ros2_ws/build/action_servers/build install --record /home/vboxuser/ros2_ws/build/action_servers/install.log --install-scripts $base/lib/action_servers --single-version-externally-managed install_data
