[1.738s] Invoking command in '/home/vboxuser/Thesis/src/bt_pkg': PYTHONPATH=/home/vboxuser/Thesis/build/bt_pkg/prefix_override:/usr/lib/python3/dist-packages/colcon_core/task/python/colcon_distutils_commands:/home/vboxuser/Thesis/install/bt_pkg/lib/python3.8/site-packages:${PYTHONPATH} /usr/bin/python3 -W ignore:setup.py install is deprecated setup.py egg_info --egg-base ../../build/bt_pkg build --build-base /home/vboxuser/Thesis/build/bt_pkg/build install --record /home/vboxuser/Thesis/build/bt_pkg/install.log --install-scripts $base/lib/bt_pkg --single-version-externally-managed install_data
[2.020s] running egg_info
[2.023s] writing ../../build/bt_pkg/bt_pkg.egg-info/PKG-INFO
[2.024s] writing dependency_links to ../../build/bt_pkg/bt_pkg.egg-info/dependency_links.txt
[2.024s] writing entry points to ../../build/bt_pkg/bt_pkg.egg-info/entry_points.txt
[2.025s] writing requirements to ../../build/bt_pkg/bt_pkg.egg-info/requires.txt
[2.026s] writing top-level names to ../../build/bt_pkg/bt_pkg.egg-info/top_level.txt
[2.051s] reading manifest file '../../build/bt_pkg/bt_pkg.egg-info/SOURCES.txt'
[2.051s] writing manifest file '../../build/bt_pkg/bt_pkg.egg-info/SOURCES.txt'
[2.052s] running build
[2.052s] running build_py
[2.052s] running install
[2.053s] running install_lib
[2.054s] running install_data
[2.054s] running install_egg_info
[2.058s] removing '/home/vboxuser/Thesis/install/bt_pkg/lib/python3.8/site-packages/bt_pkg-0.0.0-py3.8.egg-info' (and everything under it)
[2.058s] Copying ../../build/bt_pkg/bt_pkg.egg-info to /home/vboxuser/Thesis/install/bt_pkg/lib/python3.8/site-packages/bt_pkg-0.0.0-py3.8.egg-info
[2.059s] running install_scripts
[2.079s] Installing bt_example_tree script to /home/vboxuser/Thesis/install/bt_pkg/lib/bt_pkg
[2.080s] Installing bt_scan_hookstrip script to /home/vboxuser/Thesis/install/bt_pkg/lib/bt_pkg
[2.080s] Installing srv_call script to /home/vboxuser/Thesis/install/bt_pkg/lib/bt_pkg
[2.080s] writing list of installed files to '/home/vboxuser/Thesis/build/bt_pkg/install.log'
[2.445s] Invoked command in '/home/vboxuser/Thesis/src/bt_pkg' returned '0': PYTHONPATH=/home/vboxuser/Thesis/build/bt_pkg/prefix_override:/usr/lib/python3/dist-packages/colcon_core/task/python/colcon_distutils_commands:/home/vboxuser/Thesis/install/bt_pkg/lib/python3.8/site-packages:${PYTHONPATH} /usr/bin/python3 -W ignore:setup.py install is deprecated setup.py egg_info --egg-base ../../build/bt_pkg build --build-base /home/vboxuser/Thesis/build/bt_pkg/build install --record /home/vboxuser/Thesis/build/bt_pkg/install.log --install-scripts $base/lib/bt_pkg --single-version-externally-managed install_data
