[0.712s] Invoking command in '/home/mo/Thesis/build/kr_example_cpp': CMAKE_PREFIX_PATH=/home/mo/Thesis/install/kr_msgs:/home/mo/Thesis/install/kr_example_cpp:/home/mo/Thesis/install/action_interfaces:/home/mo/Thesis/install/vision:/home/mo/Thesis/install/vcnanoz:/home/mo/Thesis/install/sensopart_visor:/home/mo/Thesis/install/robot_control:/home/mo/Thesis/install/kr_example_python:/home/mo/Thesis/install/bt_pkg:/home/mo/Thesis/install/action_servers:/opt/ros/foxy PYTHONPATH=/home/mo/Thesis/install/kr_msgs/lib/python3.8/site-packages:/home/mo/Thesis/install/vision/lib/python3.8/site-packages:/home/mo/Thesis/install/vcnanoz/lib/python3.8/site-packages:/home/mo/Thesis/install/sensopart_visor/lib/python3.8/site-packages:/home/mo/Thesis/install/robot_control/lib/python3.8/site-packages:/home/mo/Thesis/install/kr_example_python/lib/python3.8/site-packages:/home/mo/Thesis/install/bt_pkg/lib/python3.8/site-packages:/home/mo/Thesis/install/action_servers/lib/python3.8/site-packages:/home/mo/Thesis/install/action_interfaces/lib/python3.8/site-packages:/opt/ros/foxy/lib/python3.8/site-packages /usr/bin/cmake --build /home/mo/Thesis/build/kr_example_cpp -- -j16 -l16
[1.040s] [ 40%] Built target robot_state
[1.041s] [ 40%] Built target jog_linear
[1.041s] [ 60%] Built target self_motion
[1.041s] [ 80%] Built target follow_joint
[1.042s] [100%] Built target move_joint
[1.049s] Invoked command in '/home/mo/Thesis/build/kr_example_cpp' returned '0': CMAKE_PREFIX_PATH=/home/mo/Thesis/install/kr_msgs:/home/mo/Thesis/install/kr_example_cpp:/home/mo/Thesis/install/action_interfaces:/home/mo/Thesis/install/vision:/home/mo/Thesis/install/vcnanoz:/home/mo/Thesis/install/sensopart_visor:/home/mo/Thesis/install/robot_control:/home/mo/Thesis/install/kr_example_python:/home/mo/Thesis/install/bt_pkg:/home/mo/Thesis/install/action_servers:/opt/ros/foxy PYTHONPATH=/home/mo/Thesis/install/kr_msgs/lib/python3.8/site-packages:/home/mo/Thesis/install/vision/lib/python3.8/site-packages:/home/mo/Thesis/install/vcnanoz/lib/python3.8/site-packages:/home/mo/Thesis/install/sensopart_visor/lib/python3.8/site-packages:/home/mo/Thesis/install/robot_control/lib/python3.8/site-packages:/home/mo/Thesis/install/kr_example_python/lib/python3.8/site-packages:/home/mo/Thesis/install/bt_pkg/lib/python3.8/site-packages:/home/mo/Thesis/install/action_servers/lib/python3.8/site-packages:/home/mo/Thesis/install/action_interfaces/lib/python3.8/site-packages:/opt/ros/foxy/lib/python3.8/site-packages /usr/bin/cmake --build /home/mo/Thesis/build/kr_example_cpp -- -j16 -l16
[1.053s] Invoking command in '/home/mo/Thesis/build/kr_example_cpp': CMAKE_PREFIX_PATH=/home/mo/Thesis/install/kr_msgs:/home/mo/Thesis/install/kr_example_cpp:/home/mo/Thesis/install/action_interfaces:/home/mo/Thesis/install/vision:/home/mo/Thesis/install/vcnanoz:/home/mo/Thesis/install/sensopart_visor:/home/mo/Thesis/install/robot_control:/home/mo/Thesis/install/kr_example_python:/home/mo/Thesis/install/bt_pkg:/home/mo/Thesis/install/action_servers:/opt/ros/foxy PYTHONPATH=/home/mo/Thesis/install/kr_msgs/lib/python3.8/site-packages:/home/mo/Thesis/install/vision/lib/python3.8/site-packages:/home/mo/Thesis/install/vcnanoz/lib/python3.8/site-packages:/home/mo/Thesis/install/sensopart_visor/lib/python3.8/site-packages:/home/mo/Thesis/install/robot_control/lib/python3.8/site-packages:/home/mo/Thesis/install/kr_example_python/lib/python3.8/site-packages:/home/mo/Thesis/install/bt_pkg/lib/python3.8/site-packages:/home/mo/Thesis/install/action_servers/lib/python3.8/site-packages:/home/mo/Thesis/install/action_interfaces/lib/python3.8/site-packages:/opt/ros/foxy/lib/python3.8/site-packages /usr/bin/cmake --install /home/mo/Thesis/build/kr_example_cpp
[1.069s] -- Install configuration: ""
[1.069s] -- Up-to-date: /home/mo/Thesis/install/kr_example_cpp/lib/kr_example_cpp/robot_state
[1.070s] -- Up-to-date: /home/mo/Thesis/install/kr_example_cpp/lib/kr_example_cpp/follow_joint
[1.071s] -- Up-to-date: /home/mo/Thesis/install/kr_example_cpp/lib/kr_example_cpp/move_joint
[1.071s] -- Up-to-date: /home/mo/Thesis/install/kr_example_cpp/lib/kr_example_cpp/jog_linear
[1.071s] -- Up-to-date: /home/mo/Thesis/install/kr_example_cpp/lib/kr_example_cpp/self_motion
[1.071s] -- Up-to-date: /home/mo/Thesis/install/kr_example_cpp/share/ament_index/resource_index/package_run_dependencies/kr_example_cpp
[1.072s] -- Up-to-date: /home/mo/Thesis/install/kr_example_cpp/share/ament_index/resource_index/parent_prefix_path/kr_example_cpp
[1.072s] -- Up-to-date: /home/mo/Thesis/install/kr_example_cpp/share/kr_example_cpp/environment/ament_prefix_path.sh
[1.072s] -- Up-to-date: /home/mo/Thesis/install/kr_example_cpp/share/kr_example_cpp/environment/ament_prefix_path.dsv
[1.072s] -- Up-to-date: /home/mo/Thesis/install/kr_example_cpp/share/kr_example_cpp/environment/path.sh
[1.072s] -- Up-to-date: /home/mo/Thesis/install/kr_example_cpp/share/kr_example_cpp/environment/path.dsv
[1.072s] -- Up-to-date: /home/mo/Thesis/install/kr_example_cpp/share/kr_example_cpp/local_setup.bash
[1.072s] -- Up-to-date: /home/mo/Thesis/install/kr_example_cpp/share/kr_example_cpp/local_setup.sh
[1.072s] -- Up-to-date: /home/mo/Thesis/install/kr_example_cpp/share/kr_example_cpp/local_setup.zsh
[1.073s] -- Up-to-date: /home/mo/Thesis/install/kr_example_cpp/share/kr_example_cpp/local_setup.dsv
[1.073s] -- Installing: /home/mo/Thesis/install/kr_example_cpp/share/kr_example_cpp/package.dsv
[1.075s] -- Up-to-date: /home/mo/Thesis/install/kr_example_cpp/share/ament_index/resource_index/packages/kr_example_cpp
[1.075s] -- Up-to-date: /home/mo/Thesis/install/kr_example_cpp/share/kr_example_cpp/cmake/kr_example_cppConfig.cmake
[1.075s] -- Up-to-date: /home/mo/Thesis/install/kr_example_cpp/share/kr_example_cpp/cmake/kr_example_cppConfig-version.cmake
[1.076s] -- Up-to-date: /home/mo/Thesis/install/kr_example_cpp/share/kr_example_cpp/package.xml
[1.076s] Invoked command in '/home/mo/Thesis/build/kr_example_cpp' returned '0': CMAKE_PREFIX_PATH=/home/mo/Thesis/install/kr_msgs:/home/mo/Thesis/install/kr_example_cpp:/home/mo/Thesis/install/action_interfaces:/home/mo/Thesis/install/vision:/home/mo/Thesis/install/vcnanoz:/home/mo/Thesis/install/sensopart_visor:/home/mo/Thesis/install/robot_control:/home/mo/Thesis/install/kr_example_python:/home/mo/Thesis/install/bt_pkg:/home/mo/Thesis/install/action_servers:/opt/ros/foxy PYTHONPATH=/home/mo/Thesis/install/kr_msgs/lib/python3.8/site-packages:/home/mo/Thesis/install/vision/lib/python3.8/site-packages:/home/mo/Thesis/install/vcnanoz/lib/python3.8/site-packages:/home/mo/Thesis/install/sensopart_visor/lib/python3.8/site-packages:/home/mo/Thesis/install/robot_control/lib/python3.8/site-packages:/home/mo/Thesis/install/kr_example_python/lib/python3.8/site-packages:/home/mo/Thesis/install/bt_pkg/lib/python3.8/site-packages:/home/mo/Thesis/install/action_servers/lib/python3.8/site-packages:/home/mo/Thesis/install/action_interfaces/lib/python3.8/site-packages:/opt/ros/foxy/lib/python3.8/site-packages /usr/bin/cmake --install /home/mo/Thesis/build/kr_example_cpp
