[0.686s] Invoking command in '/home/vboxuser/ros2_ws/src/vcnanoz_ros2': PYTHONPATH=/home/vboxuser/ros2_ws/build/vcnanoz_ros2/prefix_override:/usr/lib/python3/dist-packages/colcon_core/task/python/colcon_distutils_commands:/home/vboxuser/ros2_ws/install/vcnanoz_ros2/lib/python3.8/site-packages:${PYTHONPATH} /usr/bin/python3 -W ignore:setup.py install is deprecated -W ignore:easy_install command is deprecated setup.py egg_info --egg-base ../../build/vcnanoz_ros2 build --build-base /home/vboxuser/ros2_ws/build/vcnanoz_ros2/build install --record /home/vboxuser/ros2_ws/build/vcnanoz_ros2/install.log --install-scripts $base/lib/vcnanoz_ros2 --single-version-externally-managed install_data
[0.898s] running egg_info
[0.899s] writing ../../build/vcnanoz_ros2/vcnanoz_ros2.egg-info/PKG-INFO
[0.904s] writing dependency_links to ../../build/vcnanoz_ros2/vcnanoz_ros2.egg-info/dependency_links.txt
[0.904s] writing entry points to ../../build/vcnanoz_ros2/vcnanoz_ros2.egg-info/entry_points.txt
[0.904s] writing requirements to ../../build/vcnanoz_ros2/vcnanoz_ros2.egg-info/requires.txt
[0.904s] writing top-level names to ../../build/vcnanoz_ros2/vcnanoz_ros2.egg-info/top_level.txt
[0.932s] reading manifest file '../../build/vcnanoz_ros2/vcnanoz_ros2.egg-info/SOURCES.txt'
[0.932s] writing manifest file '../../build/vcnanoz_ros2/vcnanoz_ros2.egg-info/SOURCES.txt'
[0.934s] running build
[0.934s] running build_py
[0.934s] running install
[0.934s] running install_lib
[0.935s] running install_data
[0.935s] copying package.xml -> /home/vboxuser/ros2_ws/install/vcnanoz_ros2/share/vcnanoz_ros2
[0.936s] running install_egg_info
[0.938s] removing '/home/vboxuser/ros2_ws/install/vcnanoz_ros2/lib/python3.8/site-packages/vcnanoz_ros2-0.0.0-py3.8.egg-info' (and everything under it)
[0.938s] Copying ../../build/vcnanoz_ros2/vcnanoz_ros2.egg-info to /home/vboxuser/ros2_ws/install/vcnanoz_ros2/lib/python3.8/site-packages/vcnanoz_ros2-0.0.0-py3.8.egg-info
[0.939s] running install_scripts
[0.953s] Installing vc_img_receiver script to /home/vboxuser/ros2_ws/install/vcnanoz_ros2/lib/vcnanoz_ros2
[0.954s] writing list of installed files to '/home/vboxuser/ros2_ws/build/vcnanoz_ros2/install.log'
[0.977s] Invoked command in '/home/vboxuser/ros2_ws/src/vcnanoz_ros2' returned '0': PYTHONPATH=/home/vboxuser/ros2_ws/build/vcnanoz_ros2/prefix_override:/usr/lib/python3/dist-packages/colcon_core/task/python/colcon_distutils_commands:/home/vboxuser/ros2_ws/install/vcnanoz_ros2/lib/python3.8/site-packages:${PYTHONPATH} /usr/bin/python3 -W ignore:setup.py install is deprecated -W ignore:easy_install command is deprecated setup.py egg_info --egg-base ../../build/vcnanoz_ros2 build --build-base /home/vboxuser/ros2_ws/build/vcnanoz_ros2/build install --record /home/vboxuser/ros2_ws/build/vcnanoz_ros2/install.log --install-scripts $base/lib/vcnanoz_ros2 --single-version-externally-managed install_data
