[0.344s] Invoking command in '/home/vboxuser/ros2_ws/build/groot': CMAKE_PREFIX_PATH=${CMAKE_PREFIX_PATH}:/home/vboxuser/ros2_ws/install/vision:/home/vboxuser/ros2_ws/install/robot_control:/home/vboxuser/ros2_ws/install/kr_example_python:/home/vboxuser/ros2_ws/install/bt_pkg:/home/vboxuser/ros2_ws/install/action_tutorials_py:/home/vboxuser/ros2_ws/install/action_pkg:/opt/ros/foxy /usr/bin/cmake /home/vboxuser/ros2_ws/src/Groot -DCMAKE_INSTALL_PREFIX=/home/vboxuser/ros2_ws/install/groot
[0.735s] -- Using PYTHON_EXECUTABLE: /usr/bin/python3
[0.735s] -- Override CMake install command with custom implementation using symlinks instead of copying resources
[0.736s] -- Found ament_index_cpp: 1.1.0 (/opt/ros/foxy/share/ament_index_cpp/cmake)
[0.736s] -- ---------------------
[0.737s] -- Compiling with AMENT.
[0.737s] -- ---------------------
[0.738s] -- ZeroMQ found.
[0.758s] -- Configuring done
[0.875s] -- Generating done
[0.880s] -- Build files have been written to: /home/vboxuser/ros2_ws/build/groot
[1.003s] Invoked command in '/home/vboxuser/ros2_ws/build/groot' returned '0': CMAKE_PREFIX_PATH=${CMAKE_PREFIX_PATH}:/home/vboxuser/ros2_ws/install/vision:/home/vboxuser/ros2_ws/install/robot_control:/home/vboxuser/ros2_ws/install/kr_example_python:/home/vboxuser/ros2_ws/install/bt_pkg:/home/vboxuser/ros2_ws/install/action_tutorials_py:/home/vboxuser/ros2_ws/install/action_pkg:/opt/ros/foxy /usr/bin/cmake /home/vboxuser/ros2_ws/src/Groot -DCMAKE_INSTALL_PREFIX=/home/vboxuser/ros2_ws/install/groot
[1.004s] Invoking command in '/home/vboxuser/ros2_ws/build/groot': CMAKE_PREFIX_PATH=${CMAKE_PREFIX_PATH}:/home/vboxuser/ros2_ws/install/vision:/home/vboxuser/ros2_ws/install/robot_control:/home/vboxuser/ros2_ws/install/kr_example_python:/home/vboxuser/ros2_ws/install/bt_pkg:/home/vboxuser/ros2_ws/install/action_tutorials_py:/home/vboxuser/ros2_ws/install/action_pkg:/opt/ros/foxy /usr/bin/cmake --build /home/vboxuser/ros2_ws/build/groot -- -j8 -l8
[1.099s] [  1%] [34m[1mAutomatic MOC and UIC for target QtNodeEditor[0m
[1.149s] [  1%] Built target QtNodeEditor_autogen
[1.257s] [ 57%] Built target QtNodeEditor
[1.299s] [ 58%] [34m[1mAutomatic MOC and UIC for target behavior_tree_editor[0m
[1.344s] [ 58%] Built target behavior_tree_editor_autogen
[1.418s] [ 74%] Built target behavior_tree_editor
[1.454s] [ 75%] [34m[1mAutomatic MOC and UIC for target Groot[0m
[1.457s] [ 75%] [34m[1mAutomatic MOC and UIC for target editor_test[0m
[1.467s] [ 76%] [34m[1mAutomatic MOC and UIC for target replay_test[0m
[1.505s] [ 76%] Built target Groot_autogen
[1.532s] [ 76%] Built target editor_test_autogen
[1.533s] [ 76%] Built target replay_test_autogen
[1.575s] [ 82%] Built target Groot
[1.623s] [ 91%] Built target replay_test
[1.630s] [100%] Built target editor_test
[1.659s] Invoked command in '/home/vboxuser/ros2_ws/build/groot' returned '0': CMAKE_PREFIX_PATH=${CMAKE_PREFIX_PATH}:/home/vboxuser/ros2_ws/install/vision:/home/vboxuser/ros2_ws/install/robot_control:/home/vboxuser/ros2_ws/install/kr_example_python:/home/vboxuser/ros2_ws/install/bt_pkg:/home/vboxuser/ros2_ws/install/action_tutorials_py:/home/vboxuser/ros2_ws/install/action_pkg:/opt/ros/foxy /usr/bin/cmake --build /home/vboxuser/ros2_ws/build/groot -- -j8 -l8
[1.896s] Invoking command in '/home/vboxuser/ros2_ws/build/groot': CMAKE_PREFIX_PATH=${CMAKE_PREFIX_PATH}:/home/vboxuser/ros2_ws/install/vision:/home/vboxuser/ros2_ws/install/robot_control:/home/vboxuser/ros2_ws/install/kr_example_python:/home/vboxuser/ros2_ws/install/bt_pkg:/home/vboxuser/ros2_ws/install/action_tutorials_py:/home/vboxuser/ros2_ws/install/action_pkg:/opt/ros/foxy /usr/bin/cmake --install /home/vboxuser/ros2_ws/build/groot
[1.907s] -- Install configuration: ""
[1.907s] -- Execute custom install script
[1.908s] -- Up-to-date symlink: /home/vboxuser/ros2_ws/install/groot/lib/libbehavior_tree_editor.so
[1.908s] -- Up-to-date symlink: /home/vboxuser/ros2_ws/install/groot/lib/groot/Groot
[1.909s] -- Up-to-date symlink: /home/vboxuser/ros2_ws/install/groot/share/groot/environment/library_path.sh
[1.909s] -- Up-to-date symlink: /home/vboxuser/ros2_ws/install/groot/share/groot/environment/library_path.dsv
[1.909s] -- Up-to-date symlink: /home/vboxuser/ros2_ws/install/groot/share/ament_index/resource_index/package_run_dependencies/groot
[1.909s] -- Up-to-date symlink: /home/vboxuser/ros2_ws/install/groot/share/ament_index/resource_index/parent_prefix_path/groot
[1.910s] -- Up-to-date symlink: /home/vboxuser/ros2_ws/install/groot/share/groot/environment/ament_prefix_path.sh
[1.910s] -- Up-to-date symlink: /home/vboxuser/ros2_ws/install/groot/share/groot/environment/ament_prefix_path.dsv
[1.910s] -- Up-to-date symlink: /home/vboxuser/ros2_ws/install/groot/share/groot/environment/path.sh
[1.911s] -- Up-to-date symlink: /home/vboxuser/ros2_ws/install/groot/share/groot/environment/path.dsv
[1.911s] -- Up-to-date symlink: /home/vboxuser/ros2_ws/install/groot/share/groot/local_setup.bash
[1.911s] -- Up-to-date symlink: /home/vboxuser/ros2_ws/install/groot/share/groot/local_setup.sh
[1.912s] -- Up-to-date symlink: /home/vboxuser/ros2_ws/install/groot/share/groot/local_setup.zsh
[1.912s] -- Up-to-date symlink: /home/vboxuser/ros2_ws/install/groot/share/groot/local_setup.dsv
[1.912s] -- Symlinking: /home/vboxuser/ros2_ws/install/groot/share/groot/package.dsv
[1.926s] -- Up-to-date symlink: /home/vboxuser/ros2_ws/install/groot/share/ament_index/resource_index/packages/groot
[1.926s] -- Up-to-date symlink: /home/vboxuser/ros2_ws/install/groot/share/groot/cmake/ament_cmake_export_include_directories-extras.cmake
[1.926s] -- Up-to-date symlink: /home/vboxuser/ros2_ws/install/groot/share/groot/cmake/ament_cmake_export_dependencies-extras.cmake
[1.927s] -- Up-to-date symlink: /home/vboxuser/ros2_ws/install/groot/share/groot/cmake/ament_cmake_export_libraries-extras.cmake
[1.927s] -- Up-to-date symlink: /home/vboxuser/ros2_ws/install/groot/share/groot/cmake/grootConfig.cmake
[1.928s] -- Up-to-date symlink: /home/vboxuser/ros2_ws/install/groot/share/groot/cmake/grootConfig-version.cmake
[1.928s] -- Up-to-date symlink: /home/vboxuser/ros2_ws/install/groot/share/groot/package.xml
[1.932s] Invoked command in '/home/vboxuser/ros2_ws/build/groot' returned '0': CMAKE_PREFIX_PATH=${CMAKE_PREFIX_PATH}:/home/vboxuser/ros2_ws/install/vision:/home/vboxuser/ros2_ws/install/robot_control:/home/vboxuser/ros2_ws/install/kr_example_python:/home/vboxuser/ros2_ws/install/bt_pkg:/home/vboxuser/ros2_ws/install/action_tutorials_py:/home/vboxuser/ros2_ws/install/action_pkg:/opt/ros/foxy /usr/bin/cmake --install /home/vboxuser/ros2_ws/build/groot
