[1.342s] Invoking command in '/home/mo/Thesis/build/sensopart_visor': PYTHONPATH=/home/mo/Thesis/build/sensopart_visor/prefix_override:/usr/lib/python3/dist-packages/colcon_core/task/python/colcon_distutils_commands:/home/mo/Thesis/install/sensopart_visor/lib/python3.8/site-packages:${PYTHONPATH} /usr/bin/python3 -W ignore:setup.py install is deprecated -W ignore:easy_install command is deprecated setup.py develop --editable --build-directory /home/mo/Thesis/build/sensopart_visor/build --no-deps symlink_data --force
[1.682s] running develop
[1.914s] running egg_info
[1.933s] writing sensopart_visor.egg-info/PKG-INFO
[1.933s] writing dependency_links to sensopart_visor.egg-info/dependency_links.txt
[1.933s] writing entry points to sensopart_visor.egg-info/entry_points.txt
[1.933s] writing requirements to sensopart_visor.egg-info/requires.txt
[1.933s] writing top-level names to sensopart_visor.egg-info/top_level.txt
[1.973s] reading manifest file 'sensopart_visor.egg-info/SOURCES.txt'
[1.974s] writing manifest file 'sensopart_visor.egg-info/SOURCES.txt'
[2.038s] running build_ext
[2.038s] Creating /home/mo/Thesis/install/sensopart_visor/lib/python3.8/site-packages/sensopart-visor.egg-link (link to .)
[2.039s] Installing visor_shutdown script to /home/mo/Thesis/install/sensopart_visor/lib/sensopart_visor
[2.039s] Installing visor_startup script to /home/mo/Thesis/install/sensopart_visor/lib/sensopart_visor
[2.039s] 
[2.040s] Installed /home/mo/Thesis/build/sensopart_visor
[2.040s] running symlink_data
[2.040s] symbolically linking /home/mo/Thesis/build/sensopart_visor/resource/sensopart_visor -> /home/mo/Thesis/install/sensopart_visor/share/ament_index/resource_index/packages
[2.040s] symbolically linking /home/mo/Thesis/build/sensopart_visor/package.xml -> /home/mo/Thesis/install/sensopart_visor/share/sensopart_visor
[2.082s] Invoked command in '/home/mo/Thesis/build/sensopart_visor' returned '0': PYTHONPATH=/home/mo/Thesis/build/sensopart_visor/prefix_override:/usr/lib/python3/dist-packages/colcon_core/task/python/colcon_distutils_commands:/home/mo/Thesis/install/sensopart_visor/lib/python3.8/site-packages:${PYTHONPATH} /usr/bin/python3 -W ignore:setup.py install is deprecated -W ignore:easy_install command is deprecated setup.py develop --editable --build-directory /home/mo/Thesis/build/sensopart_visor/build --no-deps symlink_data --force
