[1.500s] Invoking command in '/home/vboxuser/ros2_ws/src/vision': PYTHONPATH=/home/vboxuser/ros2_ws/build/vision/prefix_override:/usr/lib/python3/dist-packages/colcon_core/task/python/colcon_distutils_commands:/home/vboxuser/ros2_ws/install/vision/lib/python3.8/site-packages:${PYTHONPATH} /usr/bin/python3 -W ignore:setup.py install is deprecated setup.py egg_info --egg-base ../../build/vision build --build-base /home/vboxuser/ros2_ws/build/vision/build install --record /home/vboxuser/ros2_ws/build/vision/install.log --install-scripts $base/lib/vision --single-version-externally-managed install_data
[1.711s] running egg_info
[1.712s] writing ../../build/vision/vision.egg-info/PKG-INFO
[1.719s] writing dependency_links to ../../build/vision/vision.egg-info/dependency_links.txt
[1.719s] writing entry points to ../../build/vision/vision.egg-info/entry_points.txt
[1.719s] writing requirements to ../../build/vision/vision.egg-info/requires.txt
[1.719s] writing top-level names to ../../build/vision/vision.egg-info/top_level.txt
[1.756s] reading manifest file '../../build/vision/vision.egg-info/SOURCES.txt'
[1.761s] writing manifest file '../../build/vision/vision.egg-info/SOURCES.txt'
[1.761s] running build
[1.761s] running build_py
[1.761s] running install
[1.762s] running install_lib
[1.777s] running install_data
[1.779s] running install_egg_info
[1.781s] removing '/home/vboxuser/ros2_ws/install/vision/lib/python3.8/site-packages/vision-0.0.0-py3.8.egg-info' (and everything under it)
[1.782s] Copying ../../build/vision/vision.egg-info to /home/vboxuser/ros2_ws/install/vision/lib/python3.8/site-packages/vision-0.0.0-py3.8.egg-info
[1.785s] running install_scripts
[1.801s] Installing image_receiver script to /home/vboxuser/ros2_ws/install/vision/lib/vision
[1.804s] writing list of installed files to '/home/vboxuser/ros2_ws/build/vision/install.log'
[1.832s] Invoked command in '/home/vboxuser/ros2_ws/src/vision' returned '0': PYTHONPATH=/home/vboxuser/ros2_ws/build/vision/prefix_override:/usr/lib/python3/dist-packages/colcon_core/task/python/colcon_distutils_commands:/home/vboxuser/ros2_ws/install/vision/lib/python3.8/site-packages:${PYTHONPATH} /usr/bin/python3 -W ignore:setup.py install is deprecated setup.py egg_info --egg-base ../../build/vision build --build-base /home/vboxuser/ros2_ws/build/vision/build install --record /home/vboxuser/ros2_ws/build/vision/install.log --install-scripts $base/lib/vision --single-version-externally-managed install_data
