[1.303s] Invoking command in '/home/vboxuser/ros2_ws/src/vision': PYTHONPATH=/home/vboxuser/ros2_ws/build/vision/prefix_override:/usr/lib/python3/dist-packages/colcon_core/task/python/colcon_distutils_commands:/home/vboxuser/ros2_ws/install/vision/lib/python3.8/site-packages:${PYTHONPATH} /usr/bin/python3 -W ignore:setup.py install is deprecated setup.py egg_info --egg-base ../../build/vision build --build-base /home/vboxuser/ros2_ws/build/vision/build install --record /home/vboxuser/ros2_ws/build/vision/install.log --install-scripts $base/lib/vision --single-version-externally-managed install_data
[1.635s] running egg_info
[1.636s] writing ../../build/vision/vision.egg-info/PKG-INFO
[1.637s] writing dependency_links to ../../build/vision/vision.egg-info/dependency_links.txt
[1.640s] writing entry points to ../../build/vision/vision.egg-info/entry_points.txt
[1.641s] writing requirements to ../../build/vision/vision.egg-info/requires.txt
[1.642s] writing top-level names to ../../build/vision/vision.egg-info/top_level.txt
[1.695s] reading manifest file '../../build/vision/vision.egg-info/SOURCES.txt'
[1.696s] writing manifest file '../../build/vision/vision.egg-info/SOURCES.txt'
[1.696s] running build
[1.701s] running build_py
[1.701s] copying vision/stereo_triangulation.py -> /home/vboxuser/ros2_ws/build/vision/build/lib/vision
[1.701s] running install
[1.701s] running install_lib
[1.701s] copying /home/vboxuser/ros2_ws/build/vision/build/lib/vision/stereo_triangulation.py -> /home/vboxuser/ros2_ws/install/vision/lib/python3.8/site-packages/vision
[1.702s] byte-compiling /home/vboxuser/ros2_ws/install/vision/lib/python3.8/site-packages/vision/stereo_triangulation.py to stereo_triangulation.cpython-38.pyc
[1.703s] running install_data
[1.703s] running install_egg_info
[1.706s] removing '/home/vboxuser/ros2_ws/install/vision/lib/python3.8/site-packages/vision-0.0.0-py3.8.egg-info' (and everything under it)
[1.707s] Copying ../../build/vision/vision.egg-info to /home/vboxuser/ros2_ws/install/vision/lib/python3.8/site-packages/vision-0.0.0-py3.8.egg-info
[1.708s] running install_scripts
[1.743s] Installing calibration script to /home/vboxuser/ros2_ws/install/vision/lib/vision
[1.743s] Installing image_receiver script to /home/vboxuser/ros2_ws/install/vision/lib/vision
[1.743s] Installing point_finder_2d script to /home/vboxuser/ros2_ws/install/vision/lib/vision
[1.743s] Installing point_finder_3d script to /home/vboxuser/ros2_ws/install/vision/lib/vision
[1.743s] Installing stereo_triangulation script to /home/vboxuser/ros2_ws/install/vision/lib/vision
[1.743s] Installing test_node script to /home/vboxuser/ros2_ws/install/vision/lib/vision
[1.743s] writing list of installed files to '/home/vboxuser/ros2_ws/build/vision/install.log'
[1.782s] Invoked command in '/home/vboxuser/ros2_ws/src/vision' returned '0': PYTHONPATH=/home/vboxuser/ros2_ws/build/vision/prefix_override:/usr/lib/python3/dist-packages/colcon_core/task/python/colcon_distutils_commands:/home/vboxuser/ros2_ws/install/vision/lib/python3.8/site-packages:${PYTHONPATH} /usr/bin/python3 -W ignore:setup.py install is deprecated setup.py egg_info --egg-base ../../build/vision build --build-base /home/vboxuser/ros2_ws/build/vision/build install --record /home/vboxuser/ros2_ws/build/vision/install.log --install-scripts $base/lib/vision --single-version-externally-managed install_data
