[0.079s] Invoking command in '/home/vboxuser/Thesis/build/realsense2_camera_msgs': CMAKE_PREFIX_PATH=${CMAKE_PREFIX_PATH}:/home/vboxuser/Thesis/install/vision:/home/vboxuser/Thesis/install/vcnanoz:/home/vboxuser/Thesis/install/robot_control:/home/vboxuser/Thesis/install/kr_example_python:/home/vboxuser/Thesis/install/bt_pkg:/home/vboxuser/Thesis/install/action_servers:/opt/ros/foxy /usr/bin/cmake --build /home/vboxuser/Thesis/build/realsense2_camera_msgs -- -j8 -l8
[0.680s] [ 11%] Built target realsense2_camera_msgs__rosidl_generator_c
[0.680s] [ 12%] Built target realsense2_camera_msgs__cpp
[0.680s] [ 23%] Built target realsense2_camera_msgs__rosidl_typesupport_introspection_c
[0.680s] [ 34%] Built target realsense2_camera_msgs__rosidl_typesupport_c
[0.680s] [ 46%] Built target realsense2_camera_msgs__rosidl_typesupport_cpp
[0.681s] [ 57%] Built target realsense2_camera_msgs__rosidl_typesupport_fastrtps_cpp
[0.681s] [ 68%] Built target realsense2_camera_msgs__rosidl_typesupport_introspection_cpp
[0.681s] [ 79%] Built target realsense2_camera_msgs__rosidl_typesupport_fastrtps_c
[0.681s] [ 79%] Built target realsense2_camera_msgs
[0.681s] [ 80%] Built target realsense2_camera_msgs__py
[0.681s] [ 90%] Built target realsense2_camera_msgs__python
[0.681s] [ 96%] Built target realsense2_camera_msgs__rosidl_typesupport_c__pyext
[0.681s] [ 96%] Built target realsense2_camera_msgs__rosidl_typesupport_fastrtps_c__pyext
[0.681s] [100%] Built target realsense2_camera_msgs__rosidl_typesupport_introspection_c__pyext
[0.945s] Invoked command in '/home/vboxuser/Thesis/build/realsense2_camera_msgs' returned '0': CMAKE_PREFIX_PATH=${CMAKE_PREFIX_PATH}:/home/vboxuser/Thesis/install/vision:/home/vboxuser/Thesis/install/vcnanoz:/home/vboxuser/Thesis/install/robot_control:/home/vboxuser/Thesis/install/kr_example_python:/home/vboxuser/Thesis/install/bt_pkg:/home/vboxuser/Thesis/install/action_servers:/opt/ros/foxy /usr/bin/cmake --build /home/vboxuser/Thesis/build/realsense2_camera_msgs -- -j8 -l8
[1.268s] Invoking command in '/home/vboxuser/Thesis/build/realsense2_camera_msgs': CMAKE_PREFIX_PATH=${CMAKE_PREFIX_PATH}:/home/vboxuser/Thesis/install/vision:/home/vboxuser/Thesis/install/vcnanoz:/home/vboxuser/Thesis/install/robot_control:/home/vboxuser/Thesis/install/kr_example_python:/home/vboxuser/Thesis/install/bt_pkg:/home/vboxuser/Thesis/install/action_servers:/opt/ros/foxy /usr/bin/cmake --install /home/vboxuser/Thesis/build/realsense2_camera_msgs
[1.279s] -- Install configuration: ""
[1.279s] -- Execute custom install script
[1.280s] -- Up-to-date symlink: /home/vboxuser/Thesis/install/realsense2_camera_msgs/share/ament_index/resource_index/rosidl_interfaces/realsense2_camera_msgs
[1.280s] -- Up-to-date symlink: /home/vboxuser/Thesis/install/realsense2_camera_msgs/include/realsense2_camera_msgs/msg/detail/extrinsics__functions.h
[1.280s] -- Up-to-date symlink: /home/vboxuser/Thesis/install/realsense2_camera_msgs/include/realsense2_camera_msgs/msg/detail/extrinsics__struct.h
[1.281s] -- Up-to-date symlink: /home/vboxuser/Thesis/install/realsense2_camera_msgs/include/realsense2_camera_msgs/msg/detail/extrinsics__type_support.h
[1.281s] -- Up-to-date symlink: /home/vboxuser/Thesis/install/realsense2_camera_msgs/include/realsense2_camera_msgs/msg/detail/imu_info__functions.h
[1.282s] -- Up-to-date symlink: /home/vboxuser/Thesis/install/realsense2_camera_msgs/include/realsense2_camera_msgs/msg/detail/imu_info__struct.h
[1.282s] -- Up-to-date symlink: /home/vboxuser/Thesis/install/realsense2_camera_msgs/include/realsense2_camera_msgs/msg/detail/imu_info__type_support.h
[1.282s] -- Up-to-date symlink: /home/vboxuser/Thesis/install/realsense2_camera_msgs/include/realsense2_camera_msgs/msg/detail/metadata__functions.h
[1.283s] -- Up-to-date symlink: /home/vboxuser/Thesis/install/realsense2_camera_msgs/include/realsense2_camera_msgs/msg/detail/metadata__struct.h
[1.283s] -- Up-to-date symlink: /home/vboxuser/Thesis/install/realsense2_camera_msgs/include/realsense2_camera_msgs/msg/detail/metadata__type_support.h
[1.283s] -- Up-to-date symlink: /home/vboxuser/Thesis/install/realsense2_camera_msgs/include/realsense2_camera_msgs/msg/detail/rgbd__functions.h
[1.283s] -- Up-to-date symlink: /home/vboxuser/Thesis/install/realsense2_camera_msgs/include/realsense2_camera_msgs/msg/detail/rgbd__struct.h
[1.283s] -- Up-to-date symlink: /home/vboxuser/Thesis/install/realsense2_camera_msgs/include/realsense2_camera_msgs/msg/detail/rgbd__type_support.h
[1.284s] -- Up-to-date symlink: /home/vboxuser/Thesis/install/realsense2_camera_msgs/include/realsense2_camera_msgs/msg/extrinsics.h
[1.284s] -- Up-to-date symlink: /home/vboxuser/Thesis/install/realsense2_camera_msgs/include/realsense2_camera_msgs/msg/imu_info.h
[1.284s] -- Up-to-date symlink: /home/vboxuser/Thesis/install/realsense2_camera_msgs/include/realsense2_camera_msgs/msg/metadata.h
[1.284s] -- Up-to-date symlink: /home/vboxuser/Thesis/install/realsense2_camera_msgs/include/realsense2_camera_msgs/msg/rgbd.h
[1.285s] -- Up-to-date symlink: /home/vboxuser/Thesis/install/realsense2_camera_msgs/include/realsense2_camera_msgs/msg/rosidl_generator_c__visibility_control.h
[1.285s] -- Up-to-date symlink: /home/vboxuser/Thesis/install/realsense2_camera_msgs/include/realsense2_camera_msgs/srv/detail/device_info__functions.h
[1.285s] -- Up-to-date symlink: /home/vboxuser/Thesis/install/realsense2_camera_msgs/include/realsense2_camera_msgs/srv/detail/device_info__struct.h
[1.285s] -- Up-to-date symlink: /home/vboxuser/Thesis/install/realsense2_camera_msgs/include/realsense2_camera_msgs/srv/detail/device_info__type_support.h
[1.286s] -- Up-to-date symlink: /home/vboxuser/Thesis/install/realsense2_camera_msgs/include/realsense2_camera_msgs/srv/device_info.h
[1.287s] -- Up-to-date symlink: /home/vboxuser/Thesis/install/realsense2_camera_msgs/share/realsense2_camera_msgs/environment/library_path.sh
[1.287s] -- Up-to-date symlink: /home/vboxuser/Thesis/install/realsense2_camera_msgs/share/realsense2_camera_msgs/environment/library_path.dsv
[1.288s] -- Up-to-date symlink: /home/vboxuser/Thesis/install/realsense2_camera_msgs/include/realsense2_camera_msgs/msg/detail/extrinsics__rosidl_typesupport_fastrtps_c.h
[1.288s] -- Up-to-date symlink: /home/vboxuser/Thesis/install/realsense2_camera_msgs/include/realsense2_camera_msgs/msg/detail/imu_info__rosidl_typesupport_fastrtps_c.h
[1.288s] -- Up-to-date symlink: /home/vboxuser/Thesis/install/realsense2_camera_msgs/include/realsense2_camera_msgs/msg/detail/metadata__rosidl_typesupport_fastrtps_c.h
[1.288s] -- Up-to-date symlink: /home/vboxuser/Thesis/install/realsense2_camera_msgs/include/realsense2_camera_msgs/msg/detail/rgbd__rosidl_typesupport_fastrtps_c.h
[1.289s] -- Up-to-date symlink: /home/vboxuser/Thesis/install/realsense2_camera_msgs/include/realsense2_camera_msgs/msg/rosidl_typesupport_fastrtps_c__visibility_control.h
[1.289s] -- Up-to-date symlink: /home/vboxuser/Thesis/install/realsense2_camera_msgs/include/realsense2_camera_msgs/srv/detail/device_info__rosidl_typesupport_fastrtps_c.h
[1.290s] -- Up-to-date symlink: /home/vboxuser/Thesis/install/realsense2_camera_msgs/lib/librealsense2_camera_msgs__rosidl_typesupport_fastrtps_c.so
[1.294s] -- Up-to-date symlink: /home/vboxuser/Thesis/install/realsense2_camera_msgs/include/realsense2_camera_msgs/msg/detail/extrinsics__rosidl_typesupport_fastrtps_cpp.hpp
[1.294s] -- Up-to-date symlink: /home/vboxuser/Thesis/install/realsense2_camera_msgs/include/realsense2_camera_msgs/msg/detail/imu_info__rosidl_typesupport_fastrtps_cpp.hpp
[1.294s] -- Up-to-date symlink: /home/vboxuser/Thesis/install/realsense2_camera_msgs/include/realsense2_camera_msgs/msg/detail/metadata__rosidl_typesupport_fastrtps_cpp.hpp
[1.294s] -- Up-to-date symlink: /home/vboxuser/Thesis/install/realsense2_camera_msgs/include/realsense2_camera_msgs/msg/detail/rgbd__rosidl_typesupport_fastrtps_cpp.hpp
[1.294s] -- Up-to-date symlink: /home/vboxuser/Thesis/install/realsense2_camera_msgs/include/realsense2_camera_msgs/msg/rosidl_typesupport_fastrtps_cpp__visibility_control.h
[1.294s] -- Up-to-date symlink: /home/vboxuser/Thesis/install/realsense2_camera_msgs/include/realsense2_camera_msgs/srv/detail/device_info__rosidl_typesupport_fastrtps_cpp.hpp
[1.295s] -- Up-to-date symlink: /home/vboxuser/Thesis/install/realsense2_camera_msgs/lib/librealsense2_camera_msgs__rosidl_typesupport_fastrtps_cpp.so
[1.296s] -- Up-to-date symlink: /home/vboxuser/Thesis/install/realsense2_camera_msgs/include/realsense2_camera_msgs/msg/detail/extrinsics__rosidl_typesupport_introspection_c.h
[1.296s] -- Up-to-date symlink: /home/vboxuser/Thesis/install/realsense2_camera_msgs/include/realsense2_camera_msgs/msg/detail/imu_info__rosidl_typesupport_introspection_c.h
[1.296s] -- Up-to-date symlink: /home/vboxuser/Thesis/install/realsense2_camera_msgs/include/realsense2_camera_msgs/msg/detail/metadata__rosidl_typesupport_introspection_c.h
[1.297s] -- Up-to-date symlink: /home/vboxuser/Thesis/install/realsense2_camera_msgs/include/realsense2_camera_msgs/msg/detail/rgbd__rosidl_typesupport_introspection_c.h
[1.299s] -- Up-to-date symlink: /home/vboxuser/Thesis/install/realsense2_camera_msgs/include/realsense2_camera_msgs/msg/rosidl_typesupport_introspection_c__visibility_control.h
[1.300s] -- Up-to-date symlink: /home/vboxuser/Thesis/install/realsense2_camera_msgs/include/realsense2_camera_msgs/srv/detail/device_info__rosidl_typesupport_introspection_c.h
[1.300s] -- Up-to-date symlink: /home/vboxuser/Thesis/install/realsense2_camera_msgs/include/realsense2_camera_msgs/msg/detail/extrinsics__builder.hpp
[1.302s] -- Up-to-date symlink: /home/vboxuser/Thesis/install/realsense2_camera_msgs/include/realsense2_camera_msgs/msg/detail/extrinsics__struct.hpp
[1.302s] -- Up-to-date symlink: /home/vboxuser/Thesis/install/realsense2_camera_msgs/include/realsense2_camera_msgs/msg/detail/extrinsics__traits.hpp
[1.303s] -- Up-to-date symlink: /home/vboxuser/Thesis/install/realsense2_camera_msgs/include/realsense2_camera_msgs/msg/detail/extrinsics__type_support.hpp
[1.303s] -- Up-to-date symlink: /home/vboxuser/Thesis/install/realsense2_camera_msgs/include/realsense2_camera_msgs/msg/detail/imu_info__builder.hpp
[1.303s] -- Up-to-date symlink: /home/vboxuser/Thesis/install/realsense2_camera_msgs/include/realsense2_camera_msgs/msg/detail/imu_info__struct.hpp
[1.303s] -- Up-to-date symlink: /home/vboxuser/Thesis/install/realsense2_camera_msgs/include/realsense2_camera_msgs/msg/detail/imu_info__traits.hpp
[1.303s] -- Up-to-date symlink: /home/vboxuser/Thesis/install/realsense2_camera_msgs/include/realsense2_camera_msgs/msg/detail/imu_info__type_support.hpp
[1.304s] -- Up-to-date symlink: /home/vboxuser/Thesis/install/realsense2_camera_msgs/include/realsense2_camera_msgs/msg/detail/metadata__builder.hpp
[1.304s] -- Up-to-date symlink: /home/vboxuser/Thesis/install/realsense2_camera_msgs/include/realsense2_camera_msgs/msg/detail/metadata__struct.hpp
[1.304s] -- Up-to-date symlink: /home/vboxuser/Thesis/install/realsense2_camera_msgs/include/realsense2_camera_msgs/msg/detail/metadata__traits.hpp
[1.304s] -- Up-to-date symlink: /home/vboxuser/Thesis/install/realsense2_camera_msgs/include/realsense2_camera_msgs/msg/detail/metadata__type_support.hpp
[1.305s] -- Up-to-date symlink: /home/vboxuser/Thesis/install/realsense2_camera_msgs/include/realsense2_camera_msgs/msg/detail/rgbd__builder.hpp
[1.305s] -- Up-to-date symlink: /home/vboxuser/Thesis/install/realsense2_camera_msgs/include/realsense2_camera_msgs/msg/detail/rgbd__struct.hpp
[1.305s] -- Up-to-date symlink: /home/vboxuser/Thesis/install/realsense2_camera_msgs/include/realsense2_camera_msgs/msg/detail/rgbd__traits.hpp
[1.305s] -- Up-to-date symlink: /home/vboxuser/Thesis/install/realsense2_camera_msgs/include/realsense2_camera_msgs/msg/detail/rgbd__type_support.hpp
[1.305s] -- Up-to-date symlink: /home/vboxuser/Thesis/install/realsense2_camera_msgs/include/realsense2_camera_msgs/msg/extrinsics.hpp
[1.306s] -- Up-to-date symlink: /home/vboxuser/Thesis/install/realsense2_camera_msgs/include/realsense2_camera_msgs/msg/imu_info.hpp
[1.306s] -- Up-to-date symlink: /home/vboxuser/Thesis/install/realsense2_camera_msgs/include/realsense2_camera_msgs/msg/metadata.hpp
[1.306s] -- Up-to-date symlink: /home/vboxuser/Thesis/install/realsense2_camera_msgs/include/realsense2_camera_msgs/msg/rgbd.hpp
[1.306s] -- Up-to-date symlink: /home/vboxuser/Thesis/install/realsense2_camera_msgs/include/realsense2_camera_msgs/msg/rosidl_generator_cpp__visibility_control.hpp
[1.306s] -- Up-to-date symlink: /home/vboxuser/Thesis/install/realsense2_camera_msgs/include/realsense2_camera_msgs/srv/detail/device_info__builder.hpp
[1.306s] -- Up-to-date symlink: /home/vboxuser/Thesis/install/realsense2_camera_msgs/include/realsense2_camera_msgs/srv/detail/device_info__struct.hpp
[1.306s] -- Up-to-date symlink: /home/vboxuser/Thesis/install/realsense2_camera_msgs/include/realsense2_camera_msgs/srv/detail/device_info__traits.hpp
[1.307s] -- Up-to-date symlink: /home/vboxuser/Thesis/install/realsense2_camera_msgs/include/realsense2_camera_msgs/srv/detail/device_info__type_support.hpp
[1.307s] -- Up-to-date symlink: /home/vboxuser/Thesis/install/realsense2_camera_msgs/include/realsense2_camera_msgs/srv/device_info.hpp
[1.307s] -- Up-to-date symlink: /home/vboxuser/Thesis/install/realsense2_camera_msgs/include/realsense2_camera_msgs/msg/detail/extrinsics__rosidl_typesupport_introspection_cpp.hpp
[1.307s] -- Up-to-date symlink: /home/vboxuser/Thesis/install/realsense2_camera_msgs/include/realsense2_camera_msgs/msg/detail/imu_info__rosidl_typesupport_introspection_cpp.hpp
[1.307s] -- Up-to-date symlink: /home/vboxuser/Thesis/install/realsense2_camera_msgs/include/realsense2_camera_msgs/msg/detail/metadata__rosidl_typesupport_introspection_cpp.hpp
[1.307s] -- Up-to-date symlink: /home/vboxuser/Thesis/install/realsense2_camera_msgs/include/realsense2_camera_msgs/msg/detail/rgbd__rosidl_typesupport_introspection_cpp.hpp
[1.307s] -- Up-to-date symlink: /home/vboxuser/Thesis/install/realsense2_camera_msgs/include/realsense2_camera_msgs/srv/detail/device_info__rosidl_typesupport_introspection_cpp.hpp
[1.308s] -- Up-to-date symlink: /home/vboxuser/Thesis/install/realsense2_camera_msgs/share/realsense2_camera_msgs/environment/pythonpath.sh
[1.308s] -- Up-to-date symlink: /home/vboxuser/Thesis/install/realsense2_camera_msgs/share/realsense2_camera_msgs/environment/pythonpath.dsv
[1.308s] -- Up-to-date symlink: /home/vboxuser/Thesis/install/realsense2_camera_msgs/lib/python3.8/site-packages/realsense2_camera_msgs/__init__.py
[1.311s] -- Up-to-date symlink: /home/vboxuser/Thesis/install/realsense2_camera_msgs/lib/python3.8/site-packages/realsense2_camera_msgs/msg/__init__.py
[1.311s] -- Up-to-date symlink: /home/vboxuser/Thesis/install/realsense2_camera_msgs/lib/python3.8/site-packages/realsense2_camera_msgs/msg/_extrinsics.py
[1.311s] -- Up-to-date symlink: /home/vboxuser/Thesis/install/realsense2_camera_msgs/lib/python3.8/site-packages/realsense2_camera_msgs/msg/_imu_info.py
[1.311s] -- Up-to-date symlink: /home/vboxuser/Thesis/install/realsense2_camera_msgs/lib/python3.8/site-packages/realsense2_camera_msgs/msg/_metadata.py
[1.311s] -- Up-to-date symlink: /home/vboxuser/Thesis/install/realsense2_camera_msgs/lib/python3.8/site-packages/realsense2_camera_msgs/msg/_rgbd.py
[1.312s] -- Up-to-date symlink: /home/vboxuser/Thesis/install/realsense2_camera_msgs/lib/python3.8/site-packages/realsense2_camera_msgs/srv/__init__.py
[1.312s] -- Up-to-date symlink: /home/vboxuser/Thesis/install/realsense2_camera_msgs/lib/python3.8/site-packages/realsense2_camera_msgs/srv/_device_info.py
[1.312s] -- Up-to-date symlink: /home/vboxuser/Thesis/install/realsense2_camera_msgs/lib/python3.8/site-packages/realsense2_camera_msgs/realsense2_camera_msgs_s__rosidl_typesupport_fastrtps_c.cpython-38-x86_64-linux-gnu.so
[1.312s] -- Up-to-date symlink: /home/vboxuser/Thesis/install/realsense2_camera_msgs/lib/python3.8/site-packages/realsense2_camera_msgs/realsense2_camera_msgs_s__rosidl_typesupport_introspection_c.cpython-38-x86_64-linux-gnu.so
[1.314s] -- Up-to-date symlink: /home/vboxuser/Thesis/install/realsense2_camera_msgs/lib/python3.8/site-packages/realsense2_camera_msgs/realsense2_camera_msgs_s__rosidl_typesupport_c.cpython-38-x86_64-linux-gnu.so
[1.314s] -- Up-to-date symlink: /home/vboxuser/Thesis/install/realsense2_camera_msgs/lib/librealsense2_camera_msgs__python.so
[1.314s] -- Up-to-date symlink: /home/vboxuser/Thesis/install/realsense2_camera_msgs/share/realsense2_camera_msgs/msg/IMUInfo.idl
[1.315s] -- Up-to-date symlink: /home/vboxuser/Thesis/install/realsense2_camera_msgs/share/realsense2_camera_msgs/msg/Extrinsics.idl
[1.316s] -- Up-to-date symlink: /home/vboxuser/Thesis/install/realsense2_camera_msgs/share/realsense2_camera_msgs/msg/Metadata.idl
[1.316s] -- Up-to-date symlink: /home/vboxuser/Thesis/install/realsense2_camera_msgs/share/realsense2_camera_msgs/msg/RGBD.idl
[1.316s] -- Up-to-date symlink: /home/vboxuser/Thesis/install/realsense2_camera_msgs/share/realsense2_camera_msgs/srv/DeviceInfo.idl
[1.316s] -- Up-to-date symlink: /home/vboxuser/Thesis/install/realsense2_camera_msgs/share/realsense2_camera_msgs/msg/IMUInfo.msg
[1.317s] -- Up-to-date symlink: /home/vboxuser/Thesis/install/realsense2_camera_msgs/share/realsense2_camera_msgs/msg/Extrinsics.msg
[1.318s] -- Up-to-date symlink: /home/vboxuser/Thesis/install/realsense2_camera_msgs/share/realsense2_camera_msgs/msg/Metadata.msg
[1.318s] -- Up-to-date symlink: /home/vboxuser/Thesis/install/realsense2_camera_msgs/share/realsense2_camera_msgs/msg/RGBD.msg
[1.318s] -- Up-to-date symlink: /home/vboxuser/Thesis/install/realsense2_camera_msgs/share/realsense2_camera_msgs/srv/DeviceInfo.srv
[1.319s] -- Up-to-date symlink: /home/vboxuser/Thesis/install/realsense2_camera_msgs/share/realsense2_camera_msgs/srv/DeviceInfo_Request.msg
[1.319s] -- Up-to-date symlink: /home/vboxuser/Thesis/install/realsense2_camera_msgs/share/realsense2_camera_msgs/srv/DeviceInfo_Response.msg
[1.319s] -- Up-to-date symlink: /home/vboxuser/Thesis/install/realsense2_camera_msgs/share/ament_index/resource_index/package_run_dependencies/realsense2_camera_msgs
[1.320s] -- Up-to-date symlink: /home/vboxuser/Thesis/install/realsense2_camera_msgs/share/ament_index/resource_index/parent_prefix_path/realsense2_camera_msgs
[1.320s] -- Up-to-date symlink: /home/vboxuser/Thesis/install/realsense2_camera_msgs/share/realsense2_camera_msgs/environment/ament_prefix_path.sh
[1.320s] -- Up-to-date symlink: /home/vboxuser/Thesis/install/realsense2_camera_msgs/share/realsense2_camera_msgs/environment/ament_prefix_path.dsv
[1.320s] -- Up-to-date symlink: /home/vboxuser/Thesis/install/realsense2_camera_msgs/share/realsense2_camera_msgs/environment/path.sh
[1.321s] -- Up-to-date symlink: /home/vboxuser/Thesis/install/realsense2_camera_msgs/share/realsense2_camera_msgs/environment/path.dsv
[1.321s] -- Up-to-date symlink: /home/vboxuser/Thesis/install/realsense2_camera_msgs/share/realsense2_camera_msgs/local_setup.bash
[1.321s] -- Up-to-date symlink: /home/vboxuser/Thesis/install/realsense2_camera_msgs/share/realsense2_camera_msgs/local_setup.sh
[1.322s] -- Up-to-date symlink: /home/vboxuser/Thesis/install/realsense2_camera_msgs/share/realsense2_camera_msgs/local_setup.zsh
[1.322s] -- Up-to-date symlink: /home/vboxuser/Thesis/install/realsense2_camera_msgs/share/realsense2_camera_msgs/local_setup.dsv
[1.323s] -- Symlinking: /home/vboxuser/Thesis/install/realsense2_camera_msgs/share/realsense2_camera_msgs/package.dsv
[1.340s] -- Up-to-date symlink: /home/vboxuser/Thesis/install/realsense2_camera_msgs/share/ament_index/resource_index/packages/realsense2_camera_msgs
[1.342s] -- Up-to-date symlink: /home/vboxuser/Thesis/install/realsense2_camera_msgs/share/realsense2_camera_msgs/cmake/rosidl_cmake-extras.cmake
[1.343s] -- Up-to-date symlink: /home/vboxuser/Thesis/install/realsense2_camera_msgs/share/realsense2_camera_msgs/cmake/ament_cmake_export_dependencies-extras.cmake
[1.343s] -- Up-to-date symlink: /home/vboxuser/Thesis/install/realsense2_camera_msgs/share/realsense2_camera_msgs/cmake/ament_cmake_export_libraries-extras.cmake
[1.343s] -- Up-to-date symlink: /home/vboxuser/Thesis/install/realsense2_camera_msgs/share/realsense2_camera_msgs/cmake/ament_cmake_export_targets-extras.cmake
[1.343s] -- Up-to-date symlink: /home/vboxuser/Thesis/install/realsense2_camera_msgs/share/realsense2_camera_msgs/cmake/ament_cmake_export_include_directories-extras.cmake
[1.344s] -- Up-to-date symlink: /home/vboxuser/Thesis/install/realsense2_camera_msgs/share/realsense2_camera_msgs/cmake/rosidl_cmake_export_typesupport_libraries-extras.cmake
[1.344s] -- Up-to-date symlink: /home/vboxuser/Thesis/install/realsense2_camera_msgs/share/realsense2_camera_msgs/cmake/rosidl_cmake_export_typesupport_targets-extras.cmake
[1.344s] -- Up-to-date symlink: /home/vboxuser/Thesis/install/realsense2_camera_msgs/share/realsense2_camera_msgs/cmake/realsense2_camera_msgsConfig.cmake
[1.345s] -- Up-to-date symlink: /home/vboxuser/Thesis/install/realsense2_camera_msgs/share/realsense2_camera_msgs/cmake/realsense2_camera_msgsConfig-version.cmake
[1.346s] -- Up-to-date symlink: /home/vboxuser/Thesis/install/realsense2_camera_msgs/share/realsense2_camera_msgs/package.xml
[1.346s] -- Up-to-date: /home/vboxuser/Thesis/install/realsense2_camera_msgs/lib/librealsense2_camera_msgs__rosidl_generator_c.so
[1.346s] -- Up-to-date: /home/vboxuser/Thesis/install/realsense2_camera_msgs/lib/librealsense2_camera_msgs__rosidl_typesupport_introspection_c.so
[1.347s] -- Up-to-date: /home/vboxuser/Thesis/install/realsense2_camera_msgs/lib/librealsense2_camera_msgs__rosidl_typesupport_c.so
[1.347s] -- Up-to-date: /home/vboxuser/Thesis/install/realsense2_camera_msgs/lib/librealsense2_camera_msgs__rosidl_typesupport_introspection_cpp.so
[1.348s] -- Up-to-date: /home/vboxuser/Thesis/install/realsense2_camera_msgs/lib/librealsense2_camera_msgs__rosidl_typesupport_cpp.so
[1.413s] -- Up-to-date: /home/vboxuser/Thesis/install/realsense2_camera_msgs/share/realsense2_camera_msgs/cmake/realsense2_camera_msgs__rosidl_generator_cExport.cmake
[1.414s] -- Up-to-date: /home/vboxuser/Thesis/install/realsense2_camera_msgs/share/realsense2_camera_msgs/cmake/realsense2_camera_msgs__rosidl_generator_cExport-noconfig.cmake
[1.414s] -- Up-to-date: /home/vboxuser/Thesis/install/realsense2_camera_msgs/share/realsense2_camera_msgs/cmake/realsense2_camera_msgs__rosidl_typesupport_introspection_cExport.cmake
[1.414s] -- Up-to-date: /home/vboxuser/Thesis/install/realsense2_camera_msgs/share/realsense2_camera_msgs/cmake/realsense2_camera_msgs__rosidl_typesupport_introspection_cExport-noconfig.cmake
[1.414s] -- Up-to-date: /home/vboxuser/Thesis/install/realsense2_camera_msgs/share/realsense2_camera_msgs/cmake/realsense2_camera_msgs__rosidl_typesupport_cExport.cmake
[1.414s] -- Up-to-date: /home/vboxuser/Thesis/install/realsense2_camera_msgs/share/realsense2_camera_msgs/cmake/realsense2_camera_msgs__rosidl_typesupport_cExport-noconfig.cmake
[1.415s] -- Up-to-date: /home/vboxuser/Thesis/install/realsense2_camera_msgs/share/realsense2_camera_msgs/cmake/realsense2_camera_msgs__rosidl_generator_cppExport.cmake
[1.415s] -- Up-to-date: /home/vboxuser/Thesis/install/realsense2_camera_msgs/share/realsense2_camera_msgs/cmake/realsense2_camera_msgs__rosidl_typesupport_introspection_cppExport.cmake
[1.415s] -- Up-to-date: /home/vboxuser/Thesis/install/realsense2_camera_msgs/share/realsense2_camera_msgs/cmake/realsense2_camera_msgs__rosidl_typesupport_introspection_cppExport-noconfig.cmake
[1.415s] -- Up-to-date: /home/vboxuser/Thesis/install/realsense2_camera_msgs/share/realsense2_camera_msgs/cmake/realsense2_camera_msgs__rosidl_typesupport_cppExport.cmake
[1.415s] -- Up-to-date: /home/vboxuser/Thesis/install/realsense2_camera_msgs/share/realsense2_camera_msgs/cmake/realsense2_camera_msgs__rosidl_typesupport_cppExport-noconfig.cmake
[1.421s] Invoked command in '/home/vboxuser/Thesis/build/realsense2_camera_msgs' returned '0': CMAKE_PREFIX_PATH=${CMAKE_PREFIX_PATH}:/home/vboxuser/Thesis/install/vision:/home/vboxuser/Thesis/install/vcnanoz:/home/vboxuser/Thesis/install/robot_control:/home/vboxuser/Thesis/install/kr_example_python:/home/vboxuser/Thesis/install/bt_pkg:/home/vboxuser/Thesis/install/action_servers:/opt/ros/foxy /usr/bin/cmake --install /home/vboxuser/Thesis/build/realsense2_camera_msgs
