[1.334s] Invoking command in '/home/vboxuser/ros2_ws/src/robot_control': PYTHONPATH=/home/vboxuser/ros2_ws/build/robot_control/prefix_override:/usr/lib/python3/dist-packages/colcon_core/task/python/colcon_distutils_commands:/home/vboxuser/ros2_ws/install/robot_control/lib/python3.8/site-packages:${PYTHONPATH} /usr/bin/python3 -W ignore:setup.py install is deprecated setup.py egg_info --egg-base ../../build/robot_control build --build-base /home/vboxuser/ros2_ws/build/robot_control/build install --record /home/vboxuser/ros2_ws/build/robot_control/install.log --install-scripts $base/lib/robot_control --single-version-externally-managed install_data
[1.583s] running egg_info
[1.583s] writing ../../build/robot_control/robot_control.egg-info/PKG-INFO
[1.586s] writing dependency_links to ../../build/robot_control/robot_control.egg-info/dependency_links.txt
[1.587s] writing entry points to ../../build/robot_control/robot_control.egg-info/entry_points.txt
[1.587s] writing requirements to ../../build/robot_control/robot_control.egg-info/requires.txt
[1.588s] writing top-level names to ../../build/robot_control/robot_control.egg-info/top_level.txt
[1.631s] reading manifest file '../../build/robot_control/robot_control.egg-info/SOURCES.txt'
[1.631s] writing manifest file '../../build/robot_control/robot_control.egg-info/SOURCES.txt'
[1.631s] running build
[1.632s] running build_py
[1.632s] copying robot_control/move_robot_service_client.py -> /home/vboxuser/ros2_ws/build/robot_control/build/lib/robot_control
[1.632s] copying robot_control/move_robot_service_server.py -> /home/vboxuser/ros2_ws/build/robot_control/build/lib/robot_control
[1.632s] running install
[1.632s] running install_lib
[1.634s] copying /home/vboxuser/ros2_ws/build/robot_control/build/lib/robot_control/move_robot_service_client.py -> /home/vboxuser/ros2_ws/install/robot_control/lib/python3.8/site-packages/robot_control
[1.634s] copying /home/vboxuser/ros2_ws/build/robot_control/build/lib/robot_control/move_robot_service_server.py -> /home/vboxuser/ros2_ws/install/robot_control/lib/python3.8/site-packages/robot_control
[1.636s] byte-compiling /home/vboxuser/ros2_ws/install/robot_control/lib/python3.8/site-packages/robot_control/move_robot_service_client.py to move_robot_service_client.cpython-38.pyc
[1.638s] byte-compiling /home/vboxuser/ros2_ws/install/robot_control/lib/python3.8/site-packages/robot_control/move_robot_service_server.py to move_robot_service_server.cpython-38.pyc
[1.638s] running install_data
[1.638s] running install_egg_info
[1.640s] removing '/home/vboxuser/ros2_ws/install/robot_control/lib/python3.8/site-packages/robot_control-0.0.0-py3.8.egg-info' (and everything under it)
[1.640s] Copying ../../build/robot_control/robot_control.egg-info to /home/vboxuser/ros2_ws/install/robot_control/lib/python3.8/site-packages/robot_control-0.0.0-py3.8.egg-info
[1.642s] running install_scripts
[1.662s] Installing hello_node script to /home/vboxuser/ros2_ws/install/robot_control/lib/robot_control
[1.663s] Installing move_lin_by_key script to /home/vboxuser/ros2_ws/install/robot_control/lib/robot_control
[1.663s] Installing move_robot_service_client script to /home/vboxuser/ros2_ws/install/robot_control/lib/robot_control
[1.663s] Installing move_robot_service_server script to /home/vboxuser/ros2_ws/install/robot_control/lib/robot_control
[1.664s] Installing print_frames script to /home/vboxuser/ros2_ws/install/robot_control/lib/robot_control
[1.664s] Installing print_tcp_pose script to /home/vboxuser/ros2_ws/install/robot_control/lib/robot_control
[1.666s] Installing read_transformation_delta script to /home/vboxuser/ros2_ws/install/robot_control/lib/robot_control
[1.666s] Installing read_transformation_snapshot script to /home/vboxuser/ros2_ws/install/robot_control/lib/robot_control
[1.667s] Installing set_frame_client script to /home/vboxuser/ros2_ws/install/robot_control/lib/robot_control
[1.667s] Installing transformation_delta script to /home/vboxuser/ros2_ws/install/robot_control/lib/robot_control
[1.667s] Installing transformation_snapshot script to /home/vboxuser/ros2_ws/install/robot_control/lib/robot_control
[1.667s] writing list of installed files to '/home/vboxuser/ros2_ws/build/robot_control/install.log'
[1.759s] Invoked command in '/home/vboxuser/ros2_ws/src/robot_control' returned '0': PYTHONPATH=/home/vboxuser/ros2_ws/build/robot_control/prefix_override:/usr/lib/python3/dist-packages/colcon_core/task/python/colcon_distutils_commands:/home/vboxuser/ros2_ws/install/robot_control/lib/python3.8/site-packages:${PYTHONPATH} /usr/bin/python3 -W ignore:setup.py install is deprecated setup.py egg_info --egg-base ../../build/robot_control build --build-base /home/vboxuser/ros2_ws/build/robot_control/build install --record /home/vboxuser/ros2_ws/build/robot_control/install.log --install-scripts $base/lib/robot_control --single-version-externally-managed install_data
