[0.028s] Invoking command in '/home/vboxuser/ros2_ws/build/realsense2_camera': AMENT_PREFIX_PATH=/home/vboxuser/ros2_ws/install/realsense2_camera_msgs:${AMENT_PREFIX_PATH} CMAKE_PREFIX_PATH=/home/vboxuser/ros2_ws/install/realsense2_camera_msgs:/opt/ros/foxy LD_LIBRARY_PATH=/home/vboxuser/ros2_ws/install/realsense2_camera_msgs/lib:${LD_LIBRARY_PATH} PYTHONPATH=/home/vboxuser/ros2_ws/install/realsense2_camera_msgs/lib/python3.8/site-packages:${PYTHONPATH} /usr/bin/cmake /home/vboxuser/ros2_ws/src/realsense-ros/realsense2_camera -DCMAKE_INSTALL_PREFIX=/home/vboxuser/ros2_ws/install/realsense2_camera
[0.121s] -- The C compiler identification is GNU 9.4.0
[0.181s] -- The CXX compiler identification is GNU 9.4.0
[0.185s] -- Check for working C compiler: /usr/bin/cc
[0.276s] -- Check for working C compiler: /usr/bin/cc -- works
[0.276s] -- Detecting C compiler ABI info
[0.448s] -- Detecting C compiler ABI info - done
[0.461s] -- Detecting C compile features
[0.461s] -- Detecting C compile features - done
[0.464s] -- Check for working CXX compiler: /usr/bin/c++
[0.574s] -- Check for working CXX compiler: /usr/bin/c++ -- works
[0.576s] -- Detecting CXX compiler ABI info
[0.674s] -- Detecting CXX compiler ABI info - done
[0.684s] -- Detecting CXX compile features
[0.686s] -- Detecting CXX compile features - done
[0.686s] -- Create Release Build.
[0.687s] -- Found ament_cmake: 0.9.12 (/opt/ros/foxy/share/ament_cmake/cmake)
[0.714s] -- Found PythonInterp: /usr/bin/python3 (found suitable version "3.8.10", minimum required is "3") 
[0.714s] -- Using PYTHON_EXECUTABLE: /usr/bin/python3
[0.937s] -- Found builtin_interfaces: 1.0.0 (/opt/ros/foxy/share/builtin_interfaces/cmake)
[0.976s] -- Using all available rosidl_typesupport_c: rosidl_typesupport_fastrtps_c;rosidl_typesupport_introspection_c
[0.982s] -- Found rosidl_adapter: 1.3.1 (/opt/ros/foxy/share/rosidl_adapter/cmake)
[1.101s] -- Found OpenSSL: /usr/lib/x86_64-linux-gnu/libcrypto.so (found version "1.1.1f")  
[1.132s] -- Found FastRTPS: /opt/ros/foxy/include  
[1.211s] -- Using all available rosidl_typesupport_cpp: rosidl_typesupport_fastrtps_cpp;rosidl_typesupport_introspection_cpp
[1.237s] -- Found cv_bridge: 3.0.7 (/opt/ros/foxy/share/cv_bridge/cmake)
[1.395s] -- Found image_transport: 2.4.0 (/opt/ros/foxy/share/image_transport/cmake)
[1.448s] -- Found rmw_implementation_cmake: 1.0.4 (/opt/ros/foxy/share/rmw_implementation_cmake/cmake)
[1.448s] -- Using RMW implementation 'rmw_fastrtps_cpp' as default
[1.448s] -- Looking for pthread.h
[1.557s] -- Looking for pthread.h - found
[1.557s] -- Performing Test CMAKE_HAVE_LIBC_PTHREAD
[1.652s] -- Performing Test CMAKE_HAVE_LIBC_PTHREAD - Failed
[1.653s] -- Looking for pthread_create in pthreads
[1.734s] -- Looking for pthread_create in pthreads - not found
[1.734s] -- Looking for pthread_create in pthread
[1.826s] -- Looking for pthread_create in pthread - found
[1.828s] -- Found Threads: TRUE  
[2.008s] -- Found rclcpp_components: 2.4.3 (/opt/ros/foxy/share/rclcpp_components/cmake)
[2.059s] -- Found realsense2_camera_msgs: 4.55.1 (/home/vboxuser/ros2_ws/install/realsense2_camera_msgs/share/realsense2_camera_msgs/cmake)
[2.170s] -- Found nav_msgs: 2.0.5 (/opt/ros/foxy/share/nav_msgs/cmake)
[2.237s] -- Found tf2_ros: 0.13.14 (/opt/ros/foxy/share/tf2_ros/cmake)
[2.494s] -- Found diagnostic_updater: 3.1.2 (/opt/ros/foxy/share/diagnostic_updater/cmake)
[2.549s] -- Found OpenCV: /usr (found version "4.2.0") found components: core 
[2.551s] -- Build for ROS2 Foxy
[2.578s] -- Found ament_cmake_gtest: 0.9.12 (/opt/ros/foxy/share/ament_cmake_gtest/cmake)
[2.580s] -- Found gtest sources under '/opt/ros/foxy/src/gtest_vendor': C++ tests using 'Google Test' will be built
[2.583s] -- Check if compiler accepts -pthread
[2.676s] -- Check if compiler accepts -pthread - yes
[2.680s] -- Found ament_cmake_pytest: 0.9.12 (/opt/ros/foxy/share/ament_cmake_pytest/cmake)
[7.566s] -- rs_device_info:
[7.567s] -- No device detected. Is it plugged in?
[7.567s] 
[7.632s] -- Configuring done
[7.677s] -- Generating done
[7.695s] -- Build files have been written to: /home/vboxuser/ros2_ws/build/realsense2_camera
[7.711s] Invoked command in '/home/vboxuser/ros2_ws/build/realsense2_camera' returned '0': AMENT_PREFIX_PATH=/home/vboxuser/ros2_ws/install/realsense2_camera_msgs:${AMENT_PREFIX_PATH} CMAKE_PREFIX_PATH=/home/vboxuser/ros2_ws/install/realsense2_camera_msgs:/opt/ros/foxy LD_LIBRARY_PATH=/home/vboxuser/ros2_ws/install/realsense2_camera_msgs/lib:${LD_LIBRARY_PATH} PYTHONPATH=/home/vboxuser/ros2_ws/install/realsense2_camera_msgs/lib/python3.8/site-packages:${PYTHONPATH} /usr/bin/cmake /home/vboxuser/ros2_ws/src/realsense-ros/realsense2_camera -DCMAKE_INSTALL_PREFIX=/home/vboxuser/ros2_ws/install/realsense2_camera
[7.712s] Invoking command in '/home/vboxuser/ros2_ws/build/realsense2_camera': AMENT_PREFIX_PATH=/home/vboxuser/ros2_ws/install/realsense2_camera_msgs:${AMENT_PREFIX_PATH} CMAKE_PREFIX_PATH=/home/vboxuser/ros2_ws/install/realsense2_camera_msgs:/opt/ros/foxy LD_LIBRARY_PATH=/home/vboxuser/ros2_ws/install/realsense2_camera_msgs/lib:${LD_LIBRARY_PATH} PYTHONPATH=/home/vboxuser/ros2_ws/install/realsense2_camera_msgs/lib/python3.8/site-packages:${PYTHONPATH} /usr/bin/cmake --build /home/vboxuser/ros2_ws/build/realsense2_camera -- -j8 -l8
[7.763s] [35m[1mScanning dependencies of target gtest_main[0m
[7.763s] [35m[1mScanning dependencies of target gtest[0m
[7.763s] [35m[1mScanning dependencies of target realsense2_camera_node[0m
[7.763s] [35m[1mScanning dependencies of target realsense2_camera[0m
[7.782s] [  4%] [32mBuilding CXX object gtest/CMakeFiles/gtest_main.dir/src/gtest_main.cc.o[0m
[7.784s] [  9%] [32mBuilding CXX object gtest/CMakeFiles/gtest.dir/src/gtest-all.cc.o[0m
[7.817s] [ 13%] [32mBuilding CXX object CMakeFiles/realsense2_camera_node.dir/rclcpp_components/node_main_realsense2_camera_node.cpp.o[0m
[7.936s] [ 18%] [32mBuilding CXX object CMakeFiles/realsense2_camera.dir/src/realsense_node_factory.cpp.o[0m
[7.937s] [ 27%] [32mBuilding CXX object CMakeFiles/realsense2_camera.dir/src/parameters.cpp.o[0m
[7.938s] [ 27%] [32mBuilding CXX object CMakeFiles/realsense2_camera.dir/src/base_realsense_node.cpp.o[0m
[7.941s] [ 31%] [32mBuilding CXX object CMakeFiles/realsense2_camera.dir/src/rs_node_setup.cpp.o[0m
[7.949s] [ 36%] [32mBuilding CXX object CMakeFiles/realsense2_camera.dir/src/ros_sensor.cpp.o[0m
[8.595s] [ 40%] [32m[1mLinking CXX static library libgtest_main.a[0m
[8.640s] [ 40%] Built target gtest_main
[8.652s] [ 45%] [32mBuilding CXX object CMakeFiles/realsense2_camera.dir/src/ros_utils.cpp.o[0m
[10.084s] [ 50%] [32m[1mLinking CXX executable realsense2_camera_node[0m
[10.249s] [ 50%] Built target realsense2_camera_node
[10.260s] [ 54%] [32mBuilding CXX object CMakeFiles/realsense2_camera.dir/src/dynamic_params.cpp.o[0m
[12.181s] [ 59%] [32mBuilding CXX object CMakeFiles/realsense2_camera.dir/src/sensor_params.cpp.o[0m
[13.210s] [ 63%] [32mBuilding CXX object CMakeFiles/realsense2_camera.dir/src/named_filter.cpp.o[0m
[14.019s] [ 68%] [32mBuilding CXX object CMakeFiles/realsense2_camera.dir/src/profile_manager.cpp.o[0m
[14.168s] [ 72%] [32m[1mLinking CXX static library libgtest.a[0m
[14.218s] [ 72%] Built target gtest
[14.232s] [35m[1mScanning dependencies of target gtest_template[0m
[14.251s] [ 77%] [32mBuilding CXX object CMakeFiles/gtest_template.dir/test/gtest_template.cpp.o[0m
[14.603s] [ 81%] [32mBuilding CXX object CMakeFiles/realsense2_camera.dir/src/image_publisher.cpp.o[0m
[15.091s] [ 86%] [32m[1mLinking CXX executable gtest_template[0m
[15.214s] [ 86%] Built target gtest_template
[15.227s] [ 90%] [32mBuilding CXX object CMakeFiles/realsense2_camera.dir/src/tfs.cpp.o[0m
[16.423s] [ 95%] [32mBuilding CXX object CMakeFiles/realsense2_camera.dir/src/ros_param_backend.cpp.o[0m
[22.588s] [100%] [32m[1mLinking CXX shared library librealsense2_camera.so[0m
[23.110s] [100%] Built target realsense2_camera
[23.127s] Invoked command in '/home/vboxuser/ros2_ws/build/realsense2_camera' returned '0': AMENT_PREFIX_PATH=/home/vboxuser/ros2_ws/install/realsense2_camera_msgs:${AMENT_PREFIX_PATH} CMAKE_PREFIX_PATH=/home/vboxuser/ros2_ws/install/realsense2_camera_msgs:/opt/ros/foxy LD_LIBRARY_PATH=/home/vboxuser/ros2_ws/install/realsense2_camera_msgs/lib:${LD_LIBRARY_PATH} PYTHONPATH=/home/vboxuser/ros2_ws/install/realsense2_camera_msgs/lib/python3.8/site-packages:${PYTHONPATH} /usr/bin/cmake --build /home/vboxuser/ros2_ws/build/realsense2_camera -- -j8 -l8
[23.132s] Invoking command in '/home/vboxuser/ros2_ws/build/realsense2_camera': AMENT_PREFIX_PATH=/home/vboxuser/ros2_ws/install/realsense2_camera_msgs:${AMENT_PREFIX_PATH} CMAKE_PREFIX_PATH=/home/vboxuser/ros2_ws/install/realsense2_camera_msgs:/opt/ros/foxy LD_LIBRARY_PATH=/home/vboxuser/ros2_ws/install/realsense2_camera_msgs/lib:${LD_LIBRARY_PATH} PYTHONPATH=/home/vboxuser/ros2_ws/install/realsense2_camera_msgs/lib/python3.8/site-packages:${PYTHONPATH} /usr/bin/cmake --install /home/vboxuser/ros2_ws/build/realsense2_camera
[23.141s] -- Install configuration: "Release"
[23.141s] -- Installing: /home/vboxuser/ros2_ws/install/realsense2_camera/lib/realsense2_camera/realsense2_camera_node
[23.142s] -- Set runtime path of "/home/vboxuser/ros2_ws/install/realsense2_camera/lib/realsense2_camera/realsense2_camera_node" to ""
[23.142s] -- Installing: /home/vboxuser/ros2_ws/install/realsense2_camera/lib/librealsense2_camera.so
[23.146s] -- Set runtime path of "/home/vboxuser/ros2_ws/install/realsense2_camera/lib/librealsense2_camera.so" to ""
[23.146s] -- Installing: /home/vboxuser/ros2_ws/install/realsense2_camera/include
[23.146s] -- Installing: /home/vboxuser/ros2_ws/install/realsense2_camera/include/ros_utils.h
[23.146s] -- Installing: /home/vboxuser/ros2_ws/install/realsense2_camera/include/constants.h
[23.146s] -- Installing: /home/vboxuser/ros2_ws/install/realsense2_camera/include/ros_sensor.h
[23.147s] -- Installing: /home/vboxuser/ros2_ws/install/realsense2_camera/include/profile_manager.h
[23.148s] -- Installing: /home/vboxuser/ros2_ws/install/realsense2_camera/include/ros_param_backend.h
[23.148s] -- Installing: /home/vboxuser/ros2_ws/install/realsense2_camera/include/image_publisher.h
[23.148s] -- Installing: /home/vboxuser/ros2_ws/install/realsense2_camera/include/gl_window.h
[23.148s] -- Installing: /home/vboxuser/ros2_ws/install/realsense2_camera/include/dynamic_params.h
[23.148s] -- Installing: /home/vboxuser/ros2_ws/install/realsense2_camera/include/base_realsense_node.h
[23.149s] -- Installing: /home/vboxuser/ros2_ws/install/realsense2_camera/include/sensor_params.h
[23.149s] -- Installing: /home/vboxuser/ros2_ws/install/realsense2_camera/include/named_filter.h
[23.149s] -- Installing: /home/vboxuser/ros2_ws/install/realsense2_camera/include/realsense_node_factory.h
[23.149s] -- Installing: /home/vboxuser/ros2_ws/install/realsense2_camera/share/realsense2_camera/launch
[23.149s] -- Installing: /home/vboxuser/ros2_ws/install/realsense2_camera/share/realsense2_camera/launch/default.rviz
[23.149s] -- Installing: /home/vboxuser/ros2_ws/install/realsense2_camera/share/realsense2_camera/launch/rs_multi_camera_launch.py
[23.149s] -- Installing: /home/vboxuser/ros2_ws/install/realsense2_camera/share/realsense2_camera/launch/rs_intra_process_demo_launch.py
[23.150s] -- Installing: /home/vboxuser/ros2_ws/install/realsense2_camera/share/realsense2_camera/launch/rs_launch.py
[23.150s] -- Installing: /home/vboxuser/ros2_ws/install/realsense2_camera/share/realsense2_camera/examples
[23.150s] -- Installing: /home/vboxuser/ros2_ws/install/realsense2_camera/share/realsense2_camera/examples/align_depth
[23.150s] -- Installing: /home/vboxuser/ros2_ws/install/realsense2_camera/share/realsense2_camera/examples/align_depth/rs_align_depth_launch.py
[23.150s] -- Installing: /home/vboxuser/ros2_ws/install/realsense2_camera/share/realsense2_camera/examples/align_depth/README.md
[23.150s] -- Installing: /home/vboxuser/ros2_ws/install/realsense2_camera/share/realsense2_camera/examples/launch_params_from_file
[23.151s] -- Installing: /home/vboxuser/ros2_ws/install/realsense2_camera/share/realsense2_camera/examples/launch_params_from_file/README.md
[23.151s] -- Installing: /home/vboxuser/ros2_ws/install/realsense2_camera/share/realsense2_camera/examples/launch_params_from_file/rs_launch_get_params_from_yaml.py
[23.151s] -- Installing: /home/vboxuser/ros2_ws/install/realsense2_camera/share/realsense2_camera/examples/launch_params_from_file/config
[23.151s] -- Installing: /home/vboxuser/ros2_ws/install/realsense2_camera/share/realsense2_camera/examples/launch_params_from_file/config/config.yaml
[23.152s] -- Installing: /home/vboxuser/ros2_ws/install/realsense2_camera/share/realsense2_camera/examples/dual_camera
[23.152s] -- Installing: /home/vboxuser/ros2_ws/install/realsense2_camera/share/realsense2_camera/examples/dual_camera/README.md
[23.152s] -- Installing: /home/vboxuser/ros2_ws/install/realsense2_camera/share/realsense2_camera/examples/dual_camera/rs_dual_camera_launch.py
[23.152s] -- Installing: /home/vboxuser/ros2_ws/install/realsense2_camera/share/realsense2_camera/examples/dual_camera/rviz
[23.152s] -- Installing: /home/vboxuser/ros2_ws/install/realsense2_camera/share/realsense2_camera/examples/dual_camera/rviz/dual_camera_pointcloud.rviz
[23.152s] -- Installing: /home/vboxuser/ros2_ws/install/realsense2_camera/share/realsense2_camera/examples/launch_from_rosbag
[23.153s] -- Installing: /home/vboxuser/ros2_ws/install/realsense2_camera/share/realsense2_camera/examples/launch_from_rosbag/README.md
[23.153s] -- Installing: /home/vboxuser/ros2_ws/install/realsense2_camera/share/realsense2_camera/examples/launch_from_rosbag/rs_launch_from_rosbag.py
[23.153s] -- Installing: /home/vboxuser/ros2_ws/install/realsense2_camera/share/realsense2_camera/examples/pointcloud
[23.153s] -- Installing: /home/vboxuser/ros2_ws/install/realsense2_camera/share/realsense2_camera/examples/pointcloud/README.md
[23.154s] -- Installing: /home/vboxuser/ros2_ws/install/realsense2_camera/share/realsense2_camera/examples/pointcloud/rs_d455_pointcloud_launch.py
[23.154s] -- Installing: /home/vboxuser/ros2_ws/install/realsense2_camera/share/realsense2_camera/examples/pointcloud/rs_d405_pointcloud_launch.py
[23.154s] -- Installing: /home/vboxuser/ros2_ws/install/realsense2_camera/share/realsense2_camera/examples/pointcloud/rs_pointcloud_launch.py
[23.154s] -- Installing: /home/vboxuser/ros2_ws/install/realsense2_camera/share/realsense2_camera/examples/pointcloud/rviz
[23.154s] -- Installing: /home/vboxuser/ros2_ws/install/realsense2_camera/share/realsense2_camera/examples/pointcloud/rviz/pointcloud.rviz
[23.155s] -- Installing: /home/vboxuser/ros2_ws/install/realsense2_camera/share/realsense2_camera/examples/pointcloud/rviz/urdf_pointcloud.rviz
[23.155s] -- Installing: /home/vboxuser/ros2_ws/install/realsense2_camera/share/realsense2_camera/environment/library_path.sh
[23.155s] -- Installing: /home/vboxuser/ros2_ws/install/realsense2_camera/share/realsense2_camera/environment/library_path.dsv
[23.156s] -- Installing: /home/vboxuser/ros2_ws/install/realsense2_camera/share/ament_index/resource_index/package_run_dependencies/realsense2_camera
[23.156s] -- Installing: /home/vboxuser/ros2_ws/install/realsense2_camera/share/ament_index/resource_index/parent_prefix_path/realsense2_camera
[23.156s] -- Installing: /home/vboxuser/ros2_ws/install/realsense2_camera/share/realsense2_camera/environment/ament_prefix_path.sh
[23.156s] -- Installing: /home/vboxuser/ros2_ws/install/realsense2_camera/share/realsense2_camera/environment/ament_prefix_path.dsv
[23.156s] -- Installing: /home/vboxuser/ros2_ws/install/realsense2_camera/share/realsense2_camera/environment/path.sh
[23.156s] -- Installing: /home/vboxuser/ros2_ws/install/realsense2_camera/share/realsense2_camera/environment/path.dsv
[23.156s] -- Installing: /home/vboxuser/ros2_ws/install/realsense2_camera/share/realsense2_camera/local_setup.bash
[23.156s] -- Installing: /home/vboxuser/ros2_ws/install/realsense2_camera/share/realsense2_camera/local_setup.sh
[23.158s] -- Installing: /home/vboxuser/ros2_ws/install/realsense2_camera/share/realsense2_camera/local_setup.zsh
[23.160s] -- Installing: /home/vboxuser/ros2_ws/install/realsense2_camera/share/realsense2_camera/local_setup.dsv
[23.161s] -- Installing: /home/vboxuser/ros2_ws/install/realsense2_camera/share/realsense2_camera/package.dsv
[23.161s] -- Installing: /home/vboxuser/ros2_ws/install/realsense2_camera/share/ament_index/resource_index/packages/realsense2_camera
[23.161s] -- Installing: /home/vboxuser/ros2_ws/install/realsense2_camera/share/ament_index/resource_index/rclcpp_components/realsense2_camera
[23.161s] -- Installing: /home/vboxuser/ros2_ws/install/realsense2_camera/share/realsense2_camera/cmake/ament_cmake_export_include_directories-extras.cmake
[23.161s] -- Installing: /home/vboxuser/ros2_ws/install/realsense2_camera/share/realsense2_camera/cmake/ament_cmake_export_libraries-extras.cmake
[23.162s] -- Installing: /home/vboxuser/ros2_ws/install/realsense2_camera/share/realsense2_camera/cmake/ament_cmake_export_dependencies-extras.cmake
[23.162s] -- Installing: /home/vboxuser/ros2_ws/install/realsense2_camera/share/realsense2_camera/cmake/realsense2_cameraConfig.cmake
[23.162s] -- Installing: /home/vboxuser/ros2_ws/install/realsense2_camera/share/realsense2_camera/cmake/realsense2_cameraConfig-version.cmake
[23.162s] -- Installing: /home/vboxuser/ros2_ws/install/realsense2_camera/share/realsense2_camera/package.xml
[23.168s] Invoked command in '/home/vboxuser/ros2_ws/build/realsense2_camera' returned '0': AMENT_PREFIX_PATH=/home/vboxuser/ros2_ws/install/realsense2_camera_msgs:${AMENT_PREFIX_PATH} CMAKE_PREFIX_PATH=/home/vboxuser/ros2_ws/install/realsense2_camera_msgs:/opt/ros/foxy LD_LIBRARY_PATH=/home/vboxuser/ros2_ws/install/realsense2_camera_msgs/lib:${LD_LIBRARY_PATH} PYTHONPATH=/home/vboxuser/ros2_ws/install/realsense2_camera_msgs/lib/python3.8/site-packages:${PYTHONPATH} /usr/bin/cmake --install /home/vboxuser/ros2_ws/build/realsense2_camera
