[0.060s] Invoking command in '/home/vboxuser/ros2_ws/build/kr_example_cpp': CMAKE_PREFIX_PATH=/home/vboxuser/ros2_ws/install/kr_msgs:/home/vboxuser/ros2_ws/install/realsense2_description:/home/vboxuser/ros2_ws/install/realsense2_camera:/home/vboxuser/ros2_ws/install/realsense2_camera_msgs:/home/vboxuser/ros2_ws/install/kr_example_cpp:/home/vboxuser/ros2_ws/install/vision:/home/vboxuser/ros2_ws/install/kr_example_python:/opt/ros/foxy LD_LIBRARY_PATH=/home/vboxuser/ros2_ws/install/kr_msgs/lib:/home/vboxuser/ros2_ws/install/realsense2_camera/lib:/home/vboxuser/ros2_ws/install/realsense2_camera_msgs/lib:/opt/ros/foxy/opt/yaml_cpp_vendor/lib:/opt/ros/foxy/opt/rviz_ogre_vendor/lib:/opt/ros/foxy/lib/x86_64-linux-gnu:/opt/ros/foxy/lib PYTHONPATH=/home/vboxuser/ros2_ws/install/kr_msgs/lib/python3.8/site-packages:/home/vboxuser/ros2_ws/install/vision/lib/python3.8/site-packages:/home/vboxuser/ros2_ws/install/realsense2_camera_msgs/lib/python3.8/site-packages:/home/vboxuser/ros2_ws/install/kr_example_python/lib/python3.8/site-packages:/opt/ros/foxy/lib/python3.8/site-packages /usr/bin/cmake --build /home/vboxuser/ros2_ws/build/kr_example_cpp -- -j8 -l8
[0.155s] [ 60%] Built target jog_linear
[0.156s] [ 60%] Built target self_motion
[0.156s] [ 60%] Built target follow_joint
[0.157s] [ 80%] Built target robot_state
[0.157s] [100%] Built target move_joint
[0.564s] Invoked command in '/home/vboxuser/ros2_ws/build/kr_example_cpp' returned '0': CMAKE_PREFIX_PATH=/home/vboxuser/ros2_ws/install/kr_msgs:/home/vboxuser/ros2_ws/install/realsense2_description:/home/vboxuser/ros2_ws/install/realsense2_camera:/home/vboxuser/ros2_ws/install/realsense2_camera_msgs:/home/vboxuser/ros2_ws/install/kr_example_cpp:/home/vboxuser/ros2_ws/install/vision:/home/vboxuser/ros2_ws/install/kr_example_python:/opt/ros/foxy LD_LIBRARY_PATH=/home/vboxuser/ros2_ws/install/kr_msgs/lib:/home/vboxuser/ros2_ws/install/realsense2_camera/lib:/home/vboxuser/ros2_ws/install/realsense2_camera_msgs/lib:/opt/ros/foxy/opt/yaml_cpp_vendor/lib:/opt/ros/foxy/opt/rviz_ogre_vendor/lib:/opt/ros/foxy/lib/x86_64-linux-gnu:/opt/ros/foxy/lib PYTHONPATH=/home/vboxuser/ros2_ws/install/kr_msgs/lib/python3.8/site-packages:/home/vboxuser/ros2_ws/install/vision/lib/python3.8/site-packages:/home/vboxuser/ros2_ws/install/realsense2_camera_msgs/lib/python3.8/site-packages:/home/vboxuser/ros2_ws/install/kr_example_python/lib/python3.8/site-packages:/opt/ros/foxy/lib/python3.8/site-packages /usr/bin/cmake --build /home/vboxuser/ros2_ws/build/kr_example_cpp -- -j8 -l8
[0.677s] Invoking command in '/home/vboxuser/ros2_ws/build/kr_example_cpp': CMAKE_PREFIX_PATH=/home/vboxuser/ros2_ws/install/kr_msgs:/home/vboxuser/ros2_ws/install/realsense2_description:/home/vboxuser/ros2_ws/install/realsense2_camera:/home/vboxuser/ros2_ws/install/realsense2_camera_msgs:/home/vboxuser/ros2_ws/install/kr_example_cpp:/home/vboxuser/ros2_ws/install/vision:/home/vboxuser/ros2_ws/install/kr_example_python:/opt/ros/foxy LD_LIBRARY_PATH=/home/vboxuser/ros2_ws/install/kr_msgs/lib:/home/vboxuser/ros2_ws/install/realsense2_camera/lib:/home/vboxuser/ros2_ws/install/realsense2_camera_msgs/lib:/opt/ros/foxy/opt/yaml_cpp_vendor/lib:/opt/ros/foxy/opt/rviz_ogre_vendor/lib:/opt/ros/foxy/lib/x86_64-linux-gnu:/opt/ros/foxy/lib PYTHONPATH=/home/vboxuser/ros2_ws/install/kr_msgs/lib/python3.8/site-packages:/home/vboxuser/ros2_ws/install/vision/lib/python3.8/site-packages:/home/vboxuser/ros2_ws/install/realsense2_camera_msgs/lib/python3.8/site-packages:/home/vboxuser/ros2_ws/install/kr_example_python/lib/python3.8/site-packages:/opt/ros/foxy/lib/python3.8/site-packages /usr/bin/cmake --install /home/vboxuser/ros2_ws/build/kr_example_cpp
[0.683s] -- Install configuration: ""
[0.684s] -- Execute custom install script
[0.687s] -- Up-to-date symlink: /home/vboxuser/ros2_ws/install/kr_example_cpp/lib/kr_example_cpp/robot_state
[0.703s] -- Up-to-date symlink: /home/vboxuser/ros2_ws/install/kr_example_cpp/lib/kr_example_cpp/follow_joint
[0.703s] -- Up-to-date symlink: /home/vboxuser/ros2_ws/install/kr_example_cpp/lib/kr_example_cpp/move_joint
[0.703s] -- Up-to-date symlink: /home/vboxuser/ros2_ws/install/kr_example_cpp/lib/kr_example_cpp/jog_linear
[0.703s] -- Up-to-date symlink: /home/vboxuser/ros2_ws/install/kr_example_cpp/lib/kr_example_cpp/self_motion
[0.703s] -- Up-to-date symlink: /home/vboxuser/ros2_ws/install/kr_example_cpp/share/ament_index/resource_index/package_run_dependencies/kr_example_cpp
[0.703s] -- Up-to-date symlink: /home/vboxuser/ros2_ws/install/kr_example_cpp/share/ament_index/resource_index/parent_prefix_path/kr_example_cpp
[0.703s] -- Up-to-date symlink: /home/vboxuser/ros2_ws/install/kr_example_cpp/share/kr_example_cpp/environment/ament_prefix_path.sh
[0.703s] -- Up-to-date symlink: /home/vboxuser/ros2_ws/install/kr_example_cpp/share/kr_example_cpp/environment/ament_prefix_path.dsv
[0.703s] -- Up-to-date symlink: /home/vboxuser/ros2_ws/install/kr_example_cpp/share/kr_example_cpp/environment/path.sh
[0.704s] -- Up-to-date symlink: /home/vboxuser/ros2_ws/install/kr_example_cpp/share/kr_example_cpp/environment/path.dsv
[0.704s] -- Up-to-date symlink: /home/vboxuser/ros2_ws/install/kr_example_cpp/share/kr_example_cpp/local_setup.bash
[0.704s] -- Up-to-date symlink: /home/vboxuser/ros2_ws/install/kr_example_cpp/share/kr_example_cpp/local_setup.sh
[0.704s] -- Up-to-date symlink: /home/vboxuser/ros2_ws/install/kr_example_cpp/share/kr_example_cpp/local_setup.zsh
[0.704s] -- Up-to-date symlink: /home/vboxuser/ros2_ws/install/kr_example_cpp/share/kr_example_cpp/local_setup.dsv
[0.704s] -- Symlinking: /home/vboxuser/ros2_ws/install/kr_example_cpp/share/kr_example_cpp/package.dsv
[0.718s] -- Up-to-date symlink: /home/vboxuser/ros2_ws/install/kr_example_cpp/share/ament_index/resource_index/packages/kr_example_cpp
[0.720s] -- Up-to-date symlink: /home/vboxuser/ros2_ws/install/kr_example_cpp/share/kr_example_cpp/cmake/kr_example_cppConfig.cmake
[0.721s] -- Up-to-date symlink: /home/vboxuser/ros2_ws/install/kr_example_cpp/share/kr_example_cpp/cmake/kr_example_cppConfig-version.cmake
[0.721s] -- Up-to-date symlink: /home/vboxuser/ros2_ws/install/kr_example_cpp/share/kr_example_cpp/package.xml
[0.729s] Invoked command in '/home/vboxuser/ros2_ws/build/kr_example_cpp' returned '0': CMAKE_PREFIX_PATH=/home/vboxuser/ros2_ws/install/kr_msgs:/home/vboxuser/ros2_ws/install/realsense2_description:/home/vboxuser/ros2_ws/install/realsense2_camera:/home/vboxuser/ros2_ws/install/realsense2_camera_msgs:/home/vboxuser/ros2_ws/install/kr_example_cpp:/home/vboxuser/ros2_ws/install/vision:/home/vboxuser/ros2_ws/install/kr_example_python:/opt/ros/foxy LD_LIBRARY_PATH=/home/vboxuser/ros2_ws/install/kr_msgs/lib:/home/vboxuser/ros2_ws/install/realsense2_camera/lib:/home/vboxuser/ros2_ws/install/realsense2_camera_msgs/lib:/opt/ros/foxy/opt/yaml_cpp_vendor/lib:/opt/ros/foxy/opt/rviz_ogre_vendor/lib:/opt/ros/foxy/lib/x86_64-linux-gnu:/opt/ros/foxy/lib PYTHONPATH=/home/vboxuser/ros2_ws/install/kr_msgs/lib/python3.8/site-packages:/home/vboxuser/ros2_ws/install/vision/lib/python3.8/site-packages:/home/vboxuser/ros2_ws/install/realsense2_camera_msgs/lib/python3.8/site-packages:/home/vboxuser/ros2_ws/install/kr_example_python/lib/python3.8/site-packages:/opt/ros/foxy/lib/python3.8/site-packages /usr/bin/cmake --install /home/vboxuser/ros2_ws/build/kr_example_cpp
