[0.072s] Invoking command in '/home/vboxuser/ros2_ws/build/kr_msgs': CMAKE_PREFIX_PATH=${CMAKE_PREFIX_PATH}:/home/vboxuser/ros2_ws/install/vision:/home/vboxuser/ros2_ws/install/robot_control:/home/vboxuser/ros2_ws/install/kr_example_python:/home/vboxuser/ros2_ws/install/bt_pkg:/opt/ros/foxy /usr/bin/cmake --build /home/vboxuser/ros2_ws/build/kr_msgs -- -j8 -l8
[0.630s] -- Found ament_cmake: 0.9.12 (/opt/ros/foxy/share/ament_cmake/cmake)
[0.634s] -- Found PythonInterp: /usr/bin/python3 (found suitable version "3.8.10", minimum required is "3") 
[0.634s] -- Using PYTHON_EXECUTABLE: /usr/bin/python3
[0.634s] -- Override CMake install command with custom implementation using symlinks instead of copying resources
[0.636s] -- Found builtin_interfaces: 1.0.0 (/opt/ros/foxy/share/builtin_interfaces/cmake)
[0.636s] -- Using all available rosidl_typesupport_c: rosidl_typesupport_fastrtps_c;rosidl_typesupport_introspection_c
[0.636s] -- Found rosidl_adapter: 1.3.1 (/opt/ros/foxy/share/rosidl_adapter/cmake)
[0.636s] -- Using all available rosidl_typesupport_cpp: rosidl_typesupport_fastrtps_cpp;rosidl_typesupport_introspection_cpp
[0.636s] -- Found rosidl_default_generators: 1.0.1 (/opt/ros/foxy/share/rosidl_default_generators/cmake)
[0.637s] -- Found unique_identifier_msgs: 2.1.3 (/opt/ros/foxy/share/unique_identifier_msgs/cmake)
[0.637s] -- Found std_msgs: 2.0.5 (/opt/ros/foxy/share/std_msgs/cmake)
[0.637s] -- Found ament_lint_auto: 0.9.8 (/opt/ros/foxy/share/ament_lint_auto/cmake)
[0.701s] CMake Error at /opt/ros/foxy/share/rosidl_cmake/cmake/rosidl_generate_interfaces.cmake:93 (message):
[0.702s]   rosidl_generate_interfaces() the passed file
[0.702s]   'action/motion/MoveTCPAlongAxis.action' doesn't exist relative to the
[0.702s]   CMAKE_CURRENT_SOURCE_DIR '/home/vboxuser/ros2_ws/src/orange-ros2/kr_msgs'
[0.702s] Call Stack (most recent call first):
[0.702s]   CMakeLists.txt:35 (rosidl_generate_interfaces)
[0.702s] 
[0.702s] 
[0.707s] -- Configuring incomplete, errors occurred!
[0.708s] See also "/home/vboxuser/ros2_ws/build/kr_msgs/CMakeFiles/CMakeOutput.log".
[0.716s] make: *** [Makefile:13708: cmake_check_build_system] Fehler 1
[0.924s] Invoked command in '/home/vboxuser/ros2_ws/build/kr_msgs' returned '2': CMAKE_PREFIX_PATH=${CMAKE_PREFIX_PATH}:/home/vboxuser/ros2_ws/install/vision:/home/vboxuser/ros2_ws/install/robot_control:/home/vboxuser/ros2_ws/install/kr_example_python:/home/vboxuser/ros2_ws/install/bt_pkg:/opt/ros/foxy /usr/bin/cmake --build /home/vboxuser/ros2_ws/build/kr_msgs -- -j8 -l8
