[1.318s] Invoking command in '/home/mo/Thesis/build/vision': PYTHONPATH=/home/mo/Thesis/build/vision/prefix_override:/usr/lib/python3/dist-packages/colcon_core/task/python/colcon_distutils_commands:/home/mo/Thesis/install/vision/lib/python3.8/site-packages:${PYTHONPATH} /usr/bin/python3 -W ignore:setup.py install is deprecated -W ignore:easy_install command is deprecated setup.py develop --uninstall --editable --build-directory /home/mo/Thesis/build/vision/build
[1.625s] running develop
[1.862s] Removing /home/mo/Thesis/install/vision/lib/python3.8/site-packages/vision.egg-link (link to .)
[1.890s] Invoked command in '/home/mo/Thesis/build/vision' returned '0': PYTHONPATH=/home/mo/Thesis/build/vision/prefix_override:/usr/lib/python3/dist-packages/colcon_core/task/python/colcon_distutils_commands:/home/mo/Thesis/install/vision/lib/python3.8/site-packages:${PYTHONPATH} /usr/bin/python3 -W ignore:setup.py install is deprecated -W ignore:easy_install command is deprecated setup.py develop --uninstall --editable --build-directory /home/mo/Thesis/build/vision/build
[1.893s] Invoking command in '/home/mo/Thesis/src/vision': PYTHONPATH=/home/mo/Thesis/build/vision/prefix_override:/usr/lib/python3/dist-packages/colcon_core/task/python/colcon_distutils_commands:/home/mo/Thesis/install/vision/lib/python3.8/site-packages:${PYTHONPATH} /usr/bin/python3 -W ignore:setup.py install is deprecated -W ignore:easy_install command is deprecated setup.py egg_info --egg-base ../../build/vision build --build-base /home/mo/Thesis/build/vision/build install --record /home/mo/Thesis/build/vision/install.log --single-version-externally-managed install_data --force
[2.138s] running egg_info
[2.154s] writing ../../build/vision/vision.egg-info/PKG-INFO
[2.154s] writing dependency_links to ../../build/vision/vision.egg-info/dependency_links.txt
[2.155s] writing entry points to ../../build/vision/vision.egg-info/entry_points.txt
[2.155s] writing requirements to ../../build/vision/vision.egg-info/requires.txt
[2.155s] writing top-level names to ../../build/vision/vision.egg-info/top_level.txt
[2.286s] reading manifest file '../../build/vision/vision.egg-info/SOURCES.txt'
[2.287s] writing manifest file '../../build/vision/vision.egg-info/SOURCES.txt'
[2.287s] running build
[2.287s] running build_py
[2.287s] copying vision/yolov8_dualcam_inference.py -> /home/mo/Thesis/build/vision/build/lib/vision
[2.287s] copying vision/point_finder_3d.py -> /home/mo/Thesis/build/vision/build/lib/vision
[2.288s] copying vision/light_controller.py -> /home/mo/Thesis/build/vision/build/lib/vision
[2.288s] copying vision/image_receiver.py -> /home/mo/Thesis/build/vision/build/lib/vision
[2.288s] copying vision/OLD_process_nn_output.py -> /home/mo/Thesis/build/vision/build/lib/vision
[2.288s] copying vision/vc_startup.py -> /home/mo/Thesis/build/vision/build/lib/vision
[2.288s] copying vision/img_filters.py -> /home/mo/Thesis/build/vision/build/lib/vision
[2.288s] copying vision/point_finder_2d.py -> /home/mo/Thesis/build/vision/build/lib/vision
[2.289s] copying vision/maskrcnn_inference.py -> /home/mo/Thesis/build/vision/build/lib/vision
[2.289s] copying vision/calibration.py -> /home/mo/Thesis/build/vision/build/lib/vision
[2.289s] copying vision/yolov8_inference.py -> /home/mo/Thesis/build/vision/build/lib/vision
[2.289s] copying vision/OLD_nn_output_processor.py -> /home/mo/Thesis/build/vision/build/lib/vision
[2.289s] copying vision/hook_detector.py -> /home/mo/Thesis/build/vision/build/lib/vision
[2.289s] copying vision/__init__.py -> /home/mo/Thesis/build/vision/build/lib/vision
[2.289s] copying vision/test_node.py -> /home/mo/Thesis/build/vision/build/lib/vision
[2.290s] copying FC_vision/FC_process_hooks_dict_for_publishing.py -> /home/mo/Thesis/build/vision/build/lib/FC_vision
[2.290s] copying FC_vision/FC_lowpass_filter.py -> /home/mo/Thesis/build/vision/build/lib/FC_vision
[2.290s] copying FC_vision/FC_plot_yolo_imgs.py -> /home/mo/Thesis/build/vision/build/lib/FC_vision
[2.290s] copying FC_vision/FC_two_cam_stereo_triangulation_processor.py -> /home/mo/Thesis/build/vision/build/lib/FC_vision
[2.290s] copying FC_vision/FC_ema_filter.py -> /home/mo/Thesis/build/vision/build/lib/FC_vision
[2.291s] copying FC_vision/FC_yolo_output_processor.py -> /home/mo/Thesis/build/vision/build/lib/FC_vision
[2.291s] copying FC_vision/FC_moving_avg_filter.py -> /home/mo/Thesis/build/vision/build/lib/FC_vision
[2.291s] copying FC_vision/FC_iir_butterworth_filter.py -> /home/mo/Thesis/build/vision/build/lib/FC_vision
[2.291s] copying FC_vision/__init__.py -> /home/mo/Thesis/build/vision/build/lib/FC_vision
[2.292s] running install
[2.295s] running install_lib
[2.313s] creating /home/mo/Thesis/install/vision/lib/python3.8/site-packages/vision
[2.313s] copying /home/mo/Thesis/build/vision/build/lib/vision/yolov8_dualcam_inference.py -> /home/mo/Thesis/install/vision/lib/python3.8/site-packages/vision
[2.313s] copying /home/mo/Thesis/build/vision/build/lib/vision/point_finder_3d.py -> /home/mo/Thesis/install/vision/lib/python3.8/site-packages/vision
[2.313s] copying /home/mo/Thesis/build/vision/build/lib/vision/light_controller.py -> /home/mo/Thesis/install/vision/lib/python3.8/site-packages/vision
[2.313s] copying /home/mo/Thesis/build/vision/build/lib/vision/image_receiver.py -> /home/mo/Thesis/install/vision/lib/python3.8/site-packages/vision
[2.313s] copying /home/mo/Thesis/build/vision/build/lib/vision/OLD_process_nn_output.py -> /home/mo/Thesis/install/vision/lib/python3.8/site-packages/vision
[2.314s] copying /home/mo/Thesis/build/vision/build/lib/vision/vc_startup.py -> /home/mo/Thesis/install/vision/lib/python3.8/site-packages/vision
[2.314s] copying /home/mo/Thesis/build/vision/build/lib/vision/img_filters.py -> /home/mo/Thesis/install/vision/lib/python3.8/site-packages/vision
[2.314s] copying /home/mo/Thesis/build/vision/build/lib/vision/point_finder_2d.py -> /home/mo/Thesis/install/vision/lib/python3.8/site-packages/vision
[2.314s] copying /home/mo/Thesis/build/vision/build/lib/vision/maskrcnn_inference.py -> /home/mo/Thesis/install/vision/lib/python3.8/site-packages/vision
[2.314s] copying /home/mo/Thesis/build/vision/build/lib/vision/calibration.py -> /home/mo/Thesis/install/vision/lib/python3.8/site-packages/vision
[2.314s] copying /home/mo/Thesis/build/vision/build/lib/vision/yolov8_inference.py -> /home/mo/Thesis/install/vision/lib/python3.8/site-packages/vision
[2.314s] copying /home/mo/Thesis/build/vision/build/lib/vision/OLD_nn_output_processor.py -> /home/mo/Thesis/install/vision/lib/python3.8/site-packages/vision
[2.314s] copying /home/mo/Thesis/build/vision/build/lib/vision/hook_detector.py -> /home/mo/Thesis/install/vision/lib/python3.8/site-packages/vision
[2.314s] copying /home/mo/Thesis/build/vision/build/lib/vision/__init__.py -> /home/mo/Thesis/install/vision/lib/python3.8/site-packages/vision
[2.315s] copying /home/mo/Thesis/build/vision/build/lib/vision/test_node.py -> /home/mo/Thesis/install/vision/lib/python3.8/site-packages/vision
[2.315s] copying /home/mo/Thesis/build/vision/build/lib/FC_vision/FC_process_hooks_dict_for_publishing.py -> /home/mo/Thesis/install/vision/lib/python3.8/site-packages/FC_vision
[2.315s] copying /home/mo/Thesis/build/vision/build/lib/FC_vision/FC_lowpass_filter.py -> /home/mo/Thesis/install/vision/lib/python3.8/site-packages/FC_vision
[2.315s] copying /home/mo/Thesis/build/vision/build/lib/FC_vision/FC_plot_yolo_imgs.py -> /home/mo/Thesis/install/vision/lib/python3.8/site-packages/FC_vision
[2.315s] copying /home/mo/Thesis/build/vision/build/lib/FC_vision/FC_two_cam_stereo_triangulation_processor.py -> /home/mo/Thesis/install/vision/lib/python3.8/site-packages/FC_vision
[2.315s] copying /home/mo/Thesis/build/vision/build/lib/FC_vision/FC_ema_filter.py -> /home/mo/Thesis/install/vision/lib/python3.8/site-packages/FC_vision
[2.315s] copying /home/mo/Thesis/build/vision/build/lib/FC_vision/FC_yolo_output_processor.py -> /home/mo/Thesis/install/vision/lib/python3.8/site-packages/FC_vision
[2.316s] copying /home/mo/Thesis/build/vision/build/lib/FC_vision/FC_moving_avg_filter.py -> /home/mo/Thesis/install/vision/lib/python3.8/site-packages/FC_vision
[2.316s] copying /home/mo/Thesis/build/vision/build/lib/FC_vision/FC_iir_butterworth_filter.py -> /home/mo/Thesis/install/vision/lib/python3.8/site-packages/FC_vision
[2.316s] copying /home/mo/Thesis/build/vision/build/lib/FC_vision/__init__.py -> /home/mo/Thesis/install/vision/lib/python3.8/site-packages/FC_vision
[2.316s] byte-compiling /home/mo/Thesis/install/vision/lib/python3.8/site-packages/vision/yolov8_dualcam_inference.py to yolov8_dualcam_inference.cpython-38.pyc
[2.318s] byte-compiling /home/mo/Thesis/install/vision/lib/python3.8/site-packages/vision/point_finder_3d.py to point_finder_3d.cpython-38.pyc
[2.319s] byte-compiling /home/mo/Thesis/install/vision/lib/python3.8/site-packages/vision/light_controller.py to light_controller.cpython-38.pyc
[2.320s] byte-compiling /home/mo/Thesis/install/vision/lib/python3.8/site-packages/vision/image_receiver.py to image_receiver.cpython-38.pyc
[2.321s] byte-compiling /home/mo/Thesis/install/vision/lib/python3.8/site-packages/vision/OLD_process_nn_output.py to OLD_process_nn_output.cpython-38.pyc
[2.321s] byte-compiling /home/mo/Thesis/install/vision/lib/python3.8/site-packages/vision/vc_startup.py to vc_startup.cpython-38.pyc
[2.322s] byte-compiling /home/mo/Thesis/install/vision/lib/python3.8/site-packages/vision/img_filters.py to img_filters.cpython-38.pyc
[2.323s] byte-compiling /home/mo/Thesis/install/vision/lib/python3.8/site-packages/vision/point_finder_2d.py to point_finder_2d.cpython-38.pyc
[2.323s] byte-compiling /home/mo/Thesis/install/vision/lib/python3.8/site-packages/vision/maskrcnn_inference.py to maskrcnn_inference.cpython-38.pyc
[2.325s] byte-compiling /home/mo/Thesis/install/vision/lib/python3.8/site-packages/vision/calibration.py to calibration.cpython-38.pyc
[2.326s] byte-compiling /home/mo/Thesis/install/vision/lib/python3.8/site-packages/vision/yolov8_inference.py to yolov8_inference.cpython-38.pyc
[2.327s] byte-compiling /home/mo/Thesis/install/vision/lib/python3.8/site-packages/vision/OLD_nn_output_processor.py to OLD_nn_output_processor.cpython-38.pyc
[2.328s] byte-compiling /home/mo/Thesis/install/vision/lib/python3.8/site-packages/vision/hook_detector.py to hook_detector.cpython-38.pyc
[2.329s] byte-compiling /home/mo/Thesis/install/vision/lib/python3.8/site-packages/vision/__init__.py to __init__.cpython-38.pyc
[2.329s] byte-compiling /home/mo/Thesis/install/vision/lib/python3.8/site-packages/vision/test_node.py to test_node.cpython-38.pyc
[2.329s] byte-compiling /home/mo/Thesis/install/vision/lib/python3.8/site-packages/FC_vision/FC_process_hooks_dict_for_publishing.py to FC_process_hooks_dict_for_publishing.cpython-38.pyc
[2.330s] byte-compiling /home/mo/Thesis/install/vision/lib/python3.8/site-packages/FC_vision/FC_lowpass_filter.py to FC_lowpass_filter.cpython-38.pyc
[2.330s] byte-compiling /home/mo/Thesis/install/vision/lib/python3.8/site-packages/FC_vision/FC_plot_yolo_imgs.py to FC_plot_yolo_imgs.cpython-38.pyc
[2.332s] byte-compiling /home/mo/Thesis/install/vision/lib/python3.8/site-packages/FC_vision/FC_two_cam_stereo_triangulation_processor.py to FC_two_cam_stereo_triangulation_processor.cpython-38.pyc
[2.332s] byte-compiling /home/mo/Thesis/install/vision/lib/python3.8/site-packages/FC_vision/FC_ema_filter.py to FC_ema_filter.cpython-38.pyc
[2.333s] byte-compiling /home/mo/Thesis/install/vision/lib/python3.8/site-packages/FC_vision/FC_yolo_output_processor.py to FC_yolo_output_processor.cpython-38.pyc
[2.335s] byte-compiling /home/mo/Thesis/install/vision/lib/python3.8/site-packages/FC_vision/FC_moving_avg_filter.py to FC_moving_avg_filter.cpython-38.pyc
[2.335s] byte-compiling /home/mo/Thesis/install/vision/lib/python3.8/site-packages/FC_vision/FC_iir_butterworth_filter.py to FC_iir_butterworth_filter.cpython-38.pyc
[2.336s] byte-compiling /home/mo/Thesis/install/vision/lib/python3.8/site-packages/FC_vision/__init__.py to __init__.cpython-38.pyc
[2.336s] running install_data
[2.336s] copying resource/vision -> /home/mo/Thesis/install/vision/share/ament_index/resource_index/packages
[2.336s] copying package.xml -> /home/mo/Thesis/install/vision/share/vision
[2.337s] running install_egg_info
[2.354s] Copying ../../build/vision/vision.egg-info to /home/mo/Thesis/install/vision/lib/python3.8/site-packages/vision-0.0.0-py3.8.egg-info
[2.355s] running install_scripts
[2.398s] Installing calibration script to /home/mo/Thesis/install/vision/lib/vision
[2.398s] Installing hook_detector script to /home/mo/Thesis/install/vision/lib/vision
[2.398s] Installing image_filters script to /home/mo/Thesis/install/vision/lib/vision
[2.399s] Installing image_receiver script to /home/mo/Thesis/install/vision/lib/vision
[2.399s] Installing light_controller script to /home/mo/Thesis/install/vision/lib/vision
[2.399s] Installing maskrcnn_inference script to /home/mo/Thesis/install/vision/lib/vision
[2.399s] Installing nn_output_processor script to /home/mo/Thesis/install/vision/lib/vision
[2.400s] Installing point_finder_2d script to /home/mo/Thesis/install/vision/lib/vision
[2.400s] Installing point_finder_3d script to /home/mo/Thesis/install/vision/lib/vision
[2.400s] Installing stereo_triangulation script to /home/mo/Thesis/install/vision/lib/vision
[2.401s] Installing stereo_triangulation_with_robot script to /home/mo/Thesis/install/vision/lib/vision
[2.401s] Installing test_node script to /home/mo/Thesis/install/vision/lib/vision
[2.401s] Installing yolov8_dualcam_inference script to /home/mo/Thesis/install/vision/lib/vision
[2.401s] Installing yolov8_inference script to /home/mo/Thesis/install/vision/lib/vision
[2.401s] writing list of installed files to '/home/mo/Thesis/build/vision/install.log'
[2.446s] Invoked command in '/home/mo/Thesis/src/vision' returned '0': PYTHONPATH=/home/mo/Thesis/build/vision/prefix_override:/usr/lib/python3/dist-packages/colcon_core/task/python/colcon_distutils_commands:/home/mo/Thesis/install/vision/lib/python3.8/site-packages:${PYTHONPATH} /usr/bin/python3 -W ignore:setup.py install is deprecated -W ignore:easy_install command is deprecated setup.py egg_info --egg-base ../../build/vision build --build-base /home/mo/Thesis/build/vision/build install --record /home/mo/Thesis/build/vision/install.log --single-version-externally-managed install_data --force
