[1.824s] Invoking command in '/home/mo/Thesis/src/vision': PYTHONPATH=/home/mo/Thesis/build/vision/prefix_override:/usr/lib/python3/dist-packages/colcon_core/task/python/colcon_distutils_commands:/home/mo/Thesis/install/vision/lib/python3.8/site-packages:${PYTHONPATH} /usr/bin/python3 -W ignore:setup.py install is deprecated -W ignore:easy_install command is deprecated setup.py egg_info --egg-base ../../build/vision build --build-base /home/mo/Thesis/build/vision/build install --record /home/mo/Thesis/build/vision/install.log --single-version-externally-managed install_data
[2.106s] running egg_info
[2.125s] writing ../../build/vision/vision.egg-info/PKG-INFO
[2.125s] writing dependency_links to ../../build/vision/vision.egg-info/dependency_links.txt
[2.126s] writing entry points to ../../build/vision/vision.egg-info/entry_points.txt
[2.126s] writing requirements to ../../build/vision/vision.egg-info/requires.txt
[2.126s] writing top-level names to ../../build/vision/vision.egg-info/top_level.txt
[2.286s] reading manifest file '../../build/vision/vision.egg-info/SOURCES.txt'
[2.289s] writing manifest file '../../build/vision/vision.egg-info/SOURCES.txt'
[2.290s] running build
[2.290s] running build_py
[2.291s] copying vision/point_finder_3d.py -> /home/mo/Thesis/build/vision/build/lib/vision
[2.292s] copying vision/image_receiver.py -> /home/mo/Thesis/build/vision/build/lib/vision
[2.293s] copying vision/OLD_process_nn_output.py -> /home/mo/Thesis/build/vision/build/lib/vision
[2.294s] copying vision/img_filters.py -> /home/mo/Thesis/build/vision/build/lib/vision
[2.296s] copying vision/point_finder_2d.py -> /home/mo/Thesis/build/vision/build/lib/vision
[2.297s] copying vision/maskrcnn_inference.py -> /home/mo/Thesis/build/vision/build/lib/vision
[2.298s] copying vision/calibration.py -> /home/mo/Thesis/build/vision/build/lib/vision
[2.300s] copying vision/yolov8_inference.py -> /home/mo/Thesis/build/vision/build/lib/vision
[2.301s] copying vision/OLD_nn_output_processor.py -> /home/mo/Thesis/build/vision/build/lib/vision
[2.304s] copying vision/hook_detector.py -> /home/mo/Thesis/build/vision/build/lib/vision
[2.305s] copying vision/__init__.py -> /home/mo/Thesis/build/vision/build/lib/vision
[2.306s] copying vision/test_node.py -> /home/mo/Thesis/build/vision/build/lib/vision
[2.307s] running install
[2.315s] running install_lib
[2.353s] running install_data
[2.353s] copying resource/vision -> /home/mo/Thesis/install/vision/share/ament_index/resource_index/packages
[2.354s] copying package.xml -> /home/mo/Thesis/install/vision/share/vision
[2.356s] running install_egg_info
[2.390s] removing '/home/mo/Thesis/install/vision/lib/python3.8/site-packages/vision-0.0.0-py3.8.egg-info' (and everything under it)
[2.400s] Copying ../../build/vision/vision.egg-info to /home/mo/Thesis/install/vision/lib/python3.8/site-packages/vision-0.0.0-py3.8.egg-info
[2.401s] running install_scripts
[2.465s] Installing calibration script to /home/mo/Thesis/install/vision/lib/vision
[2.465s] Installing hook_detector script to /home/mo/Thesis/install/vision/lib/vision
[2.465s] Installing image_filters script to /home/mo/Thesis/install/vision/lib/vision
[2.466s] Installing image_receiver script to /home/mo/Thesis/install/vision/lib/vision
[2.466s] Installing maskrcnn_inference script to /home/mo/Thesis/install/vision/lib/vision
[2.466s] Installing nn_output_processor script to /home/mo/Thesis/install/vision/lib/vision
[2.466s] Installing point_finder_2d script to /home/mo/Thesis/install/vision/lib/vision
[2.466s] Installing point_finder_3d script to /home/mo/Thesis/install/vision/lib/vision
[2.467s] Installing stereo_triangulation script to /home/mo/Thesis/install/vision/lib/vision
[2.467s] Installing stereo_triangulation_with_robot script to /home/mo/Thesis/install/vision/lib/vision
[2.467s] Installing test_node script to /home/mo/Thesis/install/vision/lib/vision
[2.467s] Installing yolov8_inference script to /home/mo/Thesis/install/vision/lib/vision
[2.468s] writing list of installed files to '/home/mo/Thesis/build/vision/install.log'
[2.518s] Invoked command in '/home/mo/Thesis/src/vision' returned '0': PYTHONPATH=/home/mo/Thesis/build/vision/prefix_override:/usr/lib/python3/dist-packages/colcon_core/task/python/colcon_distutils_commands:/home/mo/Thesis/install/vision/lib/python3.8/site-packages:${PYTHONPATH} /usr/bin/python3 -W ignore:setup.py install is deprecated -W ignore:easy_install command is deprecated setup.py egg_info --egg-base ../../build/vision build --build-base /home/mo/Thesis/build/vision/build install --record /home/mo/Thesis/build/vision/install.log --single-version-externally-managed install_data
