[0.739s] Invoking command in '/home/vboxuser/Thesis/build/kr_example_python': CMAKE_PREFIX_PATH=/home/vboxuser/Thesis/install/kr_msgs:/home/vboxuser/Thesis/install/realsense2_description:/home/vboxuser/Thesis/install/realsense2_camera:/home/vboxuser/Thesis/install/realsense2_camera_msgs:/home/vboxuser/Thesis/install/kr_example_cpp:/home/vboxuser/Thesis/install/action_interfaces LD_LIBRARY_PATH=/home/vboxuser/Thesis/install/kr_msgs/lib:/home/vboxuser/Thesis/install/realsense2_camera/lib:/home/vboxuser/Thesis/install/realsense2_camera_msgs/lib:/home/vboxuser/Thesis/install/action_interfaces/lib:/opt/ros/foxy/opt/yaml_cpp_vendor/lib:/opt/ros/foxy/opt/rviz_ogre_vendor/lib:/opt/ros/foxy/lib/x86_64-linux-gnu:/opt/ros/foxy/lib PYTHONPATH=/home/vboxuser/Thesis/build/kr_example_python/prefix_override:/usr/lib/python3/dist-packages/colcon_core/task/python/colcon_distutils_commands:/home/vboxuser/Thesis/install/kr_example_python/lib/python3.8/site-packages:/home/vboxuser/Thesis/install/kr_msgs/lib/python3.8/site-packages:/home/vboxuser/Thesis/build/vision:/home/vboxuser/Thesis/install/vision/lib/python3.8/site-packages:/home/vboxuser/Thesis/build/vcnanoz:/home/vboxuser/Thesis/install/vcnanoz/lib/python3.8/site-packages:/home/vboxuser/Thesis/build/sensopart_visor:/home/vboxuser/Thesis/install/sensopart_visor/lib/python3.8/site-packages:/home/vboxuser/Thesis/build/robot_control:/home/vboxuser/Thesis/install/robot_control/lib/python3.8/site-packages:/home/vboxuser/Thesis/install/realsense2_camera_msgs/lib/python3.8/site-packages:/home/vboxuser/Thesis/build/kr_example_python:/home/vboxuser/Thesis/install/kr_example_python/lib/python3.8/site-packages:/home/vboxuser/Thesis/build/bt_pkg:/home/vboxuser/Thesis/install/bt_pkg/lib/python3.8/site-packages:/home/vboxuser/Thesis/build/action_servers:/home/vboxuser/Thesis/install/action_servers/lib/python3.8/site-packages:/home/vboxuser/Thesis/install/action_interfaces/lib/python3.8/site-packages:/opt/ros/foxy/lib/python3.8/site-packages /usr/bin/python3 -W ignore:setup.py install is deprecated setup.py develop --editable --build-directory /home/vboxuser/Thesis/build/kr_example_python/build --no-deps symlink_data
[0.978s] running develop
[1.134s] running egg_info
[1.138s] writing kr_example_python.egg-info/PKG-INFO
[1.138s] writing dependency_links to kr_example_python.egg-info/dependency_links.txt
[1.138s] writing entry points to kr_example_python.egg-info/entry_points.txt
[1.138s] writing requirements to kr_example_python.egg-info/requires.txt
[1.138s] writing top-level names to kr_example_python.egg-info/top_level.txt
[1.164s] reading manifest file 'kr_example_python.egg-info/SOURCES.txt'
[1.165s] writing manifest file 'kr_example_python.egg-info/SOURCES.txt'
[1.195s] running build_ext
[1.196s] Creating /home/vboxuser/Thesis/install/kr_example_python/lib/python3.8/site-packages/kr-example-python.egg-link (link to .)
[1.197s] Installing follow_joint script to /home/vboxuser/Thesis/install/kr_example_python/lib/kr_example_python
[1.197s] Installing jog_linear script to /home/vboxuser/Thesis/install/kr_example_python/lib/kr_example_python
[1.197s] Installing move_joint script to /home/vboxuser/Thesis/install/kr_example_python/lib/kr_example_python
[1.197s] Installing robot_state script to /home/vboxuser/Thesis/install/kr_example_python/lib/kr_example_python
[1.197s] Installing self_motion script to /home/vboxuser/Thesis/install/kr_example_python/lib/kr_example_python
[1.198s] 
[1.198s] Installed /home/vboxuser/Thesis/build/kr_example_python
[1.198s] running symlink_data
[1.224s] Invoked command in '/home/vboxuser/Thesis/build/kr_example_python' returned '0': CMAKE_PREFIX_PATH=/home/vboxuser/Thesis/install/kr_msgs:/home/vboxuser/Thesis/install/realsense2_description:/home/vboxuser/Thesis/install/realsense2_camera:/home/vboxuser/Thesis/install/realsense2_camera_msgs:/home/vboxuser/Thesis/install/kr_example_cpp:/home/vboxuser/Thesis/install/action_interfaces LD_LIBRARY_PATH=/home/vboxuser/Thesis/install/kr_msgs/lib:/home/vboxuser/Thesis/install/realsense2_camera/lib:/home/vboxuser/Thesis/install/realsense2_camera_msgs/lib:/home/vboxuser/Thesis/install/action_interfaces/lib:/opt/ros/foxy/opt/yaml_cpp_vendor/lib:/opt/ros/foxy/opt/rviz_ogre_vendor/lib:/opt/ros/foxy/lib/x86_64-linux-gnu:/opt/ros/foxy/lib PYTHONPATH=/home/vboxuser/Thesis/build/kr_example_python/prefix_override:/usr/lib/python3/dist-packages/colcon_core/task/python/colcon_distutils_commands:/home/vboxuser/Thesis/install/kr_example_python/lib/python3.8/site-packages:/home/vboxuser/Thesis/install/kr_msgs/lib/python3.8/site-packages:/home/vboxuser/Thesis/build/vision:/home/vboxuser/Thesis/install/vision/lib/python3.8/site-packages:/home/vboxuser/Thesis/build/vcnanoz:/home/vboxuser/Thesis/install/vcnanoz/lib/python3.8/site-packages:/home/vboxuser/Thesis/build/sensopart_visor:/home/vboxuser/Thesis/install/sensopart_visor/lib/python3.8/site-packages:/home/vboxuser/Thesis/build/robot_control:/home/vboxuser/Thesis/install/robot_control/lib/python3.8/site-packages:/home/vboxuser/Thesis/install/realsense2_camera_msgs/lib/python3.8/site-packages:/home/vboxuser/Thesis/build/kr_example_python:/home/vboxuser/Thesis/install/kr_example_python/lib/python3.8/site-packages:/home/vboxuser/Thesis/build/bt_pkg:/home/vboxuser/Thesis/install/bt_pkg/lib/python3.8/site-packages:/home/vboxuser/Thesis/build/action_servers:/home/vboxuser/Thesis/install/action_servers/lib/python3.8/site-packages:/home/vboxuser/Thesis/install/action_interfaces/lib/python3.8/site-packages:/opt/ros/foxy/lib/python3.8/site-packages /usr/bin/python3 -W ignore:setup.py install is deprecated setup.py develop --editable --build-directory /home/vboxuser/Thesis/build/kr_example_python/build --no-deps symlink_data
