[1.048s] Invoking command in '/home/mo/Thesis/build/kr_example_python': CMAKE_PREFIX_PATH=/home/mo/Thesis/install/kr_msgs:/home/mo/Thesis/install/kr_example_cpp:/home/mo/Thesis/install/action_interfaces PYTHONPATH=/home/mo/Thesis/build/kr_example_python/prefix_override:/usr/lib/python3/dist-packages/colcon_core/task/python/colcon_distutils_commands:/home/mo/Thesis/install/kr_example_python/lib/python3.8/site-packages:/home/mo/Thesis/install/kr_msgs/lib/python3.8/site-packages:/home/mo/Thesis/build/vision:/home/mo/Thesis/build/vcnanoz:/home/mo/Thesis/build/sensopart_visor:/home/mo/Thesis/build/robot_control:/home/mo/Thesis/build/kr_example_python:/home/mo/Thesis/build/action_servers:/home/mo/Thesis/install/vision/lib/python3.8/site-packages:/home/mo/Thesis/install/vcnanoz/lib/python3.8/site-packages:/home/mo/Thesis/install/sensopart_visor/lib/python3.8/site-packages:/home/mo/Thesis/install/robot_control/lib/python3.8/site-packages:/home/mo/Thesis/install/kr_example_python/lib/python3.8/site-packages:/home/mo/Thesis/install/action_servers/lib/python3.8/site-packages:/home/mo/Thesis/install/action_interfaces/lib/python3.8/site-packages:/opt/ros/foxy/lib/python3.8/site-packages /usr/bin/python3 -W ignore:setup.py install is deprecated -W ignore:easy_install command is deprecated setup.py develop --editable --build-directory /home/mo/Thesis/build/kr_example_python/build --no-deps symlink_data
[1.364s] running develop
[1.576s] running egg_info
[1.592s] writing kr_example_python.egg-info/PKG-INFO
[1.593s] writing dependency_links to kr_example_python.egg-info/dependency_links.txt
[1.593s] writing entry points to kr_example_python.egg-info/entry_points.txt
[1.593s] writing requirements to kr_example_python.egg-info/requires.txt
[1.593s] writing top-level names to kr_example_python.egg-info/top_level.txt
[1.630s] reading manifest file 'kr_example_python.egg-info/SOURCES.txt'
[1.631s] writing manifest file 'kr_example_python.egg-info/SOURCES.txt'
[1.681s] running build_ext
[1.681s] Creating /home/mo/Thesis/install/kr_example_python/lib/python3.8/site-packages/kr-example-python.egg-link (link to .)
[1.682s] Installing follow_joint script to /home/mo/Thesis/install/kr_example_python/lib/kr_example_python
[1.682s] Installing jog_linear script to /home/mo/Thesis/install/kr_example_python/lib/kr_example_python
[1.682s] Installing move_joint script to /home/mo/Thesis/install/kr_example_python/lib/kr_example_python
[1.682s] Installing robot_state script to /home/mo/Thesis/install/kr_example_python/lib/kr_example_python
[1.682s] Installing self_motion script to /home/mo/Thesis/install/kr_example_python/lib/kr_example_python
[1.682s] 
[1.683s] Installed /home/mo/Thesis/build/kr_example_python
[1.683s] running symlink_data
[1.704s] Invoked command in '/home/mo/Thesis/build/kr_example_python' returned '0': CMAKE_PREFIX_PATH=/home/mo/Thesis/install/kr_msgs:/home/mo/Thesis/install/kr_example_cpp:/home/mo/Thesis/install/action_interfaces PYTHONPATH=/home/mo/Thesis/build/kr_example_python/prefix_override:/usr/lib/python3/dist-packages/colcon_core/task/python/colcon_distutils_commands:/home/mo/Thesis/install/kr_example_python/lib/python3.8/site-packages:/home/mo/Thesis/install/kr_msgs/lib/python3.8/site-packages:/home/mo/Thesis/build/vision:/home/mo/Thesis/build/vcnanoz:/home/mo/Thesis/build/sensopart_visor:/home/mo/Thesis/build/robot_control:/home/mo/Thesis/build/kr_example_python:/home/mo/Thesis/build/action_servers:/home/mo/Thesis/install/vision/lib/python3.8/site-packages:/home/mo/Thesis/install/vcnanoz/lib/python3.8/site-packages:/home/mo/Thesis/install/sensopart_visor/lib/python3.8/site-packages:/home/mo/Thesis/install/robot_control/lib/python3.8/site-packages:/home/mo/Thesis/install/kr_example_python/lib/python3.8/site-packages:/home/mo/Thesis/install/action_servers/lib/python3.8/site-packages:/home/mo/Thesis/install/action_interfaces/lib/python3.8/site-packages:/opt/ros/foxy/lib/python3.8/site-packages /usr/bin/python3 -W ignore:setup.py install is deprecated -W ignore:easy_install command is deprecated setup.py develop --editable --build-directory /home/mo/Thesis/build/kr_example_python/build --no-deps symlink_data
