[0.020s] Invoking command in '/home/vboxuser/ros2_ws/build/realsense2_camera': AMENT_PREFIX_PATH=/home/vboxuser/ros2_ws/install/realsense2_camera_msgs:${AMENT_PREFIX_PATH} CMAKE_PREFIX_PATH=/home/vboxuser/ros2_ws/install/realsense2_camera_msgs:/home/vboxuser/install/kr_example_cpp:/home/vboxuser/install/kr_msgs:/home/vboxuser/install/kr_example_python:/opt/ros/foxy LD_LIBRARY_PATH=/home/vboxuser/ros2_ws/install/realsense2_camera_msgs/lib:${LD_LIBRARY_PATH} PYTHONPATH=/home/vboxuser/ros2_ws/install/realsense2_camera_msgs/lib/python3.8/site-packages:${PYTHONPATH} /usr/bin/cmake /home/vboxuser/ros2_ws/src/realsense-ros/realsense2_camera -DCMAKE_INSTALL_PREFIX=/home/vboxuser/ros2_ws/install/realsense2_camera
[0.033s] -- Create Release Build.
[0.034s] -- Found ament_cmake: 0.9.12 (/opt/ros/foxy/share/ament_cmake/cmake)
[0.054s] -- Using PYTHON_EXECUTABLE: /usr/bin/python3
[0.201s] -- Override CMake install command with custom implementation using symlinks instead of copying resources
[0.222s] -- Found builtin_interfaces: 1.0.0 (/opt/ros/foxy/share/builtin_interfaces/cmake)
[0.241s] -- Using all available rosidl_typesupport_c: rosidl_typesupport_fastrtps_c;rosidl_typesupport_introspection_c
[0.244s] -- Found rosidl_adapter: 1.3.1 (/opt/ros/foxy/share/rosidl_adapter/cmake)
[0.368s] -- Using all available rosidl_typesupport_cpp: rosidl_typesupport_fastrtps_cpp;rosidl_typesupport_introspection_cpp
[0.390s] -- Found cv_bridge: 3.0.7 (/opt/ros/foxy/share/cv_bridge/cmake)
[0.541s] -- Found image_transport: 2.4.0 (/opt/ros/foxy/share/image_transport/cmake)
[0.578s] -- Found rmw_implementation_cmake: 1.0.4 (/opt/ros/foxy/share/rmw_implementation_cmake/cmake)
[0.579s] -- Using RMW implementation 'rmw_fastrtps_cpp' as default
[0.735s] -- Found rclcpp_components: 2.4.3 (/opt/ros/foxy/share/rclcpp_components/cmake)
[0.779s] -- Found realsense2_camera_msgs: 4.55.1 (/home/vboxuser/ros2_ws/install/realsense2_camera_msgs/share/realsense2_camera_msgs/cmake)
[0.884s] -- Found nav_msgs: 2.0.5 (/opt/ros/foxy/share/nav_msgs/cmake)
[0.949s] -- Found tf2_ros: 0.13.14 (/opt/ros/foxy/share/tf2_ros/cmake)
[1.196s] -- Found diagnostic_updater: 3.1.2 (/opt/ros/foxy/share/diagnostic_updater/cmake)
[1.250s] -- Build for ROS2 Foxy
[1.279s] -- Found ament_cmake_gtest: 0.9.12 (/opt/ros/foxy/share/ament_cmake_gtest/cmake)
[1.279s] -- Found gtest sources under '/opt/ros/foxy/src/gtest_vendor': C++ tests using 'Google Test' will be built
[1.283s] -- Found ament_cmake_pytest: 0.9.12 (/opt/ros/foxy/share/ament_cmake_pytest/cmake)
[5.469s] -- rs_device_info:
[5.469s] -- Device Name                   Serial Number       Firmware Version
[5.469s] Intel RealSense D435          837212070596        5.16.0.1
[5.469s] 
[5.469s] -- D455 device found
[9.030s] -- Configuring done
[9.080s] -- Generating done
[9.082s] -- Build files have been written to: /home/vboxuser/ros2_ws/build/realsense2_camera
[9.092s] Invoked command in '/home/vboxuser/ros2_ws/build/realsense2_camera' returned '0': AMENT_PREFIX_PATH=/home/vboxuser/ros2_ws/install/realsense2_camera_msgs:${AMENT_PREFIX_PATH} CMAKE_PREFIX_PATH=/home/vboxuser/ros2_ws/install/realsense2_camera_msgs:/home/vboxuser/install/kr_example_cpp:/home/vboxuser/install/kr_msgs:/home/vboxuser/install/kr_example_python:/opt/ros/foxy LD_LIBRARY_PATH=/home/vboxuser/ros2_ws/install/realsense2_camera_msgs/lib:${LD_LIBRARY_PATH} PYTHONPATH=/home/vboxuser/ros2_ws/install/realsense2_camera_msgs/lib/python3.8/site-packages:${PYTHONPATH} /usr/bin/cmake /home/vboxuser/ros2_ws/src/realsense-ros/realsense2_camera -DCMAKE_INSTALL_PREFIX=/home/vboxuser/ros2_ws/install/realsense2_camera
[9.096s] Invoking command in '/home/vboxuser/ros2_ws/build/realsense2_camera': AMENT_PREFIX_PATH=/home/vboxuser/ros2_ws/install/realsense2_camera_msgs:${AMENT_PREFIX_PATH} CMAKE_PREFIX_PATH=/home/vboxuser/ros2_ws/install/realsense2_camera_msgs:/home/vboxuser/install/kr_example_cpp:/home/vboxuser/install/kr_msgs:/home/vboxuser/install/kr_example_python:/opt/ros/foxy LD_LIBRARY_PATH=/home/vboxuser/ros2_ws/install/realsense2_camera_msgs/lib:${LD_LIBRARY_PATH} PYTHONPATH=/home/vboxuser/ros2_ws/install/realsense2_camera_msgs/lib/python3.8/site-packages:${PYTHONPATH} /usr/bin/cmake --build /home/vboxuser/ros2_ws/build/realsense2_camera -- -j8 -l8
[9.165s] [  9%] Built target gtest
[9.166s] [ 18%] Built target gtest_main
[9.167s] [ 22%] [32mBuilding CXX object CMakeFiles/realsense2_camera_node.dir/rclcpp_components/node_main_realsense2_camera_node.cpp.o[0m
[9.192s] [ 27%] [32mBuilding CXX object CMakeFiles/gtest_template.dir/test/gtest_template.cpp.o[0m
[9.198s] [ 36%] [32mBuilding CXX object CMakeFiles/realsense2_camera.dir/src/realsense_node_factory.cpp.o[0m
[9.198s] [ 36%] [32mBuilding CXX object CMakeFiles/realsense2_camera.dir/src/base_realsense_node.cpp.o[0m
[9.199s] [ 40%] [32mBuilding CXX object CMakeFiles/realsense2_camera.dir/src/parameters.cpp.o[0m
[9.199s] [ 45%] [32mBuilding CXX object CMakeFiles/realsense2_camera.dir/src/rs_node_setup.cpp.o[0m
[9.200s] [ 50%] [32mBuilding CXX object CMakeFiles/realsense2_camera.dir/src/ros_sensor.cpp.o[0m
[9.209s] [ 54%] [32mBuilding CXX object CMakeFiles/realsense2_camera.dir/src/ros_utils.cpp.o[0m
[10.058s] [ 59%] [32m[1mLinking CXX executable gtest_template[0m
[10.204s] [ 59%] Built target gtest_template
[10.216s] [ 63%] [32mBuilding CXX object CMakeFiles/realsense2_camera.dir/src/dynamic_params.cpp.o[0m
[11.560s] [ 68%] [32m[1mLinking CXX executable realsense2_camera_node[0m
[11.775s] [ 68%] Built target realsense2_camera_node
[11.786s] [ 72%] [32mBuilding CXX object CMakeFiles/realsense2_camera.dir/src/sensor_params.cpp.o[0m
[11.959s] [ 77%] [32mBuilding CXX object CMakeFiles/realsense2_camera.dir/src/named_filter.cpp.o[0m
[16.115s] [ 81%] [32mBuilding CXX object CMakeFiles/realsense2_camera.dir/src/profile_manager.cpp.o[0m
[16.154s] [ 86%] [32mBuilding CXX object CMakeFiles/realsense2_camera.dir/src/image_publisher.cpp.o[0m
[16.633s] [ 90%] [32mBuilding CXX object CMakeFiles/realsense2_camera.dir/src/tfs.cpp.o[0m
[19.243s] [ 95%] [32mBuilding CXX object CMakeFiles/realsense2_camera.dir/src/ros_param_backend.cpp.o[0m
[27.359s] [100%] [32m[1mLinking CXX shared library librealsense2_camera.so[0m
[27.930s] [100%] Built target realsense2_camera
[27.948s] Invoked command in '/home/vboxuser/ros2_ws/build/realsense2_camera' returned '0': AMENT_PREFIX_PATH=/home/vboxuser/ros2_ws/install/realsense2_camera_msgs:${AMENT_PREFIX_PATH} CMAKE_PREFIX_PATH=/home/vboxuser/ros2_ws/install/realsense2_camera_msgs:/home/vboxuser/install/kr_example_cpp:/home/vboxuser/install/kr_msgs:/home/vboxuser/install/kr_example_python:/opt/ros/foxy LD_LIBRARY_PATH=/home/vboxuser/ros2_ws/install/realsense2_camera_msgs/lib:${LD_LIBRARY_PATH} PYTHONPATH=/home/vboxuser/ros2_ws/install/realsense2_camera_msgs/lib/python3.8/site-packages:${PYTHONPATH} /usr/bin/cmake --build /home/vboxuser/ros2_ws/build/realsense2_camera -- -j8 -l8
[28.059s] Invoking command in '/home/vboxuser/ros2_ws/build/realsense2_camera': AMENT_PREFIX_PATH=/home/vboxuser/ros2_ws/install/realsense2_camera_msgs:${AMENT_PREFIX_PATH} CMAKE_PREFIX_PATH=/home/vboxuser/ros2_ws/install/realsense2_camera_msgs:/home/vboxuser/install/kr_example_cpp:/home/vboxuser/install/kr_msgs:/home/vboxuser/install/kr_example_python:/opt/ros/foxy LD_LIBRARY_PATH=/home/vboxuser/ros2_ws/install/realsense2_camera_msgs/lib:${LD_LIBRARY_PATH} PYTHONPATH=/home/vboxuser/ros2_ws/install/realsense2_camera_msgs/lib/python3.8/site-packages:${PYTHONPATH} /usr/bin/cmake --install /home/vboxuser/ros2_ws/build/realsense2_camera
[28.069s] -- Install configuration: "Release"
[28.069s] -- Execute custom install script
[28.070s] -- Up-to-date symlink: /home/vboxuser/ros2_ws/install/realsense2_camera/lib/realsense2_camera/realsense2_camera_node
[28.070s] -- Up-to-date symlink: /home/vboxuser/ros2_ws/install/realsense2_camera/lib/librealsense2_camera.so
[28.071s] -- Up-to-date symlink: /home/vboxuser/ros2_ws/install/realsense2_camera/include/base_realsense_node.h
[28.071s] -- Up-to-date symlink: /home/vboxuser/ros2_ws/install/realsense2_camera/include/constants.h
[28.071s] -- Up-to-date symlink: /home/vboxuser/ros2_ws/install/realsense2_camera/include/dynamic_params.h
[28.072s] -- Up-to-date symlink: /home/vboxuser/ros2_ws/install/realsense2_camera/include/gl_window.h
[28.072s] -- Up-to-date symlink: /home/vboxuser/ros2_ws/install/realsense2_camera/include/image_publisher.h
[28.072s] -- Up-to-date symlink: /home/vboxuser/ros2_ws/install/realsense2_camera/include/named_filter.h
[28.072s] -- Up-to-date symlink: /home/vboxuser/ros2_ws/install/realsense2_camera/include/profile_manager.h
[28.073s] -- Up-to-date symlink: /home/vboxuser/ros2_ws/install/realsense2_camera/include/realsense_node_factory.h
[28.073s] -- Up-to-date symlink: /home/vboxuser/ros2_ws/install/realsense2_camera/include/ros_param_backend.h
[28.073s] -- Up-to-date symlink: /home/vboxuser/ros2_ws/install/realsense2_camera/include/ros_sensor.h
[28.073s] -- Up-to-date symlink: /home/vboxuser/ros2_ws/install/realsense2_camera/include/ros_utils.h
[28.073s] -- Up-to-date symlink: /home/vboxuser/ros2_ws/install/realsense2_camera/include/sensor_params.h
[28.074s] -- Up-to-date symlink: /home/vboxuser/ros2_ws/install/realsense2_camera/share/realsense2_camera/launch/default.rviz
[28.074s] -- Up-to-date symlink: /home/vboxuser/ros2_ws/install/realsense2_camera/share/realsense2_camera/launch/rs_intra_process_demo_launch.py
[28.074s] -- Up-to-date symlink: /home/vboxuser/ros2_ws/install/realsense2_camera/share/realsense2_camera/launch/rs_launch.py
[28.075s] -- Up-to-date symlink: /home/vboxuser/ros2_ws/install/realsense2_camera/share/realsense2_camera/launch/rs_multi_camera_launch.py
[28.075s] -- Up-to-date symlink: /home/vboxuser/ros2_ws/install/realsense2_camera/share/realsense2_camera/examples/align_depth/README.md
[28.075s] -- Up-to-date symlink: /home/vboxuser/ros2_ws/install/realsense2_camera/share/realsense2_camera/examples/align_depth/rs_align_depth_launch.py
[28.076s] -- Up-to-date symlink: /home/vboxuser/ros2_ws/install/realsense2_camera/share/realsense2_camera/examples/dual_camera/README.md
[28.076s] -- Up-to-date symlink: /home/vboxuser/ros2_ws/install/realsense2_camera/share/realsense2_camera/examples/dual_camera/rs_dual_camera_launch.py
[28.076s] -- Up-to-date symlink: /home/vboxuser/ros2_ws/install/realsense2_camera/share/realsense2_camera/examples/dual_camera/rviz/dual_camera_pointcloud.rviz
[28.077s] -- Up-to-date symlink: /home/vboxuser/ros2_ws/install/realsense2_camera/share/realsense2_camera/examples/launch_from_rosbag/README.md
[28.077s] -- Up-to-date symlink: /home/vboxuser/ros2_ws/install/realsense2_camera/share/realsense2_camera/examples/launch_from_rosbag/rs_launch_from_rosbag.py
[28.077s] -- Up-to-date symlink: /home/vboxuser/ros2_ws/install/realsense2_camera/share/realsense2_camera/examples/launch_params_from_file/README.md
[28.077s] -- Up-to-date symlink: /home/vboxuser/ros2_ws/install/realsense2_camera/share/realsense2_camera/examples/launch_params_from_file/config/config.yaml
[28.078s] -- Up-to-date symlink: /home/vboxuser/ros2_ws/install/realsense2_camera/share/realsense2_camera/examples/launch_params_from_file/rs_launch_get_params_from_yaml.py
[28.078s] -- Up-to-date symlink: /home/vboxuser/ros2_ws/install/realsense2_camera/share/realsense2_camera/examples/pointcloud/README.md
[28.078s] -- Up-to-date symlink: /home/vboxuser/ros2_ws/install/realsense2_camera/share/realsense2_camera/examples/pointcloud/rs_d405_pointcloud_launch.py
[28.078s] -- Up-to-date symlink: /home/vboxuser/ros2_ws/install/realsense2_camera/share/realsense2_camera/examples/pointcloud/rs_d455_pointcloud_launch.py
[28.078s] -- Up-to-date symlink: /home/vboxuser/ros2_ws/install/realsense2_camera/share/realsense2_camera/examples/pointcloud/rs_pointcloud_launch.py
[28.079s] -- Up-to-date symlink: /home/vboxuser/ros2_ws/install/realsense2_camera/share/realsense2_camera/examples/pointcloud/rviz/pointcloud.rviz
[28.079s] -- Up-to-date symlink: /home/vboxuser/ros2_ws/install/realsense2_camera/share/realsense2_camera/examples/pointcloud/rviz/urdf_pointcloud.rviz
[28.079s] -- Up-to-date symlink: /home/vboxuser/ros2_ws/install/realsense2_camera/share/realsense2_camera/environment/library_path.sh
[28.080s] -- Up-to-date symlink: /home/vboxuser/ros2_ws/install/realsense2_camera/share/realsense2_camera/environment/library_path.dsv
[28.080s] -- Up-to-date symlink: /home/vboxuser/ros2_ws/install/realsense2_camera/share/ament_index/resource_index/package_run_dependencies/realsense2_camera
[28.080s] -- Up-to-date symlink: /home/vboxuser/ros2_ws/install/realsense2_camera/share/ament_index/resource_index/parent_prefix_path/realsense2_camera
[28.080s] -- Up-to-date symlink: /home/vboxuser/ros2_ws/install/realsense2_camera/share/realsense2_camera/environment/ament_prefix_path.sh
[28.081s] -- Up-to-date symlink: /home/vboxuser/ros2_ws/install/realsense2_camera/share/realsense2_camera/environment/ament_prefix_path.dsv
[28.082s] -- Up-to-date symlink: /home/vboxuser/ros2_ws/install/realsense2_camera/share/realsense2_camera/environment/path.sh
[28.082s] -- Up-to-date symlink: /home/vboxuser/ros2_ws/install/realsense2_camera/share/realsense2_camera/environment/path.dsv
[28.082s] -- Up-to-date symlink: /home/vboxuser/ros2_ws/install/realsense2_camera/share/realsense2_camera/local_setup.bash
[28.083s] -- Up-to-date symlink: /home/vboxuser/ros2_ws/install/realsense2_camera/share/realsense2_camera/local_setup.sh
[28.083s] -- Up-to-date symlink: /home/vboxuser/ros2_ws/install/realsense2_camera/share/realsense2_camera/local_setup.zsh
[28.084s] -- Up-to-date symlink: /home/vboxuser/ros2_ws/install/realsense2_camera/share/realsense2_camera/local_setup.dsv
[28.084s] -- Symlinking: /home/vboxuser/ros2_ws/install/realsense2_camera/share/realsense2_camera/package.dsv
[28.096s] -- Up-to-date symlink: /home/vboxuser/ros2_ws/install/realsense2_camera/share/ament_index/resource_index/packages/realsense2_camera
[28.097s] -- Up-to-date symlink: /home/vboxuser/ros2_ws/install/realsense2_camera/share/ament_index/resource_index/rclcpp_components/realsense2_camera
[28.097s] -- Up-to-date symlink: /home/vboxuser/ros2_ws/install/realsense2_camera/share/realsense2_camera/cmake/ament_cmake_export_include_directories-extras.cmake
[28.097s] -- Up-to-date symlink: /home/vboxuser/ros2_ws/install/realsense2_camera/share/realsense2_camera/cmake/ament_cmake_export_libraries-extras.cmake
[28.097s] -- Up-to-date symlink: /home/vboxuser/ros2_ws/install/realsense2_camera/share/realsense2_camera/cmake/ament_cmake_export_dependencies-extras.cmake
[28.098s] -- Up-to-date symlink: /home/vboxuser/ros2_ws/install/realsense2_camera/share/realsense2_camera/cmake/realsense2_cameraConfig.cmake
[28.098s] -- Up-to-date symlink: /home/vboxuser/ros2_ws/install/realsense2_camera/share/realsense2_camera/cmake/realsense2_cameraConfig-version.cmake
[28.098s] -- Up-to-date symlink: /home/vboxuser/ros2_ws/install/realsense2_camera/share/realsense2_camera/package.xml
[28.102s] Invoked command in '/home/vboxuser/ros2_ws/build/realsense2_camera' returned '0': AMENT_PREFIX_PATH=/home/vboxuser/ros2_ws/install/realsense2_camera_msgs:${AMENT_PREFIX_PATH} CMAKE_PREFIX_PATH=/home/vboxuser/ros2_ws/install/realsense2_camera_msgs:/home/vboxuser/install/kr_example_cpp:/home/vboxuser/install/kr_msgs:/home/vboxuser/install/kr_example_python:/opt/ros/foxy LD_LIBRARY_PATH=/home/vboxuser/ros2_ws/install/realsense2_camera_msgs/lib:${LD_LIBRARY_PATH} PYTHONPATH=/home/vboxuser/ros2_ws/install/realsense2_camera_msgs/lib/python3.8/site-packages:${PYTHONPATH} /usr/bin/cmake --install /home/vboxuser/ros2_ws/build/realsense2_camera
