[1.095s] Invoking command in '/home/vboxuser/ros2_ws/build/bt_pkg': PYTHONPATH=/home/vboxuser/ros2_ws/build/bt_pkg/prefix_override:/usr/lib/python3/dist-packages/colcon_core/task/python/colcon_distutils_commands:/home/vboxuser/ros2_ws/install/bt_pkg/lib/python3.8/site-packages:${PYTHONPATH} /usr/bin/python3 -W ignore:setup.py install is deprecated setup.py develop --editable --build-directory /home/vboxuser/ros2_ws/build/bt_pkg/build --no-deps symlink_data
[1.365s] running develop
[1.577s] running egg_info
[1.578s] creating bt_pkg.egg-info
[1.578s] writing bt_pkg.egg-info/PKG-INFO
[1.578s] writing dependency_links to bt_pkg.egg-info/dependency_links.txt
[1.579s] writing entry points to bt_pkg.egg-info/entry_points.txt
[1.579s] writing requirements to bt_pkg.egg-info/requires.txt
[1.579s] writing top-level names to bt_pkg.egg-info/top_level.txt
[1.583s] writing manifest file 'bt_pkg.egg-info/SOURCES.txt'
[1.611s] reading manifest file 'bt_pkg.egg-info/SOURCES.txt'
[1.612s] writing manifest file 'bt_pkg.egg-info/SOURCES.txt'
[1.645s] running build_ext
[1.654s] Creating /home/vboxuser/ros2_ws/install/bt_pkg/lib/python3.8/site-packages/site.py
[1.656s] Creating /home/vboxuser/ros2_ws/install/bt_pkg/lib/python3.8/site-packages/bt-pkg.egg-link (link to .)
[1.657s] Installing bt_example_tree script to /home/vboxuser/ros2_ws/install/bt_pkg/lib/bt_pkg
[1.657s] Installing bt_scan_hookstrip script to /home/vboxuser/ros2_ws/install/bt_pkg/lib/bt_pkg
[1.659s] 
[1.659s] Installed /home/vboxuser/ros2_ws/build/bt_pkg
[1.659s] running symlink_data
[1.660s] creating /home/vboxuser/ros2_ws/install/bt_pkg/share/ament_index
[1.660s] creating /home/vboxuser/ros2_ws/install/bt_pkg/share/ament_index/resource_index
[1.660s] creating /home/vboxuser/ros2_ws/install/bt_pkg/share/ament_index/resource_index/packages
[1.661s] symbolically linking /home/vboxuser/ros2_ws/build/bt_pkg/resource/bt_pkg -> /home/vboxuser/ros2_ws/install/bt_pkg/share/ament_index/resource_index/packages
[1.661s] symbolically linking /home/vboxuser/ros2_ws/build/bt_pkg/package.xml -> /home/vboxuser/ros2_ws/install/bt_pkg/share/bt_pkg
[1.730s] Invoked command in '/home/vboxuser/ros2_ws/build/bt_pkg' returned '0': PYTHONPATH=/home/vboxuser/ros2_ws/build/bt_pkg/prefix_override:/usr/lib/python3/dist-packages/colcon_core/task/python/colcon_distutils_commands:/home/vboxuser/ros2_ws/install/bt_pkg/lib/python3.8/site-packages:${PYTHONPATH} /usr/bin/python3 -W ignore:setup.py install is deprecated setup.py develop --editable --build-directory /home/vboxuser/ros2_ws/build/bt_pkg/build --no-deps symlink_data
