[0.032s] Invoking command in '/home/vboxuser/ros2_ws/build/realsense2_camera': CMAKE_PREFIX_PATH=/home/vboxuser/ros2_ws/install/realsense2_camera_msgs:/home/vboxuser/ros2_ws/install/kr_example_cpp:/home/vboxuser/ros2_ws/install/kr_msgs:/home/vboxuser/ros2_ws/install/realsense2_description:/home/vboxuser/ros2_ws/install/realsense2_camera:/home/vboxuser/install/kr_example_cpp:/home/vboxuser/install/kr_msgs:/home/vboxuser/ros2_ws/install/vision:/home/vboxuser/ros2_ws/install/kr_example_python:/home/vboxuser/install/kr_example_python:/opt/ros/foxy LD_LIBRARY_PATH=/home/vboxuser/ros2_ws/install/realsense2_camera_msgs/lib:/home/vboxuser/ros2_ws/install/kr_msgs/lib:/home/vboxuser/ros2_ws/install/realsense2_camera/lib:/home/vboxuser/install/kr_msgs/lib:/opt/ros/foxy/opt/yaml_cpp_vendor/lib:/opt/ros/foxy/opt/rviz_ogre_vendor/lib:/opt/ros/foxy/lib/x86_64-linux-gnu:/opt/ros/foxy/lib PYTHONPATH=/home/vboxuser/ros2_ws/install/realsense2_camera_msgs/lib/python3.8/site-packages:/home/vboxuser/ros2_ws/build/vision:/home/vboxuser/ros2_ws/install/vision/lib/python3.8/site-packages:/home/vboxuser/ros2_ws/build/kr_example_python:/home/vboxuser/ros2_ws/install/kr_example_python/lib/python3.8/site-packages:/home/vboxuser/ros2_ws/install/kr_msgs/lib/python3.8/site-packages:/home/vboxuser/install/kr_example_python/lib/python3.8/site-packages:/home/vboxuser/install/kr_msgs/lib/python3.8/site-packages:/opt/ros/foxy/lib/python3.8/site-packages /usr/bin/cmake /home/vboxuser/ros2_ws/src/realsense-ros/realsense2_camera -DCMAKE_INSTALL_PREFIX=/home/vboxuser/ros2_ws/install/realsense2_camera
[0.066s] -- Create Release Build.
[0.067s] -- Found ament_cmake: 0.9.12 (/opt/ros/foxy/share/ament_cmake/cmake)
[0.086s] -- Using PYTHON_EXECUTABLE: /usr/bin/python3
[0.283s] -- Override CMake install command with custom implementation using symlinks instead of copying resources
[0.290s] -- Found builtin_interfaces: 1.0.0 (/opt/ros/foxy/share/builtin_interfaces/cmake)
[0.312s] -- Using all available rosidl_typesupport_c: rosidl_typesupport_fastrtps_c;rosidl_typesupport_introspection_c
[0.315s] -- Found rosidl_adapter: 1.3.1 (/opt/ros/foxy/share/rosidl_adapter/cmake)
[0.479s] -- Using all available rosidl_typesupport_cpp: rosidl_typesupport_fastrtps_cpp;rosidl_typesupport_introspection_cpp
[0.500s] -- Found cv_bridge: 3.0.7 (/opt/ros/foxy/share/cv_bridge/cmake)
[0.681s] -- Found image_transport: 2.4.0 (/opt/ros/foxy/share/image_transport/cmake)
[0.716s] -- Found rmw_implementation_cmake: 1.0.4 (/opt/ros/foxy/share/rmw_implementation_cmake/cmake)
[0.724s] -- Using RMW implementation 'rmw_fastrtps_cpp' as default
[0.896s] -- Found rclcpp_components: 2.4.3 (/opt/ros/foxy/share/rclcpp_components/cmake)
[0.942s] -- Found realsense2_camera_msgs: 4.55.1 (/home/vboxuser/ros2_ws/install/realsense2_camera_msgs/share/realsense2_camera_msgs/cmake)
[1.066s] -- Found nav_msgs: 2.0.5 (/opt/ros/foxy/share/nav_msgs/cmake)
[1.135s] -- Found tf2_ros: 0.13.14 (/opt/ros/foxy/share/tf2_ros/cmake)
[1.404s] -- Found diagnostic_updater: 3.1.2 (/opt/ros/foxy/share/diagnostic_updater/cmake)
[1.460s] -- Build for ROS2 Foxy
[1.494s] -- Found ament_cmake_gtest: 0.9.12 (/opt/ros/foxy/share/ament_cmake_gtest/cmake)
[1.494s] -- Found gtest sources under '/opt/ros/foxy/src/gtest_vendor': C++ tests using 'Google Test' will be built
[1.499s] -- Found ament_cmake_pytest: 0.9.12 (/opt/ros/foxy/share/ament_cmake_pytest/cmake)
[7.269s] -- rs_device_info:
[7.269s] -- Device Name                   Serial Number       Firmware Version
[7.269s] Intel RealSense D435          837212070596        5.16.0.1
[7.269s] 
[7.269s] -- D455 device found
[11.890s] -- Configuring done
[11.950s] -- Generating done
[11.964s] -- Build files have been written to: /home/vboxuser/ros2_ws/build/realsense2_camera
[11.978s] Invoked command in '/home/vboxuser/ros2_ws/build/realsense2_camera' returned '0': CMAKE_PREFIX_PATH=/home/vboxuser/ros2_ws/install/realsense2_camera_msgs:/home/vboxuser/ros2_ws/install/kr_example_cpp:/home/vboxuser/ros2_ws/install/kr_msgs:/home/vboxuser/ros2_ws/install/realsense2_description:/home/vboxuser/ros2_ws/install/realsense2_camera:/home/vboxuser/install/kr_example_cpp:/home/vboxuser/install/kr_msgs:/home/vboxuser/ros2_ws/install/vision:/home/vboxuser/ros2_ws/install/kr_example_python:/home/vboxuser/install/kr_example_python:/opt/ros/foxy LD_LIBRARY_PATH=/home/vboxuser/ros2_ws/install/realsense2_camera_msgs/lib:/home/vboxuser/ros2_ws/install/kr_msgs/lib:/home/vboxuser/ros2_ws/install/realsense2_camera/lib:/home/vboxuser/install/kr_msgs/lib:/opt/ros/foxy/opt/yaml_cpp_vendor/lib:/opt/ros/foxy/opt/rviz_ogre_vendor/lib:/opt/ros/foxy/lib/x86_64-linux-gnu:/opt/ros/foxy/lib PYTHONPATH=/home/vboxuser/ros2_ws/install/realsense2_camera_msgs/lib/python3.8/site-packages:/home/vboxuser/ros2_ws/build/vision:/home/vboxuser/ros2_ws/install/vision/lib/python3.8/site-packages:/home/vboxuser/ros2_ws/build/kr_example_python:/home/vboxuser/ros2_ws/install/kr_example_python/lib/python3.8/site-packages:/home/vboxuser/ros2_ws/install/kr_msgs/lib/python3.8/site-packages:/home/vboxuser/install/kr_example_python/lib/python3.8/site-packages:/home/vboxuser/install/kr_msgs/lib/python3.8/site-packages:/opt/ros/foxy/lib/python3.8/site-packages /usr/bin/cmake /home/vboxuser/ros2_ws/src/realsense-ros/realsense2_camera -DCMAKE_INSTALL_PREFIX=/home/vboxuser/ros2_ws/install/realsense2_camera
[11.979s] Invoking command in '/home/vboxuser/ros2_ws/build/realsense2_camera': CMAKE_PREFIX_PATH=/home/vboxuser/ros2_ws/install/realsense2_camera_msgs:/home/vboxuser/ros2_ws/install/kr_example_cpp:/home/vboxuser/ros2_ws/install/kr_msgs:/home/vboxuser/ros2_ws/install/realsense2_description:/home/vboxuser/ros2_ws/install/realsense2_camera:/home/vboxuser/install/kr_example_cpp:/home/vboxuser/install/kr_msgs:/home/vboxuser/ros2_ws/install/vision:/home/vboxuser/ros2_ws/install/kr_example_python:/home/vboxuser/install/kr_example_python:/opt/ros/foxy LD_LIBRARY_PATH=/home/vboxuser/ros2_ws/install/realsense2_camera_msgs/lib:/home/vboxuser/ros2_ws/install/kr_msgs/lib:/home/vboxuser/ros2_ws/install/realsense2_camera/lib:/home/vboxuser/install/kr_msgs/lib:/opt/ros/foxy/opt/yaml_cpp_vendor/lib:/opt/ros/foxy/opt/rviz_ogre_vendor/lib:/opt/ros/foxy/lib/x86_64-linux-gnu:/opt/ros/foxy/lib PYTHONPATH=/home/vboxuser/ros2_ws/install/realsense2_camera_msgs/lib/python3.8/site-packages:/home/vboxuser/ros2_ws/build/vision:/home/vboxuser/ros2_ws/install/vision/lib/python3.8/site-packages:/home/vboxuser/ros2_ws/build/kr_example_python:/home/vboxuser/ros2_ws/install/kr_example_python/lib/python3.8/site-packages:/home/vboxuser/ros2_ws/install/kr_msgs/lib/python3.8/site-packages:/home/vboxuser/install/kr_example_python/lib/python3.8/site-packages:/home/vboxuser/install/kr_msgs/lib/python3.8/site-packages:/opt/ros/foxy/lib/python3.8/site-packages /usr/bin/cmake --build /home/vboxuser/ros2_ws/build/realsense2_camera -- -j8 -l8
[12.058s] [  9%] Built target gtest
[12.058s] [ 18%] Built target gtest_main
[12.074s] [ 27%] Built target realsense2_camera_node
[12.090s] [ 36%] Built target gtest_template
[12.099s] [100%] Built target realsense2_camera
[12.121s] Invoked command in '/home/vboxuser/ros2_ws/build/realsense2_camera' returned '0': CMAKE_PREFIX_PATH=/home/vboxuser/ros2_ws/install/realsense2_camera_msgs:/home/vboxuser/ros2_ws/install/kr_example_cpp:/home/vboxuser/ros2_ws/install/kr_msgs:/home/vboxuser/ros2_ws/install/realsense2_description:/home/vboxuser/ros2_ws/install/realsense2_camera:/home/vboxuser/install/kr_example_cpp:/home/vboxuser/install/kr_msgs:/home/vboxuser/ros2_ws/install/vision:/home/vboxuser/ros2_ws/install/kr_example_python:/home/vboxuser/install/kr_example_python:/opt/ros/foxy LD_LIBRARY_PATH=/home/vboxuser/ros2_ws/install/realsense2_camera_msgs/lib:/home/vboxuser/ros2_ws/install/kr_msgs/lib:/home/vboxuser/ros2_ws/install/realsense2_camera/lib:/home/vboxuser/install/kr_msgs/lib:/opt/ros/foxy/opt/yaml_cpp_vendor/lib:/opt/ros/foxy/opt/rviz_ogre_vendor/lib:/opt/ros/foxy/lib/x86_64-linux-gnu:/opt/ros/foxy/lib PYTHONPATH=/home/vboxuser/ros2_ws/install/realsense2_camera_msgs/lib/python3.8/site-packages:/home/vboxuser/ros2_ws/build/vision:/home/vboxuser/ros2_ws/install/vision/lib/python3.8/site-packages:/home/vboxuser/ros2_ws/build/kr_example_python:/home/vboxuser/ros2_ws/install/kr_example_python/lib/python3.8/site-packages:/home/vboxuser/ros2_ws/install/kr_msgs/lib/python3.8/site-packages:/home/vboxuser/install/kr_example_python/lib/python3.8/site-packages:/home/vboxuser/install/kr_msgs/lib/python3.8/site-packages:/opt/ros/foxy/lib/python3.8/site-packages /usr/bin/cmake --build /home/vboxuser/ros2_ws/build/realsense2_camera -- -j8 -l8
[12.259s] Invoking command in '/home/vboxuser/ros2_ws/build/realsense2_camera': CMAKE_PREFIX_PATH=/home/vboxuser/ros2_ws/install/realsense2_camera_msgs:/home/vboxuser/ros2_ws/install/kr_example_cpp:/home/vboxuser/ros2_ws/install/kr_msgs:/home/vboxuser/ros2_ws/install/realsense2_description:/home/vboxuser/ros2_ws/install/realsense2_camera:/home/vboxuser/install/kr_example_cpp:/home/vboxuser/install/kr_msgs:/home/vboxuser/ros2_ws/install/vision:/home/vboxuser/ros2_ws/install/kr_example_python:/home/vboxuser/install/kr_example_python:/opt/ros/foxy LD_LIBRARY_PATH=/home/vboxuser/ros2_ws/install/realsense2_camera_msgs/lib:/home/vboxuser/ros2_ws/install/kr_msgs/lib:/home/vboxuser/ros2_ws/install/realsense2_camera/lib:/home/vboxuser/install/kr_msgs/lib:/opt/ros/foxy/opt/yaml_cpp_vendor/lib:/opt/ros/foxy/opt/rviz_ogre_vendor/lib:/opt/ros/foxy/lib/x86_64-linux-gnu:/opt/ros/foxy/lib PYTHONPATH=/home/vboxuser/ros2_ws/install/realsense2_camera_msgs/lib/python3.8/site-packages:/home/vboxuser/ros2_ws/build/vision:/home/vboxuser/ros2_ws/install/vision/lib/python3.8/site-packages:/home/vboxuser/ros2_ws/build/kr_example_python:/home/vboxuser/ros2_ws/install/kr_example_python/lib/python3.8/site-packages:/home/vboxuser/ros2_ws/install/kr_msgs/lib/python3.8/site-packages:/home/vboxuser/install/kr_example_python/lib/python3.8/site-packages:/home/vboxuser/install/kr_msgs/lib/python3.8/site-packages:/opt/ros/foxy/lib/python3.8/site-packages /usr/bin/cmake --install /home/vboxuser/ros2_ws/build/realsense2_camera
[12.271s] -- Install configuration: "Release"
[12.271s] -- Execute custom install script
[12.272s] -- Up-to-date symlink: /home/vboxuser/ros2_ws/install/realsense2_camera/lib/realsense2_camera/realsense2_camera_node
[12.272s] -- Up-to-date symlink: /home/vboxuser/ros2_ws/install/realsense2_camera/lib/librealsense2_camera.so
[12.276s] -- Up-to-date symlink: /home/vboxuser/ros2_ws/install/realsense2_camera/include/base_realsense_node.h
[12.276s] -- Up-to-date symlink: /home/vboxuser/ros2_ws/install/realsense2_camera/include/constants.h
[12.276s] -- Up-to-date symlink: /home/vboxuser/ros2_ws/install/realsense2_camera/include/dynamic_params.h
[12.277s] -- Up-to-date symlink: /home/vboxuser/ros2_ws/install/realsense2_camera/include/gl_window.h
[12.280s] -- Up-to-date symlink: /home/vboxuser/ros2_ws/install/realsense2_camera/include/image_publisher.h
[12.280s] -- Up-to-date symlink: /home/vboxuser/ros2_ws/install/realsense2_camera/include/named_filter.h
[12.284s] -- Up-to-date symlink: /home/vboxuser/ros2_ws/install/realsense2_camera/include/profile_manager.h
[12.285s] -- Up-to-date symlink: /home/vboxuser/ros2_ws/install/realsense2_camera/include/realsense_node_factory.h
[12.285s] -- Up-to-date symlink: /home/vboxuser/ros2_ws/install/realsense2_camera/include/ros_param_backend.h
[12.287s] -- Up-to-date symlink: /home/vboxuser/ros2_ws/install/realsense2_camera/include/ros_sensor.h
[12.287s] -- Up-to-date symlink: /home/vboxuser/ros2_ws/install/realsense2_camera/include/ros_utils.h
[12.289s] -- Up-to-date symlink: /home/vboxuser/ros2_ws/install/realsense2_camera/include/sensor_params.h
[12.290s] -- Up-to-date symlink: /home/vboxuser/ros2_ws/install/realsense2_camera/share/realsense2_camera/launch/default.rviz
[12.291s] -- Up-to-date symlink: /home/vboxuser/ros2_ws/install/realsense2_camera/share/realsense2_camera/launch/rs_intra_process_demo_launch.py
[12.291s] -- Up-to-date symlink: /home/vboxuser/ros2_ws/install/realsense2_camera/share/realsense2_camera/launch/rs_launch.py
[12.291s] -- Up-to-date symlink: /home/vboxuser/ros2_ws/install/realsense2_camera/share/realsense2_camera/launch/rs_multi_camera_launch.py
[12.292s] -- Up-to-date symlink: /home/vboxuser/ros2_ws/install/realsense2_camera/share/realsense2_camera/examples/align_depth/README.md
[12.292s] -- Up-to-date symlink: /home/vboxuser/ros2_ws/install/realsense2_camera/share/realsense2_camera/examples/align_depth/rs_align_depth_launch.py
[12.292s] -- Up-to-date symlink: /home/vboxuser/ros2_ws/install/realsense2_camera/share/realsense2_camera/examples/dual_camera/README.md
[12.293s] -- Up-to-date symlink: /home/vboxuser/ros2_ws/install/realsense2_camera/share/realsense2_camera/examples/dual_camera/rs_dual_camera_launch.py
[12.293s] -- Up-to-date symlink: /home/vboxuser/ros2_ws/install/realsense2_camera/share/realsense2_camera/examples/dual_camera/rviz/dual_camera_pointcloud.rviz
[12.293s] -- Up-to-date symlink: /home/vboxuser/ros2_ws/install/realsense2_camera/share/realsense2_camera/examples/launch_from_rosbag/README.md
[12.293s] -- Up-to-date symlink: /home/vboxuser/ros2_ws/install/realsense2_camera/share/realsense2_camera/examples/launch_from_rosbag/rs_launch_from_rosbag.py
[12.294s] -- Up-to-date symlink: /home/vboxuser/ros2_ws/install/realsense2_camera/share/realsense2_camera/examples/launch_params_from_file/README.md
[12.294s] -- Up-to-date symlink: /home/vboxuser/ros2_ws/install/realsense2_camera/share/realsense2_camera/examples/launch_params_from_file/config/config.yaml
[12.294s] -- Up-to-date symlink: /home/vboxuser/ros2_ws/install/realsense2_camera/share/realsense2_camera/examples/launch_params_from_file/rs_launch_get_params_from_yaml.py
[12.294s] -- Up-to-date symlink: /home/vboxuser/ros2_ws/install/realsense2_camera/share/realsense2_camera/examples/pointcloud/README.md
[12.296s] -- Up-to-date symlink: /home/vboxuser/ros2_ws/install/realsense2_camera/share/realsense2_camera/examples/pointcloud/rs_d405_pointcloud_launch.py
[12.296s] -- Up-to-date symlink: /home/vboxuser/ros2_ws/install/realsense2_camera/share/realsense2_camera/examples/pointcloud/rs_d455_pointcloud_launch.py
[12.296s] -- Up-to-date symlink: /home/vboxuser/ros2_ws/install/realsense2_camera/share/realsense2_camera/examples/pointcloud/rs_pointcloud_launch.py
[12.296s] -- Up-to-date symlink: /home/vboxuser/ros2_ws/install/realsense2_camera/share/realsense2_camera/examples/pointcloud/rviz/pointcloud.rviz
[12.297s] -- Up-to-date symlink: /home/vboxuser/ros2_ws/install/realsense2_camera/share/realsense2_camera/examples/pointcloud/rviz/urdf_pointcloud.rviz
[12.299s] -- Up-to-date symlink: /home/vboxuser/ros2_ws/install/realsense2_camera/share/realsense2_camera/environment/library_path.sh
[12.299s] -- Up-to-date symlink: /home/vboxuser/ros2_ws/install/realsense2_camera/share/realsense2_camera/environment/library_path.dsv
[12.300s] -- Up-to-date symlink: /home/vboxuser/ros2_ws/install/realsense2_camera/share/ament_index/resource_index/package_run_dependencies/realsense2_camera
[12.300s] -- Up-to-date symlink: /home/vboxuser/ros2_ws/install/realsense2_camera/share/ament_index/resource_index/parent_prefix_path/realsense2_camera
[12.301s] -- Up-to-date symlink: /home/vboxuser/ros2_ws/install/realsense2_camera/share/realsense2_camera/environment/ament_prefix_path.sh
[12.302s] -- Up-to-date symlink: /home/vboxuser/ros2_ws/install/realsense2_camera/share/realsense2_camera/environment/ament_prefix_path.dsv
[12.305s] -- Up-to-date symlink: /home/vboxuser/ros2_ws/install/realsense2_camera/share/realsense2_camera/environment/path.sh
[12.305s] -- Up-to-date symlink: /home/vboxuser/ros2_ws/install/realsense2_camera/share/realsense2_camera/environment/path.dsv
[12.311s] -- Up-to-date symlink: /home/vboxuser/ros2_ws/install/realsense2_camera/share/realsense2_camera/local_setup.bash
[12.311s] -- Up-to-date symlink: /home/vboxuser/ros2_ws/install/realsense2_camera/share/realsense2_camera/local_setup.sh
[12.311s] -- Up-to-date symlink: /home/vboxuser/ros2_ws/install/realsense2_camera/share/realsense2_camera/local_setup.zsh
[12.311s] -- Up-to-date symlink: /home/vboxuser/ros2_ws/install/realsense2_camera/share/realsense2_camera/local_setup.dsv
[12.313s] -- Symlinking: /home/vboxuser/ros2_ws/install/realsense2_camera/share/realsense2_camera/package.dsv
[12.326s] -- Up-to-date symlink: /home/vboxuser/ros2_ws/install/realsense2_camera/share/ament_index/resource_index/packages/realsense2_camera
[12.326s] -- Up-to-date symlink: /home/vboxuser/ros2_ws/install/realsense2_camera/share/ament_index/resource_index/rclcpp_components/realsense2_camera
[12.326s] -- Up-to-date symlink: /home/vboxuser/ros2_ws/install/realsense2_camera/share/realsense2_camera/cmake/ament_cmake_export_include_directories-extras.cmake
[12.326s] -- Up-to-date symlink: /home/vboxuser/ros2_ws/install/realsense2_camera/share/realsense2_camera/cmake/ament_cmake_export_libraries-extras.cmake
[12.327s] -- Up-to-date symlink: /home/vboxuser/ros2_ws/install/realsense2_camera/share/realsense2_camera/cmake/ament_cmake_export_dependencies-extras.cmake
[12.327s] -- Up-to-date symlink: /home/vboxuser/ros2_ws/install/realsense2_camera/share/realsense2_camera/cmake/realsense2_cameraConfig.cmake
[12.327s] -- Up-to-date symlink: /home/vboxuser/ros2_ws/install/realsense2_camera/share/realsense2_camera/cmake/realsense2_cameraConfig-version.cmake
[12.328s] -- Up-to-date symlink: /home/vboxuser/ros2_ws/install/realsense2_camera/share/realsense2_camera/package.xml
[12.332s] Invoked command in '/home/vboxuser/ros2_ws/build/realsense2_camera' returned '0': CMAKE_PREFIX_PATH=/home/vboxuser/ros2_ws/install/realsense2_camera_msgs:/home/vboxuser/ros2_ws/install/kr_example_cpp:/home/vboxuser/ros2_ws/install/kr_msgs:/home/vboxuser/ros2_ws/install/realsense2_description:/home/vboxuser/ros2_ws/install/realsense2_camera:/home/vboxuser/install/kr_example_cpp:/home/vboxuser/install/kr_msgs:/home/vboxuser/ros2_ws/install/vision:/home/vboxuser/ros2_ws/install/kr_example_python:/home/vboxuser/install/kr_example_python:/opt/ros/foxy LD_LIBRARY_PATH=/home/vboxuser/ros2_ws/install/realsense2_camera_msgs/lib:/home/vboxuser/ros2_ws/install/kr_msgs/lib:/home/vboxuser/ros2_ws/install/realsense2_camera/lib:/home/vboxuser/install/kr_msgs/lib:/opt/ros/foxy/opt/yaml_cpp_vendor/lib:/opt/ros/foxy/opt/rviz_ogre_vendor/lib:/opt/ros/foxy/lib/x86_64-linux-gnu:/opt/ros/foxy/lib PYTHONPATH=/home/vboxuser/ros2_ws/install/realsense2_camera_msgs/lib/python3.8/site-packages:/home/vboxuser/ros2_ws/build/vision:/home/vboxuser/ros2_ws/install/vision/lib/python3.8/site-packages:/home/vboxuser/ros2_ws/build/kr_example_python:/home/vboxuser/ros2_ws/install/kr_example_python/lib/python3.8/site-packages:/home/vboxuser/ros2_ws/install/kr_msgs/lib/python3.8/site-packages:/home/vboxuser/install/kr_example_python/lib/python3.8/site-packages:/home/vboxuser/install/kr_msgs/lib/python3.8/site-packages:/opt/ros/foxy/lib/python3.8/site-packages /usr/bin/cmake --install /home/vboxuser/ros2_ws/build/realsense2_camera
