[1.552s] Invoking command in '/home/mo/Thesis/src/action_servers': CMAKE_PREFIX_PATH=/home/mo/Thesis/install/action_interfaces:/home/mo/Thesis/install/kr_example_cpp:/home/mo/Thesis/install/kr_msgs LD_LIBRARY_PATH=/home/mo/Thesis/install/action_interfaces/lib:/home/mo/Thesis/install/kr_msgs/lib:/opt/ros/foxy/opt/yaml_cpp_vendor/lib:/opt/ros/foxy/opt/rviz_ogre_vendor/lib:/opt/ros/foxy/lib/x86_64-linux-gnu:/opt/ros/foxy/lib PYTHONPATH=/home/mo/Thesis/build/action_servers/prefix_override:/usr/lib/python3/dist-packages/colcon_core/task/python/colcon_distutils_commands:/home/mo/Thesis/install/action_servers/lib/python3.8/site-packages:/home/mo/Thesis/install/action_interfaces/lib/python3.8/site-packages:/home/mo/Thesis/install/vision/lib/python3.8/site-packages:/home/mo/Thesis/install/vcnanoz/lib/python3.8/site-packages:/home/mo/Thesis/install/sensopart_visor/lib/python3.8/site-packages:/home/mo/Thesis/install/robot_control/lib/python3.8/site-packages:/home/mo/Thesis/install/kr_example_python/lib/python3.8/site-packages:/home/mo/Thesis/install/kr_msgs/lib/python3.8/site-packages:/home/mo/Thesis/install/action_servers/lib/python3.8/site-packages:/opt/ros/foxy/lib/python3.8/site-packages /usr/bin/python3 -W ignore:setup.py install is deprecated -W ignore:easy_install command is deprecated setup.py egg_info --egg-base ../../build/action_servers build --build-base /home/mo/Thesis/build/action_servers/build install --record /home/mo/Thesis/build/action_servers/install.log --single-version-externally-managed install_data
[1.866s] running egg_info
[1.883s] writing ../../build/action_servers/action_servers.egg-info/PKG-INFO
[1.884s] writing dependency_links to ../../build/action_servers/action_servers.egg-info/dependency_links.txt
[1.884s] writing entry points to ../../build/action_servers/action_servers.egg-info/entry_points.txt
[1.884s] writing requirements to ../../build/action_servers/action_servers.egg-info/requires.txt
[1.884s] writing top-level names to ../../build/action_servers/action_servers.egg-info/top_level.txt
[2.026s] reading manifest file '../../build/action_servers/action_servers.egg-info/SOURCES.txt'
[2.027s] writing manifest file '../../build/action_servers/action_servers.egg-info/SOURCES.txt'
[2.027s] running build
[2.028s] running build_py
[2.028s] copying action_servers/transform_action_server.py -> /home/mo/Thesis/build/action_servers/build/lib/action_servers
[2.028s] copying action_servers/MoveTcpAlongAxis_action_server.py -> /home/mo/Thesis/build/action_servers/build/lib/action_servers
[2.028s] copying action_servers/__init__.py -> /home/mo/Thesis/build/action_servers/build/lib/action_servers
[2.028s] running install
[2.032s] running install_lib
[2.053s] running install_data
[2.053s] copying resource/action_servers -> /home/mo/Thesis/install/action_servers/share/ament_index/resource_index/packages
[2.053s] copying package.xml -> /home/mo/Thesis/install/action_servers/share/action_servers
[2.053s] running install_egg_info
[2.072s] removing '/home/mo/Thesis/install/action_servers/lib/python3.8/site-packages/action_servers-0.0.0-py3.8.egg-info' (and everything under it)
[2.072s] Copying ../../build/action_servers/action_servers.egg-info to /home/mo/Thesis/install/action_servers/lib/python3.8/site-packages/action_servers-0.0.0-py3.8.egg-info
[2.073s] running install_scripts
[2.119s] Installing MoveTcpAlongAxis_action_server script to /home/mo/Thesis/install/action_servers/lib/action_servers
[2.119s] Installing fibonacci_action_server script to /home/mo/Thesis/install/action_servers/lib/action_servers
[2.119s] Installing transform_action_server script to /home/mo/Thesis/install/action_servers/lib/action_servers
[2.120s] writing list of installed files to '/home/mo/Thesis/build/action_servers/install.log'
[2.163s] Invoked command in '/home/mo/Thesis/src/action_servers' returned '0': CMAKE_PREFIX_PATH=/home/mo/Thesis/install/action_interfaces:/home/mo/Thesis/install/kr_example_cpp:/home/mo/Thesis/install/kr_msgs LD_LIBRARY_PATH=/home/mo/Thesis/install/action_interfaces/lib:/home/mo/Thesis/install/kr_msgs/lib:/opt/ros/foxy/opt/yaml_cpp_vendor/lib:/opt/ros/foxy/opt/rviz_ogre_vendor/lib:/opt/ros/foxy/lib/x86_64-linux-gnu:/opt/ros/foxy/lib PYTHONPATH=/home/mo/Thesis/build/action_servers/prefix_override:/usr/lib/python3/dist-packages/colcon_core/task/python/colcon_distutils_commands:/home/mo/Thesis/install/action_servers/lib/python3.8/site-packages:/home/mo/Thesis/install/action_interfaces/lib/python3.8/site-packages:/home/mo/Thesis/install/vision/lib/python3.8/site-packages:/home/mo/Thesis/install/vcnanoz/lib/python3.8/site-packages:/home/mo/Thesis/install/sensopart_visor/lib/python3.8/site-packages:/home/mo/Thesis/install/robot_control/lib/python3.8/site-packages:/home/mo/Thesis/install/kr_example_python/lib/python3.8/site-packages:/home/mo/Thesis/install/kr_msgs/lib/python3.8/site-packages:/home/mo/Thesis/install/action_servers/lib/python3.8/site-packages:/opt/ros/foxy/lib/python3.8/site-packages /usr/bin/python3 -W ignore:setup.py install is deprecated -W ignore:easy_install command is deprecated setup.py egg_info --egg-base ../../build/action_servers build --build-base /home/mo/Thesis/build/action_servers/build install --record /home/mo/Thesis/build/action_servers/install.log --single-version-externally-managed install_data
