[1.325s] Invoking command in '/home/vboxuser/ros2_ws/build/bt_pkg': PYTHONPATH=/home/vboxuser/ros2_ws/build/bt_pkg/prefix_override:/usr/lib/python3/dist-packages/colcon_core/task/python/colcon_distutils_commands:/home/vboxuser/ros2_ws/install/bt_pkg/lib/python3.8/site-packages:${PYTHONPATH} /usr/bin/python3 -W ignore:setup.py install is deprecated setup.py develop --uninstall --editable --build-directory /home/vboxuser/ros2_ws/build/bt_pkg/build
[1.577s] running develop
[1.741s] Removing /home/vboxuser/ros2_ws/install/bt_pkg/lib/python3.8/site-packages/bt-pkg.egg-link (link to .)
[1.782s] Invoked command in '/home/vboxuser/ros2_ws/build/bt_pkg' returned '0': PYTHONPATH=/home/vboxuser/ros2_ws/build/bt_pkg/prefix_override:/usr/lib/python3/dist-packages/colcon_core/task/python/colcon_distutils_commands:/home/vboxuser/ros2_ws/install/bt_pkg/lib/python3.8/site-packages:${PYTHONPATH} /usr/bin/python3 -W ignore:setup.py install is deprecated setup.py develop --uninstall --editable --build-directory /home/vboxuser/ros2_ws/build/bt_pkg/build
[1.786s] Invoking command in '/home/vboxuser/ros2_ws/src/bt_pkg': PYTHONPATH=/home/vboxuser/ros2_ws/build/bt_pkg/prefix_override:/usr/lib/python3/dist-packages/colcon_core/task/python/colcon_distutils_commands:/home/vboxuser/ros2_ws/install/bt_pkg/lib/python3.8/site-packages:${PYTHONPATH} /usr/bin/python3 -W ignore:setup.py install is deprecated setup.py egg_info --egg-base ../../build/bt_pkg build --build-base /home/vboxuser/ros2_ws/build/bt_pkg/build install --record /home/vboxuser/ros2_ws/build/bt_pkg/install.log --install-scripts $base/lib/bt_pkg --single-version-externally-managed install_data --force
[2.011s] running egg_info
[2.011s] writing ../../build/bt_pkg/bt_pkg.egg-info/PKG-INFO
[2.012s] writing dependency_links to ../../build/bt_pkg/bt_pkg.egg-info/dependency_links.txt
[2.012s] writing entry points to ../../build/bt_pkg/bt_pkg.egg-info/entry_points.txt
[2.013s] writing requirements to ../../build/bt_pkg/bt_pkg.egg-info/requires.txt
[2.013s] writing top-level names to ../../build/bt_pkg/bt_pkg.egg-info/top_level.txt
[2.048s] reading manifest file '../../build/bt_pkg/bt_pkg.egg-info/SOURCES.txt'
[2.049s] writing manifest file '../../build/bt_pkg/bt_pkg.egg-info/SOURCES.txt'
[2.050s] running build
[2.050s] running build_py
[2.050s] running install
[2.051s] running install_lib
[2.052s] creating /home/vboxuser/ros2_ws/install/bt_pkg/lib/python3.8/site-packages/bt_pkg
[2.052s] copying /home/vboxuser/ros2_ws/build/bt_pkg/build/lib/bt_pkg/bt_example_tree.py -> /home/vboxuser/ros2_ws/install/bt_pkg/lib/python3.8/site-packages/bt_pkg
[2.053s] copying /home/vboxuser/ros2_ws/build/bt_pkg/build/lib/bt_pkg/__init__.py -> /home/vboxuser/ros2_ws/install/bt_pkg/lib/python3.8/site-packages/bt_pkg
[2.054s] byte-compiling /home/vboxuser/ros2_ws/install/bt_pkg/lib/python3.8/site-packages/bt_pkg/bt_example_tree.py to bt_example_tree.cpython-38.pyc
[2.059s] byte-compiling /home/vboxuser/ros2_ws/install/bt_pkg/lib/python3.8/site-packages/bt_pkg/__init__.py to __init__.cpython-38.pyc
[2.060s] running install_data
[2.060s] copying resource/bt_pkg -> /home/vboxuser/ros2_ws/install/bt_pkg/share/ament_index/resource_index/packages
[2.061s] copying package.xml -> /home/vboxuser/ros2_ws/install/bt_pkg/share/bt_pkg
[2.062s] running install_egg_info
[2.062s] Copying ../../build/bt_pkg/bt_pkg.egg-info to /home/vboxuser/ros2_ws/install/bt_pkg/lib/python3.8/site-packages/bt_pkg-0.0.0-py3.8.egg-info
[2.064s] running install_scripts
[2.080s] Installing bt_example_tree script to /home/vboxuser/ros2_ws/install/bt_pkg/lib/bt_pkg
[2.082s] Installing bt_scan_hookstrip script to /home/vboxuser/ros2_ws/install/bt_pkg/lib/bt_pkg
[2.082s] writing list of installed files to '/home/vboxuser/ros2_ws/build/bt_pkg/install.log'
[2.128s] Invoked command in '/home/vboxuser/ros2_ws/src/bt_pkg' returned '0': PYTHONPATH=/home/vboxuser/ros2_ws/build/bt_pkg/prefix_override:/usr/lib/python3/dist-packages/colcon_core/task/python/colcon_distutils_commands:/home/vboxuser/ros2_ws/install/bt_pkg/lib/python3.8/site-packages:${PYTHONPATH} /usr/bin/python3 -W ignore:setup.py install is deprecated setup.py egg_info --egg-base ../../build/bt_pkg build --build-base /home/vboxuser/ros2_ws/build/bt_pkg/build install --record /home/vboxuser/ros2_ws/build/bt_pkg/install.log --install-scripts $base/lib/bt_pkg --single-version-externally-managed install_data --force
