[0.799s] Invoking command in '/home/vboxuser/Thesis/src/orange-ros2/kr_example/python': CMAKE_PREFIX_PATH=/home/vboxuser/Thesis/install/kr_msgs:/home/vboxuser/Thesis/install/realsense2_description:/home/vboxuser/Thesis/install/realsense2_camera:/home/vboxuser/Thesis/install/realsense2_camera_msgs:/home/vboxuser/Thesis/install/kr_example_cpp:/home/vboxuser/Thesis/install/action_interfaces LD_LIBRARY_PATH=/home/vboxuser/Thesis/install/kr_msgs/lib:/home/vboxuser/Thesis/install/realsense2_camera/lib:/home/vboxuser/Thesis/install/realsense2_camera_msgs/lib:/home/vboxuser/Thesis/install/action_interfaces/lib:/opt/ros/foxy/opt/yaml_cpp_vendor/lib:/opt/ros/foxy/opt/rviz_ogre_vendor/lib:/opt/ros/foxy/lib/x86_64-linux-gnu:/opt/ros/foxy/lib PYTHONPATH=/home/vboxuser/Thesis/build/kr_example_python/prefix_override:/usr/lib/python3/dist-packages/colcon_core/task/python/colcon_distutils_commands:/home/vboxuser/Thesis/install/kr_example_python/lib/python3.8/site-packages:/home/vboxuser/Thesis/install/kr_msgs/lib/python3.8/site-packages:/home/vboxuser/Thesis/install/vision/lib/python3.8/site-packages:/home/vboxuser/Thesis/install/vcnanoz/lib/python3.8/site-packages:/home/vboxuser/Thesis/install/sensopart_visor/lib/python3.8/site-packages:/home/vboxuser/Thesis/install/robot_control/lib/python3.8/site-packages:/home/vboxuser/Thesis/install/realsense2_camera_msgs/lib/python3.8/site-packages:/home/vboxuser/Thesis/install/kr_example_python/lib/python3.8/site-packages:/home/vboxuser/Thesis/install/bt_pkg/lib/python3.8/site-packages:/home/vboxuser/Thesis/install/action_servers/lib/python3.8/site-packages:/home/vboxuser/Thesis/install/action_interfaces/lib/python3.8/site-packages:/opt/ros/foxy/lib/python3.8/site-packages /usr/bin/python3 -W ignore:setup.py install is deprecated setup.py egg_info --egg-base ../../../../build/kr_example_python build --build-base /home/vboxuser/Thesis/build/kr_example_python/build install --record /home/vboxuser/Thesis/build/kr_example_python/install.log --install-scripts $base/lib/kr_example_python --single-version-externally-managed install_data
[1.037s] running egg_info
[1.038s] writing ../../../../build/kr_example_python/kr_example_python.egg-info/PKG-INFO
[1.038s] writing dependency_links to ../../../../build/kr_example_python/kr_example_python.egg-info/dependency_links.txt
[1.039s] writing entry points to ../../../../build/kr_example_python/kr_example_python.egg-info/entry_points.txt
[1.042s] writing requirements to ../../../../build/kr_example_python/kr_example_python.egg-info/requires.txt
[1.043s] writing top-level names to ../../../../build/kr_example_python/kr_example_python.egg-info/top_level.txt
[1.073s] reading manifest file '../../../../build/kr_example_python/kr_example_python.egg-info/SOURCES.txt'
[1.075s] writing manifest file '../../../../build/kr_example_python/kr_example_python.egg-info/SOURCES.txt'
[1.077s] running build
[1.077s] running build_py
[1.077s] running install
[1.078s] running install_lib
[1.080s] running install_data
[1.080s] running install_egg_info
[1.082s] removing '/home/vboxuser/Thesis/install/kr_example_python/lib/python3.8/site-packages/kr_example_python-0.0.0-py3.8.egg-info' (and everything under it)
[1.083s] Copying ../../../../build/kr_example_python/kr_example_python.egg-info to /home/vboxuser/Thesis/install/kr_example_python/lib/python3.8/site-packages/kr_example_python-0.0.0-py3.8.egg-info
[1.085s] running install_scripts
[1.101s] Installing follow_joint script to /home/vboxuser/Thesis/install/kr_example_python/lib/kr_example_python
[1.101s] Installing jog_linear script to /home/vboxuser/Thesis/install/kr_example_python/lib/kr_example_python
[1.101s] Installing move_joint script to /home/vboxuser/Thesis/install/kr_example_python/lib/kr_example_python
[1.102s] Installing robot_state script to /home/vboxuser/Thesis/install/kr_example_python/lib/kr_example_python
[1.102s] Installing self_motion script to /home/vboxuser/Thesis/install/kr_example_python/lib/kr_example_python
[1.102s] writing list of installed files to '/home/vboxuser/Thesis/build/kr_example_python/install.log'
[1.125s] Invoked command in '/home/vboxuser/Thesis/src/orange-ros2/kr_example/python' returned '0': CMAKE_PREFIX_PATH=/home/vboxuser/Thesis/install/kr_msgs:/home/vboxuser/Thesis/install/realsense2_description:/home/vboxuser/Thesis/install/realsense2_camera:/home/vboxuser/Thesis/install/realsense2_camera_msgs:/home/vboxuser/Thesis/install/kr_example_cpp:/home/vboxuser/Thesis/install/action_interfaces LD_LIBRARY_PATH=/home/vboxuser/Thesis/install/kr_msgs/lib:/home/vboxuser/Thesis/install/realsense2_camera/lib:/home/vboxuser/Thesis/install/realsense2_camera_msgs/lib:/home/vboxuser/Thesis/install/action_interfaces/lib:/opt/ros/foxy/opt/yaml_cpp_vendor/lib:/opt/ros/foxy/opt/rviz_ogre_vendor/lib:/opt/ros/foxy/lib/x86_64-linux-gnu:/opt/ros/foxy/lib PYTHONPATH=/home/vboxuser/Thesis/build/kr_example_python/prefix_override:/usr/lib/python3/dist-packages/colcon_core/task/python/colcon_distutils_commands:/home/vboxuser/Thesis/install/kr_example_python/lib/python3.8/site-packages:/home/vboxuser/Thesis/install/kr_msgs/lib/python3.8/site-packages:/home/vboxuser/Thesis/install/vision/lib/python3.8/site-packages:/home/vboxuser/Thesis/install/vcnanoz/lib/python3.8/site-packages:/home/vboxuser/Thesis/install/sensopart_visor/lib/python3.8/site-packages:/home/vboxuser/Thesis/install/robot_control/lib/python3.8/site-packages:/home/vboxuser/Thesis/install/realsense2_camera_msgs/lib/python3.8/site-packages:/home/vboxuser/Thesis/install/kr_example_python/lib/python3.8/site-packages:/home/vboxuser/Thesis/install/bt_pkg/lib/python3.8/site-packages:/home/vboxuser/Thesis/install/action_servers/lib/python3.8/site-packages:/home/vboxuser/Thesis/install/action_interfaces/lib/python3.8/site-packages:/opt/ros/foxy/lib/python3.8/site-packages /usr/bin/python3 -W ignore:setup.py install is deprecated setup.py egg_info --egg-base ../../../../build/kr_example_python build --build-base /home/vboxuser/Thesis/build/kr_example_python/build install --record /home/vboxuser/Thesis/build/kr_example_python/install.log --install-scripts $base/lib/kr_example_python --single-version-externally-managed install_data
