[1.609s] Invoking command in '/home/mo/Thesis/src/vision': PYTHONPATH=/home/mo/Thesis/build/vision/prefix_override:/usr/lib/python3/dist-packages/colcon_core/task/python/colcon_distutils_commands:/home/mo/Thesis/install/vision/lib/python3.8/site-packages:${PYTHONPATH} /usr/bin/python3 -W ignore:setup.py install is deprecated -W ignore:easy_install command is deprecated setup.py egg_info --egg-base ../../build/vision build --build-base /home/mo/Thesis/build/vision/build install --record /home/mo/Thesis/build/vision/install.log --single-version-externally-managed install_data
[1.925s] running egg_info
[1.946s] writing ../../build/vision/vision.egg-info/PKG-INFO
[1.947s] writing dependency_links to ../../build/vision/vision.egg-info/dependency_links.txt
[1.947s] writing entry points to ../../build/vision/vision.egg-info/entry_points.txt
[1.947s] writing requirements to ../../build/vision/vision.egg-info/requires.txt
[1.947s] writing top-level names to ../../build/vision/vision.egg-info/top_level.txt
[2.106s] reading manifest file '../../build/vision/vision.egg-info/SOURCES.txt'
[2.108s] writing manifest file '../../build/vision/vision.egg-info/SOURCES.txt'
[2.108s] running build
[2.109s] running build_py
[2.109s] copying vision/point_finder_3d.py -> /home/mo/Thesis/build/vision/build/lib/vision
[2.109s] copying vision/light_controller.py -> /home/mo/Thesis/build/vision/build/lib/vision
[2.110s] copying vision/image_receiver.py -> /home/mo/Thesis/build/vision/build/lib/vision
[2.110s] copying vision/OLD_process_nn_output.py -> /home/mo/Thesis/build/vision/build/lib/vision
[2.110s] copying vision/vc_startup.py -> /home/mo/Thesis/build/vision/build/lib/vision
[2.110s] copying vision/img_filters.py -> /home/mo/Thesis/build/vision/build/lib/vision
[2.111s] copying vision/point_finder_2d.py -> /home/mo/Thesis/build/vision/build/lib/vision
[2.115s] copying vision/maskrcnn_inference.py -> /home/mo/Thesis/build/vision/build/lib/vision
[2.115s] copying vision/calibration.py -> /home/mo/Thesis/build/vision/build/lib/vision
[2.115s] copying vision/yolov8_inference.py -> /home/mo/Thesis/build/vision/build/lib/vision
[2.115s] copying vision/OLD_nn_output_processor.py -> /home/mo/Thesis/build/vision/build/lib/vision
[2.115s] copying vision/hook_detector.py -> /home/mo/Thesis/build/vision/build/lib/vision
[2.115s] copying vision/__init__.py -> /home/mo/Thesis/build/vision/build/lib/vision
[2.115s] copying vision/test_node.py -> /home/mo/Thesis/build/vision/build/lib/vision
[2.116s] copying FC_vision/FC_lowpass_filter.py -> /home/mo/Thesis/build/vision/build/lib/FC_vision
[2.116s] copying FC_vision/FC_ema_filter.py -> /home/mo/Thesis/build/vision/build/lib/FC_vision
[2.116s] copying FC_vision/FC_moving_avg_filter.py -> /home/mo/Thesis/build/vision/build/lib/FC_vision
[2.116s] copying FC_vision/__init__.py -> /home/mo/Thesis/build/vision/build/lib/FC_vision
[2.116s] copying FC_vision/FC_iir_buttoworth_filter.py -> /home/mo/Thesis/build/vision/build/lib/FC_vision
[2.117s] running install
[2.126s] running install_lib
[2.186s] copying /home/mo/Thesis/build/vision/build/lib/vision/yolov8_inference.py -> /home/mo/Thesis/install/vision/lib/python3.8/site-packages/vision
[2.188s] byte-compiling /home/mo/Thesis/install/vision/lib/python3.8/site-packages/vision/yolov8_inference.py to yolov8_inference.cpython-38.pyc
[2.193s] running install_data
[2.193s] copying resource/vision -> /home/mo/Thesis/install/vision/share/ament_index/resource_index/packages
[2.194s] copying package.xml -> /home/mo/Thesis/install/vision/share/vision
[2.194s] running install_egg_info
[2.223s] removing '/home/mo/Thesis/install/vision/lib/python3.8/site-packages/vision-0.0.0-py3.8.egg-info' (and everything under it)
[2.224s] Copying ../../build/vision/vision.egg-info to /home/mo/Thesis/install/vision/lib/python3.8/site-packages/vision-0.0.0-py3.8.egg-info
[2.225s] running install_scripts
[2.275s] Installing calibration script to /home/mo/Thesis/install/vision/lib/vision
[2.275s] Installing hook_detector script to /home/mo/Thesis/install/vision/lib/vision
[2.275s] Installing image_filters script to /home/mo/Thesis/install/vision/lib/vision
[2.276s] Installing image_receiver script to /home/mo/Thesis/install/vision/lib/vision
[2.276s] Installing light_controller script to /home/mo/Thesis/install/vision/lib/vision
[2.276s] Installing maskrcnn_inference script to /home/mo/Thesis/install/vision/lib/vision
[2.276s] Installing nn_output_processor script to /home/mo/Thesis/install/vision/lib/vision
[2.276s] Installing point_finder_2d script to /home/mo/Thesis/install/vision/lib/vision
[2.276s] Installing point_finder_3d script to /home/mo/Thesis/install/vision/lib/vision
[2.276s] Installing stereo_triangulation script to /home/mo/Thesis/install/vision/lib/vision
[2.277s] Installing stereo_triangulation_with_robot script to /home/mo/Thesis/install/vision/lib/vision
[2.277s] Installing test_node script to /home/mo/Thesis/install/vision/lib/vision
[2.277s] Installing yolov8_inference script to /home/mo/Thesis/install/vision/lib/vision
[2.277s] writing list of installed files to '/home/mo/Thesis/build/vision/install.log'
[2.305s] Invoked command in '/home/mo/Thesis/src/vision' returned '0': PYTHONPATH=/home/mo/Thesis/build/vision/prefix_override:/usr/lib/python3/dist-packages/colcon_core/task/python/colcon_distutils_commands:/home/mo/Thesis/install/vision/lib/python3.8/site-packages:${PYTHONPATH} /usr/bin/python3 -W ignore:setup.py install is deprecated -W ignore:easy_install command is deprecated setup.py egg_info --egg-base ../../build/vision build --build-base /home/mo/Thesis/build/vision/build install --record /home/mo/Thesis/build/vision/install.log --single-version-externally-managed install_data
