[0.083s] Invoking command in '/home/mo/Thesis/build/action_interfaces': CMAKE_PREFIX_PATH=${CMAKE_PREFIX_PATH}:/home/mo/Thesis/install/vision:/home/mo/Thesis/install/vcnanoz:/home/mo/Thesis/install/sensopart_visor:/home/mo/Thesis/install/robot_control:/home/mo/Thesis/install/kr_example_python:/home/mo/Thesis/install/action_servers:/opt/ros/foxy /usr/bin/cmake --build /home/mo/Thesis/build/action_interfaces -- -j16 -l16
[0.804s] [  1%] Built target action_interfaces__cpp
[0.805s] [ 12%] Built target action_interfaces__rosidl_generator_c
[0.805s] [ 24%] Built target action_interfaces__rosidl_typesupport_fastrtps_cpp
[0.805s] [ 35%] Built target action_interfaces__rosidl_typesupport_c
[0.806s] [ 47%] Built target action_interfaces__rosidl_typesupport_fastrtps_c
[0.806s] [ 58%] Built target action_interfaces__rosidl_typesupport_introspection_c
[0.806s] [ 70%] Built target action_interfaces__rosidl_typesupport_cpp
[0.807s] [ 81%] Built target action_interfaces__rosidl_typesupport_introspection_cpp
[0.809s] [ 81%] Built target action_interfaces
[0.810s] [ 82%] Built target action_interfaces__py
[0.810s] [ 93%] Built target action_interfaces__python
[0.810s] [ 95%] Built target action_interfaces__rosidl_typesupport_c__pyext
[0.810s] [ 97%] Built target action_interfaces__rosidl_typesupport_fastrtps_c__pyext
[0.828s] [100%] Built target action_interfaces__rosidl_typesupport_introspection_c__pyext
[1.150s] Invoked command in '/home/mo/Thesis/build/action_interfaces' returned '0': CMAKE_PREFIX_PATH=${CMAKE_PREFIX_PATH}:/home/mo/Thesis/install/vision:/home/mo/Thesis/install/vcnanoz:/home/mo/Thesis/install/sensopart_visor:/home/mo/Thesis/install/robot_control:/home/mo/Thesis/install/kr_example_python:/home/mo/Thesis/install/action_servers:/opt/ros/foxy /usr/bin/cmake --build /home/mo/Thesis/build/action_interfaces -- -j16 -l16
[1.167s] Invoking command in '/home/mo/Thesis/build/action_interfaces': CMAKE_PREFIX_PATH=${CMAKE_PREFIX_PATH}:/home/mo/Thesis/install/vision:/home/mo/Thesis/install/vcnanoz:/home/mo/Thesis/install/sensopart_visor:/home/mo/Thesis/install/robot_control:/home/mo/Thesis/install/kr_example_python:/home/mo/Thesis/install/action_servers:/opt/ros/foxy /usr/bin/cmake --install /home/mo/Thesis/build/action_interfaces
[1.177s] -- Install configuration: ""
[1.177s] -- Up-to-date: /home/mo/Thesis/install/action_interfaces/share/ament_index/resource_index/rosidl_interfaces/action_interfaces
[1.179s] -- Up-to-date: /home/mo/Thesis/install/action_interfaces/include/action_interfaces
[1.181s] -- Up-to-date: /home/mo/Thesis/install/action_interfaces/include/action_interfaces/action
[1.181s] -- Up-to-date: /home/mo/Thesis/install/action_interfaces/include/action_interfaces/action/fibonacci.h
[1.182s] -- Up-to-date: /home/mo/Thesis/install/action_interfaces/include/action_interfaces/action/detail
[1.182s] -- Up-to-date: /home/mo/Thesis/install/action_interfaces/include/action_interfaces/action/detail/move_tcp_along_axis__type_support.h
[1.182s] -- Up-to-date: /home/mo/Thesis/install/action_interfaces/include/action_interfaces/action/detail/transform_action__functions.c
[1.182s] -- Up-to-date: /home/mo/Thesis/install/action_interfaces/include/action_interfaces/action/detail/move_tcp_along_axis__struct.h
[1.182s] -- Up-to-date: /home/mo/Thesis/install/action_interfaces/include/action_interfaces/action/detail/transform_action__functions.h
[1.183s] -- Up-to-date: /home/mo/Thesis/install/action_interfaces/include/action_interfaces/action/detail/transform_action__type_support.h
[1.183s] -- Up-to-date: /home/mo/Thesis/install/action_interfaces/include/action_interfaces/action/detail/fibonacci__type_support.h
[1.184s] -- Up-to-date: /home/mo/Thesis/install/action_interfaces/include/action_interfaces/action/detail/transform_action__struct.h
[1.185s] -- Up-to-date: /home/mo/Thesis/install/action_interfaces/include/action_interfaces/action/detail/fibonacci__functions.h
[1.185s] -- Up-to-date: /home/mo/Thesis/install/action_interfaces/include/action_interfaces/action/detail/move_tcp_along_axis__functions.c
[1.186s] -- Up-to-date: /home/mo/Thesis/install/action_interfaces/include/action_interfaces/action/detail/fibonacci__struct.h
[1.186s] -- Up-to-date: /home/mo/Thesis/install/action_interfaces/include/action_interfaces/action/detail/move_tcp_along_axis__functions.h
[1.186s] -- Up-to-date: /home/mo/Thesis/install/action_interfaces/include/action_interfaces/action/detail/fibonacci__functions.c
[1.186s] -- Up-to-date: /home/mo/Thesis/install/action_interfaces/include/action_interfaces/action/transform_action.h
[1.186s] -- Up-to-date: /home/mo/Thesis/install/action_interfaces/include/action_interfaces/action/move_tcp_along_axis.h
[1.186s] -- Up-to-date: /home/mo/Thesis/install/action_interfaces/include/action_interfaces/msg
[1.186s] -- Up-to-date: /home/mo/Thesis/install/action_interfaces/include/action_interfaces/msg/rosidl_generator_c__visibility_control.h
[1.187s] -- Up-to-date: /home/mo/Thesis/install/action_interfaces/include/action_interfaces/msg/hook_data.h
[1.187s] -- Up-to-date: /home/mo/Thesis/install/action_interfaces/include/action_interfaces/msg/xyz.h
[1.188s] -- Up-to-date: /home/mo/Thesis/install/action_interfaces/include/action_interfaces/msg/bounding_box.h
[1.188s] -- Up-to-date: /home/mo/Thesis/install/action_interfaces/include/action_interfaces/msg/detail
[1.188s] -- Up-to-date: /home/mo/Thesis/install/action_interfaces/include/action_interfaces/msg/detail/xyz__functions.c
[1.188s] -- Up-to-date: /home/mo/Thesis/install/action_interfaces/include/action_interfaces/msg/detail/hook__functions.h
[1.188s] -- Up-to-date: /home/mo/Thesis/install/action_interfaces/include/action_interfaces/msg/detail/bounding_box__type_support.h
[1.189s] -- Up-to-date: /home/mo/Thesis/install/action_interfaces/include/action_interfaces/msg/detail/bounding_box__struct.h
[1.190s] -- Up-to-date: /home/mo/Thesis/install/action_interfaces/include/action_interfaces/msg/detail/bounding_box__functions.c
[1.190s] -- Up-to-date: /home/mo/Thesis/install/action_interfaces/include/action_interfaces/msg/detail/xyz__type_support.h
[1.191s] -- Up-to-date: /home/mo/Thesis/install/action_interfaces/include/action_interfaces/msg/detail/uv__functions.h
[1.192s] -- Up-to-date: /home/mo/Thesis/install/action_interfaces/include/action_interfaces/msg/detail/bounding_box__functions.h
[1.192s] -- Up-to-date: /home/mo/Thesis/install/action_interfaces/include/action_interfaces/msg/detail/xyz__struct.h
[1.192s] -- Up-to-date: /home/mo/Thesis/install/action_interfaces/include/action_interfaces/msg/detail/hook_data__functions.c
[1.192s] -- Up-to-date: /home/mo/Thesis/install/action_interfaces/include/action_interfaces/msg/detail/xyz__functions.h
[1.193s] -- Up-to-date: /home/mo/Thesis/install/action_interfaces/include/action_interfaces/msg/detail/hook_data__functions.h
[1.193s] -- Up-to-date: /home/mo/Thesis/install/action_interfaces/include/action_interfaces/msg/detail/hook__functions.c
[1.193s] -- Up-to-date: /home/mo/Thesis/install/action_interfaces/include/action_interfaces/msg/detail/uv__type_support.h
[1.194s] -- Up-to-date: /home/mo/Thesis/install/action_interfaces/include/action_interfaces/msg/detail/hook__struct.h
[1.194s] -- Up-to-date: /home/mo/Thesis/install/action_interfaces/include/action_interfaces/msg/detail/hook_data__struct.h
[1.194s] -- Up-to-date: /home/mo/Thesis/install/action_interfaces/include/action_interfaces/msg/detail/hook__type_support.h
[1.194s] -- Up-to-date: /home/mo/Thesis/install/action_interfaces/include/action_interfaces/msg/detail/uv__struct.h
[1.195s] -- Up-to-date: /home/mo/Thesis/install/action_interfaces/include/action_interfaces/msg/detail/uv__functions.c
[1.196s] -- Up-to-date: /home/mo/Thesis/install/action_interfaces/include/action_interfaces/msg/detail/hook_data__type_support.h
[1.196s] -- Up-to-date: /home/mo/Thesis/install/action_interfaces/include/action_interfaces/msg/uv.h
[1.196s] -- Up-to-date: /home/mo/Thesis/install/action_interfaces/include/action_interfaces/msg/hook.h
[1.196s] -- Up-to-date: /home/mo/Thesis/install/action_interfaces/share/action_interfaces/environment/library_path.sh
[1.197s] -- Up-to-date: /home/mo/Thesis/install/action_interfaces/share/action_interfaces/environment/library_path.dsv
[1.197s] -- Up-to-date: /home/mo/Thesis/install/action_interfaces/lib/libaction_interfaces__rosidl_generator_c.so
[1.197s] -- Up-to-date: /home/mo/Thesis/install/action_interfaces/include/action_interfaces
[1.197s] -- Up-to-date: /home/mo/Thesis/install/action_interfaces/include/action_interfaces/action
[1.197s] -- Up-to-date: /home/mo/Thesis/install/action_interfaces/include/action_interfaces/action/detail
[1.198s] -- Up-to-date: /home/mo/Thesis/install/action_interfaces/include/action_interfaces/action/detail/move_tcp_along_axis__rosidl_typesupport_fastrtps_c.h
[1.198s] -- Up-to-date: /home/mo/Thesis/install/action_interfaces/include/action_interfaces/action/detail/transform_action__rosidl_typesupport_fastrtps_c.h
[1.198s] -- Up-to-date: /home/mo/Thesis/install/action_interfaces/include/action_interfaces/action/detail/fibonacci__rosidl_typesupport_fastrtps_c.h
[1.199s] -- Up-to-date: /home/mo/Thesis/install/action_interfaces/include/action_interfaces/msg
[1.199s] -- Up-to-date: /home/mo/Thesis/install/action_interfaces/include/action_interfaces/msg/detail
[1.199s] -- Up-to-date: /home/mo/Thesis/install/action_interfaces/include/action_interfaces/msg/detail/bounding_box__rosidl_typesupport_fastrtps_c.h
[1.199s] -- Up-to-date: /home/mo/Thesis/install/action_interfaces/include/action_interfaces/msg/detail/xyz__rosidl_typesupport_fastrtps_c.h
[1.200s] -- Up-to-date: /home/mo/Thesis/install/action_interfaces/include/action_interfaces/msg/detail/hook__rosidl_typesupport_fastrtps_c.h
[1.200s] -- Up-to-date: /home/mo/Thesis/install/action_interfaces/include/action_interfaces/msg/detail/uv__rosidl_typesupport_fastrtps_c.h
[1.200s] -- Up-to-date: /home/mo/Thesis/install/action_interfaces/include/action_interfaces/msg/detail/hook_data__rosidl_typesupport_fastrtps_c.h
[1.201s] -- Up-to-date: /home/mo/Thesis/install/action_interfaces/include/action_interfaces/msg/rosidl_typesupport_fastrtps_c__visibility_control.h
[1.202s] -- Up-to-date: /home/mo/Thesis/install/action_interfaces/lib/libaction_interfaces__rosidl_typesupport_fastrtps_c.so
[1.202s] -- Up-to-date: /home/mo/Thesis/install/action_interfaces/include/action_interfaces
[1.202s] -- Up-to-date: /home/mo/Thesis/install/action_interfaces/include/action_interfaces/action
[1.202s] -- Up-to-date: /home/mo/Thesis/install/action_interfaces/include/action_interfaces/action/detail
[1.203s] -- Up-to-date: /home/mo/Thesis/install/action_interfaces/include/action_interfaces/action/detail/transform_action__rosidl_typesupport_fastrtps_cpp.hpp
[1.203s] -- Up-to-date: /home/mo/Thesis/install/action_interfaces/include/action_interfaces/action/detail/move_tcp_along_axis__rosidl_typesupport_fastrtps_cpp.hpp
[1.204s] -- Up-to-date: /home/mo/Thesis/install/action_interfaces/include/action_interfaces/action/detail/fibonacci__rosidl_typesupport_fastrtps_cpp.hpp
[1.205s] -- Up-to-date: /home/mo/Thesis/install/action_interfaces/include/action_interfaces/action/detail/dds_fastrtps
[1.205s] -- Up-to-date: /home/mo/Thesis/install/action_interfaces/include/action_interfaces/msg
[1.205s] -- Up-to-date: /home/mo/Thesis/install/action_interfaces/include/action_interfaces/msg/rosidl_typesupport_fastrtps_cpp__visibility_control.h
[1.206s] -- Up-to-date: /home/mo/Thesis/install/action_interfaces/include/action_interfaces/msg/detail
[1.206s] -- Up-to-date: /home/mo/Thesis/install/action_interfaces/include/action_interfaces/msg/detail/xyz__rosidl_typesupport_fastrtps_cpp.hpp
[1.206s] -- Up-to-date: /home/mo/Thesis/install/action_interfaces/include/action_interfaces/msg/detail/uv__rosidl_typesupport_fastrtps_cpp.hpp
[1.207s] -- Up-to-date: /home/mo/Thesis/install/action_interfaces/include/action_interfaces/msg/detail/bounding_box__rosidl_typesupport_fastrtps_cpp.hpp
[1.208s] -- Up-to-date: /home/mo/Thesis/install/action_interfaces/include/action_interfaces/msg/detail/hook_data__rosidl_typesupport_fastrtps_cpp.hpp
[1.208s] -- Up-to-date: /home/mo/Thesis/install/action_interfaces/include/action_interfaces/msg/detail/hook__rosidl_typesupport_fastrtps_cpp.hpp
[1.209s] -- Up-to-date: /home/mo/Thesis/install/action_interfaces/include/action_interfaces/msg/detail/dds_fastrtps
[1.216s] -- Up-to-date: /home/mo/Thesis/install/action_interfaces/lib/libaction_interfaces__rosidl_typesupport_fastrtps_cpp.so
[1.223s] -- Up-to-date: /home/mo/Thesis/install/action_interfaces/include/action_interfaces
[1.224s] -- Up-to-date: /home/mo/Thesis/install/action_interfaces/include/action_interfaces/action
[1.225s] -- Up-to-date: /home/mo/Thesis/install/action_interfaces/include/action_interfaces/action/detail
[1.225s] -- Up-to-date: /home/mo/Thesis/install/action_interfaces/include/action_interfaces/action/detail/transform_action__rosidl_typesupport_introspection_c.h
[1.227s] -- Up-to-date: /home/mo/Thesis/install/action_interfaces/include/action_interfaces/action/detail/move_tcp_along_axis__rosidl_typesupport_introspection_c.h
[1.228s] -- Up-to-date: /home/mo/Thesis/install/action_interfaces/include/action_interfaces/action/detail/transform_action__type_support.c
[1.228s] -- Up-to-date: /home/mo/Thesis/install/action_interfaces/include/action_interfaces/action/detail/fibonacci__rosidl_typesupport_introspection_c.h
[1.228s] -- Up-to-date: /home/mo/Thesis/install/action_interfaces/include/action_interfaces/action/detail/fibonacci__type_support.c
[1.228s] -- Up-to-date: /home/mo/Thesis/install/action_interfaces/include/action_interfaces/action/detail/move_tcp_along_axis__type_support.c
[1.228s] -- Up-to-date: /home/mo/Thesis/install/action_interfaces/include/action_interfaces/msg
[1.228s] -- Up-to-date: /home/mo/Thesis/install/action_interfaces/include/action_interfaces/msg/detail
[1.229s] -- Up-to-date: /home/mo/Thesis/install/action_interfaces/include/action_interfaces/msg/detail/hook__type_support.c
[1.229s] -- Up-to-date: /home/mo/Thesis/install/action_interfaces/include/action_interfaces/msg/detail/xyz__type_support.c
[1.229s] -- Up-to-date: /home/mo/Thesis/install/action_interfaces/include/action_interfaces/msg/detail/bounding_box__rosidl_typesupport_introspection_c.h
[1.229s] -- Up-to-date: /home/mo/Thesis/install/action_interfaces/include/action_interfaces/msg/detail/hook_data__rosidl_typesupport_introspection_c.h
[1.230s] -- Up-to-date: /home/mo/Thesis/install/action_interfaces/include/action_interfaces/msg/detail/hook__rosidl_typesupport_introspection_c.h
[1.230s] -- Up-to-date: /home/mo/Thesis/install/action_interfaces/include/action_interfaces/msg/detail/xyz__rosidl_typesupport_introspection_c.h
[1.248s] -- Up-to-date: /home/mo/Thesis/install/action_interfaces/include/action_interfaces/msg/detail/bounding_box__type_support.c
[1.248s] -- Up-to-date: /home/mo/Thesis/install/action_interfaces/include/action_interfaces/msg/detail/hook_data__type_support.c
[1.248s] -- Up-to-date: /home/mo/Thesis/install/action_interfaces/include/action_interfaces/msg/detail/uv__rosidl_typesupport_introspection_c.h
[1.248s] -- Up-to-date: /home/mo/Thesis/install/action_interfaces/include/action_interfaces/msg/detail/uv__type_support.c
[1.248s] -- Up-to-date: /home/mo/Thesis/install/action_interfaces/include/action_interfaces/msg/rosidl_typesupport_introspection_c__visibility_control.h
[1.256s] -- Up-to-date: /home/mo/Thesis/install/action_interfaces/lib/libaction_interfaces__rosidl_typesupport_introspection_c.so
[1.269s] -- Up-to-date: /home/mo/Thesis/install/action_interfaces/lib/libaction_interfaces__rosidl_typesupport_c.so
[1.274s] -- Up-to-date: /home/mo/Thesis/install/action_interfaces/include/action_interfaces
[1.282s] -- Up-to-date: /home/mo/Thesis/install/action_interfaces/include/action_interfaces/action
[1.282s] -- Up-to-date: /home/mo/Thesis/install/action_interfaces/include/action_interfaces/action/transform_action.hpp
[1.282s] -- Up-to-date: /home/mo/Thesis/install/action_interfaces/include/action_interfaces/action/fibonacci.hpp
[1.282s] -- Up-to-date: /home/mo/Thesis/install/action_interfaces/include/action_interfaces/action/move_tcp_along_axis.hpp
[1.282s] -- Up-to-date: /home/mo/Thesis/install/action_interfaces/include/action_interfaces/action/detail
[1.283s] -- Up-to-date: /home/mo/Thesis/install/action_interfaces/include/action_interfaces/action/detail/move_tcp_along_axis__builder.hpp
[1.283s] -- Up-to-date: /home/mo/Thesis/install/action_interfaces/include/action_interfaces/action/detail/fibonacci__traits.hpp
[1.283s] -- Up-to-date: /home/mo/Thesis/install/action_interfaces/include/action_interfaces/action/detail/fibonacci__type_support.hpp
[1.283s] -- Up-to-date: /home/mo/Thesis/install/action_interfaces/include/action_interfaces/action/detail/move_tcp_along_axis__traits.hpp
[1.283s] -- Up-to-date: /home/mo/Thesis/install/action_interfaces/include/action_interfaces/action/detail/move_tcp_along_axis__type_support.hpp
[1.283s] -- Up-to-date: /home/mo/Thesis/install/action_interfaces/include/action_interfaces/action/detail/transform_action__type_support.hpp
[1.284s] -- Up-to-date: /home/mo/Thesis/install/action_interfaces/include/action_interfaces/action/detail/fibonacci__struct.hpp
[1.284s] -- Up-to-date: /home/mo/Thesis/install/action_interfaces/include/action_interfaces/action/detail/transform_action__struct.hpp
[1.284s] -- Up-to-date: /home/mo/Thesis/install/action_interfaces/include/action_interfaces/action/detail/move_tcp_along_axis__struct.hpp
[1.284s] -- Up-to-date: /home/mo/Thesis/install/action_interfaces/include/action_interfaces/action/detail/transform_action__builder.hpp
[1.284s] -- Up-to-date: /home/mo/Thesis/install/action_interfaces/include/action_interfaces/action/detail/fibonacci__builder.hpp
[1.284s] -- Up-to-date: /home/mo/Thesis/install/action_interfaces/include/action_interfaces/action/detail/transform_action__traits.hpp
[1.284s] -- Up-to-date: /home/mo/Thesis/install/action_interfaces/include/action_interfaces/msg
[1.284s] -- Up-to-date: /home/mo/Thesis/install/action_interfaces/include/action_interfaces/msg/bounding_box.hpp
[1.285s] -- Up-to-date: /home/mo/Thesis/install/action_interfaces/include/action_interfaces/msg/hook_data.hpp
[1.285s] -- Up-to-date: /home/mo/Thesis/install/action_interfaces/include/action_interfaces/msg/rosidl_generator_cpp__visibility_control.hpp
[1.285s] -- Up-to-date: /home/mo/Thesis/install/action_interfaces/include/action_interfaces/msg/xyz.hpp
[1.285s] -- Up-to-date: /home/mo/Thesis/install/action_interfaces/include/action_interfaces/msg/uv.hpp
[1.285s] -- Up-to-date: /home/mo/Thesis/install/action_interfaces/include/action_interfaces/msg/hook.hpp
[1.285s] -- Up-to-date: /home/mo/Thesis/install/action_interfaces/include/action_interfaces/msg/detail
[1.287s] -- Up-to-date: /home/mo/Thesis/install/action_interfaces/include/action_interfaces/msg/detail/bounding_box__type_support.hpp
[1.287s] -- Up-to-date: /home/mo/Thesis/install/action_interfaces/include/action_interfaces/msg/detail/bounding_box__builder.hpp
[1.288s] -- Up-to-date: /home/mo/Thesis/install/action_interfaces/include/action_interfaces/msg/detail/uv__builder.hpp
[1.288s] -- Up-to-date: /home/mo/Thesis/install/action_interfaces/include/action_interfaces/msg/detail/uv__traits.hpp
[1.289s] -- Up-to-date: /home/mo/Thesis/install/action_interfaces/include/action_interfaces/msg/detail/xyz__traits.hpp
[1.289s] -- Up-to-date: /home/mo/Thesis/install/action_interfaces/include/action_interfaces/msg/detail/hook_data__builder.hpp
[1.289s] -- Up-to-date: /home/mo/Thesis/install/action_interfaces/include/action_interfaces/msg/detail/xyz__struct.hpp
[1.289s] -- Up-to-date: /home/mo/Thesis/install/action_interfaces/include/action_interfaces/msg/detail/uv__struct.hpp
[1.290s] -- Up-to-date: /home/mo/Thesis/install/action_interfaces/include/action_interfaces/msg/detail/bounding_box__traits.hpp
[1.290s] -- Up-to-date: /home/mo/Thesis/install/action_interfaces/include/action_interfaces/msg/detail/uv__type_support.hpp
[1.290s] -- Up-to-date: /home/mo/Thesis/install/action_interfaces/include/action_interfaces/msg/detail/hook__builder.hpp
[1.290s] -- Up-to-date: /home/mo/Thesis/install/action_interfaces/include/action_interfaces/msg/detail/hook__traits.hpp
[1.292s] -- Up-to-date: /home/mo/Thesis/install/action_interfaces/include/action_interfaces/msg/detail/xyz__type_support.hpp
[1.292s] -- Up-to-date: /home/mo/Thesis/install/action_interfaces/include/action_interfaces/msg/detail/hook__type_support.hpp
[1.292s] -- Up-to-date: /home/mo/Thesis/install/action_interfaces/include/action_interfaces/msg/detail/hook_data__struct.hpp
[1.302s] -- Up-to-date: /home/mo/Thesis/install/action_interfaces/include/action_interfaces/msg/detail/xyz__builder.hpp
[1.302s] -- Up-to-date: /home/mo/Thesis/install/action_interfaces/include/action_interfaces/msg/detail/bounding_box__struct.hpp
[1.302s] -- Up-to-date: /home/mo/Thesis/install/action_interfaces/include/action_interfaces/msg/detail/hook_data__type_support.hpp
[1.303s] -- Up-to-date: /home/mo/Thesis/install/action_interfaces/include/action_interfaces/msg/detail/hook_data__traits.hpp
[1.303s] -- Up-to-date: /home/mo/Thesis/install/action_interfaces/include/action_interfaces/msg/detail/hook__struct.hpp
[1.303s] -- Up-to-date: /home/mo/Thesis/install/action_interfaces/include/action_interfaces
[1.305s] -- Up-to-date: /home/mo/Thesis/install/action_interfaces/include/action_interfaces/action
[1.313s] -- Up-to-date: /home/mo/Thesis/install/action_interfaces/include/action_interfaces/action/detail
[1.317s] -- Up-to-date: /home/mo/Thesis/install/action_interfaces/include/action_interfaces/action/detail/move_tcp_along_axis__type_support.cpp
[1.318s] -- Up-to-date: /home/mo/Thesis/install/action_interfaces/include/action_interfaces/action/detail/move_tcp_along_axis__rosidl_typesupport_introspection_cpp.hpp
[1.318s] -- Up-to-date: /home/mo/Thesis/install/action_interfaces/include/action_interfaces/action/detail/transform_action__rosidl_typesupport_introspection_cpp.hpp
[1.318s] -- Up-to-date: /home/mo/Thesis/install/action_interfaces/include/action_interfaces/action/detail/fibonacci__type_support.cpp
[1.318s] -- Up-to-date: /home/mo/Thesis/install/action_interfaces/include/action_interfaces/action/detail/fibonacci__rosidl_typesupport_introspection_cpp.hpp
[1.319s] -- Up-to-date: /home/mo/Thesis/install/action_interfaces/include/action_interfaces/action/detail/transform_action__type_support.cpp
[1.319s] -- Up-to-date: /home/mo/Thesis/install/action_interfaces/include/action_interfaces/msg
[1.319s] -- Up-to-date: /home/mo/Thesis/install/action_interfaces/include/action_interfaces/msg/detail
[1.319s] -- Up-to-date: /home/mo/Thesis/install/action_interfaces/include/action_interfaces/msg/detail/xyz__type_support.cpp
[1.319s] -- Up-to-date: /home/mo/Thesis/install/action_interfaces/include/action_interfaces/msg/detail/hook__type_support.cpp
[1.320s] -- Up-to-date: /home/mo/Thesis/install/action_interfaces/include/action_interfaces/msg/detail/uv__rosidl_typesupport_introspection_cpp.hpp
[1.320s] -- Up-to-date: /home/mo/Thesis/install/action_interfaces/include/action_interfaces/msg/detail/bounding_box__type_support.cpp
[1.320s] -- Up-to-date: /home/mo/Thesis/install/action_interfaces/include/action_interfaces/msg/detail/uv__type_support.cpp
[1.320s] -- Up-to-date: /home/mo/Thesis/install/action_interfaces/include/action_interfaces/msg/detail/hook_data__type_support.cpp
[1.320s] -- Up-to-date: /home/mo/Thesis/install/action_interfaces/include/action_interfaces/msg/detail/bounding_box__rosidl_typesupport_introspection_cpp.hpp
[1.321s] -- Up-to-date: /home/mo/Thesis/install/action_interfaces/include/action_interfaces/msg/detail/hook_data__rosidl_typesupport_introspection_cpp.hpp
[1.321s] -- Up-to-date: /home/mo/Thesis/install/action_interfaces/include/action_interfaces/msg/detail/xyz__rosidl_typesupport_introspection_cpp.hpp
[1.321s] -- Up-to-date: /home/mo/Thesis/install/action_interfaces/include/action_interfaces/msg/detail/hook__rosidl_typesupport_introspection_cpp.hpp
[1.321s] -- Up-to-date: /home/mo/Thesis/install/action_interfaces/lib/libaction_interfaces__rosidl_typesupport_introspection_cpp.so
[1.334s] -- Up-to-date: /home/mo/Thesis/install/action_interfaces/lib/libaction_interfaces__rosidl_typesupport_cpp.so
[1.334s] -- Up-to-date: /home/mo/Thesis/install/action_interfaces/share/action_interfaces/environment/pythonpath.sh
[1.335s] -- Up-to-date: /home/mo/Thesis/install/action_interfaces/share/action_interfaces/environment/pythonpath.dsv
[1.338s] -- Up-to-date: /home/mo/Thesis/install/action_interfaces/lib/python3.8/site-packages/action_interfaces/__init__.py
[1.472s] -- Up-to-date: /home/mo/Thesis/install/action_interfaces/lib/python3.8/site-packages/action_interfaces/action
[1.472s] -- Up-to-date: /home/mo/Thesis/install/action_interfaces/lib/python3.8/site-packages/action_interfaces/action/_transform_action_s.c
[1.472s] -- Up-to-date: /home/mo/Thesis/install/action_interfaces/lib/python3.8/site-packages/action_interfaces/action/_move_tcp_along_axis.py
[1.472s] -- Up-to-date: /home/mo/Thesis/install/action_interfaces/lib/python3.8/site-packages/action_interfaces/action/_move_tcp_along_axis_s.c
[1.472s] -- Up-to-date: /home/mo/Thesis/install/action_interfaces/lib/python3.8/site-packages/action_interfaces/action/_fibonacci_s.c
[1.472s] -- Up-to-date: /home/mo/Thesis/install/action_interfaces/lib/python3.8/site-packages/action_interfaces/action/_fibonacci.py
[1.473s] -- Up-to-date: /home/mo/Thesis/install/action_interfaces/lib/python3.8/site-packages/action_interfaces/action/_transform_action.py
[1.473s] -- Up-to-date: /home/mo/Thesis/install/action_interfaces/lib/python3.8/site-packages/action_interfaces/action/__init__.py
[1.473s] -- Up-to-date: /home/mo/Thesis/install/action_interfaces/lib/python3.8/site-packages/action_interfaces/msg
[1.473s] -- Up-to-date: /home/mo/Thesis/install/action_interfaces/lib/python3.8/site-packages/action_interfaces/msg/_xyz.py
[1.473s] -- Up-to-date: /home/mo/Thesis/install/action_interfaces/lib/python3.8/site-packages/action_interfaces/msg/_xyz_s.c
[1.473s] -- Up-to-date: /home/mo/Thesis/install/action_interfaces/lib/python3.8/site-packages/action_interfaces/msg/_hook_s.c
[1.473s] -- Up-to-date: /home/mo/Thesis/install/action_interfaces/lib/python3.8/site-packages/action_interfaces/msg/_bounding_box.py
[1.473s] -- Up-to-date: /home/mo/Thesis/install/action_interfaces/lib/python3.8/site-packages/action_interfaces/msg/_uv.py
[1.473s] -- Up-to-date: /home/mo/Thesis/install/action_interfaces/lib/python3.8/site-packages/action_interfaces/msg/_bounding_box_s.c
[1.474s] -- Up-to-date: /home/mo/Thesis/install/action_interfaces/lib/python3.8/site-packages/action_interfaces/msg/_uv_s.c
[1.474s] -- Up-to-date: /home/mo/Thesis/install/action_interfaces/lib/python3.8/site-packages/action_interfaces/msg/_hook_data.py
[1.474s] -- Up-to-date: /home/mo/Thesis/install/action_interfaces/lib/python3.8/site-packages/action_interfaces/msg/__init__.py
[1.474s] -- Up-to-date: /home/mo/Thesis/install/action_interfaces/lib/python3.8/site-packages/action_interfaces/msg/_hook_data_s.c
[1.474s] -- Up-to-date: /home/mo/Thesis/install/action_interfaces/lib/python3.8/site-packages/action_interfaces/msg/_hook.py
[1.474s] -- Up-to-date: /home/mo/Thesis/install/action_interfaces/lib/python3.8/site-packages/action_interfaces/action_interfaces_s__rosidl_typesupport_fastrtps_c.cpython-38-x86_64-linux-gnu.so
[1.474s] -- Up-to-date: /home/mo/Thesis/install/action_interfaces/lib/python3.8/site-packages/action_interfaces/action_interfaces_s__rosidl_typesupport_introspection_c.cpython-38-x86_64-linux-gnu.so
[1.474s] -- Up-to-date: /home/mo/Thesis/install/action_interfaces/lib/python3.8/site-packages/action_interfaces/action_interfaces_s__rosidl_typesupport_c.cpython-38-x86_64-linux-gnu.so
[1.475s] -- Up-to-date: /home/mo/Thesis/install/action_interfaces/lib/libaction_interfaces__python.so
[1.475s] -- Up-to-date: /home/mo/Thesis/install/action_interfaces/share/action_interfaces/action/Fibonacci.idl
[1.475s] -- Up-to-date: /home/mo/Thesis/install/action_interfaces/share/action_interfaces/action/MoveTcpAlongAxis.idl
[1.475s] -- Up-to-date: /home/mo/Thesis/install/action_interfaces/share/action_interfaces/action/TransformAction.idl
[1.475s] -- Up-to-date: /home/mo/Thesis/install/action_interfaces/share/action_interfaces/msg/BoundingBox.idl
[1.475s] -- Up-to-date: /home/mo/Thesis/install/action_interfaces/share/action_interfaces/msg/Hook.idl
[1.475s] -- Up-to-date: /home/mo/Thesis/install/action_interfaces/share/action_interfaces/msg/HookData.idl
[1.475s] -- Up-to-date: /home/mo/Thesis/install/action_interfaces/share/action_interfaces/msg/UV.idl
[1.476s] -- Up-to-date: /home/mo/Thesis/install/action_interfaces/share/action_interfaces/msg/XYZ.idl
[1.476s] -- Up-to-date: /home/mo/Thesis/install/action_interfaces/share/action_interfaces/action/Fibonacci.action
[1.476s] -- Up-to-date: /home/mo/Thesis/install/action_interfaces/share/action_interfaces/action/MoveTcpAlongAxis.action
[1.476s] -- Up-to-date: /home/mo/Thesis/install/action_interfaces/share/action_interfaces/action/TransformAction.action
[1.476s] -- Up-to-date: /home/mo/Thesis/install/action_interfaces/share/action_interfaces/msg/BoundingBox.msg
[1.476s] -- Up-to-date: /home/mo/Thesis/install/action_interfaces/share/action_interfaces/msg/Hook.msg
[1.476s] -- Up-to-date: /home/mo/Thesis/install/action_interfaces/share/action_interfaces/msg/HookData.msg
[1.476s] -- Up-to-date: /home/mo/Thesis/install/action_interfaces/share/action_interfaces/msg/UV.msg
[1.477s] -- Up-to-date: /home/mo/Thesis/install/action_interfaces/share/action_interfaces/msg/XYZ.msg
[1.477s] -- Up-to-date: /home/mo/Thesis/install/action_interfaces/share/ament_index/resource_index/package_run_dependencies/action_interfaces
[1.477s] -- Up-to-date: /home/mo/Thesis/install/action_interfaces/share/ament_index/resource_index/parent_prefix_path/action_interfaces
[1.477s] -- Up-to-date: /home/mo/Thesis/install/action_interfaces/share/action_interfaces/environment/ament_prefix_path.sh
[1.477s] -- Up-to-date: /home/mo/Thesis/install/action_interfaces/share/action_interfaces/environment/ament_prefix_path.dsv
[1.477s] -- Up-to-date: /home/mo/Thesis/install/action_interfaces/share/action_interfaces/environment/path.sh
[1.477s] -- Up-to-date: /home/mo/Thesis/install/action_interfaces/share/action_interfaces/environment/path.dsv
[1.477s] -- Up-to-date: /home/mo/Thesis/install/action_interfaces/share/action_interfaces/local_setup.bash
[1.478s] -- Up-to-date: /home/mo/Thesis/install/action_interfaces/share/action_interfaces/local_setup.sh
[1.478s] -- Up-to-date: /home/mo/Thesis/install/action_interfaces/share/action_interfaces/local_setup.zsh
[1.478s] -- Up-to-date: /home/mo/Thesis/install/action_interfaces/share/action_interfaces/local_setup.dsv
[1.478s] -- Installing: /home/mo/Thesis/install/action_interfaces/share/action_interfaces/package.dsv
[1.478s] -- Up-to-date: /home/mo/Thesis/install/action_interfaces/share/ament_index/resource_index/packages/action_interfaces
[1.478s] -- Up-to-date: /home/mo/Thesis/install/action_interfaces/share/action_interfaces/cmake/action_interfaces__rosidl_generator_cExport.cmake
[1.478s] -- Up-to-date: /home/mo/Thesis/install/action_interfaces/share/action_interfaces/cmake/action_interfaces__rosidl_generator_cExport-noconfig.cmake
[1.478s] -- Up-to-date: /home/mo/Thesis/install/action_interfaces/share/action_interfaces/cmake/action_interfaces__rosidl_typesupport_introspection_cExport.cmake
[1.479s] -- Up-to-date: /home/mo/Thesis/install/action_interfaces/share/action_interfaces/cmake/action_interfaces__rosidl_typesupport_introspection_cExport-noconfig.cmake
[1.479s] -- Up-to-date: /home/mo/Thesis/install/action_interfaces/share/action_interfaces/cmake/action_interfaces__rosidl_typesupport_cExport.cmake
[1.479s] -- Up-to-date: /home/mo/Thesis/install/action_interfaces/share/action_interfaces/cmake/action_interfaces__rosidl_typesupport_cExport-noconfig.cmake
[1.479s] -- Up-to-date: /home/mo/Thesis/install/action_interfaces/share/action_interfaces/cmake/action_interfaces__rosidl_generator_cppExport.cmake
[1.479s] -- Up-to-date: /home/mo/Thesis/install/action_interfaces/share/action_interfaces/cmake/action_interfaces__rosidl_typesupport_introspection_cppExport.cmake
[1.479s] -- Up-to-date: /home/mo/Thesis/install/action_interfaces/share/action_interfaces/cmake/action_interfaces__rosidl_typesupport_introspection_cppExport-noconfig.cmake
[1.479s] -- Up-to-date: /home/mo/Thesis/install/action_interfaces/share/action_interfaces/cmake/action_interfaces__rosidl_typesupport_cppExport.cmake
[1.479s] -- Up-to-date: /home/mo/Thesis/install/action_interfaces/share/action_interfaces/cmake/action_interfaces__rosidl_typesupport_cppExport-noconfig.cmake
[1.480s] -- Up-to-date: /home/mo/Thesis/install/action_interfaces/share/action_interfaces/cmake/rosidl_cmake-extras.cmake
[1.480s] -- Up-to-date: /home/mo/Thesis/install/action_interfaces/share/action_interfaces/cmake/ament_cmake_export_dependencies-extras.cmake
[1.480s] -- Up-to-date: /home/mo/Thesis/install/action_interfaces/share/action_interfaces/cmake/ament_cmake_export_libraries-extras.cmake
[1.480s] -- Up-to-date: /home/mo/Thesis/install/action_interfaces/share/action_interfaces/cmake/ament_cmake_export_targets-extras.cmake
[1.480s] -- Up-to-date: /home/mo/Thesis/install/action_interfaces/share/action_interfaces/cmake/ament_cmake_export_include_directories-extras.cmake
[1.480s] -- Up-to-date: /home/mo/Thesis/install/action_interfaces/share/action_interfaces/cmake/rosidl_cmake_export_typesupport_libraries-extras.cmake
[1.480s] -- Up-to-date: /home/mo/Thesis/install/action_interfaces/share/action_interfaces/cmake/rosidl_cmake_export_typesupport_targets-extras.cmake
[1.480s] -- Up-to-date: /home/mo/Thesis/install/action_interfaces/share/action_interfaces/cmake/action_interfacesConfig.cmake
[1.481s] -- Up-to-date: /home/mo/Thesis/install/action_interfaces/share/action_interfaces/cmake/action_interfacesConfig-version.cmake
[1.481s] -- Up-to-date: /home/mo/Thesis/install/action_interfaces/share/action_interfaces/package.xml
[1.482s] Invoked command in '/home/mo/Thesis/build/action_interfaces' returned '0': CMAKE_PREFIX_PATH=${CMAKE_PREFIX_PATH}:/home/mo/Thesis/install/vision:/home/mo/Thesis/install/vcnanoz:/home/mo/Thesis/install/sensopart_visor:/home/mo/Thesis/install/robot_control:/home/mo/Thesis/install/kr_example_python:/home/mo/Thesis/install/action_servers:/opt/ros/foxy /usr/bin/cmake --install /home/mo/Thesis/build/action_interfaces
