[1.309s] Invoking command in '/home/mo/Thesis/src/robot_control': AMENT_PREFIX_PATH=/home/mo/Thesis/src/install/action_interfaces:${AMENT_PREFIX_PATH} CMAKE_PREFIX_PATH=/home/mo/Thesis/src/install/action_interfaces:${CMAKE_PREFIX_PATH} LD_LIBRARY_PATH=/home/mo/Thesis/src/install/action_interfaces/lib:${LD_LIBRARY_PATH} PYTHONPATH=/home/mo/Thesis/src/build/robot_control/prefix_override:/usr/lib/python3/dist-packages/colcon_core/task/python/colcon_distutils_commands:/home/mo/Thesis/src/install/robot_control/lib/python3.8/site-packages:/home/mo/Thesis/src/install/action_interfaces/lib/python3.8/site-packages:${PYTHONPATH} /usr/bin/python3 -W ignore:setup.py install is deprecated -W ignore:easy_install command is deprecated setup.py egg_info --egg-base ../build/robot_control build --build-base /home/mo/Thesis/src/build/robot_control/build install --record /home/mo/Thesis/src/build/robot_control/install.log --single-version-externally-managed install_data
[1.876s] running egg_info
[1.914s] creating ../build/robot_control/robot_control.egg-info
[1.914s] writing ../build/robot_control/robot_control.egg-info/PKG-INFO
[1.916s] writing dependency_links to ../build/robot_control/robot_control.egg-info/dependency_links.txt
[1.917s] writing entry points to ../build/robot_control/robot_control.egg-info/entry_points.txt
[1.918s] writing requirements to ../build/robot_control/robot_control.egg-info/requires.txt
[1.918s] writing top-level names to ../build/robot_control/robot_control.egg-info/top_level.txt
[2.121s] writing manifest file '../build/robot_control/robot_control.egg-info/SOURCES.txt'
[2.187s] reading manifest file '../build/robot_control/robot_control.egg-info/SOURCES.txt'
[2.189s] writing manifest file '../build/robot_control/robot_control.egg-info/SOURCES.txt'
[2.189s] running build
[2.190s] running build_py
[2.190s] creating /home/mo/Thesis/src/build/robot_control/build/lib/robot_control
[2.191s] copying robot_control/set_working_frame_qr.py -> /home/mo/Thesis/src/build/robot_control/build/lib/robot_control
[2.192s] copying robot_control/define_working_frame_needle.py -> /home/mo/Thesis/src/build/robot_control/build/lib/robot_control
[2.192s] copying robot_control/scan_bar_vertical_triangulation.py -> /home/mo/Thesis/src/build/robot_control/build/lib/robot_control
[2.193s] copying robot_control/MoveTcpAlongAxis_action_client.py -> /home/mo/Thesis/src/build/robot_control/build/lib/robot_control
[2.194s] copying robot_control/ibvs_2d.py -> /home/mo/Thesis/src/build/robot_control/build/lib/robot_control
[2.195s] copying robot_control/tf_frames_publisher.py -> /home/mo/Thesis/src/build/robot_control/build/lib/robot_control
[2.196s] copying robot_control/attachment_control_trajectory.py -> /home/mo/Thesis/src/build/robot_control/build/lib/robot_control
[2.197s] copying robot_control/seven_dof_ik_node.py -> /home/mo/Thesis/src/build/robot_control/build/lib/robot_control
[2.197s] copying robot_control/scan_bar_horizontal_triangulation_pxmm.py -> /home/mo/Thesis/src/build/robot_control/build/lib/robot_control
[2.199s] copying robot_control/ptp_movement_node.py -> /home/mo/Thesis/src/build/robot_control/build/lib/robot_control
[2.199s] copying robot_control/attachment_control_servoing.py -> /home/mo/Thesis/src/build/robot_control/build/lib/robot_control
[2.200s] copying robot_control/ik_solver_node.py -> /home/mo/Thesis/src/build/robot_control/build/lib/robot_control
[2.201s] copying robot_control/scan_bar_combined_triangulation.py -> /home/mo/Thesis/src/build/robot_control/build/lib/robot_control
[2.203s] copying robot_control/scan_bar_horizontal_triangulation.py -> /home/mo/Thesis/src/build/robot_control/build/lib/robot_control
[2.204s] copying robot_control/scan_bar_combined_triangulation_old.py -> /home/mo/Thesis/src/build/robot_control/build/lib/robot_control
[2.205s] copying robot_control/hook_data_listener.py -> /home/mo/Thesis/src/build/robot_control/build/lib/robot_control
[2.206s] copying robot_control/scan_bar.py -> /home/mo/Thesis/src/build/robot_control/build/lib/robot_control
[2.207s] copying robot_control/__init__.py -> /home/mo/Thesis/src/build/robot_control/build/lib/robot_control
[2.208s] creating /home/mo/Thesis/src/build/robot_control/build/lib/FC
[2.208s] copying FC/FC_trajectory_controller.py -> /home/mo/Thesis/src/build/robot_control/build/lib/FC
[2.209s] copying FC/FC_triangulation_processor.py -> /home/mo/Thesis/src/build/robot_control/build/lib/FC
[2.210s] copying FC/FC_gripper_handler.py -> /home/mo/Thesis/src/build/robot_control/build/lib/FC
[2.211s] copying FC/FC_controller_data_logger.py -> /home/mo/Thesis/src/build/robot_control/build/lib/FC
[2.211s] copying FC/FC_doc_visualization.py -> /home/mo/Thesis/src/build/robot_control/build/lib/FC
[2.212s] copying FC/FC_save_load_global_hook_dict.py -> /home/mo/Thesis/src/build/robot_control/build/lib/FC
[2.213s] copying FC/FC_doc_plot_attachment.py -> /home/mo/Thesis/src/build/robot_control/build/lib/FC
[2.214s] copying FC/FC_call_move_spline_service.py -> /home/mo/Thesis/src/build/robot_control/build/lib/FC
[2.214s] copying FC/FC_hook_geometrics_handler_for_trajectory.py -> /home/mo/Thesis/src/build/robot_control/build/lib/FC
[2.215s] copying FC/FC_call_move_linear_service.py -> /home/mo/Thesis/src/build/robot_control/build/lib/FC
[2.216s] copying FC/FC_stereo_triangulation_processor.py -> /home/mo/Thesis/src/build/robot_control/build/lib/FC
[2.217s] copying FC/FC_frame_handler.py -> /home/mo/Thesis/src/build/robot_control/build/lib/FC
[2.218s] copying FC/FC_cam_geometrics_handler.py -> /home/mo/Thesis/src/build/robot_control/build/lib/FC
[2.219s] copying FC/FC_dict_receive_processing.py -> /home/mo/Thesis/src/build/robot_control/build/lib/FC
[2.219s] copying FC/FC_parameterized_cubic_spline.py -> /home/mo/Thesis/src/build/robot_control/build/lib/FC
[2.220s] copying FC/__init__.py -> /home/mo/Thesis/src/build/robot_control/build/lib/FC
[2.221s] copying FC/FC_edge_detector.py -> /home/mo/Thesis/src/build/robot_control/build/lib/FC
[2.223s] running install
[2.233s] running install_lib
[2.273s] creating /home/mo/Thesis/src/install/robot_control/lib/python3.8/site-packages/robot_control
[2.273s] copying /home/mo/Thesis/src/build/robot_control/build/lib/robot_control/set_working_frame_qr.py -> /home/mo/Thesis/src/install/robot_control/lib/python3.8/site-packages/robot_control
[2.274s] copying /home/mo/Thesis/src/build/robot_control/build/lib/robot_control/define_working_frame_needle.py -> /home/mo/Thesis/src/install/robot_control/lib/python3.8/site-packages/robot_control
[2.274s] copying /home/mo/Thesis/src/build/robot_control/build/lib/robot_control/scan_bar_vertical_triangulation.py -> /home/mo/Thesis/src/install/robot_control/lib/python3.8/site-packages/robot_control
[2.274s] copying /home/mo/Thesis/src/build/robot_control/build/lib/robot_control/MoveTcpAlongAxis_action_client.py -> /home/mo/Thesis/src/install/robot_control/lib/python3.8/site-packages/robot_control
[2.274s] copying /home/mo/Thesis/src/build/robot_control/build/lib/robot_control/ibvs_2d.py -> /home/mo/Thesis/src/install/robot_control/lib/python3.8/site-packages/robot_control
[2.275s] copying /home/mo/Thesis/src/build/robot_control/build/lib/robot_control/tf_frames_publisher.py -> /home/mo/Thesis/src/install/robot_control/lib/python3.8/site-packages/robot_control
[2.275s] copying /home/mo/Thesis/src/build/robot_control/build/lib/robot_control/attachment_control_trajectory.py -> /home/mo/Thesis/src/install/robot_control/lib/python3.8/site-packages/robot_control
[2.275s] copying /home/mo/Thesis/src/build/robot_control/build/lib/robot_control/seven_dof_ik_node.py -> /home/mo/Thesis/src/install/robot_control/lib/python3.8/site-packages/robot_control
[2.275s] copying /home/mo/Thesis/src/build/robot_control/build/lib/robot_control/scan_bar_horizontal_triangulation_pxmm.py -> /home/mo/Thesis/src/install/robot_control/lib/python3.8/site-packages/robot_control
[2.276s] copying /home/mo/Thesis/src/build/robot_control/build/lib/robot_control/ptp_movement_node.py -> /home/mo/Thesis/src/install/robot_control/lib/python3.8/site-packages/robot_control
[2.276s] copying /home/mo/Thesis/src/build/robot_control/build/lib/robot_control/attachment_control_servoing.py -> /home/mo/Thesis/src/install/robot_control/lib/python3.8/site-packages/robot_control
[2.276s] copying /home/mo/Thesis/src/build/robot_control/build/lib/robot_control/ik_solver_node.py -> /home/mo/Thesis/src/install/robot_control/lib/python3.8/site-packages/robot_control
[2.276s] copying /home/mo/Thesis/src/build/robot_control/build/lib/robot_control/scan_bar_combined_triangulation.py -> /home/mo/Thesis/src/install/robot_control/lib/python3.8/site-packages/robot_control
[2.277s] copying /home/mo/Thesis/src/build/robot_control/build/lib/robot_control/scan_bar_horizontal_triangulation.py -> /home/mo/Thesis/src/install/robot_control/lib/python3.8/site-packages/robot_control
[2.277s] copying /home/mo/Thesis/src/build/robot_control/build/lib/robot_control/scan_bar_combined_triangulation_old.py -> /home/mo/Thesis/src/install/robot_control/lib/python3.8/site-packages/robot_control
[2.277s] copying /home/mo/Thesis/src/build/robot_control/build/lib/robot_control/hook_data_listener.py -> /home/mo/Thesis/src/install/robot_control/lib/python3.8/site-packages/robot_control
[2.278s] copying /home/mo/Thesis/src/build/robot_control/build/lib/robot_control/scan_bar.py -> /home/mo/Thesis/src/install/robot_control/lib/python3.8/site-packages/robot_control
[2.278s] copying /home/mo/Thesis/src/build/robot_control/build/lib/robot_control/__init__.py -> /home/mo/Thesis/src/install/robot_control/lib/python3.8/site-packages/robot_control
[2.278s] creating /home/mo/Thesis/src/install/robot_control/lib/python3.8/site-packages/FC
[2.278s] copying /home/mo/Thesis/src/build/robot_control/build/lib/FC/FC_trajectory_controller.py -> /home/mo/Thesis/src/install/robot_control/lib/python3.8/site-packages/FC
[2.279s] copying /home/mo/Thesis/src/build/robot_control/build/lib/FC/FC_triangulation_processor.py -> /home/mo/Thesis/src/install/robot_control/lib/python3.8/site-packages/FC
[2.279s] copying /home/mo/Thesis/src/build/robot_control/build/lib/FC/FC_gripper_handler.py -> /home/mo/Thesis/src/install/robot_control/lib/python3.8/site-packages/FC
[2.279s] copying /home/mo/Thesis/src/build/robot_control/build/lib/FC/FC_controller_data_logger.py -> /home/mo/Thesis/src/install/robot_control/lib/python3.8/site-packages/FC
[2.279s] copying /home/mo/Thesis/src/build/robot_control/build/lib/FC/FC_doc_visualization.py -> /home/mo/Thesis/src/install/robot_control/lib/python3.8/site-packages/FC
[2.280s] copying /home/mo/Thesis/src/build/robot_control/build/lib/FC/FC_save_load_global_hook_dict.py -> /home/mo/Thesis/src/install/robot_control/lib/python3.8/site-packages/FC
[2.280s] copying /home/mo/Thesis/src/build/robot_control/build/lib/FC/FC_doc_plot_attachment.py -> /home/mo/Thesis/src/install/robot_control/lib/python3.8/site-packages/FC
[2.280s] copying /home/mo/Thesis/src/build/robot_control/build/lib/FC/FC_call_move_spline_service.py -> /home/mo/Thesis/src/install/robot_control/lib/python3.8/site-packages/FC
[2.280s] copying /home/mo/Thesis/src/build/robot_control/build/lib/FC/FC_hook_geometrics_handler_for_trajectory.py -> /home/mo/Thesis/src/install/robot_control/lib/python3.8/site-packages/FC
[2.280s] copying /home/mo/Thesis/src/build/robot_control/build/lib/FC/FC_call_move_linear_service.py -> /home/mo/Thesis/src/install/robot_control/lib/python3.8/site-packages/FC
[2.281s] copying /home/mo/Thesis/src/build/robot_control/build/lib/FC/FC_stereo_triangulation_processor.py -> /home/mo/Thesis/src/install/robot_control/lib/python3.8/site-packages/FC
[2.281s] copying /home/mo/Thesis/src/build/robot_control/build/lib/FC/FC_frame_handler.py -> /home/mo/Thesis/src/install/robot_control/lib/python3.8/site-packages/FC
[2.281s] copying /home/mo/Thesis/src/build/robot_control/build/lib/FC/FC_cam_geometrics_handler.py -> /home/mo/Thesis/src/install/robot_control/lib/python3.8/site-packages/FC
[2.281s] copying /home/mo/Thesis/src/build/robot_control/build/lib/FC/FC_dict_receive_processing.py -> /home/mo/Thesis/src/install/robot_control/lib/python3.8/site-packages/FC
[2.282s] copying /home/mo/Thesis/src/build/robot_control/build/lib/FC/FC_parameterized_cubic_spline.py -> /home/mo/Thesis/src/install/robot_control/lib/python3.8/site-packages/FC
[2.282s] copying /home/mo/Thesis/src/build/robot_control/build/lib/FC/__init__.py -> /home/mo/Thesis/src/install/robot_control/lib/python3.8/site-packages/FC
[2.282s] copying /home/mo/Thesis/src/build/robot_control/build/lib/FC/FC_edge_detector.py -> /home/mo/Thesis/src/install/robot_control/lib/python3.8/site-packages/FC
[2.283s] byte-compiling /home/mo/Thesis/src/install/robot_control/lib/python3.8/site-packages/robot_control/set_working_frame_qr.py to set_working_frame_qr.cpython-38.pyc
[2.287s] byte-compiling /home/mo/Thesis/src/install/robot_control/lib/python3.8/site-packages/robot_control/define_working_frame_needle.py to define_working_frame_needle.cpython-38.pyc
[2.289s] byte-compiling /home/mo/Thesis/src/install/robot_control/lib/python3.8/site-packages/robot_control/scan_bar_vertical_triangulation.py to scan_bar_vertical_triangulation.cpython-38.pyc
[2.296s] byte-compiling /home/mo/Thesis/src/install/robot_control/lib/python3.8/site-packages/robot_control/MoveTcpAlongAxis_action_client.py to MoveTcpAlongAxis_action_client.cpython-38.pyc
[2.297s] byte-compiling /home/mo/Thesis/src/install/robot_control/lib/python3.8/site-packages/robot_control/ibvs_2d.py to ibvs_2d.cpython-38.pyc
[2.299s] byte-compiling /home/mo/Thesis/src/install/robot_control/lib/python3.8/site-packages/robot_control/tf_frames_publisher.py to tf_frames_publisher.cpython-38.pyc
[2.301s] byte-compiling /home/mo/Thesis/src/install/robot_control/lib/python3.8/site-packages/robot_control/attachment_control_trajectory.py to attachment_control_trajectory.cpython-38.pyc
[2.304s] byte-compiling /home/mo/Thesis/src/install/robot_control/lib/python3.8/site-packages/robot_control/seven_dof_ik_node.py to seven_dof_ik_node.cpython-38.pyc
[2.304s] byte-compiling /home/mo/Thesis/src/install/robot_control/lib/python3.8/site-packages/robot_control/scan_bar_horizontal_triangulation_pxmm.py to scan_bar_horizontal_triangulation_pxmm.cpython-38.pyc
[2.311s] byte-compiling /home/mo/Thesis/src/install/robot_control/lib/python3.8/site-packages/robot_control/ptp_movement_node.py to ptp_movement_node.cpython-38.pyc
[2.312s] byte-compiling /home/mo/Thesis/src/install/robot_control/lib/python3.8/site-packages/robot_control/attachment_control_servoing.py to attachment_control_servoing.cpython-38.pyc
[2.313s] byte-compiling /home/mo/Thesis/src/install/robot_control/lib/python3.8/site-packages/robot_control/ik_solver_node.py to ik_solver_node.cpython-38.pyc
[2.314s] byte-compiling /home/mo/Thesis/src/install/robot_control/lib/python3.8/site-packages/robot_control/scan_bar_combined_triangulation.py to scan_bar_combined_triangulation.cpython-38.pyc
[2.323s] byte-compiling /home/mo/Thesis/src/install/robot_control/lib/python3.8/site-packages/robot_control/scan_bar_horizontal_triangulation.py to scan_bar_horizontal_triangulation.cpython-38.pyc
[2.329s] byte-compiling /home/mo/Thesis/src/install/robot_control/lib/python3.8/site-packages/robot_control/scan_bar_combined_triangulation_old.py to scan_bar_combined_triangulation_old.cpython-38.pyc
[2.336s] byte-compiling /home/mo/Thesis/src/install/robot_control/lib/python3.8/site-packages/robot_control/hook_data_listener.py to hook_data_listener.cpython-38.pyc
[2.337s] byte-compiling /home/mo/Thesis/src/install/robot_control/lib/python3.8/site-packages/robot_control/scan_bar.py to scan_bar.cpython-38.pyc
[2.341s] byte-compiling /home/mo/Thesis/src/install/robot_control/lib/python3.8/site-packages/robot_control/__init__.py to __init__.cpython-38.pyc
[2.341s] byte-compiling /home/mo/Thesis/src/install/robot_control/lib/python3.8/site-packages/FC/FC_trajectory_controller.py to FC_trajectory_controller.cpython-38.pyc
[2.343s] byte-compiling /home/mo/Thesis/src/install/robot_control/lib/python3.8/site-packages/FC/FC_triangulation_processor.py to FC_triangulation_processor.cpython-38.pyc
[2.344s] byte-compiling /home/mo/Thesis/src/install/robot_control/lib/python3.8/site-packages/FC/FC_gripper_handler.py to FC_gripper_handler.cpython-38.pyc
[2.346s] byte-compiling /home/mo/Thesis/src/install/robot_control/lib/python3.8/site-packages/FC/FC_controller_data_logger.py to FC_controller_data_logger.cpython-38.pyc
[2.347s] byte-compiling /home/mo/Thesis/src/install/robot_control/lib/python3.8/site-packages/FC/FC_doc_visualization.py to FC_doc_visualization.cpython-38.pyc
[2.348s] byte-compiling /home/mo/Thesis/src/install/robot_control/lib/python3.8/site-packages/FC/FC_save_load_global_hook_dict.py to FC_save_load_global_hook_dict.cpython-38.pyc
[2.350s] byte-compiling /home/mo/Thesis/src/install/robot_control/lib/python3.8/site-packages/FC/FC_doc_plot_attachment.py to FC_doc_plot_attachment.cpython-38.pyc
[2.351s] byte-compiling /home/mo/Thesis/src/install/robot_control/lib/python3.8/site-packages/FC/FC_call_move_spline_service.py to FC_call_move_spline_service.cpython-38.pyc
[2.351s] byte-compiling /home/mo/Thesis/src/install/robot_control/lib/python3.8/site-packages/FC/FC_hook_geometrics_handler_for_trajectory.py to FC_hook_geometrics_handler_for_trajectory.cpython-38.pyc
[2.355s] byte-compiling /home/mo/Thesis/src/install/robot_control/lib/python3.8/site-packages/FC/FC_call_move_linear_service.py to FC_call_move_linear_service.cpython-38.pyc
[2.356s] byte-compiling /home/mo/Thesis/src/install/robot_control/lib/python3.8/site-packages/FC/FC_stereo_triangulation_processor.py to FC_stereo_triangulation_processor.cpython-38.pyc
[2.357s] byte-compiling /home/mo/Thesis/src/install/robot_control/lib/python3.8/site-packages/FC/FC_frame_handler.py to FC_frame_handler.cpython-38.pyc
[2.359s] byte-compiling /home/mo/Thesis/src/install/robot_control/lib/python3.8/site-packages/FC/FC_cam_geometrics_handler.py to FC_cam_geometrics_handler.cpython-38.pyc
[2.360s] byte-compiling /home/mo/Thesis/src/install/robot_control/lib/python3.8/site-packages/FC/FC_dict_receive_processing.py to FC_dict_receive_processing.cpython-38.pyc
[2.361s] byte-compiling /home/mo/Thesis/src/install/robot_control/lib/python3.8/site-packages/FC/FC_parameterized_cubic_spline.py to FC_parameterized_cubic_spline.cpython-38.pyc
[2.362s] byte-compiling /home/mo/Thesis/src/install/robot_control/lib/python3.8/site-packages/FC/__init__.py to __init__.cpython-38.pyc
[2.362s] byte-compiling /home/mo/Thesis/src/install/robot_control/lib/python3.8/site-packages/FC/FC_edge_detector.py to FC_edge_detector.cpython-38.pyc
[2.363s] running install_data
[2.363s] creating /home/mo/Thesis/src/install/robot_control/share/ament_index/resource_index/packages
[2.364s] copying resource/robot_control -> /home/mo/Thesis/src/install/robot_control/share/ament_index/resource_index/packages
[2.364s] copying package.xml -> /home/mo/Thesis/src/install/robot_control/share/robot_control
[2.365s] creating /home/mo/Thesis/src/install/robot_control/share/robot_control/launch
[2.365s] copying launch/vc_vision_launch.py -> /home/mo/Thesis/src/install/robot_control/share/robot_control/launch
[2.365s] copying launch/vc_vision_dualcam_launch.py -> /home/mo/Thesis/src/install/robot_control/share/robot_control/launch
[2.365s] copying launch/scan_bar_launch.py -> /home/mo/Thesis/src/install/robot_control/share/robot_control/launch
[2.366s] copying launch/robot_launch.py -> /home/mo/Thesis/src/install/robot_control/share/robot_control/launch
[2.366s] copying launch/test_7dof.launch.py -> /home/mo/Thesis/src/install/robot_control/share/robot_control/launch
[2.366s] creating /home/mo/Thesis/src/install/robot_control/share/robot_control/config
[2.367s] copying config/vc_params.yaml -> /home/mo/Thesis/src/install/robot_control/share/robot_control/config
[2.367s] running install_egg_info
[2.407s] Copying ../build/robot_control/robot_control.egg-info to /home/mo/Thesis/src/install/robot_control/lib/python3.8/site-packages/robot_control-0.0.0-py3.8.egg-info
[2.409s] running install_scripts
[2.504s] Installing MoveTcpAlongAxis_action_client script to /home/mo/Thesis/src/install/robot_control/lib/robot_control
[2.504s] Installing attachment_control_servoing script to /home/mo/Thesis/src/install/robot_control/lib/robot_control
[2.504s] Installing attachment_control_trajectory script to /home/mo/Thesis/src/install/robot_control/lib/robot_control
[2.505s] Installing define_working_frame_needle script to /home/mo/Thesis/src/install/robot_control/lib/robot_control
[2.505s] Installing hook_data_listener script to /home/mo/Thesis/src/install/robot_control/lib/robot_control
[2.507s] Installing ibvs_2d script to /home/mo/Thesis/src/install/robot_control/lib/robot_control
[2.507s] Installing ik_solver_node script to /home/mo/Thesis/src/install/robot_control/lib/robot_control
[2.507s] Installing ptp_movement_node script to /home/mo/Thesis/src/install/robot_control/lib/robot_control
[2.508s] Installing scan_bar script to /home/mo/Thesis/src/install/robot_control/lib/robot_control
[2.509s] Installing scan_bar_combined_triangulation script to /home/mo/Thesis/src/install/robot_control/lib/robot_control
[2.509s] Installing scan_bar_horizontal_triangulation script to /home/mo/Thesis/src/install/robot_control/lib/robot_control
[2.511s] Installing scan_bar_horizontal_triangulation_pxmm script to /home/mo/Thesis/src/install/robot_control/lib/robot_control
[2.511s] Installing scan_bar_vertical_triangulation script to /home/mo/Thesis/src/install/robot_control/lib/robot_control
[2.511s] Installing set_working_frame_qr script to /home/mo/Thesis/src/install/robot_control/lib/robot_control
[2.512s] Installing seven_dof_ik_node script to /home/mo/Thesis/src/install/robot_control/lib/robot_control
[2.512s] Installing tf_frames_publisher script to /home/mo/Thesis/src/install/robot_control/lib/robot_control
[2.513s] writing list of installed files to '/home/mo/Thesis/src/build/robot_control/install.log'
[2.576s] Invoked command in '/home/mo/Thesis/src/robot_control' returned '0': AMENT_PREFIX_PATH=/home/mo/Thesis/src/install/action_interfaces:${AMENT_PREFIX_PATH} CMAKE_PREFIX_PATH=/home/mo/Thesis/src/install/action_interfaces:${CMAKE_PREFIX_PATH} LD_LIBRARY_PATH=/home/mo/Thesis/src/install/action_interfaces/lib:${LD_LIBRARY_PATH} PYTHONPATH=/home/mo/Thesis/src/build/robot_control/prefix_override:/usr/lib/python3/dist-packages/colcon_core/task/python/colcon_distutils_commands:/home/mo/Thesis/src/install/robot_control/lib/python3.8/site-packages:/home/mo/Thesis/src/install/action_interfaces/lib/python3.8/site-packages:${PYTHONPATH} /usr/bin/python3 -W ignore:setup.py install is deprecated -W ignore:easy_install command is deprecated setup.py egg_info --egg-base ../build/robot_control build --build-base /home/mo/Thesis/src/build/robot_control/build install --record /home/mo/Thesis/src/build/robot_control/install.log --single-version-externally-managed install_data
