[2.575s] Invoking command in '/home/vboxuser/Thesis/build/vision': PYTHONPATH=/home/vboxuser/Thesis/build/vision/prefix_override:/usr/lib/python3/dist-packages/colcon_core/task/python/colcon_distutils_commands:/home/vboxuser/Thesis/install/vision/lib/python3.8/site-packages:${PYTHONPATH} /usr/bin/python3 -W ignore:setup.py install is deprecated setup.py develop --editable --build-directory /home/vboxuser/Thesis/build/vision/build --no-deps symlink_data
[2.901s] running develop
[3.131s] running egg_info
[3.131s] writing vision.egg-info/PKG-INFO
[3.131s] writing dependency_links to vision.egg-info/dependency_links.txt
[3.131s] writing entry points to vision.egg-info/entry_points.txt
[3.131s] writing requirements to vision.egg-info/requires.txt
[3.131s] writing top-level names to vision.egg-info/top_level.txt
[3.151s] reading manifest file 'vision.egg-info/SOURCES.txt'
[3.151s] writing manifest file 'vision.egg-info/SOURCES.txt'
[3.197s] running build_ext
[3.198s] Creating /home/vboxuser/Thesis/install/vision/lib/python3.8/site-packages/vision.egg-link (link to .)
[3.200s] Installing calibration script to /home/vboxuser/Thesis/install/vision/lib/vision
[3.202s] Installing hook_detector script to /home/vboxuser/Thesis/install/vision/lib/vision
[3.202s] Installing image_filters script to /home/vboxuser/Thesis/install/vision/lib/vision
[3.212s] Installing image_receiver script to /home/vboxuser/Thesis/install/vision/lib/vision
[3.213s] Installing point_finder_2d script to /home/vboxuser/Thesis/install/vision/lib/vision
[3.213s] Installing point_finder_3d script to /home/vboxuser/Thesis/install/vision/lib/vision
[3.219s] Installing stereo_triangulation script to /home/vboxuser/Thesis/install/vision/lib/vision
[3.219s] Installing stereo_triangulation_with_robot script to /home/vboxuser/Thesis/install/vision/lib/vision
[3.219s] Installing test_node script to /home/vboxuser/Thesis/install/vision/lib/vision
[3.219s] 
[3.219s] Installed /home/vboxuser/Thesis/build/vision
[3.219s] running symlink_data
[3.288s] Invoked command in '/home/vboxuser/Thesis/build/vision' returned '0': PYTHONPATH=/home/vboxuser/Thesis/build/vision/prefix_override:/usr/lib/python3/dist-packages/colcon_core/task/python/colcon_distutils_commands:/home/vboxuser/Thesis/install/vision/lib/python3.8/site-packages:${PYTHONPATH} /usr/bin/python3 -W ignore:setup.py install is deprecated setup.py develop --editable --build-directory /home/vboxuser/Thesis/build/vision/build --no-deps symlink_data
