running develop
running egg_info
creating robot_control.egg-info
writing robot_control.egg-info/PKG-INFO
writing dependency_links to robot_control.egg-info/dependency_links.txt
writing entry points to robot_control.egg-info/entry_points.txt
writing requirements to robot_control.egg-info/requires.txt
writing top-level names to robot_control.egg-info/top_level.txt
writing manifest file 'robot_control.egg-info/SOURCES.txt'
reading manifest file 'robot_control.egg-info/SOURCES.txt'
writing manifest file 'robot_control.egg-info/SOURCES.txt'
running build_ext
Creating /home/mo/Thesis/install/robot_control/lib/python3.8/site-packages/site.py
Creating /home/mo/Thesis/install/robot_control/lib/python3.8/site-packages/robot-control.egg-link (link to .)
Installing MoveTcpAlongAxis_action_client script to /home/mo/Thesis/install/robot_control/lib/robot_control
Installing define_working_frame_needle script to /home/mo/Thesis/install/robot_control/lib/robot_control
Installing ibvs_2d script to /home/mo/Thesis/install/robot_control/lib/robot_control
Installing move_lin_by_key script to /home/mo/Thesis/install/robot_control/lib/robot_control
Installing scan_bar script to /home/mo/Thesis/install/robot_control/lib/robot_control
Installing set_working_frame_qr script to /home/mo/Thesis/install/robot_control/lib/robot_control
Installing tcp_frame_listener script to /home/mo/Thesis/install/robot_control/lib/robot_control
Installing tf_frames_publisher script to /home/mo/Thesis/install/robot_control/lib/robot_control
Installing transform_action_client script to /home/mo/Thesis/install/robot_control/lib/robot_control

Installed /home/mo/Thesis/build/robot_control
running symlink_data
creating /home/mo/Thesis/install/robot_control/share/ament_index
creating /home/mo/Thesis/install/robot_control/share/ament_index/resource_index
creating /home/mo/Thesis/install/robot_control/share/ament_index/resource_index/packages
symbolically linking /home/mo/Thesis/build/robot_control/resource/robot_control -> /home/mo/Thesis/install/robot_control/share/ament_index/resource_index/packages
symbolically linking /home/mo/Thesis/build/robot_control/package.xml -> /home/mo/Thesis/install/robot_control/share/robot_control
