[1.613s] Invoking command in '/home/mo/Thesis/build/vision': PYTHONPATH=/home/mo/Thesis/build/vision/prefix_override:/usr/lib/python3/dist-packages/colcon_core/task/python/colcon_distutils_commands:/home/mo/Thesis/install/vision/lib/python3.8/site-packages:${PYTHONPATH} /usr/bin/python3 -W ignore:setup.py install is deprecated -W ignore:easy_install command is deprecated setup.py develop --editable --build-directory /home/mo/Thesis/build/vision/build --no-deps symlink_data
[2.034s] running develop
[2.275s] running egg_info
[2.293s] writing vision.egg-info/PKG-INFO
[2.293s] writing dependency_links to vision.egg-info/dependency_links.txt
[2.294s] writing entry points to vision.egg-info/entry_points.txt
[2.294s] writing requirements to vision.egg-info/requires.txt
[2.294s] writing top-level names to vision.egg-info/top_level.txt
[2.332s] reading manifest file 'vision.egg-info/SOURCES.txt'
[2.333s] writing manifest file 'vision.egg-info/SOURCES.txt'
[2.395s] running build_ext
[2.395s] Creating /home/mo/Thesis/install/vision/lib/python3.8/site-packages/vision.egg-link (link to .)
[2.396s] Installing calibration script to /home/mo/Thesis/install/vision/lib/vision
[2.396s] Installing hook_detector script to /home/mo/Thesis/install/vision/lib/vision
[2.396s] Installing image_filters script to /home/mo/Thesis/install/vision/lib/vision
[2.397s] Installing image_receiver script to /home/mo/Thesis/install/vision/lib/vision
[2.397s] Installing maskrcnn_inference script to /home/mo/Thesis/install/vision/lib/vision
[2.397s] Installing nn_output_processor script to /home/mo/Thesis/install/vision/lib/vision
[2.397s] Installing point_finder_2d script to /home/mo/Thesis/install/vision/lib/vision
[2.397s] Installing point_finder_3d script to /home/mo/Thesis/install/vision/lib/vision
[2.397s] Installing stereo_triangulation script to /home/mo/Thesis/install/vision/lib/vision
[2.397s] Installing stereo_triangulation_with_robot script to /home/mo/Thesis/install/vision/lib/vision
[2.398s] Installing test_node script to /home/mo/Thesis/install/vision/lib/vision
[2.398s] Installing yolov8_inference script to /home/mo/Thesis/install/vision/lib/vision
[2.398s] 
[2.398s] Installed /home/mo/Thesis/build/vision
[2.398s] running symlink_data
[2.438s] Invoked command in '/home/mo/Thesis/build/vision' returned '0': PYTHONPATH=/home/mo/Thesis/build/vision/prefix_override:/usr/lib/python3/dist-packages/colcon_core/task/python/colcon_distutils_commands:/home/mo/Thesis/install/vision/lib/python3.8/site-packages:${PYTHONPATH} /usr/bin/python3 -W ignore:setup.py install is deprecated -W ignore:easy_install command is deprecated setup.py develop --editable --build-directory /home/mo/Thesis/build/vision/build --no-deps symlink_data
