[1.604s] Invoking command in '/home/mo/Thesis/src/vision': PYTHONPATH=/home/mo/Thesis/build/vision/prefix_override:/usr/lib/python3/dist-packages/colcon_core/task/python/colcon_distutils_commands:/home/mo/Thesis/install/vision/lib/python3.8/site-packages:${PYTHONPATH} /usr/bin/python3 -W ignore:setup.py install is deprecated -W ignore:easy_install command is deprecated setup.py egg_info --egg-base ../../build/vision build --build-base /home/mo/Thesis/build/vision/build install --record /home/mo/Thesis/build/vision/install.log --install-scripts $base/lib/vision --single-version-externally-managed install_data
[1.900s] running egg_info
[1.900s] writing ../../build/vision/vision.egg-info/PKG-INFO
[1.900s] writing dependency_links to ../../build/vision/vision.egg-info/dependency_links.txt
[1.900s] writing entry points to ../../build/vision/vision.egg-info/entry_points.txt
[1.900s] writing requirements to ../../build/vision/vision.egg-info/requires.txt
[1.900s] writing top-level names to ../../build/vision/vision.egg-info/top_level.txt
[1.901s] reading manifest file '../../build/vision/vision.egg-info/SOURCES.txt'
[1.901s] writing manifest file '../../build/vision/vision.egg-info/SOURCES.txt'
[1.901s] running build
[1.902s] running build_py
[1.902s] copying vision/yolov8_inference.py -> /home/mo/Thesis/build/vision/build/lib/vision
[1.903s] running install
[1.903s] running install_lib
[1.903s] copying /home/mo/Thesis/build/vision/build/lib/vision/yolov8_inference.py -> /home/mo/Thesis/install/vision/lib/python3.8/site-packages/vision
[1.903s] byte-compiling /home/mo/Thesis/install/vision/lib/python3.8/site-packages/vision/yolov8_inference.py to yolov8_inference.cpython-38.pyc
[1.904s] running install_data
[1.904s] running install_egg_info
[1.905s] removing '/home/mo/Thesis/install/vision/lib/python3.8/site-packages/vision-0.0.0-py3.8.egg-info' (and everything under it)
[1.905s] Copying ../../build/vision/vision.egg-info to /home/mo/Thesis/install/vision/lib/python3.8/site-packages/vision-0.0.0-py3.8.egg-info
[1.905s] running install_scripts
[1.905s] Installing calibration script to /home/mo/Thesis/install/vision/lib/vision
[1.906s] Installing hook_detector script to /home/mo/Thesis/install/vision/lib/vision
[1.906s] Installing image_filters script to /home/mo/Thesis/install/vision/lib/vision
[1.906s] Installing image_receiver script to /home/mo/Thesis/install/vision/lib/vision
[1.906s] Installing point_finder_2d script to /home/mo/Thesis/install/vision/lib/vision
[1.907s] Installing point_finder_3d script to /home/mo/Thesis/install/vision/lib/vision
[1.907s] Installing stereo_triangulation script to /home/mo/Thesis/install/vision/lib/vision
[1.907s] Installing stereo_triangulation_with_robot script to /home/mo/Thesis/install/vision/lib/vision
[1.907s] Installing test_node script to /home/mo/Thesis/install/vision/lib/vision
[1.907s] Installing yolov8_inference script to /home/mo/Thesis/install/vision/lib/vision
[1.908s] writing list of installed files to '/home/mo/Thesis/build/vision/install.log'
[1.910s] Invoked command in '/home/mo/Thesis/src/vision' returned '0': PYTHONPATH=/home/mo/Thesis/build/vision/prefix_override:/usr/lib/python3/dist-packages/colcon_core/task/python/colcon_distutils_commands:/home/mo/Thesis/install/vision/lib/python3.8/site-packages:${PYTHONPATH} /usr/bin/python3 -W ignore:setup.py install is deprecated -W ignore:easy_install command is deprecated setup.py egg_info --egg-base ../../build/vision build --build-base /home/mo/Thesis/build/vision/build install --record /home/mo/Thesis/build/vision/install.log --install-scripts $base/lib/vision --single-version-externally-managed install_data
