[1.722s] Invoking command in '/home/mo/Thesis/src/vision': PYTHONPATH=/home/mo/Thesis/build/vision/prefix_override:/usr/lib/python3/dist-packages/colcon_core/task/python/colcon_distutils_commands:/home/mo/Thesis/install/vision/lib/python3.8/site-packages:${PYTHONPATH} /usr/bin/python3 -W ignore:setup.py install is deprecated -W ignore:easy_install command is deprecated setup.py egg_info --egg-base ../../build/vision build --build-base /home/mo/Thesis/build/vision/build install --record /home/mo/Thesis/build/vision/install.log --single-version-externally-managed install_data
[2.130s] running egg_info
[2.149s] writing ../../build/vision/vision.egg-info/PKG-INFO
[2.149s] writing dependency_links to ../../build/vision/vision.egg-info/dependency_links.txt
[2.150s] writing entry points to ../../build/vision/vision.egg-info/entry_points.txt
[2.150s] writing requirements to ../../build/vision/vision.egg-info/requires.txt
[2.150s] writing top-level names to ../../build/vision/vision.egg-info/top_level.txt
[2.306s] reading manifest file '../../build/vision/vision.egg-info/SOURCES.txt'
[2.308s] writing manifest file '../../build/vision/vision.egg-info/SOURCES.txt'
[2.309s] running build
[2.309s] running build_py
[2.310s] copying vision/yolov8_dualcam_inference.py -> /home/mo/Thesis/build/vision/build/lib/vision
[2.310s] copying vision/point_finder_3d.py -> /home/mo/Thesis/build/vision/build/lib/vision
[2.311s] copying vision/light_controller.py -> /home/mo/Thesis/build/vision/build/lib/vision
[2.311s] copying vision/image_receiver.py -> /home/mo/Thesis/build/vision/build/lib/vision
[2.311s] copying vision/OLD_process_nn_output.py -> /home/mo/Thesis/build/vision/build/lib/vision
[2.312s] copying vision/vc_startup.py -> /home/mo/Thesis/build/vision/build/lib/vision
[2.312s] copying vision/img_filters.py -> /home/mo/Thesis/build/vision/build/lib/vision
[2.313s] copying vision/point_finder_2d.py -> /home/mo/Thesis/build/vision/build/lib/vision
[2.313s] copying vision/maskrcnn_inference.py -> /home/mo/Thesis/build/vision/build/lib/vision
[2.314s] copying vision/calibration.py -> /home/mo/Thesis/build/vision/build/lib/vision
[2.314s] copying vision/yolov8_inference.py -> /home/mo/Thesis/build/vision/build/lib/vision
[2.315s] copying vision/OLD_nn_output_processor.py -> /home/mo/Thesis/build/vision/build/lib/vision
[2.315s] copying vision/hook_detector.py -> /home/mo/Thesis/build/vision/build/lib/vision
[2.315s] copying vision/__init__.py -> /home/mo/Thesis/build/vision/build/lib/vision
[2.316s] copying vision/test_node.py -> /home/mo/Thesis/build/vision/build/lib/vision
[2.317s] copying FC_vision/FC_process_hooks_dict_for_publishing.py -> /home/mo/Thesis/build/vision/build/lib/FC_vision
[2.317s] copying FC_vision/FC_lowpass_filter.py -> /home/mo/Thesis/build/vision/build/lib/FC_vision
[2.317s] copying FC_vision/FC_plot_yolo_imgs.py -> /home/mo/Thesis/build/vision/build/lib/FC_vision
[2.318s] copying FC_vision/FC_two_cam_stereo_triangulation_processor.py -> /home/mo/Thesis/build/vision/build/lib/FC_vision
[2.318s] copying FC_vision/FC_ema_filter.py -> /home/mo/Thesis/build/vision/build/lib/FC_vision
[2.319s] copying FC_vision/FC_yolo_output_processor.py -> /home/mo/Thesis/build/vision/build/lib/FC_vision
[2.319s] copying FC_vision/FC_moving_avg_filter.py -> /home/mo/Thesis/build/vision/build/lib/FC_vision
[2.320s] copying FC_vision/FC_iir_butterworth_filter.py -> /home/mo/Thesis/build/vision/build/lib/FC_vision
[2.320s] copying FC_vision/FC_parameterized_cubic_spline.py -> /home/mo/Thesis/build/vision/build/lib/FC_vision
[2.320s] copying FC_vision/__init__.py -> /home/mo/Thesis/build/vision/build/lib/FC_vision
[2.322s] running install
[2.331s] running install_lib
[2.376s] copying /home/mo/Thesis/build/vision/build/lib/vision/yolov8_dualcam_inference.py -> /home/mo/Thesis/install/vision/lib/python3.8/site-packages/vision
[2.377s] copying /home/mo/Thesis/build/vision/build/lib/FC_vision/FC_plot_yolo_imgs.py -> /home/mo/Thesis/install/vision/lib/python3.8/site-packages/FC_vision
[2.378s] byte-compiling /home/mo/Thesis/install/vision/lib/python3.8/site-packages/vision/yolov8_dualcam_inference.py to yolov8_dualcam_inference.cpython-38.pyc
[2.381s] byte-compiling /home/mo/Thesis/install/vision/lib/python3.8/site-packages/FC_vision/FC_plot_yolo_imgs.py to FC_plot_yolo_imgs.cpython-38.pyc
[2.383s] running install_data
[2.384s] copying resource/vision -> /home/mo/Thesis/install/vision/share/ament_index/resource_index/packages
[2.384s] copying package.xml -> /home/mo/Thesis/install/vision/share/vision
[2.384s] running install_egg_info
[2.405s] removing '/home/mo/Thesis/install/vision/lib/python3.8/site-packages/vision-0.0.0-py3.8.egg-info' (and everything under it)
[2.406s] Copying ../../build/vision/vision.egg-info to /home/mo/Thesis/install/vision/lib/python3.8/site-packages/vision-0.0.0-py3.8.egg-info
[2.407s] running install_scripts
[2.455s] Installing calibration script to /home/mo/Thesis/install/vision/lib/vision
[2.455s] Installing hook_detector script to /home/mo/Thesis/install/vision/lib/vision
[2.455s] Installing image_filters script to /home/mo/Thesis/install/vision/lib/vision
[2.455s] Installing image_receiver script to /home/mo/Thesis/install/vision/lib/vision
[2.455s] Installing light_controller script to /home/mo/Thesis/install/vision/lib/vision
[2.455s] Installing maskrcnn_inference script to /home/mo/Thesis/install/vision/lib/vision
[2.455s] Installing nn_output_processor script to /home/mo/Thesis/install/vision/lib/vision
[2.456s] Installing point_finder_2d script to /home/mo/Thesis/install/vision/lib/vision
[2.456s] Installing point_finder_3d script to /home/mo/Thesis/install/vision/lib/vision
[2.456s] Installing stereo_triangulation script to /home/mo/Thesis/install/vision/lib/vision
[2.456s] Installing stereo_triangulation_with_robot script to /home/mo/Thesis/install/vision/lib/vision
[2.456s] Installing test_node script to /home/mo/Thesis/install/vision/lib/vision
[2.456s] Installing yolov8_dualcam_inference script to /home/mo/Thesis/install/vision/lib/vision
[2.457s] Installing yolov8_inference script to /home/mo/Thesis/install/vision/lib/vision
[2.457s] writing list of installed files to '/home/mo/Thesis/build/vision/install.log'
[2.490s] Invoked command in '/home/mo/Thesis/src/vision' returned '0': PYTHONPATH=/home/mo/Thesis/build/vision/prefix_override:/usr/lib/python3/dist-packages/colcon_core/task/python/colcon_distutils_commands:/home/mo/Thesis/install/vision/lib/python3.8/site-packages:${PYTHONPATH} /usr/bin/python3 -W ignore:setup.py install is deprecated -W ignore:easy_install command is deprecated setup.py egg_info --egg-base ../../build/vision build --build-base /home/mo/Thesis/build/vision/build install --record /home/mo/Thesis/build/vision/install.log --single-version-externally-managed install_data
