[  0%] Built target kr_msgs__cpp
[ 12%] Built target kr_msgs__rosidl_generator_c
[ 24%] Built target kr_msgs__rosidl_typesupport_cpp
[ 37%] Built target kr_msgs__rosidl_typesupport_introspection_cpp
[ 50%] Built target kr_msgs__rosidl_typesupport_c
[ 63%] Built target kr_msgs__rosidl_typesupport_introspection_c
[ 75%] Built target kr_msgs__rosidl_typesupport_fastrtps_cpp
[ 88%] Built target kr_msgs__rosidl_typesupport_fastrtps_c
[ 88%] Built target kr_msgs
[ 88%] Built target kr_msgs__py
[100%] Built target kr_msgs__python
[100%] Built target kr_msgs__rosidl_typesupport_c__pyext
[100%] Built target kr_msgs__rosidl_typesupport_fastrtps_c__pyext
[100%] Built target kr_msgs__rosidl_typesupport_introspection_c__pyext
-- Install configuration: ""
-- Up-to-date: /home/mo/Thesis/install/kr_msgs/share/ament_index/resource_index/rosidl_interfaces/kr_msgs
-- Up-to-date: /home/mo/Thesis/install/kr_msgs/include/kr_msgs
-- Up-to-date: /home/mo/Thesis/install/kr_msgs/include/kr_msgs/srv
-- Up-to-date: /home/mo/Thesis/install/kr_msgs/include/kr_msgs/srv/get_robot_mode.h
-- Up-to-date: /home/mo/Thesis/install/kr_msgs/include/kr_msgs/srv/get_program_state.h
-- Up-to-date: /home/mo/Thesis/install/kr_msgs/include/kr_msgs/srv/set_discrete_output.h
-- Up-to-date: /home/mo/Thesis/install/kr_msgs/include/kr_msgs/srv/step_program.h
-- Up-to-date: /home/mo/Thesis/install/kr_msgs/include/kr_msgs/srv/resume_motion.h
-- Up-to-date: /home/mo/Thesis/install/kr_msgs/include/kr_msgs/srv/config_analog_output.h
-- Up-to-date: /home/mo/Thesis/install/kr_msgs/include/kr_msgs/srv/get_analog_input.h
-- Up-to-date: /home/mo/Thesis/install/kr_msgs/include/kr_msgs/srv/get_safety_zones.h
-- Up-to-date: /home/mo/Thesis/install/kr_msgs/include/kr_msgs/srv/resume_program.h
-- Up-to-date: /home/mo/Thesis/install/kr_msgs/include/kr_msgs/srv/set_custom_frame.h
-- Up-to-date: /home/mo/Thesis/install/kr_msgs/include/kr_msgs/srv/get_discrete_input.h
-- Up-to-date: /home/mo/Thesis/install/kr_msgs/include/kr_msgs/srv/get_quadrature_input.h
-- Up-to-date: /home/mo/Thesis/install/kr_msgs/include/kr_msgs/srv/get_robot_state.h
-- Up-to-date: /home/mo/Thesis/install/kr_msgs/include/kr_msgs/srv/set_system_frame.h
-- Up-to-date: /home/mo/Thesis/install/kr_msgs/include/kr_msgs/srv/set_analog_output.h
-- Up-to-date: /home/mo/Thesis/install/kr_msgs/include/kr_msgs/srv/suspend_robot.h
-- Up-to-date: /home/mo/Thesis/install/kr_msgs/include/kr_msgs/srv/get_master_speed.h
-- Up-to-date: /home/mo/Thesis/install/kr_msgs/include/kr_msgs/srv/set_system_load.h
-- Up-to-date: /home/mo/Thesis/install/kr_msgs/include/kr_msgs/srv/set_interactivity.h
-- Up-to-date: /home/mo/Thesis/install/kr_msgs/include/kr_msgs/srv/program_recovery.h
-- Up-to-date: /home/mo/Thesis/install/kr_msgs/include/kr_msgs/srv/move_joint.h
-- Up-to-date: /home/mo/Thesis/install/kr_msgs/include/kr_msgs/srv/config_quadrature_input.h
-- Up-to-date: /home/mo/Thesis/install/kr_msgs/include/kr_msgs/srv/move_linear.h
-- Up-to-date: /home/mo/Thesis/install/kr_msgs/include/kr_msgs/srv/detail
-- Up-to-date: /home/mo/Thesis/install/kr_msgs/include/kr_msgs/srv/detail/resume_program__type_support.h
-- Up-to-date: /home/mo/Thesis/install/kr_msgs/include/kr_msgs/srv/detail/select_jogging_frame__functions.h
-- Up-to-date: /home/mo/Thesis/install/kr_msgs/include/kr_msgs/srv/detail/terminate_motion__functions.h
-- Up-to-date: /home/mo/Thesis/install/kr_msgs/include/kr_msgs/srv/detail/get_system_frame__type_support.h
-- Up-to-date: /home/mo/Thesis/install/kr_msgs/include/kr_msgs/srv/detail/set_discrete_output__functions.c
-- Up-to-date: /home/mo/Thesis/install/kr_msgs/include/kr_msgs/srv/detail/get_discrete_input__functions.h
-- Up-to-date: /home/mo/Thesis/install/kr_msgs/include/kr_msgs/srv/detail/config_analog_output__struct.h
-- Up-to-date: /home/mo/Thesis/install/kr_msgs/include/kr_msgs/srv/detail/get_program_state__functions.c
-- Up-to-date: /home/mo/Thesis/install/kr_msgs/include/kr_msgs/srv/detail/config_quadrature_input__functions.h
-- Up-to-date: /home/mo/Thesis/install/kr_msgs/include/kr_msgs/srv/detail/set_custom_frame__functions.h
-- Up-to-date: /home/mo/Thesis/install/kr_msgs/include/kr_msgs/srv/detail/get_master_speed__functions.h
-- Up-to-date: /home/mo/Thesis/install/kr_msgs/include/kr_msgs/srv/detail/set_custom_frame__type_support.h
-- Up-to-date: /home/mo/Thesis/install/kr_msgs/include/kr_msgs/srv/detail/resume_program__functions.c
-- Up-to-date: /home/mo/Thesis/install/kr_msgs/include/kr_msgs/srv/detail/move_spline__functions.c
-- Up-to-date: /home/mo/Thesis/install/kr_msgs/include/kr_msgs/srv/detail/set_analog_output__struct.h
-- Up-to-date: /home/mo/Thesis/install/kr_msgs/include/kr_msgs/srv/detail/set_system_load__functions.h
-- Up-to-date: /home/mo/Thesis/install/kr_msgs/include/kr_msgs/srv/detail/set_system_load__functions.c
-- Up-to-date: /home/mo/Thesis/install/kr_msgs/include/kr_msgs/srv/detail/pause_motion__functions.h
-- Up-to-date: /home/mo/Thesis/install/kr_msgs/include/kr_msgs/srv/detail/get_system_frame__functions.h
-- Up-to-date: /home/mo/Thesis/install/kr_msgs/include/kr_msgs/srv/detail/step_program__functions.c
-- Up-to-date: /home/mo/Thesis/install/kr_msgs/include/kr_msgs/srv/detail/config_discrete_output__type_support.h
-- Up-to-date: /home/mo/Thesis/install/kr_msgs/include/kr_msgs/srv/detail/resume_program__struct.h
-- Up-to-date: /home/mo/Thesis/install/kr_msgs/include/kr_msgs/srv/detail/log_alarm__struct.h
-- Up-to-date: /home/mo/Thesis/install/kr_msgs/include/kr_msgs/srv/detail/pause_program__type_support.h
-- Up-to-date: /home/mo/Thesis/install/kr_msgs/include/kr_msgs/srv/detail/get_safety_mode__functions.h
-- Up-to-date: /home/mo/Thesis/install/kr_msgs/include/kr_msgs/srv/detail/move_joint__functions.c
-- Up-to-date: /home/mo/Thesis/install/kr_msgs/include/kr_msgs/srv/detail/get_analog_input__functions.c
-- Up-to-date: /home/mo/Thesis/install/kr_msgs/include/kr_msgs/srv/detail/get_quadrature_input__functions.c
-- Up-to-date: /home/mo/Thesis/install/kr_msgs/include/kr_msgs/srv/detail/get_discrete_input__struct.h
-- Up-to-date: /home/mo/Thesis/install/kr_msgs/include/kr_msgs/srv/detail/program_recovery__functions.h
-- Up-to-date: /home/mo/Thesis/install/kr_msgs/include/kr_msgs/srv/detail/set_interactivity__functions.h
-- Up-to-date: /home/mo/Thesis/install/kr_msgs/include/kr_msgs/srv/detail/set_system_frame__struct.h
-- Up-to-date: /home/mo/Thesis/install/kr_msgs/include/kr_msgs/srv/detail/set_discrete_output__functions.h
-- Up-to-date: /home/mo/Thesis/install/kr_msgs/include/kr_msgs/srv/detail/set_discrete_output__struct.h
-- Up-to-date: /home/mo/Thesis/install/kr_msgs/include/kr_msgs/srv/detail/get_system_load__functions.h
-- Up-to-date: /home/mo/Thesis/install/kr_msgs/include/kr_msgs/srv/detail/unlock_robot__struct.h
-- Up-to-date: /home/mo/Thesis/install/kr_msgs/include/kr_msgs/srv/detail/get_robot_mode__functions.c
-- Up-to-date: /home/mo/Thesis/install/kr_msgs/include/kr_msgs/srv/detail/set_analog_output__type_support.h
-- Up-to-date: /home/mo/Thesis/install/kr_msgs/include/kr_msgs/srv/detail/get_system_frame__struct.h
-- Up-to-date: /home/mo/Thesis/install/kr_msgs/include/kr_msgs/srv/detail/pause_motion__functions.c
-- Up-to-date: /home/mo/Thesis/install/kr_msgs/include/kr_msgs/srv/detail/get_robot_pose__struct.h
-- Up-to-date: /home/mo/Thesis/install/kr_msgs/include/kr_msgs/srv/detail/stop_program__functions.c
-- Up-to-date: /home/mo/Thesis/install/kr_msgs/include/kr_msgs/srv/detail/unsuspend_robot__functions.c
-- Up-to-date: /home/mo/Thesis/install/kr_msgs/include/kr_msgs/srv/detail/unsuspend_robot__functions.h
-- Up-to-date: /home/mo/Thesis/install/kr_msgs/include/kr_msgs/srv/detail/stop_program__type_support.h
-- Up-to-date: /home/mo/Thesis/install/kr_msgs/include/kr_msgs/srv/detail/suspend_robot__type_support.h
-- Up-to-date: /home/mo/Thesis/install/kr_msgs/include/kr_msgs/srv/detail/pause_program__struct.h
-- Up-to-date: /home/mo/Thesis/install/kr_msgs/include/kr_msgs/srv/detail/get_analog_input__functions.h
-- Up-to-date: /home/mo/Thesis/install/kr_msgs/include/kr_msgs/srv/detail/get_system_load__functions.c
-- Up-to-date: /home/mo/Thesis/install/kr_msgs/include/kr_msgs/srv/detail/get_safety_mode__struct.h
-- Up-to-date: /home/mo/Thesis/install/kr_msgs/include/kr_msgs/srv/detail/get_robot_mode__struct.h
-- Up-to-date: /home/mo/Thesis/install/kr_msgs/include/kr_msgs/srv/detail/set_interactivity__functions.c
-- Up-to-date: /home/mo/Thesis/install/kr_msgs/include/kr_msgs/srv/detail/resume_motion__functions.h
-- Up-to-date: /home/mo/Thesis/install/kr_msgs/include/kr_msgs/srv/detail/get_safety_mode__type_support.h
-- Up-to-date: /home/mo/Thesis/install/kr_msgs/include/kr_msgs/srv/detail/program_recovery__type_support.h
-- Up-to-date: /home/mo/Thesis/install/kr_msgs/include/kr_msgs/srv/detail/step_program__functions.h
-- Up-to-date: /home/mo/Thesis/install/kr_msgs/include/kr_msgs/srv/detail/set_custom_frame__struct.h
-- Up-to-date: /home/mo/Thesis/install/kr_msgs/include/kr_msgs/srv/detail/config_discrete_output__functions.h
-- Up-to-date: /home/mo/Thesis/install/kr_msgs/include/kr_msgs/srv/detail/get_master_speed__functions.c
-- Up-to-date: /home/mo/Thesis/install/kr_msgs/include/kr_msgs/srv/detail/get_safety_zones__functions.c
-- Up-to-date: /home/mo/Thesis/install/kr_msgs/include/kr_msgs/srv/detail/step_program__type_support.h
-- Up-to-date: /home/mo/Thesis/install/kr_msgs/include/kr_msgs/srv/detail/get_robot_mode__type_support.h
-- Up-to-date: /home/mo/Thesis/install/kr_msgs/include/kr_msgs/srv/detail/config_quadrature_input__type_support.h
-- Up-to-date: /home/mo/Thesis/install/kr_msgs/include/kr_msgs/srv/detail/config_discrete_output__struct.h
-- Up-to-date: /home/mo/Thesis/install/kr_msgs/include/kr_msgs/srv/detail/config_analog_output__functions.h
-- Up-to-date: /home/mo/Thesis/install/kr_msgs/include/kr_msgs/srv/detail/resume_motion__functions.c
-- Up-to-date: /home/mo/Thesis/install/kr_msgs/include/kr_msgs/srv/detail/move_linear__type_support.h
-- Up-to-date: /home/mo/Thesis/install/kr_msgs/include/kr_msgs/srv/detail/set_analog_output__functions.h
-- Up-to-date: /home/mo/Thesis/install/kr_msgs/include/kr_msgs/srv/detail/get_robot_state__functions.c
-- Up-to-date: /home/mo/Thesis/install/kr_msgs/include/kr_msgs/srv/detail/terminate_motion__struct.h
-- Up-to-date: /home/mo/Thesis/install/kr_msgs/include/kr_msgs/srv/detail/pause_motion__struct.h
-- Up-to-date: /home/mo/Thesis/install/kr_msgs/include/kr_msgs/srv/detail/move_joint__type_support.h
-- Up-to-date: /home/mo/Thesis/install/kr_msgs/include/kr_msgs/srv/detail/set_system_frame__functions.h
-- Up-to-date: /home/mo/Thesis/install/kr_msgs/include/kr_msgs/srv/detail/unlock_robot__type_support.h
-- Up-to-date: /home/mo/Thesis/install/kr_msgs/include/kr_msgs/srv/detail/get_robot_pose__functions.h
-- Up-to-date: /home/mo/Thesis/install/kr_msgs/include/kr_msgs/srv/detail/resume_program__functions.h
-- Up-to-date: /home/mo/Thesis/install/kr_msgs/include/kr_msgs/srv/detail/get_program_state__struct.h
-- Up-to-date: /home/mo/Thesis/install/kr_msgs/include/kr_msgs/srv/detail/set_analog_output__functions.c
-- Up-to-date: /home/mo/Thesis/install/kr_msgs/include/kr_msgs/srv/detail/config_quadrature_input__functions.c
-- Up-to-date: /home/mo/Thesis/install/kr_msgs/include/kr_msgs/srv/detail/step_program__struct.h
-- Up-to-date: /home/mo/Thesis/install/kr_msgs/include/kr_msgs/srv/detail/get_master_speed__type_support.h
-- Up-to-date: /home/mo/Thesis/install/kr_msgs/include/kr_msgs/srv/detail/suspend_robot__functions.c
-- Up-to-date: /home/mo/Thesis/install/kr_msgs/include/kr_msgs/srv/detail/terminate_motion__functions.c
-- Up-to-date: /home/mo/Thesis/install/kr_msgs/include/kr_msgs/srv/detail/set_interactivity__type_support.h
-- Up-to-date: /home/mo/Thesis/install/kr_msgs/include/kr_msgs/srv/detail/get_robot_pose__type_support.h
-- Up-to-date: /home/mo/Thesis/install/kr_msgs/include/kr_msgs/srv/detail/set_interactivity__struct.h
-- Up-to-date: /home/mo/Thesis/install/kr_msgs/include/kr_msgs/srv/detail/get_safety_mode__functions.c
-- Up-to-date: /home/mo/Thesis/install/kr_msgs/include/kr_msgs/srv/detail/set_system_load__type_support.h
-- Up-to-date: /home/mo/Thesis/install/kr_msgs/include/kr_msgs/srv/detail/pause_program__functions.h
-- Up-to-date: /home/mo/Thesis/install/kr_msgs/include/kr_msgs/srv/detail/get_safety_zones__functions.h
-- Up-to-date: /home/mo/Thesis/install/kr_msgs/include/kr_msgs/srv/detail/get_robot_state__functions.h
-- Up-to-date: /home/mo/Thesis/install/kr_msgs/include/kr_msgs/srv/detail/select_jogging_frame__struct.h
-- Up-to-date: /home/mo/Thesis/install/kr_msgs/include/kr_msgs/srv/detail/get_discrete_input__functions.c
-- Up-to-date: /home/mo/Thesis/install/kr_msgs/include/kr_msgs/srv/detail/program_recovery__struct.h
-- Up-to-date: /home/mo/Thesis/install/kr_msgs/include/kr_msgs/srv/detail/get_program_state__type_support.h
-- Up-to-date: /home/mo/Thesis/install/kr_msgs/include/kr_msgs/srv/detail/unsuspend_robot__type_support.h
-- Up-to-date: /home/mo/Thesis/install/kr_msgs/include/kr_msgs/srv/detail/move_spline__struct.h
-- Up-to-date: /home/mo/Thesis/install/kr_msgs/include/kr_msgs/srv/detail/get_robot_pose__functions.c
-- Up-to-date: /home/mo/Thesis/install/kr_msgs/include/kr_msgs/srv/detail/get_robot_state__type_support.h
-- Up-to-date: /home/mo/Thesis/install/kr_msgs/include/kr_msgs/srv/detail/get_program_state__functions.h
-- Up-to-date: /home/mo/Thesis/install/kr_msgs/include/kr_msgs/srv/detail/log_alarm__type_support.h
-- Up-to-date: /home/mo/Thesis/install/kr_msgs/include/kr_msgs/srv/detail/move_spline__functions.h
-- Up-to-date: /home/mo/Thesis/install/kr_msgs/include/kr_msgs/srv/detail/get_robot_mode__functions.h
-- Up-to-date: /home/mo/Thesis/install/kr_msgs/include/kr_msgs/srv/detail/get_master_speed__struct.h
-- Up-to-date: /home/mo/Thesis/install/kr_msgs/include/kr_msgs/srv/detail/select_jogging_frame__functions.c
-- Up-to-date: /home/mo/Thesis/install/kr_msgs/include/kr_msgs/srv/detail/program_recovery__functions.c
-- Up-to-date: /home/mo/Thesis/install/kr_msgs/include/kr_msgs/srv/detail/set_system_frame__type_support.h
-- Up-to-date: /home/mo/Thesis/install/kr_msgs/include/kr_msgs/srv/detail/stop_program__functions.h
-- Up-to-date: /home/mo/Thesis/install/kr_msgs/include/kr_msgs/srv/detail/move_linear__functions.c
-- Up-to-date: /home/mo/Thesis/install/kr_msgs/include/kr_msgs/srv/detail/pause_motion__type_support.h
-- Up-to-date: /home/mo/Thesis/install/kr_msgs/include/kr_msgs/srv/detail/unlock_robot__functions.h
-- Up-to-date: /home/mo/Thesis/install/kr_msgs/include/kr_msgs/srv/detail/get_system_load__type_support.h
-- Up-to-date: /home/mo/Thesis/install/kr_msgs/include/kr_msgs/srv/detail/log_alarm__functions.h
-- Up-to-date: /home/mo/Thesis/install/kr_msgs/include/kr_msgs/srv/detail/get_system_load__struct.h
-- Up-to-date: /home/mo/Thesis/install/kr_msgs/include/kr_msgs/srv/detail/get_safety_zones__type_support.h
-- Up-to-date: /home/mo/Thesis/install/kr_msgs/include/kr_msgs/srv/detail/config_quadrature_input__struct.h
-- Up-to-date: /home/mo/Thesis/install/kr_msgs/include/kr_msgs/srv/detail/get_safety_zones__struct.h
-- Up-to-date: /home/mo/Thesis/install/kr_msgs/include/kr_msgs/srv/detail/config_discrete_output__functions.c
-- Up-to-date: /home/mo/Thesis/install/kr_msgs/include/kr_msgs/srv/detail/pause_program__functions.c
-- Up-to-date: /home/mo/Thesis/install/kr_msgs/include/kr_msgs/srv/detail/move_joint__struct.h
-- Up-to-date: /home/mo/Thesis/install/kr_msgs/include/kr_msgs/srv/detail/get_quadrature_input__functions.h
-- Up-to-date: /home/mo/Thesis/install/kr_msgs/include/kr_msgs/srv/detail/set_custom_frame__functions.c
-- Up-to-date: /home/mo/Thesis/install/kr_msgs/include/kr_msgs/srv/detail/move_linear__struct.h
-- Up-to-date: /home/mo/Thesis/install/kr_msgs/include/kr_msgs/srv/detail/get_quadrature_input__struct.h
-- Up-to-date: /home/mo/Thesis/install/kr_msgs/include/kr_msgs/srv/detail/terminate_motion__type_support.h
-- Up-to-date: /home/mo/Thesis/install/kr_msgs/include/kr_msgs/srv/detail/move_spline__type_support.h
-- Up-to-date: /home/mo/Thesis/install/kr_msgs/include/kr_msgs/srv/detail/set_discrete_output__type_support.h
-- Up-to-date: /home/mo/Thesis/install/kr_msgs/include/kr_msgs/srv/detail/get_discrete_input__type_support.h
-- Up-to-date: /home/mo/Thesis/install/kr_msgs/include/kr_msgs/srv/detail/get_robot_state__struct.h
-- Up-to-date: /home/mo/Thesis/install/kr_msgs/include/kr_msgs/srv/detail/unsuspend_robot__struct.h
-- Up-to-date: /home/mo/Thesis/install/kr_msgs/include/kr_msgs/srv/detail/suspend_robot__functions.h
-- Up-to-date: /home/mo/Thesis/install/kr_msgs/include/kr_msgs/srv/detail/set_system_load__struct.h
-- Up-to-date: /home/mo/Thesis/install/kr_msgs/include/kr_msgs/srv/detail/move_joint__functions.h
-- Up-to-date: /home/mo/Thesis/install/kr_msgs/include/kr_msgs/srv/detail/select_jogging_frame__type_support.h
-- Up-to-date: /home/mo/Thesis/install/kr_msgs/include/kr_msgs/srv/detail/resume_motion__struct.h
-- Up-to-date: /home/mo/Thesis/install/kr_msgs/include/kr_msgs/srv/detail/get_quadrature_input__type_support.h
-- Up-to-date: /home/mo/Thesis/install/kr_msgs/include/kr_msgs/srv/detail/set_system_frame__functions.c
-- Up-to-date: /home/mo/Thesis/install/kr_msgs/include/kr_msgs/srv/detail/unlock_robot__functions.c
-- Up-to-date: /home/mo/Thesis/install/kr_msgs/include/kr_msgs/srv/detail/get_analog_input__struct.h
-- Up-to-date: /home/mo/Thesis/install/kr_msgs/include/kr_msgs/srv/detail/stop_program__struct.h
-- Up-to-date: /home/mo/Thesis/install/kr_msgs/include/kr_msgs/srv/detail/get_analog_input__type_support.h
-- Up-to-date: /home/mo/Thesis/install/kr_msgs/include/kr_msgs/srv/detail/resume_motion__type_support.h
-- Up-to-date: /home/mo/Thesis/install/kr_msgs/include/kr_msgs/srv/detail/get_system_frame__functions.c
-- Up-to-date: /home/mo/Thesis/install/kr_msgs/include/kr_msgs/srv/detail/config_analog_output__type_support.h
-- Up-to-date: /home/mo/Thesis/install/kr_msgs/include/kr_msgs/srv/detail/log_alarm__functions.c
-- Up-to-date: /home/mo/Thesis/install/kr_msgs/include/kr_msgs/srv/detail/config_analog_output__functions.c
-- Up-to-date: /home/mo/Thesis/install/kr_msgs/include/kr_msgs/srv/detail/suspend_robot__struct.h
-- Up-to-date: /home/mo/Thesis/install/kr_msgs/include/kr_msgs/srv/detail/move_linear__functions.h
-- Up-to-date: /home/mo/Thesis/install/kr_msgs/include/kr_msgs/srv/pause_program.h
-- Up-to-date: /home/mo/Thesis/install/kr_msgs/include/kr_msgs/srv/unlock_robot.h
-- Up-to-date: /home/mo/Thesis/install/kr_msgs/include/kr_msgs/srv/pause_motion.h
-- Up-to-date: /home/mo/Thesis/install/kr_msgs/include/kr_msgs/srv/unsuspend_robot.h
-- Up-to-date: /home/mo/Thesis/install/kr_msgs/include/kr_msgs/srv/get_safety_mode.h
-- Up-to-date: /home/mo/Thesis/install/kr_msgs/include/kr_msgs/srv/get_system_load.h
-- Up-to-date: /home/mo/Thesis/install/kr_msgs/include/kr_msgs/srv/terminate_motion.h
-- Up-to-date: /home/mo/Thesis/install/kr_msgs/include/kr_msgs/srv/select_jogging_frame.h
-- Up-to-date: /home/mo/Thesis/install/kr_msgs/include/kr_msgs/srv/config_discrete_output.h
-- Up-to-date: /home/mo/Thesis/install/kr_msgs/include/kr_msgs/srv/get_robot_pose.h
-- Up-to-date: /home/mo/Thesis/install/kr_msgs/include/kr_msgs/srv/stop_program.h
-- Up-to-date: /home/mo/Thesis/install/kr_msgs/include/kr_msgs/srv/log_alarm.h
-- Up-to-date: /home/mo/Thesis/install/kr_msgs/include/kr_msgs/srv/get_system_frame.h
-- Up-to-date: /home/mo/Thesis/install/kr_msgs/include/kr_msgs/srv/move_spline.h
-- Up-to-date: /home/mo/Thesis/install/kr_msgs/include/kr_msgs/msg
-- Up-to-date: /home/mo/Thesis/install/kr_msgs/include/kr_msgs/msg/rosidl_generator_c__visibility_control.h
-- Up-to-date: /home/mo/Thesis/install/kr_msgs/include/kr_msgs/msg/motion_heartbeat.h
-- Up-to-date: /home/mo/Thesis/install/kr_msgs/include/kr_msgs/msg/safety_mode.h
-- Up-to-date: /home/mo/Thesis/install/kr_msgs/include/kr_msgs/msg/follow_linear.h
-- Up-to-date: /home/mo/Thesis/install/kr_msgs/include/kr_msgs/msg/robot_pose.h
-- Up-to-date: /home/mo/Thesis/install/kr_msgs/include/kr_msgs/msg/number.h
-- Up-to-date: /home/mo/Thesis/install/kr_msgs/include/kr_msgs/msg/safety_event.h
-- Up-to-date: /home/mo/Thesis/install/kr_msgs/include/kr_msgs/msg/robot_mode.h
-- Up-to-date: /home/mo/Thesis/install/kr_msgs/include/kr_msgs/msg/follow_joint.h
-- Up-to-date: /home/mo/Thesis/install/kr_msgs/include/kr_msgs/msg/system_state.h
-- Up-to-date: /home/mo/Thesis/install/kr_msgs/include/kr_msgs/msg/jog_joint.h
-- Up-to-date: /home/mo/Thesis/install/kr_msgs/include/kr_msgs/msg/detail
-- Up-to-date: /home/mo/Thesis/install/kr_msgs/include/kr_msgs/msg/detail/safety_mode__functions.c
-- Up-to-date: /home/mo/Thesis/install/kr_msgs/include/kr_msgs/msg/detail/safety_zone__functions.h
-- Up-to-date: /home/mo/Thesis/install/kr_msgs/include/kr_msgs/msg/detail/safety_mode__struct.h
-- Up-to-date: /home/mo/Thesis/install/kr_msgs/include/kr_msgs/msg/detail/follow_joint__functions.h
-- Up-to-date: /home/mo/Thesis/install/kr_msgs/include/kr_msgs/msg/detail/quadrature__functions.h
-- Up-to-date: /home/mo/Thesis/install/kr_msgs/include/kr_msgs/msg/detail/robot_pose__functions.h
-- Up-to-date: /home/mo/Thesis/install/kr_msgs/include/kr_msgs/msg/detail/program_interact__struct.h
-- Up-to-date: /home/mo/Thesis/install/kr_msgs/include/kr_msgs/msg/detail/system_state__functions.c
-- Up-to-date: /home/mo/Thesis/install/kr_msgs/include/kr_msgs/msg/detail/follow_linear__functions.h
-- Up-to-date: /home/mo/Thesis/install/kr_msgs/include/kr_msgs/msg/detail/jog_joint__functions.h
-- Up-to-date: /home/mo/Thesis/install/kr_msgs/include/kr_msgs/msg/detail/robot_state__struct.h
-- Up-to-date: /home/mo/Thesis/install/kr_msgs/include/kr_msgs/msg/detail/follow_joint__type_support.h
-- Up-to-date: /home/mo/Thesis/install/kr_msgs/include/kr_msgs/msg/detail/robot_state__functions.h
-- Up-to-date: /home/mo/Thesis/install/kr_msgs/include/kr_msgs/msg/detail/safety_event__type_support.h
-- Up-to-date: /home/mo/Thesis/install/kr_msgs/include/kr_msgs/msg/detail/jog_joint__type_support.h
-- Up-to-date: /home/mo/Thesis/install/kr_msgs/include/kr_msgs/msg/detail/motion_heartbeat__struct.h
-- Up-to-date: /home/mo/Thesis/install/kr_msgs/include/kr_msgs/msg/detail/jog_linear__functions.c
-- Up-to-date: /home/mo/Thesis/install/kr_msgs/include/kr_msgs/msg/detail/geometry_plane__functions.c
-- Up-to-date: /home/mo/Thesis/install/kr_msgs/include/kr_msgs/msg/detail/system_state__struct.h
-- Up-to-date: /home/mo/Thesis/install/kr_msgs/include/kr_msgs/msg/detail/safety_event__struct.h
-- Up-to-date: /home/mo/Thesis/install/kr_msgs/include/kr_msgs/msg/detail/jog_linear__type_support.h
-- Up-to-date: /home/mo/Thesis/install/kr_msgs/include/kr_msgs/msg/detail/robot_mode__functions.c
-- Up-to-date: /home/mo/Thesis/install/kr_msgs/include/kr_msgs/msg/detail/number__functions.c
-- Up-to-date: /home/mo/Thesis/install/kr_msgs/include/kr_msgs/msg/detail/safety_zone__struct.h
-- Up-to-date: /home/mo/Thesis/install/kr_msgs/include/kr_msgs/msg/detail/robot_pose__type_support.h
-- Up-to-date: /home/mo/Thesis/install/kr_msgs/include/kr_msgs/msg/detail/quadrature__type_support.h
-- Up-to-date: /home/mo/Thesis/install/kr_msgs/include/kr_msgs/msg/detail/motion_heartbeat__type_support.h
-- Up-to-date: /home/mo/Thesis/install/kr_msgs/include/kr_msgs/msg/detail/geometry_plane__struct.h
-- Up-to-date: /home/mo/Thesis/install/kr_msgs/include/kr_msgs/msg/detail/robot_mode__struct.h
-- Up-to-date: /home/mo/Thesis/install/kr_msgs/include/kr_msgs/msg/detail/jog_linear__functions.h
-- Up-to-date: /home/mo/Thesis/install/kr_msgs/include/kr_msgs/msg/detail/program_interact__type_support.h
-- Up-to-date: /home/mo/Thesis/install/kr_msgs/include/kr_msgs/msg/detail/jog_linear__struct.h
-- Up-to-date: /home/mo/Thesis/install/kr_msgs/include/kr_msgs/msg/detail/jog_joint__struct.h
-- Up-to-date: /home/mo/Thesis/install/kr_msgs/include/kr_msgs/msg/detail/motion_heartbeat__functions.c
-- Up-to-date: /home/mo/Thesis/install/kr_msgs/include/kr_msgs/msg/detail/self_motion__type_support.h
-- Up-to-date: /home/mo/Thesis/install/kr_msgs/include/kr_msgs/msg/detail/safety_event__functions.c
-- Up-to-date: /home/mo/Thesis/install/kr_msgs/include/kr_msgs/msg/detail/quadrature__functions.c
-- Up-to-date: /home/mo/Thesis/install/kr_msgs/include/kr_msgs/msg/detail/motion_heartbeat__functions.h
-- Up-to-date: /home/mo/Thesis/install/kr_msgs/include/kr_msgs/msg/detail/safety_event__functions.h
-- Up-to-date: /home/mo/Thesis/install/kr_msgs/include/kr_msgs/msg/detail/robot_mode__functions.h
-- Up-to-date: /home/mo/Thesis/install/kr_msgs/include/kr_msgs/msg/detail/self_motion__functions.c
-- Up-to-date: /home/mo/Thesis/install/kr_msgs/include/kr_msgs/msg/detail/robot_pose__functions.c
-- Up-to-date: /home/mo/Thesis/install/kr_msgs/include/kr_msgs/msg/detail/geometry_plane__type_support.h
-- Up-to-date: /home/mo/Thesis/install/kr_msgs/include/kr_msgs/msg/detail/system_state__functions.h
-- Up-to-date: /home/mo/Thesis/install/kr_msgs/include/kr_msgs/msg/detail/jog_joint__functions.c
-- Up-to-date: /home/mo/Thesis/install/kr_msgs/include/kr_msgs/msg/detail/robot_mode__type_support.h
-- Up-to-date: /home/mo/Thesis/install/kr_msgs/include/kr_msgs/msg/detail/geometry_plane__functions.h
-- Up-to-date: /home/mo/Thesis/install/kr_msgs/include/kr_msgs/msg/detail/follow_linear__functions.c
-- Up-to-date: /home/mo/Thesis/install/kr_msgs/include/kr_msgs/msg/detail/quadrature__struct.h
-- Up-to-date: /home/mo/Thesis/install/kr_msgs/include/kr_msgs/msg/detail/safety_zone__type_support.h
-- Up-to-date: /home/mo/Thesis/install/kr_msgs/include/kr_msgs/msg/detail/safety_zone__functions.c
-- Up-to-date: /home/mo/Thesis/install/kr_msgs/include/kr_msgs/msg/detail/follow_joint__struct.h
-- Up-to-date: /home/mo/Thesis/install/kr_msgs/include/kr_msgs/msg/detail/follow_joint__functions.c
-- Up-to-date: /home/mo/Thesis/install/kr_msgs/include/kr_msgs/msg/detail/robot_pose__struct.h
-- Up-to-date: /home/mo/Thesis/install/kr_msgs/include/kr_msgs/msg/detail/system_state__type_support.h
-- Up-to-date: /home/mo/Thesis/install/kr_msgs/include/kr_msgs/msg/detail/robot_state__functions.c
-- Up-to-date: /home/mo/Thesis/install/kr_msgs/include/kr_msgs/msg/detail/number__struct.h
-- Up-to-date: /home/mo/Thesis/install/kr_msgs/include/kr_msgs/msg/detail/self_motion__struct.h
-- Up-to-date: /home/mo/Thesis/install/kr_msgs/include/kr_msgs/msg/detail/self_motion__functions.h
-- Up-to-date: /home/mo/Thesis/install/kr_msgs/include/kr_msgs/msg/detail/safety_mode__type_support.h
-- Up-to-date: /home/mo/Thesis/install/kr_msgs/include/kr_msgs/msg/detail/robot_state__type_support.h
-- Up-to-date: /home/mo/Thesis/install/kr_msgs/include/kr_msgs/msg/detail/program_interact__functions.h
-- Up-to-date: /home/mo/Thesis/install/kr_msgs/include/kr_msgs/msg/detail/number__functions.h
-- Up-to-date: /home/mo/Thesis/install/kr_msgs/include/kr_msgs/msg/detail/number__type_support.h
-- Up-to-date: /home/mo/Thesis/install/kr_msgs/include/kr_msgs/msg/detail/follow_linear__struct.h
-- Up-to-date: /home/mo/Thesis/install/kr_msgs/include/kr_msgs/msg/detail/follow_linear__type_support.h
-- Up-to-date: /home/mo/Thesis/install/kr_msgs/include/kr_msgs/msg/detail/program_interact__functions.c
-- Up-to-date: /home/mo/Thesis/install/kr_msgs/include/kr_msgs/msg/detail/safety_mode__functions.h
-- Up-to-date: /home/mo/Thesis/install/kr_msgs/include/kr_msgs/msg/robot_state.h
-- Up-to-date: /home/mo/Thesis/install/kr_msgs/include/kr_msgs/msg/self_motion.h
-- Up-to-date: /home/mo/Thesis/install/kr_msgs/include/kr_msgs/msg/jog_linear.h
-- Up-to-date: /home/mo/Thesis/install/kr_msgs/include/kr_msgs/msg/quadrature.h
-- Up-to-date: /home/mo/Thesis/install/kr_msgs/include/kr_msgs/msg/safety_zone.h
-- Up-to-date: /home/mo/Thesis/install/kr_msgs/include/kr_msgs/msg/geometry_plane.h
-- Up-to-date: /home/mo/Thesis/install/kr_msgs/include/kr_msgs/msg/program_interact.h
-- Up-to-date: /home/mo/Thesis/install/kr_msgs/share/kr_msgs/environment/library_path.sh
-- Up-to-date: /home/mo/Thesis/install/kr_msgs/share/kr_msgs/environment/library_path.dsv
-- Up-to-date: /home/mo/Thesis/install/kr_msgs/lib/libkr_msgs__rosidl_generator_c.so
-- Up-to-date: /home/mo/Thesis/install/kr_msgs/include/kr_msgs
-- Up-to-date: /home/mo/Thesis/install/kr_msgs/include/kr_msgs/srv
-- Up-to-date: /home/mo/Thesis/install/kr_msgs/include/kr_msgs/srv/detail
-- Up-to-date: /home/mo/Thesis/install/kr_msgs/include/kr_msgs/srv/detail/pause_motion__rosidl_typesupport_fastrtps_c.h
-- Up-to-date: /home/mo/Thesis/install/kr_msgs/include/kr_msgs/srv/detail/log_alarm__rosidl_typesupport_fastrtps_c.h
-- Up-to-date: /home/mo/Thesis/install/kr_msgs/include/kr_msgs/srv/detail/move_linear__rosidl_typesupport_fastrtps_c.h
-- Up-to-date: /home/mo/Thesis/install/kr_msgs/include/kr_msgs/srv/detail/get_safety_zones__rosidl_typesupport_fastrtps_c.h
-- Up-to-date: /home/mo/Thesis/install/kr_msgs/include/kr_msgs/srv/detail/set_system_frame__rosidl_typesupport_fastrtps_c.h
-- Up-to-date: /home/mo/Thesis/install/kr_msgs/include/kr_msgs/srv/detail/config_discrete_output__rosidl_typesupport_fastrtps_c.h
-- Up-to-date: /home/mo/Thesis/install/kr_msgs/include/kr_msgs/srv/detail/get_program_state__rosidl_typesupport_fastrtps_c.h
-- Up-to-date: /home/mo/Thesis/install/kr_msgs/include/kr_msgs/srv/detail/config_quadrature_input__rosidl_typesupport_fastrtps_c.h
-- Up-to-date: /home/mo/Thesis/install/kr_msgs/include/kr_msgs/srv/detail/resume_program__rosidl_typesupport_fastrtps_c.h
-- Up-to-date: /home/mo/Thesis/install/kr_msgs/include/kr_msgs/srv/detail/program_recovery__rosidl_typesupport_fastrtps_c.h
-- Up-to-date: /home/mo/Thesis/install/kr_msgs/include/kr_msgs/srv/detail/get_system_load__rosidl_typesupport_fastrtps_c.h
-- Up-to-date: /home/mo/Thesis/install/kr_msgs/include/kr_msgs/srv/detail/config_analog_output__rosidl_typesupport_fastrtps_c.h
-- Up-to-date: /home/mo/Thesis/install/kr_msgs/include/kr_msgs/srv/detail/get_discrete_input__rosidl_typesupport_fastrtps_c.h
-- Up-to-date: /home/mo/Thesis/install/kr_msgs/include/kr_msgs/srv/detail/get_safety_mode__rosidl_typesupport_fastrtps_c.h
-- Up-to-date: /home/mo/Thesis/install/kr_msgs/include/kr_msgs/srv/detail/pause_program__rosidl_typesupport_fastrtps_c.h
-- Up-to-date: /home/mo/Thesis/install/kr_msgs/include/kr_msgs/srv/detail/get_analog_input__rosidl_typesupport_fastrtps_c.h
-- Up-to-date: /home/mo/Thesis/install/kr_msgs/include/kr_msgs/srv/detail/get_system_frame__rosidl_typesupport_fastrtps_c.h
-- Up-to-date: /home/mo/Thesis/install/kr_msgs/include/kr_msgs/srv/detail/get_robot_pose__rosidl_typesupport_fastrtps_c.h
-- Up-to-date: /home/mo/Thesis/install/kr_msgs/include/kr_msgs/srv/detail/get_master_speed__rosidl_typesupport_fastrtps_c.h
-- Up-to-date: /home/mo/Thesis/install/kr_msgs/include/kr_msgs/srv/detail/get_robot_mode__rosidl_typesupport_fastrtps_c.h
-- Up-to-date: /home/mo/Thesis/install/kr_msgs/include/kr_msgs/srv/detail/step_program__rosidl_typesupport_fastrtps_c.h
-- Up-to-date: /home/mo/Thesis/install/kr_msgs/include/kr_msgs/srv/detail/set_discrete_output__rosidl_typesupport_fastrtps_c.h
-- Up-to-date: /home/mo/Thesis/install/kr_msgs/include/kr_msgs/srv/detail/move_spline__rosidl_typesupport_fastrtps_c.h
-- Up-to-date: /home/mo/Thesis/install/kr_msgs/include/kr_msgs/srv/detail/get_robot_state__rosidl_typesupport_fastrtps_c.h
-- Up-to-date: /home/mo/Thesis/install/kr_msgs/include/kr_msgs/srv/detail/terminate_motion__rosidl_typesupport_fastrtps_c.h
-- Up-to-date: /home/mo/Thesis/install/kr_msgs/include/kr_msgs/srv/detail/set_system_load__rosidl_typesupport_fastrtps_c.h
-- Up-to-date: /home/mo/Thesis/install/kr_msgs/include/kr_msgs/srv/detail/move_joint__rosidl_typesupport_fastrtps_c.h
-- Up-to-date: /home/mo/Thesis/install/kr_msgs/include/kr_msgs/srv/detail/unlock_robot__rosidl_typesupport_fastrtps_c.h
-- Up-to-date: /home/mo/Thesis/install/kr_msgs/include/kr_msgs/srv/detail/stop_program__rosidl_typesupport_fastrtps_c.h
-- Up-to-date: /home/mo/Thesis/install/kr_msgs/include/kr_msgs/srv/detail/set_analog_output__rosidl_typesupport_fastrtps_c.h
-- Up-to-date: /home/mo/Thesis/install/kr_msgs/include/kr_msgs/srv/detail/select_jogging_frame__rosidl_typesupport_fastrtps_c.h
-- Up-to-date: /home/mo/Thesis/install/kr_msgs/include/kr_msgs/srv/detail/unsuspend_robot__rosidl_typesupport_fastrtps_c.h
-- Up-to-date: /home/mo/Thesis/install/kr_msgs/include/kr_msgs/srv/detail/suspend_robot__rosidl_typesupport_fastrtps_c.h
-- Up-to-date: /home/mo/Thesis/install/kr_msgs/include/kr_msgs/srv/detail/set_custom_frame__rosidl_typesupport_fastrtps_c.h
-- Up-to-date: /home/mo/Thesis/install/kr_msgs/include/kr_msgs/srv/detail/resume_motion__rosidl_typesupport_fastrtps_c.h
-- Up-to-date: /home/mo/Thesis/install/kr_msgs/include/kr_msgs/srv/detail/get_quadrature_input__rosidl_typesupport_fastrtps_c.h
-- Up-to-date: /home/mo/Thesis/install/kr_msgs/include/kr_msgs/srv/detail/set_interactivity__rosidl_typesupport_fastrtps_c.h
-- Up-to-date: /home/mo/Thesis/install/kr_msgs/include/kr_msgs/msg
-- Up-to-date: /home/mo/Thesis/install/kr_msgs/include/kr_msgs/msg/detail
-- Up-to-date: /home/mo/Thesis/install/kr_msgs/include/kr_msgs/msg/detail/system_state__rosidl_typesupport_fastrtps_c.h
-- Up-to-date: /home/mo/Thesis/install/kr_msgs/include/kr_msgs/msg/detail/follow_linear__rosidl_typesupport_fastrtps_c.h
-- Up-to-date: /home/mo/Thesis/install/kr_msgs/include/kr_msgs/msg/detail/robot_state__rosidl_typesupport_fastrtps_c.h
-- Up-to-date: /home/mo/Thesis/install/kr_msgs/include/kr_msgs/msg/detail/follow_joint__rosidl_typesupport_fastrtps_c.h
-- Up-to-date: /home/mo/Thesis/install/kr_msgs/include/kr_msgs/msg/detail/safety_event__rosidl_typesupport_fastrtps_c.h
-- Up-to-date: /home/mo/Thesis/install/kr_msgs/include/kr_msgs/msg/detail/program_interact__rosidl_typesupport_fastrtps_c.h
-- Up-to-date: /home/mo/Thesis/install/kr_msgs/include/kr_msgs/msg/detail/self_motion__rosidl_typesupport_fastrtps_c.h
-- Up-to-date: /home/mo/Thesis/install/kr_msgs/include/kr_msgs/msg/detail/jog_joint__rosidl_typesupport_fastrtps_c.h
-- Up-to-date: /home/mo/Thesis/install/kr_msgs/include/kr_msgs/msg/detail/quadrature__rosidl_typesupport_fastrtps_c.h
-- Up-to-date: /home/mo/Thesis/install/kr_msgs/include/kr_msgs/msg/detail/motion_heartbeat__rosidl_typesupport_fastrtps_c.h
-- Up-to-date: /home/mo/Thesis/install/kr_msgs/include/kr_msgs/msg/detail/safety_zone__rosidl_typesupport_fastrtps_c.h
-- Up-to-date: /home/mo/Thesis/install/kr_msgs/include/kr_msgs/msg/detail/geometry_plane__rosidl_typesupport_fastrtps_c.h
-- Up-to-date: /home/mo/Thesis/install/kr_msgs/include/kr_msgs/msg/detail/safety_mode__rosidl_typesupport_fastrtps_c.h
-- Up-to-date: /home/mo/Thesis/install/kr_msgs/include/kr_msgs/msg/detail/number__rosidl_typesupport_fastrtps_c.h
-- Up-to-date: /home/mo/Thesis/install/kr_msgs/include/kr_msgs/msg/detail/jog_linear__rosidl_typesupport_fastrtps_c.h
-- Up-to-date: /home/mo/Thesis/install/kr_msgs/include/kr_msgs/msg/detail/robot_mode__rosidl_typesupport_fastrtps_c.h
-- Up-to-date: /home/mo/Thesis/install/kr_msgs/include/kr_msgs/msg/detail/robot_pose__rosidl_typesupport_fastrtps_c.h
-- Up-to-date: /home/mo/Thesis/install/kr_msgs/include/kr_msgs/msg/rosidl_typesupport_fastrtps_c__visibility_control.h
-- Up-to-date: /home/mo/Thesis/install/kr_msgs/lib/libkr_msgs__rosidl_typesupport_fastrtps_c.so
-- Up-to-date: /home/mo/Thesis/install/kr_msgs/include/kr_msgs
-- Up-to-date: /home/mo/Thesis/install/kr_msgs/include/kr_msgs/srv
-- Up-to-date: /home/mo/Thesis/install/kr_msgs/include/kr_msgs/srv/detail
-- Up-to-date: /home/mo/Thesis/install/kr_msgs/include/kr_msgs/srv/detail/resume_motion__rosidl_typesupport_fastrtps_cpp.hpp
-- Up-to-date: /home/mo/Thesis/install/kr_msgs/include/kr_msgs/srv/detail/get_system_load__rosidl_typesupport_fastrtps_cpp.hpp
-- Up-to-date: /home/mo/Thesis/install/kr_msgs/include/kr_msgs/srv/detail/config_discrete_output__rosidl_typesupport_fastrtps_cpp.hpp
-- Up-to-date: /home/mo/Thesis/install/kr_msgs/include/kr_msgs/srv/detail/set_custom_frame__rosidl_typesupport_fastrtps_cpp.hpp
-- Up-to-date: /home/mo/Thesis/install/kr_msgs/include/kr_msgs/srv/detail/set_discrete_output__rosidl_typesupport_fastrtps_cpp.hpp
-- Up-to-date: /home/mo/Thesis/install/kr_msgs/include/kr_msgs/srv/detail/get_robot_pose__rosidl_typesupport_fastrtps_cpp.hpp
-- Up-to-date: /home/mo/Thesis/install/kr_msgs/include/kr_msgs/srv/detail/set_interactivity__rosidl_typesupport_fastrtps_cpp.hpp
-- Up-to-date: /home/mo/Thesis/install/kr_msgs/include/kr_msgs/srv/detail/get_safety_mode__rosidl_typesupport_fastrtps_cpp.hpp
-- Up-to-date: /home/mo/Thesis/install/kr_msgs/include/kr_msgs/srv/detail/move_linear__rosidl_typesupport_fastrtps_cpp.hpp
-- Up-to-date: /home/mo/Thesis/install/kr_msgs/include/kr_msgs/srv/detail/set_system_load__rosidl_typesupport_fastrtps_cpp.hpp
-- Up-to-date: /home/mo/Thesis/install/kr_msgs/include/kr_msgs/srv/detail/suspend_robot__rosidl_typesupport_fastrtps_cpp.hpp
-- Up-to-date: /home/mo/Thesis/install/kr_msgs/include/kr_msgs/srv/detail/config_quadrature_input__rosidl_typesupport_fastrtps_cpp.hpp
-- Up-to-date: /home/mo/Thesis/install/kr_msgs/include/kr_msgs/srv/detail/unlock_robot__rosidl_typesupport_fastrtps_cpp.hpp
-- Up-to-date: /home/mo/Thesis/install/kr_msgs/include/kr_msgs/srv/detail/config_analog_output__rosidl_typesupport_fastrtps_cpp.hpp
-- Up-to-date: /home/mo/Thesis/install/kr_msgs/include/kr_msgs/srv/detail/get_system_frame__rosidl_typesupport_fastrtps_cpp.hpp
-- Up-to-date: /home/mo/Thesis/install/kr_msgs/include/kr_msgs/srv/detail/get_master_speed__rosidl_typesupport_fastrtps_cpp.hpp
-- Up-to-date: /home/mo/Thesis/install/kr_msgs/include/kr_msgs/srv/detail/move_spline__rosidl_typesupport_fastrtps_cpp.hpp
-- Up-to-date: /home/mo/Thesis/install/kr_msgs/include/kr_msgs/srv/detail/get_robot_mode__rosidl_typesupport_fastrtps_cpp.hpp
-- Up-to-date: /home/mo/Thesis/install/kr_msgs/include/kr_msgs/srv/detail/get_discrete_input__rosidl_typesupport_fastrtps_cpp.hpp
-- Up-to-date: /home/mo/Thesis/install/kr_msgs/include/kr_msgs/srv/detail/get_robot_state__rosidl_typesupport_fastrtps_cpp.hpp
-- Up-to-date: /home/mo/Thesis/install/kr_msgs/include/kr_msgs/srv/detail/pause_program__rosidl_typesupport_fastrtps_cpp.hpp
-- Up-to-date: /home/mo/Thesis/install/kr_msgs/include/kr_msgs/srv/detail/program_recovery__rosidl_typesupport_fastrtps_cpp.hpp
-- Up-to-date: /home/mo/Thesis/install/kr_msgs/include/kr_msgs/srv/detail/get_program_state__rosidl_typesupport_fastrtps_cpp.hpp
-- Up-to-date: /home/mo/Thesis/install/kr_msgs/include/kr_msgs/srv/detail/move_joint__rosidl_typesupport_fastrtps_cpp.hpp
-- Up-to-date: /home/mo/Thesis/install/kr_msgs/include/kr_msgs/srv/detail/set_analog_output__rosidl_typesupport_fastrtps_cpp.hpp
-- Up-to-date: /home/mo/Thesis/install/kr_msgs/include/kr_msgs/srv/detail/dds_fastrtps
-- Up-to-date: /home/mo/Thesis/install/kr_msgs/include/kr_msgs/srv/detail/set_system_frame__rosidl_typesupport_fastrtps_cpp.hpp
-- Up-to-date: /home/mo/Thesis/install/kr_msgs/include/kr_msgs/srv/detail/log_alarm__rosidl_typesupport_fastrtps_cpp.hpp
-- Up-to-date: /home/mo/Thesis/install/kr_msgs/include/kr_msgs/srv/detail/resume_program__rosidl_typesupport_fastrtps_cpp.hpp
-- Up-to-date: /home/mo/Thesis/install/kr_msgs/include/kr_msgs/srv/detail/step_program__rosidl_typesupport_fastrtps_cpp.hpp
-- Up-to-date: /home/mo/Thesis/install/kr_msgs/include/kr_msgs/srv/detail/unsuspend_robot__rosidl_typesupport_fastrtps_cpp.hpp
-- Up-to-date: /home/mo/Thesis/install/kr_msgs/include/kr_msgs/srv/detail/terminate_motion__rosidl_typesupport_fastrtps_cpp.hpp
-- Up-to-date: /home/mo/Thesis/install/kr_msgs/include/kr_msgs/srv/detail/select_jogging_frame__rosidl_typesupport_fastrtps_cpp.hpp
-- Up-to-date: /home/mo/Thesis/install/kr_msgs/include/kr_msgs/srv/detail/pause_motion__rosidl_typesupport_fastrtps_cpp.hpp
-- Up-to-date: /home/mo/Thesis/install/kr_msgs/include/kr_msgs/srv/detail/stop_program__rosidl_typesupport_fastrtps_cpp.hpp
-- Up-to-date: /home/mo/Thesis/install/kr_msgs/include/kr_msgs/srv/detail/get_quadrature_input__rosidl_typesupport_fastrtps_cpp.hpp
-- Up-to-date: /home/mo/Thesis/install/kr_msgs/include/kr_msgs/srv/detail/get_analog_input__rosidl_typesupport_fastrtps_cpp.hpp
-- Up-to-date: /home/mo/Thesis/install/kr_msgs/include/kr_msgs/srv/detail/get_safety_zones__rosidl_typesupport_fastrtps_cpp.hpp
-- Up-to-date: /home/mo/Thesis/install/kr_msgs/include/kr_msgs/msg
-- Up-to-date: /home/mo/Thesis/install/kr_msgs/include/kr_msgs/msg/rosidl_typesupport_fastrtps_cpp__visibility_control.h
-- Up-to-date: /home/mo/Thesis/install/kr_msgs/include/kr_msgs/msg/detail
-- Up-to-date: /home/mo/Thesis/install/kr_msgs/include/kr_msgs/msg/detail/safety_mode__rosidl_typesupport_fastrtps_cpp.hpp
-- Up-to-date: /home/mo/Thesis/install/kr_msgs/include/kr_msgs/msg/detail/program_interact__rosidl_typesupport_fastrtps_cpp.hpp
-- Up-to-date: /home/mo/Thesis/install/kr_msgs/include/kr_msgs/msg/detail/motion_heartbeat__rosidl_typesupport_fastrtps_cpp.hpp
-- Up-to-date: /home/mo/Thesis/install/kr_msgs/include/kr_msgs/msg/detail/safety_event__rosidl_typesupport_fastrtps_cpp.hpp
-- Up-to-date: /home/mo/Thesis/install/kr_msgs/include/kr_msgs/msg/detail/self_motion__rosidl_typesupport_fastrtps_cpp.hpp
-- Up-to-date: /home/mo/Thesis/install/kr_msgs/include/kr_msgs/msg/detail/number__rosidl_typesupport_fastrtps_cpp.hpp
-- Up-to-date: /home/mo/Thesis/install/kr_msgs/include/kr_msgs/msg/detail/jog_linear__rosidl_typesupport_fastrtps_cpp.hpp
-- Up-to-date: /home/mo/Thesis/install/kr_msgs/include/kr_msgs/msg/detail/safety_zone__rosidl_typesupport_fastrtps_cpp.hpp
-- Up-to-date: /home/mo/Thesis/install/kr_msgs/include/kr_msgs/msg/detail/robot_state__rosidl_typesupport_fastrtps_cpp.hpp
-- Up-to-date: /home/mo/Thesis/install/kr_msgs/include/kr_msgs/msg/detail/follow_joint__rosidl_typesupport_fastrtps_cpp.hpp
-- Up-to-date: /home/mo/Thesis/install/kr_msgs/include/kr_msgs/msg/detail/jog_joint__rosidl_typesupport_fastrtps_cpp.hpp
-- Up-to-date: /home/mo/Thesis/install/kr_msgs/include/kr_msgs/msg/detail/quadrature__rosidl_typesupport_fastrtps_cpp.hpp
-- Up-to-date: /home/mo/Thesis/install/kr_msgs/include/kr_msgs/msg/detail/system_state__rosidl_typesupport_fastrtps_cpp.hpp
-- Up-to-date: /home/mo/Thesis/install/kr_msgs/include/kr_msgs/msg/detail/follow_linear__rosidl_typesupport_fastrtps_cpp.hpp
-- Up-to-date: /home/mo/Thesis/install/kr_msgs/include/kr_msgs/msg/detail/dds_fastrtps
-- Up-to-date: /home/mo/Thesis/install/kr_msgs/include/kr_msgs/msg/detail/geometry_plane__rosidl_typesupport_fastrtps_cpp.hpp
-- Up-to-date: /home/mo/Thesis/install/kr_msgs/include/kr_msgs/msg/detail/robot_pose__rosidl_typesupport_fastrtps_cpp.hpp
-- Up-to-date: /home/mo/Thesis/install/kr_msgs/include/kr_msgs/msg/detail/robot_mode__rosidl_typesupport_fastrtps_cpp.hpp
-- Up-to-date: /home/mo/Thesis/install/kr_msgs/lib/libkr_msgs__rosidl_typesupport_fastrtps_cpp.so
-- Up-to-date: /home/mo/Thesis/install/kr_msgs/include/kr_msgs
-- Up-to-date: /home/mo/Thesis/install/kr_msgs/include/kr_msgs/srv
-- Up-to-date: /home/mo/Thesis/install/kr_msgs/include/kr_msgs/srv/detail
-- Up-to-date: /home/mo/Thesis/install/kr_msgs/include/kr_msgs/srv/detail/resume_motion__rosidl_typesupport_introspection_c.h
-- Up-to-date: /home/mo/Thesis/install/kr_msgs/include/kr_msgs/srv/detail/set_interactivity__rosidl_typesupport_introspection_c.h
-- Up-to-date: /home/mo/Thesis/install/kr_msgs/include/kr_msgs/srv/detail/get_quadrature_input__rosidl_typesupport_introspection_c.h
-- Up-to-date: /home/mo/Thesis/install/kr_msgs/include/kr_msgs/srv/detail/pause_motion__type_support.c
-- Up-to-date: /home/mo/Thesis/install/kr_msgs/include/kr_msgs/srv/detail/unlock_robot__type_support.c
-- Up-to-date: /home/mo/Thesis/install/kr_msgs/include/kr_msgs/srv/detail/unlock_robot__rosidl_typesupport_introspection_c.h
-- Up-to-date: /home/mo/Thesis/install/kr_msgs/include/kr_msgs/srv/detail/step_program__type_support.c
-- Up-to-date: /home/mo/Thesis/install/kr_msgs/include/kr_msgs/srv/detail/get_system_frame__rosidl_typesupport_introspection_c.h
-- Up-to-date: /home/mo/Thesis/install/kr_msgs/include/kr_msgs/srv/detail/resume_program__rosidl_typesupport_introspection_c.h
-- Up-to-date: /home/mo/Thesis/install/kr_msgs/include/kr_msgs/srv/detail/config_quadrature_input__type_support.c
-- Up-to-date: /home/mo/Thesis/install/kr_msgs/include/kr_msgs/srv/detail/set_discrete_output__type_support.c
-- Up-to-date: /home/mo/Thesis/install/kr_msgs/include/kr_msgs/srv/detail/config_quadrature_input__rosidl_typesupport_introspection_c.h
-- Up-to-date: /home/mo/Thesis/install/kr_msgs/include/kr_msgs/srv/detail/pause_program__type_support.c
-- Up-to-date: /home/mo/Thesis/install/kr_msgs/include/kr_msgs/srv/detail/unsuspend_robot__type_support.c
-- Up-to-date: /home/mo/Thesis/install/kr_msgs/include/kr_msgs/srv/detail/get_system_load__type_support.c
-- Up-to-date: /home/mo/Thesis/install/kr_msgs/include/kr_msgs/srv/detail/config_discrete_output__rosidl_typesupport_introspection_c.h
-- Up-to-date: /home/mo/Thesis/install/kr_msgs/include/kr_msgs/srv/detail/move_linear__type_support.c
-- Up-to-date: /home/mo/Thesis/install/kr_msgs/include/kr_msgs/srv/detail/stop_program__type_support.c
-- Up-to-date: /home/mo/Thesis/install/kr_msgs/include/kr_msgs/srv/detail/select_jogging_frame__type_support.c
-- Up-to-date: /home/mo/Thesis/install/kr_msgs/include/kr_msgs/srv/detail/get_discrete_input__rosidl_typesupport_introspection_c.h
-- Up-to-date: /home/mo/Thesis/install/kr_msgs/include/kr_msgs/srv/detail/set_system_load__type_support.c
-- Up-to-date: /home/mo/Thesis/install/kr_msgs/include/kr_msgs/srv/detail/log_alarm__type_support.c
-- Up-to-date: /home/mo/Thesis/install/kr_msgs/include/kr_msgs/srv/detail/set_custom_frame__rosidl_typesupport_introspection_c.h
-- Up-to-date: /home/mo/Thesis/install/kr_msgs/include/kr_msgs/srv/detail/set_system_frame__rosidl_typesupport_introspection_c.h
-- Up-to-date: /home/mo/Thesis/install/kr_msgs/include/kr_msgs/srv/detail/config_analog_output__type_support.c
-- Up-to-date: /home/mo/Thesis/install/kr_msgs/include/kr_msgs/srv/detail/suspend_robot__type_support.c
-- Up-to-date: /home/mo/Thesis/install/kr_msgs/include/kr_msgs/srv/detail/get_robot_pose__rosidl_typesupport_introspection_c.h
-- Up-to-date: /home/mo/Thesis/install/kr_msgs/include/kr_msgs/srv/detail/get_system_load__rosidl_typesupport_introspection_c.h
-- Up-to-date: /home/mo/Thesis/install/kr_msgs/include/kr_msgs/srv/detail/pause_program__rosidl_typesupport_introspection_c.h
-- Up-to-date: /home/mo/Thesis/install/kr_msgs/include/kr_msgs/srv/detail/stop_program__rosidl_typesupport_introspection_c.h
-- Up-to-date: /home/mo/Thesis/install/kr_msgs/include/kr_msgs/srv/detail/pause_motion__rosidl_typesupport_introspection_c.h
-- Up-to-date: /home/mo/Thesis/install/kr_msgs/include/kr_msgs/srv/detail/set_analog_output__rosidl_typesupport_introspection_c.h
-- Up-to-date: /home/mo/Thesis/install/kr_msgs/include/kr_msgs/srv/detail/get_robot_mode__rosidl_typesupport_introspection_c.h
-- Up-to-date: /home/mo/Thesis/install/kr_msgs/include/kr_msgs/srv/detail/move_spline__rosidl_typesupport_introspection_c.h
-- Up-to-date: /home/mo/Thesis/install/kr_msgs/include/kr_msgs/srv/detail/step_program__rosidl_typesupport_introspection_c.h
-- Up-to-date: /home/mo/Thesis/install/kr_msgs/include/kr_msgs/srv/detail/move_joint__rosidl_typesupport_introspection_c.h
-- Up-to-date: /home/mo/Thesis/install/kr_msgs/include/kr_msgs/srv/detail/select_jogging_frame__rosidl_typesupport_introspection_c.h
-- Up-to-date: /home/mo/Thesis/install/kr_msgs/include/kr_msgs/srv/detail/program_recovery__type_support.c
-- Up-to-date: /home/mo/Thesis/install/kr_msgs/include/kr_msgs/srv/detail/config_analog_output__rosidl_typesupport_introspection_c.h
-- Up-to-date: /home/mo/Thesis/install/kr_msgs/include/kr_msgs/srv/detail/get_program_state__type_support.c
-- Up-to-date: /home/mo/Thesis/install/kr_msgs/include/kr_msgs/srv/detail/get_safety_mode__type_support.c
-- Up-to-date: /home/mo/Thesis/install/kr_msgs/include/kr_msgs/srv/detail/get_analog_input__type_support.c
-- Up-to-date: /home/mo/Thesis/install/kr_msgs/include/kr_msgs/srv/detail/get_safety_mode__rosidl_typesupport_introspection_c.h
-- Up-to-date: /home/mo/Thesis/install/kr_msgs/include/kr_msgs/srv/detail/config_discrete_output__type_support.c
-- Up-to-date: /home/mo/Thesis/install/kr_msgs/include/kr_msgs/srv/detail/set_system_load__rosidl_typesupport_introspection_c.h
-- Up-to-date: /home/mo/Thesis/install/kr_msgs/include/kr_msgs/srv/detail/unsuspend_robot__rosidl_typesupport_introspection_c.h
-- Up-to-date: /home/mo/Thesis/install/kr_msgs/include/kr_msgs/srv/detail/get_robot_mode__type_support.c
-- Up-to-date: /home/mo/Thesis/install/kr_msgs/include/kr_msgs/srv/detail/get_discrete_input__type_support.c
-- Up-to-date: /home/mo/Thesis/install/kr_msgs/include/kr_msgs/srv/detail/get_program_state__rosidl_typesupport_introspection_c.h
-- Up-to-date: /home/mo/Thesis/install/kr_msgs/include/kr_msgs/srv/detail/set_system_frame__type_support.c
-- Up-to-date: /home/mo/Thesis/install/kr_msgs/include/kr_msgs/srv/detail/get_safety_zones__rosidl_typesupport_introspection_c.h
-- Up-to-date: /home/mo/Thesis/install/kr_msgs/include/kr_msgs/srv/detail/log_alarm__rosidl_typesupport_introspection_c.h
-- Up-to-date: /home/mo/Thesis/install/kr_msgs/include/kr_msgs/srv/detail/terminate_motion__type_support.c
-- Up-to-date: /home/mo/Thesis/install/kr_msgs/include/kr_msgs/srv/detail/set_discrete_output__rosidl_typesupport_introspection_c.h
-- Up-to-date: /home/mo/Thesis/install/kr_msgs/include/kr_msgs/srv/detail/get_master_speed__rosidl_typesupport_introspection_c.h
-- Up-to-date: /home/mo/Thesis/install/kr_msgs/include/kr_msgs/srv/detail/get_robot_pose__type_support.c
-- Up-to-date: /home/mo/Thesis/install/kr_msgs/include/kr_msgs/srv/detail/set_analog_output__type_support.c
-- Up-to-date: /home/mo/Thesis/install/kr_msgs/include/kr_msgs/srv/detail/resume_program__type_support.c
-- Up-to-date: /home/mo/Thesis/install/kr_msgs/include/kr_msgs/srv/detail/move_spline__type_support.c
-- Up-to-date: /home/mo/Thesis/install/kr_msgs/include/kr_msgs/srv/detail/get_robot_state__type_support.c
-- Up-to-date: /home/mo/Thesis/install/kr_msgs/include/kr_msgs/srv/detail/suspend_robot__rosidl_typesupport_introspection_c.h
-- Up-to-date: /home/mo/Thesis/install/kr_msgs/include/kr_msgs/srv/detail/get_analog_input__rosidl_typesupport_introspection_c.h
-- Up-to-date: /home/mo/Thesis/install/kr_msgs/include/kr_msgs/srv/detail/set_custom_frame__type_support.c
-- Up-to-date: /home/mo/Thesis/install/kr_msgs/include/kr_msgs/srv/detail/get_safety_zones__type_support.c
-- Up-to-date: /home/mo/Thesis/install/kr_msgs/include/kr_msgs/srv/detail/terminate_motion__rosidl_typesupport_introspection_c.h
-- Up-to-date: /home/mo/Thesis/install/kr_msgs/include/kr_msgs/srv/detail/get_quadrature_input__type_support.c
-- Up-to-date: /home/mo/Thesis/install/kr_msgs/include/kr_msgs/srv/detail/resume_motion__type_support.c
-- Up-to-date: /home/mo/Thesis/install/kr_msgs/include/kr_msgs/srv/detail/get_master_speed__type_support.c
-- Up-to-date: /home/mo/Thesis/install/kr_msgs/include/kr_msgs/srv/detail/get_system_frame__type_support.c
-- Up-to-date: /home/mo/Thesis/install/kr_msgs/include/kr_msgs/srv/detail/move_linear__rosidl_typesupport_introspection_c.h
-- Up-to-date: /home/mo/Thesis/install/kr_msgs/include/kr_msgs/srv/detail/move_joint__type_support.c
-- Up-to-date: /home/mo/Thesis/install/kr_msgs/include/kr_msgs/srv/detail/program_recovery__rosidl_typesupport_introspection_c.h
-- Up-to-date: /home/mo/Thesis/install/kr_msgs/include/kr_msgs/srv/detail/get_robot_state__rosidl_typesupport_introspection_c.h
-- Up-to-date: /home/mo/Thesis/install/kr_msgs/include/kr_msgs/srv/detail/set_interactivity__type_support.c
-- Up-to-date: /home/mo/Thesis/install/kr_msgs/include/kr_msgs/msg
-- Up-to-date: /home/mo/Thesis/install/kr_msgs/include/kr_msgs/msg/detail
-- Up-to-date: /home/mo/Thesis/install/kr_msgs/include/kr_msgs/msg/detail/safety_zone__rosidl_typesupport_introspection_c.h
-- Up-to-date: /home/mo/Thesis/install/kr_msgs/include/kr_msgs/msg/detail/number__rosidl_typesupport_introspection_c.h
-- Up-to-date: /home/mo/Thesis/install/kr_msgs/include/kr_msgs/msg/detail/jog_linear__type_support.c
-- Up-to-date: /home/mo/Thesis/install/kr_msgs/include/kr_msgs/msg/detail/system_state__type_support.c
-- Up-to-date: /home/mo/Thesis/install/kr_msgs/include/kr_msgs/msg/detail/program_interact__type_support.c
-- Up-to-date: /home/mo/Thesis/install/kr_msgs/include/kr_msgs/msg/detail/quadrature__type_support.c
-- Up-to-date: /home/mo/Thesis/install/kr_msgs/include/kr_msgs/msg/detail/geometry_plane__rosidl_typesupport_introspection_c.h
-- Up-to-date: /home/mo/Thesis/install/kr_msgs/include/kr_msgs/msg/detail/quadrature__rosidl_typesupport_introspection_c.h
-- Up-to-date: /home/mo/Thesis/install/kr_msgs/include/kr_msgs/msg/detail/robot_pose__rosidl_typesupport_introspection_c.h
-- Up-to-date: /home/mo/Thesis/install/kr_msgs/include/kr_msgs/msg/detail/safety_zone__type_support.c
-- Up-to-date: /home/mo/Thesis/install/kr_msgs/include/kr_msgs/msg/detail/safety_mode__type_support.c
-- Up-to-date: /home/mo/Thesis/install/kr_msgs/include/kr_msgs/msg/detail/follow_joint__rosidl_typesupport_introspection_c.h
-- Up-to-date: /home/mo/Thesis/install/kr_msgs/include/kr_msgs/msg/detail/safety_mode__rosidl_typesupport_introspection_c.h
-- Up-to-date: /home/mo/Thesis/install/kr_msgs/include/kr_msgs/msg/detail/robot_mode__rosidl_typesupport_introspection_c.h
-- Up-to-date: /home/mo/Thesis/install/kr_msgs/include/kr_msgs/msg/detail/robot_mode__type_support.c
-- Up-to-date: /home/mo/Thesis/install/kr_msgs/include/kr_msgs/msg/detail/number__type_support.c
-- Up-to-date: /home/mo/Thesis/install/kr_msgs/include/kr_msgs/msg/detail/motion_heartbeat__rosidl_typesupport_introspection_c.h
-- Up-to-date: /home/mo/Thesis/install/kr_msgs/include/kr_msgs/msg/detail/follow_linear__type_support.c
-- Up-to-date: /home/mo/Thesis/install/kr_msgs/include/kr_msgs/msg/detail/follow_linear__rosidl_typesupport_introspection_c.h
-- Up-to-date: /home/mo/Thesis/install/kr_msgs/include/kr_msgs/msg/detail/jog_joint__rosidl_typesupport_introspection_c.h
-- Up-to-date: /home/mo/Thesis/install/kr_msgs/include/kr_msgs/msg/detail/robot_pose__type_support.c
-- Up-to-date: /home/mo/Thesis/install/kr_msgs/include/kr_msgs/msg/detail/safety_event__type_support.c
-- Up-to-date: /home/mo/Thesis/install/kr_msgs/include/kr_msgs/msg/detail/program_interact__rosidl_typesupport_introspection_c.h
-- Up-to-date: /home/mo/Thesis/install/kr_msgs/include/kr_msgs/msg/detail/self_motion__type_support.c
-- Up-to-date: /home/mo/Thesis/install/kr_msgs/include/kr_msgs/msg/detail/geometry_plane__type_support.c
-- Up-to-date: /home/mo/Thesis/install/kr_msgs/include/kr_msgs/msg/detail/robot_state__type_support.c
-- Up-to-date: /home/mo/Thesis/install/kr_msgs/include/kr_msgs/msg/detail/jog_linear__rosidl_typesupport_introspection_c.h
-- Up-to-date: /home/mo/Thesis/install/kr_msgs/include/kr_msgs/msg/detail/system_state__rosidl_typesupport_introspection_c.h
-- Up-to-date: /home/mo/Thesis/install/kr_msgs/include/kr_msgs/msg/detail/safety_event__rosidl_typesupport_introspection_c.h
-- Up-to-date: /home/mo/Thesis/install/kr_msgs/include/kr_msgs/msg/detail/motion_heartbeat__type_support.c
-- Up-to-date: /home/mo/Thesis/install/kr_msgs/include/kr_msgs/msg/detail/robot_state__rosidl_typesupport_introspection_c.h
-- Up-to-date: /home/mo/Thesis/install/kr_msgs/include/kr_msgs/msg/detail/jog_joint__type_support.c
-- Up-to-date: /home/mo/Thesis/install/kr_msgs/include/kr_msgs/msg/detail/follow_joint__type_support.c
-- Up-to-date: /home/mo/Thesis/install/kr_msgs/include/kr_msgs/msg/detail/self_motion__rosidl_typesupport_introspection_c.h
-- Up-to-date: /home/mo/Thesis/install/kr_msgs/include/kr_msgs/msg/rosidl_typesupport_introspection_c__visibility_control.h
-- Up-to-date: /home/mo/Thesis/install/kr_msgs/lib/libkr_msgs__rosidl_typesupport_introspection_c.so
-- Up-to-date: /home/mo/Thesis/install/kr_msgs/lib/libkr_msgs__rosidl_typesupport_c.so
-- Up-to-date: /home/mo/Thesis/install/kr_msgs/include/kr_msgs
-- Up-to-date: /home/mo/Thesis/install/kr_msgs/include/kr_msgs/srv
-- Up-to-date: /home/mo/Thesis/install/kr_msgs/include/kr_msgs/srv/resume_program.hpp
-- Up-to-date: /home/mo/Thesis/install/kr_msgs/include/kr_msgs/srv/get_robot_pose.hpp
-- Up-to-date: /home/mo/Thesis/install/kr_msgs/include/kr_msgs/srv/resume_motion.hpp
-- Up-to-date: /home/mo/Thesis/install/kr_msgs/include/kr_msgs/srv/get_robot_state.hpp
-- Up-to-date: /home/mo/Thesis/install/kr_msgs/include/kr_msgs/srv/unsuspend_robot.hpp
-- Up-to-date: /home/mo/Thesis/install/kr_msgs/include/kr_msgs/srv/config_discrete_output.hpp
-- Up-to-date: /home/mo/Thesis/install/kr_msgs/include/kr_msgs/srv/set_discrete_output.hpp
-- Up-to-date: /home/mo/Thesis/install/kr_msgs/include/kr_msgs/srv/set_custom_frame.hpp
-- Up-to-date: /home/mo/Thesis/install/kr_msgs/include/kr_msgs/srv/get_safety_mode.hpp
-- Up-to-date: /home/mo/Thesis/install/kr_msgs/include/kr_msgs/srv/config_analog_output.hpp
-- Up-to-date: /home/mo/Thesis/install/kr_msgs/include/kr_msgs/srv/set_analog_output.hpp
-- Up-to-date: /home/mo/Thesis/install/kr_msgs/include/kr_msgs/srv/terminate_motion.hpp
-- Up-to-date: /home/mo/Thesis/install/kr_msgs/include/kr_msgs/srv/get_quadrature_input.hpp
-- Up-to-date: /home/mo/Thesis/install/kr_msgs/include/kr_msgs/srv/get_robot_mode.hpp
-- Up-to-date: /home/mo/Thesis/install/kr_msgs/include/kr_msgs/srv/move_spline.hpp
-- Up-to-date: /home/mo/Thesis/install/kr_msgs/include/kr_msgs/srv/get_program_state.hpp
-- Up-to-date: /home/mo/Thesis/install/kr_msgs/include/kr_msgs/srv/move_linear.hpp
-- Up-to-date: /home/mo/Thesis/install/kr_msgs/include/kr_msgs/srv/set_system_load.hpp
-- Up-to-date: /home/mo/Thesis/install/kr_msgs/include/kr_msgs/srv/get_safety_zones.hpp
-- Up-to-date: /home/mo/Thesis/install/kr_msgs/include/kr_msgs/srv/pause_motion.hpp
-- Up-to-date: /home/mo/Thesis/install/kr_msgs/include/kr_msgs/srv/get_system_load.hpp
-- Up-to-date: /home/mo/Thesis/install/kr_msgs/include/kr_msgs/srv/program_recovery.hpp
-- Up-to-date: /home/mo/Thesis/install/kr_msgs/include/kr_msgs/srv/detail
-- Up-to-date: /home/mo/Thesis/install/kr_msgs/include/kr_msgs/srv/detail/get_analog_input__traits.hpp
-- Up-to-date: /home/mo/Thesis/install/kr_msgs/include/kr_msgs/srv/detail/program_recovery__traits.hpp
-- Up-to-date: /home/mo/Thesis/install/kr_msgs/include/kr_msgs/srv/detail/move_spline__type_support.hpp
-- Up-to-date: /home/mo/Thesis/install/kr_msgs/include/kr_msgs/srv/detail/log_alarm__struct.hpp
-- Up-to-date: /home/mo/Thesis/install/kr_msgs/include/kr_msgs/srv/detail/get_safety_mode__type_support.hpp
-- Up-to-date: /home/mo/Thesis/install/kr_msgs/include/kr_msgs/srv/detail/get_robot_state__builder.hpp
-- Up-to-date: /home/mo/Thesis/install/kr_msgs/include/kr_msgs/srv/detail/get_quadrature_input__struct.hpp
-- Up-to-date: /home/mo/Thesis/install/kr_msgs/include/kr_msgs/srv/detail/step_program__traits.hpp
-- Up-to-date: /home/mo/Thesis/install/kr_msgs/include/kr_msgs/srv/detail/get_program_state__struct.hpp
-- Up-to-date: /home/mo/Thesis/install/kr_msgs/include/kr_msgs/srv/detail/set_discrete_output__traits.hpp
-- Up-to-date: /home/mo/Thesis/install/kr_msgs/include/kr_msgs/srv/detail/config_quadrature_input__traits.hpp
-- Up-to-date: /home/mo/Thesis/install/kr_msgs/include/kr_msgs/srv/detail/move_spline__builder.hpp
-- Up-to-date: /home/mo/Thesis/install/kr_msgs/include/kr_msgs/srv/detail/get_robot_pose__traits.hpp
-- Up-to-date: /home/mo/Thesis/install/kr_msgs/include/kr_msgs/srv/detail/get_quadrature_input__traits.hpp
-- Up-to-date: /home/mo/Thesis/install/kr_msgs/include/kr_msgs/srv/detail/suspend_robot__traits.hpp
-- Up-to-date: /home/mo/Thesis/install/kr_msgs/include/kr_msgs/srv/detail/set_interactivity__struct.hpp
-- Up-to-date: /home/mo/Thesis/install/kr_msgs/include/kr_msgs/srv/detail/get_system_load__traits.hpp
-- Up-to-date: /home/mo/Thesis/install/kr_msgs/include/kr_msgs/srv/detail/get_robot_mode__traits.hpp
-- Up-to-date: /home/mo/Thesis/install/kr_msgs/include/kr_msgs/srv/detail/get_discrete_input__traits.hpp
-- Up-to-date: /home/mo/Thesis/install/kr_msgs/include/kr_msgs/srv/detail/set_interactivity__traits.hpp
-- Up-to-date: /home/mo/Thesis/install/kr_msgs/include/kr_msgs/srv/detail/move_joint__builder.hpp
-- Up-to-date: /home/mo/Thesis/install/kr_msgs/include/kr_msgs/srv/detail/move_linear__type_support.hpp
-- Up-to-date: /home/mo/Thesis/install/kr_msgs/include/kr_msgs/srv/detail/resume_motion__struct.hpp
-- Up-to-date: /home/mo/Thesis/install/kr_msgs/include/kr_msgs/srv/detail/get_program_state__traits.hpp
-- Up-to-date: /home/mo/Thesis/install/kr_msgs/include/kr_msgs/srv/detail/move_linear__struct.hpp
-- Up-to-date: /home/mo/Thesis/install/kr_msgs/include/kr_msgs/srv/detail/get_master_speed__struct.hpp
-- Up-to-date: /home/mo/Thesis/install/kr_msgs/include/kr_msgs/srv/detail/resume_program__struct.hpp
-- Up-to-date: /home/mo/Thesis/install/kr_msgs/include/kr_msgs/srv/detail/suspend_robot__builder.hpp
-- Up-to-date: /home/mo/Thesis/install/kr_msgs/include/kr_msgs/srv/detail/program_recovery__builder.hpp
-- Up-to-date: /home/mo/Thesis/install/kr_msgs/include/kr_msgs/srv/detail/get_system_frame__builder.hpp
-- Up-to-date: /home/mo/Thesis/install/kr_msgs/include/kr_msgs/srv/detail/get_robot_mode__builder.hpp
-- Up-to-date: /home/mo/Thesis/install/kr_msgs/include/kr_msgs/srv/detail/unsuspend_robot__type_support.hpp
-- Up-to-date: /home/mo/Thesis/install/kr_msgs/include/kr_msgs/srv/detail/config_analog_output__struct.hpp
-- Up-to-date: /home/mo/Thesis/install/kr_msgs/include/kr_msgs/srv/detail/unlock_robot__builder.hpp
-- Up-to-date: /home/mo/Thesis/install/kr_msgs/include/kr_msgs/srv/detail/get_robot_state__traits.hpp
-- Up-to-date: /home/mo/Thesis/install/kr_msgs/include/kr_msgs/srv/detail/set_system_frame__struct.hpp
-- Up-to-date: /home/mo/Thesis/install/kr_msgs/include/kr_msgs/srv/detail/get_discrete_input__struct.hpp
-- Up-to-date: /home/mo/Thesis/install/kr_msgs/include/kr_msgs/srv/detail/move_linear__traits.hpp
-- Up-to-date: /home/mo/Thesis/install/kr_msgs/include/kr_msgs/srv/detail/pause_motion__struct.hpp
-- Up-to-date: /home/mo/Thesis/install/kr_msgs/include/kr_msgs/srv/detail/get_robot_mode__type_support.hpp
-- Up-to-date: /home/mo/Thesis/install/kr_msgs/include/kr_msgs/srv/detail/step_program__builder.hpp
-- Up-to-date: /home/mo/Thesis/install/kr_msgs/include/kr_msgs/srv/detail/get_discrete_input__builder.hpp
-- Up-to-date: /home/mo/Thesis/install/kr_msgs/include/kr_msgs/srv/detail/get_safety_mode__struct.hpp
-- Up-to-date: /home/mo/Thesis/install/kr_msgs/include/kr_msgs/srv/detail/get_system_load__type_support.hpp
-- Up-to-date: /home/mo/Thesis/install/kr_msgs/include/kr_msgs/srv/detail/move_linear__builder.hpp
-- Up-to-date: /home/mo/Thesis/install/kr_msgs/include/kr_msgs/srv/detail/get_robot_mode__struct.hpp
-- Up-to-date: /home/mo/Thesis/install/kr_msgs/include/kr_msgs/srv/detail/get_analog_input__struct.hpp
-- Up-to-date: /home/mo/Thesis/install/kr_msgs/include/kr_msgs/srv/detail/stop_program__builder.hpp
-- Up-to-date: /home/mo/Thesis/install/kr_msgs/include/kr_msgs/srv/detail/set_interactivity__builder.hpp
-- Up-to-date: /home/mo/Thesis/install/kr_msgs/include/kr_msgs/srv/detail/get_master_speed__builder.hpp
-- Up-to-date: /home/mo/Thesis/install/kr_msgs/include/kr_msgs/srv/detail/pause_motion__traits.hpp
-- Up-to-date: /home/mo/Thesis/install/kr_msgs/include/kr_msgs/srv/detail/resume_program__type_support.hpp
-- Up-to-date: /home/mo/Thesis/install/kr_msgs/include/kr_msgs/srv/detail/pause_motion__builder.hpp
-- Up-to-date: /home/mo/Thesis/install/kr_msgs/include/kr_msgs/srv/detail/set_analog_output__type_support.hpp
-- Up-to-date: /home/mo/Thesis/install/kr_msgs/include/kr_msgs/srv/detail/set_custom_frame__traits.hpp
-- Up-to-date: /home/mo/Thesis/install/kr_msgs/include/kr_msgs/srv/detail/get_system_frame__traits.hpp
-- Up-to-date: /home/mo/Thesis/install/kr_msgs/include/kr_msgs/srv/detail/get_robot_pose__type_support.hpp
-- Up-to-date: /home/mo/Thesis/install/kr_msgs/include/kr_msgs/srv/detail/get_system_load__builder.hpp
-- Up-to-date: /home/mo/Thesis/install/kr_msgs/include/kr_msgs/srv/detail/get_system_frame__type_support.hpp
-- Up-to-date: /home/mo/Thesis/install/kr_msgs/include/kr_msgs/srv/detail/set_system_frame__traits.hpp
-- Up-to-date: /home/mo/Thesis/install/kr_msgs/include/kr_msgs/srv/detail/log_alarm__traits.hpp
-- Up-to-date: /home/mo/Thesis/install/kr_msgs/include/kr_msgs/srv/detail/set_system_load__traits.hpp
-- Up-to-date: /home/mo/Thesis/install/kr_msgs/include/kr_msgs/srv/detail/select_jogging_frame__type_support.hpp
-- Up-to-date: /home/mo/Thesis/install/kr_msgs/include/kr_msgs/srv/detail/get_system_frame__struct.hpp
-- Up-to-date: /home/mo/Thesis/install/kr_msgs/include/kr_msgs/srv/detail/set_system_frame__type_support.hpp
-- Up-to-date: /home/mo/Thesis/install/kr_msgs/include/kr_msgs/srv/detail/stop_program__type_support.hpp
-- Up-to-date: /home/mo/Thesis/install/kr_msgs/include/kr_msgs/srv/detail/get_robot_pose__builder.hpp
-- Up-to-date: /home/mo/Thesis/install/kr_msgs/include/kr_msgs/srv/detail/log_alarm__builder.hpp
-- Up-to-date: /home/mo/Thesis/install/kr_msgs/include/kr_msgs/srv/detail/move_joint__struct.hpp
-- Up-to-date: /home/mo/Thesis/install/kr_msgs/include/kr_msgs/srv/detail/suspend_robot__type_support.hpp
-- Up-to-date: /home/mo/Thesis/install/kr_msgs/include/kr_msgs/srv/detail/unsuspend_robot__struct.hpp
-- Up-to-date: /home/mo/Thesis/install/kr_msgs/include/kr_msgs/srv/detail/resume_motion__builder.hpp
-- Up-to-date: /home/mo/Thesis/install/kr_msgs/include/kr_msgs/srv/detail/config_discrete_output__builder.hpp
-- Up-to-date: /home/mo/Thesis/install/kr_msgs/include/kr_msgs/srv/detail/pause_program__traits.hpp
-- Up-to-date: /home/mo/Thesis/install/kr_msgs/include/kr_msgs/srv/detail/config_discrete_output__struct.hpp
-- Up-to-date: /home/mo/Thesis/install/kr_msgs/include/kr_msgs/srv/detail/get_master_speed__traits.hpp
-- Up-to-date: /home/mo/Thesis/install/kr_msgs/include/kr_msgs/srv/detail/set_custom_frame__builder.hpp
-- Up-to-date: /home/mo/Thesis/install/kr_msgs/include/kr_msgs/srv/detail/suspend_robot__struct.hpp
-- Up-to-date: /home/mo/Thesis/install/kr_msgs/include/kr_msgs/srv/detail/stop_program__struct.hpp
-- Up-to-date: /home/mo/Thesis/install/kr_msgs/include/kr_msgs/srv/detail/pause_motion__type_support.hpp
-- Up-to-date: /home/mo/Thesis/install/kr_msgs/include/kr_msgs/srv/detail/move_spline__struct.hpp
-- Up-to-date: /home/mo/Thesis/install/kr_msgs/include/kr_msgs/srv/detail/set_system_load__builder.hpp
-- Up-to-date: /home/mo/Thesis/install/kr_msgs/include/kr_msgs/srv/detail/select_jogging_frame__builder.hpp
-- Up-to-date: /home/mo/Thesis/install/kr_msgs/include/kr_msgs/srv/detail/move_joint__traits.hpp
-- Up-to-date: /home/mo/Thesis/install/kr_msgs/include/kr_msgs/srv/detail/set_system_load__type_support.hpp
-- Up-to-date: /home/mo/Thesis/install/kr_msgs/include/kr_msgs/srv/detail/get_robot_pose__struct.hpp
-- Up-to-date: /home/mo/Thesis/install/kr_msgs/include/kr_msgs/srv/detail/get_system_load__struct.hpp
-- Up-to-date: /home/mo/Thesis/install/kr_msgs/include/kr_msgs/srv/detail/terminate_motion__type_support.hpp
-- Up-to-date: /home/mo/Thesis/install/kr_msgs/include/kr_msgs/srv/detail/log_alarm__type_support.hpp
-- Up-to-date: /home/mo/Thesis/install/kr_msgs/include/kr_msgs/srv/detail/get_discrete_input__type_support.hpp
-- Up-to-date: /home/mo/Thesis/install/kr_msgs/include/kr_msgs/srv/detail/set_discrete_output__struct.hpp
-- Up-to-date: /home/mo/Thesis/install/kr_msgs/include/kr_msgs/srv/detail/set_custom_frame__type_support.hpp
-- Up-to-date: /home/mo/Thesis/install/kr_msgs/include/kr_msgs/srv/detail/resume_program__builder.hpp
-- Up-to-date: /home/mo/Thesis/install/kr_msgs/include/kr_msgs/srv/detail/set_custom_frame__struct.hpp
-- Up-to-date: /home/mo/Thesis/install/kr_msgs/include/kr_msgs/srv/detail/move_joint__type_support.hpp
-- Up-to-date: /home/mo/Thesis/install/kr_msgs/include/kr_msgs/srv/detail/get_safety_zones__builder.hpp
-- Up-to-date: /home/mo/Thesis/install/kr_msgs/include/kr_msgs/srv/detail/get_analog_input__type_support.hpp
-- Up-to-date: /home/mo/Thesis/install/kr_msgs/include/kr_msgs/srv/detail/pause_program__type_support.hpp
-- Up-to-date: /home/mo/Thesis/install/kr_msgs/include/kr_msgs/srv/detail/program_recovery__type_support.hpp
-- Up-to-date: /home/mo/Thesis/install/kr_msgs/include/kr_msgs/srv/detail/get_safety_zones__traits.hpp
-- Up-to-date: /home/mo/Thesis/install/kr_msgs/include/kr_msgs/srv/detail/get_safety_zones__struct.hpp
-- Up-to-date: /home/mo/Thesis/install/kr_msgs/include/kr_msgs/srv/detail/set_analog_output__struct.hpp
-- Up-to-date: /home/mo/Thesis/install/kr_msgs/include/kr_msgs/srv/detail/config_discrete_output__type_support.hpp
-- Up-to-date: /home/mo/Thesis/install/kr_msgs/include/kr_msgs/srv/detail/pause_program__builder.hpp
-- Up-to-date: /home/mo/Thesis/install/kr_msgs/include/kr_msgs/srv/detail/step_program__struct.hpp
-- Up-to-date: /home/mo/Thesis/install/kr_msgs/include/kr_msgs/srv/detail/set_system_frame__builder.hpp
-- Up-to-date: /home/mo/Thesis/install/kr_msgs/include/kr_msgs/srv/detail/get_robot_state__struct.hpp
-- Up-to-date: /home/mo/Thesis/install/kr_msgs/include/kr_msgs/srv/detail/unsuspend_robot__builder.hpp
-- Up-to-date: /home/mo/Thesis/install/kr_msgs/include/kr_msgs/srv/detail/move_spline__traits.hpp
-- Up-to-date: /home/mo/Thesis/install/kr_msgs/include/kr_msgs/srv/detail/set_interactivity__type_support.hpp
-- Up-to-date: /home/mo/Thesis/install/kr_msgs/include/kr_msgs/srv/detail/get_analog_input__builder.hpp
-- Up-to-date: /home/mo/Thesis/install/kr_msgs/include/kr_msgs/srv/detail/unlock_robot__traits.hpp
-- Up-to-date: /home/mo/Thesis/install/kr_msgs/include/kr_msgs/srv/detail/get_safety_mode__traits.hpp
-- Up-to-date: /home/mo/Thesis/install/kr_msgs/include/kr_msgs/srv/detail/get_safety_zones__type_support.hpp
-- Up-to-date: /home/mo/Thesis/install/kr_msgs/include/kr_msgs/srv/detail/config_analog_output__builder.hpp
-- Up-to-date: /home/mo/Thesis/install/kr_msgs/include/kr_msgs/srv/detail/step_program__type_support.hpp
-- Up-to-date: /home/mo/Thesis/install/kr_msgs/include/kr_msgs/srv/detail/set_discrete_output__type_support.hpp
-- Up-to-date: /home/mo/Thesis/install/kr_msgs/include/kr_msgs/srv/detail/unlock_robot__struct.hpp
-- Up-to-date: /home/mo/Thesis/install/kr_msgs/include/kr_msgs/srv/detail/program_recovery__struct.hpp
-- Up-to-date: /home/mo/Thesis/install/kr_msgs/include/kr_msgs/srv/detail/get_safety_mode__builder.hpp
-- Up-to-date: /home/mo/Thesis/install/kr_msgs/include/kr_msgs/srv/detail/resume_program__traits.hpp
-- Up-to-date: /home/mo/Thesis/install/kr_msgs/include/kr_msgs/srv/detail/unlock_robot__type_support.hpp
-- Up-to-date: /home/mo/Thesis/install/kr_msgs/include/kr_msgs/srv/detail/get_program_state__type_support.hpp
-- Up-to-date: /home/mo/Thesis/install/kr_msgs/include/kr_msgs/srv/detail/set_system_load__struct.hpp
-- Up-to-date: /home/mo/Thesis/install/kr_msgs/include/kr_msgs/srv/detail/pause_program__struct.hpp
-- Up-to-date: /home/mo/Thesis/install/kr_msgs/include/kr_msgs/srv/detail/get_program_state__builder.hpp
-- Up-to-date: /home/mo/Thesis/install/kr_msgs/include/kr_msgs/srv/detail/select_jogging_frame__struct.hpp
-- Up-to-date: /home/mo/Thesis/install/kr_msgs/include/kr_msgs/srv/detail/unsuspend_robot__traits.hpp
-- Up-to-date: /home/mo/Thesis/install/kr_msgs/include/kr_msgs/srv/detail/terminate_motion__struct.hpp
-- Up-to-date: /home/mo/Thesis/install/kr_msgs/include/kr_msgs/srv/detail/config_analog_output__type_support.hpp
-- Up-to-date: /home/mo/Thesis/install/kr_msgs/include/kr_msgs/srv/detail/resume_motion__traits.hpp
-- Up-to-date: /home/mo/Thesis/install/kr_msgs/include/kr_msgs/srv/detail/terminate_motion__builder.hpp
-- Up-to-date: /home/mo/Thesis/install/kr_msgs/include/kr_msgs/srv/detail/config_quadrature_input__type_support.hpp
-- Up-to-date: /home/mo/Thesis/install/kr_msgs/include/kr_msgs/srv/detail/config_discrete_output__traits.hpp
-- Up-to-date: /home/mo/Thesis/install/kr_msgs/include/kr_msgs/srv/detail/terminate_motion__traits.hpp
-- Up-to-date: /home/mo/Thesis/install/kr_msgs/include/kr_msgs/srv/detail/set_analog_output__builder.hpp
-- Up-to-date: /home/mo/Thesis/install/kr_msgs/include/kr_msgs/srv/detail/resume_motion__type_support.hpp
-- Up-to-date: /home/mo/Thesis/install/kr_msgs/include/kr_msgs/srv/detail/get_quadrature_input__builder.hpp
-- Up-to-date: /home/mo/Thesis/install/kr_msgs/include/kr_msgs/srv/detail/get_quadrature_input__type_support.hpp
-- Up-to-date: /home/mo/Thesis/install/kr_msgs/include/kr_msgs/srv/detail/get_robot_state__type_support.hpp
-- Up-to-date: /home/mo/Thesis/install/kr_msgs/include/kr_msgs/srv/detail/stop_program__traits.hpp
-- Up-to-date: /home/mo/Thesis/install/kr_msgs/include/kr_msgs/srv/detail/set_discrete_output__builder.hpp
-- Up-to-date: /home/mo/Thesis/install/kr_msgs/include/kr_msgs/srv/detail/set_analog_output__traits.hpp
-- Up-to-date: /home/mo/Thesis/install/kr_msgs/include/kr_msgs/srv/detail/select_jogging_frame__traits.hpp
-- Up-to-date: /home/mo/Thesis/install/kr_msgs/include/kr_msgs/srv/detail/get_master_speed__type_support.hpp
-- Up-to-date: /home/mo/Thesis/install/kr_msgs/include/kr_msgs/srv/detail/config_quadrature_input__builder.hpp
-- Up-to-date: /home/mo/Thesis/install/kr_msgs/include/kr_msgs/srv/detail/config_quadrature_input__struct.hpp
-- Up-to-date: /home/mo/Thesis/install/kr_msgs/include/kr_msgs/srv/detail/config_analog_output__traits.hpp
-- Up-to-date: /home/mo/Thesis/install/kr_msgs/include/kr_msgs/srv/get_system_frame.hpp
-- Up-to-date: /home/mo/Thesis/install/kr_msgs/include/kr_msgs/srv/get_master_speed.hpp
-- Up-to-date: /home/mo/Thesis/install/kr_msgs/include/kr_msgs/srv/log_alarm.hpp
-- Up-to-date: /home/mo/Thesis/install/kr_msgs/include/kr_msgs/srv/unlock_robot.hpp
-- Up-to-date: /home/mo/Thesis/install/kr_msgs/include/kr_msgs/srv/move_joint.hpp
-- Up-to-date: /home/mo/Thesis/install/kr_msgs/include/kr_msgs/srv/step_program.hpp
-- Up-to-date: /home/mo/Thesis/install/kr_msgs/include/kr_msgs/srv/config_quadrature_input.hpp
-- Up-to-date: /home/mo/Thesis/install/kr_msgs/include/kr_msgs/srv/set_interactivity.hpp
-- Up-to-date: /home/mo/Thesis/install/kr_msgs/include/kr_msgs/srv/stop_program.hpp
-- Up-to-date: /home/mo/Thesis/install/kr_msgs/include/kr_msgs/srv/pause_program.hpp
-- Up-to-date: /home/mo/Thesis/install/kr_msgs/include/kr_msgs/srv/set_system_frame.hpp
-- Up-to-date: /home/mo/Thesis/install/kr_msgs/include/kr_msgs/srv/get_discrete_input.hpp
-- Up-to-date: /home/mo/Thesis/install/kr_msgs/include/kr_msgs/srv/select_jogging_frame.hpp
-- Up-to-date: /home/mo/Thesis/install/kr_msgs/include/kr_msgs/srv/get_analog_input.hpp
-- Up-to-date: /home/mo/Thesis/install/kr_msgs/include/kr_msgs/srv/suspend_robot.hpp
-- Up-to-date: /home/mo/Thesis/install/kr_msgs/include/kr_msgs/msg
-- Up-to-date: /home/mo/Thesis/install/kr_msgs/include/kr_msgs/msg/robot_mode.hpp
-- Up-to-date: /home/mo/Thesis/install/kr_msgs/include/kr_msgs/msg/safety_mode.hpp
-- Up-to-date: /home/mo/Thesis/install/kr_msgs/include/kr_msgs/msg/safety_event.hpp
-- Up-to-date: /home/mo/Thesis/install/kr_msgs/include/kr_msgs/msg/rosidl_generator_cpp__visibility_control.hpp
-- Up-to-date: /home/mo/Thesis/install/kr_msgs/include/kr_msgs/msg/follow_joint.hpp
-- Up-to-date: /home/mo/Thesis/install/kr_msgs/include/kr_msgs/msg/safety_zone.hpp
-- Up-to-date: /home/mo/Thesis/install/kr_msgs/include/kr_msgs/msg/robot_pose.hpp
-- Up-to-date: /home/mo/Thesis/install/kr_msgs/include/kr_msgs/msg/detail
-- Up-to-date: /home/mo/Thesis/install/kr_msgs/include/kr_msgs/msg/detail/geometry_plane__type_support.hpp
-- Up-to-date: /home/mo/Thesis/install/kr_msgs/include/kr_msgs/msg/detail/safety_event__traits.hpp
-- Up-to-date: /home/mo/Thesis/install/kr_msgs/include/kr_msgs/msg/detail/motion_heartbeat__traits.hpp
-- Up-to-date: /home/mo/Thesis/install/kr_msgs/include/kr_msgs/msg/detail/system_state__traits.hpp
-- Up-to-date: /home/mo/Thesis/install/kr_msgs/include/kr_msgs/msg/detail/safety_event__type_support.hpp
-- Up-to-date: /home/mo/Thesis/install/kr_msgs/include/kr_msgs/msg/detail/jog_joint__type_support.hpp
-- Up-to-date: /home/mo/Thesis/install/kr_msgs/include/kr_msgs/msg/detail/motion_heartbeat__type_support.hpp
-- Up-to-date: /home/mo/Thesis/install/kr_msgs/include/kr_msgs/msg/detail/number__struct.hpp
-- Up-to-date: /home/mo/Thesis/install/kr_msgs/include/kr_msgs/msg/detail/robot_mode__traits.hpp
-- Up-to-date: /home/mo/Thesis/install/kr_msgs/include/kr_msgs/msg/detail/follow_linear__traits.hpp
-- Up-to-date: /home/mo/Thesis/install/kr_msgs/include/kr_msgs/msg/detail/safety_zone__type_support.hpp
-- Up-to-date: /home/mo/Thesis/install/kr_msgs/include/kr_msgs/msg/detail/quadrature__type_support.hpp
-- Up-to-date: /home/mo/Thesis/install/kr_msgs/include/kr_msgs/msg/detail/robot_pose__builder.hpp
-- Up-to-date: /home/mo/Thesis/install/kr_msgs/include/kr_msgs/msg/detail/geometry_plane__struct.hpp
-- Up-to-date: /home/mo/Thesis/install/kr_msgs/include/kr_msgs/msg/detail/system_state__struct.hpp
-- Up-to-date: /home/mo/Thesis/install/kr_msgs/include/kr_msgs/msg/detail/robot_mode__builder.hpp
-- Up-to-date: /home/mo/Thesis/install/kr_msgs/include/kr_msgs/msg/detail/robot_mode__type_support.hpp
-- Up-to-date: /home/mo/Thesis/install/kr_msgs/include/kr_msgs/msg/detail/robot_state__traits.hpp
-- Up-to-date: /home/mo/Thesis/install/kr_msgs/include/kr_msgs/msg/detail/number__builder.hpp
-- Up-to-date: /home/mo/Thesis/install/kr_msgs/include/kr_msgs/msg/detail/program_interact__builder.hpp
-- Up-to-date: /home/mo/Thesis/install/kr_msgs/include/kr_msgs/msg/detail/jog_joint__traits.hpp
-- Up-to-date: /home/mo/Thesis/install/kr_msgs/include/kr_msgs/msg/detail/follow_linear__struct.hpp
-- Up-to-date: /home/mo/Thesis/install/kr_msgs/include/kr_msgs/msg/detail/follow_linear__type_support.hpp
-- Up-to-date: /home/mo/Thesis/install/kr_msgs/include/kr_msgs/msg/detail/self_motion__traits.hpp
-- Up-to-date: /home/mo/Thesis/install/kr_msgs/include/kr_msgs/msg/detail/motion_heartbeat__struct.hpp
-- Up-to-date: /home/mo/Thesis/install/kr_msgs/include/kr_msgs/msg/detail/jog_linear__struct.hpp
-- Up-to-date: /home/mo/Thesis/install/kr_msgs/include/kr_msgs/msg/detail/number__traits.hpp
-- Up-to-date: /home/mo/Thesis/install/kr_msgs/include/kr_msgs/msg/detail/safety_mode__struct.hpp
-- Up-to-date: /home/mo/Thesis/install/kr_msgs/include/kr_msgs/msg/detail/jog_linear__builder.hpp
-- Up-to-date: /home/mo/Thesis/install/kr_msgs/include/kr_msgs/msg/detail/self_motion__type_support.hpp
-- Up-to-date: /home/mo/Thesis/install/kr_msgs/include/kr_msgs/msg/detail/system_state__type_support.hpp
-- Up-to-date: /home/mo/Thesis/install/kr_msgs/include/kr_msgs/msg/detail/program_interact__struct.hpp
-- Up-to-date: /home/mo/Thesis/install/kr_msgs/include/kr_msgs/msg/detail/follow_linear__builder.hpp
-- Up-to-date: /home/mo/Thesis/install/kr_msgs/include/kr_msgs/msg/detail/program_interact__type_support.hpp
-- Up-to-date: /home/mo/Thesis/install/kr_msgs/include/kr_msgs/msg/detail/jog_joint__builder.hpp
-- Up-to-date: /home/mo/Thesis/install/kr_msgs/include/kr_msgs/msg/detail/robot_state__type_support.hpp
-- Up-to-date: /home/mo/Thesis/install/kr_msgs/include/kr_msgs/msg/detail/robot_pose__traits.hpp
-- Up-to-date: /home/mo/Thesis/install/kr_msgs/include/kr_msgs/msg/detail/self_motion__builder.hpp
-- Up-to-date: /home/mo/Thesis/install/kr_msgs/include/kr_msgs/msg/detail/robot_state__builder.hpp
-- Up-to-date: /home/mo/Thesis/install/kr_msgs/include/kr_msgs/msg/detail/geometry_plane__builder.hpp
-- Up-to-date: /home/mo/Thesis/install/kr_msgs/include/kr_msgs/msg/detail/follow_joint__traits.hpp
-- Up-to-date: /home/mo/Thesis/install/kr_msgs/include/kr_msgs/msg/detail/geometry_plane__traits.hpp
-- Up-to-date: /home/mo/Thesis/install/kr_msgs/include/kr_msgs/msg/detail/robot_mode__struct.hpp
-- Up-to-date: /home/mo/Thesis/install/kr_msgs/include/kr_msgs/msg/detail/quadrature__struct.hpp
-- Up-to-date: /home/mo/Thesis/install/kr_msgs/include/kr_msgs/msg/detail/jog_linear__traits.hpp
-- Up-to-date: /home/mo/Thesis/install/kr_msgs/include/kr_msgs/msg/detail/follow_joint__struct.hpp
-- Up-to-date: /home/mo/Thesis/install/kr_msgs/include/kr_msgs/msg/detail/safety_zone__builder.hpp
-- Up-to-date: /home/mo/Thesis/install/kr_msgs/include/kr_msgs/msg/detail/jog_joint__struct.hpp
-- Up-to-date: /home/mo/Thesis/install/kr_msgs/include/kr_msgs/msg/detail/safety_mode__builder.hpp
-- Up-to-date: /home/mo/Thesis/install/kr_msgs/include/kr_msgs/msg/detail/program_interact__traits.hpp
-- Up-to-date: /home/mo/Thesis/install/kr_msgs/include/kr_msgs/msg/detail/robot_pose__type_support.hpp
-- Up-to-date: /home/mo/Thesis/install/kr_msgs/include/kr_msgs/msg/detail/number__type_support.hpp
-- Up-to-date: /home/mo/Thesis/install/kr_msgs/include/kr_msgs/msg/detail/safety_zone__traits.hpp
-- Up-to-date: /home/mo/Thesis/install/kr_msgs/include/kr_msgs/msg/detail/self_motion__struct.hpp
-- Up-to-date: /home/mo/Thesis/install/kr_msgs/include/kr_msgs/msg/detail/system_state__builder.hpp
-- Up-to-date: /home/mo/Thesis/install/kr_msgs/include/kr_msgs/msg/detail/quadrature__traits.hpp
-- Up-to-date: /home/mo/Thesis/install/kr_msgs/include/kr_msgs/msg/detail/robot_pose__struct.hpp
-- Up-to-date: /home/mo/Thesis/install/kr_msgs/include/kr_msgs/msg/detail/safety_zone__struct.hpp
-- Up-to-date: /home/mo/Thesis/install/kr_msgs/include/kr_msgs/msg/detail/safety_event__struct.hpp
-- Up-to-date: /home/mo/Thesis/install/kr_msgs/include/kr_msgs/msg/detail/follow_joint__builder.hpp
-- Up-to-date: /home/mo/Thesis/install/kr_msgs/include/kr_msgs/msg/detail/follow_joint__type_support.hpp
-- Up-to-date: /home/mo/Thesis/install/kr_msgs/include/kr_msgs/msg/detail/safety_mode__traits.hpp
-- Up-to-date: /home/mo/Thesis/install/kr_msgs/include/kr_msgs/msg/detail/quadrature__builder.hpp
-- Up-to-date: /home/mo/Thesis/install/kr_msgs/include/kr_msgs/msg/detail/motion_heartbeat__builder.hpp
-- Up-to-date: /home/mo/Thesis/install/kr_msgs/include/kr_msgs/msg/detail/robot_state__struct.hpp
-- Up-to-date: /home/mo/Thesis/install/kr_msgs/include/kr_msgs/msg/detail/safety_event__builder.hpp
-- Up-to-date: /home/mo/Thesis/install/kr_msgs/include/kr_msgs/msg/detail/jog_linear__type_support.hpp
-- Up-to-date: /home/mo/Thesis/install/kr_msgs/include/kr_msgs/msg/detail/safety_mode__type_support.hpp
-- Up-to-date: /home/mo/Thesis/install/kr_msgs/include/kr_msgs/msg/jog_linear.hpp
-- Up-to-date: /home/mo/Thesis/install/kr_msgs/include/kr_msgs/msg/motion_heartbeat.hpp
-- Up-to-date: /home/mo/Thesis/install/kr_msgs/include/kr_msgs/msg/follow_linear.hpp
-- Up-to-date: /home/mo/Thesis/install/kr_msgs/include/kr_msgs/msg/quadrature.hpp
-- Up-to-date: /home/mo/Thesis/install/kr_msgs/include/kr_msgs/msg/system_state.hpp
-- Up-to-date: /home/mo/Thesis/install/kr_msgs/include/kr_msgs/msg/jog_joint.hpp
-- Up-to-date: /home/mo/Thesis/install/kr_msgs/include/kr_msgs/msg/number.hpp
-- Up-to-date: /home/mo/Thesis/install/kr_msgs/include/kr_msgs/msg/program_interact.hpp
-- Up-to-date: /home/mo/Thesis/install/kr_msgs/include/kr_msgs/msg/robot_state.hpp
-- Up-to-date: /home/mo/Thesis/install/kr_msgs/include/kr_msgs/msg/self_motion.hpp
-- Up-to-date: /home/mo/Thesis/install/kr_msgs/include/kr_msgs/msg/geometry_plane.hpp
-- Up-to-date: /home/mo/Thesis/install/kr_msgs/include/kr_msgs
-- Up-to-date: /home/mo/Thesis/install/kr_msgs/include/kr_msgs/srv
-- Up-to-date: /home/mo/Thesis/install/kr_msgs/include/kr_msgs/srv/detail
-- Up-to-date: /home/mo/Thesis/install/kr_msgs/include/kr_msgs/srv/detail/select_jogging_frame__rosidl_typesupport_introspection_cpp.hpp
-- Up-to-date: /home/mo/Thesis/install/kr_msgs/include/kr_msgs/srv/detail/get_discrete_input__rosidl_typesupport_introspection_cpp.hpp
-- Up-to-date: /home/mo/Thesis/install/kr_msgs/include/kr_msgs/srv/detail/step_program__rosidl_typesupport_introspection_cpp.hpp
-- Up-to-date: /home/mo/Thesis/install/kr_msgs/include/kr_msgs/srv/detail/resume_program__type_support.cpp
-- Up-to-date: /home/mo/Thesis/install/kr_msgs/include/kr_msgs/srv/detail/set_system_frame__type_support.cpp
-- Up-to-date: /home/mo/Thesis/install/kr_msgs/include/kr_msgs/srv/detail/get_master_speed__type_support.cpp
-- Up-to-date: /home/mo/Thesis/install/kr_msgs/include/kr_msgs/srv/detail/select_jogging_frame__type_support.cpp
-- Up-to-date: /home/mo/Thesis/install/kr_msgs/include/kr_msgs/srv/detail/get_program_state__rosidl_typesupport_introspection_cpp.hpp
-- Up-to-date: /home/mo/Thesis/install/kr_msgs/include/kr_msgs/srv/detail/pause_program__rosidl_typesupport_introspection_cpp.hpp
-- Up-to-date: /home/mo/Thesis/install/kr_msgs/include/kr_msgs/srv/detail/config_analog_output__type_support.cpp
-- Up-to-date: /home/mo/Thesis/install/kr_msgs/include/kr_msgs/srv/detail/get_analog_input__rosidl_typesupport_introspection_cpp.hpp
-- Up-to-date: /home/mo/Thesis/install/kr_msgs/include/kr_msgs/srv/detail/program_recovery__rosidl_typesupport_introspection_cpp.hpp
-- Up-to-date: /home/mo/Thesis/install/kr_msgs/include/kr_msgs/srv/detail/get_robot_state__type_support.cpp
-- Up-to-date: /home/mo/Thesis/install/kr_msgs/include/kr_msgs/srv/detail/suspend_robot__type_support.cpp
-- Up-to-date: /home/mo/Thesis/install/kr_msgs/include/kr_msgs/srv/detail/set_analog_output__rosidl_typesupport_introspection_cpp.hpp
-- Up-to-date: /home/mo/Thesis/install/kr_msgs/include/kr_msgs/srv/detail/move_linear__type_support.cpp
-- Up-to-date: /home/mo/Thesis/install/kr_msgs/include/kr_msgs/srv/detail/set_system_frame__rosidl_typesupport_introspection_cpp.hpp
-- Up-to-date: /home/mo/Thesis/install/kr_msgs/include/kr_msgs/srv/detail/get_safety_zones__type_support.cpp
-- Up-to-date: /home/mo/Thesis/install/kr_msgs/include/kr_msgs/srv/detail/set_custom_frame__rosidl_typesupport_introspection_cpp.hpp
-- Up-to-date: /home/mo/Thesis/install/kr_msgs/include/kr_msgs/srv/detail/get_robot_pose__rosidl_typesupport_introspection_cpp.hpp
-- Up-to-date: /home/mo/Thesis/install/kr_msgs/include/kr_msgs/srv/detail/config_discrete_output__rosidl_typesupport_introspection_cpp.hpp
-- Up-to-date: /home/mo/Thesis/install/kr_msgs/include/kr_msgs/srv/detail/move_linear__rosidl_typesupport_introspection_cpp.hpp
-- Up-to-date: /home/mo/Thesis/install/kr_msgs/include/kr_msgs/srv/detail/resume_program__rosidl_typesupport_introspection_cpp.hpp
-- Up-to-date: /home/mo/Thesis/install/kr_msgs/include/kr_msgs/srv/detail/unlock_robot__rosidl_typesupport_introspection_cpp.hpp
-- Up-to-date: /home/mo/Thesis/install/kr_msgs/include/kr_msgs/srv/detail/set_interactivity__type_support.cpp
-- Up-to-date: /home/mo/Thesis/install/kr_msgs/include/kr_msgs/srv/detail/get_quadrature_input__type_support.cpp
-- Up-to-date: /home/mo/Thesis/install/kr_msgs/include/kr_msgs/srv/detail/step_program__type_support.cpp
-- Up-to-date: /home/mo/Thesis/install/kr_msgs/include/kr_msgs/srv/detail/get_robot_pose__type_support.cpp
-- Up-to-date: /home/mo/Thesis/install/kr_msgs/include/kr_msgs/srv/detail/get_program_state__type_support.cpp
-- Up-to-date: /home/mo/Thesis/install/kr_msgs/include/kr_msgs/srv/detail/get_system_load__type_support.cpp
-- Up-to-date: /home/mo/Thesis/install/kr_msgs/include/kr_msgs/srv/detail/set_discrete_output__rosidl_typesupport_introspection_cpp.hpp
-- Up-to-date: /home/mo/Thesis/install/kr_msgs/include/kr_msgs/srv/detail/config_analog_output__rosidl_typesupport_introspection_cpp.hpp
-- Up-to-date: /home/mo/Thesis/install/kr_msgs/include/kr_msgs/srv/detail/config_quadrature_input__type_support.cpp
-- Up-to-date: /home/mo/Thesis/install/kr_msgs/include/kr_msgs/srv/detail/set_analog_output__type_support.cpp
-- Up-to-date: /home/mo/Thesis/install/kr_msgs/include/kr_msgs/srv/detail/stop_program__rosidl_typesupport_introspection_cpp.hpp
-- Up-to-date: /home/mo/Thesis/install/kr_msgs/include/kr_msgs/srv/detail/unlock_robot__type_support.cpp
-- Up-to-date: /home/mo/Thesis/install/kr_msgs/include/kr_msgs/srv/detail/get_system_frame__type_support.cpp
-- Up-to-date: /home/mo/Thesis/install/kr_msgs/include/kr_msgs/srv/detail/move_joint__rosidl_typesupport_introspection_cpp.hpp
-- Up-to-date: /home/mo/Thesis/install/kr_msgs/include/kr_msgs/srv/detail/config_quadrature_input__rosidl_typesupport_introspection_cpp.hpp
-- Up-to-date: /home/mo/Thesis/install/kr_msgs/include/kr_msgs/srv/detail/get_discrete_input__type_support.cpp
-- Up-to-date: /home/mo/Thesis/install/kr_msgs/include/kr_msgs/srv/detail/unsuspend_robot__type_support.cpp
-- Up-to-date: /home/mo/Thesis/install/kr_msgs/include/kr_msgs/srv/detail/move_spline__rosidl_typesupport_introspection_cpp.hpp
-- Up-to-date: /home/mo/Thesis/install/kr_msgs/include/kr_msgs/srv/detail/set_system_load__rosidl_typesupport_introspection_cpp.hpp
-- Up-to-date: /home/mo/Thesis/install/kr_msgs/include/kr_msgs/srv/detail/get_robot_mode__rosidl_typesupport_introspection_cpp.hpp
-- Up-to-date: /home/mo/Thesis/install/kr_msgs/include/kr_msgs/srv/detail/get_robot_mode__type_support.cpp
-- Up-to-date: /home/mo/Thesis/install/kr_msgs/include/kr_msgs/srv/detail/terminate_motion__type_support.cpp
-- Up-to-date: /home/mo/Thesis/install/kr_msgs/include/kr_msgs/srv/detail/get_quadrature_input__rosidl_typesupport_introspection_cpp.hpp
-- Up-to-date: /home/mo/Thesis/install/kr_msgs/include/kr_msgs/srv/detail/pause_motion__rosidl_typesupport_introspection_cpp.hpp
-- Up-to-date: /home/mo/Thesis/install/kr_msgs/include/kr_msgs/srv/detail/set_system_load__type_support.cpp
-- Up-to-date: /home/mo/Thesis/install/kr_msgs/include/kr_msgs/srv/detail/stop_program__type_support.cpp
-- Up-to-date: /home/mo/Thesis/install/kr_msgs/include/kr_msgs/srv/detail/get_system_load__rosidl_typesupport_introspection_cpp.hpp
-- Up-to-date: /home/mo/Thesis/install/kr_msgs/include/kr_msgs/srv/detail/resume_motion__type_support.cpp
-- Up-to-date: /home/mo/Thesis/install/kr_msgs/include/kr_msgs/srv/detail/get_safety_mode__type_support.cpp
-- Up-to-date: /home/mo/Thesis/install/kr_msgs/include/kr_msgs/srv/detail/log_alarm__rosidl_typesupport_introspection_cpp.hpp
-- Up-to-date: /home/mo/Thesis/install/kr_msgs/include/kr_msgs/srv/detail/move_joint__type_support.cpp
-- Up-to-date: /home/mo/Thesis/install/kr_msgs/include/kr_msgs/srv/detail/set_custom_frame__type_support.cpp
-- Up-to-date: /home/mo/Thesis/install/kr_msgs/include/kr_msgs/srv/detail/get_safety_zones__rosidl_typesupport_introspection_cpp.hpp
-- Up-to-date: /home/mo/Thesis/install/kr_msgs/include/kr_msgs/srv/detail/set_interactivity__rosidl_typesupport_introspection_cpp.hpp
-- Up-to-date: /home/mo/Thesis/install/kr_msgs/include/kr_msgs/srv/detail/get_analog_input__type_support.cpp
-- Up-to-date: /home/mo/Thesis/install/kr_msgs/include/kr_msgs/srv/detail/program_recovery__type_support.cpp
-- Up-to-date: /home/mo/Thesis/install/kr_msgs/include/kr_msgs/srv/detail/pause_program__type_support.cpp
-- Up-to-date: /home/mo/Thesis/install/kr_msgs/include/kr_msgs/srv/detail/move_spline__type_support.cpp
-- Up-to-date: /home/mo/Thesis/install/kr_msgs/include/kr_msgs/srv/detail/get_system_frame__rosidl_typesupport_introspection_cpp.hpp
-- Up-to-date: /home/mo/Thesis/install/kr_msgs/include/kr_msgs/srv/detail/get_robot_state__rosidl_typesupport_introspection_cpp.hpp
-- Up-to-date: /home/mo/Thesis/install/kr_msgs/include/kr_msgs/srv/detail/suspend_robot__rosidl_typesupport_introspection_cpp.hpp
-- Up-to-date: /home/mo/Thesis/install/kr_msgs/include/kr_msgs/srv/detail/config_discrete_output__type_support.cpp
-- Up-to-date: /home/mo/Thesis/install/kr_msgs/include/kr_msgs/srv/detail/terminate_motion__rosidl_typesupport_introspection_cpp.hpp
-- Up-to-date: /home/mo/Thesis/install/kr_msgs/include/kr_msgs/srv/detail/set_discrete_output__type_support.cpp
-- Up-to-date: /home/mo/Thesis/install/kr_msgs/include/kr_msgs/srv/detail/get_master_speed__rosidl_typesupport_introspection_cpp.hpp
-- Up-to-date: /home/mo/Thesis/install/kr_msgs/include/kr_msgs/srv/detail/unsuspend_robot__rosidl_typesupport_introspection_cpp.hpp
-- Up-to-date: /home/mo/Thesis/install/kr_msgs/include/kr_msgs/srv/detail/log_alarm__type_support.cpp
-- Up-to-date: /home/mo/Thesis/install/kr_msgs/include/kr_msgs/srv/detail/resume_motion__rosidl_typesupport_introspection_cpp.hpp
-- Up-to-date: /home/mo/Thesis/install/kr_msgs/include/kr_msgs/srv/detail/pause_motion__type_support.cpp
-- Up-to-date: /home/mo/Thesis/install/kr_msgs/include/kr_msgs/srv/detail/get_safety_mode__rosidl_typesupport_introspection_cpp.hpp
-- Up-to-date: /home/mo/Thesis/install/kr_msgs/include/kr_msgs/msg
-- Up-to-date: /home/mo/Thesis/install/kr_msgs/include/kr_msgs/msg/detail
-- Up-to-date: /home/mo/Thesis/install/kr_msgs/include/kr_msgs/msg/detail/safety_event__type_support.cpp
-- Up-to-date: /home/mo/Thesis/install/kr_msgs/include/kr_msgs/msg/detail/program_interact__type_support.cpp
-- Up-to-date: /home/mo/Thesis/install/kr_msgs/include/kr_msgs/msg/detail/system_state__type_support.cpp
-- Up-to-date: /home/mo/Thesis/install/kr_msgs/include/kr_msgs/msg/detail/jog_linear__rosidl_typesupport_introspection_cpp.hpp
-- Up-to-date: /home/mo/Thesis/install/kr_msgs/include/kr_msgs/msg/detail/motion_heartbeat__rosidl_typesupport_introspection_cpp.hpp
-- Up-to-date: /home/mo/Thesis/install/kr_msgs/include/kr_msgs/msg/detail/motion_heartbeat__type_support.cpp
-- Up-to-date: /home/mo/Thesis/install/kr_msgs/include/kr_msgs/msg/detail/jog_linear__type_support.cpp
-- Up-to-date: /home/mo/Thesis/install/kr_msgs/include/kr_msgs/msg/detail/system_state__rosidl_typesupport_introspection_cpp.hpp
-- Up-to-date: /home/mo/Thesis/install/kr_msgs/include/kr_msgs/msg/detail/program_interact__rosidl_typesupport_introspection_cpp.hpp
-- Up-to-date: /home/mo/Thesis/install/kr_msgs/include/kr_msgs/msg/detail/jog_joint__rosidl_typesupport_introspection_cpp.hpp
-- Up-to-date: /home/mo/Thesis/install/kr_msgs/include/kr_msgs/msg/detail/robot_mode__type_support.cpp
-- Up-to-date: /home/mo/Thesis/install/kr_msgs/include/kr_msgs/msg/detail/safety_event__rosidl_typesupport_introspection_cpp.hpp
-- Up-to-date: /home/mo/Thesis/install/kr_msgs/include/kr_msgs/msg/detail/follow_joint__type_support.cpp
-- Up-to-date: /home/mo/Thesis/install/kr_msgs/include/kr_msgs/msg/detail/safety_mode__type_support.cpp
-- Up-to-date: /home/mo/Thesis/install/kr_msgs/include/kr_msgs/msg/detail/geometry_plane__type_support.cpp
-- Up-to-date: /home/mo/Thesis/install/kr_msgs/include/kr_msgs/msg/detail/safety_zone__rosidl_typesupport_introspection_cpp.hpp
-- Up-to-date: /home/mo/Thesis/install/kr_msgs/include/kr_msgs/msg/detail/jog_joint__type_support.cpp
-- Up-to-date: /home/mo/Thesis/install/kr_msgs/include/kr_msgs/msg/detail/geometry_plane__rosidl_typesupport_introspection_cpp.hpp
-- Up-to-date: /home/mo/Thesis/install/kr_msgs/include/kr_msgs/msg/detail/safety_mode__rosidl_typesupport_introspection_cpp.hpp
-- Up-to-date: /home/mo/Thesis/install/kr_msgs/include/kr_msgs/msg/detail/robot_pose__rosidl_typesupport_introspection_cpp.hpp
-- Up-to-date: /home/mo/Thesis/install/kr_msgs/include/kr_msgs/msg/detail/number__rosidl_typesupport_introspection_cpp.hpp
-- Up-to-date: /home/mo/Thesis/install/kr_msgs/include/kr_msgs/msg/detail/robot_state__rosidl_typesupport_introspection_cpp.hpp
-- Up-to-date: /home/mo/Thesis/install/kr_msgs/include/kr_msgs/msg/detail/robot_state__type_support.cpp
-- Up-to-date: /home/mo/Thesis/install/kr_msgs/include/kr_msgs/msg/detail/quadrature__rosidl_typesupport_introspection_cpp.hpp
-- Up-to-date: /home/mo/Thesis/install/kr_msgs/include/kr_msgs/msg/detail/safety_zone__type_support.cpp
-- Up-to-date: /home/mo/Thesis/install/kr_msgs/include/kr_msgs/msg/detail/follow_joint__rosidl_typesupport_introspection_cpp.hpp
-- Up-to-date: /home/mo/Thesis/install/kr_msgs/include/kr_msgs/msg/detail/number__type_support.cpp
-- Up-to-date: /home/mo/Thesis/install/kr_msgs/include/kr_msgs/msg/detail/robot_pose__type_support.cpp
-- Up-to-date: /home/mo/Thesis/install/kr_msgs/include/kr_msgs/msg/detail/quadrature__type_support.cpp
-- Up-to-date: /home/mo/Thesis/install/kr_msgs/include/kr_msgs/msg/detail/follow_linear__type_support.cpp
-- Up-to-date: /home/mo/Thesis/install/kr_msgs/include/kr_msgs/msg/detail/self_motion__rosidl_typesupport_introspection_cpp.hpp
-- Up-to-date: /home/mo/Thesis/install/kr_msgs/include/kr_msgs/msg/detail/follow_linear__rosidl_typesupport_introspection_cpp.hpp
-- Up-to-date: /home/mo/Thesis/install/kr_msgs/include/kr_msgs/msg/detail/robot_mode__rosidl_typesupport_introspection_cpp.hpp
-- Up-to-date: /home/mo/Thesis/install/kr_msgs/include/kr_msgs/msg/detail/self_motion__type_support.cpp
-- Up-to-date: /home/mo/Thesis/install/kr_msgs/lib/libkr_msgs__rosidl_typesupport_introspection_cpp.so
-- Up-to-date: /home/mo/Thesis/install/kr_msgs/lib/libkr_msgs__rosidl_typesupport_cpp.so
-- Up-to-date: /home/mo/Thesis/install/kr_msgs/share/kr_msgs/environment/pythonpath.sh
-- Up-to-date: /home/mo/Thesis/install/kr_msgs/share/kr_msgs/environment/pythonpath.dsv
-- Up-to-date: /home/mo/Thesis/install/kr_msgs/lib/python3.8/site-packages/kr_msgs/__init__.py
