[1.612s] Invoking command in '/home/mo/Thesis/src/sensopart_visor': PYTHONPATH=/home/mo/Thesis/build/sensopart_visor/prefix_override:/usr/lib/python3/dist-packages/colcon_core/task/python/colcon_distutils_commands:/home/mo/Thesis/install/sensopart_visor/lib/python3.8/site-packages:${PYTHONPATH} /usr/bin/python3 -W ignore:setup.py install is deprecated -W ignore:easy_install command is deprecated setup.py egg_info --egg-base ../../build/sensopart_visor build --build-base /home/mo/Thesis/build/sensopart_visor/build install --record /home/mo/Thesis/build/sensopart_visor/install.log --single-version-externally-managed install_data
[1.882s] running egg_info
[1.908s] writing ../../build/sensopart_visor/sensopart_visor.egg-info/PKG-INFO
[1.908s] writing dependency_links to ../../build/sensopart_visor/sensopart_visor.egg-info/dependency_links.txt
[1.909s] writing entry points to ../../build/sensopart_visor/sensopart_visor.egg-info/entry_points.txt
[1.909s] writing requirements to ../../build/sensopart_visor/sensopart_visor.egg-info/requires.txt
[1.909s] writing top-level names to ../../build/sensopart_visor/sensopart_visor.egg-info/top_level.txt
[2.055s] reading manifest file '../../build/sensopart_visor/sensopart_visor.egg-info/SOURCES.txt'
[2.056s] writing manifest file '../../build/sensopart_visor/sensopart_visor.egg-info/SOURCES.txt'
[2.057s] running build
[2.057s] running build_py
[2.057s] copying sensopart_visor/visor_shutdown.py -> /home/mo/Thesis/build/sensopart_visor/build/lib/sensopart_visor
[2.057s] copying sensopart_visor/visor_startup.py -> /home/mo/Thesis/build/sensopart_visor/build/lib/sensopart_visor
[2.058s] copying sensopart_visor/__init__.py -> /home/mo/Thesis/build/sensopart_visor/build/lib/sensopart_visor
[2.058s] running install
[2.063s] running install_lib
[2.089s] running install_data
[2.090s] copying resource/sensopart_visor -> /home/mo/Thesis/install/sensopart_visor/share/ament_index/resource_index/packages
[2.091s] copying package.xml -> /home/mo/Thesis/install/sensopart_visor/share/sensopart_visor
[2.091s] running install_egg_info
[2.120s] removing '/home/mo/Thesis/install/sensopart_visor/lib/python3.8/site-packages/sensopart_visor-0.0.0-py3.8.egg-info' (and everything under it)
[2.137s] Copying ../../build/sensopart_visor/sensopart_visor.egg-info to /home/mo/Thesis/install/sensopart_visor/lib/python3.8/site-packages/sensopart_visor-0.0.0-py3.8.egg-info
[2.137s] running install_scripts
[2.199s] Installing visor_shutdown script to /home/mo/Thesis/install/sensopart_visor/lib/sensopart_visor
[2.199s] Installing visor_startup script to /home/mo/Thesis/install/sensopart_visor/lib/sensopart_visor
[2.200s] writing list of installed files to '/home/mo/Thesis/build/sensopart_visor/install.log'
[2.223s] Invoked command in '/home/mo/Thesis/src/sensopart_visor' returned '0': PYTHONPATH=/home/mo/Thesis/build/sensopart_visor/prefix_override:/usr/lib/python3/dist-packages/colcon_core/task/python/colcon_distutils_commands:/home/mo/Thesis/install/sensopart_visor/lib/python3.8/site-packages:${PYTHONPATH} /usr/bin/python3 -W ignore:setup.py install is deprecated -W ignore:easy_install command is deprecated setup.py egg_info --egg-base ../../build/sensopart_visor build --build-base /home/mo/Thesis/build/sensopart_visor/build install --record /home/mo/Thesis/build/sensopart_visor/install.log --single-version-externally-managed install_data
