[0.040s] Invoking command in '/home/mo/Thesis/build/kdl_parser': CMAKE_PREFIX_PATH=${CMAKE_PREFIX_PATH}:/home/mo/Thesis/install/vision:/home/mo/Thesis/install/vcnanoz:/home/mo/Thesis/install/sensopart_visor:/home/mo/Thesis/install/robot_control:/home/mo/Thesis/install/kr_example_python:/home/mo/Thesis/install/action_servers:/opt/ros/foxy /usr/bin/cmake --build /home/mo/Thesis/build/kdl_parser -- -j16 -l16
[0.487s] [100%] Built target kdl_parser
[0.707s] Invoked command in '/home/mo/Thesis/build/kdl_parser' returned '0': CMAKE_PREFIX_PATH=${CMAKE_PREFIX_PATH}:/home/mo/Thesis/install/vision:/home/mo/Thesis/install/vcnanoz:/home/mo/Thesis/install/sensopart_visor:/home/mo/Thesis/install/robot_control:/home/mo/Thesis/install/kr_example_python:/home/mo/Thesis/install/action_servers:/opt/ros/foxy /usr/bin/cmake --build /home/mo/Thesis/build/kdl_parser -- -j16 -l16
[0.710s] Invoking command in '/home/mo/Thesis/build/kdl_parser': CMAKE_PREFIX_PATH=${CMAKE_PREFIX_PATH}:/home/mo/Thesis/install/vision:/home/mo/Thesis/install/vcnanoz:/home/mo/Thesis/install/sensopart_visor:/home/mo/Thesis/install/robot_control:/home/mo/Thesis/install/kr_example_python:/home/mo/Thesis/install/action_servers:/opt/ros/foxy /usr/bin/cmake --install /home/mo/Thesis/build/kdl_parser
[0.810s] -- Install configuration: ""
[0.811s] -- Up-to-date: /home/mo/Thesis/install/kdl_parser/lib/libkdl_parser.so
[0.814s] -- Up-to-date: /home/mo/Thesis/install/kdl_parser/include/kdl_parser
[0.814s] -- Up-to-date: /home/mo/Thesis/install/kdl_parser/include/kdl_parser/kdl_parser.hpp
[0.814s] -- Up-to-date: /home/mo/Thesis/install/kdl_parser/include/kdl_parser/visibility_control.hpp
[0.814s] -- Up-to-date: /home/mo/Thesis/install/kdl_parser/share/kdl_parser/environment/library_path.sh
[0.815s] -- Up-to-date: /home/mo/Thesis/install/kdl_parser/share/kdl_parser/environment/library_path.dsv
[0.815s] -- Up-to-date: /home/mo/Thesis/install/kdl_parser/share/ament_index/resource_index/package_run_dependencies/kdl_parser
[0.815s] -- Up-to-date: /home/mo/Thesis/install/kdl_parser/share/ament_index/resource_index/parent_prefix_path/kdl_parser
[0.815s] -- Up-to-date: /home/mo/Thesis/install/kdl_parser/share/kdl_parser/environment/ament_prefix_path.sh
[0.815s] -- Up-to-date: /home/mo/Thesis/install/kdl_parser/share/kdl_parser/environment/ament_prefix_path.dsv
[0.815s] -- Up-to-date: /home/mo/Thesis/install/kdl_parser/share/kdl_parser/environment/path.sh
[0.815s] -- Up-to-date: /home/mo/Thesis/install/kdl_parser/share/kdl_parser/environment/path.dsv
[0.815s] -- Up-to-date: /home/mo/Thesis/install/kdl_parser/share/kdl_parser/local_setup.bash
[0.815s] -- Up-to-date: /home/mo/Thesis/install/kdl_parser/share/kdl_parser/local_setup.sh
[0.815s] -- Up-to-date: /home/mo/Thesis/install/kdl_parser/share/kdl_parser/local_setup.zsh
[0.815s] -- Up-to-date: /home/mo/Thesis/install/kdl_parser/share/kdl_parser/local_setup.dsv
[0.815s] -- Installing: /home/mo/Thesis/install/kdl_parser/share/kdl_parser/package.dsv
[0.816s] -- Up-to-date: /home/mo/Thesis/install/kdl_parser/share/ament_index/resource_index/packages/kdl_parser
[0.816s] -- Up-to-date: /home/mo/Thesis/install/kdl_parser/share/kdl_parser/cmake/kdl_parserExport.cmake
[0.816s] -- Up-to-date: /home/mo/Thesis/install/kdl_parser/share/kdl_parser/cmake/kdl_parserExport-noconfig.cmake
[0.816s] -- Up-to-date: /home/mo/Thesis/install/kdl_parser/share/kdl_parser/cmake/ament_cmake_export_dependencies-extras.cmake
[0.816s] -- Up-to-date: /home/mo/Thesis/install/kdl_parser/share/kdl_parser/cmake/ament_cmake_export_include_directories-extras.cmake
[0.816s] -- Up-to-date: /home/mo/Thesis/install/kdl_parser/share/kdl_parser/cmake/ament_cmake_export_libraries-extras.cmake
[0.816s] -- Up-to-date: /home/mo/Thesis/install/kdl_parser/share/kdl_parser/cmake/ament_cmake_export_targets-extras.cmake
[0.816s] -- Up-to-date: /home/mo/Thesis/install/kdl_parser/share/kdl_parser/cmake/kdl_parserConfig.cmake
[0.817s] -- Up-to-date: /home/mo/Thesis/install/kdl_parser/share/kdl_parser/cmake/kdl_parserConfig-version.cmake
[0.817s] -- Up-to-date: /home/mo/Thesis/install/kdl_parser/share/kdl_parser/package.xml
[0.901s] Invoked command in '/home/mo/Thesis/build/kdl_parser' returned '0': CMAKE_PREFIX_PATH=${CMAKE_PREFIX_PATH}:/home/mo/Thesis/install/vision:/home/mo/Thesis/install/vcnanoz:/home/mo/Thesis/install/sensopart_visor:/home/mo/Thesis/install/robot_control:/home/mo/Thesis/install/kr_example_python:/home/mo/Thesis/install/action_servers:/opt/ros/foxy /usr/bin/cmake --install /home/mo/Thesis/build/kdl_parser
